                Time          Cycles PC       Instr    Mnemonic
            17014500           16999 1c000080 0180006f jal              x0, 24             
            17032500           17017 1c000098 f1402573 csrrs            x10, x0, 0xf14      x10=00000066
            17033500           17018 1c00009c 01f57593 andi             x11, x10, 31        x11=00000006 x10:00000066
            17050500           17035 1c0000a0 00555513 srli             x10, x10, 0x5       x10=00000003 x10:00000066
            17051500           17036 1c0000a2 00058463 beq              x11, x0, 8          x11:00000006
            17052500           17037 1c0000a6 05a0206f jal              x0, 8282           
            17070500           17055 1c002100 000702b7 lui              x5, 0x70000          x5=00070000
            17071500           17056 1c002104 1b204337 lui              x6, 0x1b204000       x6=1b204000
            17072500           17057 1c002108 00532023 sw               x5, 0(x6)            x5:00070000  x6:1b204000  PA:1b204000
            17073500           17058 1c00210c 0e059163 bne              x11, x0, 226        x11:00000006
            17125500           17110 1c0021ee 1b204937 lui              x18, 0x1b204000     x18=1b204000
            17126500           17111 1c0021f2 f14029f3 csrrs            x19, x0, 0xf14      x19=00000066
            17127500           17112 1c0021f6 01f9f993 andi             x19, x19, 31        x19=00000006 x19:00000066
            17128500           17113 1c0021fa 00000a17 auipc            x20, 0x0            x20=1c0021fa
            17147500           17132 1c0021fe 012a0a13 addi             x20, x20, 18        x20=1c00220c x20:1c0021fa
            17148500           17133 1c002202 00000a97 auipc            x21, 0x0            x21=1c002202
            17149500           17134 1c002206 00ea8a93 addi             x21, x21, 14        x21=1c002210 x21:1c002202
            17150500           17135 1c00220a 0060006f jal              x0, 6              
            17169500           17154 1c002210 08096283 p.elw            x5, 128(x18)         x5=1c00222d x18:1b204000  PA:1b204080
            18817500           18802 1c002214 08096503 p.elw            x10, 128(x18)       x10=00000400 x18:1b204000  PA:1b204080
            18836500           18821 1c002218 0012f313 andi             x6, x5, 1            x6=00000001  x5:1c00222d
            18837500           18822 1c00221c 00031563 bne              x6, x0, 10           x6:00000001
            18862500           18847 1c002226 000a80b3 add              x1, x21, x0          x1=1c002210 x21:1c002210
            18863500           18848 1c00222a 00028067 jalr             x0, x5, 0            x5:1c00222d
            18865500           18850 1c00222c 08096283 p.elw            x5, 128(x18)         x5=10cfe400 x18:1b204000  PA:1b204080
            18895500           18880 1c002230 02a98533 mul              x10, x19, x10       x10=00001800 x19:00000006 x10:00000400
            18896500           18881 1c002234 00550133 add              x2, x10, x5          x2=10cffc00 x10:00001800  x5:10cfe400
            18897500           18882 1c002238 00008067 jalr             x0, x1, 0            x1:1c002210
            18899500           18884 1c002210 08096283 p.elw            x5, 128(x18)         x5=1c0009bc x18:1b204000  PA:1b204080
            18936500           18921 1c002214 08096503 p.elw            x10, 128(x18)       x10=00000000 x18:1b204000  PA:1b204080
            18944500           18929 1c002218 0012f313 andi             x6, x5, 1            x6=00000000  x5:1c0009bc
            18945500           18930 1c00221c 00031563 bne              x6, x0, 10           x6:00000000
            18946500           18931 1c002220 000a00b3 add              x1, x20, x0          x1=1c00220c x20:1c00220c
            18947500           18932 1c002224 00028067 jalr             x0, x5, 0            x5:1c0009bc
            18965500           18950 1c0009bc f1402673 csrrs            x12, x0, 0xf14      x12=00000066
            18986500           18971 1c0009c0 1c002537 lui              x10, 0x1c002000     x10=1c002000
            18987500           18972 1c0009c4 40565593 srai             x11, x12, 0x405     x11=00000003 x12:00000066
            18988500           18973 1c0009c8 f265b5b3 p.bclr           x11, x11, 25, 6     x11=00000003 x11:00000003
            18989500           18974 1c0009cc f4563633 p.bclr           x12, x12, 26, 5     x12=00000006 x12:00000066
            18990500           18975 1c0009d0 33c50513 addi             x10, x10, 828       x10=1c00233c x10:1c002000
            18991500           18976 1c0009d4 63d0006f jal              x0, 3644           
            19020500           19005 1c001810 fc010113 addi             x2, x2, -64          x2=10cffbc0  x2:10cffc00
            19021500           19006 1c001812 02b12223 sw               x11, 36(x2)         x11:00000003  x2:10cffbc0  PA:10cffbe4
            19027500           19012 1c001814 1c0015b7 lui              x11, 0x1c001000     x11=1c001000
            19028500           19013 1c001818 02c12423 sw               x12, 40(x2)         x12:00000006  x2:10cffbc0  PA:10cffbe8
            19029500           19014 1c00181a 02d12623 sw               x13, 44(x2)         x13:00000000  x2:10cffbc0  PA:10cffbec
            19030500           19015 1c00181c 00a00633 add              x12, x0, x10        x12=1c00233c x10:1c00233c
            19031500           19016 1c00181e 02410693 addi             x13, x2, 36         x13=10cffbe4  x2:10cffbc0
            19045500           19030 1c001820 00000513 addi             x10, x0, 0          x10=00000000
            19046500           19031 1c001822 77658593 addi             x11, x11, 1910      x11=1c001776 x11:1c001000
            19047500           19032 1c001826 00112e23 sw               x1, 28(x2)           x1:1c00220c  x2:10cffbc0  PA:10cffbdc
            19054500           19039 1c001828 02e12823 sw               x14, 48(x2)         x14:00000000  x2:10cffbc0  PA:10cffbf0
            19055500           19040 1c00182a 02f12a23 sw               x15, 52(x2)         x15:00000000  x2:10cffbc0  PA:10cffbf4
            19056500           19041 1c00182c 03012c23 sw               x16, 56(x2)         x16:00000000  x2:10cffbc0  PA:10cffbf8
            19057500           19042 1c00182e 03112e23 sw               x17, 60(x2)         x17:00000000  x2:10cffbc0  PA:10cffbfc
            19072500           19057 1c001830 00d12623 sw               x13, 12(x2)         x13:10cffbe4  x2:10cffbc0  PA:10cffbcc
            19079500           19064 1c001832 33e000ef jal              x1, 830              x1=1c001834
            19092500           19077 1c001b70 fa010113 addi             x2, x2, -96          x2=10cffb60  x2:10cffbc0
            19093500           19078 1c001b72 01810793 addi             x15, x2, 24         x15=10cffb78  x2:10cffb60
            19094500           19079 1c001b74 04812c23 sw               x8, 88(x2)           x8:00000000  x2:10cffb60  PA:10cffbb8
            19099500           19084 1c001b76 05212823 sw               x18, 80(x2)         x18:1b204000  x2:10cffb60  PA:10cffbb0
            19100500           19085 1c001b78 05312623 sw               x19, 76(x2)         x19:00000006  x2:10cffb60  PA:10cffbac
            19101500           19086 1c001b7a 05412423 sw               x20, 72(x2)         x20:1c00220c  x2:10cffb60  PA:10cffba8
            19102500           19087 1c001b7c 05512223 sw               x21, 68(x2)         x21:1c002210  x2:10cffb60  PA:10cffba4
            19103500           19088 1c001b7e 05612023 sw               x22, 64(x2)         x22:00000000  x2:10cffb60  PA:10cffba0
            19115500           19100 1c001b80 03712e23 sw               x23, 60(x2)         x23:00000000  x2:10cffb60  PA:10cffb9c
            19116500           19101 1c001b82 04112e23 sw               x1, 92(x2)           x1:1c001834  x2:10cffb60  PA:10cffbbc
            19117500           19102 1c001b84 04912a23 sw               x9, 84(x2)           x9:00000000  x2:10cffb60  PA:10cffbb4
            19118500           19103 1c001b86 03812c23 sw               x24, 56(x2)         x24:00000000  x2:10cffb60  PA:10cffb98
            19119500           19104 1c001b88 03912a23 sw               x25, 52(x2)         x25:00000000  x2:10cffb60  PA:10cffb94
            19120500           19105 1c001b8a 00a00933 add              x18, x0, x10        x18=00000000 x10:00000000
            19121500           19106 1c001b8c 00b009b3 add              x19, x0, x11        x19=1c001776 x11:1c001776
            19122500           19107 1c001b8e 00d00433 add              x8, x0, x13          x8=10cffbe4 x13:10cffbe4
            19138500           19123 1c001b90 00f12a23 sw               x15, 20(x2)         x15:10cffb78  x2:10cffb60  PA:10cffb74
            19144500           19129 1c001b92 02500a13 addi             x20, x0, 37         x20=00000025
            19145500           19130 1c001b96 02d00b93 addi             x23, x0, 45         x23=0000002d
            19146500           19131 1c001b9a 00100a93 addi             x21, x0, 1          x21=00000001
            19147500           19132 1c001b9c 00500b13 addi             x22, x0, 5          x22=00000005
            19159500           19144 1c001b9e 00064583 lbu              x11, 0(x12)         x11=00000048 x12:1c00233c  PA:1c00233c
            19207500           19192 1c001ba2 00160493 addi             x9, x12, 1           x9=1c00233d x12:1c00233c
            19208500           19193 1c001ba6 00059e63 bne              x11, x0, 28         x11:00000048
            19226500           19211 1c001bc2 01458563 beq              x11, x20, 10        x11:00000048 x20:00000025
            19227500           19212 1c001bc6 01200533 add              x10, x0, x18        x10=00000000 x18:00000000
            19228500           19213 1c001bc8 000980e7 jalr             x1, x19, 0           x1=1c001bca x19:1c001776
            19255500           19240 1c001776 00b00533 add              x10, x0, x11        x10=00000048 x11:00000048
            19256500           19241 1c001778 fddff06f jal              x0, -36            
            19279500           19264 1c001754 000026b7 lui              x13, 0x2000         x13=00002000
            19280500           19265 1c001756 f14027f3 csrrs            x15, x0, 0xf14      x15=00000066
            19281500           19266 1c00175a f8068693 addi             x13, x13, -128      x13=00001f80 x13:00002000
            19301500           19286 1c00175e 00379713 slli             x14, x15, 0x3       x14=00000330 x15:00000066
            19302500           19287 1c001762 00279793 slli             x15, x15, 0x2       x15=00000198 x15:00000066
            19303500           19288 1c001764 ee873733 p.bclr           x14, x14, 23, 8     x14=00000030 x14:00000330
            19304500           19289 1c001768 00d7f7b3 and              x15, x15, x13       x15=00000180 x15:00000198 x13:00001f80
            19305500           19290 1c00176a 00e787b3 add              x15, x15, x14       x15=000001b0 x15:00000180 x14:00000030
            19306500           19291 1c00176c 1a104737 lui              x14, 0x1a104000     x14=1a104000
            19307500           19292 1c001770 00a767a3 p.sw             x10, x0(x14)        x10:00000048 x14:1a104000  PA:1a1041b0
            19311500           19296 1c001774 00008067 jalr             x0, x1, 0            x1:1c001bca
            19312500           19297 1c001bca 16a0006f jal              x0, 362            
            19331500           19316 1c001d34 00900633 add              x12, x0, x9         x12=1c00233d  x9:1c00233d
            19332500           19317 1c001d36 e69ff06f jal              x0, -408           
            19335500           19320 1c001b9e 00064583 lbu              x11, 0(x12)         x11=00000065 x12:1c00233d  PA:1c00233d
            19378500           19363 1c001ba2 00160493 addi             x9, x12, 1           x9=1c00233e x12:1c00233d
            19379500           19364 1c001ba6 00059e63 bne              x11, x0, 28         x11:00000065
            19382500           19367 1c001bc2 01458563 beq              x11, x20, 10        x11:00000065 x20:00000025
            19383500           19368 1c001bc6 01200533 add              x10, x0, x18        x10=00000000 x18:00000000
            19384500           19369 1c001bc8 000980e7 jalr             x1, x19, 0           x1=1c001bca x19:1c001776
            19386500           19371 1c001776 00b00533 add              x10, x0, x11        x10=00000065 x11:00000065
            19387500           19372 1c001778 fddff06f jal              x0, -36            
            19389500           19374 1c001754 000026b7 lui              x13, 0x2000         x13=00002000
            19390500           19375 1c001756 f14027f3 csrrs            x15, x0, 0xf14      x15=00000066
            19391500           19376 1c00175a f8068693 addi             x13, x13, -128      x13=00001f80 x13:00002000
            19392500           19377 1c00175e 00379713 slli             x14, x15, 0x3       x14=00000330 x15:00000066
            19393500           19378 1c001762 00279793 slli             x15, x15, 0x2       x15=00000198 x15:00000066
            19394500           19379 1c001764 ee873733 p.bclr           x14, x14, 23, 8     x14=00000030 x14:00000330
            19395500           19380 1c001768 00d7f7b3 and              x15, x15, x13       x15=00000180 x15:00000198 x13:00001f80
            19396500           19381 1c00176a 00e787b3 add              x15, x15, x14       x15=000001b0 x15:00000180 x14:00000030
            19397500           19382 1c00176c 1a104737 lui              x14, 0x1a104000     x14=1a104000
            19398500           19383 1c001770 00a767a3 p.sw             x10, x0(x14)        x10:00000065 x14:1a104000  PA:1a1041b0
            19402500           19387 1c001774 00008067 jalr             x0, x1, 0            x1:1c001bca
            19403500           19388 1c001bca 16a0006f jal              x0, 362            
            19405500           19390 1c001d34 00900633 add              x12, x0, x9         x12=1c00233e  x9:1c00233e
            19406500           19391 1c001d36 e69ff06f jal              x0, -408           
            19409500           19394 1c001b9e 00064583 lbu              x11, 0(x12)         x11=00000079 x12:1c00233e  PA:1c00233e
            19438500           19423 1c001ba2 00160493 addi             x9, x12, 1           x9=1c00233f x12:1c00233e
            19439500           19424 1c001ba6 00059e63 bne              x11, x0, 28         x11:00000079
            19442500           19427 1c001bc2 01458563 beq              x11, x20, 10        x11:00000079 x20:00000025
            19443500           19428 1c001bc6 01200533 add              x10, x0, x18        x10=00000000 x18:00000000
            19444500           19429 1c001bc8 000980e7 jalr             x1, x19, 0           x1=1c001bca x19:1c001776
            19446500           19431 1c001776 00b00533 add              x10, x0, x11        x10=00000079 x11:00000079
            19447500           19432 1c001778 fddff06f jal              x0, -36            
            19449500           19434 1c001754 000026b7 lui              x13, 0x2000         x13=00002000
            19450500           19435 1c001756 f14027f3 csrrs            x15, x0, 0xf14      x15=00000066
            19451500           19436 1c00175a f8068693 addi             x13, x13, -128      x13=00001f80 x13:00002000
            19452500           19437 1c00175e 00379713 slli             x14, x15, 0x3       x14=00000330 x15:00000066
            19453500           19438 1c001762 00279793 slli             x15, x15, 0x2       x15=00000198 x15:00000066
            19454500           19439 1c001764 ee873733 p.bclr           x14, x14, 23, 8     x14=00000030 x14:00000330
            19455500           19440 1c001768 00d7f7b3 and              x15, x15, x13       x15=00000180 x15:00000198 x13:00001f80
            19456500           19441 1c00176a 00e787b3 add              x15, x15, x14       x15=000001b0 x15:00000180 x14:00000030
            19457500           19442 1c00176c 1a104737 lui              x14, 0x1a104000     x14=1a104000
            19458500           19443 1c001770 00a767a3 p.sw             x10, x0(x14)        x10:00000079 x14:1a104000  PA:1a1041b0
            19462500           19447 1c001774 00008067 jalr             x0, x1, 0            x1:1c001bca
            19463500           19448 1c001bca 16a0006f jal              x0, 362            
            19465500           19450 1c001d34 00900633 add              x12, x0, x9         x12=1c00233f  x9:1c00233f
            19466500           19451 1c001d36 e69ff06f jal              x0, -408           
            19469500           19454 1c001b9e 00064583 lbu              x11, 0(x12)         x11=0000002c x12:1c00233f  PA:1c00233f
            19498500           19483 1c001ba2 00160493 addi             x9, x12, 1           x9=1c002340 x12:1c00233f
            19499500           19484 1c001ba6 00059e63 bne              x11, x0, 28         x11:0000002c
            19502500           19487 1c001bc2 01458563 beq              x11, x20, 10        x11:0000002c x20:00000025
            19503500           19488 1c001bc6 01200533 add              x10, x0, x18        x10=00000000 x18:00000000
            19504500           19489 1c001bc8 000980e7 jalr             x1, x19, 0           x1=1c001bca x19:1c001776
            19506500           19491 1c001776 00b00533 add              x10, x0, x11        x10=0000002c x11:0000002c
            19507500           19492 1c001778 fddff06f jal              x0, -36            
            19509500           19494 1c001754 000026b7 lui              x13, 0x2000         x13=00002000
            19510500           19495 1c001756 f14027f3 csrrs            x15, x0, 0xf14      x15=00000066
            19511500           19496 1c00175a f8068693 addi             x13, x13, -128      x13=00001f80 x13:00002000
            19512500           19497 1c00175e 00379713 slli             x14, x15, 0x3       x14=00000330 x15:00000066
            19513500           19498 1c001762 00279793 slli             x15, x15, 0x2       x15=00000198 x15:00000066
            19514500           19499 1c001764 ee873733 p.bclr           x14, x14, 23, 8     x14=00000030 x14:00000330
            19515500           19500 1c001768 00d7f7b3 and              x15, x15, x13       x15=00000180 x15:00000198 x13:00001f80
            19516500           19501 1c00176a 00e787b3 add              x15, x15, x14       x15=000001b0 x15:00000180 x14:00000030
            19517500           19502 1c00176c 1a104737 lui              x14, 0x1a104000     x14=1a104000
            19518500           19503 1c001770 00a767a3 p.sw             x10, x0(x14)        x10:0000002c x14:1a104000  PA:1a1041b0
            19522500           19507 1c001774 00008067 jalr             x0, x1, 0            x1:1c001bca
            19523500           19508 1c001bca 16a0006f jal              x0, 362            
            19525500           19510 1c001d34 00900633 add              x12, x0, x9         x12=1c002340  x9:1c002340
            19526500           19511 1c001d36 e69ff06f jal              x0, -408           
            19529500           19514 1c001b9e 00064583 lbu              x11, 0(x12)         x11=00000020 x12:1c002340  PA:1c002340
            19543500           19528 1c001ba2 00160493 addi             x9, x12, 1           x9=1c002341 x12:1c002340
            19544500           19529 1c001ba6 00059e63 bne              x11, x0, 28         x11:00000020
            19547500           19532 1c001bc2 01458563 beq              x11, x20, 10        x11:00000020 x20:00000025
            19548500           19533 1c001bc6 01200533 add              x10, x0, x18        x10=00000000 x18:00000000
            19549500           19534 1c001bc8 000980e7 jalr             x1, x19, 0           x1=1c001bca x19:1c001776
            19551500           19536 1c001776 00b00533 add              x10, x0, x11        x10=00000020 x11:00000020
            19552500           19537 1c001778 fddff06f jal              x0, -36            
            19554500           19539 1c001754 000026b7 lui              x13, 0x2000         x13=00002000
            19555500           19540 1c001756 f14027f3 csrrs            x15, x0, 0xf14      x15=00000066
            19556500           19541 1c00175a f8068693 addi             x13, x13, -128      x13=00001f80 x13:00002000
            19557500           19542 1c00175e 00379713 slli             x14, x15, 0x3       x14=00000330 x15:00000066
            19558500           19543 1c001762 00279793 slli             x15, x15, 0x2       x15=00000198 x15:00000066
            19559500           19544 1c001764 ee873733 p.bclr           x14, x14, 23, 8     x14=00000030 x14:00000330
            19560500           19545 1c001768 00d7f7b3 and              x15, x15, x13       x15=00000180 x15:00000198 x13:00001f80
            19561500           19546 1c00176a 00e787b3 add              x15, x15, x14       x15=000001b0 x15:00000180 x14:00000030
            19562500           19547 1c00176c 1a104737 lui              x14, 0x1a104000     x14=1a104000
            19563500           19548 1c001770 00a767a3 p.sw             x10, x0(x14)        x10:00000020 x14:1a104000  PA:1a1041b0
            19567500           19552 1c001774 00008067 jalr             x0, x1, 0            x1:1c001bca
            19568500           19553 1c001bca 16a0006f jal              x0, 362            
            19570500           19555 1c001d34 00900633 add              x12, x0, x9         x12=1c002341  x9:1c002341
            19571500           19556 1c001d36 e69ff06f jal              x0, -408           
            19574500           19559 1c001b9e 00064583 lbu              x11, 0(x12)         x11=00000049 x12:1c002341  PA:1c002341
            19609500           19594 1c001ba2 00160493 addi             x9, x12, 1           x9=1c002342 x12:1c002341
            19610500           19595 1c001ba6 00059e63 bne              x11, x0, 28         x11:00000049
            19613500           19598 1c001bc2 01458563 beq              x11, x20, 10        x11:00000049 x20:00000025
            19614500           19599 1c001bc6 01200533 add              x10, x0, x18        x10=00000000 x18:00000000
            19615500           19600 1c001bc8 000980e7 jalr             x1, x19, 0           x1=1c001bca x19:1c001776
            19617500           19602 1c001776 00b00533 add              x10, x0, x11        x10=00000049 x11:00000049
            19618500           19603 1c001778 fddff06f jal              x0, -36            
            19620500           19605 1c001754 000026b7 lui              x13, 0x2000         x13=00002000
            19621500           19606 1c001756 f14027f3 csrrs            x15, x0, 0xf14      x15=00000066
            19622500           19607 1c00175a f8068693 addi             x13, x13, -128      x13=00001f80 x13:00002000
            19623500           19608 1c00175e 00379713 slli             x14, x15, 0x3       x14=00000330 x15:00000066
            19624500           19609 1c001762 00279793 slli             x15, x15, 0x2       x15=00000198 x15:00000066
            19625500           19610 1c001764 ee873733 p.bclr           x14, x14, 23, 8     x14=00000030 x14:00000330
            19626500           19611 1c001768 00d7f7b3 and              x15, x15, x13       x15=00000180 x15:00000198 x13:00001f80
            19627500           19612 1c00176a 00e787b3 add              x15, x15, x14       x15=000001b0 x15:00000180 x14:00000030
            19628500           19613 1c00176c 1a104737 lui              x14, 0x1a104000     x14=1a104000
            19629500           19614 1c001770 00a767a3 p.sw             x10, x0(x14)        x10:00000049 x14:1a104000  PA:1a1041b0
            19633500           19618 1c001774 00008067 jalr             x0, x1, 0            x1:1c001bca
            19634500           19619 1c001bca 16a0006f jal              x0, 362            
            19636500           19621 1c001d34 00900633 add              x12, x0, x9         x12=1c002342  x9:1c002342
            19637500           19622 1c001d36 e69ff06f jal              x0, -408           
            19640500           19625 1c001b9e 00064583 lbu              x11, 0(x12)         x11=00000027 x12:1c002342  PA:1c002342
            19656500           19641 1c001ba2 00160493 addi             x9, x12, 1           x9=1c002343 x12:1c002342
            19657500           19642 1c001ba6 00059e63 bne              x11, x0, 28         x11:00000027
            19660500           19645 1c001bc2 01458563 beq              x11, x20, 10        x11:00000027 x20:00000025
            19661500           19646 1c001bc6 01200533 add              x10, x0, x18        x10=00000000 x18:00000000
            19662500           19647 1c001bc8 000980e7 jalr             x1, x19, 0           x1=1c001bca x19:1c001776
            19664500           19649 1c001776 00b00533 add              x10, x0, x11        x10=00000027 x11:00000027
            19665500           19650 1c001778 fddff06f jal              x0, -36            
            19667500           19652 1c001754 000026b7 lui              x13, 0x2000         x13=00002000
            19668500           19653 1c001756 f14027f3 csrrs            x15, x0, 0xf14      x15=00000066
            19669500           19654 1c00175a f8068693 addi             x13, x13, -128      x13=00001f80 x13:00002000
            19670500           19655 1c00175e 00379713 slli             x14, x15, 0x3       x14=00000330 x15:00000066
            19671500           19656 1c001762 00279793 slli             x15, x15, 0x2       x15=00000198 x15:00000066
            19672500           19657 1c001764 ee873733 p.bclr           x14, x14, 23, 8     x14=00000030 x14:00000330
            19673500           19658 1c001768 00d7f7b3 and              x15, x15, x13       x15=00000180 x15:00000198 x13:00001f80
            19674500           19659 1c00176a 00e787b3 add              x15, x15, x14       x15=000001b0 x15:00000180 x14:00000030
            19675500           19660 1c00176c 1a104737 lui              x14, 0x1a104000     x14=1a104000
            19676500           19661 1c001770 00a767a3 p.sw             x10, x0(x14)        x10:00000027 x14:1a104000  PA:1a1041b0
            19680500           19665 1c001774 00008067 jalr             x0, x1, 0            x1:1c001bca
            19681500           19666 1c001bca 16a0006f jal              x0, 362            
            19683500           19668 1c001d34 00900633 add              x12, x0, x9         x12=1c002343  x9:1c002343
            19684500           19669 1c001d36 e69ff06f jal              x0, -408           
            19687500           19672 1c001b9e 00064583 lbu              x11, 0(x12)         x11=0000006d x12:1c002343  PA:1c002343
            19702500           19687 1c001ba2 00160493 addi             x9, x12, 1           x9=1c002344 x12:1c002343
            19703500           19688 1c001ba6 00059e63 bne              x11, x0, 28         x11:0000006d
            19706500           19691 1c001bc2 01458563 beq              x11, x20, 10        x11:0000006d x20:00000025
            19707500           19692 1c001bc6 01200533 add              x10, x0, x18        x10=00000000 x18:00000000
            19708500           19693 1c001bc8 000980e7 jalr             x1, x19, 0           x1=1c001bca x19:1c001776
            19710500           19695 1c001776 00b00533 add              x10, x0, x11        x10=0000006d x11:0000006d
            19711500           19696 1c001778 fddff06f jal              x0, -36            
            19713500           19698 1c001754 000026b7 lui              x13, 0x2000         x13=00002000
            19714500           19699 1c001756 f14027f3 csrrs            x15, x0, 0xf14      x15=00000066
            19715500           19700 1c00175a f8068693 addi             x13, x13, -128      x13=00001f80 x13:00002000
            19716500           19701 1c00175e 00379713 slli             x14, x15, 0x3       x14=00000330 x15:00000066
            19717500           19702 1c001762 00279793 slli             x15, x15, 0x2       x15=00000198 x15:00000066
            19718500           19703 1c001764 ee873733 p.bclr           x14, x14, 23, 8     x14=00000030 x14:00000330
            19719500           19704 1c001768 00d7f7b3 and              x15, x15, x13       x15=00000180 x15:00000198 x13:00001f80
            19720500           19705 1c00176a 00e787b3 add              x15, x15, x14       x15=000001b0 x15:00000180 x14:00000030
            19721500           19706 1c00176c 1a104737 lui              x14, 0x1a104000     x14=1a104000
            19722500           19707 1c001770 00a767a3 p.sw             x10, x0(x14)        x10:0000006d x14:1a104000  PA:1a1041b0
            19726500           19711 1c001774 00008067 jalr             x0, x1, 0            x1:1c001bca
            19727500           19712 1c001bca 16a0006f jal              x0, 362            
            19729500           19714 1c001d34 00900633 add              x12, x0, x9         x12=1c002344  x9:1c002344
            19730500           19715 1c001d36 e69ff06f jal              x0, -408           
            19733500           19718 1c001b9e 00064583 lbu              x11, 0(x12)         x11=00000020 x12:1c002344  PA:1c002344
            19747500           19732 1c001ba2 00160493 addi             x9, x12, 1           x9=1c002345 x12:1c002344
            19748500           19733 1c001ba6 00059e63 bne              x11, x0, 28         x11:00000020
            19751500           19736 1c001bc2 01458563 beq              x11, x20, 10        x11:00000020 x20:00000025
            19752500           19737 1c001bc6 01200533 add              x10, x0, x18        x10=00000000 x18:00000000
            19753500           19738 1c001bc8 000980e7 jalr             x1, x19, 0           x1=1c001bca x19:1c001776
            19755500           19740 1c001776 00b00533 add              x10, x0, x11        x10=00000020 x11:00000020
            19756500           19741 1c001778 fddff06f jal              x0, -36            
            19758500           19743 1c001754 000026b7 lui              x13, 0x2000         x13=00002000
            19759500           19744 1c001756 f14027f3 csrrs            x15, x0, 0xf14      x15=00000066
            19760500           19745 1c00175a f8068693 addi             x13, x13, -128      x13=00001f80 x13:00002000
            19761500           19746 1c00175e 00379713 slli             x14, x15, 0x3       x14=00000330 x15:00000066
            19762500           19747 1c001762 00279793 slli             x15, x15, 0x2       x15=00000198 x15:00000066
            19763500           19748 1c001764 ee873733 p.bclr           x14, x14, 23, 8     x14=00000030 x14:00000330
            19764500           19749 1c001768 00d7f7b3 and              x15, x15, x13       x15=00000180 x15:00000198 x13:00001f80
            19765500           19750 1c00176a 00e787b3 add              x15, x15, x14       x15=000001b0 x15:00000180 x14:00000030
            19766500           19751 1c00176c 1a104737 lui              x14, 0x1a104000     x14=1a104000
            19767500           19752 1c001770 00a767a3 p.sw             x10, x0(x14)        x10:00000020 x14:1a104000  PA:1a1041b0
            19771500           19756 1c001774 00008067 jalr             x0, x1, 0            x1:1c001bca
            19772500           19757 1c001bca 16a0006f jal              x0, 362            
            19774500           19759 1c001d34 00900633 add              x12, x0, x9         x12=1c002345  x9:1c002345
            19775500           19760 1c001d36 e69ff06f jal              x0, -408           
            19778500           19763 1c001b9e 00064583 lbu              x11, 0(x12)         x11=00000063 x12:1c002345  PA:1c002345
            19793500           19778 1c001ba2 00160493 addi             x9, x12, 1           x9=1c002346 x12:1c002345
            19794500           19779 1c001ba6 00059e63 bne              x11, x0, 28         x11:00000063
            19797500           19782 1c001bc2 01458563 beq              x11, x20, 10        x11:00000063 x20:00000025
            19798500           19783 1c001bc6 01200533 add              x10, x0, x18        x10=00000000 x18:00000000
            19799500           19784 1c001bc8 000980e7 jalr             x1, x19, 0           x1=1c001bca x19:1c001776
            19801500           19786 1c001776 00b00533 add              x10, x0, x11        x10=00000063 x11:00000063
            19802500           19787 1c001778 fddff06f jal              x0, -36            
            19804500           19789 1c001754 000026b7 lui              x13, 0x2000         x13=00002000
            19805500           19790 1c001756 f14027f3 csrrs            x15, x0, 0xf14      x15=00000066
            19806500           19791 1c00175a f8068693 addi             x13, x13, -128      x13=00001f80 x13:00002000
            19807500           19792 1c00175e 00379713 slli             x14, x15, 0x3       x14=00000330 x15:00000066
            19808500           19793 1c001762 00279793 slli             x15, x15, 0x2       x15=00000198 x15:00000066
            19809500           19794 1c001764 ee873733 p.bclr           x14, x14, 23, 8     x14=00000030 x14:00000330
            19810500           19795 1c001768 00d7f7b3 and              x15, x15, x13       x15=00000180 x15:00000198 x13:00001f80
            19811500           19796 1c00176a 00e787b3 add              x15, x15, x14       x15=000001b0 x15:00000180 x14:00000030
            19812500           19797 1c00176c 1a104737 lui              x14, 0x1a104000     x14=1a104000
            19813500           19798 1c001770 00a767a3 p.sw             x10, x0(x14)        x10:00000063 x14:1a104000  PA:1a1041b0
            19817500           19802 1c001774 00008067 jalr             x0, x1, 0            x1:1c001bca
            19818500           19803 1c001bca 16a0006f jal              x0, 362            
            19820500           19805 1c001d34 00900633 add              x12, x0, x9         x12=1c002346  x9:1c002346
            19821500           19806 1c001d36 e69ff06f jal              x0, -408           
            19824500           19809 1c001b9e 00064583 lbu              x11, 0(x12)         x11=0000006f x12:1c002346  PA:1c002346
            19840500           19825 1c001ba2 00160493 addi             x9, x12, 1           x9=1c002347 x12:1c002346
            19841500           19826 1c001ba6 00059e63 bne              x11, x0, 28         x11:0000006f
            19844500           19829 1c001bc2 01458563 beq              x11, x20, 10        x11:0000006f x20:00000025
            19845500           19830 1c001bc6 01200533 add              x10, x0, x18        x10=00000000 x18:00000000
            19846500           19831 1c001bc8 000980e7 jalr             x1, x19, 0           x1=1c001bca x19:1c001776
            19848500           19833 1c001776 00b00533 add              x10, x0, x11        x10=0000006f x11:0000006f
            19849500           19834 1c001778 fddff06f jal              x0, -36            
            19851500           19836 1c001754 000026b7 lui              x13, 0x2000         x13=00002000
            19852500           19837 1c001756 f14027f3 csrrs            x15, x0, 0xf14      x15=00000066
            19853500           19838 1c00175a f8068693 addi             x13, x13, -128      x13=00001f80 x13:00002000
            19854500           19839 1c00175e 00379713 slli             x14, x15, 0x3       x14=00000330 x15:00000066
            19855500           19840 1c001762 00279793 slli             x15, x15, 0x2       x15=00000198 x15:00000066
            19856500           19841 1c001764 ee873733 p.bclr           x14, x14, 23, 8     x14=00000030 x14:00000330
            19857500           19842 1c001768 00d7f7b3 and              x15, x15, x13       x15=00000180 x15:00000198 x13:00001f80
            19858500           19843 1c00176a 00e787b3 add              x15, x15, x14       x15=000001b0 x15:00000180 x14:00000030
            19859500           19844 1c00176c 1a104737 lui              x14, 0x1a104000     x14=1a104000
            19860500           19845 1c001770 00a767a3 p.sw             x10, x0(x14)        x10:0000006f x14:1a104000  PA:1a1041b0
            19864500           19849 1c001774 00008067 jalr             x0, x1, 0            x1:1c001bca
            19865500           19850 1c001bca 16a0006f jal              x0, 362            
            19867500           19852 1c001d34 00900633 add              x12, x0, x9         x12=1c002347  x9:1c002347
            19868500           19853 1c001d36 e69ff06f jal              x0, -408           
            19871500           19856 1c001b9e 00064583 lbu              x11, 0(x12)         x11=00000072 x12:1c002347  PA:1c002347
            19887500           19872 1c001ba2 00160493 addi             x9, x12, 1           x9=1c002348 x12:1c002347
            19888500           19873 1c001ba6 00059e63 bne              x11, x0, 28         x11:00000072
            19891500           19876 1c001bc2 01458563 beq              x11, x20, 10        x11:00000072 x20:00000025
            19892500           19877 1c001bc6 01200533 add              x10, x0, x18        x10=00000000 x18:00000000
            19893500           19878 1c001bc8 000980e7 jalr             x1, x19, 0           x1=1c001bca x19:1c001776
            19895500           19880 1c001776 00b00533 add              x10, x0, x11        x10=00000072 x11:00000072
            19896500           19881 1c001778 fddff06f jal              x0, -36            
            19898500           19883 1c001754 000026b7 lui              x13, 0x2000         x13=00002000
            19899500           19884 1c001756 f14027f3 csrrs            x15, x0, 0xf14      x15=00000066
            19900500           19885 1c00175a f8068693 addi             x13, x13, -128      x13=00001f80 x13:00002000
            19901500           19886 1c00175e 00379713 slli             x14, x15, 0x3       x14=00000330 x15:00000066
            19902500           19887 1c001762 00279793 slli             x15, x15, 0x2       x15=00000198 x15:00000066
            19903500           19888 1c001764 ee873733 p.bclr           x14, x14, 23, 8     x14=00000030 x14:00000330
            19904500           19889 1c001768 00d7f7b3 and              x15, x15, x13       x15=00000180 x15:00000198 x13:00001f80
            19905500           19890 1c00176a 00e787b3 add              x15, x15, x14       x15=000001b0 x15:00000180 x14:00000030
            19906500           19891 1c00176c 1a104737 lui              x14, 0x1a104000     x14=1a104000
            19907500           19892 1c001770 00a767a3 p.sw             x10, x0(x14)        x10:00000072 x14:1a104000  PA:1a1041b0
            19911500           19896 1c001774 00008067 jalr             x0, x1, 0            x1:1c001bca
            19912500           19897 1c001bca 16a0006f jal              x0, 362            
            19914500           19899 1c001d34 00900633 add              x12, x0, x9         x12=1c002348  x9:1c002348
            19915500           19900 1c001d36 e69ff06f jal              x0, -408           
            19918500           19903 1c001b9e 00064583 lbu              x11, 0(x12)         x11=00000065 x12:1c002348  PA:1c002348
            19932500           19917 1c001ba2 00160493 addi             x9, x12, 1           x9=1c002349 x12:1c002348
            19933500           19918 1c001ba6 00059e63 bne              x11, x0, 28         x11:00000065
            19936500           19921 1c001bc2 01458563 beq              x11, x20, 10        x11:00000065 x20:00000025
            19937500           19922 1c001bc6 01200533 add              x10, x0, x18        x10=00000000 x18:00000000
            19938500           19923 1c001bc8 000980e7 jalr             x1, x19, 0           x1=1c001bca x19:1c001776
            19940500           19925 1c001776 00b00533 add              x10, x0, x11        x10=00000065 x11:00000065
            19941500           19926 1c001778 fddff06f jal              x0, -36            
            19943500           19928 1c001754 000026b7 lui              x13, 0x2000         x13=00002000
            19944500           19929 1c001756 f14027f3 csrrs            x15, x0, 0xf14      x15=00000066
            19945500           19930 1c00175a f8068693 addi             x13, x13, -128      x13=00001f80 x13:00002000
            19946500           19931 1c00175e 00379713 slli             x14, x15, 0x3       x14=00000330 x15:00000066
            19947500           19932 1c001762 00279793 slli             x15, x15, 0x2       x15=00000198 x15:00000066
            19948500           19933 1c001764 ee873733 p.bclr           x14, x14, 23, 8     x14=00000030 x14:00000330
            19949500           19934 1c001768 00d7f7b3 and              x15, x15, x13       x15=00000180 x15:00000198 x13:00001f80
            19950500           19935 1c00176a 00e787b3 add              x15, x15, x14       x15=000001b0 x15:00000180 x14:00000030
            19951500           19936 1c00176c 1a104737 lui              x14, 0x1a104000     x14=1a104000
            19952500           19937 1c001770 00a767a3 p.sw             x10, x0(x14)        x10:00000065 x14:1a104000  PA:1a1041b0
            19956500           19941 1c001774 00008067 jalr             x0, x1, 0            x1:1c001bca
            19957500           19942 1c001bca 16a0006f jal              x0, 362            
            19959500           19944 1c001d34 00900633 add              x12, x0, x9         x12=1c002349  x9:1c002349
            19960500           19945 1c001d36 e69ff06f jal              x0, -408           
            19963500           19948 1c001b9e 00064583 lbu              x11, 0(x12)         x11=00000020 x12:1c002349  PA:1c002349
            19977500           19962 1c001ba2 00160493 addi             x9, x12, 1           x9=1c00234a x12:1c002349
            19978500           19963 1c001ba6 00059e63 bne              x11, x0, 28         x11:00000020
            19981500           19966 1c001bc2 01458563 beq              x11, x20, 10        x11:00000020 x20:00000025
            19982500           19967 1c001bc6 01200533 add              x10, x0, x18        x10=00000000 x18:00000000
            19983500           19968 1c001bc8 000980e7 jalr             x1, x19, 0           x1=1c001bca x19:1c001776
            19985500           19970 1c001776 00b00533 add              x10, x0, x11        x10=00000020 x11:00000020
            19986500           19971 1c001778 fddff06f jal              x0, -36            
            19988500           19973 1c001754 000026b7 lui              x13, 0x2000         x13=00002000
            19989500           19974 1c001756 f14027f3 csrrs            x15, x0, 0xf14      x15=00000066
            19990500           19975 1c00175a f8068693 addi             x13, x13, -128      x13=00001f80 x13:00002000
            19991500           19976 1c00175e 00379713 slli             x14, x15, 0x3       x14=00000330 x15:00000066
            19992500           19977 1c001762 00279793 slli             x15, x15, 0x2       x15=00000198 x15:00000066
            19993500           19978 1c001764 ee873733 p.bclr           x14, x14, 23, 8     x14=00000030 x14:00000330
            19994500           19979 1c001768 00d7f7b3 and              x15, x15, x13       x15=00000180 x15:00000198 x13:00001f80
            19995500           19980 1c00176a 00e787b3 add              x15, x15, x14       x15=000001b0 x15:00000180 x14:00000030
            19996500           19981 1c00176c 1a104737 lui              x14, 0x1a104000     x14=1a104000
            19997500           19982 1c001770 00a767a3 p.sw             x10, x0(x14)        x10:00000020 x14:1a104000  PA:1a1041b0
            20001500           19986 1c001774 00008067 jalr             x0, x1, 0            x1:1c001bca
            20002500           19987 1c001bca 16a0006f jal              x0, 362            
            20004500           19989 1c001d34 00900633 add              x12, x0, x9         x12=1c00234a  x9:1c00234a
            20005500           19990 1c001d36 e69ff06f jal              x0, -408           
            20008500           19993 1c001b9e 00064583 lbu              x11, 0(x12)         x11=00000028 x12:1c00234a  PA:1c00234a
            20024500           20009 1c001ba2 00160493 addi             x9, x12, 1           x9=1c00234b x12:1c00234a
            20025500           20010 1c001ba6 00059e63 bne              x11, x0, 28         x11:00000028
            20028500           20013 1c001bc2 01458563 beq              x11, x20, 10        x11:00000028 x20:00000025
            20029500           20014 1c001bc6 01200533 add              x10, x0, x18        x10=00000000 x18:00000000
            20030500           20015 1c001bc8 000980e7 jalr             x1, x19, 0           x1=1c001bca x19:1c001776
            20032500           20017 1c001776 00b00533 add              x10, x0, x11        x10=00000028 x11:00000028
            20033500           20018 1c001778 fddff06f jal              x0, -36            
            20035500           20020 1c001754 000026b7 lui              x13, 0x2000         x13=00002000
            20036500           20021 1c001756 f14027f3 csrrs            x15, x0, 0xf14      x15=00000066
            20037500           20022 1c00175a f8068693 addi             x13, x13, -128      x13=00001f80 x13:00002000
            20038500           20023 1c00175e 00379713 slli             x14, x15, 0x3       x14=00000330 x15:00000066
            20039500           20024 1c001762 00279793 slli             x15, x15, 0x2       x15=00000198 x15:00000066
            20040500           20025 1c001764 ee873733 p.bclr           x14, x14, 23, 8     x14=00000030 x14:00000330
            20041500           20026 1c001768 00d7f7b3 and              x15, x15, x13       x15=00000180 x15:00000198 x13:00001f80
            20042500           20027 1c00176a 00e787b3 add              x15, x15, x14       x15=000001b0 x15:00000180 x14:00000030
            20043500           20028 1c00176c 1a104737 lui              x14, 0x1a104000     x14=1a104000
            20044500           20029 1c001770 00a767a3 p.sw             x10, x0(x14)        x10:00000028 x14:1a104000  PA:1a1041b0
            20048500           20033 1c001774 00008067 jalr             x0, x1, 0            x1:1c001bca
            20049500           20034 1c001bca 16a0006f jal              x0, 362            
            20051500           20036 1c001d34 00900633 add              x12, x0, x9         x12=1c00234b  x9:1c00234b
            20052500           20037 1c001d36 e69ff06f jal              x0, -408           
            20055500           20040 1c001b9e 00064583 lbu              x11, 0(x12)         x11=00000025 x12:1c00234b  PA:1c00234b
            20073500           20058 1c001ba2 00160493 addi             x9, x12, 1           x9=1c00234c x12:1c00234b
            20074500           20059 1c001ba6 00059e63 bne              x11, x0, 28         x11:00000025
            20077500           20062 1c001bc2 01458563 beq              x11, x20, 10        x11:00000025 x20:00000025
            20080500           20065 1c001bcc 00414783 lbu              x15, 4(x2)          x15=000000xx  x2:10cffb60  PA:10cffb64
            20081500           20066 1c001bd0 00012423 sw               x0, 8(x2)            x2:10cffb60  PA:10cffb68
            20082500           20067 1c001bd2 00010623 sb               x0, 12(x2)           x2:10cffb60  PA:10cffb6c
            20083500           20068 1c001bd6 c00027b3 p.insert         x15, x0, 0, 0       x15=000000xX x15:000000xx
            20084500           20069 1c001bda c01027b3 p.insert         x15, x0, 0, 1       x15=000000xX x15:000000xX
            20091500           20076 1c001bde c03027b3 p.insert         x15, x0, 0, 3       x15=000000xX x15:000000xX
            20092500           20077 1c001be2 00f10223 sb               x15, 4(x2)          x15:000000xX  x2:10cffb60  PA:10cffb64
            20093500           20078 1c001be6 00000713 addi             x14, x0, 0          x14=00000000
            20094500           20079 1c001be8 00000613 addi             x12, x0, 0          x12=00000000
            20095500           20080 1c001bea 00000693 addi             x13, x0, 0          x13=00000000
            20096500           20081 1c001bec 00000513 addi             x10, x0, 0          x10=00000000
            20097500           20082 1c001bee 00000593 addi             x11, x0, 0          x11=00000000
            20113500           20098 1c001bf0 03000813 addi             x16, x0, 48         x16=00000030
            20114500           20099 1c001bf4 02300893 addi             x17, x0, 35         x17=00000023
            20115500           20100 1c001bf8 0004c783 lbu              x15, 0(x9)          x15=00000069  x9:1c00234c  PA:1c00234c
            20142500           20127 1c001bfc 00148c13 addi             x24, x9, 1          x24=1c00234d  x9:1c00234c
            20143500           20128 1c001c00 04079163 bne              x15, x0, 66         x15:00000069
            20156500           20141 1c001c42 01778c63 beq              x15, x23, 24        x15:00000069 x23:0000002d
            20157500           20142 1c001c46 01078663 beq              x15, x16, 12        x15:00000069 x16:00000030
            20158500           20143 1c001c4a fb179ce3 bne              x15, x17, -72       x15:00000069 x17:00000023
            20180500           20165 1c001c02 00050763 beq              x10, x0, 14         x10:00000000
            20199500           20184 1c001c10 00060763 beq              x12, x0, 14         x12:00000000
            20202500           20187 1c001c1e 00070763 beq              x14, x0, 14         x14:00000000
            20220500           20205 1c001c2c fd078713 addi             x14, x15, -48       x14=00000039 x15:00000069
            20239500           20224 1c001c30 0ff77713 andi             x14, x14, 255       x14=00000039 x14:00000039
            20240500           20225 1c001c34 00900693 addi             x13, x0, 9          x13=00000009
            20241500           20226 1c001c36 04e6eb63 bltu             x13, x14, 86        x13:00000009 x14:00000039
            20260500           20245 1c001c8c 02e00713 addi             x14, x0, 46         x14=0000002e
            20278500           20263 1c001c90 02e79163 bne              x15, x14, 34        x15:00000069 x14:0000002e
            20297500           20282 1c001cb2 07a00713 addi             x14, x0, 122        x14=0000007a
            20298500           20283 1c001cb6 04e79263 bne              x15, x14, 68        x15:00000069 x14:0000007a
            20336500           20321 1c001cfa 06c00713 addi             x14, x0, 108        x14=0000006c
            20354500           20339 1c001cfe 20e79463 bne              x15, x14, 520       x15:00000069 x14:0000006c
            20373500           20358 1c001f06 06900713 addi             x14, x0, 105        x14=00000069
            20374500           20359 1c001f0a 02e78a63 beq              x15, x14, 52        x15:00000069 x14:00000069
            20408500           20393 1c001f3e 018004b3 add              x9, x0, x24          x9=1c00234d x24:1c00234d
            20427500           20412 1c001f40 00000793 addi             x15, x0, 0          x15=00000000
            20428500           20413 1c001f42 e09ff06f jal              x0, -504           
            20446500           20431 1c001d4a 00a00713 addi             x14, x0, 10         x14=0000000a
            20447500           20432 1c001d4c 00e12823 sw               x14, 16(x2)         x14:0000000a  x2:10cffb60  PA:10cffb70
            20464500           20449 1c001d4e 0e27b363 p.bneimm         x15, 230            x15:00000000
            20483500           20468 1c001e34 00440c13 addi             x24, x8, 4          x24=10cffbe8  x8:10cffbe4
            20484500           20469 1c001e38 00042503 lw               x10, 0(x8)          x10=00000003  x8:10cffbe4  PA:10cffbe4
            20491500           20476 1c001e3a 0017bd63 p.bneimm         x15, 26             x15:00000000
            20519500           20504 1c001e54 00055863 bge              x10, x0, 16         x10:00000003
            20538500           20523 1c001e64 00410593 addi             x11, x2, 4          x11=10cffb64  x2:10cffb60
            20539500           20524 1c001e66 b99ff0ef jal              x1, -1128            x1=1c001e68
            20557500           20542 1c0019fe 0105a683 lw               x13, 16(x11)        x13=10cffb78 x11:10cffb64  PA:10cffb74
            20574500           20559 1c001a00 00c5a703 lw               x14, 12(x11)        x14=0000000a x11:10cffb64  PA:10cffb70
            20580500           20565 1c001a02 00100793 addi             x15, x0, 1          x15=00000001
            20581500           20566 1c001a04 02f55633 divu             x12, x10, x15       x12=00000003 x10:00000003 x15:00000001
            20615500           20600 1c001a08 00e67863 bgeu             x12, x14, 16        x12:00000003 x14:0000000a
            20616500           20601 1c001a0c 00000613 addi             x12, x0, 0          x12=00000000
            20617500           20602 1c001a0e 00900313 addi             x6, x0, 9            x6=00000009
            20618500           20603 1c001a10 00079763 bne              x15, x0, 14         x15:00000001
            20621500           20606 1c001a1e 00c5a703 lw               x14, 12(x11)        x14=0000000a x11:10cffb64  PA:10cffb70
            20634500           20619 1c001a20 02f55833 divu             x16, x10, x15       x16=00000003 x10:00000003 x15:00000001
            20668500           20653 1c001a24 02f57533 remu             x10, x10, x15       x10=00000000 x10:00000003 x15:00000001
            20702500           20687 1c001a28 02e7d7b3 divu             x15, x15, x14       x15=00000000 x15:00000001 x14:0000000a
            20733500           20718 1c001a2c 00061763 bne              x12, x0, 14         x12:00000000
            20734500           20719 1c001a2e 01004663 blt              x0, x16, 12         x16:00000003
            20737500           20722 1c001a3a 03000713 addi             x14, x0, 48         x14=00000030
            20758500           20743 1c001a3e 01035c63 bge              x6, x16, 24          x6:00000009 x16:00000003
            20780500           20765 1c001a56 01070733 add              x14, x14, x16       x14=00000033 x14:00000030 x16:00000003
            20781500           20766 1c001a58 00e68023 sb               x14, 0(x13)         x14:00000033 x13:10cffb78  PA:10cffb78
            20787500           20772 1c001a5c 00160613 addi             x12, x12, 1         x12=00000001 x12:00000000
            20788500           20773 1c001a5e 00168693 addi             x13, x13, 1         x13=10cffb79 x13:10cffb78
            20800500           20785 1c001a60 fb1ff06f jal              x0, -80            
            20802500           20787 1c001a10 00079763 bne              x15, x0, 14         x15:00000000
            20803500           20788 1c001a12 00068023 sb               x0, 0(x13)          x13:10cffb79  PA:10cffb79
            20808500           20793 1c001a16 00008067 jalr             x0, x1, 0            x1:1c001e68
            20809500           20794 1c001e68 f17ff06f jal              x0, -234           
            20825500           20810 1c001d7e 00410613 addi             x12, x2, 4          x12=10cffb64  x2:10cffb60
            20842500           20827 1c001d80 013005b3 add              x11, x0, x19        x11=1c001776 x19:1c001776
            20843500           20828 1c001d82 01200533 add              x10, x0, x18        x10=00000000 x18:00000000
            20844500           20829 1c001d84 cdfff0ef jal              x1, -802             x1=1c001d86
            20846500           20831 1c001a62 fe010113 addi             x2, x2, -32          x2=10cffb40  x2:10cffb60
            20847500           20832 1c001a64 00812c23 sw               x8, 24(x2)           x8:10cffbe4  x2:10cffb40  PA:10cffb58
            20855500           20840 1c001a66 01062783 lw               x15, 16(x12)        x15=10cffb78 x12:10cffb64  PA:10cffb74
            20856500           20841 1c001a68 00462403 lw               x8, 4(x12)           x8=00000000 x12:10cffb64  PA:10cffb68
            20857500           20842 1c001a6a 00912a23 sw               x9, 20(x2)           x9:1c00234d  x2:10cffb40  PA:10cffb54
            20858500           20843 1c001a6c 01212823 sw               x18, 16(x2)         x18:00000000  x2:10cffb40  PA:10cffb50
            20859500           20844 1c001a6e 01312623 sw               x19, 12(x2)         x19:1c001776  x2:10cffb40  PA:10cffb4c
            20868500           20853 1c001a70 00112e23 sw               x1, 28(x2)           x1:1c001d86  x2:10cffb40  PA:10cffb5c
            20875500           20860 1c001a72 01412423 sw               x20, 8(x2)          x20:00000025  x2:10cffb40  PA:10cffb48
            20876500           20861 1c001a74 00a00933 add              x18, x0, x10        x18=00000000 x10:00000000
            20877500           20862 1c001a76 00b009b3 add              x19, x0, x11        x19=1c001776 x11:1c001776
            20878500           20863 1c001a78 00c004b3 add              x9, x0, x12          x9=10cffb64 x12:10cffb64
            20879500           20864 1c001a7a 0017c70b p.lbu            x14, 1(x15!)        x14=00000033 x15=10cffb79 x15:10cffb78  PA:10cffb78
            20881500           20866 1c001a7e 00070363 beq              x14, x0, 6          x14:00000033
            20892500           20877 1c001a80 08804863 blt              x0, x8, 144          x8:00000000
            20893500           20878 1c001a84 0084c783 lbu              x15, 8(x9)          x15=00000000  x9:10cffb64  PA:10cffb6c
            20898500           20883 1c001a88 00078263 beq              x15, x0, 4          x15:00000000
            20901500           20886 1c001a8c 0004c783 lbu              x15, 0(x9)          x15=000000xX  x9:10cffb64  PA:10cffb64
            20915500           20900 1c001a90 0027f713 andi             x14, x15, 2         x14=00000000 x15:000000xX
            20916500           20901 1c001a94 00070663 beq              x14, x0, 12         x14:00000000
            20935500           20920 1c001aa0 0097f793 andi             x15, x15, 9         x15=00000000 x15:000000xX
            20936500           20921 1c001aa2 00800a33 add              x20, x0, x8         x20=00000000  x8:00000000
            20937500           20922 1c001aa4 08078163 beq              x15, x0, 130        x15:00000000
            20957500           20942 1c001b26 ff404be3 blt              x0, x20, -10        x20:00000000
            20958500           20943 1c001b2a fff40793 addi             x15, x8, -1         x15=ffffffff  x8:00000000
            20975500           20960 1c001b2e 04046433 p.max            x8, x8, x0           x8=00000000  x8:00000000
            20976500           20961 1c001b32 40878433 sub              x8, x15, x8          x8=ffffffff x15:ffffffff  x8:00000000
            20977500           20962 1c001b36 f71ff06f jal              x0, -144           
            20979500           20964 1c001aa6 0084c583 lbu              x11, 8(x9)          x11=00000000  x9:10cffb64  PA:10cffb6c
            20987500           20972 1c001aaa 00058363 beq              x11, x0, 6          x11:00000000
            20999500           20984 1c001ab0 0004c783 lbu              x15, 0(x9)          x15=000000xX  x9:10cffb64  PA:10cffb64
            21005500           20990 1c001ab4 0027f793 andi             x15, x15, 2         x15=00000000 x15:000000xX
            21006500           20991 1c001ab6 02078363 beq              x15, x0, 38         x15:00000000
            21021500           21006 1c001adc 0004c783 lbu              x15, 0(x9)          x15=000000xX  x9:10cffb64  PA:10cffb64
            21038500           21023 1c001ae0 00800a33 add              x20, x0, x8         x20=ffffffff  x8:ffffffff
            21039500           21024 1c001ae2 fc17b7b3 p.bclr           x15, x15, 30, 1     x15=00000000 x15:000000xX
            21040500           21025 1c001ae6 06079363 bne              x15, x0, 102        x15:00000000
            21041500           21026 1c001ae8 0104aa03 lw               x20, 16(x9)         x20=10cffb78  x9:10cffb64  PA:10cffb74
            21047500           21032 1c001aec 001a458b p.lbu            x11, 1(x20!)        x11=00000033 x20=10cffb79 x20:10cffb78  PA:10cffb78
            21062500           21047 1c001af0 06059763 bne              x11, x0, 110        x11:00000033
            21081500           21066 1c001b5e 01200533 add              x10, x0, x18        x10=00000000 x18:00000000
            21101500           21086 1c001b60 000980e7 jalr             x1, x19, 0           x1=1c001b62 x19:1c001776
            21103500           21088 1c001776 00b00533 add              x10, x0, x11        x10=00000033 x11:00000033
            21104500           21089 1c001778 fddff06f jal              x0, -36            
            21106500           21091 1c001754 000026b7 lui              x13, 0x2000         x13=00002000
            21107500           21092 1c001756 f14027f3 csrrs            x15, x0, 0xf14      x15=00000066
            21108500           21093 1c00175a f8068693 addi             x13, x13, -128      x13=00001f80 x13:00002000
            21109500           21094 1c00175e 00379713 slli             x14, x15, 0x3       x14=00000330 x15:00000066
            21110500           21095 1c001762 00279793 slli             x15, x15, 0x2       x15=00000198 x15:00000066
            21111500           21096 1c001764 ee873733 p.bclr           x14, x14, 23, 8     x14=00000030 x14:00000330
            21112500           21097 1c001768 00d7f7b3 and              x15, x15, x13       x15=00000180 x15:00000198 x13:00001f80
            21113500           21098 1c00176a 00e787b3 add              x15, x15, x14       x15=000001b0 x15:00000180 x14:00000030
            21114500           21099 1c00176c 1a104737 lui              x14, 0x1a104000     x14=1a104000
            21115500           21100 1c001770 00a767a3 p.sw             x10, x0(x14)        x10:00000033 x14:1a104000  PA:1a1041b0
            21119500           21104 1c001774 00008067 jalr             x0, x1, 0            x1:1c001b62
            21120500           21105 1c001b62 f8bff06f jal              x0, -118           
            21122500           21107 1c001aec 001a458b p.lbu            x11, 1(x20!)        x11=00000000 x20=10cffb7a x20:10cffb79  PA:10cffb79
            21130500           21115 1c001af0 06059763 bne              x11, x0, 110        x11:00000000
            21131500           21116 1c001af2 0004c783 lbu              x15, 0(x9)          x15=000000xX  x9:10cffb64  PA:10cffb64
            21133500           21118 1c001af6 0097f793 andi             x15, x15, 9         x15=00000000 x15:000000xX
            21134500           21119 1c001af8 0087b463 p.bneimm         x15, 8              x15:00000000
            21155500           21140 1c001b00 01c12083 lw               x1, 28(x2)           x1=1c001d86  x2:10cffb40  PA:10cffb5c
            21161500           21146 1c001b02 01812403 lw               x8, 24(x2)           x8=10cffbe4  x2:10cffb40  PA:10cffb58
            21162500           21147 1c001b04 01412483 lw               x9, 20(x2)           x9=1c00234d  x2:10cffb40  PA:10cffb54
            21163500           21148 1c001b06 01012903 lw               x18, 16(x2)         x18=00000000  x2:10cffb40  PA:10cffb50
            21164500           21149 1c001b08 00c12983 lw               x19, 12(x2)         x19=1c001776  x2:10cffb40  PA:10cffb4c
            21165500           21150 1c001b0a 00812a03 lw               x20, 8(x2)          x20=00000025  x2:10cffb40  PA:10cffb48
            21166500           21151 1c001b0c 02010113 addi             x2, x2, 32           x2=10cffb60  x2:10cffb40
            21167500           21152 1c001b0e 00008067 jalr             x0, x1, 0            x1:1c001d86
            21179500           21164 1c001d86 01800433 add              x8, x0, x24          x8=10cffbe8 x24:10cffbe8
            21180500           21165 1c001d88 fadff06f jal              x0, -84            
            21182500           21167 1c001d34 00900633 add              x12, x0, x9         x12=1c00234d  x9:1c00234d
            21183500           21168 1c001d36 e69ff06f jal              x0, -408           
            21186500           21171 1c001b9e 00064583 lbu              x11, 0(x12)         x11=0000002c x12:1c00234d  PA:1c00234d
            21221500           21206 1c001ba2 00160493 addi             x9, x12, 1           x9=1c00234e x12:1c00234d
            21222500           21207 1c001ba6 00059e63 bne              x11, x0, 28         x11:0000002c
            21225500           21210 1c001bc2 01458563 beq              x11, x20, 10        x11:0000002c x20:00000025
            21226500           21211 1c001bc6 01200533 add              x10, x0, x18        x10=00000000 x18:00000000
            21227500           21212 1c001bc8 000980e7 jalr             x1, x19, 0           x1=1c001bca x19:1c001776
            21229500           21214 1c001776 00b00533 add              x10, x0, x11        x10=0000002c x11:0000002c
            21230500           21215 1c001778 fddff06f jal              x0, -36            
            21232500           21217 1c001754 000026b7 lui              x13, 0x2000         x13=00002000
            21233500           21218 1c001756 f14027f3 csrrs            x15, x0, 0xf14      x15=00000066
            21234500           21219 1c00175a f8068693 addi             x13, x13, -128      x13=00001f80 x13:00002000
            21235500           21220 1c00175e 00379713 slli             x14, x15, 0x3       x14=00000330 x15:00000066
            21236500           21221 1c001762 00279793 slli             x15, x15, 0x2       x15=00000198 x15:00000066
            21237500           21222 1c001764 ee873733 p.bclr           x14, x14, 23, 8     x14=00000030 x14:00000330
            21238500           21223 1c001768 00d7f7b3 and              x15, x15, x13       x15=00000180 x15:00000198 x13:00001f80
            21239500           21224 1c00176a 00e787b3 add              x15, x15, x14       x15=000001b0 x15:00000180 x14:00000030
            21240500           21225 1c00176c 1a104737 lui              x14, 0x1a104000     x14=1a104000
            21241500           21226 1c001770 00a767a3 p.sw             x10, x0(x14)        x10:0000002c x14:1a104000  PA:1a1041b0
            21245500           21230 1c001774 00008067 jalr             x0, x1, 0            x1:1c001bca
            21246500           21231 1c001bca 16a0006f jal              x0, 362            
            21248500           21233 1c001d34 00900633 add              x12, x0, x9         x12=1c00234e  x9:1c00234e
            21249500           21234 1c001d36 e69ff06f jal              x0, -408           
            21252500           21237 1c001b9e 00064583 lbu              x11, 0(x12)         x11=00000020 x12:1c00234e  PA:1c00234e
            21266500           21251 1c001ba2 00160493 addi             x9, x12, 1           x9=1c00234f x12:1c00234e
            21267500           21252 1c001ba6 00059e63 bne              x11, x0, 28         x11:00000020
            21270500           21255 1c001bc2 01458563 beq              x11, x20, 10        x11:00000020 x20:00000025
            21271500           21256 1c001bc6 01200533 add              x10, x0, x18        x10=00000000 x18:00000000
            21272500           21257 1c001bc8 000980e7 jalr             x1, x19, 0           x1=1c001bca x19:1c001776
            21274500           21259 1c001776 00b00533 add              x10, x0, x11        x10=00000020 x11:00000020
            21275500           21260 1c001778 fddff06f jal              x0, -36            
            21277500           21262 1c001754 000026b7 lui              x13, 0x2000         x13=00002000
            21278500           21263 1c001756 f14027f3 csrrs            x15, x0, 0xf14      x15=00000066
            21279500           21264 1c00175a f8068693 addi             x13, x13, -128      x13=00001f80 x13:00002000
            21280500           21265 1c00175e 00379713 slli             x14, x15, 0x3       x14=00000330 x15:00000066
            21281500           21266 1c001762 00279793 slli             x15, x15, 0x2       x15=00000198 x15:00000066
            21282500           21267 1c001764 ee873733 p.bclr           x14, x14, 23, 8     x14=00000030 x14:00000330
            21283500           21268 1c001768 00d7f7b3 and              x15, x15, x13       x15=00000180 x15:00000198 x13:00001f80
            21284500           21269 1c00176a 00e787b3 add              x15, x15, x14       x15=000001b0 x15:00000180 x14:00000030
            21285500           21270 1c00176c 1a104737 lui              x14, 0x1a104000     x14=1a104000
            21286500           21271 1c001770 00a767a3 p.sw             x10, x0(x14)        x10:00000020 x14:1a104000  PA:1a1041b0
            21290500           21275 1c001774 00008067 jalr             x0, x1, 0            x1:1c001bca
            21291500           21276 1c001bca 16a0006f jal              x0, 362            
            21293500           21278 1c001d34 00900633 add              x12, x0, x9         x12=1c00234f  x9:1c00234f
            21294500           21279 1c001d36 e69ff06f jal              x0, -408           
            21297500           21282 1c001b9e 00064583 lbu              x11, 0(x12)         x11=00000025 x12:1c00234f  PA:1c00234f
            21314500           21299 1c001ba2 00160493 addi             x9, x12, 1           x9=1c002350 x12:1c00234f
            21315500           21300 1c001ba6 00059e63 bne              x11, x0, 28         x11:00000025
            21318500           21303 1c001bc2 01458563 beq              x11, x20, 10        x11:00000025 x20:00000025
            21321500           21306 1c001bcc 00414783 lbu              x15, 4(x2)          x15=000000xX  x2:10cffb60  PA:10cffb64
            21322500           21307 1c001bd0 00012423 sw               x0, 8(x2)            x2:10cffb60  PA:10cffb68
            21323500           21308 1c001bd2 00010623 sb               x0, 12(x2)           x2:10cffb60  PA:10cffb6c
            21324500           21309 1c001bd6 c00027b3 p.insert         x15, x0, 0, 0       x15=000000xX x15:000000xX
            21325500           21310 1c001bda c01027b3 p.insert         x15, x0, 0, 1       x15=000000xX x15:000000xX
            21326500           21311 1c001bde c03027b3 p.insert         x15, x0, 0, 3       x15=000000xX x15:000000xX
            21327500           21312 1c001be2 00f10223 sb               x15, 4(x2)          x15:000000xX  x2:10cffb60  PA:10cffb64
            21328500           21313 1c001be6 00000713 addi             x14, x0, 0          x14=00000000
            21329500           21314 1c001be8 00000613 addi             x12, x0, 0          x12=00000000
            21330500           21315 1c001bea 00000693 addi             x13, x0, 0          x13=00000000
            21331500           21316 1c001bec 00000513 addi             x10, x0, 0          x10=00000000
            21332500           21317 1c001bee 00000593 addi             x11, x0, 0          x11=00000000
            21333500           21318 1c001bf0 03000813 addi             x16, x0, 48         x16=00000030
            21334500           21319 1c001bf4 02300893 addi             x17, x0, 35         x17=00000023
            21335500           21320 1c001bf8 0004c783 lbu              x15, 0(x9)          x15=00000069  x9:1c002350  PA:1c002350
            21349500           21334 1c001bfc 00148c13 addi             x24, x9, 1          x24=1c002351  x9:1c002350
            21350500           21335 1c001c00 04079163 bne              x15, x0, 66         x15:00000069
            21353500           21338 1c001c42 01778c63 beq              x15, x23, 24        x15:00000069 x23:0000002d
            21354500           21339 1c001c46 01078663 beq              x15, x16, 12        x15:00000069 x16:00000030
            21355500           21340 1c001c4a fb179ce3 bne              x15, x17, -72       x15:00000069 x17:00000023
            21358500           21343 1c001c02 00050763 beq              x10, x0, 14         x10:00000000
            21361500           21346 1c001c10 00060763 beq              x12, x0, 14         x12:00000000
            21364500           21349 1c001c1e 00070763 beq              x14, x0, 14         x14:00000000
            21367500           21352 1c001c2c fd078713 addi             x14, x15, -48       x14=00000039 x15:00000069
            21368500           21353 1c001c30 0ff77713 andi             x14, x14, 255       x14=00000039 x14:00000039
            21369500           21354 1c001c34 00900693 addi             x13, x0, 9          x13=00000009
            21370500           21355 1c001c36 04e6eb63 bltu             x13, x14, 86        x13:00000009 x14:00000039
            21373500           21358 1c001c8c 02e00713 addi             x14, x0, 46         x14=0000002e
            21374500           21359 1c001c90 02e79163 bne              x15, x14, 34        x15:00000069 x14:0000002e
            21377500           21362 1c001cb2 07a00713 addi             x14, x0, 122        x14=0000007a
            21378500           21363 1c001cb6 04e79263 bne              x15, x14, 68        x15:00000069 x14:0000007a
            21381500           21366 1c001cfa 06c00713 addi             x14, x0, 108        x14=0000006c
            21383500           21368 1c001cfe 20e79463 bne              x15, x14, 520       x15:00000069 x14:0000006c
            21386500           21371 1c001f06 06900713 addi             x14, x0, 105        x14=00000069
            21387500           21372 1c001f0a 02e78a63 beq              x15, x14, 52        x15:00000069 x14:00000069
            21390500           21375 1c001f3e 018004b3 add              x9, x0, x24          x9=1c002351 x24:1c002351
            21391500           21376 1c001f40 00000793 addi             x15, x0, 0          x15=00000000
            21392500           21377 1c001f42 e09ff06f jal              x0, -504           
            21394500           21379 1c001d4a 00a00713 addi             x14, x0, 10         x14=0000000a
            21395500           21380 1c001d4c 00e12823 sw               x14, 16(x2)         x14:0000000a  x2:10cffb60  PA:10cffb70
            21396500           21381 1c001d4e 0e27b363 p.bneimm         x15, 230            x15:00000000
            21399500           21384 1c001e34 00440c13 addi             x24, x8, 4          x24=10cffbec  x8:10cffbe8
            21400500           21385 1c001e38 00042503 lw               x10, 0(x8)          x10=00000006  x8:10cffbe8  PA:10cffbe8
            21401500           21386 1c001e3a 0017bd63 p.bneimm         x15, 26             x15:00000000
            21404500           21389 1c001e54 00055863 bge              x10, x0, 16         x10:00000006
            21407500           21392 1c001e64 00410593 addi             x11, x2, 4          x11=10cffb64  x2:10cffb60
            21408500           21393 1c001e66 b99ff0ef jal              x1, -1128            x1=1c001e68
            21410500           21395 1c0019fe 0105a683 lw               x13, 16(x11)        x13=10cffb78 x11:10cffb64  PA:10cffb74
            21411500           21396 1c001a00 00c5a703 lw               x14, 12(x11)        x14=0000000a x11:10cffb64  PA:10cffb70
            21412500           21397 1c001a02 00100793 addi             x15, x0, 1          x15=00000001
            21413500           21398 1c001a04 02f55633 divu             x12, x10, x15       x12=00000006 x10:00000006 x15:00000001
            21447500           21432 1c001a08 00e67863 bgeu             x12, x14, 16        x12:00000006 x14:0000000a
            21448500           21433 1c001a0c 00000613 addi             x12, x0, 0          x12=00000000
            21449500           21434 1c001a0e 00900313 addi             x6, x0, 9            x6=00000009
            21450500           21435 1c001a10 00079763 bne              x15, x0, 14         x15:00000001
            21453500           21438 1c001a1e 00c5a703 lw               x14, 12(x11)        x14=0000000a x11:10cffb64  PA:10cffb70
            21454500           21439 1c001a20 02f55833 divu             x16, x10, x15       x16=00000006 x10:00000006 x15:00000001
            21488500           21473 1c001a24 02f57533 remu             x10, x10, x15       x10=00000000 x10:00000006 x15:00000001
            21522500           21507 1c001a28 02e7d7b3 divu             x15, x15, x14       x15=00000000 x15:00000001 x14:0000000a
            21553500           21538 1c001a2c 00061763 bne              x12, x0, 14         x12:00000000
            21554500           21539 1c001a2e 01004663 blt              x0, x16, 12         x16:00000006
            21557500           21542 1c001a3a 03000713 addi             x14, x0, 48         x14=00000030
            21559500           21544 1c001a3e 01035c63 bge              x6, x16, 24          x6:00000009 x16:00000006
            21562500           21547 1c001a56 01070733 add              x14, x14, x16       x14=00000036 x14:00000030 x16:00000006
            21563500           21548 1c001a58 00e68023 sb               x14, 0(x13)         x14:00000036 x13:10cffb78  PA:10cffb78
            21564500           21549 1c001a5c 00160613 addi             x12, x12, 1         x12=00000001 x12:00000000
            21565500           21550 1c001a5e 00168693 addi             x13, x13, 1         x13=10cffb79 x13:10cffb78
            21566500           21551 1c001a60 fb1ff06f jal              x0, -80            
            21568500           21553 1c001a10 00079763 bne              x15, x0, 14         x15:00000000
            21569500           21554 1c001a12 00068023 sb               x0, 0(x13)          x13:10cffb79  PA:10cffb79
            21570500           21555 1c001a16 00008067 jalr             x0, x1, 0            x1:1c001e68
            21572500           21557 1c001e68 f17ff06f jal              x0, -234           
            21574500           21559 1c001d7e 00410613 addi             x12, x2, 4          x12=10cffb64  x2:10cffb60
            21575500           21560 1c001d80 013005b3 add              x11, x0, x19        x11=1c001776 x19:1c001776
            21576500           21561 1c001d82 01200533 add              x10, x0, x18        x10=00000000 x18:00000000
            21577500           21562 1c001d84 cdfff0ef jal              x1, -802             x1=1c001d86
            21579500           21564 1c001a62 fe010113 addi             x2, x2, -32          x2=10cffb40  x2:10cffb60
            21580500           21565 1c001a64 00812c23 sw               x8, 24(x2)           x8:10cffbe8  x2:10cffb40  PA:10cffb58
            21581500           21566 1c001a66 01062783 lw               x15, 16(x12)        x15=10cffb78 x12:10cffb64  PA:10cffb74
            21582500           21567 1c001a68 00462403 lw               x8, 4(x12)           x8=00000000 x12:10cffb64  PA:10cffb68
            21583500           21568 1c001a6a 00912a23 sw               x9, 20(x2)           x9:1c002351  x2:10cffb40  PA:10cffb54
            21584500           21569 1c001a6c 01212823 sw               x18, 16(x2)         x18:00000000  x2:10cffb40  PA:10cffb50
            21585500           21570 1c001a6e 01312623 sw               x19, 12(x2)         x19:1c001776  x2:10cffb40  PA:10cffb4c
            21586500           21571 1c001a70 00112e23 sw               x1, 28(x2)           x1:1c001d86  x2:10cffb40  PA:10cffb5c
            21587500           21572 1c001a72 01412423 sw               x20, 8(x2)          x20:00000025  x2:10cffb40  PA:10cffb48
            21588500           21573 1c001a74 00a00933 add              x18, x0, x10        x18=00000000 x10:00000000
            21589500           21574 1c001a76 00b009b3 add              x19, x0, x11        x19=1c001776 x11:1c001776
            21590500           21575 1c001a78 00c004b3 add              x9, x0, x12          x9=10cffb64 x12:10cffb64
            21591500           21576 1c001a7a 0017c70b p.lbu            x14, 1(x15!)        x14=00000036 x15=10cffb79 x15:10cffb78  PA:10cffb78
            21593500           21578 1c001a7e 00070363 beq              x14, x0, 6          x14:00000036
            21594500           21579 1c001a80 08804863 blt              x0, x8, 144          x8:00000000
            21595500           21580 1c001a84 0084c783 lbu              x15, 8(x9)          x15=00000000  x9:10cffb64  PA:10cffb6c
            21597500           21582 1c001a88 00078263 beq              x15, x0, 4          x15:00000000
            21600500           21585 1c001a8c 0004c783 lbu              x15, 0(x9)          x15=000000xX  x9:10cffb64  PA:10cffb64
            21602500           21587 1c001a90 0027f713 andi             x14, x15, 2         x14=00000000 x15:000000xX
            21603500           21588 1c001a94 00070663 beq              x14, x0, 12         x14:00000000
            21606500           21591 1c001aa0 0097f793 andi             x15, x15, 9         x15=00000000 x15:000000xX
            21607500           21592 1c001aa2 00800a33 add              x20, x0, x8         x20=00000000  x8:00000000
            21608500           21593 1c001aa4 08078163 beq              x15, x0, 130        x15:00000000
            21611500           21596 1c001b26 ff404be3 blt              x0, x20, -10        x20:00000000
            21612500           21597 1c001b2a fff40793 addi             x15, x8, -1         x15=ffffffff  x8:00000000
            21613500           21598 1c001b2e 04046433 p.max            x8, x8, x0           x8=00000000  x8:00000000
            21614500           21599 1c001b32 40878433 sub              x8, x15, x8          x8=ffffffff x15:ffffffff  x8:00000000
            21615500           21600 1c001b36 f71ff06f jal              x0, -144           
            21617500           21602 1c001aa6 0084c583 lbu              x11, 8(x9)          x11=00000000  x9:10cffb64  PA:10cffb6c
            21619500           21604 1c001aaa 00058363 beq              x11, x0, 6          x11:00000000
            21622500           21607 1c001ab0 0004c783 lbu              x15, 0(x9)          x15=000000xX  x9:10cffb64  PA:10cffb64
            21624500           21609 1c001ab4 0027f793 andi             x15, x15, 2         x15=00000000 x15:000000xX
            21625500           21610 1c001ab6 02078363 beq              x15, x0, 38         x15:00000000
            21628500           21613 1c001adc 0004c783 lbu              x15, 0(x9)          x15=000000xX  x9:10cffb64  PA:10cffb64
            21629500           21614 1c001ae0 00800a33 add              x20, x0, x8         x20=ffffffff  x8:ffffffff
            21630500           21615 1c001ae2 fc17b7b3 p.bclr           x15, x15, 30, 1     x15=00000000 x15:000000xX
            21631500           21616 1c001ae6 06079363 bne              x15, x0, 102        x15:00000000
            21632500           21617 1c001ae8 0104aa03 lw               x20, 16(x9)         x20=10cffb78  x9:10cffb64  PA:10cffb74
            21634500           21619 1c001aec 001a458b p.lbu            x11, 1(x20!)        x11=00000036 x20=10cffb79 x20:10cffb78  PA:10cffb78
            21636500           21621 1c001af0 06059763 bne              x11, x0, 110        x11:00000036
            21639500           21624 1c001b5e 01200533 add              x10, x0, x18        x10=00000000 x18:00000000
            21640500           21625 1c001b60 000980e7 jalr             x1, x19, 0           x1=1c001b62 x19:1c001776
            21642500           21627 1c001776 00b00533 add              x10, x0, x11        x10=00000036 x11:00000036
            21643500           21628 1c001778 fddff06f jal              x0, -36            
            21645500           21630 1c001754 000026b7 lui              x13, 0x2000         x13=00002000
            21646500           21631 1c001756 f14027f3 csrrs            x15, x0, 0xf14      x15=00000066
            21647500           21632 1c00175a f8068693 addi             x13, x13, -128      x13=00001f80 x13:00002000
            21648500           21633 1c00175e 00379713 slli             x14, x15, 0x3       x14=00000330 x15:00000066
            21649500           21634 1c001762 00279793 slli             x15, x15, 0x2       x15=00000198 x15:00000066
            21650500           21635 1c001764 ee873733 p.bclr           x14, x14, 23, 8     x14=00000030 x14:00000330
            21651500           21636 1c001768 00d7f7b3 and              x15, x15, x13       x15=00000180 x15:00000198 x13:00001f80
            21652500           21637 1c00176a 00e787b3 add              x15, x15, x14       x15=000001b0 x15:00000180 x14:00000030
            21653500           21638 1c00176c 1a104737 lui              x14, 0x1a104000     x14=1a104000
            21654500           21639 1c001770 00a767a3 p.sw             x10, x0(x14)        x10:00000036 x14:1a104000  PA:1a1041b0
            21658500           21643 1c001774 00008067 jalr             x0, x1, 0            x1:1c001b62
            21659500           21644 1c001b62 f8bff06f jal              x0, -118           
            21661500           21646 1c001aec 001a458b p.lbu            x11, 1(x20!)        x11=00000000 x20=10cffb7a x20:10cffb79  PA:10cffb79
            21663500           21648 1c001af0 06059763 bne              x11, x0, 110        x11:00000000
            21664500           21649 1c001af2 0004c783 lbu              x15, 0(x9)          x15=000000xX  x9:10cffb64  PA:10cffb64
            21666500           21651 1c001af6 0097f793 andi             x15, x15, 9         x15=00000000 x15:000000xX
            21667500           21652 1c001af8 0087b463 p.bneimm         x15, 8              x15:00000000
            21670500           21655 1c001b00 01c12083 lw               x1, 28(x2)           x1=1c001d86  x2:10cffb40  PA:10cffb5c
            21671500           21656 1c001b02 01812403 lw               x8, 24(x2)           x8=10cffbe8  x2:10cffb40  PA:10cffb58
            21672500           21657 1c001b04 01412483 lw               x9, 20(x2)           x9=1c002351  x2:10cffb40  PA:10cffb54
            21673500           21658 1c001b06 01012903 lw               x18, 16(x2)         x18=00000000  x2:10cffb40  PA:10cffb50
            21674500           21659 1c001b08 00c12983 lw               x19, 12(x2)         x19=1c001776  x2:10cffb40  PA:10cffb4c
            21675500           21660 1c001b0a 00812a03 lw               x20, 8(x2)          x20=00000025  x2:10cffb40  PA:10cffb48
            21676500           21661 1c001b0c 02010113 addi             x2, x2, 32           x2=10cffb60  x2:10cffb40
            21677500           21662 1c001b0e 00008067 jalr             x0, x1, 0            x1:1c001d86
            21679500           21664 1c001d86 01800433 add              x8, x0, x24          x8=10cffbec x24:10cffbec
            21680500           21665 1c001d88 fadff06f jal              x0, -84            
            21682500           21667 1c001d34 00900633 add              x12, x0, x9         x12=1c002351  x9:1c002351
            21683500           21668 1c001d36 e69ff06f jal              x0, -408           
            21686500           21671 1c001b9e 00064583 lbu              x11, 0(x12)         x11=00000029 x12:1c002351  PA:1c002351
            21700500           21685 1c001ba2 00160493 addi             x9, x12, 1           x9=1c002352 x12:1c002351
            21701500           21686 1c001ba6 00059e63 bne              x11, x0, 28         x11:00000029
            21704500           21689 1c001bc2 01458563 beq              x11, x20, 10        x11:00000029 x20:00000025
            21705500           21690 1c001bc6 01200533 add              x10, x0, x18        x10=00000000 x18:00000000
            21706500           21691 1c001bc8 000980e7 jalr             x1, x19, 0           x1=1c001bca x19:1c001776
            21708500           21693 1c001776 00b00533 add              x10, x0, x11        x10=00000029 x11:00000029
            21709500           21694 1c001778 fddff06f jal              x0, -36            
            21711500           21696 1c001754 000026b7 lui              x13, 0x2000         x13=00002000
            21712500           21697 1c001756 f14027f3 csrrs            x15, x0, 0xf14      x15=00000066
            21713500           21698 1c00175a f8068693 addi             x13, x13, -128      x13=00001f80 x13:00002000
            21714500           21699 1c00175e 00379713 slli             x14, x15, 0x3       x14=00000330 x15:00000066
            21715500           21700 1c001762 00279793 slli             x15, x15, 0x2       x15=00000198 x15:00000066
            21716500           21701 1c001764 ee873733 p.bclr           x14, x14, 23, 8     x14=00000030 x14:00000330
            21717500           21702 1c001768 00d7f7b3 and              x15, x15, x13       x15=00000180 x15:00000198 x13:00001f80
            21718500           21703 1c00176a 00e787b3 add              x15, x15, x14       x15=000001b0 x15:00000180 x14:00000030
            21719500           21704 1c00176c 1a104737 lui              x14, 0x1a104000     x14=1a104000
            21720500           21705 1c001770 00a767a3 p.sw             x10, x0(x14)        x10:00000029 x14:1a104000  PA:1a1041b0
            21724500           21709 1c001774 00008067 jalr             x0, x1, 0            x1:1c001bca
            21725500           21710 1c001bca 16a0006f jal              x0, 362            
            21727500           21712 1c001d34 00900633 add              x12, x0, x9         x12=1c002352  x9:1c002352
            21728500           21713 1c001d36 e69ff06f jal              x0, -408           
            21731500           21716 1c001b9e 00064583 lbu              x11, 0(x12)         x11=00000021 x12:1c002352  PA:1c002352
            21745500           21730 1c001ba2 00160493 addi             x9, x12, 1           x9=1c002353 x12:1c002352
            21746500           21731 1c001ba6 00059e63 bne              x11, x0, 28         x11:00000021
            21749500           21734 1c001bc2 01458563 beq              x11, x20, 10        x11:00000021 x20:00000025
            21750500           21735 1c001bc6 01200533 add              x10, x0, x18        x10=00000000 x18:00000000
            21751500           21736 1c001bc8 000980e7 jalr             x1, x19, 0           x1=1c001bca x19:1c001776
            21753500           21738 1c001776 00b00533 add              x10, x0, x11        x10=00000021 x11:00000021
            21754500           21739 1c001778 fddff06f jal              x0, -36            
            21756500           21741 1c001754 000026b7 lui              x13, 0x2000         x13=00002000
            21757500           21742 1c001756 f14027f3 csrrs            x15, x0, 0xf14      x15=00000066
            21758500           21743 1c00175a f8068693 addi             x13, x13, -128      x13=00001f80 x13:00002000
            21759500           21744 1c00175e 00379713 slli             x14, x15, 0x3       x14=00000330 x15:00000066
            21760500           21745 1c001762 00279793 slli             x15, x15, 0x2       x15=00000198 x15:00000066
            21761500           21746 1c001764 ee873733 p.bclr           x14, x14, 23, 8     x14=00000030 x14:00000330
            21762500           21747 1c001768 00d7f7b3 and              x15, x15, x13       x15=00000180 x15:00000198 x13:00001f80
            21763500           21748 1c00176a 00e787b3 add              x15, x15, x14       x15=000001b0 x15:00000180 x14:00000030
            21764500           21749 1c00176c 1a104737 lui              x14, 0x1a104000     x14=1a104000
            21765500           21750 1c001770 00a767a3 p.sw             x10, x0(x14)        x10:00000021 x14:1a104000  PA:1a1041b0
            21769500           21754 1c001774 00008067 jalr             x0, x1, 0            x1:1c001bca
            21770500           21755 1c001bca 16a0006f jal              x0, 362            
            21772500           21757 1c001d34 00900633 add              x12, x0, x9         x12=1c002353  x9:1c002353
            21773500           21758 1c001d36 e69ff06f jal              x0, -408           
            21776500           21761 1c001b9e 00064583 lbu              x11, 0(x12)         x11=0000000a x12:1c002353  PA:1c002353
            21790500           21775 1c001ba2 00160493 addi             x9, x12, 1           x9=1c002354 x12:1c002353
            21791500           21776 1c001ba6 00059e63 bne              x11, x0, 28         x11:0000000a
            21794500           21779 1c001bc2 01458563 beq              x11, x20, 10        x11:0000000a x20:00000025
            21795500           21780 1c001bc6 01200533 add              x10, x0, x18        x10=00000000 x18:00000000
            21796500           21781 1c001bc8 000980e7 jalr             x1, x19, 0           x1=1c001bca x19:1c001776
            21798500           21783 1c001776 00b00533 add              x10, x0, x11        x10=0000000a x11:0000000a
            21799500           21784 1c001778 fddff06f jal              x0, -36            
            21801500           21786 1c001754 000026b7 lui              x13, 0x2000         x13=00002000
            21802500           21787 1c001756 f14027f3 csrrs            x15, x0, 0xf14      x15=00000066
            21803500           21788 1c00175a f8068693 addi             x13, x13, -128      x13=00001f80 x13:00002000
            21804500           21789 1c00175e 00379713 slli             x14, x15, 0x3       x14=00000330 x15:00000066
            21805500           21790 1c001762 00279793 slli             x15, x15, 0x2       x15=00000198 x15:00000066
            21806500           21791 1c001764 ee873733 p.bclr           x14, x14, 23, 8     x14=00000030 x14:00000330
            21807500           21792 1c001768 00d7f7b3 and              x15, x15, x13       x15=00000180 x15:00000198 x13:00001f80
            21808500           21793 1c00176a 00e787b3 add              x15, x15, x14       x15=000001b0 x15:00000180 x14:00000030
            21809500           21794 1c00176c 1a104737 lui              x14, 0x1a104000     x14=1a104000
            21810500           21795 1c001770 00a767a3 p.sw             x10, x0(x14)        x10:0000000a x14:1a104000  PA:1a1041b0
            21814500           21799 1c001774 00008067 jalr             x0, x1, 0            x1:1c001bca
            21815500           21800 1c001bca 16a0006f jal              x0, 362            
            21817500           21802 1c001d34 00900633 add              x12, x0, x9         x12=1c002354  x9:1c002354
            21818500           21803 1c001d36 e69ff06f jal              x0, -408           
            21821500           21806 1c001b9e 00064583 lbu              x11, 0(x12)         x11=00000000 x12:1c002354  PA:1c002354
            21836500           21821 1c001ba2 00160493 addi             x9, x12, 1           x9=1c002355 x12:1c002354
            21837500           21822 1c001ba6 00059e63 bne              x11, x0, 28         x11:00000000
            21838500           21823 1c001ba8 05c12083 lw               x1, 92(x2)           x1=1c001834  x2:10cffb60  PA:10cffbbc
            21839500           21824 1c001baa 05812403 lw               x8, 88(x2)           x8=00000000  x2:10cffb60  PA:10cffbb8
            21840500           21825 1c001bac 05412483 lw               x9, 84(x2)           x9=00000000  x2:10cffb60  PA:10cffbb4
            21841500           21826 1c001bae 05012903 lw               x18, 80(x2)         x18=1b204000  x2:10cffb60  PA:10cffbb0
            21842500           21827 1c001bb0 04c12983 lw               x19, 76(x2)         x19=00000006  x2:10cffb60  PA:10cffbac
            21848500           21833 1c001bb2 04812a03 lw               x20, 72(x2)         x20=1c00220c  x2:10cffb60  PA:10cffba8
            21849500           21834 1c001bb4 04412a83 lw               x21, 68(x2)         x21=1c002210  x2:10cffb60  PA:10cffba4
            21850500           21835 1c001bb6 04012b03 lw               x22, 64(x2)         x22=00000000  x2:10cffb60  PA:10cffba0
            21851500           21836 1c001bb8 03c12b83 lw               x23, 60(x2)         x23=00000000  x2:10cffb60  PA:10cffb9c
            21853500           21838 1c001bba 03812c03 lw               x24, 56(x2)         x24=00000000  x2:10cffb60  PA:10cffb98
            21854500           21839 1c001bbc 03412c83 lw               x25, 52(x2)         x25=00000000  x2:10cffb60  PA:10cffb94
            21855500           21840 1c001bbe 06010113 addi             x2, x2, 96           x2=10cffbc0  x2:10cffb60
            21856500           21841 1c001bc0 00008067 jalr             x0, x1, 0            x1:1c001834
            21858500           21843 1c001834 01c12083 lw               x1, 28(x2)           x1=1c00220c  x2:10cffbc0  PA:10cffbdc
            21859500           21844 1c001836 00000513 addi             x10, x0, 0          x10=00000000
            21860500           21845 1c001838 04010113 addi             x2, x2, 64           x2=10cffc00  x2:10cffbc0
            21861500           21846 1c00183a 00008067 jalr             x0, x1, 0            x1:1c00220c
            21863500           21848 1c00220c 21c96283 p.elw            x5, 540(x18)         x5=00000000 x18:1b204000  PA:1b20421c
