                Time          Cycles PC       Instr    Mnemonic
            17014500           16999 1c000080 0180006f jal              x0, 24             
            17032500           17017 1c000098 f1402573 csrrs            x10, x0, 0xf14      x10=00000065
            17033500           17018 1c00009c 01f57593 andi             x11, x10, 31        x11=00000005 x10:00000065
            17050500           17035 1c0000a0 00555513 srli             x10, x10, 0x5       x10=00000003 x10:00000065
            17051500           17036 1c0000a2 00058463 beq              x11, x0, 8          x11:00000005
            17052500           17037 1c0000a6 05a0206f jal              x0, 8282           
            17070500           17055 1c002100 000702b7 lui              x5, 0x70000          x5=00070000
            17071500           17056 1c002104 1b204337 lui              x6, 0x1b204000       x6=1b204000
            17072500           17057 1c002108 00532023 sw               x5, 0(x6)            x5:00070000  x6:1b204000  PA:1b204000
            17073500           17058 1c00210c 0e059163 bne              x11, x0, 226        x11:00000005
            17125500           17110 1c0021ee 1b204937 lui              x18, 0x1b204000     x18=1b204000
            17126500           17111 1c0021f2 f14029f3 csrrs            x19, x0, 0xf14      x19=00000065
            17127500           17112 1c0021f6 01f9f993 andi             x19, x19, 31        x19=00000005 x19:00000065
            17128500           17113 1c0021fa 00000a17 auipc            x20, 0x0            x20=1c0021fa
            17147500           17132 1c0021fe 012a0a13 addi             x20, x20, 18        x20=1c00220c x20:1c0021fa
            17148500           17133 1c002202 00000a97 auipc            x21, 0x0            x21=1c002202
            17149500           17134 1c002206 00ea8a93 addi             x21, x21, 14        x21=1c002210 x21:1c002202
            17150500           17135 1c00220a 0060006f jal              x0, 6              
            17169500           17154 1c002210 08096283 p.elw            x5, 128(x18)         x5=1c00222d x18:1b204000  PA:1b204080
            18817500           18802 1c002214 08096503 p.elw            x10, 128(x18)       x10=00000400 x18:1b204000  PA:1b204080
            18836500           18821 1c002218 0012f313 andi             x6, x5, 1            x6=00000001  x5:1c00222d
            18837500           18822 1c00221c 00031563 bne              x6, x0, 10           x6:00000001
            18862500           18847 1c002226 000a80b3 add              x1, x21, x0          x1=1c002210 x21:1c002210
            18863500           18848 1c00222a 00028067 jalr             x0, x5, 0            x5:1c00222d
            18865500           18850 1c00222c 08096283 p.elw            x5, 128(x18)         x5=10cfe400 x18:1b204000  PA:1b204080
            18895500           18880 1c002230 02a98533 mul              x10, x19, x10       x10=00001400 x19:00000005 x10:00000400
            18896500           18881 1c002234 00550133 add              x2, x10, x5          x2=10cff800 x10:00001400  x5:10cfe400
            18897500           18882 1c002238 00008067 jalr             x0, x1, 0            x1:1c002210
            18899500           18884 1c002210 08096283 p.elw            x5, 128(x18)         x5=1c0009bc x18:1b204000  PA:1b204080
            18936500           18921 1c002214 08096503 p.elw            x10, 128(x18)       x10=00000000 x18:1b204000  PA:1b204080
            18944500           18929 1c002218 0012f313 andi             x6, x5, 1            x6=00000000  x5:1c0009bc
            18945500           18930 1c00221c 00031563 bne              x6, x0, 10           x6:00000000
            18946500           18931 1c002220 000a00b3 add              x1, x20, x0          x1=1c00220c x20:1c00220c
            18947500           18932 1c002224 00028067 jalr             x0, x5, 0            x5:1c0009bc
            18965500           18950 1c0009bc f1402673 csrrs            x12, x0, 0xf14      x12=00000065
            18986500           18971 1c0009c0 1c002537 lui              x10, 0x1c002000     x10=1c002000
            18987500           18972 1c0009c4 40565593 srai             x11, x12, 0x405     x11=00000003 x12:00000065
            18988500           18973 1c0009c8 f265b5b3 p.bclr           x11, x11, 25, 6     x11=00000003 x11:00000003
            18989500           18974 1c0009cc f4563633 p.bclr           x12, x12, 26, 5     x12=00000005 x12:00000065
            18990500           18975 1c0009d0 33c50513 addi             x10, x10, 828       x10=1c00233c x10:1c002000
            18991500           18976 1c0009d4 63d0006f jal              x0, 3644           
            19020500           19005 1c001810 fc010113 addi             x2, x2, -64          x2=10cff7c0  x2:10cff800
            19021500           19006 1c001812 02b12223 sw               x11, 36(x2)         x11:00000003  x2:10cff7c0  PA:10cff7e4
            19024500           19009 1c001814 1c0015b7 lui              x11, 0x1c001000     x11=1c001000
            19025500           19010 1c001818 02c12423 sw               x12, 40(x2)         x12:00000005  x2:10cff7c0  PA:10cff7e8
            19026500           19011 1c00181a 02d12623 sw               x13, 44(x2)         x13:00000000  x2:10cff7c0  PA:10cff7ec
            19027500           19012 1c00181c 00a00633 add              x12, x0, x10        x12=1c00233c x10:1c00233c
            19028500           19013 1c00181e 02410693 addi             x13, x2, 36         x13=10cff7e4  x2:10cff7c0
            19045500           19030 1c001820 00000513 addi             x10, x0, 0          x10=00000000
            19046500           19031 1c001822 77658593 addi             x11, x11, 1910      x11=1c001776 x11:1c001000
            19047500           19032 1c001826 00112e23 sw               x1, 28(x2)           x1:1c00220c  x2:10cff7c0  PA:10cff7dc
            19049500           19034 1c001828 02e12823 sw               x14, 48(x2)         x14:00000000  x2:10cff7c0  PA:10cff7f0
            19050500           19035 1c00182a 02f12a23 sw               x15, 52(x2)         x15:00000000  x2:10cff7c0  PA:10cff7f4
            19051500           19036 1c00182c 03012c23 sw               x16, 56(x2)         x16:00000000  x2:10cff7c0  PA:10cff7f8
            19052500           19037 1c00182e 03112e23 sw               x17, 60(x2)         x17:00000000  x2:10cff7c0  PA:10cff7fc
            19072500           19057 1c001830 00d12623 sw               x13, 12(x2)         x13:10cff7e4  x2:10cff7c0  PA:10cff7cc
            19073500           19058 1c001832 33e000ef jal              x1, 830              x1=1c001834
            19092500           19077 1c001b70 fa010113 addi             x2, x2, -96          x2=10cff760  x2:10cff7c0
            19093500           19078 1c001b72 01810793 addi             x15, x2, 24         x15=10cff778  x2:10cff760
            19094500           19079 1c001b74 04812c23 sw               x8, 88(x2)           x8:00000000  x2:10cff760  PA:10cff7b8
            19098500           19083 1c001b76 05212823 sw               x18, 80(x2)         x18:1b204000  x2:10cff760  PA:10cff7b0
            19099500           19084 1c001b78 05312623 sw               x19, 76(x2)         x19:00000005  x2:10cff760  PA:10cff7ac
            19100500           19085 1c001b7a 05412423 sw               x20, 72(x2)         x20:1c00220c  x2:10cff760  PA:10cff7a8
            19101500           19086 1c001b7c 05512223 sw               x21, 68(x2)         x21:1c002210  x2:10cff760  PA:10cff7a4
            19102500           19087 1c001b7e 05612023 sw               x22, 64(x2)         x22:00000000  x2:10cff760  PA:10cff7a0
            19115500           19100 1c001b80 03712e23 sw               x23, 60(x2)         x23:00000000  x2:10cff760  PA:10cff79c
            19121500           19106 1c001b82 04112e23 sw               x1, 92(x2)           x1:1c001834  x2:10cff760  PA:10cff7bc
            19122500           19107 1c001b84 04912a23 sw               x9, 84(x2)           x9:00000000  x2:10cff760  PA:10cff7b4
            19123500           19108 1c001b86 03812c23 sw               x24, 56(x2)         x24:00000000  x2:10cff760  PA:10cff798
            19124500           19109 1c001b88 03912a23 sw               x25, 52(x2)         x25:00000000  x2:10cff760  PA:10cff794
            19125500           19110 1c001b8a 00a00933 add              x18, x0, x10        x18=00000000 x10:00000000
            19126500           19111 1c001b8c 00b009b3 add              x19, x0, x11        x19=1c001776 x11:1c001776
            19127500           19112 1c001b8e 00d00433 add              x8, x0, x13          x8=10cff7e4 x13:10cff7e4
            19138500           19123 1c001b90 00f12a23 sw               x15, 20(x2)         x15:10cff778  x2:10cff760  PA:10cff774
            19143500           19128 1c001b92 02500a13 addi             x20, x0, 37         x20=00000025
            19144500           19129 1c001b96 02d00b93 addi             x23, x0, 45         x23=0000002d
            19145500           19130 1c001b9a 00100a93 addi             x21, x0, 1          x21=00000001
            19146500           19131 1c001b9c 00500b13 addi             x22, x0, 5          x22=00000005
            19159500           19144 1c001b9e 00064583 lbu              x11, 0(x12)         x11=00000048 x12:1c00233c  PA:1c00233c
            19205500           19190 1c001ba2 00160493 addi             x9, x12, 1           x9=1c00233d x12:1c00233c
            19206500           19191 1c001ba6 00059e63 bne              x11, x0, 28         x11:00000048
            19226500           19211 1c001bc2 01458563 beq              x11, x20, 10        x11:00000048 x20:00000025
            19227500           19212 1c001bc6 01200533 add              x10, x0, x18        x10=00000000 x18:00000000
            19228500           19213 1c001bc8 000980e7 jalr             x1, x19, 0           x1=1c001bca x19:1c001776
            19255500           19240 1c001776 00b00533 add              x10, x0, x11        x10=00000048 x11:00000048
            19256500           19241 1c001778 fddff06f jal              x0, -36            
            19279500           19264 1c001754 000026b7 lui              x13, 0x2000         x13=00002000
            19280500           19265 1c001756 f14027f3 csrrs            x15, x0, 0xf14      x15=00000065
            19281500           19266 1c00175a f8068693 addi             x13, x13, -128      x13=00001f80 x13:00002000
            19301500           19286 1c00175e 00379713 slli             x14, x15, 0x3       x14=00000328 x15:00000065
            19302500           19287 1c001762 00279793 slli             x15, x15, 0x2       x15=00000194 x15:00000065
            19303500           19288 1c001764 ee873733 p.bclr           x14, x14, 23, 8     x14=00000028 x14:00000328
            19304500           19289 1c001768 00d7f7b3 and              x15, x15, x13       x15=00000180 x15:00000194 x13:00001f80
            19305500           19290 1c00176a 00e787b3 add              x15, x15, x14       x15=000001a8 x15:00000180 x14:00000028
            19306500           19291 1c00176c 1a104737 lui              x14, 0x1a104000     x14=1a104000
            19307500           19292 1c001770 00a767a3 p.sw             x10, x0(x14)        x10:00000048 x14:1a104000  PA:1a1041a8
            19311500           19296 1c001774 00008067 jalr             x0, x1, 0            x1:1c001bca
            19312500           19297 1c001bca 16a0006f jal              x0, 362            
            19331500           19316 1c001d34 00900633 add              x12, x0, x9         x12=1c00233d  x9:1c00233d
            19332500           19317 1c001d36 e69ff06f jal              x0, -408           
            19335500           19320 1c001b9e 00064583 lbu              x11, 0(x12)         x11=00000065 x12:1c00233d  PA:1c00233d
            19368500           19353 1c001ba2 00160493 addi             x9, x12, 1           x9=1c00233e x12:1c00233d
            19369500           19354 1c001ba6 00059e63 bne              x11, x0, 28         x11:00000065
            19372500           19357 1c001bc2 01458563 beq              x11, x20, 10        x11:00000065 x20:00000025
            19373500           19358 1c001bc6 01200533 add              x10, x0, x18        x10=00000000 x18:00000000
            19374500           19359 1c001bc8 000980e7 jalr             x1, x19, 0           x1=1c001bca x19:1c001776
            19376500           19361 1c001776 00b00533 add              x10, x0, x11        x10=00000065 x11:00000065
            19377500           19362 1c001778 fddff06f jal              x0, -36            
            19379500           19364 1c001754 000026b7 lui              x13, 0x2000         x13=00002000
            19380500           19365 1c001756 f14027f3 csrrs            x15, x0, 0xf14      x15=00000065
            19381500           19366 1c00175a f8068693 addi             x13, x13, -128      x13=00001f80 x13:00002000
            19382500           19367 1c00175e 00379713 slli             x14, x15, 0x3       x14=00000328 x15:00000065
            19383500           19368 1c001762 00279793 slli             x15, x15, 0x2       x15=00000194 x15:00000065
            19384500           19369 1c001764 ee873733 p.bclr           x14, x14, 23, 8     x14=00000028 x14:00000328
            19385500           19370 1c001768 00d7f7b3 and              x15, x15, x13       x15=00000180 x15:00000194 x13:00001f80
            19386500           19371 1c00176a 00e787b3 add              x15, x15, x14       x15=000001a8 x15:00000180 x14:00000028
            19387500           19372 1c00176c 1a104737 lui              x14, 0x1a104000     x14=1a104000
            19388500           19373 1c001770 00a767a3 p.sw             x10, x0(x14)        x10:00000065 x14:1a104000  PA:1a1041a8
            19392500           19377 1c001774 00008067 jalr             x0, x1, 0            x1:1c001bca
            19393500           19378 1c001bca 16a0006f jal              x0, 362            
            19395500           19380 1c001d34 00900633 add              x12, x0, x9         x12=1c00233e  x9:1c00233e
            19396500           19381 1c001d36 e69ff06f jal              x0, -408           
            19399500           19384 1c001b9e 00064583 lbu              x11, 0(x12)         x11=00000079 x12:1c00233e  PA:1c00233e
            19418500           19403 1c001ba2 00160493 addi             x9, x12, 1           x9=1c00233f x12:1c00233e
            19419500           19404 1c001ba6 00059e63 bne              x11, x0, 28         x11:00000079
            19422500           19407 1c001bc2 01458563 beq              x11, x20, 10        x11:00000079 x20:00000025
            19423500           19408 1c001bc6 01200533 add              x10, x0, x18        x10=00000000 x18:00000000
            19424500           19409 1c001bc8 000980e7 jalr             x1, x19, 0           x1=1c001bca x19:1c001776
            19426500           19411 1c001776 00b00533 add              x10, x0, x11        x10=00000079 x11:00000079
            19427500           19412 1c001778 fddff06f jal              x0, -36            
            19429500           19414 1c001754 000026b7 lui              x13, 0x2000         x13=00002000
            19430500           19415 1c001756 f14027f3 csrrs            x15, x0, 0xf14      x15=00000065
            19431500           19416 1c00175a f8068693 addi             x13, x13, -128      x13=00001f80 x13:00002000
            19432500           19417 1c00175e 00379713 slli             x14, x15, 0x3       x14=00000328 x15:00000065
            19433500           19418 1c001762 00279793 slli             x15, x15, 0x2       x15=00000194 x15:00000065
            19434500           19419 1c001764 ee873733 p.bclr           x14, x14, 23, 8     x14=00000028 x14:00000328
            19435500           19420 1c001768 00d7f7b3 and              x15, x15, x13       x15=00000180 x15:00000194 x13:00001f80
            19436500           19421 1c00176a 00e787b3 add              x15, x15, x14       x15=000001a8 x15:00000180 x14:00000028
            19437500           19422 1c00176c 1a104737 lui              x14, 0x1a104000     x14=1a104000
            19438500           19423 1c001770 00a767a3 p.sw             x10, x0(x14)        x10:00000079 x14:1a104000  PA:1a1041a8
            19442500           19427 1c001774 00008067 jalr             x0, x1, 0            x1:1c001bca
            19443500           19428 1c001bca 16a0006f jal              x0, 362            
            19445500           19430 1c001d34 00900633 add              x12, x0, x9         x12=1c00233f  x9:1c00233f
            19446500           19431 1c001d36 e69ff06f jal              x0, -408           
            19449500           19434 1c001b9e 00064583 lbu              x11, 0(x12)         x11=0000002c x12:1c00233f  PA:1c00233f
            19478500           19463 1c001ba2 00160493 addi             x9, x12, 1           x9=1c002340 x12:1c00233f
            19479500           19464 1c001ba6 00059e63 bne              x11, x0, 28         x11:0000002c
            19482500           19467 1c001bc2 01458563 beq              x11, x20, 10        x11:0000002c x20:00000025
            19483500           19468 1c001bc6 01200533 add              x10, x0, x18        x10=00000000 x18:00000000
            19484500           19469 1c001bc8 000980e7 jalr             x1, x19, 0           x1=1c001bca x19:1c001776
            19486500           19471 1c001776 00b00533 add              x10, x0, x11        x10=0000002c x11:0000002c
            19487500           19472 1c001778 fddff06f jal              x0, -36            
            19489500           19474 1c001754 000026b7 lui              x13, 0x2000         x13=00002000
            19490500           19475 1c001756 f14027f3 csrrs            x15, x0, 0xf14      x15=00000065
            19491500           19476 1c00175a f8068693 addi             x13, x13, -128      x13=00001f80 x13:00002000
            19492500           19477 1c00175e 00379713 slli             x14, x15, 0x3       x14=00000328 x15:00000065
            19493500           19478 1c001762 00279793 slli             x15, x15, 0x2       x15=00000194 x15:00000065
            19494500           19479 1c001764 ee873733 p.bclr           x14, x14, 23, 8     x14=00000028 x14:00000328
            19495500           19480 1c001768 00d7f7b3 and              x15, x15, x13       x15=00000180 x15:00000194 x13:00001f80
            19496500           19481 1c00176a 00e787b3 add              x15, x15, x14       x15=000001a8 x15:00000180 x14:00000028
            19497500           19482 1c00176c 1a104737 lui              x14, 0x1a104000     x14=1a104000
            19498500           19483 1c001770 00a767a3 p.sw             x10, x0(x14)        x10:0000002c x14:1a104000  PA:1a1041a8
            19502500           19487 1c001774 00008067 jalr             x0, x1, 0            x1:1c001bca
            19503500           19488 1c001bca 16a0006f jal              x0, 362            
            19505500           19490 1c001d34 00900633 add              x12, x0, x9         x12=1c002340  x9:1c002340
            19506500           19491 1c001d36 e69ff06f jal              x0, -408           
            19509500           19494 1c001b9e 00064583 lbu              x11, 0(x12)         x11=00000020 x12:1c002340  PA:1c002340
            19525500           19510 1c001ba2 00160493 addi             x9, x12, 1           x9=1c002341 x12:1c002340
            19526500           19511 1c001ba6 00059e63 bne              x11, x0, 28         x11:00000020
            19529500           19514 1c001bc2 01458563 beq              x11, x20, 10        x11:00000020 x20:00000025
            19530500           19515 1c001bc6 01200533 add              x10, x0, x18        x10=00000000 x18:00000000
            19531500           19516 1c001bc8 000980e7 jalr             x1, x19, 0           x1=1c001bca x19:1c001776
            19533500           19518 1c001776 00b00533 add              x10, x0, x11        x10=00000020 x11:00000020
            19534500           19519 1c001778 fddff06f jal              x0, -36            
            19536500           19521 1c001754 000026b7 lui              x13, 0x2000         x13=00002000
            19537500           19522 1c001756 f14027f3 csrrs            x15, x0, 0xf14      x15=00000065
            19538500           19523 1c00175a f8068693 addi             x13, x13, -128      x13=00001f80 x13:00002000
            19539500           19524 1c00175e 00379713 slli             x14, x15, 0x3       x14=00000328 x15:00000065
            19540500           19525 1c001762 00279793 slli             x15, x15, 0x2       x15=00000194 x15:00000065
            19541500           19526 1c001764 ee873733 p.bclr           x14, x14, 23, 8     x14=00000028 x14:00000328
            19542500           19527 1c001768 00d7f7b3 and              x15, x15, x13       x15=00000180 x15:00000194 x13:00001f80
            19543500           19528 1c00176a 00e787b3 add              x15, x15, x14       x15=000001a8 x15:00000180 x14:00000028
            19544500           19529 1c00176c 1a104737 lui              x14, 0x1a104000     x14=1a104000
            19545500           19530 1c001770 00a767a3 p.sw             x10, x0(x14)        x10:00000020 x14:1a104000  PA:1a1041a8
            19549500           19534 1c001774 00008067 jalr             x0, x1, 0            x1:1c001bca
            19550500           19535 1c001bca 16a0006f jal              x0, 362            
            19552500           19537 1c001d34 00900633 add              x12, x0, x9         x12=1c002341  x9:1c002341
            19553500           19538 1c001d36 e69ff06f jal              x0, -408           
            19556500           19541 1c001b9e 00064583 lbu              x11, 0(x12)         x11=00000049 x12:1c002341  PA:1c002341
            19601500           19586 1c001ba2 00160493 addi             x9, x12, 1           x9=1c002342 x12:1c002341
            19602500           19587 1c001ba6 00059e63 bne              x11, x0, 28         x11:00000049
            19605500           19590 1c001bc2 01458563 beq              x11, x20, 10        x11:00000049 x20:00000025
            19606500           19591 1c001bc6 01200533 add              x10, x0, x18        x10=00000000 x18:00000000
            19607500           19592 1c001bc8 000980e7 jalr             x1, x19, 0           x1=1c001bca x19:1c001776
            19609500           19594 1c001776 00b00533 add              x10, x0, x11        x10=00000049 x11:00000049
            19610500           19595 1c001778 fddff06f jal              x0, -36            
            19612500           19597 1c001754 000026b7 lui              x13, 0x2000         x13=00002000
            19613500           19598 1c001756 f14027f3 csrrs            x15, x0, 0xf14      x15=00000065
            19614500           19599 1c00175a f8068693 addi             x13, x13, -128      x13=00001f80 x13:00002000
            19615500           19600 1c00175e 00379713 slli             x14, x15, 0x3       x14=00000328 x15:00000065
            19616500           19601 1c001762 00279793 slli             x15, x15, 0x2       x15=00000194 x15:00000065
            19617500           19602 1c001764 ee873733 p.bclr           x14, x14, 23, 8     x14=00000028 x14:00000328
            19618500           19603 1c001768 00d7f7b3 and              x15, x15, x13       x15=00000180 x15:00000194 x13:00001f80
            19619500           19604 1c00176a 00e787b3 add              x15, x15, x14       x15=000001a8 x15:00000180 x14:00000028
            19620500           19605 1c00176c 1a104737 lui              x14, 0x1a104000     x14=1a104000
            19621500           19606 1c001770 00a767a3 p.sw             x10, x0(x14)        x10:00000049 x14:1a104000  PA:1a1041a8
            19625500           19610 1c001774 00008067 jalr             x0, x1, 0            x1:1c001bca
            19626500           19611 1c001bca 16a0006f jal              x0, 362            
            19628500           19613 1c001d34 00900633 add              x12, x0, x9         x12=1c002342  x9:1c002342
            19629500           19614 1c001d36 e69ff06f jal              x0, -408           
            19632500           19617 1c001b9e 00064583 lbu              x11, 0(x12)         x11=00000027 x12:1c002342  PA:1c002342
            19650500           19635 1c001ba2 00160493 addi             x9, x12, 1           x9=1c002343 x12:1c002342
            19651500           19636 1c001ba6 00059e63 bne              x11, x0, 28         x11:00000027
            19654500           19639 1c001bc2 01458563 beq              x11, x20, 10        x11:00000027 x20:00000025
            19655500           19640 1c001bc6 01200533 add              x10, x0, x18        x10=00000000 x18:00000000
            19656500           19641 1c001bc8 000980e7 jalr             x1, x19, 0           x1=1c001bca x19:1c001776
            19658500           19643 1c001776 00b00533 add              x10, x0, x11        x10=00000027 x11:00000027
            19659500           19644 1c001778 fddff06f jal              x0, -36            
            19661500           19646 1c001754 000026b7 lui              x13, 0x2000         x13=00002000
            19662500           19647 1c001756 f14027f3 csrrs            x15, x0, 0xf14      x15=00000065
            19663500           19648 1c00175a f8068693 addi             x13, x13, -128      x13=00001f80 x13:00002000
            19664500           19649 1c00175e 00379713 slli             x14, x15, 0x3       x14=00000328 x15:00000065
            19665500           19650 1c001762 00279793 slli             x15, x15, 0x2       x15=00000194 x15:00000065
            19666500           19651 1c001764 ee873733 p.bclr           x14, x14, 23, 8     x14=00000028 x14:00000328
            19667500           19652 1c001768 00d7f7b3 and              x15, x15, x13       x15=00000180 x15:00000194 x13:00001f80
            19668500           19653 1c00176a 00e787b3 add              x15, x15, x14       x15=000001a8 x15:00000180 x14:00000028
            19669500           19654 1c00176c 1a104737 lui              x14, 0x1a104000     x14=1a104000
            19670500           19655 1c001770 00a767a3 p.sw             x10, x0(x14)        x10:00000027 x14:1a104000  PA:1a1041a8
            19674500           19659 1c001774 00008067 jalr             x0, x1, 0            x1:1c001bca
            19675500           19660 1c001bca 16a0006f jal              x0, 362            
            19677500           19662 1c001d34 00900633 add              x12, x0, x9         x12=1c002343  x9:1c002343
            19678500           19663 1c001d36 e69ff06f jal              x0, -408           
            19681500           19666 1c001b9e 00064583 lbu              x11, 0(x12)         x11=0000006d x12:1c002343  PA:1c002343
            19696500           19681 1c001ba2 00160493 addi             x9, x12, 1           x9=1c002344 x12:1c002343
            19697500           19682 1c001ba6 00059e63 bne              x11, x0, 28         x11:0000006d
            19700500           19685 1c001bc2 01458563 beq              x11, x20, 10        x11:0000006d x20:00000025
            19701500           19686 1c001bc6 01200533 add              x10, x0, x18        x10=00000000 x18:00000000
            19702500           19687 1c001bc8 000980e7 jalr             x1, x19, 0           x1=1c001bca x19:1c001776
            19704500           19689 1c001776 00b00533 add              x10, x0, x11        x10=0000006d x11:0000006d
            19705500           19690 1c001778 fddff06f jal              x0, -36            
            19707500           19692 1c001754 000026b7 lui              x13, 0x2000         x13=00002000
            19708500           19693 1c001756 f14027f3 csrrs            x15, x0, 0xf14      x15=00000065
            19709500           19694 1c00175a f8068693 addi             x13, x13, -128      x13=00001f80 x13:00002000
            19710500           19695 1c00175e 00379713 slli             x14, x15, 0x3       x14=00000328 x15:00000065
            19711500           19696 1c001762 00279793 slli             x15, x15, 0x2       x15=00000194 x15:00000065
            19712500           19697 1c001764 ee873733 p.bclr           x14, x14, 23, 8     x14=00000028 x14:00000328
            19713500           19698 1c001768 00d7f7b3 and              x15, x15, x13       x15=00000180 x15:00000194 x13:00001f80
            19714500           19699 1c00176a 00e787b3 add              x15, x15, x14       x15=000001a8 x15:00000180 x14:00000028
            19715500           19700 1c00176c 1a104737 lui              x14, 0x1a104000     x14=1a104000
            19716500           19701 1c001770 00a767a3 p.sw             x10, x0(x14)        x10:0000006d x14:1a104000  PA:1a1041a8
            19720500           19705 1c001774 00008067 jalr             x0, x1, 0            x1:1c001bca
            19721500           19706 1c001bca 16a0006f jal              x0, 362            
            19723500           19708 1c001d34 00900633 add              x12, x0, x9         x12=1c002344  x9:1c002344
            19724500           19709 1c001d36 e69ff06f jal              x0, -408           
            19727500           19712 1c001b9e 00064583 lbu              x11, 0(x12)         x11=00000020 x12:1c002344  PA:1c002344
            19741500           19726 1c001ba2 00160493 addi             x9, x12, 1           x9=1c002345 x12:1c002344
            19742500           19727 1c001ba6 00059e63 bne              x11, x0, 28         x11:00000020
            19745500           19730 1c001bc2 01458563 beq              x11, x20, 10        x11:00000020 x20:00000025
            19746500           19731 1c001bc6 01200533 add              x10, x0, x18        x10=00000000 x18:00000000
            19747500           19732 1c001bc8 000980e7 jalr             x1, x19, 0           x1=1c001bca x19:1c001776
            19749500           19734 1c001776 00b00533 add              x10, x0, x11        x10=00000020 x11:00000020
            19750500           19735 1c001778 fddff06f jal              x0, -36            
            19752500           19737 1c001754 000026b7 lui              x13, 0x2000         x13=00002000
            19753500           19738 1c001756 f14027f3 csrrs            x15, x0, 0xf14      x15=00000065
            19754500           19739 1c00175a f8068693 addi             x13, x13, -128      x13=00001f80 x13:00002000
            19755500           19740 1c00175e 00379713 slli             x14, x15, 0x3       x14=00000328 x15:00000065
            19756500           19741 1c001762 00279793 slli             x15, x15, 0x2       x15=00000194 x15:00000065
            19757500           19742 1c001764 ee873733 p.bclr           x14, x14, 23, 8     x14=00000028 x14:00000328
            19758500           19743 1c001768 00d7f7b3 and              x15, x15, x13       x15=00000180 x15:00000194 x13:00001f80
            19759500           19744 1c00176a 00e787b3 add              x15, x15, x14       x15=000001a8 x15:00000180 x14:00000028
            19760500           19745 1c00176c 1a104737 lui              x14, 0x1a104000     x14=1a104000
            19761500           19746 1c001770 00a767a3 p.sw             x10, x0(x14)        x10:00000020 x14:1a104000  PA:1a1041a8
            19765500           19750 1c001774 00008067 jalr             x0, x1, 0            x1:1c001bca
            19766500           19751 1c001bca 16a0006f jal              x0, 362            
            19768500           19753 1c001d34 00900633 add              x12, x0, x9         x12=1c002345  x9:1c002345
            19769500           19754 1c001d36 e69ff06f jal              x0, -408           
            19772500           19757 1c001b9e 00064583 lbu              x11, 0(x12)         x11=00000063 x12:1c002345  PA:1c002345
            19786500           19771 1c001ba2 00160493 addi             x9, x12, 1           x9=1c002346 x12:1c002345
            19787500           19772 1c001ba6 00059e63 bne              x11, x0, 28         x11:00000063
            19790500           19775 1c001bc2 01458563 beq              x11, x20, 10        x11:00000063 x20:00000025
            19791500           19776 1c001bc6 01200533 add              x10, x0, x18        x10=00000000 x18:00000000
            19792500           19777 1c001bc8 000980e7 jalr             x1, x19, 0           x1=1c001bca x19:1c001776
            19794500           19779 1c001776 00b00533 add              x10, x0, x11        x10=00000063 x11:00000063
            19795500           19780 1c001778 fddff06f jal              x0, -36            
            19797500           19782 1c001754 000026b7 lui              x13, 0x2000         x13=00002000
            19798500           19783 1c001756 f14027f3 csrrs            x15, x0, 0xf14      x15=00000065
            19799500           19784 1c00175a f8068693 addi             x13, x13, -128      x13=00001f80 x13:00002000
            19800500           19785 1c00175e 00379713 slli             x14, x15, 0x3       x14=00000328 x15:00000065
            19801500           19786 1c001762 00279793 slli             x15, x15, 0x2       x15=00000194 x15:00000065
            19802500           19787 1c001764 ee873733 p.bclr           x14, x14, 23, 8     x14=00000028 x14:00000328
            19803500           19788 1c001768 00d7f7b3 and              x15, x15, x13       x15=00000180 x15:00000194 x13:00001f80
            19804500           19789 1c00176a 00e787b3 add              x15, x15, x14       x15=000001a8 x15:00000180 x14:00000028
            19805500           19790 1c00176c 1a104737 lui              x14, 0x1a104000     x14=1a104000
            19806500           19791 1c001770 00a767a3 p.sw             x10, x0(x14)        x10:00000063 x14:1a104000  PA:1a1041a8
            19810500           19795 1c001774 00008067 jalr             x0, x1, 0            x1:1c001bca
            19811500           19796 1c001bca 16a0006f jal              x0, 362            
            19813500           19798 1c001d34 00900633 add              x12, x0, x9         x12=1c002346  x9:1c002346
            19814500           19799 1c001d36 e69ff06f jal              x0, -408           
            19817500           19802 1c001b9e 00064583 lbu              x11, 0(x12)         x11=0000006f x12:1c002346  PA:1c002346
            19835500           19820 1c001ba2 00160493 addi             x9, x12, 1           x9=1c002347 x12:1c002346
            19836500           19821 1c001ba6 00059e63 bne              x11, x0, 28         x11:0000006f
            19839500           19824 1c001bc2 01458563 beq              x11, x20, 10        x11:0000006f x20:00000025
            19840500           19825 1c001bc6 01200533 add              x10, x0, x18        x10=00000000 x18:00000000
            19841500           19826 1c001bc8 000980e7 jalr             x1, x19, 0           x1=1c001bca x19:1c001776
            19843500           19828 1c001776 00b00533 add              x10, x0, x11        x10=0000006f x11:0000006f
            19844500           19829 1c001778 fddff06f jal              x0, -36            
            19846500           19831 1c001754 000026b7 lui              x13, 0x2000         x13=00002000
            19847500           19832 1c001756 f14027f3 csrrs            x15, x0, 0xf14      x15=00000065
            19848500           19833 1c00175a f8068693 addi             x13, x13, -128      x13=00001f80 x13:00002000
            19849500           19834 1c00175e 00379713 slli             x14, x15, 0x3       x14=00000328 x15:00000065
            19850500           19835 1c001762 00279793 slli             x15, x15, 0x2       x15=00000194 x15:00000065
            19851500           19836 1c001764 ee873733 p.bclr           x14, x14, 23, 8     x14=00000028 x14:00000328
            19852500           19837 1c001768 00d7f7b3 and              x15, x15, x13       x15=00000180 x15:00000194 x13:00001f80
            19853500           19838 1c00176a 00e787b3 add              x15, x15, x14       x15=000001a8 x15:00000180 x14:00000028
            19854500           19839 1c00176c 1a104737 lui              x14, 0x1a104000     x14=1a104000
            19855500           19840 1c001770 00a767a3 p.sw             x10, x0(x14)        x10:0000006f x14:1a104000  PA:1a1041a8
            19859500           19844 1c001774 00008067 jalr             x0, x1, 0            x1:1c001bca
            19860500           19845 1c001bca 16a0006f jal              x0, 362            
            19862500           19847 1c001d34 00900633 add              x12, x0, x9         x12=1c002347  x9:1c002347
            19863500           19848 1c001d36 e69ff06f jal              x0, -408           
            19866500           19851 1c001b9e 00064583 lbu              x11, 0(x12)         x11=00000072 x12:1c002347  PA:1c002347
            19880500           19865 1c001ba2 00160493 addi             x9, x12, 1           x9=1c002348 x12:1c002347
            19881500           19866 1c001ba6 00059e63 bne              x11, x0, 28         x11:00000072
            19884500           19869 1c001bc2 01458563 beq              x11, x20, 10        x11:00000072 x20:00000025
            19885500           19870 1c001bc6 01200533 add              x10, x0, x18        x10=00000000 x18:00000000
            19886500           19871 1c001bc8 000980e7 jalr             x1, x19, 0           x1=1c001bca x19:1c001776
            19888500           19873 1c001776 00b00533 add              x10, x0, x11        x10=00000072 x11:00000072
            19889500           19874 1c001778 fddff06f jal              x0, -36            
            19891500           19876 1c001754 000026b7 lui              x13, 0x2000         x13=00002000
            19892500           19877 1c001756 f14027f3 csrrs            x15, x0, 0xf14      x15=00000065
            19893500           19878 1c00175a f8068693 addi             x13, x13, -128      x13=00001f80 x13:00002000
            19894500           19879 1c00175e 00379713 slli             x14, x15, 0x3       x14=00000328 x15:00000065
            19895500           19880 1c001762 00279793 slli             x15, x15, 0x2       x15=00000194 x15:00000065
            19896500           19881 1c001764 ee873733 p.bclr           x14, x14, 23, 8     x14=00000028 x14:00000328
            19897500           19882 1c001768 00d7f7b3 and              x15, x15, x13       x15=00000180 x15:00000194 x13:00001f80
            19898500           19883 1c00176a 00e787b3 add              x15, x15, x14       x15=000001a8 x15:00000180 x14:00000028
            19899500           19884 1c00176c 1a104737 lui              x14, 0x1a104000     x14=1a104000
            19900500           19885 1c001770 00a767a3 p.sw             x10, x0(x14)        x10:00000072 x14:1a104000  PA:1a1041a8
            19904500           19889 1c001774 00008067 jalr             x0, x1, 0            x1:1c001bca
            19905500           19890 1c001bca 16a0006f jal              x0, 362            
            19907500           19892 1c001d34 00900633 add              x12, x0, x9         x12=1c002348  x9:1c002348
            19908500           19893 1c001d36 e69ff06f jal              x0, -408           
            19911500           19896 1c001b9e 00064583 lbu              x11, 0(x12)         x11=00000065 x12:1c002348  PA:1c002348
            19926500           19911 1c001ba2 00160493 addi             x9, x12, 1           x9=1c002349 x12:1c002348
            19927500           19912 1c001ba6 00059e63 bne              x11, x0, 28         x11:00000065
            19930500           19915 1c001bc2 01458563 beq              x11, x20, 10        x11:00000065 x20:00000025
            19931500           19916 1c001bc6 01200533 add              x10, x0, x18        x10=00000000 x18:00000000
            19932500           19917 1c001bc8 000980e7 jalr             x1, x19, 0           x1=1c001bca x19:1c001776
            19934500           19919 1c001776 00b00533 add              x10, x0, x11        x10=00000065 x11:00000065
            19935500           19920 1c001778 fddff06f jal              x0, -36            
            19937500           19922 1c001754 000026b7 lui              x13, 0x2000         x13=00002000
            19938500           19923 1c001756 f14027f3 csrrs            x15, x0, 0xf14      x15=00000065
            19939500           19924 1c00175a f8068693 addi             x13, x13, -128      x13=00001f80 x13:00002000
            19940500           19925 1c00175e 00379713 slli             x14, x15, 0x3       x14=00000328 x15:00000065
            19941500           19926 1c001762 00279793 slli             x15, x15, 0x2       x15=00000194 x15:00000065
            19942500           19927 1c001764 ee873733 p.bclr           x14, x14, 23, 8     x14=00000028 x14:00000328
            19943500           19928 1c001768 00d7f7b3 and              x15, x15, x13       x15=00000180 x15:00000194 x13:00001f80
            19944500           19929 1c00176a 00e787b3 add              x15, x15, x14       x15=000001a8 x15:00000180 x14:00000028
            19945500           19930 1c00176c 1a104737 lui              x14, 0x1a104000     x14=1a104000
            19946500           19931 1c001770 00a767a3 p.sw             x10, x0(x14)        x10:00000065 x14:1a104000  PA:1a1041a8
            19950500           19935 1c001774 00008067 jalr             x0, x1, 0            x1:1c001bca
            19951500           19936 1c001bca 16a0006f jal              x0, 362            
            19953500           19938 1c001d34 00900633 add              x12, x0, x9         x12=1c002349  x9:1c002349
            19954500           19939 1c001d36 e69ff06f jal              x0, -408           
            19957500           19942 1c001b9e 00064583 lbu              x11, 0(x12)         x11=00000020 x12:1c002349  PA:1c002349
            19972500           19957 1c001ba2 00160493 addi             x9, x12, 1           x9=1c00234a x12:1c002349
            19973500           19958 1c001ba6 00059e63 bne              x11, x0, 28         x11:00000020
            19976500           19961 1c001bc2 01458563 beq              x11, x20, 10        x11:00000020 x20:00000025
            19977500           19962 1c001bc6 01200533 add              x10, x0, x18        x10=00000000 x18:00000000
            19978500           19963 1c001bc8 000980e7 jalr             x1, x19, 0           x1=1c001bca x19:1c001776
            19980500           19965 1c001776 00b00533 add              x10, x0, x11        x10=00000020 x11:00000020
            19981500           19966 1c001778 fddff06f jal              x0, -36            
            19983500           19968 1c001754 000026b7 lui              x13, 0x2000         x13=00002000
            19984500           19969 1c001756 f14027f3 csrrs            x15, x0, 0xf14      x15=00000065
            19985500           19970 1c00175a f8068693 addi             x13, x13, -128      x13=00001f80 x13:00002000
            19986500           19971 1c00175e 00379713 slli             x14, x15, 0x3       x14=00000328 x15:00000065
            19987500           19972 1c001762 00279793 slli             x15, x15, 0x2       x15=00000194 x15:00000065
            19988500           19973 1c001764 ee873733 p.bclr           x14, x14, 23, 8     x14=00000028 x14:00000328
            19989500           19974 1c001768 00d7f7b3 and              x15, x15, x13       x15=00000180 x15:00000194 x13:00001f80
            19990500           19975 1c00176a 00e787b3 add              x15, x15, x14       x15=000001a8 x15:00000180 x14:00000028
            19991500           19976 1c00176c 1a104737 lui              x14, 0x1a104000     x14=1a104000
            19992500           19977 1c001770 00a767a3 p.sw             x10, x0(x14)        x10:00000020 x14:1a104000  PA:1a1041a8
            19996500           19981 1c001774 00008067 jalr             x0, x1, 0            x1:1c001bca
            19997500           19982 1c001bca 16a0006f jal              x0, 362            
            19999500           19984 1c001d34 00900633 add              x12, x0, x9         x12=1c00234a  x9:1c00234a
            20000500           19985 1c001d36 e69ff06f jal              x0, -408           
            20003500           19988 1c001b9e 00064583 lbu              x11, 0(x12)         x11=00000028 x12:1c00234a  PA:1c00234a
            20019500           20004 1c001ba2 00160493 addi             x9, x12, 1           x9=1c00234b x12:1c00234a
            20020500           20005 1c001ba6 00059e63 bne              x11, x0, 28         x11:00000028
            20023500           20008 1c001bc2 01458563 beq              x11, x20, 10        x11:00000028 x20:00000025
            20024500           20009 1c001bc6 01200533 add              x10, x0, x18        x10=00000000 x18:00000000
            20025500           20010 1c001bc8 000980e7 jalr             x1, x19, 0           x1=1c001bca x19:1c001776
            20027500           20012 1c001776 00b00533 add              x10, x0, x11        x10=00000028 x11:00000028
            20028500           20013 1c001778 fddff06f jal              x0, -36            
            20030500           20015 1c001754 000026b7 lui              x13, 0x2000         x13=00002000
            20031500           20016 1c001756 f14027f3 csrrs            x15, x0, 0xf14      x15=00000065
            20032500           20017 1c00175a f8068693 addi             x13, x13, -128      x13=00001f80 x13:00002000
            20033500           20018 1c00175e 00379713 slli             x14, x15, 0x3       x14=00000328 x15:00000065
            20034500           20019 1c001762 00279793 slli             x15, x15, 0x2       x15=00000194 x15:00000065
            20035500           20020 1c001764 ee873733 p.bclr           x14, x14, 23, 8     x14=00000028 x14:00000328
            20036500           20021 1c001768 00d7f7b3 and              x15, x15, x13       x15=00000180 x15:00000194 x13:00001f80
            20037500           20022 1c00176a 00e787b3 add              x15, x15, x14       x15=000001a8 x15:00000180 x14:00000028
            20038500           20023 1c00176c 1a104737 lui              x14, 0x1a104000     x14=1a104000
            20039500           20024 1c001770 00a767a3 p.sw             x10, x0(x14)        x10:00000028 x14:1a104000  PA:1a1041a8
            20043500           20028 1c001774 00008067 jalr             x0, x1, 0            x1:1c001bca
            20044500           20029 1c001bca 16a0006f jal              x0, 362            
            20046500           20031 1c001d34 00900633 add              x12, x0, x9         x12=1c00234b  x9:1c00234b
            20047500           20032 1c001d36 e69ff06f jal              x0, -408           
            20050500           20035 1c001b9e 00064583 lbu              x11, 0(x12)         x11=00000025 x12:1c00234b  PA:1c00234b
            20065500           20050 1c001ba2 00160493 addi             x9, x12, 1           x9=1c00234c x12:1c00234b
            20066500           20051 1c001ba6 00059e63 bne              x11, x0, 28         x11:00000025
            20069500           20054 1c001bc2 01458563 beq              x11, x20, 10        x11:00000025 x20:00000025
            20072500           20057 1c001bcc 00414783 lbu              x15, 4(x2)          x15=000000xx  x2:10cff760  PA:10cff764
            20073500           20058 1c001bd0 00012423 sw               x0, 8(x2)            x2:10cff760  PA:10cff768
            20074500           20059 1c001bd2 00010623 sb               x0, 12(x2)           x2:10cff760  PA:10cff76c
            20075500           20060 1c001bd6 c00027b3 p.insert         x15, x0, 0, 0       x15=000000xX x15:000000xx
            20076500           20061 1c001bda c01027b3 p.insert         x15, x0, 0, 1       x15=000000xX x15:000000xX
            20091500           20076 1c001bde c03027b3 p.insert         x15, x0, 0, 3       x15=000000xX x15:000000xX
            20092500           20077 1c001be2 00f10223 sb               x15, 4(x2)          x15:000000xX  x2:10cff760  PA:10cff764
            20097500           20082 1c001be6 00000713 addi             x14, x0, 0          x14=00000000
            20098500           20083 1c001be8 00000613 addi             x12, x0, 0          x12=00000000
            20099500           20084 1c001bea 00000693 addi             x13, x0, 0          x13=00000000
            20100500           20085 1c001bec 00000513 addi             x10, x0, 0          x10=00000000
            20101500           20086 1c001bee 00000593 addi             x11, x0, 0          x11=00000000
            20113500           20098 1c001bf0 03000813 addi             x16, x0, 48         x16=00000030
            20114500           20099 1c001bf4 02300893 addi             x17, x0, 35         x17=00000023
            20115500           20100 1c001bf8 0004c783 lbu              x15, 0(x9)          x15=00000069  x9:1c00234c  PA:1c00234c
            20140500           20125 1c001bfc 00148c13 addi             x24, x9, 1          x24=1c00234d  x9:1c00234c
            20141500           20126 1c001c00 04079163 bne              x15, x0, 66         x15:00000069
            20156500           20141 1c001c42 01778c63 beq              x15, x23, 24        x15:00000069 x23:0000002d
            20157500           20142 1c001c46 01078663 beq              x15, x16, 12        x15:00000069 x16:00000030
            20158500           20143 1c001c4a fb179ce3 bne              x15, x17, -72       x15:00000069 x17:00000023
            20180500           20165 1c001c02 00050763 beq              x10, x0, 14         x10:00000000
            20199500           20184 1c001c10 00060763 beq              x12, x0, 14         x12:00000000
            20202500           20187 1c001c1e 00070763 beq              x14, x0, 14         x14:00000000
            20220500           20205 1c001c2c fd078713 addi             x14, x15, -48       x14=00000039 x15:00000069
            20239500           20224 1c001c30 0ff77713 andi             x14, x14, 255       x14=00000039 x14:00000039
            20240500           20225 1c001c34 00900693 addi             x13, x0, 9          x13=00000009
            20241500           20226 1c001c36 04e6eb63 bltu             x13, x14, 86        x13:00000009 x14:00000039
            20260500           20245 1c001c8c 02e00713 addi             x14, x0, 46         x14=0000002e
            20278500           20263 1c001c90 02e79163 bne              x15, x14, 34        x15:00000069 x14:0000002e
            20297500           20282 1c001cb2 07a00713 addi             x14, x0, 122        x14=0000007a
            20298500           20283 1c001cb6 04e79263 bne              x15, x14, 68        x15:00000069 x14:0000007a
            20336500           20321 1c001cfa 06c00713 addi             x14, x0, 108        x14=0000006c
            20354500           20339 1c001cfe 20e79463 bne              x15, x14, 520       x15:00000069 x14:0000006c
            20373500           20358 1c001f06 06900713 addi             x14, x0, 105        x14=00000069
            20374500           20359 1c001f0a 02e78a63 beq              x15, x14, 52        x15:00000069 x14:00000069
            20408500           20393 1c001f3e 018004b3 add              x9, x0, x24          x9=1c00234d x24:1c00234d
            20427500           20412 1c001f40 00000793 addi             x15, x0, 0          x15=00000000
            20428500           20413 1c001f42 e09ff06f jal              x0, -504           
            20446500           20431 1c001d4a 00a00713 addi             x14, x0, 10         x14=0000000a
            20447500           20432 1c001d4c 00e12823 sw               x14, 16(x2)         x14:0000000a  x2:10cff760  PA:10cff770
            20464500           20449 1c001d4e 0e27b363 p.bneimm         x15, 230            x15:00000000
            20483500           20468 1c001e34 00440c13 addi             x24, x8, 4          x24=10cff7e8  x8:10cff7e4
            20484500           20469 1c001e38 00042503 lw               x10, 0(x8)          x10=00000003  x8:10cff7e4  PA:10cff7e4
            20490500           20475 1c001e3a 0017bd63 p.bneimm         x15, 26             x15:00000000
            20519500           20504 1c001e54 00055863 bge              x10, x0, 16         x10:00000003
            20538500           20523 1c001e64 00410593 addi             x11, x2, 4          x11=10cff764  x2:10cff760
            20539500           20524 1c001e66 b99ff0ef jal              x1, -1128            x1=1c001e68
            20557500           20542 1c0019fe 0105a683 lw               x13, 16(x11)        x13=10cff778 x11:10cff764  PA:10cff774
            20574500           20559 1c001a00 00c5a703 lw               x14, 12(x11)        x14=0000000a x11:10cff764  PA:10cff770
            20579500           20564 1c001a02 00100793 addi             x15, x0, 1          x15=00000001
            20580500           20565 1c001a04 02f55633 divu             x12, x10, x15       x12=00000003 x10:00000003 x15:00000001
            20614500           20599 1c001a08 00e67863 bgeu             x12, x14, 16        x12:00000003 x14:0000000a
            20615500           20600 1c001a0c 00000613 addi             x12, x0, 0          x12=00000000
            20616500           20601 1c001a0e 00900313 addi             x6, x0, 9            x6=00000009
            20617500           20602 1c001a10 00079763 bne              x15, x0, 14         x15:00000001
            20620500           20605 1c001a1e 00c5a703 lw               x14, 12(x11)        x14=0000000a x11:10cff764  PA:10cff770
            20634500           20619 1c001a20 02f55833 divu             x16, x10, x15       x16=00000003 x10:00000003 x15:00000001
            20668500           20653 1c001a24 02f57533 remu             x10, x10, x15       x10=00000000 x10:00000003 x15:00000001
            20702500           20687 1c001a28 02e7d7b3 divu             x15, x15, x14       x15=00000000 x15:00000001 x14:0000000a
            20733500           20718 1c001a2c 00061763 bne              x12, x0, 14         x12:00000000
            20734500           20719 1c001a2e 01004663 blt              x0, x16, 12         x16:00000003
            20737500           20722 1c001a3a 03000713 addi             x14, x0, 48         x14=00000030
            20758500           20743 1c001a3e 01035c63 bge              x6, x16, 24          x6:00000009 x16:00000003
            20780500           20765 1c001a56 01070733 add              x14, x14, x16       x14=00000033 x14:00000030 x16:00000003
            20781500           20766 1c001a58 00e68023 sb               x14, 0(x13)         x14:00000033 x13:10cff778  PA:10cff778
            20786500           20771 1c001a5c 00160613 addi             x12, x12, 1         x12=00000001 x12:00000000
            20787500           20772 1c001a5e 00168693 addi             x13, x13, 1         x13=10cff779 x13:10cff778
            20800500           20785 1c001a60 fb1ff06f jal              x0, -80            
            20802500           20787 1c001a10 00079763 bne              x15, x0, 14         x15:00000000
            20803500           20788 1c001a12 00068023 sb               x0, 0(x13)          x13:10cff779  PA:10cff779
            20807500           20792 1c001a16 00008067 jalr             x0, x1, 0            x1:1c001e68
            20808500           20793 1c001e68 f17ff06f jal              x0, -234           
            20825500           20810 1c001d7e 00410613 addi             x12, x2, 4          x12=10cff764  x2:10cff760
            20842500           20827 1c001d80 013005b3 add              x11, x0, x19        x11=1c001776 x19:1c001776
            20843500           20828 1c001d82 01200533 add              x10, x0, x18        x10=00000000 x18:00000000
            20844500           20829 1c001d84 cdfff0ef jal              x1, -802             x1=1c001d86
            20846500           20831 1c001a62 fe010113 addi             x2, x2, -32          x2=10cff740  x2:10cff760
            20847500           20832 1c001a64 00812c23 sw               x8, 24(x2)           x8:10cff7e4  x2:10cff740  PA:10cff758
            20854500           20839 1c001a66 01062783 lw               x15, 16(x12)        x15=10cff778 x12:10cff764  PA:10cff774
            20855500           20840 1c001a68 00462403 lw               x8, 4(x12)           x8=00000000 x12:10cff764  PA:10cff768
            20856500           20841 1c001a6a 00912a23 sw               x9, 20(x2)           x9:1c00234d  x2:10cff740  PA:10cff754
            20857500           20842 1c001a6c 01212823 sw               x18, 16(x2)         x18:00000000  x2:10cff740  PA:10cff750
            20858500           20843 1c001a6e 01312623 sw               x19, 12(x2)         x19:1c001776  x2:10cff740  PA:10cff74c
            20868500           20853 1c001a70 00112e23 sw               x1, 28(x2)           x1:1c001d86  x2:10cff740  PA:10cff75c
            20874500           20859 1c001a72 01412423 sw               x20, 8(x2)          x20:00000025  x2:10cff740  PA:10cff748
            20875500           20860 1c001a74 00a00933 add              x18, x0, x10        x18=00000000 x10:00000000
            20876500           20861 1c001a76 00b009b3 add              x19, x0, x11        x19=1c001776 x11:1c001776
            20877500           20862 1c001a78 00c004b3 add              x9, x0, x12          x9=10cff764 x12:10cff764
            20878500           20863 1c001a7a 0017c70b p.lbu            x14, 1(x15!)        x14=00000033 x15=10cff779 x15:10cff778  PA:10cff778
            20880500           20865 1c001a7e 00070363 beq              x14, x0, 6          x14:00000033
            20892500           20877 1c001a80 08804863 blt              x0, x8, 144          x8:00000000
            20893500           20878 1c001a84 0084c783 lbu              x15, 8(x9)          x15=00000000  x9:10cff764  PA:10cff76c
            20897500           20882 1c001a88 00078263 beq              x15, x0, 4          x15:00000000
            20900500           20885 1c001a8c 0004c783 lbu              x15, 0(x9)          x15=000000xX  x9:10cff764  PA:10cff764
            20915500           20900 1c001a90 0027f713 andi             x14, x15, 2         x14=00000000 x15:000000xX
            20916500           20901 1c001a94 00070663 beq              x14, x0, 12         x14:00000000
            20935500           20920 1c001aa0 0097f793 andi             x15, x15, 9         x15=00000000 x15:000000xX
            20936500           20921 1c001aa2 00800a33 add              x20, x0, x8         x20=00000000  x8:00000000
            20937500           20922 1c001aa4 08078163 beq              x15, x0, 130        x15:00000000
            20957500           20942 1c001b26 ff404be3 blt              x0, x20, -10        x20:00000000
            20958500           20943 1c001b2a fff40793 addi             x15, x8, -1         x15=ffffffff  x8:00000000
            20975500           20960 1c001b2e 04046433 p.max            x8, x8, x0           x8=00000000  x8:00000000
            20976500           20961 1c001b32 40878433 sub              x8, x15, x8          x8=ffffffff x15:ffffffff  x8:00000000
            20977500           20962 1c001b36 f71ff06f jal              x0, -144           
            20979500           20964 1c001aa6 0084c583 lbu              x11, 8(x9)          x11=00000000  x9:10cff764  PA:10cff76c
            20984500           20969 1c001aaa 00058363 beq              x11, x0, 6          x11:00000000
            20999500           20984 1c001ab0 0004c783 lbu              x15, 0(x9)          x15=000000xX  x9:10cff764  PA:10cff764
            21004500           20989 1c001ab4 0027f793 andi             x15, x15, 2         x15=00000000 x15:000000xX
            21005500           20990 1c001ab6 02078363 beq              x15, x0, 38         x15:00000000
            21021500           21006 1c001adc 0004c783 lbu              x15, 0(x9)          x15=000000xX  x9:10cff764  PA:10cff764
            21038500           21023 1c001ae0 00800a33 add              x20, x0, x8         x20=ffffffff  x8:ffffffff
            21039500           21024 1c001ae2 fc17b7b3 p.bclr           x15, x15, 30, 1     x15=00000000 x15:000000xX
            21040500           21025 1c001ae6 06079363 bne              x15, x0, 102        x15:00000000
            21041500           21026 1c001ae8 0104aa03 lw               x20, 16(x9)         x20=10cff778  x9:10cff764  PA:10cff774
            21046500           21031 1c001aec 001a458b p.lbu            x11, 1(x20!)        x11=00000033 x20=10cff779 x20:10cff778  PA:10cff778
            21062500           21047 1c001af0 06059763 bne              x11, x0, 110        x11:00000033
            21081500           21066 1c001b5e 01200533 add              x10, x0, x18        x10=00000000 x18:00000000
            21101500           21086 1c001b60 000980e7 jalr             x1, x19, 0           x1=1c001b62 x19:1c001776
            21103500           21088 1c001776 00b00533 add              x10, x0, x11        x10=00000033 x11:00000033
            21104500           21089 1c001778 fddff06f jal              x0, -36            
            21106500           21091 1c001754 000026b7 lui              x13, 0x2000         x13=00002000
            21107500           21092 1c001756 f14027f3 csrrs            x15, x0, 0xf14      x15=00000065
            21108500           21093 1c00175a f8068693 addi             x13, x13, -128      x13=00001f80 x13:00002000
            21109500           21094 1c00175e 00379713 slli             x14, x15, 0x3       x14=00000328 x15:00000065
            21110500           21095 1c001762 00279793 slli             x15, x15, 0x2       x15=00000194 x15:00000065
            21111500           21096 1c001764 ee873733 p.bclr           x14, x14, 23, 8     x14=00000028 x14:00000328
            21112500           21097 1c001768 00d7f7b3 and              x15, x15, x13       x15=00000180 x15:00000194 x13:00001f80
            21113500           21098 1c00176a 00e787b3 add              x15, x15, x14       x15=000001a8 x15:00000180 x14:00000028
            21114500           21099 1c00176c 1a104737 lui              x14, 0x1a104000     x14=1a104000
            21115500           21100 1c001770 00a767a3 p.sw             x10, x0(x14)        x10:00000033 x14:1a104000  PA:1a1041a8
            21119500           21104 1c001774 00008067 jalr             x0, x1, 0            x1:1c001b62
            21120500           21105 1c001b62 f8bff06f jal              x0, -118           
            21122500           21107 1c001aec 001a458b p.lbu            x11, 1(x20!)        x11=00000000 x20=10cff77a x20:10cff779  PA:10cff779
            21127500           21112 1c001af0 06059763 bne              x11, x0, 110        x11:00000000
            21128500           21113 1c001af2 0004c783 lbu              x15, 0(x9)          x15=000000xX  x9:10cff764  PA:10cff764
            21130500           21115 1c001af6 0097f793 andi             x15, x15, 9         x15=00000000 x15:000000xX
            21131500           21116 1c001af8 0087b463 p.bneimm         x15, 8              x15:00000000
            21155500           21140 1c001b00 01c12083 lw               x1, 28(x2)           x1=1c001d86  x2:10cff740  PA:10cff75c
            21160500           21145 1c001b02 01812403 lw               x8, 24(x2)           x8=10cff7e4  x2:10cff740  PA:10cff758
            21161500           21146 1c001b04 01412483 lw               x9, 20(x2)           x9=1c00234d  x2:10cff740  PA:10cff754
            21162500           21147 1c001b06 01012903 lw               x18, 16(x2)         x18=00000000  x2:10cff740  PA:10cff750
            21163500           21148 1c001b08 00c12983 lw               x19, 12(x2)         x19=1c001776  x2:10cff740  PA:10cff74c
            21164500           21149 1c001b0a 00812a03 lw               x20, 8(x2)          x20=00000025  x2:10cff740  PA:10cff748
            21165500           21150 1c001b0c 02010113 addi             x2, x2, 32           x2=10cff760  x2:10cff740
            21166500           21151 1c001b0e 00008067 jalr             x0, x1, 0            x1:1c001d86
            21179500           21164 1c001d86 01800433 add              x8, x0, x24          x8=10cff7e8 x24:10cff7e8
            21180500           21165 1c001d88 fadff06f jal              x0, -84            
            21182500           21167 1c001d34 00900633 add              x12, x0, x9         x12=1c00234d  x9:1c00234d
            21183500           21168 1c001d36 e69ff06f jal              x0, -408           
            21186500           21171 1c001b9e 00064583 lbu              x11, 0(x12)         x11=0000002c x12:1c00234d  PA:1c00234d
            21217500           21202 1c001ba2 00160493 addi             x9, x12, 1           x9=1c00234e x12:1c00234d
            21218500           21203 1c001ba6 00059e63 bne              x11, x0, 28         x11:0000002c
            21221500           21206 1c001bc2 01458563 beq              x11, x20, 10        x11:0000002c x20:00000025
            21222500           21207 1c001bc6 01200533 add              x10, x0, x18        x10=00000000 x18:00000000
            21223500           21208 1c001bc8 000980e7 jalr             x1, x19, 0           x1=1c001bca x19:1c001776
            21225500           21210 1c001776 00b00533 add              x10, x0, x11        x10=0000002c x11:0000002c
            21226500           21211 1c001778 fddff06f jal              x0, -36            
            21228500           21213 1c001754 000026b7 lui              x13, 0x2000         x13=00002000
            21229500           21214 1c001756 f14027f3 csrrs            x15, x0, 0xf14      x15=00000065
            21230500           21215 1c00175a f8068693 addi             x13, x13, -128      x13=00001f80 x13:00002000
            21231500           21216 1c00175e 00379713 slli             x14, x15, 0x3       x14=00000328 x15:00000065
            21232500           21217 1c001762 00279793 slli             x15, x15, 0x2       x15=00000194 x15:00000065
            21233500           21218 1c001764 ee873733 p.bclr           x14, x14, 23, 8     x14=00000028 x14:00000328
            21234500           21219 1c001768 00d7f7b3 and              x15, x15, x13       x15=00000180 x15:00000194 x13:00001f80
            21235500           21220 1c00176a 00e787b3 add              x15, x15, x14       x15=000001a8 x15:00000180 x14:00000028
            21236500           21221 1c00176c 1a104737 lui              x14, 0x1a104000     x14=1a104000
            21237500           21222 1c001770 00a767a3 p.sw             x10, x0(x14)        x10:0000002c x14:1a104000  PA:1a1041a8
            21241500           21226 1c001774 00008067 jalr             x0, x1, 0            x1:1c001bca
            21242500           21227 1c001bca 16a0006f jal              x0, 362            
            21244500           21229 1c001d34 00900633 add              x12, x0, x9         x12=1c00234e  x9:1c00234e
            21245500           21230 1c001d36 e69ff06f jal              x0, -408           
            21248500           21233 1c001b9e 00064583 lbu              x11, 0(x12)         x11=00000020 x12:1c00234e  PA:1c00234e
            21263500           21248 1c001ba2 00160493 addi             x9, x12, 1           x9=1c00234f x12:1c00234e
            21264500           21249 1c001ba6 00059e63 bne              x11, x0, 28         x11:00000020
            21267500           21252 1c001bc2 01458563 beq              x11, x20, 10        x11:00000020 x20:00000025
            21268500           21253 1c001bc6 01200533 add              x10, x0, x18        x10=00000000 x18:00000000
            21269500           21254 1c001bc8 000980e7 jalr             x1, x19, 0           x1=1c001bca x19:1c001776
            21271500           21256 1c001776 00b00533 add              x10, x0, x11        x10=00000020 x11:00000020
            21272500           21257 1c001778 fddff06f jal              x0, -36            
            21274500           21259 1c001754 000026b7 lui              x13, 0x2000         x13=00002000
            21275500           21260 1c001756 f14027f3 csrrs            x15, x0, 0xf14      x15=00000065
            21276500           21261 1c00175a f8068693 addi             x13, x13, -128      x13=00001f80 x13:00002000
            21277500           21262 1c00175e 00379713 slli             x14, x15, 0x3       x14=00000328 x15:00000065
            21278500           21263 1c001762 00279793 slli             x15, x15, 0x2       x15=00000194 x15:00000065
            21279500           21264 1c001764 ee873733 p.bclr           x14, x14, 23, 8     x14=00000028 x14:00000328
            21280500           21265 1c001768 00d7f7b3 and              x15, x15, x13       x15=00000180 x15:00000194 x13:00001f80
            21281500           21266 1c00176a 00e787b3 add              x15, x15, x14       x15=000001a8 x15:00000180 x14:00000028
            21282500           21267 1c00176c 1a104737 lui              x14, 0x1a104000     x14=1a104000
            21283500           21268 1c001770 00a767a3 p.sw             x10, x0(x14)        x10:00000020 x14:1a104000  PA:1a1041a8
            21287500           21272 1c001774 00008067 jalr             x0, x1, 0            x1:1c001bca
            21288500           21273 1c001bca 16a0006f jal              x0, 362            
            21290500           21275 1c001d34 00900633 add              x12, x0, x9         x12=1c00234f  x9:1c00234f
            21291500           21276 1c001d36 e69ff06f jal              x0, -408           
            21294500           21279 1c001b9e 00064583 lbu              x11, 0(x12)         x11=00000025 x12:1c00234f  PA:1c00234f
            21310500           21295 1c001ba2 00160493 addi             x9, x12, 1           x9=1c002350 x12:1c00234f
            21311500           21296 1c001ba6 00059e63 bne              x11, x0, 28         x11:00000025
            21314500           21299 1c001bc2 01458563 beq              x11, x20, 10        x11:00000025 x20:00000025
            21317500           21302 1c001bcc 00414783 lbu              x15, 4(x2)          x15=000000xX  x2:10cff760  PA:10cff764
            21318500           21303 1c001bd0 00012423 sw               x0, 8(x2)            x2:10cff760  PA:10cff768
            21319500           21304 1c001bd2 00010623 sb               x0, 12(x2)           x2:10cff760  PA:10cff76c
            21320500           21305 1c001bd6 c00027b3 p.insert         x15, x0, 0, 0       x15=000000xX x15:000000xX
            21321500           21306 1c001bda c01027b3 p.insert         x15, x0, 0, 1       x15=000000xX x15:000000xX
            21322500           21307 1c001bde c03027b3 p.insert         x15, x0, 0, 3       x15=000000xX x15:000000xX
            21323500           21308 1c001be2 00f10223 sb               x15, 4(x2)          x15:000000xX  x2:10cff760  PA:10cff764
            21325500           21310 1c001be6 00000713 addi             x14, x0, 0          x14=00000000
            21326500           21311 1c001be8 00000613 addi             x12, x0, 0          x12=00000000
            21327500           21312 1c001bea 00000693 addi             x13, x0, 0          x13=00000000
            21328500           21313 1c001bec 00000513 addi             x10, x0, 0          x10=00000000
            21329500           21314 1c001bee 00000593 addi             x11, x0, 0          x11=00000000
            21330500           21315 1c001bf0 03000813 addi             x16, x0, 48         x16=00000030
            21331500           21316 1c001bf4 02300893 addi             x17, x0, 35         x17=00000023
            21332500           21317 1c001bf8 0004c783 lbu              x15, 0(x9)          x15=00000069  x9:1c002350  PA:1c002350
            21346500           21331 1c001bfc 00148c13 addi             x24, x9, 1          x24=1c002351  x9:1c002350
            21347500           21332 1c001c00 04079163 bne              x15, x0, 66         x15:00000069
            21350500           21335 1c001c42 01778c63 beq              x15, x23, 24        x15:00000069 x23:0000002d
            21351500           21336 1c001c46 01078663 beq              x15, x16, 12        x15:00000069 x16:00000030
            21352500           21337 1c001c4a fb179ce3 bne              x15, x17, -72       x15:00000069 x17:00000023
            21355500           21340 1c001c02 00050763 beq              x10, x0, 14         x10:00000000
            21358500           21343 1c001c10 00060763 beq              x12, x0, 14         x12:00000000
            21361500           21346 1c001c1e 00070763 beq              x14, x0, 14         x14:00000000
            21364500           21349 1c001c2c fd078713 addi             x14, x15, -48       x14=00000039 x15:00000069
            21365500           21350 1c001c30 0ff77713 andi             x14, x14, 255       x14=00000039 x14:00000039
            21366500           21351 1c001c34 00900693 addi             x13, x0, 9          x13=00000009
            21367500           21352 1c001c36 04e6eb63 bltu             x13, x14, 86        x13:00000009 x14:00000039
            21370500           21355 1c001c8c 02e00713 addi             x14, x0, 46         x14=0000002e
            21371500           21356 1c001c90 02e79163 bne              x15, x14, 34        x15:00000069 x14:0000002e
            21374500           21359 1c001cb2 07a00713 addi             x14, x0, 122        x14=0000007a
            21375500           21360 1c001cb6 04e79263 bne              x15, x14, 68        x15:00000069 x14:0000007a
            21378500           21363 1c001cfa 06c00713 addi             x14, x0, 108        x14=0000006c
            21380500           21365 1c001cfe 20e79463 bne              x15, x14, 520       x15:00000069 x14:0000006c
            21383500           21368 1c001f06 06900713 addi             x14, x0, 105        x14=00000069
            21384500           21369 1c001f0a 02e78a63 beq              x15, x14, 52        x15:00000069 x14:00000069
            21387500           21372 1c001f3e 018004b3 add              x9, x0, x24          x9=1c002351 x24:1c002351
            21388500           21373 1c001f40 00000793 addi             x15, x0, 0          x15=00000000
            21389500           21374 1c001f42 e09ff06f jal              x0, -504           
            21391500           21376 1c001d4a 00a00713 addi             x14, x0, 10         x14=0000000a
            21392500           21377 1c001d4c 00e12823 sw               x14, 16(x2)         x14:0000000a  x2:10cff760  PA:10cff770
            21393500           21378 1c001d4e 0e27b363 p.bneimm         x15, 230            x15:00000000
            21396500           21381 1c001e34 00440c13 addi             x24, x8, 4          x24=10cff7ec  x8:10cff7e8
            21397500           21382 1c001e38 00042503 lw               x10, 0(x8)          x10=00000005  x8:10cff7e8  PA:10cff7e8
            21398500           21383 1c001e3a 0017bd63 p.bneimm         x15, 26             x15:00000000
            21401500           21386 1c001e54 00055863 bge              x10, x0, 16         x10:00000005
            21404500           21389 1c001e64 00410593 addi             x11, x2, 4          x11=10cff764  x2:10cff760
            21405500           21390 1c001e66 b99ff0ef jal              x1, -1128            x1=1c001e68
            21407500           21392 1c0019fe 0105a683 lw               x13, 16(x11)        x13=10cff778 x11:10cff764  PA:10cff774
            21408500           21393 1c001a00 00c5a703 lw               x14, 12(x11)        x14=0000000a x11:10cff764  PA:10cff770
            21409500           21394 1c001a02 00100793 addi             x15, x0, 1          x15=00000001
            21410500           21395 1c001a04 02f55633 divu             x12, x10, x15       x12=00000005 x10:00000005 x15:00000001
            21444500           21429 1c001a08 00e67863 bgeu             x12, x14, 16        x12:00000005 x14:0000000a
            21445500           21430 1c001a0c 00000613 addi             x12, x0, 0          x12=00000000
            21446500           21431 1c001a0e 00900313 addi             x6, x0, 9            x6=00000009
            21447500           21432 1c001a10 00079763 bne              x15, x0, 14         x15:00000001
            21450500           21435 1c001a1e 00c5a703 lw               x14, 12(x11)        x14=0000000a x11:10cff764  PA:10cff770
            21451500           21436 1c001a20 02f55833 divu             x16, x10, x15       x16=00000005 x10:00000005 x15:00000001
            21485500           21470 1c001a24 02f57533 remu             x10, x10, x15       x10=00000000 x10:00000005 x15:00000001
            21519500           21504 1c001a28 02e7d7b3 divu             x15, x15, x14       x15=00000000 x15:00000001 x14:0000000a
            21550500           21535 1c001a2c 00061763 bne              x12, x0, 14         x12:00000000
            21551500           21536 1c001a2e 01004663 blt              x0, x16, 12         x16:00000005
            21554500           21539 1c001a3a 03000713 addi             x14, x0, 48         x14=00000030
            21556500           21541 1c001a3e 01035c63 bge              x6, x16, 24          x6:00000009 x16:00000005
            21559500           21544 1c001a56 01070733 add              x14, x14, x16       x14=00000035 x14:00000030 x16:00000005
            21560500           21545 1c001a58 00e68023 sb               x14, 0(x13)         x14:00000035 x13:10cff778  PA:10cff778
            21561500           21546 1c001a5c 00160613 addi             x12, x12, 1         x12=00000001 x12:00000000
            21562500           21547 1c001a5e 00168693 addi             x13, x13, 1         x13=10cff779 x13:10cff778
            21563500           21548 1c001a60 fb1ff06f jal              x0, -80            
            21565500           21550 1c001a10 00079763 bne              x15, x0, 14         x15:00000000
            21566500           21551 1c001a12 00068023 sb               x0, 0(x13)          x13:10cff779  PA:10cff779
            21567500           21552 1c001a16 00008067 jalr             x0, x1, 0            x1:1c001e68
            21569500           21554 1c001e68 f17ff06f jal              x0, -234           
            21571500           21556 1c001d7e 00410613 addi             x12, x2, 4          x12=10cff764  x2:10cff760
            21572500           21557 1c001d80 013005b3 add              x11, x0, x19        x11=1c001776 x19:1c001776
            21573500           21558 1c001d82 01200533 add              x10, x0, x18        x10=00000000 x18:00000000
            21574500           21559 1c001d84 cdfff0ef jal              x1, -802             x1=1c001d86
            21576500           21561 1c001a62 fe010113 addi             x2, x2, -32          x2=10cff740  x2:10cff760
            21577500           21562 1c001a64 00812c23 sw               x8, 24(x2)           x8:10cff7e8  x2:10cff740  PA:10cff758
            21578500           21563 1c001a66 01062783 lw               x15, 16(x12)        x15=10cff778 x12:10cff764  PA:10cff774
            21579500           21564 1c001a68 00462403 lw               x8, 4(x12)           x8=00000000 x12:10cff764  PA:10cff768
            21580500           21565 1c001a6a 00912a23 sw               x9, 20(x2)           x9:1c002351  x2:10cff740  PA:10cff754
            21581500           21566 1c001a6c 01212823 sw               x18, 16(x2)         x18:00000000  x2:10cff740  PA:10cff750
            21582500           21567 1c001a6e 01312623 sw               x19, 12(x2)         x19:1c001776  x2:10cff740  PA:10cff74c
            21583500           21568 1c001a70 00112e23 sw               x1, 28(x2)           x1:1c001d86  x2:10cff740  PA:10cff75c
            21584500           21569 1c001a72 01412423 sw               x20, 8(x2)          x20:00000025  x2:10cff740  PA:10cff748
            21585500           21570 1c001a74 00a00933 add              x18, x0, x10        x18=00000000 x10:00000000
            21586500           21571 1c001a76 00b009b3 add              x19, x0, x11        x19=1c001776 x11:1c001776
            21587500           21572 1c001a78 00c004b3 add              x9, x0, x12          x9=10cff764 x12:10cff764
            21588500           21573 1c001a7a 0017c70b p.lbu            x14, 1(x15!)        x14=00000035 x15=10cff779 x15:10cff778  PA:10cff778
            21590500           21575 1c001a7e 00070363 beq              x14, x0, 6          x14:00000035
            21591500           21576 1c001a80 08804863 blt              x0, x8, 144          x8:00000000
            21592500           21577 1c001a84 0084c783 lbu              x15, 8(x9)          x15=00000000  x9:10cff764  PA:10cff76c
            21594500           21579 1c001a88 00078263 beq              x15, x0, 4          x15:00000000
            21597500           21582 1c001a8c 0004c783 lbu              x15, 0(x9)          x15=000000xX  x9:10cff764  PA:10cff764
            21599500           21584 1c001a90 0027f713 andi             x14, x15, 2         x14=00000000 x15:000000xX
            21600500           21585 1c001a94 00070663 beq              x14, x0, 12         x14:00000000
            21603500           21588 1c001aa0 0097f793 andi             x15, x15, 9         x15=00000000 x15:000000xX
            21604500           21589 1c001aa2 00800a33 add              x20, x0, x8         x20=00000000  x8:00000000
            21605500           21590 1c001aa4 08078163 beq              x15, x0, 130        x15:00000000
            21608500           21593 1c001b26 ff404be3 blt              x0, x20, -10        x20:00000000
            21609500           21594 1c001b2a fff40793 addi             x15, x8, -1         x15=ffffffff  x8:00000000
            21610500           21595 1c001b2e 04046433 p.max            x8, x8, x0           x8=00000000  x8:00000000
            21611500           21596 1c001b32 40878433 sub              x8, x15, x8          x8=ffffffff x15:ffffffff  x8:00000000
            21612500           21597 1c001b36 f71ff06f jal              x0, -144           
            21614500           21599 1c001aa6 0084c583 lbu              x11, 8(x9)          x11=00000000  x9:10cff764  PA:10cff76c
            21616500           21601 1c001aaa 00058363 beq              x11, x0, 6          x11:00000000
            21619500           21604 1c001ab0 0004c783 lbu              x15, 0(x9)          x15=000000xX  x9:10cff764  PA:10cff764
            21621500           21606 1c001ab4 0027f793 andi             x15, x15, 2         x15=00000000 x15:000000xX
            21622500           21607 1c001ab6 02078363 beq              x15, x0, 38         x15:00000000
            21625500           21610 1c001adc 0004c783 lbu              x15, 0(x9)          x15=000000xX  x9:10cff764  PA:10cff764
            21626500           21611 1c001ae0 00800a33 add              x20, x0, x8         x20=ffffffff  x8:ffffffff
            21627500           21612 1c001ae2 fc17b7b3 p.bclr           x15, x15, 30, 1     x15=00000000 x15:000000xX
            21628500           21613 1c001ae6 06079363 bne              x15, x0, 102        x15:00000000
            21629500           21614 1c001ae8 0104aa03 lw               x20, 16(x9)         x20=10cff778  x9:10cff764  PA:10cff774
            21631500           21616 1c001aec 001a458b p.lbu            x11, 1(x20!)        x11=00000035 x20=10cff779 x20:10cff778  PA:10cff778
            21633500           21618 1c001af0 06059763 bne              x11, x0, 110        x11:00000035
            21636500           21621 1c001b5e 01200533 add              x10, x0, x18        x10=00000000 x18:00000000
            21637500           21622 1c001b60 000980e7 jalr             x1, x19, 0           x1=1c001b62 x19:1c001776
            21639500           21624 1c001776 00b00533 add              x10, x0, x11        x10=00000035 x11:00000035
            21640500           21625 1c001778 fddff06f jal              x0, -36            
            21642500           21627 1c001754 000026b7 lui              x13, 0x2000         x13=00002000
            21643500           21628 1c001756 f14027f3 csrrs            x15, x0, 0xf14      x15=00000065
            21644500           21629 1c00175a f8068693 addi             x13, x13, -128      x13=00001f80 x13:00002000
            21645500           21630 1c00175e 00379713 slli             x14, x15, 0x3       x14=00000328 x15:00000065
            21646500           21631 1c001762 00279793 slli             x15, x15, 0x2       x15=00000194 x15:00000065
            21647500           21632 1c001764 ee873733 p.bclr           x14, x14, 23, 8     x14=00000028 x14:00000328
            21648500           21633 1c001768 00d7f7b3 and              x15, x15, x13       x15=00000180 x15:00000194 x13:00001f80
            21649500           21634 1c00176a 00e787b3 add              x15, x15, x14       x15=000001a8 x15:00000180 x14:00000028
            21650500           21635 1c00176c 1a104737 lui              x14, 0x1a104000     x14=1a104000
            21651500           21636 1c001770 00a767a3 p.sw             x10, x0(x14)        x10:00000035 x14:1a104000  PA:1a1041a8
            21655500           21640 1c001774 00008067 jalr             x0, x1, 0            x1:1c001b62
            21656500           21641 1c001b62 f8bff06f jal              x0, -118           
            21658500           21643 1c001aec 001a458b p.lbu            x11, 1(x20!)        x11=00000000 x20=10cff77a x20:10cff779  PA:10cff779
            21660500           21645 1c001af0 06059763 bne              x11, x0, 110        x11:00000000
            21661500           21646 1c001af2 0004c783 lbu              x15, 0(x9)          x15=000000xX  x9:10cff764  PA:10cff764
            21663500           21648 1c001af6 0097f793 andi             x15, x15, 9         x15=00000000 x15:000000xX
            21664500           21649 1c001af8 0087b463 p.bneimm         x15, 8              x15:00000000
            21667500           21652 1c001b00 01c12083 lw               x1, 28(x2)           x1=1c001d86  x2:10cff740  PA:10cff75c
            21668500           21653 1c001b02 01812403 lw               x8, 24(x2)           x8=10cff7e8  x2:10cff740  PA:10cff758
            21669500           21654 1c001b04 01412483 lw               x9, 20(x2)           x9=1c002351  x2:10cff740  PA:10cff754
            21670500           21655 1c001b06 01012903 lw               x18, 16(x2)         x18=00000000  x2:10cff740  PA:10cff750
            21671500           21656 1c001b08 00c12983 lw               x19, 12(x2)         x19=1c001776  x2:10cff740  PA:10cff74c
            21672500           21657 1c001b0a 00812a03 lw               x20, 8(x2)          x20=00000025  x2:10cff740  PA:10cff748
            21673500           21658 1c001b0c 02010113 addi             x2, x2, 32           x2=10cff760  x2:10cff740
            21674500           21659 1c001b0e 00008067 jalr             x0, x1, 0            x1:1c001d86
            21676500           21661 1c001d86 01800433 add              x8, x0, x24          x8=10cff7ec x24:10cff7ec
            21677500           21662 1c001d88 fadff06f jal              x0, -84            
            21679500           21664 1c001d34 00900633 add              x12, x0, x9         x12=1c002351  x9:1c002351
            21680500           21665 1c001d36 e69ff06f jal              x0, -408           
            21683500           21668 1c001b9e 00064583 lbu              x11, 0(x12)         x11=00000029 x12:1c002351  PA:1c002351
            21697500           21682 1c001ba2 00160493 addi             x9, x12, 1           x9=1c002352 x12:1c002351
            21698500           21683 1c001ba6 00059e63 bne              x11, x0, 28         x11:00000029
            21701500           21686 1c001bc2 01458563 beq              x11, x20, 10        x11:00000029 x20:00000025
            21702500           21687 1c001bc6 01200533 add              x10, x0, x18        x10=00000000 x18:00000000
            21703500           21688 1c001bc8 000980e7 jalr             x1, x19, 0           x1=1c001bca x19:1c001776
            21705500           21690 1c001776 00b00533 add              x10, x0, x11        x10=00000029 x11:00000029
            21706500           21691 1c001778 fddff06f jal              x0, -36            
            21708500           21693 1c001754 000026b7 lui              x13, 0x2000         x13=00002000
            21709500           21694 1c001756 f14027f3 csrrs            x15, x0, 0xf14      x15=00000065
            21710500           21695 1c00175a f8068693 addi             x13, x13, -128      x13=00001f80 x13:00002000
            21711500           21696 1c00175e 00379713 slli             x14, x15, 0x3       x14=00000328 x15:00000065
            21712500           21697 1c001762 00279793 slli             x15, x15, 0x2       x15=00000194 x15:00000065
            21713500           21698 1c001764 ee873733 p.bclr           x14, x14, 23, 8     x14=00000028 x14:00000328
            21714500           21699 1c001768 00d7f7b3 and              x15, x15, x13       x15=00000180 x15:00000194 x13:00001f80
            21715500           21700 1c00176a 00e787b3 add              x15, x15, x14       x15=000001a8 x15:00000180 x14:00000028
            21716500           21701 1c00176c 1a104737 lui              x14, 0x1a104000     x14=1a104000
            21717500           21702 1c001770 00a767a3 p.sw             x10, x0(x14)        x10:00000029 x14:1a104000  PA:1a1041a8
            21721500           21706 1c001774 00008067 jalr             x0, x1, 0            x1:1c001bca
            21722500           21707 1c001bca 16a0006f jal              x0, 362            
            21724500           21709 1c001d34 00900633 add              x12, x0, x9         x12=1c002352  x9:1c002352
            21725500           21710 1c001d36 e69ff06f jal              x0, -408           
            21728500           21713 1c001b9e 00064583 lbu              x11, 0(x12)         x11=00000021 x12:1c002352  PA:1c002352
            21742500           21727 1c001ba2 00160493 addi             x9, x12, 1           x9=1c002353 x12:1c002352
            21743500           21728 1c001ba6 00059e63 bne              x11, x0, 28         x11:00000021
            21746500           21731 1c001bc2 01458563 beq              x11, x20, 10        x11:00000021 x20:00000025
            21747500           21732 1c001bc6 01200533 add              x10, x0, x18        x10=00000000 x18:00000000
            21748500           21733 1c001bc8 000980e7 jalr             x1, x19, 0           x1=1c001bca x19:1c001776
            21750500           21735 1c001776 00b00533 add              x10, x0, x11        x10=00000021 x11:00000021
            21751500           21736 1c001778 fddff06f jal              x0, -36            
            21753500           21738 1c001754 000026b7 lui              x13, 0x2000         x13=00002000
            21754500           21739 1c001756 f14027f3 csrrs            x15, x0, 0xf14      x15=00000065
            21755500           21740 1c00175a f8068693 addi             x13, x13, -128      x13=00001f80 x13:00002000
            21756500           21741 1c00175e 00379713 slli             x14, x15, 0x3       x14=00000328 x15:00000065
            21757500           21742 1c001762 00279793 slli             x15, x15, 0x2       x15=00000194 x15:00000065
            21758500           21743 1c001764 ee873733 p.bclr           x14, x14, 23, 8     x14=00000028 x14:00000328
            21759500           21744 1c001768 00d7f7b3 and              x15, x15, x13       x15=00000180 x15:00000194 x13:00001f80
            21760500           21745 1c00176a 00e787b3 add              x15, x15, x14       x15=000001a8 x15:00000180 x14:00000028
            21761500           21746 1c00176c 1a104737 lui              x14, 0x1a104000     x14=1a104000
            21762500           21747 1c001770 00a767a3 p.sw             x10, x0(x14)        x10:00000021 x14:1a104000  PA:1a1041a8
            21766500           21751 1c001774 00008067 jalr             x0, x1, 0            x1:1c001bca
            21767500           21752 1c001bca 16a0006f jal              x0, 362            
            21769500           21754 1c001d34 00900633 add              x12, x0, x9         x12=1c002353  x9:1c002353
            21770500           21755 1c001d36 e69ff06f jal              x0, -408           
            21773500           21758 1c001b9e 00064583 lbu              x11, 0(x12)         x11=0000000a x12:1c002353  PA:1c002353
            21787500           21772 1c001ba2 00160493 addi             x9, x12, 1           x9=1c002354 x12:1c002353
            21788500           21773 1c001ba6 00059e63 bne              x11, x0, 28         x11:0000000a
            21791500           21776 1c001bc2 01458563 beq              x11, x20, 10        x11:0000000a x20:00000025
            21792500           21777 1c001bc6 01200533 add              x10, x0, x18        x10=00000000 x18:00000000
            21793500           21778 1c001bc8 000980e7 jalr             x1, x19, 0           x1=1c001bca x19:1c001776
            21795500           21780 1c001776 00b00533 add              x10, x0, x11        x10=0000000a x11:0000000a
            21796500           21781 1c001778 fddff06f jal              x0, -36            
            21798500           21783 1c001754 000026b7 lui              x13, 0x2000         x13=00002000
            21799500           21784 1c001756 f14027f3 csrrs            x15, x0, 0xf14      x15=00000065
            21800500           21785 1c00175a f8068693 addi             x13, x13, -128      x13=00001f80 x13:00002000
            21801500           21786 1c00175e 00379713 slli             x14, x15, 0x3       x14=00000328 x15:00000065
            21802500           21787 1c001762 00279793 slli             x15, x15, 0x2       x15=00000194 x15:00000065
            21803500           21788 1c001764 ee873733 p.bclr           x14, x14, 23, 8     x14=00000028 x14:00000328
            21804500           21789 1c001768 00d7f7b3 and              x15, x15, x13       x15=00000180 x15:00000194 x13:00001f80
            21805500           21790 1c00176a 00e787b3 add              x15, x15, x14       x15=000001a8 x15:00000180 x14:00000028
            21806500           21791 1c00176c 1a104737 lui              x14, 0x1a104000     x14=1a104000
            21807500           21792 1c001770 00a767a3 p.sw             x10, x0(x14)        x10:0000000a x14:1a104000  PA:1a1041a8
            21811500           21796 1c001774 00008067 jalr             x0, x1, 0            x1:1c001bca
            21812500           21797 1c001bca 16a0006f jal              x0, 362            
            21814500           21799 1c001d34 00900633 add              x12, x0, x9         x12=1c002354  x9:1c002354
            21815500           21800 1c001d36 e69ff06f jal              x0, -408           
            21818500           21803 1c001b9e 00064583 lbu              x11, 0(x12)         x11=00000000 x12:1c002354  PA:1c002354
            21832500           21817 1c001ba2 00160493 addi             x9, x12, 1           x9=1c002355 x12:1c002354
            21833500           21818 1c001ba6 00059e63 bne              x11, x0, 28         x11:00000000
            21834500           21819 1c001ba8 05c12083 lw               x1, 92(x2)           x1=1c001834  x2:10cff760  PA:10cff7bc
            21835500           21820 1c001baa 05812403 lw               x8, 88(x2)           x8=00000000  x2:10cff760  PA:10cff7b8
            21836500           21821 1c001bac 05412483 lw               x9, 84(x2)           x9=00000000  x2:10cff760  PA:10cff7b4
            21837500           21822 1c001bae 05012903 lw               x18, 80(x2)         x18=1b204000  x2:10cff760  PA:10cff7b0
            21841500           21826 1c001bb0 04c12983 lw               x19, 76(x2)         x19=00000005  x2:10cff760  PA:10cff7ac
            21845500           21830 1c001bb2 04812a03 lw               x20, 72(x2)         x20=1c00220c  x2:10cff760  PA:10cff7a8
            21846500           21831 1c001bb4 04412a83 lw               x21, 68(x2)         x21=1c002210  x2:10cff760  PA:10cff7a4
            21847500           21832 1c001bb6 04012b03 lw               x22, 64(x2)         x22=00000000  x2:10cff760  PA:10cff7a0
            21848500           21833 1c001bb8 03c12b83 lw               x23, 60(x2)         x23=00000000  x2:10cff760  PA:10cff79c
            21849500           21834 1c001bba 03812c03 lw               x24, 56(x2)         x24=00000000  x2:10cff760  PA:10cff798
            21850500           21835 1c001bbc 03412c83 lw               x25, 52(x2)         x25=00000000  x2:10cff760  PA:10cff794
            21851500           21836 1c001bbe 06010113 addi             x2, x2, 96           x2=10cff7c0  x2:10cff760
            21852500           21837 1c001bc0 00008067 jalr             x0, x1, 0            x1:1c001834
            21854500           21839 1c001834 01c12083 lw               x1, 28(x2)           x1=1c00220c  x2:10cff7c0  PA:10cff7dc
            21856500           21841 1c001836 00000513 addi             x10, x0, 0          x10=00000000
            21857500           21842 1c001838 04010113 addi             x2, x2, 64           x2=10cff800  x2:10cff7c0
            21858500           21843 1c00183a 00008067 jalr             x0, x1, 0            x1:1c00220c
            21860500           21845 1c00220c 21c96283 p.elw            x5, 540(x18)         x5=00000000 x18:1b204000  PA:1b20421c
