                Time          Cycles PC       Instr    Mnemonic
               96500              81 1c000080 0180006f jal              x0, 24             
              119500             104 1c000098 f1402573 csrrs            x10, x0, 0xf14      x10=00000001
              120500             105 1c00009c 01f57593 andi             x11, x10, 31        x11=00000001 x10:00000001
              143500             128 1c0000a0 00555513 srli             x10, x10, 0x5       x10=00000000 x10:00000001
              144500             129 1c0000a2 00058463 beq              x11, x0, 8          x11:00000001
              145500             130 1c0000a6 05a0206f jal              x0, 8282           
              166500             151 1c002100 000702b7 lui              x5, 0x70000          x5=00070000
              167500             152 1c002104 1b204337 lui              x6, 0x1b204000       x6=1b204000
              168500             153 1c002108 00532023 sw               x5, 0(x6)            x5:00070000  x6:1b204000  PA:1b204000
              169500             154 1c00210c 0e059163 bne              x11, x0, 226        x11:00000001
              239500             224 1c0021ee 1b204937 lui              x18, 0x1b204000     x18=1b204000
              240500             225 1c0021f2 f14029f3 csrrs            x19, x0, 0xf14      x19=00000001
              241500             226 1c0021f6 01f9f993 andi             x19, x19, 31        x19=00000001 x19:00000001
              242500             227 1c0021fa 00000a17 auipc            x20, 0x0            x20=1c0021fa
              259500             244 1c0021fe 012a0a13 addi             x20, x20, 18        x20=1c00220c x20:1c0021fa
              260500             245 1c002202 00000a97 auipc            x21, 0x0            x21=1c002202
              261500             246 1c002206 00ea8a93 addi             x21, x21, 14        x21=1c002210 x21:1c002202
              262500             247 1c00220a 0060006f jal              x0, 6              
              285500             270 1c002210 08096283 p.elw            x5, 128(x18)         x5=1c00222d x18:1b204000  PA:1b204080
             9629500            9614 1c002214 08096503 p.elw            x10, 128(x18)       x10=00000800 x18:1b204000  PA:1b204080
             9637500            9622 1c002218 0012f313 andi             x6, x5, 1            x6=00000001  x5:1c00222d
             9638500            9623 1c00221c 00031563 bne              x6, x0, 10           x6:00000001
             9656500            9641 1c002226 000a80b3 add              x1, x21, x0          x1=1c002210 x21:1c002210
             9657500            9642 1c00222a 00028067 jalr             x0, x5, 0            x5:1c00222d
             9659500            9644 1c00222c 08096283 p.elw            x5, 128(x18)         x5=100fc790 x18:1b204000  PA:1b204080
             9683500            9668 1c002230 02a98533 mul              x10, x19, x10       x10=00000800 x19:00000001 x10:00000800
             9684500            9669 1c002234 00550133 add              x2, x10, x5          x2=100fcf90 x10:00000800  x5:100fc790
             9685500            9670 1c002238 00008067 jalr             x0, x1, 0            x1:1c002210
             9705500            9690 1c002210 08096283 p.elw            x5, 128(x18)         x5=1c0009bc x18:1b204000  PA:1b204080
            18829500           18814 1c002214 08096503 p.elw            x10, 128(x18)       x10=00000000 x18:1b204000  PA:1b204080
            18837500           18822 1c002218 0012f313 andi             x6, x5, 1            x6=00000000  x5:1c0009bc
            18838500           18823 1c00221c 00031563 bne              x6, x0, 10           x6:00000000
            18839500           18824 1c002220 000a00b3 add              x1, x20, x0          x1=1c00220c x20:1c00220c
            18840500           18825 1c002224 00028067 jalr             x0, x5, 0            x5:1c0009bc
            18863500           18848 1c0009bc f1402673 csrrs            x12, x0, 0xf14      x12=00000001
            18883500           18868 1c0009c0 1c002537 lui              x10, 0x1c002000     x10=1c002000
            18884500           18869 1c0009c4 40565593 srai             x11, x12, 0x405     x11=00000000 x12:00000001
            18885500           18870 1c0009c8 f265b5b3 p.bclr           x11, x11, 25, 6     x11=00000000 x11:00000000
            18886500           18871 1c0009cc f4563633 p.bclr           x12, x12, 26, 5     x12=00000001 x12:00000001
            18887500           18872 1c0009d0 33c50513 addi             x10, x10, 828       x10=1c00233c x10:1c002000
            18888500           18873 1c0009d4 63d0006f jal              x0, 3644           
            18890500           18875 1c001810 fc010113 addi             x2, x2, -64          x2=100fcf50  x2:100fcf90
            18891500           18876 1c001812 02b12223 sw               x11, 36(x2)         x11:00000000  x2:100fcf50  PA:100fcf74
            18895500           18880 1c001814 1c0015b7 lui              x11, 0x1c001000     x11=1c001000
            18896500           18881 1c001818 02c12423 sw               x12, 40(x2)         x12:00000001  x2:100fcf50  PA:100fcf78
            18897500           18882 1c00181a 02d12623 sw               x13, 44(x2)         x13:00000000  x2:100fcf50  PA:100fcf7c
            18898500           18883 1c00181c 00a00633 add              x12, x0, x10        x12=1c00233c x10:1c00233c
            18899500           18884 1c00181e 02410693 addi             x13, x2, 36         x13=100fcf74  x2:100fcf50
            18912500           18897 1c001820 00000513 addi             x10, x0, 0          x10=00000000
            18913500           18898 1c001822 77658593 addi             x11, x11, 1910      x11=1c001776 x11:1c001000
            18914500           18899 1c001826 00112e23 sw               x1, 28(x2)           x1:1c00220c  x2:100fcf50  PA:100fcf6c
            18917500           18902 1c001828 02e12823 sw               x14, 48(x2)         x14:00000000  x2:100fcf50  PA:100fcf80
            18918500           18903 1c00182a 02f12a23 sw               x15, 52(x2)         x15:00000000  x2:100fcf50  PA:100fcf84
            18919500           18904 1c00182c 03012c23 sw               x16, 56(x2)         x16:00000000  x2:100fcf50  PA:100fcf88
            18920500           18905 1c00182e 03112e23 sw               x17, 60(x2)         x17:00000000  x2:100fcf50  PA:100fcf8c
            18936500           18921 1c001830 00d12623 sw               x13, 12(x2)         x13:100fcf74  x2:100fcf50  PA:100fcf5c
            18937500           18922 1c001832 33e000ef jal              x1, 830              x1=1c001834
            18955500           18940 1c001b70 fa010113 addi             x2, x2, -96          x2=100fcef0  x2:100fcf50
            18956500           18941 1c001b72 01810793 addi             x15, x2, 24         x15=100fcf08  x2:100fcef0
            18957500           18942 1c001b74 04812c23 sw               x8, 88(x2)           x8:00000000  x2:100fcef0  PA:100fcf48
            18959500           18944 1c001b76 05212823 sw               x18, 80(x2)         x18:1b204000  x2:100fcef0  PA:100fcf40
            18960500           18945 1c001b78 05312623 sw               x19, 76(x2)         x19:00000001  x2:100fcef0  PA:100fcf3c
            18961500           18946 1c001b7a 05412423 sw               x20, 72(x2)         x20:1c00220c  x2:100fcef0  PA:100fcf38
            18962500           18947 1c001b7c 05512223 sw               x21, 68(x2)         x21:1c002210  x2:100fcef0  PA:100fcf34
            18963500           18948 1c001b7e 05612023 sw               x22, 64(x2)         x22:00000000  x2:100fcef0  PA:100fcf30
            18982500           18967 1c001b80 03712e23 sw               x23, 60(x2)         x23:00000000  x2:100fcef0  PA:100fcf2c
            18985500           18970 1c001b82 04112e23 sw               x1, 92(x2)           x1:1c001834  x2:100fcef0  PA:100fcf4c
            18986500           18971 1c001b84 04912a23 sw               x9, 84(x2)           x9:00000000  x2:100fcef0  PA:100fcf44
            18987500           18972 1c001b86 03812c23 sw               x24, 56(x2)         x24:00000000  x2:100fcef0  PA:100fcf28
            18988500           18973 1c001b88 03912a23 sw               x25, 52(x2)         x25:00000000  x2:100fcef0  PA:100fcf24
            18989500           18974 1c001b8a 00a00933 add              x18, x0, x10        x18=00000000 x10:00000000
            18990500           18975 1c001b8c 00b009b3 add              x19, x0, x11        x19=1c001776 x11:1c001776
            18991500           18976 1c001b8e 00d00433 add              x8, x0, x13          x8=100fcf74 x13:100fcf74
            19012500           18997 1c001b90 00f12a23 sw               x15, 20(x2)         x15:100fcf08  x2:100fcef0  PA:100fcf04
            19013500           18998 1c001b92 02500a13 addi             x20, x0, 37         x20=00000025
            19014500           18999 1c001b96 02d00b93 addi             x23, x0, 45         x23=0000002d
            19015500           19000 1c001b9a 00100a93 addi             x21, x0, 1          x21=00000001
            19016500           19001 1c001b9c 00500b13 addi             x22, x0, 5          x22=00000005
            19036500           19021 1c001b9e 00064583 lbu              x11, 0(x12)         x11=00000048 x12:1c00233c  PA:1c00233c
            19053500           19038 1c001ba2 00160493 addi             x9, x12, 1           x9=1c00233d x12:1c00233c
            19054500           19039 1c001ba6 00059e63 bne              x11, x0, 28         x11:00000048
            19078500           19063 1c001bc2 01458563 beq              x11, x20, 10        x11:00000048 x20:00000025
            19079500           19064 1c001bc6 01200533 add              x10, x0, x18        x10=00000000 x18:00000000
            19080500           19065 1c001bc8 000980e7 jalr             x1, x19, 0           x1=1c001bca x19:1c001776
            19098500           19083 1c001776 00b00533 add              x10, x0, x11        x10=00000048 x11:00000048
            19099500           19084 1c001778 fddff06f jal              x0, -36            
            19101500           19086 1c001754 000026b7 lui              x13, 0x2000         x13=00002000
            19102500           19087 1c001756 f14027f3 csrrs            x15, x0, 0xf14      x15=00000001
            19103500           19088 1c00175a f8068693 addi             x13, x13, -128      x13=00001f80 x13:00002000
            19121500           19106 1c00175e 00379713 slli             x14, x15, 0x3       x14=00000008 x15:00000001
            19122500           19107 1c001762 00279793 slli             x15, x15, 0x2       x15=00000004 x15:00000001
            19123500           19108 1c001764 ee873733 p.bclr           x14, x14, 23, 8     x14=00000008 x14:00000008
            19124500           19109 1c001768 00d7f7b3 and              x15, x15, x13       x15=00000000 x15:00000004 x13:00001f80
            19125500           19110 1c00176a 00e787b3 add              x15, x15, x14       x15=00000008 x15:00000000 x14:00000008
            19126500           19111 1c00176c 1a104737 lui              x14, 0x1a104000     x14=1a104000
            19127500           19112 1c001770 00a767a3 p.sw             x10, x0(x14)        x10:00000048 x14:1a104000  PA:1a104008
            19131500           19116 1c001774 00008067 jalr             x0, x1, 0            x1:1c001bca
            19132500           19117 1c001bca 16a0006f jal              x0, 362            
            19150500           19135 1c001d34 00900633 add              x12, x0, x9         x12=1c00233d  x9:1c00233d
            19151500           19136 1c001d36 e69ff06f jal              x0, -408           
            19154500           19139 1c001b9e 00064583 lbu              x11, 0(x12)         x11=00000065 x12:1c00233d  PA:1c00233d
            19173500           19158 1c001ba2 00160493 addi             x9, x12, 1           x9=1c00233e x12:1c00233d
            19174500           19159 1c001ba6 00059e63 bne              x11, x0, 28         x11:00000065
            19177500           19162 1c001bc2 01458563 beq              x11, x20, 10        x11:00000065 x20:00000025
            19178500           19163 1c001bc6 01200533 add              x10, x0, x18        x10=00000000 x18:00000000
            19179500           19164 1c001bc8 000980e7 jalr             x1, x19, 0           x1=1c001bca x19:1c001776
            19181500           19166 1c001776 00b00533 add              x10, x0, x11        x10=00000065 x11:00000065
            19182500           19167 1c001778 fddff06f jal              x0, -36            
            19184500           19169 1c001754 000026b7 lui              x13, 0x2000         x13=00002000
            19185500           19170 1c001756 f14027f3 csrrs            x15, x0, 0xf14      x15=00000001
            19186500           19171 1c00175a f8068693 addi             x13, x13, -128      x13=00001f80 x13:00002000
            19187500           19172 1c00175e 00379713 slli             x14, x15, 0x3       x14=00000008 x15:00000001
            19188500           19173 1c001762 00279793 slli             x15, x15, 0x2       x15=00000004 x15:00000001
            19189500           19174 1c001764 ee873733 p.bclr           x14, x14, 23, 8     x14=00000008 x14:00000008
            19190500           19175 1c001768 00d7f7b3 and              x15, x15, x13       x15=00000000 x15:00000004 x13:00001f80
            19191500           19176 1c00176a 00e787b3 add              x15, x15, x14       x15=00000008 x15:00000000 x14:00000008
            19192500           19177 1c00176c 1a104737 lui              x14, 0x1a104000     x14=1a104000
            19193500           19178 1c001770 00a767a3 p.sw             x10, x0(x14)        x10:00000065 x14:1a104000  PA:1a104008
            19197500           19182 1c001774 00008067 jalr             x0, x1, 0            x1:1c001bca
            19198500           19183 1c001bca 16a0006f jal              x0, 362            
            19200500           19185 1c001d34 00900633 add              x12, x0, x9         x12=1c00233e  x9:1c00233e
            19201500           19186 1c001d36 e69ff06f jal              x0, -408           
            19204500           19189 1c001b9e 00064583 lbu              x11, 0(x12)         x11=00000079 x12:1c00233e  PA:1c00233e
            19226500           19211 1c001ba2 00160493 addi             x9, x12, 1           x9=1c00233f x12:1c00233e
            19227500           19212 1c001ba6 00059e63 bne              x11, x0, 28         x11:00000079
            19230500           19215 1c001bc2 01458563 beq              x11, x20, 10        x11:00000079 x20:00000025
            19231500           19216 1c001bc6 01200533 add              x10, x0, x18        x10=00000000 x18:00000000
            19232500           19217 1c001bc8 000980e7 jalr             x1, x19, 0           x1=1c001bca x19:1c001776
            19234500           19219 1c001776 00b00533 add              x10, x0, x11        x10=00000079 x11:00000079
            19235500           19220 1c001778 fddff06f jal              x0, -36            
            19237500           19222 1c001754 000026b7 lui              x13, 0x2000         x13=00002000
            19238500           19223 1c001756 f14027f3 csrrs            x15, x0, 0xf14      x15=00000001
            19239500           19224 1c00175a f8068693 addi             x13, x13, -128      x13=00001f80 x13:00002000
            19240500           19225 1c00175e 00379713 slli             x14, x15, 0x3       x14=00000008 x15:00000001
            19241500           19226 1c001762 00279793 slli             x15, x15, 0x2       x15=00000004 x15:00000001
            19242500           19227 1c001764 ee873733 p.bclr           x14, x14, 23, 8     x14=00000008 x14:00000008
            19243500           19228 1c001768 00d7f7b3 and              x15, x15, x13       x15=00000000 x15:00000004 x13:00001f80
            19244500           19229 1c00176a 00e787b3 add              x15, x15, x14       x15=00000008 x15:00000000 x14:00000008
            19245500           19230 1c00176c 1a104737 lui              x14, 0x1a104000     x14=1a104000
            19246500           19231 1c001770 00a767a3 p.sw             x10, x0(x14)        x10:00000079 x14:1a104000  PA:1a104008
            19250500           19235 1c001774 00008067 jalr             x0, x1, 0            x1:1c001bca
            19251500           19236 1c001bca 16a0006f jal              x0, 362            
            19253500           19238 1c001d34 00900633 add              x12, x0, x9         x12=1c00233f  x9:1c00233f
            19254500           19239 1c001d36 e69ff06f jal              x0, -408           
            19257500           19242 1c001b9e 00064583 lbu              x11, 0(x12)         x11=0000002c x12:1c00233f  PA:1c00233f
            19272500           19257 1c001ba2 00160493 addi             x9, x12, 1           x9=1c002340 x12:1c00233f
            19273500           19258 1c001ba6 00059e63 bne              x11, x0, 28         x11:0000002c
            19276500           19261 1c001bc2 01458563 beq              x11, x20, 10        x11:0000002c x20:00000025
            19277500           19262 1c001bc6 01200533 add              x10, x0, x18        x10=00000000 x18:00000000
            19278500           19263 1c001bc8 000980e7 jalr             x1, x19, 0           x1=1c001bca x19:1c001776
            19280500           19265 1c001776 00b00533 add              x10, x0, x11        x10=0000002c x11:0000002c
            19281500           19266 1c001778 fddff06f jal              x0, -36            
            19283500           19268 1c001754 000026b7 lui              x13, 0x2000         x13=00002000
            19284500           19269 1c001756 f14027f3 csrrs            x15, x0, 0xf14      x15=00000001
            19285500           19270 1c00175a f8068693 addi             x13, x13, -128      x13=00001f80 x13:00002000
            19286500           19271 1c00175e 00379713 slli             x14, x15, 0x3       x14=00000008 x15:00000001
            19287500           19272 1c001762 00279793 slli             x15, x15, 0x2       x15=00000004 x15:00000001
            19288500           19273 1c001764 ee873733 p.bclr           x14, x14, 23, 8     x14=00000008 x14:00000008
            19289500           19274 1c001768 00d7f7b3 and              x15, x15, x13       x15=00000000 x15:00000004 x13:00001f80
            19290500           19275 1c00176a 00e787b3 add              x15, x15, x14       x15=00000008 x15:00000000 x14:00000008
            19291500           19276 1c00176c 1a104737 lui              x14, 0x1a104000     x14=1a104000
            19292500           19277 1c001770 00a767a3 p.sw             x10, x0(x14)        x10:0000002c x14:1a104000  PA:1a104008
            19296500           19281 1c001774 00008067 jalr             x0, x1, 0            x1:1c001bca
            19297500           19282 1c001bca 16a0006f jal              x0, 362            
            19299500           19284 1c001d34 00900633 add              x12, x0, x9         x12=1c002340  x9:1c002340
            19300500           19285 1c001d36 e69ff06f jal              x0, -408           
            19303500           19288 1c001b9e 00064583 lbu              x11, 0(x12)         x11=00000020 x12:1c002340  PA:1c002340
            19318500           19303 1c001ba2 00160493 addi             x9, x12, 1           x9=1c002341 x12:1c002340
            19319500           19304 1c001ba6 00059e63 bne              x11, x0, 28         x11:00000020
            19322500           19307 1c001bc2 01458563 beq              x11, x20, 10        x11:00000020 x20:00000025
            19323500           19308 1c001bc6 01200533 add              x10, x0, x18        x10=00000000 x18:00000000
            19324500           19309 1c001bc8 000980e7 jalr             x1, x19, 0           x1=1c001bca x19:1c001776
            19326500           19311 1c001776 00b00533 add              x10, x0, x11        x10=00000020 x11:00000020
            19327500           19312 1c001778 fddff06f jal              x0, -36            
            19329500           19314 1c001754 000026b7 lui              x13, 0x2000         x13=00002000
            19330500           19315 1c001756 f14027f3 csrrs            x15, x0, 0xf14      x15=00000001
            19331500           19316 1c00175a f8068693 addi             x13, x13, -128      x13=00001f80 x13:00002000
            19332500           19317 1c00175e 00379713 slli             x14, x15, 0x3       x14=00000008 x15:00000001
            19333500           19318 1c001762 00279793 slli             x15, x15, 0x2       x15=00000004 x15:00000001
            19334500           19319 1c001764 ee873733 p.bclr           x14, x14, 23, 8     x14=00000008 x14:00000008
            19335500           19320 1c001768 00d7f7b3 and              x15, x15, x13       x15=00000000 x15:00000004 x13:00001f80
            19336500           19321 1c00176a 00e787b3 add              x15, x15, x14       x15=00000008 x15:00000000 x14:00000008
            19337500           19322 1c00176c 1a104737 lui              x14, 0x1a104000     x14=1a104000
            19338500           19323 1c001770 00a767a3 p.sw             x10, x0(x14)        x10:00000020 x14:1a104000  PA:1a104008
            19342500           19327 1c001774 00008067 jalr             x0, x1, 0            x1:1c001bca
            19343500           19328 1c001bca 16a0006f jal              x0, 362            
            19345500           19330 1c001d34 00900633 add              x12, x0, x9         x12=1c002341  x9:1c002341
            19346500           19331 1c001d36 e69ff06f jal              x0, -408           
            19349500           19334 1c001b9e 00064583 lbu              x11, 0(x12)         x11=00000049 x12:1c002341  PA:1c002341
            19370500           19355 1c001ba2 00160493 addi             x9, x12, 1           x9=1c002342 x12:1c002341
            19371500           19356 1c001ba6 00059e63 bne              x11, x0, 28         x11:00000049
            19374500           19359 1c001bc2 01458563 beq              x11, x20, 10        x11:00000049 x20:00000025
            19375500           19360 1c001bc6 01200533 add              x10, x0, x18        x10=00000000 x18:00000000
            19376500           19361 1c001bc8 000980e7 jalr             x1, x19, 0           x1=1c001bca x19:1c001776
            19378500           19363 1c001776 00b00533 add              x10, x0, x11        x10=00000049 x11:00000049
            19379500           19364 1c001778 fddff06f jal              x0, -36            
            19381500           19366 1c001754 000026b7 lui              x13, 0x2000         x13=00002000
            19382500           19367 1c001756 f14027f3 csrrs            x15, x0, 0xf14      x15=00000001
            19383500           19368 1c00175a f8068693 addi             x13, x13, -128      x13=00001f80 x13:00002000
            19384500           19369 1c00175e 00379713 slli             x14, x15, 0x3       x14=00000008 x15:00000001
            19385500           19370 1c001762 00279793 slli             x15, x15, 0x2       x15=00000004 x15:00000001
            19386500           19371 1c001764 ee873733 p.bclr           x14, x14, 23, 8     x14=00000008 x14:00000008
            19387500           19372 1c001768 00d7f7b3 and              x15, x15, x13       x15=00000000 x15:00000004 x13:00001f80
            19388500           19373 1c00176a 00e787b3 add              x15, x15, x14       x15=00000008 x15:00000000 x14:00000008
            19389500           19374 1c00176c 1a104737 lui              x14, 0x1a104000     x14=1a104000
            19390500           19375 1c001770 00a767a3 p.sw             x10, x0(x14)        x10:00000049 x14:1a104000  PA:1a104008
            19394500           19379 1c001774 00008067 jalr             x0, x1, 0            x1:1c001bca
            19395500           19380 1c001bca 16a0006f jal              x0, 362            
            19397500           19382 1c001d34 00900633 add              x12, x0, x9         x12=1c002342  x9:1c002342
            19398500           19383 1c001d36 e69ff06f jal              x0, -408           
            19401500           19386 1c001b9e 00064583 lbu              x11, 0(x12)         x11=00000027 x12:1c002342  PA:1c002342
            19420500           19405 1c001ba2 00160493 addi             x9, x12, 1           x9=1c002343 x12:1c002342
            19421500           19406 1c001ba6 00059e63 bne              x11, x0, 28         x11:00000027
            19424500           19409 1c001bc2 01458563 beq              x11, x20, 10        x11:00000027 x20:00000025
            19425500           19410 1c001bc6 01200533 add              x10, x0, x18        x10=00000000 x18:00000000
            19426500           19411 1c001bc8 000980e7 jalr             x1, x19, 0           x1=1c001bca x19:1c001776
            19428500           19413 1c001776 00b00533 add              x10, x0, x11        x10=00000027 x11:00000027
            19429500           19414 1c001778 fddff06f jal              x0, -36            
            19431500           19416 1c001754 000026b7 lui              x13, 0x2000         x13=00002000
            19432500           19417 1c001756 f14027f3 csrrs            x15, x0, 0xf14      x15=00000001
            19433500           19418 1c00175a f8068693 addi             x13, x13, -128      x13=00001f80 x13:00002000
            19434500           19419 1c00175e 00379713 slli             x14, x15, 0x3       x14=00000008 x15:00000001
            19435500           19420 1c001762 00279793 slli             x15, x15, 0x2       x15=00000004 x15:00000001
            19436500           19421 1c001764 ee873733 p.bclr           x14, x14, 23, 8     x14=00000008 x14:00000008
            19437500           19422 1c001768 00d7f7b3 and              x15, x15, x13       x15=00000000 x15:00000004 x13:00001f80
            19438500           19423 1c00176a 00e787b3 add              x15, x15, x14       x15=00000008 x15:00000000 x14:00000008
            19439500           19424 1c00176c 1a104737 lui              x14, 0x1a104000     x14=1a104000
            19440500           19425 1c001770 00a767a3 p.sw             x10, x0(x14)        x10:00000027 x14:1a104000  PA:1a104008
            19444500           19429 1c001774 00008067 jalr             x0, x1, 0            x1:1c001bca
            19445500           19430 1c001bca 16a0006f jal              x0, 362            
            19447500           19432 1c001d34 00900633 add              x12, x0, x9         x12=1c002343  x9:1c002343
            19448500           19433 1c001d36 e69ff06f jal              x0, -408           
            19451500           19436 1c001b9e 00064583 lbu              x11, 0(x12)         x11=0000006d x12:1c002343  PA:1c002343
            19471500           19456 1c001ba2 00160493 addi             x9, x12, 1           x9=1c002344 x12:1c002343
            19472500           19457 1c001ba6 00059e63 bne              x11, x0, 28         x11:0000006d
            19475500           19460 1c001bc2 01458563 beq              x11, x20, 10        x11:0000006d x20:00000025
            19476500           19461 1c001bc6 01200533 add              x10, x0, x18        x10=00000000 x18:00000000
            19477500           19462 1c001bc8 000980e7 jalr             x1, x19, 0           x1=1c001bca x19:1c001776
            19479500           19464 1c001776 00b00533 add              x10, x0, x11        x10=0000006d x11:0000006d
            19480500           19465 1c001778 fddff06f jal              x0, -36            
            19482500           19467 1c001754 000026b7 lui              x13, 0x2000         x13=00002000
            19483500           19468 1c001756 f14027f3 csrrs            x15, x0, 0xf14      x15=00000001
            19484500           19469 1c00175a f8068693 addi             x13, x13, -128      x13=00001f80 x13:00002000
            19485500           19470 1c00175e 00379713 slli             x14, x15, 0x3       x14=00000008 x15:00000001
            19486500           19471 1c001762 00279793 slli             x15, x15, 0x2       x15=00000004 x15:00000001
            19487500           19472 1c001764 ee873733 p.bclr           x14, x14, 23, 8     x14=00000008 x14:00000008
            19488500           19473 1c001768 00d7f7b3 and              x15, x15, x13       x15=00000000 x15:00000004 x13:00001f80
            19489500           19474 1c00176a 00e787b3 add              x15, x15, x14       x15=00000008 x15:00000000 x14:00000008
            19490500           19475 1c00176c 1a104737 lui              x14, 0x1a104000     x14=1a104000
            19491500           19476 1c001770 00a767a3 p.sw             x10, x0(x14)        x10:0000006d x14:1a104000  PA:1a104008
            19495500           19480 1c001774 00008067 jalr             x0, x1, 0            x1:1c001bca
            19496500           19481 1c001bca 16a0006f jal              x0, 362            
            19498500           19483 1c001d34 00900633 add              x12, x0, x9         x12=1c002344  x9:1c002344
            19499500           19484 1c001d36 e69ff06f jal              x0, -408           
            19502500           19487 1c001b9e 00064583 lbu              x11, 0(x12)         x11=00000020 x12:1c002344  PA:1c002344
            19521500           19506 1c001ba2 00160493 addi             x9, x12, 1           x9=1c002345 x12:1c002344
            19522500           19507 1c001ba6 00059e63 bne              x11, x0, 28         x11:00000020
            19525500           19510 1c001bc2 01458563 beq              x11, x20, 10        x11:00000020 x20:00000025
            19526500           19511 1c001bc6 01200533 add              x10, x0, x18        x10=00000000 x18:00000000
            19527500           19512 1c001bc8 000980e7 jalr             x1, x19, 0           x1=1c001bca x19:1c001776
            19529500           19514 1c001776 00b00533 add              x10, x0, x11        x10=00000020 x11:00000020
            19530500           19515 1c001778 fddff06f jal              x0, -36            
            19532500           19517 1c001754 000026b7 lui              x13, 0x2000         x13=00002000
            19533500           19518 1c001756 f14027f3 csrrs            x15, x0, 0xf14      x15=00000001
            19534500           19519 1c00175a f8068693 addi             x13, x13, -128      x13=00001f80 x13:00002000
            19535500           19520 1c00175e 00379713 slli             x14, x15, 0x3       x14=00000008 x15:00000001
            19536500           19521 1c001762 00279793 slli             x15, x15, 0x2       x15=00000004 x15:00000001
            19537500           19522 1c001764 ee873733 p.bclr           x14, x14, 23, 8     x14=00000008 x14:00000008
            19538500           19523 1c001768 00d7f7b3 and              x15, x15, x13       x15=00000000 x15:00000004 x13:00001f80
            19539500           19524 1c00176a 00e787b3 add              x15, x15, x14       x15=00000008 x15:00000000 x14:00000008
            19540500           19525 1c00176c 1a104737 lui              x14, 0x1a104000     x14=1a104000
            19541500           19526 1c001770 00a767a3 p.sw             x10, x0(x14)        x10:00000020 x14:1a104000  PA:1a104008
            19545500           19530 1c001774 00008067 jalr             x0, x1, 0            x1:1c001bca
            19546500           19531 1c001bca 16a0006f jal              x0, 362            
            19548500           19533 1c001d34 00900633 add              x12, x0, x9         x12=1c002345  x9:1c002345
            19549500           19534 1c001d36 e69ff06f jal              x0, -408           
            19552500           19537 1c001b9e 00064583 lbu              x11, 0(x12)         x11=00000063 x12:1c002345  PA:1c002345
            19577500           19562 1c001ba2 00160493 addi             x9, x12, 1           x9=1c002346 x12:1c002345
            19578500           19563 1c001ba6 00059e63 bne              x11, x0, 28         x11:00000063
            19581500           19566 1c001bc2 01458563 beq              x11, x20, 10        x11:00000063 x20:00000025
            19582500           19567 1c001bc6 01200533 add              x10, x0, x18        x10=00000000 x18:00000000
            19583500           19568 1c001bc8 000980e7 jalr             x1, x19, 0           x1=1c001bca x19:1c001776
            19585500           19570 1c001776 00b00533 add              x10, x0, x11        x10=00000063 x11:00000063
            19586500           19571 1c001778 fddff06f jal              x0, -36            
            19588500           19573 1c001754 000026b7 lui              x13, 0x2000         x13=00002000
            19589500           19574 1c001756 f14027f3 csrrs            x15, x0, 0xf14      x15=00000001
            19590500           19575 1c00175a f8068693 addi             x13, x13, -128      x13=00001f80 x13:00002000
            19591500           19576 1c00175e 00379713 slli             x14, x15, 0x3       x14=00000008 x15:00000001
            19592500           19577 1c001762 00279793 slli             x15, x15, 0x2       x15=00000004 x15:00000001
            19593500           19578 1c001764 ee873733 p.bclr           x14, x14, 23, 8     x14=00000008 x14:00000008
            19594500           19579 1c001768 00d7f7b3 and              x15, x15, x13       x15=00000000 x15:00000004 x13:00001f80
            19595500           19580 1c00176a 00e787b3 add              x15, x15, x14       x15=00000008 x15:00000000 x14:00000008
            19596500           19581 1c00176c 1a104737 lui              x14, 0x1a104000     x14=1a104000
            19597500           19582 1c001770 00a767a3 p.sw             x10, x0(x14)        x10:00000063 x14:1a104000  PA:1a104008
            19601500           19586 1c001774 00008067 jalr             x0, x1, 0            x1:1c001bca
            19602500           19587 1c001bca 16a0006f jal              x0, 362            
            19604500           19589 1c001d34 00900633 add              x12, x0, x9         x12=1c002346  x9:1c002346
            19605500           19590 1c001d36 e69ff06f jal              x0, -408           
            19608500           19593 1c001b9e 00064583 lbu              x11, 0(x12)         x11=0000006f x12:1c002346  PA:1c002346
            19622500           19607 1c001ba2 00160493 addi             x9, x12, 1           x9=1c002347 x12:1c002346
            19623500           19608 1c001ba6 00059e63 bne              x11, x0, 28         x11:0000006f
            19626500           19611 1c001bc2 01458563 beq              x11, x20, 10        x11:0000006f x20:00000025
            19627500           19612 1c001bc6 01200533 add              x10, x0, x18        x10=00000000 x18:00000000
            19628500           19613 1c001bc8 000980e7 jalr             x1, x19, 0           x1=1c001bca x19:1c001776
            19630500           19615 1c001776 00b00533 add              x10, x0, x11        x10=0000006f x11:0000006f
            19631500           19616 1c001778 fddff06f jal              x0, -36            
            19633500           19618 1c001754 000026b7 lui              x13, 0x2000         x13=00002000
            19634500           19619 1c001756 f14027f3 csrrs            x15, x0, 0xf14      x15=00000001
            19635500           19620 1c00175a f8068693 addi             x13, x13, -128      x13=00001f80 x13:00002000
            19636500           19621 1c00175e 00379713 slli             x14, x15, 0x3       x14=00000008 x15:00000001
            19637500           19622 1c001762 00279793 slli             x15, x15, 0x2       x15=00000004 x15:00000001
            19638500           19623 1c001764 ee873733 p.bclr           x14, x14, 23, 8     x14=00000008 x14:00000008
            19639500           19624 1c001768 00d7f7b3 and              x15, x15, x13       x15=00000000 x15:00000004 x13:00001f80
            19640500           19625 1c00176a 00e787b3 add              x15, x15, x14       x15=00000008 x15:00000000 x14:00000008
            19641500           19626 1c00176c 1a104737 lui              x14, 0x1a104000     x14=1a104000
            19642500           19627 1c001770 00a767a3 p.sw             x10, x0(x14)        x10:0000006f x14:1a104000  PA:1a104008
            19646500           19631 1c001774 00008067 jalr             x0, x1, 0            x1:1c001bca
            19647500           19632 1c001bca 16a0006f jal              x0, 362            
            19649500           19634 1c001d34 00900633 add              x12, x0, x9         x12=1c002347  x9:1c002347
            19650500           19635 1c001d36 e69ff06f jal              x0, -408           
            19653500           19638 1c001b9e 00064583 lbu              x11, 0(x12)         x11=00000072 x12:1c002347  PA:1c002347
            19667500           19652 1c001ba2 00160493 addi             x9, x12, 1           x9=1c002348 x12:1c002347
            19668500           19653 1c001ba6 00059e63 bne              x11, x0, 28         x11:00000072
            19671500           19656 1c001bc2 01458563 beq              x11, x20, 10        x11:00000072 x20:00000025
            19672500           19657 1c001bc6 01200533 add              x10, x0, x18        x10=00000000 x18:00000000
            19673500           19658 1c001bc8 000980e7 jalr             x1, x19, 0           x1=1c001bca x19:1c001776
            19675500           19660 1c001776 00b00533 add              x10, x0, x11        x10=00000072 x11:00000072
            19676500           19661 1c001778 fddff06f jal              x0, -36            
            19678500           19663 1c001754 000026b7 lui              x13, 0x2000         x13=00002000
            19679500           19664 1c001756 f14027f3 csrrs            x15, x0, 0xf14      x15=00000001
            19680500           19665 1c00175a f8068693 addi             x13, x13, -128      x13=00001f80 x13:00002000
            19681500           19666 1c00175e 00379713 slli             x14, x15, 0x3       x14=00000008 x15:00000001
            19682500           19667 1c001762 00279793 slli             x15, x15, 0x2       x15=00000004 x15:00000001
            19683500           19668 1c001764 ee873733 p.bclr           x14, x14, 23, 8     x14=00000008 x14:00000008
            19684500           19669 1c001768 00d7f7b3 and              x15, x15, x13       x15=00000000 x15:00000004 x13:00001f80
            19685500           19670 1c00176a 00e787b3 add              x15, x15, x14       x15=00000008 x15:00000000 x14:00000008
            19686500           19671 1c00176c 1a104737 lui              x14, 0x1a104000     x14=1a104000
            19687500           19672 1c001770 00a767a3 p.sw             x10, x0(x14)        x10:00000072 x14:1a104000  PA:1a104008
            19691500           19676 1c001774 00008067 jalr             x0, x1, 0            x1:1c001bca
            19692500           19677 1c001bca 16a0006f jal              x0, 362            
            19694500           19679 1c001d34 00900633 add              x12, x0, x9         x12=1c002348  x9:1c002348
            19695500           19680 1c001d36 e69ff06f jal              x0, -408           
            19698500           19683 1c001b9e 00064583 lbu              x11, 0(x12)         x11=00000065 x12:1c002348  PA:1c002348
            19716500           19701 1c001ba2 00160493 addi             x9, x12, 1           x9=1c002349 x12:1c002348
            19717500           19702 1c001ba6 00059e63 bne              x11, x0, 28         x11:00000065
            19720500           19705 1c001bc2 01458563 beq              x11, x20, 10        x11:00000065 x20:00000025
            19721500           19706 1c001bc6 01200533 add              x10, x0, x18        x10=00000000 x18:00000000
            19722500           19707 1c001bc8 000980e7 jalr             x1, x19, 0           x1=1c001bca x19:1c001776
            19724500           19709 1c001776 00b00533 add              x10, x0, x11        x10=00000065 x11:00000065
            19725500           19710 1c001778 fddff06f jal              x0, -36            
            19727500           19712 1c001754 000026b7 lui              x13, 0x2000         x13=00002000
            19728500           19713 1c001756 f14027f3 csrrs            x15, x0, 0xf14      x15=00000001
            19729500           19714 1c00175a f8068693 addi             x13, x13, -128      x13=00001f80 x13:00002000
            19730500           19715 1c00175e 00379713 slli             x14, x15, 0x3       x14=00000008 x15:00000001
            19731500           19716 1c001762 00279793 slli             x15, x15, 0x2       x15=00000004 x15:00000001
            19732500           19717 1c001764 ee873733 p.bclr           x14, x14, 23, 8     x14=00000008 x14:00000008
            19733500           19718 1c001768 00d7f7b3 and              x15, x15, x13       x15=00000000 x15:00000004 x13:00001f80
            19734500           19719 1c00176a 00e787b3 add              x15, x15, x14       x15=00000008 x15:00000000 x14:00000008
            19735500           19720 1c00176c 1a104737 lui              x14, 0x1a104000     x14=1a104000
            19736500           19721 1c001770 00a767a3 p.sw             x10, x0(x14)        x10:00000065 x14:1a104000  PA:1a104008
            19740500           19725 1c001774 00008067 jalr             x0, x1, 0            x1:1c001bca
            19741500           19726 1c001bca 16a0006f jal              x0, 362            
            19743500           19728 1c001d34 00900633 add              x12, x0, x9         x12=1c002349  x9:1c002349
            19744500           19729 1c001d36 e69ff06f jal              x0, -408           
            19747500           19732 1c001b9e 00064583 lbu              x11, 0(x12)         x11=00000020 x12:1c002349  PA:1c002349
            19761500           19746 1c001ba2 00160493 addi             x9, x12, 1           x9=1c00234a x12:1c002349
            19762500           19747 1c001ba6 00059e63 bne              x11, x0, 28         x11:00000020
            19765500           19750 1c001bc2 01458563 beq              x11, x20, 10        x11:00000020 x20:00000025
            19766500           19751 1c001bc6 01200533 add              x10, x0, x18        x10=00000000 x18:00000000
            19767500           19752 1c001bc8 000980e7 jalr             x1, x19, 0           x1=1c001bca x19:1c001776
            19769500           19754 1c001776 00b00533 add              x10, x0, x11        x10=00000020 x11:00000020
            19770500           19755 1c001778 fddff06f jal              x0, -36            
            19772500           19757 1c001754 000026b7 lui              x13, 0x2000         x13=00002000
            19773500           19758 1c001756 f14027f3 csrrs            x15, x0, 0xf14      x15=00000001
            19774500           19759 1c00175a f8068693 addi             x13, x13, -128      x13=00001f80 x13:00002000
            19775500           19760 1c00175e 00379713 slli             x14, x15, 0x3       x14=00000008 x15:00000001
            19776500           19761 1c001762 00279793 slli             x15, x15, 0x2       x15=00000004 x15:00000001
            19777500           19762 1c001764 ee873733 p.bclr           x14, x14, 23, 8     x14=00000008 x14:00000008
            19778500           19763 1c001768 00d7f7b3 and              x15, x15, x13       x15=00000000 x15:00000004 x13:00001f80
            19779500           19764 1c00176a 00e787b3 add              x15, x15, x14       x15=00000008 x15:00000000 x14:00000008
            19780500           19765 1c00176c 1a104737 lui              x14, 0x1a104000     x14=1a104000
            19781500           19766 1c001770 00a767a3 p.sw             x10, x0(x14)        x10:00000020 x14:1a104000  PA:1a104008
            19785500           19770 1c001774 00008067 jalr             x0, x1, 0            x1:1c001bca
            19786500           19771 1c001bca 16a0006f jal              x0, 362            
            19788500           19773 1c001d34 00900633 add              x12, x0, x9         x12=1c00234a  x9:1c00234a
            19789500           19774 1c001d36 e69ff06f jal              x0, -408           
            19792500           19777 1c001b9e 00064583 lbu              x11, 0(x12)         x11=00000028 x12:1c00234a  PA:1c00234a
            19809500           19794 1c001ba2 00160493 addi             x9, x12, 1           x9=1c00234b x12:1c00234a
            19810500           19795 1c001ba6 00059e63 bne              x11, x0, 28         x11:00000028
            19813500           19798 1c001bc2 01458563 beq              x11, x20, 10        x11:00000028 x20:00000025
            19814500           19799 1c001bc6 01200533 add              x10, x0, x18        x10=00000000 x18:00000000
            19815500           19800 1c001bc8 000980e7 jalr             x1, x19, 0           x1=1c001bca x19:1c001776
            19817500           19802 1c001776 00b00533 add              x10, x0, x11        x10=00000028 x11:00000028
            19818500           19803 1c001778 fddff06f jal              x0, -36            
            19820500           19805 1c001754 000026b7 lui              x13, 0x2000         x13=00002000
            19821500           19806 1c001756 f14027f3 csrrs            x15, x0, 0xf14      x15=00000001
            19822500           19807 1c00175a f8068693 addi             x13, x13, -128      x13=00001f80 x13:00002000
            19823500           19808 1c00175e 00379713 slli             x14, x15, 0x3       x14=00000008 x15:00000001
            19824500           19809 1c001762 00279793 slli             x15, x15, 0x2       x15=00000004 x15:00000001
            19825500           19810 1c001764 ee873733 p.bclr           x14, x14, 23, 8     x14=00000008 x14:00000008
            19826500           19811 1c001768 00d7f7b3 and              x15, x15, x13       x15=00000000 x15:00000004 x13:00001f80
            19827500           19812 1c00176a 00e787b3 add              x15, x15, x14       x15=00000008 x15:00000000 x14:00000008
            19828500           19813 1c00176c 1a104737 lui              x14, 0x1a104000     x14=1a104000
            19829500           19814 1c001770 00a767a3 p.sw             x10, x0(x14)        x10:00000028 x14:1a104000  PA:1a104008
            19833500           19818 1c001774 00008067 jalr             x0, x1, 0            x1:1c001bca
            19834500           19819 1c001bca 16a0006f jal              x0, 362            
            19836500           19821 1c001d34 00900633 add              x12, x0, x9         x12=1c00234b  x9:1c00234b
            19837500           19822 1c001d36 e69ff06f jal              x0, -408           
            19840500           19825 1c001b9e 00064583 lbu              x11, 0(x12)         x11=00000025 x12:1c00234b  PA:1c00234b
            19857500           19842 1c001ba2 00160493 addi             x9, x12, 1           x9=1c00234c x12:1c00234b
            19858500           19843 1c001ba6 00059e63 bne              x11, x0, 28         x11:00000025
            19861500           19846 1c001bc2 01458563 beq              x11, x20, 10        x11:00000025 x20:00000025
            19864500           19849 1c001bcc 00414783 lbu              x15, 4(x2)          x15=000000xx  x2:100fcef0  PA:100fcef4
            19876500           19861 1c001bd0 00012423 sw               x0, 8(x2)            x2:100fcef0  PA:100fcef8
            19877500           19862 1c001bd2 00010623 sb               x0, 12(x2)           x2:100fcef0  PA:100fcefc
            19878500           19863 1c001bd6 c00027b3 p.insert         x15, x0, 0, 0       x15=000000xX x15:000000xx
            19879500           19864 1c001bda c01027b3 p.insert         x15, x0, 0, 1       x15=000000xX x15:000000xX
            19896500           19881 1c001bde c03027b3 p.insert         x15, x0, 0, 3       x15=000000xX x15:000000xX
            19897500           19882 1c001be2 00f10223 sb               x15, 4(x2)          x15:000000xX  x2:100fcef0  PA:100fcef4
            19899500           19884 1c001be6 00000713 addi             x14, x0, 0          x14=00000000
            19900500           19885 1c001be8 00000613 addi             x12, x0, 0          x12=00000000
            19901500           19886 1c001bea 00000693 addi             x13, x0, 0          x13=00000000
            19902500           19887 1c001bec 00000513 addi             x10, x0, 0          x10=00000000
            19903500           19888 1c001bee 00000593 addi             x11, x0, 0          x11=00000000
            19919500           19904 1c001bf0 03000813 addi             x16, x0, 48         x16=00000030
            19920500           19905 1c001bf4 02300893 addi             x17, x0, 35         x17=00000023
            19921500           19906 1c001bf8 0004c783 lbu              x15, 0(x9)          x15=00000069  x9:1c00234c  PA:1c00234c
            19938500           19923 1c001bfc 00148c13 addi             x24, x9, 1          x24=1c00234d  x9:1c00234c
            19947500           19932 1c001c00 04079163 bne              x15, x0, 66         x15:00000069
            19971500           19956 1c001c42 01778c63 beq              x15, x23, 24        x15:00000069 x23:0000002d
            19972500           19957 1c001c46 01078663 beq              x15, x16, 12        x15:00000069 x16:00000030
            19973500           19958 1c001c4a fb179ce3 bne              x15, x17, -72       x15:00000069 x17:00000023
            19993500           19978 1c001c02 00050763 beq              x10, x0, 14         x10:00000000
            20012500           19997 1c001c10 00060763 beq              x12, x0, 14         x12:00000000
            20015500           20000 1c001c1e 00070763 beq              x14, x0, 14         x14:00000000
            20033500           20018 1c001c2c fd078713 addi             x14, x15, -48       x14=00000039 x15:00000069
            20050500           20035 1c001c30 0ff77713 andi             x14, x14, 255       x14=00000039 x14:00000039
            20051500           20036 1c001c34 00900693 addi             x13, x0, 9          x13=00000009
            20052500           20037 1c001c36 04e6eb63 bltu             x13, x14, 86        x13:00000009 x14:00000039
            20072500           20057 1c001c8c 02e00713 addi             x14, x0, 46         x14=0000002e
            20090500           20075 1c001c90 02e79163 bne              x15, x14, 34        x15:00000069 x14:0000002e
            20109500           20094 1c001cb2 07a00713 addi             x14, x0, 122        x14=0000007a
            20110500           20095 1c001cb6 04e79263 bne              x15, x14, 68        x15:00000069 x14:0000007a
            20149500           20134 1c001cfa 06c00713 addi             x14, x0, 108        x14=0000006c
            20167500           20152 1c001cfe 20e79463 bne              x15, x14, 520       x15:00000069 x14:0000006c
            20191500           20176 1c001f06 06900713 addi             x14, x0, 105        x14=00000069
            20192500           20177 1c001f0a 02e78a63 beq              x15, x14, 52        x15:00000069 x14:00000069
            20229500           20214 1c001f3e 018004b3 add              x9, x0, x24          x9=1c00234d x24:1c00234d
            20246500           20231 1c001f40 00000793 addi             x15, x0, 0          x15=00000000
            20247500           20232 1c001f42 e09ff06f jal              x0, -504           
            20265500           20250 1c001d4a 00a00713 addi             x14, x0, 10         x14=0000000a
            20266500           20251 1c001d4c 00e12823 sw               x14, 16(x2)         x14:0000000a  x2:100fcef0  PA:100fcf00
            20288500           20273 1c001d4e 0e27b363 p.bneimm         x15, 230            x15:00000000
            20307500           20292 1c001e34 00440c13 addi             x24, x8, 4          x24=100fcf78  x8:100fcf74
            20308500           20293 1c001e38 00042503 lw               x10, 0(x8)          x10=00000000  x8:100fcf74  PA:100fcf74
            20311500           20296 1c001e3a 0017bd63 p.bneimm         x15, 26             x15:00000000
            20345500           20330 1c001e54 00055863 bge              x10, x0, 16         x10:00000000
            20364500           20349 1c001e64 00410593 addi             x11, x2, 4          x11=100fcef4  x2:100fcef0
            20365500           20350 1c001e66 b99ff0ef jal              x1, -1128            x1=1c001e68
            20385500           20370 1c0019fe 0105a683 lw               x13, 16(x11)        x13=100fcf08 x11:100fcef4  PA:100fcf04
            20402500           20387 1c001a00 00c5a703 lw               x14, 12(x11)        x14=0000000a x11:100fcef4  PA:100fcf00
            20403500           20388 1c001a02 00100793 addi             x15, x0, 1          x15=00000001
            20404500           20389 1c001a04 02f55633 divu             x12, x10, x15       x12=00000000 x10:00000000 x15:00000001
            20438500           20423 1c001a08 00e67863 bgeu             x12, x14, 16        x12:00000000 x14:0000000a
            20439500           20424 1c001a0c 00000613 addi             x12, x0, 0          x12=00000000
            20440500           20425 1c001a0e 00900313 addi             x6, x0, 9            x6=00000009
            20441500           20426 1c001a10 00079763 bne              x15, x0, 14         x15:00000001
            20444500           20429 1c001a1e 00c5a703 lw               x14, 12(x11)        x14=0000000a x11:100fcef4  PA:100fcf00
            20461500           20446 1c001a20 02f55833 divu             x16, x10, x15       x16=00000000 x10:00000000 x15:00000001
            20495500           20480 1c001a24 02f57533 remu             x10, x10, x15       x10=00000000 x10:00000000 x15:00000001
            20529500           20514 1c001a28 02e7d7b3 divu             x15, x15, x14       x15=00000000 x15:00000001 x14:0000000a
            20560500           20545 1c001a2c 00061763 bne              x12, x0, 14         x12:00000000
            20561500           20546 1c001a2e 01004663 blt              x0, x16, 12         x16:00000000
            20562500           20547 1c001a32 fc079fe3 bne              x15, x0, -34        x15:00000000
            20563500           20548 1c001a34 03000713 addi             x14, x0, 48         x14=00000030
            20564500           20549 1c001a38 01e0006f jal              x0, 30             
            20582500           20567 1c001a56 01070733 add              x14, x14, x16       x14=00000030 x14:00000030 x16:00000000
            20583500           20568 1c001a58 00e68023 sb               x14, 0(x13)         x14:00000030 x13:100fcf08  PA:100fcf08
            20590500           20575 1c001a5c 00160613 addi             x12, x12, 1         x12=00000001 x12:00000000
            20591500           20576 1c001a5e 00168693 addi             x13, x13, 1         x13=100fcf09 x13:100fcf08
            20601500           20586 1c001a60 fb1ff06f jal              x0, -80            
            20603500           20588 1c001a10 00079763 bne              x15, x0, 14         x15:00000000
            20604500           20589 1c001a12 00068023 sb               x0, 0(x13)          x13:100fcf09  PA:100fcf09
            20605500           20590 1c001a16 00008067 jalr             x0, x1, 0            x1:1c001e68
            20607500           20592 1c001e68 f17ff06f jal              x0, -234           
            20625500           20610 1c001d7e 00410613 addi             x12, x2, 4          x12=100fcef4  x2:100fcef0
            20642500           20627 1c001d80 013005b3 add              x11, x0, x19        x11=1c001776 x19:1c001776
            20643500           20628 1c001d82 01200533 add              x10, x0, x18        x10=00000000 x18:00000000
            20644500           20629 1c001d84 cdfff0ef jal              x1, -802             x1=1c001d86
            20646500           20631 1c001a62 fe010113 addi             x2, x2, -32          x2=100fced0  x2:100fcef0
            20647500           20632 1c001a64 00812c23 sw               x8, 24(x2)           x8:100fcf74  x2:100fced0  PA:100fcee8
            20653500           20638 1c001a66 01062783 lw               x15, 16(x12)        x15=100fcf08 x12:100fcef4  PA:100fcf04
            20654500           20639 1c001a68 00462403 lw               x8, 4(x12)           x8=00000000 x12:100fcef4  PA:100fcef8
            20655500           20640 1c001a6a 00912a23 sw               x9, 20(x2)           x9:1c00234d  x2:100fced0  PA:100fcee4
            20656500           20641 1c001a6c 01212823 sw               x18, 16(x2)         x18:00000000  x2:100fced0  PA:100fcee0
            20657500           20642 1c001a6e 01312623 sw               x19, 12(x2)         x19:1c001776  x2:100fced0  PA:100fcedc
            20673500           20658 1c001a70 00112e23 sw               x1, 28(x2)           x1:1c001d86  x2:100fced0  PA:100fceec
            20674500           20659 1c001a72 01412423 sw               x20, 8(x2)          x20:00000025  x2:100fced0  PA:100fced8
            20675500           20660 1c001a74 00a00933 add              x18, x0, x10        x18=00000000 x10:00000000
            20676500           20661 1c001a76 00b009b3 add              x19, x0, x11        x19=1c001776 x11:1c001776
            20677500           20662 1c001a78 00c004b3 add              x9, x0, x12          x9=100fcef4 x12:100fcef4
            20678500           20663 1c001a7a 0017c70b p.lbu            x14, 1(x15!)        x14=00000030 x15=100fcf09 x15:100fcf08  PA:100fcf08
            20680500           20665 1c001a7e 00070363 beq              x14, x0, 6          x14:00000030
            20696500           20681 1c001a80 08804863 blt              x0, x8, 144          x8:00000000
            20697500           20682 1c001a84 0084c783 lbu              x15, 8(x9)          x15=00000000  x9:100fcef4  PA:100fcefc
            20701500           20686 1c001a88 00078263 beq              x15, x0, 4          x15:00000000
            20704500           20689 1c001a8c 0004c783 lbu              x15, 0(x9)          x15=000000xX  x9:100fcef4  PA:100fcef4
            20720500           20705 1c001a90 0027f713 andi             x14, x15, 2         x14=00000000 x15:000000xX
            20721500           20706 1c001a94 00070663 beq              x14, x0, 12         x14:00000000
            20740500           20725 1c001aa0 0097f793 andi             x15, x15, 9         x15=00000000 x15:000000xX
            20741500           20726 1c001aa2 00800a33 add              x20, x0, x8         x20=00000000  x8:00000000
            20742500           20727 1c001aa4 08078163 beq              x15, x0, 130        x15:00000000
            20764500           20749 1c001b26 ff404be3 blt              x0, x20, -10        x20:00000000
            20765500           20750 1c001b2a fff40793 addi             x15, x8, -1         x15=ffffffff  x8:00000000
            20788500           20773 1c001b2e 04046433 p.max            x8, x8, x0           x8=00000000  x8:00000000
            20789500           20774 1c001b32 40878433 sub              x8, x15, x8          x8=ffffffff x15:ffffffff  x8:00000000
            20790500           20775 1c001b36 f71ff06f jal              x0, -144           
            20792500           20777 1c001aa6 0084c583 lbu              x11, 8(x9)          x11=00000000  x9:100fcef4  PA:100fcefc
            20795500           20780 1c001aaa 00058363 beq              x11, x0, 6          x11:00000000
            20813500           20798 1c001ab0 0004c783 lbu              x15, 0(x9)          x15=000000xX  x9:100fcef4  PA:100fcef4
            20816500           20801 1c001ab4 0027f793 andi             x15, x15, 2         x15=00000000 x15:000000xX
            20817500           20802 1c001ab6 02078363 beq              x15, x0, 38         x15:00000000
            20835500           20820 1c001adc 0004c783 lbu              x15, 0(x9)          x15=000000xX  x9:100fcef4  PA:100fcef4
            20852500           20837 1c001ae0 00800a33 add              x20, x0, x8         x20=ffffffff  x8:ffffffff
            20853500           20838 1c001ae2 fc17b7b3 p.bclr           x15, x15, 30, 1     x15=00000000 x15:000000xX
            20854500           20839 1c001ae6 06079363 bne              x15, x0, 102        x15:00000000
            20855500           20840 1c001ae8 0104aa03 lw               x20, 16(x9)         x20=100fcf08  x9:100fcef4  PA:100fcf04
            20857500           20842 1c001aec 001a458b p.lbu            x11, 1(x20!)        x11=00000030 x20=100fcf09 x20:100fcf08  PA:100fcf08
            20873500           20858 1c001af0 06059763 bne              x11, x0, 110        x11:00000030
            20893500           20878 1c001b5e 01200533 add              x10, x0, x18        x10=00000000 x18:00000000
            20910500           20895 1c001b60 000980e7 jalr             x1, x19, 0           x1=1c001b62 x19:1c001776
            20912500           20897 1c001776 00b00533 add              x10, x0, x11        x10=00000030 x11:00000030
            20913500           20898 1c001778 fddff06f jal              x0, -36            
            20915500           20900 1c001754 000026b7 lui              x13, 0x2000         x13=00002000
            20916500           20901 1c001756 f14027f3 csrrs            x15, x0, 0xf14      x15=00000001
            20917500           20902 1c00175a f8068693 addi             x13, x13, -128      x13=00001f80 x13:00002000
            20918500           20903 1c00175e 00379713 slli             x14, x15, 0x3       x14=00000008 x15:00000001
            20919500           20904 1c001762 00279793 slli             x15, x15, 0x2       x15=00000004 x15:00000001
            20920500           20905 1c001764 ee873733 p.bclr           x14, x14, 23, 8     x14=00000008 x14:00000008
            20921500           20906 1c001768 00d7f7b3 and              x15, x15, x13       x15=00000000 x15:00000004 x13:00001f80
            20922500           20907 1c00176a 00e787b3 add              x15, x15, x14       x15=00000008 x15:00000000 x14:00000008
            20923500           20908 1c00176c 1a104737 lui              x14, 0x1a104000     x14=1a104000
            20924500           20909 1c001770 00a767a3 p.sw             x10, x0(x14)        x10:00000030 x14:1a104000  PA:1a104008
            20928500           20913 1c001774 00008067 jalr             x0, x1, 0            x1:1c001b62
            20929500           20914 1c001b62 f8bff06f jal              x0, -118           
            20931500           20916 1c001aec 001a458b p.lbu            x11, 1(x20!)        x11=00000000 x20=100fcf0a x20:100fcf09  PA:100fcf09
            20938500           20923 1c001af0 06059763 bne              x11, x0, 110        x11:00000000
            20939500           20924 1c001af2 0004c783 lbu              x15, 0(x9)          x15=000000xX  x9:100fcef4  PA:100fcef4
            20941500           20926 1c001af6 0097f793 andi             x15, x15, 9         x15=00000000 x15:000000xX
            20942500           20927 1c001af8 0087b463 p.bneimm         x15, 8              x15:00000000
            20957500           20942 1c001b00 01c12083 lw               x1, 28(x2)           x1=1c001d86  x2:100fced0  PA:100fceec
            20959500           20944 1c001b02 01812403 lw               x8, 24(x2)           x8=100fcf74  x2:100fced0  PA:100fcee8
            20960500           20945 1c001b04 01412483 lw               x9, 20(x2)           x9=1c00234d  x2:100fced0  PA:100fcee4
            20961500           20946 1c001b06 01012903 lw               x18, 16(x2)         x18=00000000  x2:100fced0  PA:100fcee0
            20962500           20947 1c001b08 00c12983 lw               x19, 12(x2)         x19=1c001776  x2:100fced0  PA:100fcedc
            20963500           20948 1c001b0a 00812a03 lw               x20, 8(x2)          x20=00000025  x2:100fced0  PA:100fced8
            20964500           20949 1c001b0c 02010113 addi             x2, x2, 32           x2=100fcef0  x2:100fced0
            20965500           20950 1c001b0e 00008067 jalr             x0, x1, 0            x1:1c001d86
            20981500           20966 1c001d86 01800433 add              x8, x0, x24          x8=100fcf78 x24:100fcf78
            20982500           20967 1c001d88 fadff06f jal              x0, -84            
            20984500           20969 1c001d34 00900633 add              x12, x0, x9         x12=1c00234d  x9:1c00234d
            20985500           20970 1c001d36 e69ff06f jal              x0, -408           
            20988500           20973 1c001b9e 00064583 lbu              x11, 0(x12)         x11=0000002c x12:1c00234d  PA:1c00234d
            21005500           20990 1c001ba2 00160493 addi             x9, x12, 1           x9=1c00234e x12:1c00234d
            21006500           20991 1c001ba6 00059e63 bne              x11, x0, 28         x11:0000002c
            21009500           20994 1c001bc2 01458563 beq              x11, x20, 10        x11:0000002c x20:00000025
            21010500           20995 1c001bc6 01200533 add              x10, x0, x18        x10=00000000 x18:00000000
            21011500           20996 1c001bc8 000980e7 jalr             x1, x19, 0           x1=1c001bca x19:1c001776
            21013500           20998 1c001776 00b00533 add              x10, x0, x11        x10=0000002c x11:0000002c
            21014500           20999 1c001778 fddff06f jal              x0, -36            
            21016500           21001 1c001754 000026b7 lui              x13, 0x2000         x13=00002000
            21017500           21002 1c001756 f14027f3 csrrs            x15, x0, 0xf14      x15=00000001
            21018500           21003 1c00175a f8068693 addi             x13, x13, -128      x13=00001f80 x13:00002000
            21019500           21004 1c00175e 00379713 slli             x14, x15, 0x3       x14=00000008 x15:00000001
            21020500           21005 1c001762 00279793 slli             x15, x15, 0x2       x15=00000004 x15:00000001
            21021500           21006 1c001764 ee873733 p.bclr           x14, x14, 23, 8     x14=00000008 x14:00000008
            21022500           21007 1c001768 00d7f7b3 and              x15, x15, x13       x15=00000000 x15:00000004 x13:00001f80
            21023500           21008 1c00176a 00e787b3 add              x15, x15, x14       x15=00000008 x15:00000000 x14:00000008
            21024500           21009 1c00176c 1a104737 lui              x14, 0x1a104000     x14=1a104000
            21025500           21010 1c001770 00a767a3 p.sw             x10, x0(x14)        x10:0000002c x14:1a104000  PA:1a104008
            21029500           21014 1c001774 00008067 jalr             x0, x1, 0            x1:1c001bca
            21030500           21015 1c001bca 16a0006f jal              x0, 362            
            21032500           21017 1c001d34 00900633 add              x12, x0, x9         x12=1c00234e  x9:1c00234e
            21033500           21018 1c001d36 e69ff06f jal              x0, -408           
            21036500           21021 1c001b9e 00064583 lbu              x11, 0(x12)         x11=00000020 x12:1c00234e  PA:1c00234e
            21050500           21035 1c001ba2 00160493 addi             x9, x12, 1           x9=1c00234f x12:1c00234e
            21051500           21036 1c001ba6 00059e63 bne              x11, x0, 28         x11:00000020
            21054500           21039 1c001bc2 01458563 beq              x11, x20, 10        x11:00000020 x20:00000025
            21055500           21040 1c001bc6 01200533 add              x10, x0, x18        x10=00000000 x18:00000000
            21056500           21041 1c001bc8 000980e7 jalr             x1, x19, 0           x1=1c001bca x19:1c001776
            21058500           21043 1c001776 00b00533 add              x10, x0, x11        x10=00000020 x11:00000020
            21059500           21044 1c001778 fddff06f jal              x0, -36            
            21061500           21046 1c001754 000026b7 lui              x13, 0x2000         x13=00002000
            21062500           21047 1c001756 f14027f3 csrrs            x15, x0, 0xf14      x15=00000001
            21063500           21048 1c00175a f8068693 addi             x13, x13, -128      x13=00001f80 x13:00002000
            21064500           21049 1c00175e 00379713 slli             x14, x15, 0x3       x14=00000008 x15:00000001
            21065500           21050 1c001762 00279793 slli             x15, x15, 0x2       x15=00000004 x15:00000001
            21066500           21051 1c001764 ee873733 p.bclr           x14, x14, 23, 8     x14=00000008 x14:00000008
            21067500           21052 1c001768 00d7f7b3 and              x15, x15, x13       x15=00000000 x15:00000004 x13:00001f80
            21068500           21053 1c00176a 00e787b3 add              x15, x15, x14       x15=00000008 x15:00000000 x14:00000008
            21069500           21054 1c00176c 1a104737 lui              x14, 0x1a104000     x14=1a104000
            21070500           21055 1c001770 00a767a3 p.sw             x10, x0(x14)        x10:00000020 x14:1a104000  PA:1a104008
            21074500           21059 1c001774 00008067 jalr             x0, x1, 0            x1:1c001bca
            21075500           21060 1c001bca 16a0006f jal              x0, 362            
            21077500           21062 1c001d34 00900633 add              x12, x0, x9         x12=1c00234f  x9:1c00234f
            21078500           21063 1c001d36 e69ff06f jal              x0, -408           
            21081500           21066 1c001b9e 00064583 lbu              x11, 0(x12)         x11=00000025 x12:1c00234f  PA:1c00234f
            21096500           21081 1c001ba2 00160493 addi             x9, x12, 1           x9=1c002350 x12:1c00234f
            21097500           21082 1c001ba6 00059e63 bne              x11, x0, 28         x11:00000025
            21100500           21085 1c001bc2 01458563 beq              x11, x20, 10        x11:00000025 x20:00000025
            21103500           21088 1c001bcc 00414783 lbu              x15, 4(x2)          x15=000000xX  x2:100fcef0  PA:100fcef4
            21104500           21089 1c001bd0 00012423 sw               x0, 8(x2)            x2:100fcef0  PA:100fcef8
            21105500           21090 1c001bd2 00010623 sb               x0, 12(x2)           x2:100fcef0  PA:100fcefc
            21106500           21091 1c001bd6 c00027b3 p.insert         x15, x0, 0, 0       x15=000000xX x15:000000xX
            21107500           21092 1c001bda c01027b3 p.insert         x15, x0, 0, 1       x15=000000xX x15:000000xX
            21108500           21093 1c001bde c03027b3 p.insert         x15, x0, 0, 3       x15=000000xX x15:000000xX
            21109500           21094 1c001be2 00f10223 sb               x15, 4(x2)          x15:000000xX  x2:100fcef0  PA:100fcef4
            21110500           21095 1c001be6 00000713 addi             x14, x0, 0          x14=00000000
            21111500           21096 1c001be8 00000613 addi             x12, x0, 0          x12=00000000
            21112500           21097 1c001bea 00000693 addi             x13, x0, 0          x13=00000000
            21113500           21098 1c001bec 00000513 addi             x10, x0, 0          x10=00000000
            21114500           21099 1c001bee 00000593 addi             x11, x0, 0          x11=00000000
            21115500           21100 1c001bf0 03000813 addi             x16, x0, 48         x16=00000030
            21116500           21101 1c001bf4 02300893 addi             x17, x0, 35         x17=00000023
            21117500           21102 1c001bf8 0004c783 lbu              x15, 0(x9)          x15=00000069  x9:1c002350  PA:1c002350
            21133500           21118 1c001bfc 00148c13 addi             x24, x9, 1          x24=1c002351  x9:1c002350
            21134500           21119 1c001c00 04079163 bne              x15, x0, 66         x15:00000069
            21137500           21122 1c001c42 01778c63 beq              x15, x23, 24        x15:00000069 x23:0000002d
            21138500           21123 1c001c46 01078663 beq              x15, x16, 12        x15:00000069 x16:00000030
            21139500           21124 1c001c4a fb179ce3 bne              x15, x17, -72       x15:00000069 x17:00000023
            21142500           21127 1c001c02 00050763 beq              x10, x0, 14         x10:00000000
            21145500           21130 1c001c10 00060763 beq              x12, x0, 14         x12:00000000
            21148500           21133 1c001c1e 00070763 beq              x14, x0, 14         x14:00000000
            21151500           21136 1c001c2c fd078713 addi             x14, x15, -48       x14=00000039 x15:00000069
            21152500           21137 1c001c30 0ff77713 andi             x14, x14, 255       x14=00000039 x14:00000039
            21153500           21138 1c001c34 00900693 addi             x13, x0, 9          x13=00000009
            21154500           21139 1c001c36 04e6eb63 bltu             x13, x14, 86        x13:00000009 x14:00000039
            21157500           21142 1c001c8c 02e00713 addi             x14, x0, 46         x14=0000002e
            21158500           21143 1c001c90 02e79163 bne              x15, x14, 34        x15:00000069 x14:0000002e
            21161500           21146 1c001cb2 07a00713 addi             x14, x0, 122        x14=0000007a
            21162500           21147 1c001cb6 04e79263 bne              x15, x14, 68        x15:00000069 x14:0000007a
            21165500           21150 1c001cfa 06c00713 addi             x14, x0, 108        x14=0000006c
            21167500           21152 1c001cfe 20e79463 bne              x15, x14, 520       x15:00000069 x14:0000006c
            21170500           21155 1c001f06 06900713 addi             x14, x0, 105        x14=00000069
            21171500           21156 1c001f0a 02e78a63 beq              x15, x14, 52        x15:00000069 x14:00000069
            21174500           21159 1c001f3e 018004b3 add              x9, x0, x24          x9=1c002351 x24:1c002351
            21175500           21160 1c001f40 00000793 addi             x15, x0, 0          x15=00000000
            21176500           21161 1c001f42 e09ff06f jal              x0, -504           
            21178500           21163 1c001d4a 00a00713 addi             x14, x0, 10         x14=0000000a
            21179500           21164 1c001d4c 00e12823 sw               x14, 16(x2)         x14:0000000a  x2:100fcef0  PA:100fcf00
            21180500           21165 1c001d4e 0e27b363 p.bneimm         x15, 230            x15:00000000
            21183500           21168 1c001e34 00440c13 addi             x24, x8, 4          x24=100fcf7c  x8:100fcf78
            21184500           21169 1c001e38 00042503 lw               x10, 0(x8)          x10=00000001  x8:100fcf78  PA:100fcf78
            21185500           21170 1c001e3a 0017bd63 p.bneimm         x15, 26             x15:00000000
            21188500           21173 1c001e54 00055863 bge              x10, x0, 16         x10:00000001
            21191500           21176 1c001e64 00410593 addi             x11, x2, 4          x11=100fcef4  x2:100fcef0
            21192500           21177 1c001e66 b99ff0ef jal              x1, -1128            x1=1c001e68
            21194500           21179 1c0019fe 0105a683 lw               x13, 16(x11)        x13=100fcf08 x11:100fcef4  PA:100fcf04
            21195500           21180 1c001a00 00c5a703 lw               x14, 12(x11)        x14=0000000a x11:100fcef4  PA:100fcf00
            21197500           21182 1c001a02 00100793 addi             x15, x0, 1          x15=00000001
            21198500           21183 1c001a04 02f55633 divu             x12, x10, x15       x12=00000001 x10:00000001 x15:00000001
            21232500           21217 1c001a08 00e67863 bgeu             x12, x14, 16        x12:00000001 x14:0000000a
            21233500           21218 1c001a0c 00000613 addi             x12, x0, 0          x12=00000000
            21234500           21219 1c001a0e 00900313 addi             x6, x0, 9            x6=00000009
            21235500           21220 1c001a10 00079763 bne              x15, x0, 14         x15:00000001
            21238500           21223 1c001a1e 00c5a703 lw               x14, 12(x11)        x14=0000000a x11:100fcef4  PA:100fcf00
            21239500           21224 1c001a20 02f55833 divu             x16, x10, x15       x16=00000001 x10:00000001 x15:00000001
            21273500           21258 1c001a24 02f57533 remu             x10, x10, x15       x10=00000000 x10:00000001 x15:00000001
            21307500           21292 1c001a28 02e7d7b3 divu             x15, x15, x14       x15=00000000 x15:00000001 x14:0000000a
            21338500           21323 1c001a2c 00061763 bne              x12, x0, 14         x12:00000000
            21339500           21324 1c001a2e 01004663 blt              x0, x16, 12         x16:00000001
            21342500           21327 1c001a3a 03000713 addi             x14, x0, 48         x14=00000030
            21360500           21345 1c001a3e 01035c63 bge              x6, x16, 24          x6:00000009 x16:00000001
            21363500           21348 1c001a56 01070733 add              x14, x14, x16       x14=00000031 x14:00000030 x16:00000001
            21364500           21349 1c001a58 00e68023 sb               x14, 0(x13)         x14:00000031 x13:100fcf08  PA:100fcf08
            21366500           21351 1c001a5c 00160613 addi             x12, x12, 1         x12=00000001 x12:00000000
            21367500           21352 1c001a5e 00168693 addi             x13, x13, 1         x13=100fcf09 x13:100fcf08
            21368500           21353 1c001a60 fb1ff06f jal              x0, -80            
            21370500           21355 1c001a10 00079763 bne              x15, x0, 14         x15:00000000
            21371500           21356 1c001a12 00068023 sb               x0, 0(x13)          x13:100fcf09  PA:100fcf09
            21372500           21357 1c001a16 00008067 jalr             x0, x1, 0            x1:1c001e68
            21374500           21359 1c001e68 f17ff06f jal              x0, -234           
            21376500           21361 1c001d7e 00410613 addi             x12, x2, 4          x12=100fcef4  x2:100fcef0
            21377500           21362 1c001d80 013005b3 add              x11, x0, x19        x11=1c001776 x19:1c001776
            21378500           21363 1c001d82 01200533 add              x10, x0, x18        x10=00000000 x18:00000000
            21379500           21364 1c001d84 cdfff0ef jal              x1, -802             x1=1c001d86
            21381500           21366 1c001a62 fe010113 addi             x2, x2, -32          x2=100fced0  x2:100fcef0
            21382500           21367 1c001a64 00812c23 sw               x8, 24(x2)           x8:100fcf78  x2:100fced0  PA:100fcee8
            21383500           21368 1c001a66 01062783 lw               x15, 16(x12)        x15=100fcf08 x12:100fcef4  PA:100fcf04
            21384500           21369 1c001a68 00462403 lw               x8, 4(x12)           x8=00000000 x12:100fcef4  PA:100fcef8
            21385500           21370 1c001a6a 00912a23 sw               x9, 20(x2)           x9:1c002351  x2:100fced0  PA:100fcee4
            21386500           21371 1c001a6c 01212823 sw               x18, 16(x2)         x18:00000000  x2:100fced0  PA:100fcee0
            21387500           21372 1c001a6e 01312623 sw               x19, 12(x2)         x19:1c001776  x2:100fced0  PA:100fcedc
            21388500           21373 1c001a70 00112e23 sw               x1, 28(x2)           x1:1c001d86  x2:100fced0  PA:100fceec
            21389500           21374 1c001a72 01412423 sw               x20, 8(x2)          x20:00000025  x2:100fced0  PA:100fced8
            21390500           21375 1c001a74 00a00933 add              x18, x0, x10        x18=00000000 x10:00000000
            21391500           21376 1c001a76 00b009b3 add              x19, x0, x11        x19=1c001776 x11:1c001776
            21392500           21377 1c001a78 00c004b3 add              x9, x0, x12          x9=100fcef4 x12:100fcef4
            21393500           21378 1c001a7a 0017c70b p.lbu            x14, 1(x15!)        x14=00000031 x15=100fcf09 x15:100fcf08  PA:100fcf08
            21395500           21380 1c001a7e 00070363 beq              x14, x0, 6          x14:00000031
            21396500           21381 1c001a80 08804863 blt              x0, x8, 144          x8:00000000
            21397500           21382 1c001a84 0084c783 lbu              x15, 8(x9)          x15=00000000  x9:100fcef4  PA:100fcefc
            21399500           21384 1c001a88 00078263 beq              x15, x0, 4          x15:00000000
            21402500           21387 1c001a8c 0004c783 lbu              x15, 0(x9)          x15=000000xX  x9:100fcef4  PA:100fcef4
            21404500           21389 1c001a90 0027f713 andi             x14, x15, 2         x14=00000000 x15:000000xX
            21405500           21390 1c001a94 00070663 beq              x14, x0, 12         x14:00000000
            21408500           21393 1c001aa0 0097f793 andi             x15, x15, 9         x15=00000000 x15:000000xX
            21409500           21394 1c001aa2 00800a33 add              x20, x0, x8         x20=00000000  x8:00000000
            21410500           21395 1c001aa4 08078163 beq              x15, x0, 130        x15:00000000
            21413500           21398 1c001b26 ff404be3 blt              x0, x20, -10        x20:00000000
            21414500           21399 1c001b2a fff40793 addi             x15, x8, -1         x15=ffffffff  x8:00000000
            21415500           21400 1c001b2e 04046433 p.max            x8, x8, x0           x8=00000000  x8:00000000
            21416500           21401 1c001b32 40878433 sub              x8, x15, x8          x8=ffffffff x15:ffffffff  x8:00000000
            21417500           21402 1c001b36 f71ff06f jal              x0, -144           
            21419500           21404 1c001aa6 0084c583 lbu              x11, 8(x9)          x11=00000000  x9:100fcef4  PA:100fcefc
            21421500           21406 1c001aaa 00058363 beq              x11, x0, 6          x11:00000000
            21424500           21409 1c001ab0 0004c783 lbu              x15, 0(x9)          x15=000000xX  x9:100fcef4  PA:100fcef4
            21426500           21411 1c001ab4 0027f793 andi             x15, x15, 2         x15=00000000 x15:000000xX
            21427500           21412 1c001ab6 02078363 beq              x15, x0, 38         x15:00000000
            21430500           21415 1c001adc 0004c783 lbu              x15, 0(x9)          x15=000000xX  x9:100fcef4  PA:100fcef4
            21431500           21416 1c001ae0 00800a33 add              x20, x0, x8         x20=ffffffff  x8:ffffffff
            21432500           21417 1c001ae2 fc17b7b3 p.bclr           x15, x15, 30, 1     x15=00000000 x15:000000xX
            21433500           21418 1c001ae6 06079363 bne              x15, x0, 102        x15:00000000
            21434500           21419 1c001ae8 0104aa03 lw               x20, 16(x9)         x20=100fcf08  x9:100fcef4  PA:100fcf04
            21436500           21421 1c001aec 001a458b p.lbu            x11, 1(x20!)        x11=00000031 x20=100fcf09 x20:100fcf08  PA:100fcf08
            21438500           21423 1c001af0 06059763 bne              x11, x0, 110        x11:00000031
            21441500           21426 1c001b5e 01200533 add              x10, x0, x18        x10=00000000 x18:00000000
            21442500           21427 1c001b60 000980e7 jalr             x1, x19, 0           x1=1c001b62 x19:1c001776
            21444500           21429 1c001776 00b00533 add              x10, x0, x11        x10=00000031 x11:00000031
            21445500           21430 1c001778 fddff06f jal              x0, -36            
            21447500           21432 1c001754 000026b7 lui              x13, 0x2000         x13=00002000
            21448500           21433 1c001756 f14027f3 csrrs            x15, x0, 0xf14      x15=00000001
            21449500           21434 1c00175a f8068693 addi             x13, x13, -128      x13=00001f80 x13:00002000
            21450500           21435 1c00175e 00379713 slli             x14, x15, 0x3       x14=00000008 x15:00000001
            21451500           21436 1c001762 00279793 slli             x15, x15, 0x2       x15=00000004 x15:00000001
            21452500           21437 1c001764 ee873733 p.bclr           x14, x14, 23, 8     x14=00000008 x14:00000008
            21453500           21438 1c001768 00d7f7b3 and              x15, x15, x13       x15=00000000 x15:00000004 x13:00001f80
            21454500           21439 1c00176a 00e787b3 add              x15, x15, x14       x15=00000008 x15:00000000 x14:00000008
            21455500           21440 1c00176c 1a104737 lui              x14, 0x1a104000     x14=1a104000
            21456500           21441 1c001770 00a767a3 p.sw             x10, x0(x14)        x10:00000031 x14:1a104000  PA:1a104008
            21460500           21445 1c001774 00008067 jalr             x0, x1, 0            x1:1c001b62
            21461500           21446 1c001b62 f8bff06f jal              x0, -118           
            21463500           21448 1c001aec 001a458b p.lbu            x11, 1(x20!)        x11=00000000 x20=100fcf0a x20:100fcf09  PA:100fcf09
            21465500           21450 1c001af0 06059763 bne              x11, x0, 110        x11:00000000
            21466500           21451 1c001af2 0004c783 lbu              x15, 0(x9)          x15=000000xX  x9:100fcef4  PA:100fcef4
            21468500           21453 1c001af6 0097f793 andi             x15, x15, 9         x15=00000000 x15:000000xX
            21469500           21454 1c001af8 0087b463 p.bneimm         x15, 8              x15:00000000
            21472500           21457 1c001b00 01c12083 lw               x1, 28(x2)           x1=1c001d86  x2:100fced0  PA:100fceec
            21473500           21458 1c001b02 01812403 lw               x8, 24(x2)           x8=100fcf78  x2:100fced0  PA:100fcee8
            21474500           21459 1c001b04 01412483 lw               x9, 20(x2)           x9=1c002351  x2:100fced0  PA:100fcee4
            21475500           21460 1c001b06 01012903 lw               x18, 16(x2)         x18=00000000  x2:100fced0  PA:100fcee0
            21476500           21461 1c001b08 00c12983 lw               x19, 12(x2)         x19=1c001776  x2:100fced0  PA:100fcedc
            21477500           21462 1c001b0a 00812a03 lw               x20, 8(x2)          x20=00000025  x2:100fced0  PA:100fced8
            21478500           21463 1c001b0c 02010113 addi             x2, x2, 32           x2=100fcef0  x2:100fced0
            21479500           21464 1c001b0e 00008067 jalr             x0, x1, 0            x1:1c001d86
            21481500           21466 1c001d86 01800433 add              x8, x0, x24          x8=100fcf7c x24:100fcf7c
            21482500           21467 1c001d88 fadff06f jal              x0, -84            
            21484500           21469 1c001d34 00900633 add              x12, x0, x9         x12=1c002351  x9:1c002351
            21485500           21470 1c001d36 e69ff06f jal              x0, -408           
            21488500           21473 1c001b9e 00064583 lbu              x11, 0(x12)         x11=00000029 x12:1c002351  PA:1c002351
            21504500           21489 1c001ba2 00160493 addi             x9, x12, 1           x9=1c002352 x12:1c002351
            21505500           21490 1c001ba6 00059e63 bne              x11, x0, 28         x11:00000029
            21508500           21493 1c001bc2 01458563 beq              x11, x20, 10        x11:00000029 x20:00000025
            21509500           21494 1c001bc6 01200533 add              x10, x0, x18        x10=00000000 x18:00000000
            21510500           21495 1c001bc8 000980e7 jalr             x1, x19, 0           x1=1c001bca x19:1c001776
            21512500           21497 1c001776 00b00533 add              x10, x0, x11        x10=00000029 x11:00000029
            21513500           21498 1c001778 fddff06f jal              x0, -36            
            21515500           21500 1c001754 000026b7 lui              x13, 0x2000         x13=00002000
            21516500           21501 1c001756 f14027f3 csrrs            x15, x0, 0xf14      x15=00000001
            21517500           21502 1c00175a f8068693 addi             x13, x13, -128      x13=00001f80 x13:00002000
            21518500           21503 1c00175e 00379713 slli             x14, x15, 0x3       x14=00000008 x15:00000001
            21519500           21504 1c001762 00279793 slli             x15, x15, 0x2       x15=00000004 x15:00000001
            21520500           21505 1c001764 ee873733 p.bclr           x14, x14, 23, 8     x14=00000008 x14:00000008
            21521500           21506 1c001768 00d7f7b3 and              x15, x15, x13       x15=00000000 x15:00000004 x13:00001f80
            21522500           21507 1c00176a 00e787b3 add              x15, x15, x14       x15=00000008 x15:00000000 x14:00000008
            21523500           21508 1c00176c 1a104737 lui              x14, 0x1a104000     x14=1a104000
            21524500           21509 1c001770 00a767a3 p.sw             x10, x0(x14)        x10:00000029 x14:1a104000  PA:1a104008
            21528500           21513 1c001774 00008067 jalr             x0, x1, 0            x1:1c001bca
            21529500           21514 1c001bca 16a0006f jal              x0, 362            
            21531500           21516 1c001d34 00900633 add              x12, x0, x9         x12=1c002352  x9:1c002352
            21532500           21517 1c001d36 e69ff06f jal              x0, -408           
            21535500           21520 1c001b9e 00064583 lbu              x11, 0(x12)         x11=00000021 x12:1c002352  PA:1c002352
            21550500           21535 1c001ba2 00160493 addi             x9, x12, 1           x9=1c002353 x12:1c002352
            21551500           21536 1c001ba6 00059e63 bne              x11, x0, 28         x11:00000021
            21554500           21539 1c001bc2 01458563 beq              x11, x20, 10        x11:00000021 x20:00000025
            21555500           21540 1c001bc6 01200533 add              x10, x0, x18        x10=00000000 x18:00000000
            21556500           21541 1c001bc8 000980e7 jalr             x1, x19, 0           x1=1c001bca x19:1c001776
            21558500           21543 1c001776 00b00533 add              x10, x0, x11        x10=00000021 x11:00000021
            21559500           21544 1c001778 fddff06f jal              x0, -36            
            21561500           21546 1c001754 000026b7 lui              x13, 0x2000         x13=00002000
            21562500           21547 1c001756 f14027f3 csrrs            x15, x0, 0xf14      x15=00000001
            21563500           21548 1c00175a f8068693 addi             x13, x13, -128      x13=00001f80 x13:00002000
            21564500           21549 1c00175e 00379713 slli             x14, x15, 0x3       x14=00000008 x15:00000001
            21565500           21550 1c001762 00279793 slli             x15, x15, 0x2       x15=00000004 x15:00000001
            21566500           21551 1c001764 ee873733 p.bclr           x14, x14, 23, 8     x14=00000008 x14:00000008
            21567500           21552 1c001768 00d7f7b3 and              x15, x15, x13       x15=00000000 x15:00000004 x13:00001f80
            21568500           21553 1c00176a 00e787b3 add              x15, x15, x14       x15=00000008 x15:00000000 x14:00000008
            21569500           21554 1c00176c 1a104737 lui              x14, 0x1a104000     x14=1a104000
            21570500           21555 1c001770 00a767a3 p.sw             x10, x0(x14)        x10:00000021 x14:1a104000  PA:1a104008
            21574500           21559 1c001774 00008067 jalr             x0, x1, 0            x1:1c001bca
            21575500           21560 1c001bca 16a0006f jal              x0, 362            
            21577500           21562 1c001d34 00900633 add              x12, x0, x9         x12=1c002353  x9:1c002353
            21578500           21563 1c001d36 e69ff06f jal              x0, -408           
            21581500           21566 1c001b9e 00064583 lbu              x11, 0(x12)         x11=0000000a x12:1c002353  PA:1c002353
            21596500           21581 1c001ba2 00160493 addi             x9, x12, 1           x9=1c002354 x12:1c002353
            21597500           21582 1c001ba6 00059e63 bne              x11, x0, 28         x11:0000000a
            21600500           21585 1c001bc2 01458563 beq              x11, x20, 10        x11:0000000a x20:00000025
            21601500           21586 1c001bc6 01200533 add              x10, x0, x18        x10=00000000 x18:00000000
            21602500           21587 1c001bc8 000980e7 jalr             x1, x19, 0           x1=1c001bca x19:1c001776
            21604500           21589 1c001776 00b00533 add              x10, x0, x11        x10=0000000a x11:0000000a
            21605500           21590 1c001778 fddff06f jal              x0, -36            
            21607500           21592 1c001754 000026b7 lui              x13, 0x2000         x13=00002000
            21608500           21593 1c001756 f14027f3 csrrs            x15, x0, 0xf14      x15=00000001
            21609500           21594 1c00175a f8068693 addi             x13, x13, -128      x13=00001f80 x13:00002000
            21610500           21595 1c00175e 00379713 slli             x14, x15, 0x3       x14=00000008 x15:00000001
            21611500           21596 1c001762 00279793 slli             x15, x15, 0x2       x15=00000004 x15:00000001
            21612500           21597 1c001764 ee873733 p.bclr           x14, x14, 23, 8     x14=00000008 x14:00000008
            21613500           21598 1c001768 00d7f7b3 and              x15, x15, x13       x15=00000000 x15:00000004 x13:00001f80
            21614500           21599 1c00176a 00e787b3 add              x15, x15, x14       x15=00000008 x15:00000000 x14:00000008
            21615500           21600 1c00176c 1a104737 lui              x14, 0x1a104000     x14=1a104000
            21616500           21601 1c001770 00a767a3 p.sw             x10, x0(x14)        x10:0000000a x14:1a104000  PA:1a104008
            21620500           21605 1c001774 00008067 jalr             x0, x1, 0            x1:1c001bca
            21621500           21606 1c001bca 16a0006f jal              x0, 362            
            21623500           21608 1c001d34 00900633 add              x12, x0, x9         x12=1c002354  x9:1c002354
            21624500           21609 1c001d36 e69ff06f jal              x0, -408           
            21627500           21612 1c001b9e 00064583 lbu              x11, 0(x12)         x11=00000000 x12:1c002354  PA:1c002354
            21642500           21627 1c001ba2 00160493 addi             x9, x12, 1           x9=1c002355 x12:1c002354
            21643500           21628 1c001ba6 00059e63 bne              x11, x0, 28         x11:00000000
            21644500           21629 1c001ba8 05c12083 lw               x1, 92(x2)           x1=1c001834  x2:100fcef0  PA:100fcf4c
            21645500           21630 1c001baa 05812403 lw               x8, 88(x2)           x8=00000000  x2:100fcef0  PA:100fcf48
            21646500           21631 1c001bac 05412483 lw               x9, 84(x2)           x9=00000000  x2:100fcef0  PA:100fcf44
            21647500           21632 1c001bae 05012903 lw               x18, 80(x2)         x18=1b204000  x2:100fcef0  PA:100fcf40
            21648500           21633 1c001bb0 04c12983 lw               x19, 76(x2)         x19=00000001  x2:100fcef0  PA:100fcf3c
            21649500           21634 1c001bb2 04812a03 lw               x20, 72(x2)         x20=1c00220c  x2:100fcef0  PA:100fcf38
            21650500           21635 1c001bb4 04412a83 lw               x21, 68(x2)         x21=1c002210  x2:100fcef0  PA:100fcf34
            21651500           21636 1c001bb6 04012b03 lw               x22, 64(x2)         x22=00000000  x2:100fcef0  PA:100fcf30
            21652500           21637 1c001bb8 03c12b83 lw               x23, 60(x2)         x23=00000000  x2:100fcef0  PA:100fcf2c
            21653500           21638 1c001bba 03812c03 lw               x24, 56(x2)         x24=00000000  x2:100fcef0  PA:100fcf28
            21654500           21639 1c001bbc 03412c83 lw               x25, 52(x2)         x25=00000000  x2:100fcef0  PA:100fcf24
            21655500           21640 1c001bbe 06010113 addi             x2, x2, 96           x2=100fcf50  x2:100fcef0
            21656500           21641 1c001bc0 00008067 jalr             x0, x1, 0            x1:1c001834
            21658500           21643 1c001834 01c12083 lw               x1, 28(x2)           x1=1c00220c  x2:100fcf50  PA:100fcf6c
            21659500           21644 1c001836 00000513 addi             x10, x0, 0          x10=00000000
            21660500           21645 1c001838 04010113 addi             x2, x2, 64           x2=100fcf90  x2:100fcf50
            21661500           21646 1c00183a 00008067 jalr             x0, x1, 0            x1:1c00220c
            21676500           21661 1c00220c 21c96283 p.elw            x5, 540(x18)         x5=00000000 x18:1b204000  PA:1b20421c
