                Time          Cycles PC       Instr    Mnemonic
            14833500           14818 1c000080 0180006f jal              x0, 24             
            14851500           14836 1c000098 f1402573 csrrs            x10, x0, 0xf14      x10=00000045
            14852500           14837 1c00009c 01f57593 andi             x11, x10, 31        x11=00000005 x10:00000045
            14869500           14854 1c0000a0 00555513 srli             x10, x10, 0x5       x10=00000002 x10:00000045
            14870500           14855 1c0000a2 00058463 beq              x11, x0, 8          x11:00000005
            14871500           14856 1c0000a6 05a0206f jal              x0, 8282           
            14889500           14874 1c002100 000702b7 lui              x5, 0x70000          x5=00070000
            14890500           14875 1c002104 1b204337 lui              x6, 0x1b204000       x6=1b204000
            14891500           14876 1c002108 00532023 sw               x5, 0(x6)            x5:00070000  x6:1b204000  PA:1b204000
            14892500           14877 1c00210c 0e059163 bne              x11, x0, 226        x11:00000005
            14944500           14929 1c0021ee 1b204937 lui              x18, 0x1b204000     x18=1b204000
            14945500           14930 1c0021f2 f14029f3 csrrs            x19, x0, 0xf14      x19=00000045
            14946500           14931 1c0021f6 01f9f993 andi             x19, x19, 31        x19=00000005 x19:00000045
            14947500           14932 1c0021fa 00000a17 auipc            x20, 0x0            x20=1c0021fa
            14964500           14949 1c0021fe 012a0a13 addi             x20, x20, 18        x20=1c00220c x20:1c0021fa
            14965500           14950 1c002202 00000a97 auipc            x21, 0x0            x21=1c002202
            14966500           14951 1c002206 00ea8a93 addi             x21, x21, 14        x21=1c002210 x21:1c002202
            14967500           14952 1c00220a 0060006f jal              x0, 6              
            14986500           14971 1c002210 08096283 p.elw            x5, 128(x18)         x5=1c00222d x18:1b204000  PA:1b204080
            18321500           18306 1c002214 08096503 p.elw            x10, 128(x18)       x10=00000400 x18:1b204000  PA:1b204080
            18338500           18323 1c002218 0012f313 andi             x6, x5, 1            x6=00000001  x5:1c00222d
            18339500           18324 1c00221c 00031563 bne              x6, x0, 10           x6:00000001
            18361500           18346 1c002226 000a80b3 add              x1, x21, x0          x1=1c002210 x21:1c002210
            18362500           18347 1c00222a 00028067 jalr             x0, x5, 0            x5:1c00222d
            18364500           18349 1c00222c 08096283 p.elw            x5, 128(x18)         x5=108fe400 x18:1b204000  PA:1b204080
            18388500           18373 1c002230 02a98533 mul              x10, x19, x10       x10=00001400 x19:00000005 x10:00000400
            18389500           18374 1c002234 00550133 add              x2, x10, x5          x2=108ff800 x10:00001400  x5:108fe400
            18390500           18375 1c002238 00008067 jalr             x0, x1, 0            x1:1c002210
            18392500           18377 1c002210 08096283 p.elw            x5, 128(x18)         x5=1c0009bc x18:1b204000  PA:1b204080
            18427500           18412 1c002214 08096503 p.elw            x10, 128(x18)       x10=00000000 x18:1b204000  PA:1b204080
            18435500           18420 1c002218 0012f313 andi             x6, x5, 1            x6=00000000  x5:1c0009bc
            18436500           18421 1c00221c 00031563 bne              x6, x0, 10           x6:00000000
            18437500           18422 1c002220 000a00b3 add              x1, x20, x0          x1=1c00220c x20:1c00220c
            18438500           18423 1c002224 00028067 jalr             x0, x5, 0            x5:1c0009bc
            18459500           18444 1c0009bc f1402673 csrrs            x12, x0, 0xf14      x12=00000045
            18476500           18461 1c0009c0 1c002537 lui              x10, 0x1c002000     x10=1c002000
            18477500           18462 1c0009c4 40565593 srai             x11, x12, 0x405     x11=00000002 x12:00000045
            18478500           18463 1c0009c8 f265b5b3 p.bclr           x11, x11, 25, 6     x11=00000002 x11:00000002
            18479500           18464 1c0009cc f4563633 p.bclr           x12, x12, 26, 5     x12=00000005 x12:00000045
            18480500           18465 1c0009d0 33c50513 addi             x10, x10, 828       x10=1c00233c x10:1c002000
            18481500           18466 1c0009d4 63d0006f jal              x0, 3644           
            18502500           18487 1c001810 fc010113 addi             x2, x2, -64          x2=108ff7c0  x2:108ff800
            18503500           18488 1c001812 02b12223 sw               x11, 36(x2)         x11:00000002  x2:108ff7c0  PA:108ff7e4
            18506500           18491 1c001814 1c0015b7 lui              x11, 0x1c001000     x11=1c001000
            18507500           18492 1c001818 02c12423 sw               x12, 40(x2)         x12:00000005  x2:108ff7c0  PA:108ff7e8
            18508500           18493 1c00181a 02d12623 sw               x13, 44(x2)         x13:00000000  x2:108ff7c0  PA:108ff7ec
            18509500           18494 1c00181c 00a00633 add              x12, x0, x10        x12=1c00233c x10:1c00233c
            18510500           18495 1c00181e 02410693 addi             x13, x2, 36         x13=108ff7e4  x2:108ff7c0
            18526500           18511 1c001820 00000513 addi             x10, x0, 0          x10=00000000
            18527500           18512 1c001822 77658593 addi             x11, x11, 1910      x11=1c001776 x11:1c001000
            18528500           18513 1c001826 00112e23 sw               x1, 28(x2)           x1:1c00220c  x2:108ff7c0  PA:108ff7dc
            18530500           18515 1c001828 02e12823 sw               x14, 48(x2)         x14:00000000  x2:108ff7c0  PA:108ff7f0
            18531500           18516 1c00182a 02f12a23 sw               x15, 52(x2)         x15:00000000  x2:108ff7c0  PA:108ff7f4
            18532500           18517 1c00182c 03012c23 sw               x16, 56(x2)         x16:00000000  x2:108ff7c0  PA:108ff7f8
            18533500           18518 1c00182e 03112e23 sw               x17, 60(x2)         x17:00000000  x2:108ff7c0  PA:108ff7fc
            18549500           18534 1c001830 00d12623 sw               x13, 12(x2)         x13:108ff7e4  x2:108ff7c0  PA:108ff7cc
            18550500           18535 1c001832 33e000ef jal              x1, 830              x1=1c001834
            18568500           18553 1c001b70 fa010113 addi             x2, x2, -96          x2=108ff760  x2:108ff7c0
            18569500           18554 1c001b72 01810793 addi             x15, x2, 24         x15=108ff778  x2:108ff760
            18570500           18555 1c001b74 04812c23 sw               x8, 88(x2)           x8:00000000  x2:108ff760  PA:108ff7b8
            18574500           18559 1c001b76 05212823 sw               x18, 80(x2)         x18:1b204000  x2:108ff760  PA:108ff7b0
            18575500           18560 1c001b78 05312623 sw               x19, 76(x2)         x19:00000005  x2:108ff760  PA:108ff7ac
            18576500           18561 1c001b7a 05412423 sw               x20, 72(x2)         x20:1c00220c  x2:108ff760  PA:108ff7a8
            18577500           18562 1c001b7c 05512223 sw               x21, 68(x2)         x21:1c002210  x2:108ff760  PA:108ff7a4
            18578500           18563 1c001b7e 05612023 sw               x22, 64(x2)         x22:00000000  x2:108ff760  PA:108ff7a0
            18592500           18577 1c001b80 03712e23 sw               x23, 60(x2)         x23:00000000  x2:108ff760  PA:108ff79c
            18598500           18583 1c001b82 04112e23 sw               x1, 92(x2)           x1:1c001834  x2:108ff760  PA:108ff7bc
            18599500           18584 1c001b84 04912a23 sw               x9, 84(x2)           x9:00000000  x2:108ff760  PA:108ff7b4
            18600500           18585 1c001b86 03812c23 sw               x24, 56(x2)         x24:00000000  x2:108ff760  PA:108ff798
            18601500           18586 1c001b88 03912a23 sw               x25, 52(x2)         x25:00000000  x2:108ff760  PA:108ff794
            18602500           18587 1c001b8a 00a00933 add              x18, x0, x10        x18=00000000 x10:00000000
            18603500           18588 1c001b8c 00b009b3 add              x19, x0, x11        x19=1c001776 x11:1c001776
            18604500           18589 1c001b8e 00d00433 add              x8, x0, x13          x8=108ff7e4 x13:108ff7e4
            18616500           18601 1c001b90 00f12a23 sw               x15, 20(x2)         x15:108ff778  x2:108ff760  PA:108ff774
            18621500           18606 1c001b92 02500a13 addi             x20, x0, 37         x20=00000025
            18622500           18607 1c001b96 02d00b93 addi             x23, x0, 45         x23=0000002d
            18623500           18608 1c001b9a 00100a93 addi             x21, x0, 1          x21=00000001
            18624500           18609 1c001b9c 00500b13 addi             x22, x0, 5          x22=00000005
            18638500           18623 1c001b9e 00064583 lbu              x11, 0(x12)         x11=00000048 x12:1c00233c  PA:1c00233c
            18661500           18646 1c001ba2 00160493 addi             x9, x12, 1           x9=1c00233d x12:1c00233c
            18662500           18647 1c001ba6 00059e63 bne              x11, x0, 28         x11:00000048
            18678500           18663 1c001bc2 01458563 beq              x11, x20, 10        x11:00000048 x20:00000025
            18679500           18664 1c001bc6 01200533 add              x10, x0, x18        x10=00000000 x18:00000000
            18680500           18665 1c001bc8 000980e7 jalr             x1, x19, 0           x1=1c001bca x19:1c001776
            18698500           18683 1c001776 00b00533 add              x10, x0, x11        x10=00000048 x11:00000048
            18699500           18684 1c001778 fddff06f jal              x0, -36            
            18718500           18703 1c001754 000026b7 lui              x13, 0x2000         x13=00002000
            18719500           18704 1c001756 f14027f3 csrrs            x15, x0, 0xf14      x15=00000045
            18720500           18705 1c00175a f8068693 addi             x13, x13, -128      x13=00001f80 x13:00002000
            18738500           18723 1c00175e 00379713 slli             x14, x15, 0x3       x14=00000228 x15:00000045
            18739500           18724 1c001762 00279793 slli             x15, x15, 0x2       x15=00000114 x15:00000045
            18740500           18725 1c001764 ee873733 p.bclr           x14, x14, 23, 8     x14=00000028 x14:00000228
            18741500           18726 1c001768 00d7f7b3 and              x15, x15, x13       x15=00000100 x15:00000114 x13:00001f80
            18742500           18727 1c00176a 00e787b3 add              x15, x15, x14       x15=00000128 x15:00000100 x14:00000028
            18743500           18728 1c00176c 1a104737 lui              x14, 0x1a104000     x14=1a104000
            18744500           18729 1c001770 00a767a3 p.sw             x10, x0(x14)        x10:00000048 x14:1a104000  PA:1a104128
            18748500           18733 1c001774 00008067 jalr             x0, x1, 0            x1:1c001bca
            18749500           18734 1c001bca 16a0006f jal              x0, 362            
            18768500           18753 1c001d34 00900633 add              x12, x0, x9         x12=1c00233d  x9:1c00233d
            18769500           18754 1c001d36 e69ff06f jal              x0, -408           
            18772500           18757 1c001b9e 00064583 lbu              x11, 0(x12)         x11=00000065 x12:1c00233d  PA:1c00233d
            18797500           18782 1c001ba2 00160493 addi             x9, x12, 1           x9=1c00233e x12:1c00233d
            18798500           18783 1c001ba6 00059e63 bne              x11, x0, 28         x11:00000065
            18801500           18786 1c001bc2 01458563 beq              x11, x20, 10        x11:00000065 x20:00000025
            18802500           18787 1c001bc6 01200533 add              x10, x0, x18        x10=00000000 x18:00000000
            18803500           18788 1c001bc8 000980e7 jalr             x1, x19, 0           x1=1c001bca x19:1c001776
            18805500           18790 1c001776 00b00533 add              x10, x0, x11        x10=00000065 x11:00000065
            18806500           18791 1c001778 fddff06f jal              x0, -36            
            18808500           18793 1c001754 000026b7 lui              x13, 0x2000         x13=00002000
            18809500           18794 1c001756 f14027f3 csrrs            x15, x0, 0xf14      x15=00000045
            18810500           18795 1c00175a f8068693 addi             x13, x13, -128      x13=00001f80 x13:00002000
            18811500           18796 1c00175e 00379713 slli             x14, x15, 0x3       x14=00000228 x15:00000045
            18812500           18797 1c001762 00279793 slli             x15, x15, 0x2       x15=00000114 x15:00000045
            18813500           18798 1c001764 ee873733 p.bclr           x14, x14, 23, 8     x14=00000028 x14:00000228
            18814500           18799 1c001768 00d7f7b3 and              x15, x15, x13       x15=00000100 x15:00000114 x13:00001f80
            18815500           18800 1c00176a 00e787b3 add              x15, x15, x14       x15=00000128 x15:00000100 x14:00000028
            18816500           18801 1c00176c 1a104737 lui              x14, 0x1a104000     x14=1a104000
            18817500           18802 1c001770 00a767a3 p.sw             x10, x0(x14)        x10:00000065 x14:1a104000  PA:1a104128
            18821500           18806 1c001774 00008067 jalr             x0, x1, 0            x1:1c001bca
            18822500           18807 1c001bca 16a0006f jal              x0, 362            
            18824500           18809 1c001d34 00900633 add              x12, x0, x9         x12=1c00233e  x9:1c00233e
            18825500           18810 1c001d36 e69ff06f jal              x0, -408           
            18828500           18813 1c001b9e 00064583 lbu              x11, 0(x12)         x11=00000079 x12:1c00233e  PA:1c00233e
            18842500           18827 1c001ba2 00160493 addi             x9, x12, 1           x9=1c00233f x12:1c00233e
            18843500           18828 1c001ba6 00059e63 bne              x11, x0, 28         x11:00000079
            18846500           18831 1c001bc2 01458563 beq              x11, x20, 10        x11:00000079 x20:00000025
            18847500           18832 1c001bc6 01200533 add              x10, x0, x18        x10=00000000 x18:00000000
            18848500           18833 1c001bc8 000980e7 jalr             x1, x19, 0           x1=1c001bca x19:1c001776
            18850500           18835 1c001776 00b00533 add              x10, x0, x11        x10=00000079 x11:00000079
            18851500           18836 1c001778 fddff06f jal              x0, -36            
            18853500           18838 1c001754 000026b7 lui              x13, 0x2000         x13=00002000
            18854500           18839 1c001756 f14027f3 csrrs            x15, x0, 0xf14      x15=00000045
            18855500           18840 1c00175a f8068693 addi             x13, x13, -128      x13=00001f80 x13:00002000
            18856500           18841 1c00175e 00379713 slli             x14, x15, 0x3       x14=00000228 x15:00000045
            18857500           18842 1c001762 00279793 slli             x15, x15, 0x2       x15=00000114 x15:00000045
            18858500           18843 1c001764 ee873733 p.bclr           x14, x14, 23, 8     x14=00000028 x14:00000228
            18859500           18844 1c001768 00d7f7b3 and              x15, x15, x13       x15=00000100 x15:00000114 x13:00001f80
            18860500           18845 1c00176a 00e787b3 add              x15, x15, x14       x15=00000128 x15:00000100 x14:00000028
            18861500           18846 1c00176c 1a104737 lui              x14, 0x1a104000     x14=1a104000
            18862500           18847 1c001770 00a767a3 p.sw             x10, x0(x14)        x10:00000079 x14:1a104000  PA:1a104128
            18866500           18851 1c001774 00008067 jalr             x0, x1, 0            x1:1c001bca
            18867500           18852 1c001bca 16a0006f jal              x0, 362            
            18869500           18854 1c001d34 00900633 add              x12, x0, x9         x12=1c00233f  x9:1c00233f
            18870500           18855 1c001d36 e69ff06f jal              x0, -408           
            18873500           18858 1c001b9e 00064583 lbu              x11, 0(x12)         x11=0000002c x12:1c00233f  PA:1c00233f
            18893500           18878 1c001ba2 00160493 addi             x9, x12, 1           x9=1c002340 x12:1c00233f
            18894500           18879 1c001ba6 00059e63 bne              x11, x0, 28         x11:0000002c
            18897500           18882 1c001bc2 01458563 beq              x11, x20, 10        x11:0000002c x20:00000025
            18898500           18883 1c001bc6 01200533 add              x10, x0, x18        x10=00000000 x18:00000000
            18899500           18884 1c001bc8 000980e7 jalr             x1, x19, 0           x1=1c001bca x19:1c001776
            18901500           18886 1c001776 00b00533 add              x10, x0, x11        x10=0000002c x11:0000002c
            18902500           18887 1c001778 fddff06f jal              x0, -36            
            18904500           18889 1c001754 000026b7 lui              x13, 0x2000         x13=00002000
            18905500           18890 1c001756 f14027f3 csrrs            x15, x0, 0xf14      x15=00000045
            18906500           18891 1c00175a f8068693 addi             x13, x13, -128      x13=00001f80 x13:00002000
            18907500           18892 1c00175e 00379713 slli             x14, x15, 0x3       x14=00000228 x15:00000045
            18908500           18893 1c001762 00279793 slli             x15, x15, 0x2       x15=00000114 x15:00000045
            18909500           18894 1c001764 ee873733 p.bclr           x14, x14, 23, 8     x14=00000028 x14:00000228
            18910500           18895 1c001768 00d7f7b3 and              x15, x15, x13       x15=00000100 x15:00000114 x13:00001f80
            18911500           18896 1c00176a 00e787b3 add              x15, x15, x14       x15=00000128 x15:00000100 x14:00000028
            18912500           18897 1c00176c 1a104737 lui              x14, 0x1a104000     x14=1a104000
            18913500           18898 1c001770 00a767a3 p.sw             x10, x0(x14)        x10:0000002c x14:1a104000  PA:1a104128
            18917500           18902 1c001774 00008067 jalr             x0, x1, 0            x1:1c001bca
            18918500           18903 1c001bca 16a0006f jal              x0, 362            
            18920500           18905 1c001d34 00900633 add              x12, x0, x9         x12=1c002340  x9:1c002340
            18921500           18906 1c001d36 e69ff06f jal              x0, -408           
            18924500           18909 1c001b9e 00064583 lbu              x11, 0(x12)         x11=00000020 x12:1c002340  PA:1c002340
            18939500           18924 1c001ba2 00160493 addi             x9, x12, 1           x9=1c002341 x12:1c002340
            18940500           18925 1c001ba6 00059e63 bne              x11, x0, 28         x11:00000020
            18943500           18928 1c001bc2 01458563 beq              x11, x20, 10        x11:00000020 x20:00000025
            18944500           18929 1c001bc6 01200533 add              x10, x0, x18        x10=00000000 x18:00000000
            18945500           18930 1c001bc8 000980e7 jalr             x1, x19, 0           x1=1c001bca x19:1c001776
            18947500           18932 1c001776 00b00533 add              x10, x0, x11        x10=00000020 x11:00000020
            18948500           18933 1c001778 fddff06f jal              x0, -36            
            18950500           18935 1c001754 000026b7 lui              x13, 0x2000         x13=00002000
            18951500           18936 1c001756 f14027f3 csrrs            x15, x0, 0xf14      x15=00000045
            18952500           18937 1c00175a f8068693 addi             x13, x13, -128      x13=00001f80 x13:00002000
            18953500           18938 1c00175e 00379713 slli             x14, x15, 0x3       x14=00000228 x15:00000045
            18954500           18939 1c001762 00279793 slli             x15, x15, 0x2       x15=00000114 x15:00000045
            18955500           18940 1c001764 ee873733 p.bclr           x14, x14, 23, 8     x14=00000028 x14:00000228
            18956500           18941 1c001768 00d7f7b3 and              x15, x15, x13       x15=00000100 x15:00000114 x13:00001f80
            18957500           18942 1c00176a 00e787b3 add              x15, x15, x14       x15=00000128 x15:00000100 x14:00000028
            18958500           18943 1c00176c 1a104737 lui              x14, 0x1a104000     x14=1a104000
            18959500           18944 1c001770 00a767a3 p.sw             x10, x0(x14)        x10:00000020 x14:1a104000  PA:1a104128
            18963500           18948 1c001774 00008067 jalr             x0, x1, 0            x1:1c001bca
            18964500           18949 1c001bca 16a0006f jal              x0, 362            
            18966500           18951 1c001d34 00900633 add              x12, x0, x9         x12=1c002341  x9:1c002341
            18967500           18952 1c001d36 e69ff06f jal              x0, -408           
            18970500           18955 1c001b9e 00064583 lbu              x11, 0(x12)         x11=00000049 x12:1c002341  PA:1c002341
            18987500           18972 1c001ba2 00160493 addi             x9, x12, 1           x9=1c002342 x12:1c002341
            18988500           18973 1c001ba6 00059e63 bne              x11, x0, 28         x11:00000049
            18991500           18976 1c001bc2 01458563 beq              x11, x20, 10        x11:00000049 x20:00000025
            18992500           18977 1c001bc6 01200533 add              x10, x0, x18        x10=00000000 x18:00000000
            18993500           18978 1c001bc8 000980e7 jalr             x1, x19, 0           x1=1c001bca x19:1c001776
            18995500           18980 1c001776 00b00533 add              x10, x0, x11        x10=00000049 x11:00000049
            18996500           18981 1c001778 fddff06f jal              x0, -36            
            18998500           18983 1c001754 000026b7 lui              x13, 0x2000         x13=00002000
            18999500           18984 1c001756 f14027f3 csrrs            x15, x0, 0xf14      x15=00000045
            19000500           18985 1c00175a f8068693 addi             x13, x13, -128      x13=00001f80 x13:00002000
            19001500           18986 1c00175e 00379713 slli             x14, x15, 0x3       x14=00000228 x15:00000045
            19002500           18987 1c001762 00279793 slli             x15, x15, 0x2       x15=00000114 x15:00000045
            19003500           18988 1c001764 ee873733 p.bclr           x14, x14, 23, 8     x14=00000028 x14:00000228
            19004500           18989 1c001768 00d7f7b3 and              x15, x15, x13       x15=00000100 x15:00000114 x13:00001f80
            19005500           18990 1c00176a 00e787b3 add              x15, x15, x14       x15=00000128 x15:00000100 x14:00000028
            19006500           18991 1c00176c 1a104737 lui              x14, 0x1a104000     x14=1a104000
            19007500           18992 1c001770 00a767a3 p.sw             x10, x0(x14)        x10:00000049 x14:1a104000  PA:1a104128
            19011500           18996 1c001774 00008067 jalr             x0, x1, 0            x1:1c001bca
            19012500           18997 1c001bca 16a0006f jal              x0, 362            
            19014500           18999 1c001d34 00900633 add              x12, x0, x9         x12=1c002342  x9:1c002342
            19015500           19000 1c001d36 e69ff06f jal              x0, -408           
            19018500           19003 1c001b9e 00064583 lbu              x11, 0(x12)         x11=00000027 x12:1c002342  PA:1c002342
            19035500           19020 1c001ba2 00160493 addi             x9, x12, 1           x9=1c002343 x12:1c002342
            19036500           19021 1c001ba6 00059e63 bne              x11, x0, 28         x11:00000027
            19039500           19024 1c001bc2 01458563 beq              x11, x20, 10        x11:00000027 x20:00000025
            19040500           19025 1c001bc6 01200533 add              x10, x0, x18        x10=00000000 x18:00000000
            19041500           19026 1c001bc8 000980e7 jalr             x1, x19, 0           x1=1c001bca x19:1c001776
            19043500           19028 1c001776 00b00533 add              x10, x0, x11        x10=00000027 x11:00000027
            19044500           19029 1c001778 fddff06f jal              x0, -36            
            19046500           19031 1c001754 000026b7 lui              x13, 0x2000         x13=00002000
            19047500           19032 1c001756 f14027f3 csrrs            x15, x0, 0xf14      x15=00000045
            19048500           19033 1c00175a f8068693 addi             x13, x13, -128      x13=00001f80 x13:00002000
            19049500           19034 1c00175e 00379713 slli             x14, x15, 0x3       x14=00000228 x15:00000045
            19050500           19035 1c001762 00279793 slli             x15, x15, 0x2       x15=00000114 x15:00000045
            19051500           19036 1c001764 ee873733 p.bclr           x14, x14, 23, 8     x14=00000028 x14:00000228
            19052500           19037 1c001768 00d7f7b3 and              x15, x15, x13       x15=00000100 x15:00000114 x13:00001f80
            19053500           19038 1c00176a 00e787b3 add              x15, x15, x14       x15=00000128 x15:00000100 x14:00000028
            19054500           19039 1c00176c 1a104737 lui              x14, 0x1a104000     x14=1a104000
            19055500           19040 1c001770 00a767a3 p.sw             x10, x0(x14)        x10:00000027 x14:1a104000  PA:1a104128
            19059500           19044 1c001774 00008067 jalr             x0, x1, 0            x1:1c001bca
            19060500           19045 1c001bca 16a0006f jal              x0, 362            
            19062500           19047 1c001d34 00900633 add              x12, x0, x9         x12=1c002343  x9:1c002343
            19063500           19048 1c001d36 e69ff06f jal              x0, -408           
            19066500           19051 1c001b9e 00064583 lbu              x11, 0(x12)         x11=0000006d x12:1c002343  PA:1c002343
            19081500           19066 1c001ba2 00160493 addi             x9, x12, 1           x9=1c002344 x12:1c002343
            19082500           19067 1c001ba6 00059e63 bne              x11, x0, 28         x11:0000006d
            19085500           19070 1c001bc2 01458563 beq              x11, x20, 10        x11:0000006d x20:00000025
            19086500           19071 1c001bc6 01200533 add              x10, x0, x18        x10=00000000 x18:00000000
            19087500           19072 1c001bc8 000980e7 jalr             x1, x19, 0           x1=1c001bca x19:1c001776
            19089500           19074 1c001776 00b00533 add              x10, x0, x11        x10=0000006d x11:0000006d
            19090500           19075 1c001778 fddff06f jal              x0, -36            
            19092500           19077 1c001754 000026b7 lui              x13, 0x2000         x13=00002000
            19093500           19078 1c001756 f14027f3 csrrs            x15, x0, 0xf14      x15=00000045
            19094500           19079 1c00175a f8068693 addi             x13, x13, -128      x13=00001f80 x13:00002000
            19095500           19080 1c00175e 00379713 slli             x14, x15, 0x3       x14=00000228 x15:00000045
            19096500           19081 1c001762 00279793 slli             x15, x15, 0x2       x15=00000114 x15:00000045
            19097500           19082 1c001764 ee873733 p.bclr           x14, x14, 23, 8     x14=00000028 x14:00000228
            19098500           19083 1c001768 00d7f7b3 and              x15, x15, x13       x15=00000100 x15:00000114 x13:00001f80
            19099500           19084 1c00176a 00e787b3 add              x15, x15, x14       x15=00000128 x15:00000100 x14:00000028
            19100500           19085 1c00176c 1a104737 lui              x14, 0x1a104000     x14=1a104000
            19101500           19086 1c001770 00a767a3 p.sw             x10, x0(x14)        x10:0000006d x14:1a104000  PA:1a104128
            19105500           19090 1c001774 00008067 jalr             x0, x1, 0            x1:1c001bca
            19106500           19091 1c001bca 16a0006f jal              x0, 362            
            19108500           19093 1c001d34 00900633 add              x12, x0, x9         x12=1c002344  x9:1c002344
            19109500           19094 1c001d36 e69ff06f jal              x0, -408           
            19112500           19097 1c001b9e 00064583 lbu              x11, 0(x12)         x11=00000020 x12:1c002344  PA:1c002344
            19129500           19114 1c001ba2 00160493 addi             x9, x12, 1           x9=1c002345 x12:1c002344
            19130500           19115 1c001ba6 00059e63 bne              x11, x0, 28         x11:00000020
            19133500           19118 1c001bc2 01458563 beq              x11, x20, 10        x11:00000020 x20:00000025
            19134500           19119 1c001bc6 01200533 add              x10, x0, x18        x10=00000000 x18:00000000
            19135500           19120 1c001bc8 000980e7 jalr             x1, x19, 0           x1=1c001bca x19:1c001776
            19137500           19122 1c001776 00b00533 add              x10, x0, x11        x10=00000020 x11:00000020
            19138500           19123 1c001778 fddff06f jal              x0, -36            
            19140500           19125 1c001754 000026b7 lui              x13, 0x2000         x13=00002000
            19141500           19126 1c001756 f14027f3 csrrs            x15, x0, 0xf14      x15=00000045
            19142500           19127 1c00175a f8068693 addi             x13, x13, -128      x13=00001f80 x13:00002000
            19143500           19128 1c00175e 00379713 slli             x14, x15, 0x3       x14=00000228 x15:00000045
            19144500           19129 1c001762 00279793 slli             x15, x15, 0x2       x15=00000114 x15:00000045
            19145500           19130 1c001764 ee873733 p.bclr           x14, x14, 23, 8     x14=00000028 x14:00000228
            19146500           19131 1c001768 00d7f7b3 and              x15, x15, x13       x15=00000100 x15:00000114 x13:00001f80
            19147500           19132 1c00176a 00e787b3 add              x15, x15, x14       x15=00000128 x15:00000100 x14:00000028
            19148500           19133 1c00176c 1a104737 lui              x14, 0x1a104000     x14=1a104000
            19149500           19134 1c001770 00a767a3 p.sw             x10, x0(x14)        x10:00000020 x14:1a104000  PA:1a104128
            19153500           19138 1c001774 00008067 jalr             x0, x1, 0            x1:1c001bca
            19154500           19139 1c001bca 16a0006f jal              x0, 362            
            19156500           19141 1c001d34 00900633 add              x12, x0, x9         x12=1c002345  x9:1c002345
            19157500           19142 1c001d36 e69ff06f jal              x0, -408           
            19160500           19145 1c001b9e 00064583 lbu              x11, 0(x12)         x11=00000063 x12:1c002345  PA:1c002345
            19181500           19166 1c001ba2 00160493 addi             x9, x12, 1           x9=1c002346 x12:1c002345
            19182500           19167 1c001ba6 00059e63 bne              x11, x0, 28         x11:00000063
            19185500           19170 1c001bc2 01458563 beq              x11, x20, 10        x11:00000063 x20:00000025
            19186500           19171 1c001bc6 01200533 add              x10, x0, x18        x10=00000000 x18:00000000
            19187500           19172 1c001bc8 000980e7 jalr             x1, x19, 0           x1=1c001bca x19:1c001776
            19189500           19174 1c001776 00b00533 add              x10, x0, x11        x10=00000063 x11:00000063
            19190500           19175 1c001778 fddff06f jal              x0, -36            
            19192500           19177 1c001754 000026b7 lui              x13, 0x2000         x13=00002000
            19193500           19178 1c001756 f14027f3 csrrs            x15, x0, 0xf14      x15=00000045
            19194500           19179 1c00175a f8068693 addi             x13, x13, -128      x13=00001f80 x13:00002000
            19195500           19180 1c00175e 00379713 slli             x14, x15, 0x3       x14=00000228 x15:00000045
            19196500           19181 1c001762 00279793 slli             x15, x15, 0x2       x15=00000114 x15:00000045
            19197500           19182 1c001764 ee873733 p.bclr           x14, x14, 23, 8     x14=00000028 x14:00000228
            19198500           19183 1c001768 00d7f7b3 and              x15, x15, x13       x15=00000100 x15:00000114 x13:00001f80
            19199500           19184 1c00176a 00e787b3 add              x15, x15, x14       x15=00000128 x15:00000100 x14:00000028
            19200500           19185 1c00176c 1a104737 lui              x14, 0x1a104000     x14=1a104000
            19201500           19186 1c001770 00a767a3 p.sw             x10, x0(x14)        x10:00000063 x14:1a104000  PA:1a104128
            19205500           19190 1c001774 00008067 jalr             x0, x1, 0            x1:1c001bca
            19206500           19191 1c001bca 16a0006f jal              x0, 362            
            19208500           19193 1c001d34 00900633 add              x12, x0, x9         x12=1c002346  x9:1c002346
            19209500           19194 1c001d36 e69ff06f jal              x0, -408           
            19212500           19197 1c001b9e 00064583 lbu              x11, 0(x12)         x11=0000006f x12:1c002346  PA:1c002346
            19231500           19216 1c001ba2 00160493 addi             x9, x12, 1           x9=1c002347 x12:1c002346
            19232500           19217 1c001ba6 00059e63 bne              x11, x0, 28         x11:0000006f
            19235500           19220 1c001bc2 01458563 beq              x11, x20, 10        x11:0000006f x20:00000025
            19236500           19221 1c001bc6 01200533 add              x10, x0, x18        x10=00000000 x18:00000000
            19237500           19222 1c001bc8 000980e7 jalr             x1, x19, 0           x1=1c001bca x19:1c001776
            19239500           19224 1c001776 00b00533 add              x10, x0, x11        x10=0000006f x11:0000006f
            19240500           19225 1c001778 fddff06f jal              x0, -36            
            19242500           19227 1c001754 000026b7 lui              x13, 0x2000         x13=00002000
            19243500           19228 1c001756 f14027f3 csrrs            x15, x0, 0xf14      x15=00000045
            19244500           19229 1c00175a f8068693 addi             x13, x13, -128      x13=00001f80 x13:00002000
            19245500           19230 1c00175e 00379713 slli             x14, x15, 0x3       x14=00000228 x15:00000045
            19246500           19231 1c001762 00279793 slli             x15, x15, 0x2       x15=00000114 x15:00000045
            19247500           19232 1c001764 ee873733 p.bclr           x14, x14, 23, 8     x14=00000028 x14:00000228
            19248500           19233 1c001768 00d7f7b3 and              x15, x15, x13       x15=00000100 x15:00000114 x13:00001f80
            19249500           19234 1c00176a 00e787b3 add              x15, x15, x14       x15=00000128 x15:00000100 x14:00000028
            19250500           19235 1c00176c 1a104737 lui              x14, 0x1a104000     x14=1a104000
            19251500           19236 1c001770 00a767a3 p.sw             x10, x0(x14)        x10:0000006f x14:1a104000  PA:1a104128
            19255500           19240 1c001774 00008067 jalr             x0, x1, 0            x1:1c001bca
            19256500           19241 1c001bca 16a0006f jal              x0, 362            
            19258500           19243 1c001d34 00900633 add              x12, x0, x9         x12=1c002347  x9:1c002347
            19259500           19244 1c001d36 e69ff06f jal              x0, -408           
            19262500           19247 1c001b9e 00064583 lbu              x11, 0(x12)         x11=00000072 x12:1c002347  PA:1c002347
            19282500           19267 1c001ba2 00160493 addi             x9, x12, 1           x9=1c002348 x12:1c002347
            19283500           19268 1c001ba6 00059e63 bne              x11, x0, 28         x11:00000072
            19286500           19271 1c001bc2 01458563 beq              x11, x20, 10        x11:00000072 x20:00000025
            19287500           19272 1c001bc6 01200533 add              x10, x0, x18        x10=00000000 x18:00000000
            19288500           19273 1c001bc8 000980e7 jalr             x1, x19, 0           x1=1c001bca x19:1c001776
            19290500           19275 1c001776 00b00533 add              x10, x0, x11        x10=00000072 x11:00000072
            19291500           19276 1c001778 fddff06f jal              x0, -36            
            19293500           19278 1c001754 000026b7 lui              x13, 0x2000         x13=00002000
            19294500           19279 1c001756 f14027f3 csrrs            x15, x0, 0xf14      x15=00000045
            19295500           19280 1c00175a f8068693 addi             x13, x13, -128      x13=00001f80 x13:00002000
            19296500           19281 1c00175e 00379713 slli             x14, x15, 0x3       x14=00000228 x15:00000045
            19297500           19282 1c001762 00279793 slli             x15, x15, 0x2       x15=00000114 x15:00000045
            19298500           19283 1c001764 ee873733 p.bclr           x14, x14, 23, 8     x14=00000028 x14:00000228
            19299500           19284 1c001768 00d7f7b3 and              x15, x15, x13       x15=00000100 x15:00000114 x13:00001f80
            19300500           19285 1c00176a 00e787b3 add              x15, x15, x14       x15=00000128 x15:00000100 x14:00000028
            19301500           19286 1c00176c 1a104737 lui              x14, 0x1a104000     x14=1a104000
            19302500           19287 1c001770 00a767a3 p.sw             x10, x0(x14)        x10:00000072 x14:1a104000  PA:1a104128
            19306500           19291 1c001774 00008067 jalr             x0, x1, 0            x1:1c001bca
            19307500           19292 1c001bca 16a0006f jal              x0, 362            
            19309500           19294 1c001d34 00900633 add              x12, x0, x9         x12=1c002348  x9:1c002348
            19310500           19295 1c001d36 e69ff06f jal              x0, -408           
            19313500           19298 1c001b9e 00064583 lbu              x11, 0(x12)         x11=00000065 x12:1c002348  PA:1c002348
            19330500           19315 1c001ba2 00160493 addi             x9, x12, 1           x9=1c002349 x12:1c002348
            19331500           19316 1c001ba6 00059e63 bne              x11, x0, 28         x11:00000065
            19334500           19319 1c001bc2 01458563 beq              x11, x20, 10        x11:00000065 x20:00000025
            19335500           19320 1c001bc6 01200533 add              x10, x0, x18        x10=00000000 x18:00000000
            19336500           19321 1c001bc8 000980e7 jalr             x1, x19, 0           x1=1c001bca x19:1c001776
            19338500           19323 1c001776 00b00533 add              x10, x0, x11        x10=00000065 x11:00000065
            19339500           19324 1c001778 fddff06f jal              x0, -36            
            19341500           19326 1c001754 000026b7 lui              x13, 0x2000         x13=00002000
            19342500           19327 1c001756 f14027f3 csrrs            x15, x0, 0xf14      x15=00000045
            19343500           19328 1c00175a f8068693 addi             x13, x13, -128      x13=00001f80 x13:00002000
            19344500           19329 1c00175e 00379713 slli             x14, x15, 0x3       x14=00000228 x15:00000045
            19345500           19330 1c001762 00279793 slli             x15, x15, 0x2       x15=00000114 x15:00000045
            19346500           19331 1c001764 ee873733 p.bclr           x14, x14, 23, 8     x14=00000028 x14:00000228
            19347500           19332 1c001768 00d7f7b3 and              x15, x15, x13       x15=00000100 x15:00000114 x13:00001f80
            19348500           19333 1c00176a 00e787b3 add              x15, x15, x14       x15=00000128 x15:00000100 x14:00000028
            19349500           19334 1c00176c 1a104737 lui              x14, 0x1a104000     x14=1a104000
            19350500           19335 1c001770 00a767a3 p.sw             x10, x0(x14)        x10:00000065 x14:1a104000  PA:1a104128
            19354500           19339 1c001774 00008067 jalr             x0, x1, 0            x1:1c001bca
            19355500           19340 1c001bca 16a0006f jal              x0, 362            
            19357500           19342 1c001d34 00900633 add              x12, x0, x9         x12=1c002349  x9:1c002349
            19358500           19343 1c001d36 e69ff06f jal              x0, -408           
            19361500           19346 1c001b9e 00064583 lbu              x11, 0(x12)         x11=00000020 x12:1c002349  PA:1c002349
            19380500           19365 1c001ba2 00160493 addi             x9, x12, 1           x9=1c00234a x12:1c002349
            19381500           19366 1c001ba6 00059e63 bne              x11, x0, 28         x11:00000020
            19384500           19369 1c001bc2 01458563 beq              x11, x20, 10        x11:00000020 x20:00000025
            19385500           19370 1c001bc6 01200533 add              x10, x0, x18        x10=00000000 x18:00000000
            19386500           19371 1c001bc8 000980e7 jalr             x1, x19, 0           x1=1c001bca x19:1c001776
            19388500           19373 1c001776 00b00533 add              x10, x0, x11        x10=00000020 x11:00000020
            19389500           19374 1c001778 fddff06f jal              x0, -36            
            19391500           19376 1c001754 000026b7 lui              x13, 0x2000         x13=00002000
            19392500           19377 1c001756 f14027f3 csrrs            x15, x0, 0xf14      x15=00000045
            19393500           19378 1c00175a f8068693 addi             x13, x13, -128      x13=00001f80 x13:00002000
            19394500           19379 1c00175e 00379713 slli             x14, x15, 0x3       x14=00000228 x15:00000045
            19395500           19380 1c001762 00279793 slli             x15, x15, 0x2       x15=00000114 x15:00000045
            19396500           19381 1c001764 ee873733 p.bclr           x14, x14, 23, 8     x14=00000028 x14:00000228
            19397500           19382 1c001768 00d7f7b3 and              x15, x15, x13       x15=00000100 x15:00000114 x13:00001f80
            19398500           19383 1c00176a 00e787b3 add              x15, x15, x14       x15=00000128 x15:00000100 x14:00000028
            19399500           19384 1c00176c 1a104737 lui              x14, 0x1a104000     x14=1a104000
            19400500           19385 1c001770 00a767a3 p.sw             x10, x0(x14)        x10:00000020 x14:1a104000  PA:1a104128
            19404500           19389 1c001774 00008067 jalr             x0, x1, 0            x1:1c001bca
            19405500           19390 1c001bca 16a0006f jal              x0, 362            
            19407500           19392 1c001d34 00900633 add              x12, x0, x9         x12=1c00234a  x9:1c00234a
            19408500           19393 1c001d36 e69ff06f jal              x0, -408           
            19411500           19396 1c001b9e 00064583 lbu              x11, 0(x12)         x11=00000028 x12:1c00234a  PA:1c00234a
            19430500           19415 1c001ba2 00160493 addi             x9, x12, 1           x9=1c00234b x12:1c00234a
            19431500           19416 1c001ba6 00059e63 bne              x11, x0, 28         x11:00000028
            19434500           19419 1c001bc2 01458563 beq              x11, x20, 10        x11:00000028 x20:00000025
            19435500           19420 1c001bc6 01200533 add              x10, x0, x18        x10=00000000 x18:00000000
            19436500           19421 1c001bc8 000980e7 jalr             x1, x19, 0           x1=1c001bca x19:1c001776
            19438500           19423 1c001776 00b00533 add              x10, x0, x11        x10=00000028 x11:00000028
            19439500           19424 1c001778 fddff06f jal              x0, -36            
            19441500           19426 1c001754 000026b7 lui              x13, 0x2000         x13=00002000
            19442500           19427 1c001756 f14027f3 csrrs            x15, x0, 0xf14      x15=00000045
            19443500           19428 1c00175a f8068693 addi             x13, x13, -128      x13=00001f80 x13:00002000
            19444500           19429 1c00175e 00379713 slli             x14, x15, 0x3       x14=00000228 x15:00000045
            19445500           19430 1c001762 00279793 slli             x15, x15, 0x2       x15=00000114 x15:00000045
            19446500           19431 1c001764 ee873733 p.bclr           x14, x14, 23, 8     x14=00000028 x14:00000228
            19447500           19432 1c001768 00d7f7b3 and              x15, x15, x13       x15=00000100 x15:00000114 x13:00001f80
            19448500           19433 1c00176a 00e787b3 add              x15, x15, x14       x15=00000128 x15:00000100 x14:00000028
            19449500           19434 1c00176c 1a104737 lui              x14, 0x1a104000     x14=1a104000
            19450500           19435 1c001770 00a767a3 p.sw             x10, x0(x14)        x10:00000028 x14:1a104000  PA:1a104128
            19454500           19439 1c001774 00008067 jalr             x0, x1, 0            x1:1c001bca
            19455500           19440 1c001bca 16a0006f jal              x0, 362            
            19457500           19442 1c001d34 00900633 add              x12, x0, x9         x12=1c00234b  x9:1c00234b
            19458500           19443 1c001d36 e69ff06f jal              x0, -408           
            19461500           19446 1c001b9e 00064583 lbu              x11, 0(x12)         x11=00000025 x12:1c00234b  PA:1c00234b
            19480500           19465 1c001ba2 00160493 addi             x9, x12, 1           x9=1c00234c x12:1c00234b
            19481500           19466 1c001ba6 00059e63 bne              x11, x0, 28         x11:00000025
            19484500           19469 1c001bc2 01458563 beq              x11, x20, 10        x11:00000025 x20:00000025
            19487500           19472 1c001bcc 00414783 lbu              x15, 4(x2)          x15=000000xx  x2:108ff760  PA:108ff764
            19488500           19473 1c001bd0 00012423 sw               x0, 8(x2)            x2:108ff760  PA:108ff768
            19492500           19477 1c001bd2 00010623 sb               x0, 12(x2)           x2:108ff760  PA:108ff76c
            19493500           19478 1c001bd6 c00027b3 p.insert         x15, x0, 0, 0       x15=000000xX x15:000000xx
            19494500           19479 1c001bda c01027b3 p.insert         x15, x0, 0, 1       x15=000000xX x15:000000xX
            19513500           19498 1c001bde c03027b3 p.insert         x15, x0, 0, 3       x15=000000xX x15:000000xX
            19514500           19499 1c001be2 00f10223 sb               x15, 4(x2)          x15:000000xX  x2:108ff760  PA:108ff764
            19521500           19506 1c001be6 00000713 addi             x14, x0, 0          x14=00000000
            19522500           19507 1c001be8 00000613 addi             x12, x0, 0          x12=00000000
            19523500           19508 1c001bea 00000693 addi             x13, x0, 0          x13=00000000
            19524500           19509 1c001bec 00000513 addi             x10, x0, 0          x10=00000000
            19525500           19510 1c001bee 00000593 addi             x11, x0, 0          x11=00000000
            19536500           19521 1c001bf0 03000813 addi             x16, x0, 48         x16=00000030
            19537500           19522 1c001bf4 02300893 addi             x17, x0, 35         x17=00000023
            19538500           19523 1c001bf8 0004c783 lbu              x15, 0(x9)          x15=00000069  x9:1c00234c  PA:1c00234c
            19563500           19548 1c001bfc 00148c13 addi             x24, x9, 1          x24=1c00234d  x9:1c00234c
            19564500           19549 1c001c00 04079163 bne              x15, x0, 66         x15:00000069
            19586500           19571 1c001c42 01778c63 beq              x15, x23, 24        x15:00000069 x23:0000002d
            19587500           19572 1c001c46 01078663 beq              x15, x16, 12        x15:00000069 x16:00000030
            19588500           19573 1c001c4a fb179ce3 bne              x15, x17, -72       x15:00000069 x17:00000023
            19611500           19596 1c001c02 00050763 beq              x10, x0, 14         x10:00000000
            19630500           19615 1c001c10 00060763 beq              x12, x0, 14         x12:00000000
            19633500           19618 1c001c1e 00070763 beq              x14, x0, 14         x14:00000000
            19656500           19641 1c001c2c fd078713 addi             x14, x15, -48       x14=00000039 x15:00000069
            19674500           19659 1c001c30 0ff77713 andi             x14, x14, 255       x14=00000039 x14:00000039
            19675500           19660 1c001c34 00900693 addi             x13, x0, 9          x13=00000009
            19676500           19661 1c001c36 04e6eb63 bltu             x13, x14, 86        x13:00000009 x14:00000039
            19696500           19681 1c001c8c 02e00713 addi             x14, x0, 46         x14=0000002e
            19714500           19699 1c001c90 02e79163 bne              x15, x14, 34        x15:00000069 x14:0000002e
            19733500           19718 1c001cb2 07a00713 addi             x14, x0, 122        x14=0000007a
            19734500           19719 1c001cb6 04e79263 bne              x15, x14, 68        x15:00000069 x14:0000007a
            19774500           19759 1c001cfa 06c00713 addi             x14, x0, 108        x14=0000006c
            19793500           19778 1c001cfe 20e79463 bne              x15, x14, 520       x15:00000069 x14:0000006c
            19816500           19801 1c001f06 06900713 addi             x14, x0, 105        x14=00000069
            19817500           19802 1c001f0a 02e78a63 beq              x15, x14, 52        x15:00000069 x14:00000069
            19856500           19841 1c001f3e 018004b3 add              x9, x0, x24          x9=1c00234d x24:1c00234d
            19880500           19865 1c001f40 00000793 addi             x15, x0, 0          x15=00000000
            19881500           19866 1c001f42 e09ff06f jal              x0, -504           
            19901500           19886 1c001d4a 00a00713 addi             x14, x0, 10         x14=0000000a
            19902500           19887 1c001d4c 00e12823 sw               x14, 16(x2)         x14:0000000a  x2:108ff760  PA:108ff770
            19921500           19906 1c001d4e 0e27b363 p.bneimm         x15, 230            x15:00000000
            19943500           19928 1c001e34 00440c13 addi             x24, x8, 4          x24=108ff7e8  x8:108ff7e4
            19944500           19929 1c001e38 00042503 lw               x10, 0(x8)          x10=00000002  x8:108ff7e4  PA:108ff7e4
            19950500           19935 1c001e3a 0017bd63 p.bneimm         x15, 26             x15:00000000
            19984500           19969 1c001e54 00055863 bge              x10, x0, 16         x10:00000002
            20003500           19988 1c001e64 00410593 addi             x11, x2, 4          x11=108ff764  x2:108ff760
            20004500           19989 1c001e66 b99ff0ef jal              x1, -1128            x1=1c001e68
            20024500           20009 1c0019fe 0105a683 lw               x13, 16(x11)        x13=108ff778 x11:108ff764  PA:108ff774
            20041500           20026 1c001a00 00c5a703 lw               x14, 12(x11)        x14=0000000a x11:108ff764  PA:108ff770
            20046500           20031 1c001a02 00100793 addi             x15, x0, 1          x15=00000001
            20047500           20032 1c001a04 02f55633 divu             x12, x10, x15       x12=00000002 x10:00000002 x15:00000001
            20081500           20066 1c001a08 00e67863 bgeu             x12, x14, 16        x12:00000002 x14:0000000a
            20082500           20067 1c001a0c 00000613 addi             x12, x0, 0          x12=00000000
            20083500           20068 1c001a0e 00900313 addi             x6, x0, 9            x6=00000009
            20084500           20069 1c001a10 00079763 bne              x15, x0, 14         x15:00000001
            20087500           20072 1c001a1e 00c5a703 lw               x14, 12(x11)        x14=0000000a x11:108ff764  PA:108ff770
            20100500           20085 1c001a20 02f55833 divu             x16, x10, x15       x16=00000002 x10:00000002 x15:00000001
            20134500           20119 1c001a24 02f57533 remu             x10, x10, x15       x10=00000000 x10:00000002 x15:00000001
            20168500           20153 1c001a28 02e7d7b3 divu             x15, x15, x14       x15=00000000 x15:00000001 x14:0000000a
            20199500           20184 1c001a2c 00061763 bne              x12, x0, 14         x12:00000000
            20200500           20185 1c001a2e 01004663 blt              x0, x16, 12         x16:00000002
            20203500           20188 1c001a3a 03000713 addi             x14, x0, 48         x14=00000030
            20222500           20207 1c001a3e 01035c63 bge              x6, x16, 24          x6:00000009 x16:00000002
            20244500           20229 1c001a56 01070733 add              x14, x14, x16       x14=00000032 x14:00000030 x16:00000002
            20245500           20230 1c001a58 00e68023 sb               x14, 0(x13)         x14:00000032 x13:108ff778  PA:108ff778
            20250500           20235 1c001a5c 00160613 addi             x12, x12, 1         x12=00000001 x12:00000000
            20251500           20236 1c001a5e 00168693 addi             x13, x13, 1         x13=108ff779 x13:108ff778
            20263500           20248 1c001a60 fb1ff06f jal              x0, -80            
            20265500           20250 1c001a10 00079763 bne              x15, x0, 14         x15:00000000
            20266500           20251 1c001a12 00068023 sb               x0, 0(x13)          x13:108ff779  PA:108ff779
            20270500           20255 1c001a16 00008067 jalr             x0, x1, 0            x1:1c001e68
            20271500           20256 1c001e68 f17ff06f jal              x0, -234           
            20292500           20277 1c001d7e 00410613 addi             x12, x2, 4          x12=108ff764  x2:108ff760
            20310500           20295 1c001d80 013005b3 add              x11, x0, x19        x11=1c001776 x19:1c001776
            20311500           20296 1c001d82 01200533 add              x10, x0, x18        x10=00000000 x18:00000000
            20312500           20297 1c001d84 cdfff0ef jal              x1, -802             x1=1c001d86
            20314500           20299 1c001a62 fe010113 addi             x2, x2, -32          x2=108ff740  x2:108ff760
            20315500           20300 1c001a64 00812c23 sw               x8, 24(x2)           x8:108ff7e4  x2:108ff740  PA:108ff758
            20322500           20307 1c001a66 01062783 lw               x15, 16(x12)        x15=108ff778 x12:108ff764  PA:108ff774
            20323500           20308 1c001a68 00462403 lw               x8, 4(x12)           x8=00000000 x12:108ff764  PA:108ff768
            20324500           20309 1c001a6a 00912a23 sw               x9, 20(x2)           x9:1c00234d  x2:108ff740  PA:108ff754
            20325500           20310 1c001a6c 01212823 sw               x18, 16(x2)         x18:00000000  x2:108ff740  PA:108ff750
            20326500           20311 1c001a6e 01312623 sw               x19, 12(x2)         x19:1c001776  x2:108ff740  PA:108ff74c
            20337500           20322 1c001a70 00112e23 sw               x1, 28(x2)           x1:1c001d86  x2:108ff740  PA:108ff75c
            20343500           20328 1c001a72 01412423 sw               x20, 8(x2)          x20:00000025  x2:108ff740  PA:108ff748
            20344500           20329 1c001a74 00a00933 add              x18, x0, x10        x18=00000000 x10:00000000
            20345500           20330 1c001a76 00b009b3 add              x19, x0, x11        x19=1c001776 x11:1c001776
            20346500           20331 1c001a78 00c004b3 add              x9, x0, x12          x9=108ff764 x12:108ff764
            20347500           20332 1c001a7a 0017c70b p.lbu            x14, 1(x15!)        x14=00000032 x15=108ff779 x15:108ff778  PA:108ff778
            20349500           20334 1c001a7e 00070363 beq              x14, x0, 6          x14:00000032
            20360500           20345 1c001a80 08804863 blt              x0, x8, 144          x8:00000000
            20361500           20346 1c001a84 0084c783 lbu              x15, 8(x9)          x15=00000000  x9:108ff764  PA:108ff76c
            20365500           20350 1c001a88 00078263 beq              x15, x0, 4          x15:00000000
            20368500           20353 1c001a8c 0004c783 lbu              x15, 0(x9)          x15=000000xX  x9:108ff764  PA:108ff764
            20384500           20369 1c001a90 0027f713 andi             x14, x15, 2         x14=00000000 x15:000000xX
            20385500           20370 1c001a94 00070663 beq              x14, x0, 12         x14:00000000
            20404500           20389 1c001aa0 0097f793 andi             x15, x15, 9         x15=00000000 x15:000000xX
            20405500           20390 1c001aa2 00800a33 add              x20, x0, x8         x20=00000000  x8:00000000
            20406500           20391 1c001aa4 08078163 beq              x15, x0, 130        x15:00000000
            20426500           20411 1c001b26 ff404be3 blt              x0, x20, -10        x20:00000000
            20427500           20412 1c001b2a fff40793 addi             x15, x8, -1         x15=ffffffff  x8:00000000
            20444500           20429 1c001b2e 04046433 p.max            x8, x8, x0           x8=00000000  x8:00000000
            20445500           20430 1c001b32 40878433 sub              x8, x15, x8          x8=ffffffff x15:ffffffff  x8:00000000
            20446500           20431 1c001b36 f71ff06f jal              x0, -144           
            20448500           20433 1c001aa6 0084c583 lbu              x11, 8(x9)          x11=00000000  x9:108ff764  PA:108ff76c
            20453500           20438 1c001aaa 00058363 beq              x11, x0, 6          x11:00000000
            20468500           20453 1c001ab0 0004c783 lbu              x15, 0(x9)          x15=000000xX  x9:108ff764  PA:108ff764
            20473500           20458 1c001ab4 0027f793 andi             x15, x15, 2         x15=00000000 x15:000000xX
            20474500           20459 1c001ab6 02078363 beq              x15, x0, 38         x15:00000000
            20490500           20475 1c001adc 0004c783 lbu              x15, 0(x9)          x15=000000xX  x9:108ff764  PA:108ff764
            20507500           20492 1c001ae0 00800a33 add              x20, x0, x8         x20=ffffffff  x8:ffffffff
            20508500           20493 1c001ae2 fc17b7b3 p.bclr           x15, x15, 30, 1     x15=00000000 x15:000000xX
            20509500           20494 1c001ae6 06079363 bne              x15, x0, 102        x15:00000000
            20510500           20495 1c001ae8 0104aa03 lw               x20, 16(x9)         x20=108ff778  x9:108ff764  PA:108ff774
            20515500           20500 1c001aec 001a458b p.lbu            x11, 1(x20!)        x11=00000032 x20=108ff779 x20:108ff778  PA:108ff778
            20528500           20513 1c001af0 06059763 bne              x11, x0, 110        x11:00000032
            20547500           20532 1c001b5e 01200533 add              x10, x0, x18        x10=00000000 x18:00000000
            20564500           20549 1c001b60 000980e7 jalr             x1, x19, 0           x1=1c001b62 x19:1c001776
            20566500           20551 1c001776 00b00533 add              x10, x0, x11        x10=00000032 x11:00000032
            20567500           20552 1c001778 fddff06f jal              x0, -36            
            20569500           20554 1c001754 000026b7 lui              x13, 0x2000         x13=00002000
            20570500           20555 1c001756 f14027f3 csrrs            x15, x0, 0xf14      x15=00000045
            20571500           20556 1c00175a f8068693 addi             x13, x13, -128      x13=00001f80 x13:00002000
            20572500           20557 1c00175e 00379713 slli             x14, x15, 0x3       x14=00000228 x15:00000045
            20573500           20558 1c001762 00279793 slli             x15, x15, 0x2       x15=00000114 x15:00000045
            20574500           20559 1c001764 ee873733 p.bclr           x14, x14, 23, 8     x14=00000028 x14:00000228
            20575500           20560 1c001768 00d7f7b3 and              x15, x15, x13       x15=00000100 x15:00000114 x13:00001f80
            20576500           20561 1c00176a 00e787b3 add              x15, x15, x14       x15=00000128 x15:00000100 x14:00000028
            20577500           20562 1c00176c 1a104737 lui              x14, 0x1a104000     x14=1a104000
            20578500           20563 1c001770 00a767a3 p.sw             x10, x0(x14)        x10:00000032 x14:1a104000  PA:1a104128
            20582500           20567 1c001774 00008067 jalr             x0, x1, 0            x1:1c001b62
            20583500           20568 1c001b62 f8bff06f jal              x0, -118           
            20585500           20570 1c001aec 001a458b p.lbu            x11, 1(x20!)        x11=00000000 x20=108ff77a x20:108ff779  PA:108ff779
            20590500           20575 1c001af0 06059763 bne              x11, x0, 110        x11:00000000
            20591500           20576 1c001af2 0004c783 lbu              x15, 0(x9)          x15=000000xX  x9:108ff764  PA:108ff764
            20593500           20578 1c001af6 0097f793 andi             x15, x15, 9         x15=00000000 x15:000000xX
            20594500           20579 1c001af8 0087b463 p.bneimm         x15, 8              x15:00000000
            20610500           20595 1c001b00 01c12083 lw               x1, 28(x2)           x1=1c001d86  x2:108ff740  PA:108ff75c
            20615500           20600 1c001b02 01812403 lw               x8, 24(x2)           x8=108ff7e4  x2:108ff740  PA:108ff758
            20616500           20601 1c001b04 01412483 lw               x9, 20(x2)           x9=1c00234d  x2:108ff740  PA:108ff754
            20617500           20602 1c001b06 01012903 lw               x18, 16(x2)         x18=00000000  x2:108ff740  PA:108ff750
            20618500           20603 1c001b08 00c12983 lw               x19, 12(x2)         x19=1c001776  x2:108ff740  PA:108ff74c
            20619500           20604 1c001b0a 00812a03 lw               x20, 8(x2)          x20=00000025  x2:108ff740  PA:108ff748
            20620500           20605 1c001b0c 02010113 addi             x2, x2, 32           x2=108ff760  x2:108ff740
            20621500           20606 1c001b0e 00008067 jalr             x0, x1, 0            x1:1c001d86
            20636500           20621 1c001d86 01800433 add              x8, x0, x24          x8=108ff7e8 x24:108ff7e8
            20637500           20622 1c001d88 fadff06f jal              x0, -84            
            20639500           20624 1c001d34 00900633 add              x12, x0, x9         x12=1c00234d  x9:1c00234d
            20640500           20625 1c001d36 e69ff06f jal              x0, -408           
            20643500           20628 1c001b9e 00064583 lbu              x11, 0(x12)         x11=0000002c x12:1c00234d  PA:1c00234d
            20668500           20653 1c001ba2 00160493 addi             x9, x12, 1           x9=1c00234e x12:1c00234d
            20669500           20654 1c001ba6 00059e63 bne              x11, x0, 28         x11:0000002c
            20672500           20657 1c001bc2 01458563 beq              x11, x20, 10        x11:0000002c x20:00000025
            20673500           20658 1c001bc6 01200533 add              x10, x0, x18        x10=00000000 x18:00000000
            20674500           20659 1c001bc8 000980e7 jalr             x1, x19, 0           x1=1c001bca x19:1c001776
            20676500           20661 1c001776 00b00533 add              x10, x0, x11        x10=0000002c x11:0000002c
            20677500           20662 1c001778 fddff06f jal              x0, -36            
            20679500           20664 1c001754 000026b7 lui              x13, 0x2000         x13=00002000
            20680500           20665 1c001756 f14027f3 csrrs            x15, x0, 0xf14      x15=00000045
            20681500           20666 1c00175a f8068693 addi             x13, x13, -128      x13=00001f80 x13:00002000
            20682500           20667 1c00175e 00379713 slli             x14, x15, 0x3       x14=00000228 x15:00000045
            20683500           20668 1c001762 00279793 slli             x15, x15, 0x2       x15=00000114 x15:00000045
            20684500           20669 1c001764 ee873733 p.bclr           x14, x14, 23, 8     x14=00000028 x14:00000228
            20685500           20670 1c001768 00d7f7b3 and              x15, x15, x13       x15=00000100 x15:00000114 x13:00001f80
            20686500           20671 1c00176a 00e787b3 add              x15, x15, x14       x15=00000128 x15:00000100 x14:00000028
            20687500           20672 1c00176c 1a104737 lui              x14, 0x1a104000     x14=1a104000
            20688500           20673 1c001770 00a767a3 p.sw             x10, x0(x14)        x10:0000002c x14:1a104000  PA:1a104128
            20692500           20677 1c001774 00008067 jalr             x0, x1, 0            x1:1c001bca
            20693500           20678 1c001bca 16a0006f jal              x0, 362            
            20695500           20680 1c001d34 00900633 add              x12, x0, x9         x12=1c00234e  x9:1c00234e
            20696500           20681 1c001d36 e69ff06f jal              x0, -408           
            20699500           20684 1c001b9e 00064583 lbu              x11, 0(x12)         x11=00000020 x12:1c00234e  PA:1c00234e
            20713500           20698 1c001ba2 00160493 addi             x9, x12, 1           x9=1c00234f x12:1c00234e
            20714500           20699 1c001ba6 00059e63 bne              x11, x0, 28         x11:00000020
            20717500           20702 1c001bc2 01458563 beq              x11, x20, 10        x11:00000020 x20:00000025
            20718500           20703 1c001bc6 01200533 add              x10, x0, x18        x10=00000000 x18:00000000
            20719500           20704 1c001bc8 000980e7 jalr             x1, x19, 0           x1=1c001bca x19:1c001776
            20721500           20706 1c001776 00b00533 add              x10, x0, x11        x10=00000020 x11:00000020
            20722500           20707 1c001778 fddff06f jal              x0, -36            
            20724500           20709 1c001754 000026b7 lui              x13, 0x2000         x13=00002000
            20725500           20710 1c001756 f14027f3 csrrs            x15, x0, 0xf14      x15=00000045
            20726500           20711 1c00175a f8068693 addi             x13, x13, -128      x13=00001f80 x13:00002000
            20727500           20712 1c00175e 00379713 slli             x14, x15, 0x3       x14=00000228 x15:00000045
            20728500           20713 1c001762 00279793 slli             x15, x15, 0x2       x15=00000114 x15:00000045
            20729500           20714 1c001764 ee873733 p.bclr           x14, x14, 23, 8     x14=00000028 x14:00000228
            20730500           20715 1c001768 00d7f7b3 and              x15, x15, x13       x15=00000100 x15:00000114 x13:00001f80
            20731500           20716 1c00176a 00e787b3 add              x15, x15, x14       x15=00000128 x15:00000100 x14:00000028
            20732500           20717 1c00176c 1a104737 lui              x14, 0x1a104000     x14=1a104000
            20733500           20718 1c001770 00a767a3 p.sw             x10, x0(x14)        x10:00000020 x14:1a104000  PA:1a104128
            20737500           20722 1c001774 00008067 jalr             x0, x1, 0            x1:1c001bca
            20738500           20723 1c001bca 16a0006f jal              x0, 362            
            20740500           20725 1c001d34 00900633 add              x12, x0, x9         x12=1c00234f  x9:1c00234f
            20741500           20726 1c001d36 e69ff06f jal              x0, -408           
            20744500           20729 1c001b9e 00064583 lbu              x11, 0(x12)         x11=00000025 x12:1c00234f  PA:1c00234f
            20762500           20747 1c001ba2 00160493 addi             x9, x12, 1           x9=1c002350 x12:1c00234f
            20763500           20748 1c001ba6 00059e63 bne              x11, x0, 28         x11:00000025
            20766500           20751 1c001bc2 01458563 beq              x11, x20, 10        x11:00000025 x20:00000025
            20769500           20754 1c001bcc 00414783 lbu              x15, 4(x2)          x15=000000xX  x2:108ff760  PA:108ff764
            20770500           20755 1c001bd0 00012423 sw               x0, 8(x2)            x2:108ff760  PA:108ff768
            20771500           20756 1c001bd2 00010623 sb               x0, 12(x2)           x2:108ff760  PA:108ff76c
            20772500           20757 1c001bd6 c00027b3 p.insert         x15, x0, 0, 0       x15=000000xX x15:000000xX
            20773500           20758 1c001bda c01027b3 p.insert         x15, x0, 0, 1       x15=000000xX x15:000000xX
            20774500           20759 1c001bde c03027b3 p.insert         x15, x0, 0, 3       x15=000000xX x15:000000xX
            20775500           20760 1c001be2 00f10223 sb               x15, 4(x2)          x15:000000xX  x2:108ff760  PA:108ff764
            20776500           20761 1c001be6 00000713 addi             x14, x0, 0          x14=00000000
            20777500           20762 1c001be8 00000613 addi             x12, x0, 0          x12=00000000
            20778500           20763 1c001bea 00000693 addi             x13, x0, 0          x13=00000000
            20779500           20764 1c001bec 00000513 addi             x10, x0, 0          x10=00000000
            20780500           20765 1c001bee 00000593 addi             x11, x0, 0          x11=00000000
            20781500           20766 1c001bf0 03000813 addi             x16, x0, 48         x16=00000030
            20782500           20767 1c001bf4 02300893 addi             x17, x0, 35         x17=00000023
            20783500           20768 1c001bf8 0004c783 lbu              x15, 0(x9)          x15=00000069  x9:1c002350  PA:1c002350
            20799500           20784 1c001bfc 00148c13 addi             x24, x9, 1          x24=1c002351  x9:1c002350
            20800500           20785 1c001c00 04079163 bne              x15, x0, 66         x15:00000069
            20803500           20788 1c001c42 01778c63 beq              x15, x23, 24        x15:00000069 x23:0000002d
            20804500           20789 1c001c46 01078663 beq              x15, x16, 12        x15:00000069 x16:00000030
            20805500           20790 1c001c4a fb179ce3 bne              x15, x17, -72       x15:00000069 x17:00000023
            20808500           20793 1c001c02 00050763 beq              x10, x0, 14         x10:00000000
            20811500           20796 1c001c10 00060763 beq              x12, x0, 14         x12:00000000
            20814500           20799 1c001c1e 00070763 beq              x14, x0, 14         x14:00000000
            20817500           20802 1c001c2c fd078713 addi             x14, x15, -48       x14=00000039 x15:00000069
            20818500           20803 1c001c30 0ff77713 andi             x14, x14, 255       x14=00000039 x14:00000039
            20819500           20804 1c001c34 00900693 addi             x13, x0, 9          x13=00000009
            20820500           20805 1c001c36 04e6eb63 bltu             x13, x14, 86        x13:00000009 x14:00000039
            20823500           20808 1c001c8c 02e00713 addi             x14, x0, 46         x14=0000002e
            20824500           20809 1c001c90 02e79163 bne              x15, x14, 34        x15:00000069 x14:0000002e
            20827500           20812 1c001cb2 07a00713 addi             x14, x0, 122        x14=0000007a
            20828500           20813 1c001cb6 04e79263 bne              x15, x14, 68        x15:00000069 x14:0000007a
            20831500           20816 1c001cfa 06c00713 addi             x14, x0, 108        x14=0000006c
            20833500           20818 1c001cfe 20e79463 bne              x15, x14, 520       x15:00000069 x14:0000006c
            20836500           20821 1c001f06 06900713 addi             x14, x0, 105        x14=00000069
            20837500           20822 1c001f0a 02e78a63 beq              x15, x14, 52        x15:00000069 x14:00000069
            20840500           20825 1c001f3e 018004b3 add              x9, x0, x24          x9=1c002351 x24:1c002351
            20841500           20826 1c001f40 00000793 addi             x15, x0, 0          x15=00000000
            20842500           20827 1c001f42 e09ff06f jal              x0, -504           
            20844500           20829 1c001d4a 00a00713 addi             x14, x0, 10         x14=0000000a
            20845500           20830 1c001d4c 00e12823 sw               x14, 16(x2)         x14:0000000a  x2:108ff760  PA:108ff770
            20846500           20831 1c001d4e 0e27b363 p.bneimm         x15, 230            x15:00000000
            20849500           20834 1c001e34 00440c13 addi             x24, x8, 4          x24=108ff7ec  x8:108ff7e8
            20850500           20835 1c001e38 00042503 lw               x10, 0(x8)          x10=00000005  x8:108ff7e8  PA:108ff7e8
            20851500           20836 1c001e3a 0017bd63 p.bneimm         x15, 26             x15:00000000
            20854500           20839 1c001e54 00055863 bge              x10, x0, 16         x10:00000005
            20857500           20842 1c001e64 00410593 addi             x11, x2, 4          x11=108ff764  x2:108ff760
            20858500           20843 1c001e66 b99ff0ef jal              x1, -1128            x1=1c001e68
            20860500           20845 1c0019fe 0105a683 lw               x13, 16(x11)        x13=108ff778 x11:108ff764  PA:108ff774
            20861500           20846 1c001a00 00c5a703 lw               x14, 12(x11)        x14=0000000a x11:108ff764  PA:108ff770
            20862500           20847 1c001a02 00100793 addi             x15, x0, 1          x15=00000001
            20863500           20848 1c001a04 02f55633 divu             x12, x10, x15       x12=00000005 x10:00000005 x15:00000001
            20897500           20882 1c001a08 00e67863 bgeu             x12, x14, 16        x12:00000005 x14:0000000a
            20898500           20883 1c001a0c 00000613 addi             x12, x0, 0          x12=00000000
            20899500           20884 1c001a0e 00900313 addi             x6, x0, 9            x6=00000009
            20900500           20885 1c001a10 00079763 bne              x15, x0, 14         x15:00000001
            20903500           20888 1c001a1e 00c5a703 lw               x14, 12(x11)        x14=0000000a x11:108ff764  PA:108ff770
            20904500           20889 1c001a20 02f55833 divu             x16, x10, x15       x16=00000005 x10:00000005 x15:00000001
            20938500           20923 1c001a24 02f57533 remu             x10, x10, x15       x10=00000000 x10:00000005 x15:00000001
            20972500           20957 1c001a28 02e7d7b3 divu             x15, x15, x14       x15=00000000 x15:00000001 x14:0000000a
            21003500           20988 1c001a2c 00061763 bne              x12, x0, 14         x12:00000000
            21004500           20989 1c001a2e 01004663 blt              x0, x16, 12         x16:00000005
            21007500           20992 1c001a3a 03000713 addi             x14, x0, 48         x14=00000030
            21009500           20994 1c001a3e 01035c63 bge              x6, x16, 24          x6:00000009 x16:00000005
            21012500           20997 1c001a56 01070733 add              x14, x14, x16       x14=00000035 x14:00000030 x16:00000005
            21013500           20998 1c001a58 00e68023 sb               x14, 0(x13)         x14:00000035 x13:108ff778  PA:108ff778
            21014500           20999 1c001a5c 00160613 addi             x12, x12, 1         x12=00000001 x12:00000000
            21015500           21000 1c001a5e 00168693 addi             x13, x13, 1         x13=108ff779 x13:108ff778
            21016500           21001 1c001a60 fb1ff06f jal              x0, -80            
            21018500           21003 1c001a10 00079763 bne              x15, x0, 14         x15:00000000
            21019500           21004 1c001a12 00068023 sb               x0, 0(x13)          x13:108ff779  PA:108ff779
            21020500           21005 1c001a16 00008067 jalr             x0, x1, 0            x1:1c001e68
            21022500           21007 1c001e68 f17ff06f jal              x0, -234           
            21024500           21009 1c001d7e 00410613 addi             x12, x2, 4          x12=108ff764  x2:108ff760
            21025500           21010 1c001d80 013005b3 add              x11, x0, x19        x11=1c001776 x19:1c001776
            21026500           21011 1c001d82 01200533 add              x10, x0, x18        x10=00000000 x18:00000000
            21027500           21012 1c001d84 cdfff0ef jal              x1, -802             x1=1c001d86
            21029500           21014 1c001a62 fe010113 addi             x2, x2, -32          x2=108ff740  x2:108ff760
            21030500           21015 1c001a64 00812c23 sw               x8, 24(x2)           x8:108ff7e8  x2:108ff740  PA:108ff758
            21031500           21016 1c001a66 01062783 lw               x15, 16(x12)        x15=108ff778 x12:108ff764  PA:108ff774
            21032500           21017 1c001a68 00462403 lw               x8, 4(x12)           x8=00000000 x12:108ff764  PA:108ff768
            21033500           21018 1c001a6a 00912a23 sw               x9, 20(x2)           x9:1c002351  x2:108ff740  PA:108ff754
            21034500           21019 1c001a6c 01212823 sw               x18, 16(x2)         x18:00000000  x2:108ff740  PA:108ff750
            21035500           21020 1c001a6e 01312623 sw               x19, 12(x2)         x19:1c001776  x2:108ff740  PA:108ff74c
            21036500           21021 1c001a70 00112e23 sw               x1, 28(x2)           x1:1c001d86  x2:108ff740  PA:108ff75c
            21037500           21022 1c001a72 01412423 sw               x20, 8(x2)          x20:00000025  x2:108ff740  PA:108ff748
            21038500           21023 1c001a74 00a00933 add              x18, x0, x10        x18=00000000 x10:00000000
            21039500           21024 1c001a76 00b009b3 add              x19, x0, x11        x19=1c001776 x11:1c001776
            21040500           21025 1c001a78 00c004b3 add              x9, x0, x12          x9=108ff764 x12:108ff764
            21041500           21026 1c001a7a 0017c70b p.lbu            x14, 1(x15!)        x14=00000035 x15=108ff779 x15:108ff778  PA:108ff778
            21043500           21028 1c001a7e 00070363 beq              x14, x0, 6          x14:00000035
            21044500           21029 1c001a80 08804863 blt              x0, x8, 144          x8:00000000
            21045500           21030 1c001a84 0084c783 lbu              x15, 8(x9)          x15=00000000  x9:108ff764  PA:108ff76c
            21047500           21032 1c001a88 00078263 beq              x15, x0, 4          x15:00000000
            21050500           21035 1c001a8c 0004c783 lbu              x15, 0(x9)          x15=000000xX  x9:108ff764  PA:108ff764
            21052500           21037 1c001a90 0027f713 andi             x14, x15, 2         x14=00000000 x15:000000xX
            21053500           21038 1c001a94 00070663 beq              x14, x0, 12         x14:00000000
            21056500           21041 1c001aa0 0097f793 andi             x15, x15, 9         x15=00000000 x15:000000xX
            21057500           21042 1c001aa2 00800a33 add              x20, x0, x8         x20=00000000  x8:00000000
            21058500           21043 1c001aa4 08078163 beq              x15, x0, 130        x15:00000000
            21061500           21046 1c001b26 ff404be3 blt              x0, x20, -10        x20:00000000
            21062500           21047 1c001b2a fff40793 addi             x15, x8, -1         x15=ffffffff  x8:00000000
            21063500           21048 1c001b2e 04046433 p.max            x8, x8, x0           x8=00000000  x8:00000000
            21064500           21049 1c001b32 40878433 sub              x8, x15, x8          x8=ffffffff x15:ffffffff  x8:00000000
            21065500           21050 1c001b36 f71ff06f jal              x0, -144           
            21067500           21052 1c001aa6 0084c583 lbu              x11, 8(x9)          x11=00000000  x9:108ff764  PA:108ff76c
            21069500           21054 1c001aaa 00058363 beq              x11, x0, 6          x11:00000000
            21072500           21057 1c001ab0 0004c783 lbu              x15, 0(x9)          x15=000000xX  x9:108ff764  PA:108ff764
            21074500           21059 1c001ab4 0027f793 andi             x15, x15, 2         x15=00000000 x15:000000xX
            21075500           21060 1c001ab6 02078363 beq              x15, x0, 38         x15:00000000
            21078500           21063 1c001adc 0004c783 lbu              x15, 0(x9)          x15=000000xX  x9:108ff764  PA:108ff764
            21079500           21064 1c001ae0 00800a33 add              x20, x0, x8         x20=ffffffff  x8:ffffffff
            21080500           21065 1c001ae2 fc17b7b3 p.bclr           x15, x15, 30, 1     x15=00000000 x15:000000xX
            21081500           21066 1c001ae6 06079363 bne              x15, x0, 102        x15:00000000
            21082500           21067 1c001ae8 0104aa03 lw               x20, 16(x9)         x20=108ff778  x9:108ff764  PA:108ff774
            21084500           21069 1c001aec 001a458b p.lbu            x11, 1(x20!)        x11=00000035 x20=108ff779 x20:108ff778  PA:108ff778
            21086500           21071 1c001af0 06059763 bne              x11, x0, 110        x11:00000035
            21089500           21074 1c001b5e 01200533 add              x10, x0, x18        x10=00000000 x18:00000000
            21090500           21075 1c001b60 000980e7 jalr             x1, x19, 0           x1=1c001b62 x19:1c001776
            21092500           21077 1c001776 00b00533 add              x10, x0, x11        x10=00000035 x11:00000035
            21093500           21078 1c001778 fddff06f jal              x0, -36            
            21095500           21080 1c001754 000026b7 lui              x13, 0x2000         x13=00002000
            21096500           21081 1c001756 f14027f3 csrrs            x15, x0, 0xf14      x15=00000045
            21097500           21082 1c00175a f8068693 addi             x13, x13, -128      x13=00001f80 x13:00002000
            21098500           21083 1c00175e 00379713 slli             x14, x15, 0x3       x14=00000228 x15:00000045
            21099500           21084 1c001762 00279793 slli             x15, x15, 0x2       x15=00000114 x15:00000045
            21100500           21085 1c001764 ee873733 p.bclr           x14, x14, 23, 8     x14=00000028 x14:00000228
            21101500           21086 1c001768 00d7f7b3 and              x15, x15, x13       x15=00000100 x15:00000114 x13:00001f80
            21102500           21087 1c00176a 00e787b3 add              x15, x15, x14       x15=00000128 x15:00000100 x14:00000028
            21103500           21088 1c00176c 1a104737 lui              x14, 0x1a104000     x14=1a104000
            21104500           21089 1c001770 00a767a3 p.sw             x10, x0(x14)        x10:00000035 x14:1a104000  PA:1a104128
            21108500           21093 1c001774 00008067 jalr             x0, x1, 0            x1:1c001b62
            21109500           21094 1c001b62 f8bff06f jal              x0, -118           
            21111500           21096 1c001aec 001a458b p.lbu            x11, 1(x20!)        x11=00000000 x20=108ff77a x20:108ff779  PA:108ff779
            21113500           21098 1c001af0 06059763 bne              x11, x0, 110        x11:00000000
            21114500           21099 1c001af2 0004c783 lbu              x15, 0(x9)          x15=000000xX  x9:108ff764  PA:108ff764
            21116500           21101 1c001af6 0097f793 andi             x15, x15, 9         x15=00000000 x15:000000xX
            21117500           21102 1c001af8 0087b463 p.bneimm         x15, 8              x15:00000000
            21120500           21105 1c001b00 01c12083 lw               x1, 28(x2)           x1=1c001d86  x2:108ff740  PA:108ff75c
            21121500           21106 1c001b02 01812403 lw               x8, 24(x2)           x8=108ff7e8  x2:108ff740  PA:108ff758
            21122500           21107 1c001b04 01412483 lw               x9, 20(x2)           x9=1c002351  x2:108ff740  PA:108ff754
            21123500           21108 1c001b06 01012903 lw               x18, 16(x2)         x18=00000000  x2:108ff740  PA:108ff750
            21124500           21109 1c001b08 00c12983 lw               x19, 12(x2)         x19=1c001776  x2:108ff740  PA:108ff74c
            21125500           21110 1c001b0a 00812a03 lw               x20, 8(x2)          x20=00000025  x2:108ff740  PA:108ff748
            21126500           21111 1c001b0c 02010113 addi             x2, x2, 32           x2=108ff760  x2:108ff740
            21127500           21112 1c001b0e 00008067 jalr             x0, x1, 0            x1:1c001d86
            21129500           21114 1c001d86 01800433 add              x8, x0, x24          x8=108ff7ec x24:108ff7ec
            21130500           21115 1c001d88 fadff06f jal              x0, -84            
            21132500           21117 1c001d34 00900633 add              x12, x0, x9         x12=1c002351  x9:1c002351
            21133500           21118 1c001d36 e69ff06f jal              x0, -408           
            21136500           21121 1c001b9e 00064583 lbu              x11, 0(x12)         x11=00000029 x12:1c002351  PA:1c002351
            21159500           21144 1c001ba2 00160493 addi             x9, x12, 1           x9=1c002352 x12:1c002351
            21160500           21145 1c001ba6 00059e63 bne              x11, x0, 28         x11:00000029
            21163500           21148 1c001bc2 01458563 beq              x11, x20, 10        x11:00000029 x20:00000025
            21164500           21149 1c001bc6 01200533 add              x10, x0, x18        x10=00000000 x18:00000000
            21165500           21150 1c001bc8 000980e7 jalr             x1, x19, 0           x1=1c001bca x19:1c001776
            21167500           21152 1c001776 00b00533 add              x10, x0, x11        x10=00000029 x11:00000029
            21168500           21153 1c001778 fddff06f jal              x0, -36            
            21170500           21155 1c001754 000026b7 lui              x13, 0x2000         x13=00002000
            21171500           21156 1c001756 f14027f3 csrrs            x15, x0, 0xf14      x15=00000045
            21172500           21157 1c00175a f8068693 addi             x13, x13, -128      x13=00001f80 x13:00002000
            21173500           21158 1c00175e 00379713 slli             x14, x15, 0x3       x14=00000228 x15:00000045
            21174500           21159 1c001762 00279793 slli             x15, x15, 0x2       x15=00000114 x15:00000045
            21175500           21160 1c001764 ee873733 p.bclr           x14, x14, 23, 8     x14=00000028 x14:00000228
            21176500           21161 1c001768 00d7f7b3 and              x15, x15, x13       x15=00000100 x15:00000114 x13:00001f80
            21177500           21162 1c00176a 00e787b3 add              x15, x15, x14       x15=00000128 x15:00000100 x14:00000028
            21178500           21163 1c00176c 1a104737 lui              x14, 0x1a104000     x14=1a104000
            21179500           21164 1c001770 00a767a3 p.sw             x10, x0(x14)        x10:00000029 x14:1a104000  PA:1a104128
            21183500           21168 1c001774 00008067 jalr             x0, x1, 0            x1:1c001bca
            21184500           21169 1c001bca 16a0006f jal              x0, 362            
            21186500           21171 1c001d34 00900633 add              x12, x0, x9         x12=1c002352  x9:1c002352
            21187500           21172 1c001d36 e69ff06f jal              x0, -408           
            21190500           21175 1c001b9e 00064583 lbu              x11, 0(x12)         x11=00000021 x12:1c002352  PA:1c002352
            21211500           21196 1c001ba2 00160493 addi             x9, x12, 1           x9=1c002353 x12:1c002352
            21212500           21197 1c001ba6 00059e63 bne              x11, x0, 28         x11:00000021
            21215500           21200 1c001bc2 01458563 beq              x11, x20, 10        x11:00000021 x20:00000025
            21216500           21201 1c001bc6 01200533 add              x10, x0, x18        x10=00000000 x18:00000000
            21217500           21202 1c001bc8 000980e7 jalr             x1, x19, 0           x1=1c001bca x19:1c001776
            21219500           21204 1c001776 00b00533 add              x10, x0, x11        x10=00000021 x11:00000021
            21220500           21205 1c001778 fddff06f jal              x0, -36            
            21222500           21207 1c001754 000026b7 lui              x13, 0x2000         x13=00002000
            21223500           21208 1c001756 f14027f3 csrrs            x15, x0, 0xf14      x15=00000045
            21224500           21209 1c00175a f8068693 addi             x13, x13, -128      x13=00001f80 x13:00002000
            21225500           21210 1c00175e 00379713 slli             x14, x15, 0x3       x14=00000228 x15:00000045
            21226500           21211 1c001762 00279793 slli             x15, x15, 0x2       x15=00000114 x15:00000045
            21227500           21212 1c001764 ee873733 p.bclr           x14, x14, 23, 8     x14=00000028 x14:00000228
            21228500           21213 1c001768 00d7f7b3 and              x15, x15, x13       x15=00000100 x15:00000114 x13:00001f80
            21229500           21214 1c00176a 00e787b3 add              x15, x15, x14       x15=00000128 x15:00000100 x14:00000028
            21230500           21215 1c00176c 1a104737 lui              x14, 0x1a104000     x14=1a104000
            21231500           21216 1c001770 00a767a3 p.sw             x10, x0(x14)        x10:00000021 x14:1a104000  PA:1a104128
            21235500           21220 1c001774 00008067 jalr             x0, x1, 0            x1:1c001bca
            21236500           21221 1c001bca 16a0006f jal              x0, 362            
            21238500           21223 1c001d34 00900633 add              x12, x0, x9         x12=1c002353  x9:1c002353
            21239500           21224 1c001d36 e69ff06f jal              x0, -408           
            21242500           21227 1c001b9e 00064583 lbu              x11, 0(x12)         x11=0000000a x12:1c002353  PA:1c002353
            21256500           21241 1c001ba2 00160493 addi             x9, x12, 1           x9=1c002354 x12:1c002353
            21257500           21242 1c001ba6 00059e63 bne              x11, x0, 28         x11:0000000a
            21260500           21245 1c001bc2 01458563 beq              x11, x20, 10        x11:0000000a x20:00000025
            21261500           21246 1c001bc6 01200533 add              x10, x0, x18        x10=00000000 x18:00000000
            21262500           21247 1c001bc8 000980e7 jalr             x1, x19, 0           x1=1c001bca x19:1c001776
            21264500           21249 1c001776 00b00533 add              x10, x0, x11        x10=0000000a x11:0000000a
            21265500           21250 1c001778 fddff06f jal              x0, -36            
            21267500           21252 1c001754 000026b7 lui              x13, 0x2000         x13=00002000
            21268500           21253 1c001756 f14027f3 csrrs            x15, x0, 0xf14      x15=00000045
            21269500           21254 1c00175a f8068693 addi             x13, x13, -128      x13=00001f80 x13:00002000
            21270500           21255 1c00175e 00379713 slli             x14, x15, 0x3       x14=00000228 x15:00000045
            21271500           21256 1c001762 00279793 slli             x15, x15, 0x2       x15=00000114 x15:00000045
            21272500           21257 1c001764 ee873733 p.bclr           x14, x14, 23, 8     x14=00000028 x14:00000228
            21273500           21258 1c001768 00d7f7b3 and              x15, x15, x13       x15=00000100 x15:00000114 x13:00001f80
            21274500           21259 1c00176a 00e787b3 add              x15, x15, x14       x15=00000128 x15:00000100 x14:00000028
            21275500           21260 1c00176c 1a104737 lui              x14, 0x1a104000     x14=1a104000
            21276500           21261 1c001770 00a767a3 p.sw             x10, x0(x14)        x10:0000000a x14:1a104000  PA:1a104128
            21280500           21265 1c001774 00008067 jalr             x0, x1, 0            x1:1c001bca
            21281500           21266 1c001bca 16a0006f jal              x0, 362            
            21283500           21268 1c001d34 00900633 add              x12, x0, x9         x12=1c002354  x9:1c002354
            21284500           21269 1c001d36 e69ff06f jal              x0, -408           
            21287500           21272 1c001b9e 00064583 lbu              x11, 0(x12)         x11=00000000 x12:1c002354  PA:1c002354
            21304500           21289 1c001ba2 00160493 addi             x9, x12, 1           x9=1c002355 x12:1c002354
            21305500           21290 1c001ba6 00059e63 bne              x11, x0, 28         x11:00000000
            21306500           21291 1c001ba8 05c12083 lw               x1, 92(x2)           x1=1c001834  x2:108ff760  PA:108ff7bc
            21307500           21292 1c001baa 05812403 lw               x8, 88(x2)           x8=00000000  x2:108ff760  PA:108ff7b8
            21308500           21293 1c001bac 05412483 lw               x9, 84(x2)           x9=00000000  x2:108ff760  PA:108ff7b4
            21309500           21294 1c001bae 05012903 lw               x18, 80(x2)         x18=1b204000  x2:108ff760  PA:108ff7b0
            21310500           21295 1c001bb0 04c12983 lw               x19, 76(x2)         x19=00000005  x2:108ff760  PA:108ff7ac
            21312500           21297 1c001bb2 04812a03 lw               x20, 72(x2)         x20=1c00220c  x2:108ff760  PA:108ff7a8
            21313500           21298 1c001bb4 04412a83 lw               x21, 68(x2)         x21=1c002210  x2:108ff760  PA:108ff7a4
            21314500           21299 1c001bb6 04012b03 lw               x22, 64(x2)         x22=00000000  x2:108ff760  PA:108ff7a0
            21315500           21300 1c001bb8 03c12b83 lw               x23, 60(x2)         x23=00000000  x2:108ff760  PA:108ff79c
            21318500           21303 1c001bba 03812c03 lw               x24, 56(x2)         x24=00000000  x2:108ff760  PA:108ff798
            21319500           21304 1c001bbc 03412c83 lw               x25, 52(x2)         x25=00000000  x2:108ff760  PA:108ff794
            21320500           21305 1c001bbe 06010113 addi             x2, x2, 96           x2=108ff7c0  x2:108ff760
            21321500           21306 1c001bc0 00008067 jalr             x0, x1, 0            x1:1c001834
            21323500           21308 1c001834 01c12083 lw               x1, 28(x2)           x1=1c00220c  x2:108ff7c0  PA:108ff7dc
            21326500           21311 1c001836 00000513 addi             x10, x0, 0          x10=00000000
            21327500           21312 1c001838 04010113 addi             x2, x2, 64           x2=108ff800  x2:108ff7c0
            21328500           21313 1c00183a 00008067 jalr             x0, x1, 0            x1:1c00220c
            21330500           21315 1c00220c 21c96283 p.elw            x5, 540(x18)         x5=00000000 x18:1b204000  PA:1b20421c
