                Time          Cycles PC       Instr    Mnemonic
            14833500           14818 1c000080 0180006f jal              x0, 24             
            14851500           14836 1c000098 f1402573 csrrs            x10, x0, 0xf14      x10=00000041
            14852500           14837 1c00009c 01f57593 andi             x11, x10, 31        x11=00000001 x10:00000041
            14869500           14854 1c0000a0 00555513 srli             x10, x10, 0x5       x10=00000002 x10:00000041
            14870500           14855 1c0000a2 00058463 beq              x11, x0, 8          x11:00000001
            14871500           14856 1c0000a6 05a0206f jal              x0, 8282           
            14889500           14874 1c002100 000702b7 lui              x5, 0x70000          x5=00070000
            14890500           14875 1c002104 1b204337 lui              x6, 0x1b204000       x6=1b204000
            14891500           14876 1c002108 00532023 sw               x5, 0(x6)            x5:00070000  x6:1b204000  PA:1b204000
            14892500           14877 1c00210c 0e059163 bne              x11, x0, 226        x11:00000001
            14944500           14929 1c0021ee 1b204937 lui              x18, 0x1b204000     x18=1b204000
            14945500           14930 1c0021f2 f14029f3 csrrs            x19, x0, 0xf14      x19=00000041
            14946500           14931 1c0021f6 01f9f993 andi             x19, x19, 31        x19=00000001 x19:00000041
            14947500           14932 1c0021fa 00000a17 auipc            x20, 0x0            x20=1c0021fa
            14964500           14949 1c0021fe 012a0a13 addi             x20, x20, 18        x20=1c00220c x20:1c0021fa
            14965500           14950 1c002202 00000a97 auipc            x21, 0x0            x21=1c002202
            14966500           14951 1c002206 00ea8a93 addi             x21, x21, 14        x21=1c002210 x21:1c002202
            14967500           14952 1c00220a 0060006f jal              x0, 6              
            14986500           14971 1c002210 08096283 p.elw            x5, 128(x18)         x5=1c00222d x18:1b204000  PA:1b204080
            18321500           18306 1c002214 08096503 p.elw            x10, 128(x18)       x10=00000400 x18:1b204000  PA:1b204080
            18338500           18323 1c002218 0012f313 andi             x6, x5, 1            x6=00000001  x5:1c00222d
            18339500           18324 1c00221c 00031563 bne              x6, x0, 10           x6:00000001
            18361500           18346 1c002226 000a80b3 add              x1, x21, x0          x1=1c002210 x21:1c002210
            18362500           18347 1c00222a 00028067 jalr             x0, x5, 0            x5:1c00222d
            18364500           18349 1c00222c 08096283 p.elw            x5, 128(x18)         x5=108fe400 x18:1b204000  PA:1b204080
            18388500           18373 1c002230 02a98533 mul              x10, x19, x10       x10=00000400 x19:00000001 x10:00000400
            18389500           18374 1c002234 00550133 add              x2, x10, x5          x2=108fe800 x10:00000400  x5:108fe400
            18390500           18375 1c002238 00008067 jalr             x0, x1, 0            x1:1c002210
            18392500           18377 1c002210 08096283 p.elw            x5, 128(x18)         x5=1c0009bc x18:1b204000  PA:1b204080
            18427500           18412 1c002214 08096503 p.elw            x10, 128(x18)       x10=00000000 x18:1b204000  PA:1b204080
            18435500           18420 1c002218 0012f313 andi             x6, x5, 1            x6=00000000  x5:1c0009bc
            18436500           18421 1c00221c 00031563 bne              x6, x0, 10           x6:00000000
            18437500           18422 1c002220 000a00b3 add              x1, x20, x0          x1=1c00220c x20:1c00220c
            18438500           18423 1c002224 00028067 jalr             x0, x5, 0            x5:1c0009bc
            18459500           18444 1c0009bc f1402673 csrrs            x12, x0, 0xf14      x12=00000041
            18476500           18461 1c0009c0 1c002537 lui              x10, 0x1c002000     x10=1c002000
            18477500           18462 1c0009c4 40565593 srai             x11, x12, 0x405     x11=00000002 x12:00000041
            18478500           18463 1c0009c8 f265b5b3 p.bclr           x11, x11, 25, 6     x11=00000002 x11:00000002
            18479500           18464 1c0009cc f4563633 p.bclr           x12, x12, 26, 5     x12=00000001 x12:00000041
            18480500           18465 1c0009d0 33c50513 addi             x10, x10, 828       x10=1c00233c x10:1c002000
            18481500           18466 1c0009d4 63d0006f jal              x0, 3644           
            18502500           18487 1c001810 fc010113 addi             x2, x2, -64          x2=108fe7c0  x2:108fe800
            18503500           18488 1c001812 02b12223 sw               x11, 36(x2)         x11:00000002  x2:108fe7c0  PA:108fe7e4
            18507500           18492 1c001814 1c0015b7 lui              x11, 0x1c001000     x11=1c001000
            18508500           18493 1c001818 02c12423 sw               x12, 40(x2)         x12:00000001  x2:108fe7c0  PA:108fe7e8
            18509500           18494 1c00181a 02d12623 sw               x13, 44(x2)         x13:00000000  x2:108fe7c0  PA:108fe7ec
            18510500           18495 1c00181c 00a00633 add              x12, x0, x10        x12=1c00233c x10:1c00233c
            18511500           18496 1c00181e 02410693 addi             x13, x2, 36         x13=108fe7e4  x2:108fe7c0
            18526500           18511 1c001820 00000513 addi             x10, x0, 0          x10=00000000
            18527500           18512 1c001822 77658593 addi             x11, x11, 1910      x11=1c001776 x11:1c001000
            18528500           18513 1c001826 00112e23 sw               x1, 28(x2)           x1:1c00220c  x2:108fe7c0  PA:108fe7dc
            18531500           18516 1c001828 02e12823 sw               x14, 48(x2)         x14:00000000  x2:108fe7c0  PA:108fe7f0
            18532500           18517 1c00182a 02f12a23 sw               x15, 52(x2)         x15:00000000  x2:108fe7c0  PA:108fe7f4
            18533500           18518 1c00182c 03012c23 sw               x16, 56(x2)         x16:00000000  x2:108fe7c0  PA:108fe7f8
            18534500           18519 1c00182e 03112e23 sw               x17, 60(x2)         x17:00000000  x2:108fe7c0  PA:108fe7fc
            18549500           18534 1c001830 00d12623 sw               x13, 12(x2)         x13:108fe7e4  x2:108fe7c0  PA:108fe7cc
            18551500           18536 1c001832 33e000ef jal              x1, 830              x1=1c001834
            18568500           18553 1c001b70 fa010113 addi             x2, x2, -96          x2=108fe760  x2:108fe7c0
            18569500           18554 1c001b72 01810793 addi             x15, x2, 24         x15=108fe778  x2:108fe760
            18570500           18555 1c001b74 04812c23 sw               x8, 88(x2)           x8:00000000  x2:108fe760  PA:108fe7b8
            18577500           18562 1c001b76 05212823 sw               x18, 80(x2)         x18:1b204000  x2:108fe760  PA:108fe7b0
            18578500           18563 1c001b78 05312623 sw               x19, 76(x2)         x19:00000001  x2:108fe760  PA:108fe7ac
            18579500           18564 1c001b7a 05412423 sw               x20, 72(x2)         x20:1c00220c  x2:108fe760  PA:108fe7a8
            18580500           18565 1c001b7c 05512223 sw               x21, 68(x2)         x21:1c002210  x2:108fe760  PA:108fe7a4
            18581500           18566 1c001b7e 05612023 sw               x22, 64(x2)         x22:00000000  x2:108fe760  PA:108fe7a0
            18592500           18577 1c001b80 03712e23 sw               x23, 60(x2)         x23:00000000  x2:108fe760  PA:108fe79c
            18595500           18580 1c001b82 04112e23 sw               x1, 92(x2)           x1:1c001834  x2:108fe760  PA:108fe7bc
            18596500           18581 1c001b84 04912a23 sw               x9, 84(x2)           x9:00000000  x2:108fe760  PA:108fe7b4
            18597500           18582 1c001b86 03812c23 sw               x24, 56(x2)         x24:00000000  x2:108fe760  PA:108fe798
            18598500           18583 1c001b88 03912a23 sw               x25, 52(x2)         x25:00000000  x2:108fe760  PA:108fe794
            18599500           18584 1c001b8a 00a00933 add              x18, x0, x10        x18=00000000 x10:00000000
            18600500           18585 1c001b8c 00b009b3 add              x19, x0, x11        x19=1c001776 x11:1c001776
            18601500           18586 1c001b8e 00d00433 add              x8, x0, x13          x8=108fe7e4 x13:108fe7e4
            18616500           18601 1c001b90 00f12a23 sw               x15, 20(x2)         x15:108fe778  x2:108fe760  PA:108fe774
            18617500           18602 1c001b92 02500a13 addi             x20, x0, 37         x20=00000025
            18618500           18603 1c001b96 02d00b93 addi             x23, x0, 45         x23=0000002d
            18619500           18604 1c001b9a 00100a93 addi             x21, x0, 1          x21=00000001
            18620500           18605 1c001b9c 00500b13 addi             x22, x0, 5          x22=00000005
            18638500           18623 1c001b9e 00064583 lbu              x11, 0(x12)         x11=00000048 x12:1c00233c  PA:1c00233c
            18653500           18638 1c001ba2 00160493 addi             x9, x12, 1           x9=1c00233d x12:1c00233c
            18654500           18639 1c001ba6 00059e63 bne              x11, x0, 28         x11:00000048
            18678500           18663 1c001bc2 01458563 beq              x11, x20, 10        x11:00000048 x20:00000025
            18679500           18664 1c001bc6 01200533 add              x10, x0, x18        x10=00000000 x18:00000000
            18680500           18665 1c001bc8 000980e7 jalr             x1, x19, 0           x1=1c001bca x19:1c001776
            18698500           18683 1c001776 00b00533 add              x10, x0, x11        x10=00000048 x11:00000048
            18699500           18684 1c001778 fddff06f jal              x0, -36            
            18718500           18703 1c001754 000026b7 lui              x13, 0x2000         x13=00002000
            18719500           18704 1c001756 f14027f3 csrrs            x15, x0, 0xf14      x15=00000041
            18720500           18705 1c00175a f8068693 addi             x13, x13, -128      x13=00001f80 x13:00002000
            18738500           18723 1c00175e 00379713 slli             x14, x15, 0x3       x14=00000208 x15:00000041
            18739500           18724 1c001762 00279793 slli             x15, x15, 0x2       x15=00000104 x15:00000041
            18740500           18725 1c001764 ee873733 p.bclr           x14, x14, 23, 8     x14=00000008 x14:00000208
            18741500           18726 1c001768 00d7f7b3 and              x15, x15, x13       x15=00000100 x15:00000104 x13:00001f80
            18742500           18727 1c00176a 00e787b3 add              x15, x15, x14       x15=00000108 x15:00000100 x14:00000008
            18743500           18728 1c00176c 1a104737 lui              x14, 0x1a104000     x14=1a104000
            18744500           18729 1c001770 00a767a3 p.sw             x10, x0(x14)        x10:00000048 x14:1a104000  PA:1a104108
            18748500           18733 1c001774 00008067 jalr             x0, x1, 0            x1:1c001bca
            18749500           18734 1c001bca 16a0006f jal              x0, 362            
            18768500           18753 1c001d34 00900633 add              x12, x0, x9         x12=1c00233d  x9:1c00233d
            18769500           18754 1c001d36 e69ff06f jal              x0, -408           
            18772500           18757 1c001b9e 00064583 lbu              x11, 0(x12)         x11=00000065 x12:1c00233d  PA:1c00233d
            18787500           18772 1c001ba2 00160493 addi             x9, x12, 1           x9=1c00233e x12:1c00233d
            18788500           18773 1c001ba6 00059e63 bne              x11, x0, 28         x11:00000065
            18791500           18776 1c001bc2 01458563 beq              x11, x20, 10        x11:00000065 x20:00000025
            18792500           18777 1c001bc6 01200533 add              x10, x0, x18        x10=00000000 x18:00000000
            18793500           18778 1c001bc8 000980e7 jalr             x1, x19, 0           x1=1c001bca x19:1c001776
            18795500           18780 1c001776 00b00533 add              x10, x0, x11        x10=00000065 x11:00000065
            18796500           18781 1c001778 fddff06f jal              x0, -36            
            18798500           18783 1c001754 000026b7 lui              x13, 0x2000         x13=00002000
            18799500           18784 1c001756 f14027f3 csrrs            x15, x0, 0xf14      x15=00000041
            18800500           18785 1c00175a f8068693 addi             x13, x13, -128      x13=00001f80 x13:00002000
            18801500           18786 1c00175e 00379713 slli             x14, x15, 0x3       x14=00000208 x15:00000041
            18802500           18787 1c001762 00279793 slli             x15, x15, 0x2       x15=00000104 x15:00000041
            18803500           18788 1c001764 ee873733 p.bclr           x14, x14, 23, 8     x14=00000008 x14:00000208
            18804500           18789 1c001768 00d7f7b3 and              x15, x15, x13       x15=00000100 x15:00000104 x13:00001f80
            18805500           18790 1c00176a 00e787b3 add              x15, x15, x14       x15=00000108 x15:00000100 x14:00000008
            18806500           18791 1c00176c 1a104737 lui              x14, 0x1a104000     x14=1a104000
            18807500           18792 1c001770 00a767a3 p.sw             x10, x0(x14)        x10:00000065 x14:1a104000  PA:1a104108
            18811500           18796 1c001774 00008067 jalr             x0, x1, 0            x1:1c001bca
            18812500           18797 1c001bca 16a0006f jal              x0, 362            
            18814500           18799 1c001d34 00900633 add              x12, x0, x9         x12=1c00233e  x9:1c00233e
            18815500           18800 1c001d36 e69ff06f jal              x0, -408           
            18818500           18803 1c001b9e 00064583 lbu              x11, 0(x12)         x11=00000079 x12:1c00233e  PA:1c00233e
            18832500           18817 1c001ba2 00160493 addi             x9, x12, 1           x9=1c00233f x12:1c00233e
            18833500           18818 1c001ba6 00059e63 bne              x11, x0, 28         x11:00000079
            18836500           18821 1c001bc2 01458563 beq              x11, x20, 10        x11:00000079 x20:00000025
            18837500           18822 1c001bc6 01200533 add              x10, x0, x18        x10=00000000 x18:00000000
            18838500           18823 1c001bc8 000980e7 jalr             x1, x19, 0           x1=1c001bca x19:1c001776
            18840500           18825 1c001776 00b00533 add              x10, x0, x11        x10=00000079 x11:00000079
            18841500           18826 1c001778 fddff06f jal              x0, -36            
            18843500           18828 1c001754 000026b7 lui              x13, 0x2000         x13=00002000
            18844500           18829 1c001756 f14027f3 csrrs            x15, x0, 0xf14      x15=00000041
            18845500           18830 1c00175a f8068693 addi             x13, x13, -128      x13=00001f80 x13:00002000
            18846500           18831 1c00175e 00379713 slli             x14, x15, 0x3       x14=00000208 x15:00000041
            18847500           18832 1c001762 00279793 slli             x15, x15, 0x2       x15=00000104 x15:00000041
            18848500           18833 1c001764 ee873733 p.bclr           x14, x14, 23, 8     x14=00000008 x14:00000208
            18849500           18834 1c001768 00d7f7b3 and              x15, x15, x13       x15=00000100 x15:00000104 x13:00001f80
            18850500           18835 1c00176a 00e787b3 add              x15, x15, x14       x15=00000108 x15:00000100 x14:00000008
            18851500           18836 1c00176c 1a104737 lui              x14, 0x1a104000     x14=1a104000
            18852500           18837 1c001770 00a767a3 p.sw             x10, x0(x14)        x10:00000079 x14:1a104000  PA:1a104108
            18856500           18841 1c001774 00008067 jalr             x0, x1, 0            x1:1c001bca
            18857500           18842 1c001bca 16a0006f jal              x0, 362            
            18859500           18844 1c001d34 00900633 add              x12, x0, x9         x12=1c00233f  x9:1c00233f
            18860500           18845 1c001d36 e69ff06f jal              x0, -408           
            18863500           18848 1c001b9e 00064583 lbu              x11, 0(x12)         x11=0000002c x12:1c00233f  PA:1c00233f
            18879500           18864 1c001ba2 00160493 addi             x9, x12, 1           x9=1c002340 x12:1c00233f
            18880500           18865 1c001ba6 00059e63 bne              x11, x0, 28         x11:0000002c
            18883500           18868 1c001bc2 01458563 beq              x11, x20, 10        x11:0000002c x20:00000025
            18884500           18869 1c001bc6 01200533 add              x10, x0, x18        x10=00000000 x18:00000000
            18885500           18870 1c001bc8 000980e7 jalr             x1, x19, 0           x1=1c001bca x19:1c001776
            18887500           18872 1c001776 00b00533 add              x10, x0, x11        x10=0000002c x11:0000002c
            18888500           18873 1c001778 fddff06f jal              x0, -36            
            18890500           18875 1c001754 000026b7 lui              x13, 0x2000         x13=00002000
            18891500           18876 1c001756 f14027f3 csrrs            x15, x0, 0xf14      x15=00000041
            18892500           18877 1c00175a f8068693 addi             x13, x13, -128      x13=00001f80 x13:00002000
            18893500           18878 1c00175e 00379713 slli             x14, x15, 0x3       x14=00000208 x15:00000041
            18894500           18879 1c001762 00279793 slli             x15, x15, 0x2       x15=00000104 x15:00000041
            18895500           18880 1c001764 ee873733 p.bclr           x14, x14, 23, 8     x14=00000008 x14:00000208
            18896500           18881 1c001768 00d7f7b3 and              x15, x15, x13       x15=00000100 x15:00000104 x13:00001f80
            18897500           18882 1c00176a 00e787b3 add              x15, x15, x14       x15=00000108 x15:00000100 x14:00000008
            18898500           18883 1c00176c 1a104737 lui              x14, 0x1a104000     x14=1a104000
            18899500           18884 1c001770 00a767a3 p.sw             x10, x0(x14)        x10:0000002c x14:1a104000  PA:1a104108
            18903500           18888 1c001774 00008067 jalr             x0, x1, 0            x1:1c001bca
            18904500           18889 1c001bca 16a0006f jal              x0, 362            
            18906500           18891 1c001d34 00900633 add              x12, x0, x9         x12=1c002340  x9:1c002340
            18907500           18892 1c001d36 e69ff06f jal              x0, -408           
            18910500           18895 1c001b9e 00064583 lbu              x11, 0(x12)         x11=00000020 x12:1c002340  PA:1c002340
            18929500           18914 1c001ba2 00160493 addi             x9, x12, 1           x9=1c002341 x12:1c002340
            18930500           18915 1c001ba6 00059e63 bne              x11, x0, 28         x11:00000020
            18933500           18918 1c001bc2 01458563 beq              x11, x20, 10        x11:00000020 x20:00000025
            18934500           18919 1c001bc6 01200533 add              x10, x0, x18        x10=00000000 x18:00000000
            18935500           18920 1c001bc8 000980e7 jalr             x1, x19, 0           x1=1c001bca x19:1c001776
            18937500           18922 1c001776 00b00533 add              x10, x0, x11        x10=00000020 x11:00000020
            18938500           18923 1c001778 fddff06f jal              x0, -36            
            18940500           18925 1c001754 000026b7 lui              x13, 0x2000         x13=00002000
            18941500           18926 1c001756 f14027f3 csrrs            x15, x0, 0xf14      x15=00000041
            18942500           18927 1c00175a f8068693 addi             x13, x13, -128      x13=00001f80 x13:00002000
            18943500           18928 1c00175e 00379713 slli             x14, x15, 0x3       x14=00000208 x15:00000041
            18944500           18929 1c001762 00279793 slli             x15, x15, 0x2       x15=00000104 x15:00000041
            18945500           18930 1c001764 ee873733 p.bclr           x14, x14, 23, 8     x14=00000008 x14:00000208
            18946500           18931 1c001768 00d7f7b3 and              x15, x15, x13       x15=00000100 x15:00000104 x13:00001f80
            18947500           18932 1c00176a 00e787b3 add              x15, x15, x14       x15=00000108 x15:00000100 x14:00000008
            18948500           18933 1c00176c 1a104737 lui              x14, 0x1a104000     x14=1a104000
            18949500           18934 1c001770 00a767a3 p.sw             x10, x0(x14)        x10:00000020 x14:1a104000  PA:1a104108
            18953500           18938 1c001774 00008067 jalr             x0, x1, 0            x1:1c001bca
            18954500           18939 1c001bca 16a0006f jal              x0, 362            
            18956500           18941 1c001d34 00900633 add              x12, x0, x9         x12=1c002341  x9:1c002341
            18957500           18942 1c001d36 e69ff06f jal              x0, -408           
            18960500           18945 1c001b9e 00064583 lbu              x11, 0(x12)         x11=00000049 x12:1c002341  PA:1c002341
            18975500           18960 1c001ba2 00160493 addi             x9, x12, 1           x9=1c002342 x12:1c002341
            18976500           18961 1c001ba6 00059e63 bne              x11, x0, 28         x11:00000049
            18979500           18964 1c001bc2 01458563 beq              x11, x20, 10        x11:00000049 x20:00000025
            18980500           18965 1c001bc6 01200533 add              x10, x0, x18        x10=00000000 x18:00000000
            18981500           18966 1c001bc8 000980e7 jalr             x1, x19, 0           x1=1c001bca x19:1c001776
            18983500           18968 1c001776 00b00533 add              x10, x0, x11        x10=00000049 x11:00000049
            18984500           18969 1c001778 fddff06f jal              x0, -36            
            18986500           18971 1c001754 000026b7 lui              x13, 0x2000         x13=00002000
            18987500           18972 1c001756 f14027f3 csrrs            x15, x0, 0xf14      x15=00000041
            18988500           18973 1c00175a f8068693 addi             x13, x13, -128      x13=00001f80 x13:00002000
            18989500           18974 1c00175e 00379713 slli             x14, x15, 0x3       x14=00000208 x15:00000041
            18990500           18975 1c001762 00279793 slli             x15, x15, 0x2       x15=00000104 x15:00000041
            18991500           18976 1c001764 ee873733 p.bclr           x14, x14, 23, 8     x14=00000008 x14:00000208
            18992500           18977 1c001768 00d7f7b3 and              x15, x15, x13       x15=00000100 x15:00000104 x13:00001f80
            18993500           18978 1c00176a 00e787b3 add              x15, x15, x14       x15=00000108 x15:00000100 x14:00000008
            18994500           18979 1c00176c 1a104737 lui              x14, 0x1a104000     x14=1a104000
            18995500           18980 1c001770 00a767a3 p.sw             x10, x0(x14)        x10:00000049 x14:1a104000  PA:1a104108
            18999500           18984 1c001774 00008067 jalr             x0, x1, 0            x1:1c001bca
            19000500           18985 1c001bca 16a0006f jal              x0, 362            
            19002500           18987 1c001d34 00900633 add              x12, x0, x9         x12=1c002342  x9:1c002342
            19003500           18988 1c001d36 e69ff06f jal              x0, -408           
            19006500           18991 1c001b9e 00064583 lbu              x11, 0(x12)         x11=00000027 x12:1c002342  PA:1c002342
            19021500           19006 1c001ba2 00160493 addi             x9, x12, 1           x9=1c002343 x12:1c002342
            19022500           19007 1c001ba6 00059e63 bne              x11, x0, 28         x11:00000027
            19025500           19010 1c001bc2 01458563 beq              x11, x20, 10        x11:00000027 x20:00000025
            19026500           19011 1c001bc6 01200533 add              x10, x0, x18        x10=00000000 x18:00000000
            19027500           19012 1c001bc8 000980e7 jalr             x1, x19, 0           x1=1c001bca x19:1c001776
            19029500           19014 1c001776 00b00533 add              x10, x0, x11        x10=00000027 x11:00000027
            19030500           19015 1c001778 fddff06f jal              x0, -36            
            19032500           19017 1c001754 000026b7 lui              x13, 0x2000         x13=00002000
            19033500           19018 1c001756 f14027f3 csrrs            x15, x0, 0xf14      x15=00000041
            19034500           19019 1c00175a f8068693 addi             x13, x13, -128      x13=00001f80 x13:00002000
            19035500           19020 1c00175e 00379713 slli             x14, x15, 0x3       x14=00000208 x15:00000041
            19036500           19021 1c001762 00279793 slli             x15, x15, 0x2       x15=00000104 x15:00000041
            19037500           19022 1c001764 ee873733 p.bclr           x14, x14, 23, 8     x14=00000008 x14:00000208
            19038500           19023 1c001768 00d7f7b3 and              x15, x15, x13       x15=00000100 x15:00000104 x13:00001f80
            19039500           19024 1c00176a 00e787b3 add              x15, x15, x14       x15=00000108 x15:00000100 x14:00000008
            19040500           19025 1c00176c 1a104737 lui              x14, 0x1a104000     x14=1a104000
            19041500           19026 1c001770 00a767a3 p.sw             x10, x0(x14)        x10:00000027 x14:1a104000  PA:1a104108
            19045500           19030 1c001774 00008067 jalr             x0, x1, 0            x1:1c001bca
            19046500           19031 1c001bca 16a0006f jal              x0, 362            
            19048500           19033 1c001d34 00900633 add              x12, x0, x9         x12=1c002343  x9:1c002343
            19049500           19034 1c001d36 e69ff06f jal              x0, -408           
            19052500           19037 1c001b9e 00064583 lbu              x11, 0(x12)         x11=0000006d x12:1c002343  PA:1c002343
            19071500           19056 1c001ba2 00160493 addi             x9, x12, 1           x9=1c002344 x12:1c002343
            19072500           19057 1c001ba6 00059e63 bne              x11, x0, 28         x11:0000006d
            19075500           19060 1c001bc2 01458563 beq              x11, x20, 10        x11:0000006d x20:00000025
            19076500           19061 1c001bc6 01200533 add              x10, x0, x18        x10=00000000 x18:00000000
            19077500           19062 1c001bc8 000980e7 jalr             x1, x19, 0           x1=1c001bca x19:1c001776
            19079500           19064 1c001776 00b00533 add              x10, x0, x11        x10=0000006d x11:0000006d
            19080500           19065 1c001778 fddff06f jal              x0, -36            
            19082500           19067 1c001754 000026b7 lui              x13, 0x2000         x13=00002000
            19083500           19068 1c001756 f14027f3 csrrs            x15, x0, 0xf14      x15=00000041
            19084500           19069 1c00175a f8068693 addi             x13, x13, -128      x13=00001f80 x13:00002000
            19085500           19070 1c00175e 00379713 slli             x14, x15, 0x3       x14=00000208 x15:00000041
            19086500           19071 1c001762 00279793 slli             x15, x15, 0x2       x15=00000104 x15:00000041
            19087500           19072 1c001764 ee873733 p.bclr           x14, x14, 23, 8     x14=00000008 x14:00000208
            19088500           19073 1c001768 00d7f7b3 and              x15, x15, x13       x15=00000100 x15:00000104 x13:00001f80
            19089500           19074 1c00176a 00e787b3 add              x15, x15, x14       x15=00000108 x15:00000100 x14:00000008
            19090500           19075 1c00176c 1a104737 lui              x14, 0x1a104000     x14=1a104000
            19091500           19076 1c001770 00a767a3 p.sw             x10, x0(x14)        x10:0000006d x14:1a104000  PA:1a104108
            19095500           19080 1c001774 00008067 jalr             x0, x1, 0            x1:1c001bca
            19096500           19081 1c001bca 16a0006f jal              x0, 362            
            19098500           19083 1c001d34 00900633 add              x12, x0, x9         x12=1c002344  x9:1c002344
            19099500           19084 1c001d36 e69ff06f jal              x0, -408           
            19102500           19087 1c001b9e 00064583 lbu              x11, 0(x12)         x11=00000020 x12:1c002344  PA:1c002344
            19117500           19102 1c001ba2 00160493 addi             x9, x12, 1           x9=1c002345 x12:1c002344
            19118500           19103 1c001ba6 00059e63 bne              x11, x0, 28         x11:00000020
            19121500           19106 1c001bc2 01458563 beq              x11, x20, 10        x11:00000020 x20:00000025
            19122500           19107 1c001bc6 01200533 add              x10, x0, x18        x10=00000000 x18:00000000
            19123500           19108 1c001bc8 000980e7 jalr             x1, x19, 0           x1=1c001bca x19:1c001776
            19125500           19110 1c001776 00b00533 add              x10, x0, x11        x10=00000020 x11:00000020
            19126500           19111 1c001778 fddff06f jal              x0, -36            
            19128500           19113 1c001754 000026b7 lui              x13, 0x2000         x13=00002000
            19129500           19114 1c001756 f14027f3 csrrs            x15, x0, 0xf14      x15=00000041
            19130500           19115 1c00175a f8068693 addi             x13, x13, -128      x13=00001f80 x13:00002000
            19131500           19116 1c00175e 00379713 slli             x14, x15, 0x3       x14=00000208 x15:00000041
            19132500           19117 1c001762 00279793 slli             x15, x15, 0x2       x15=00000104 x15:00000041
            19133500           19118 1c001764 ee873733 p.bclr           x14, x14, 23, 8     x14=00000008 x14:00000208
            19134500           19119 1c001768 00d7f7b3 and              x15, x15, x13       x15=00000100 x15:00000104 x13:00001f80
            19135500           19120 1c00176a 00e787b3 add              x15, x15, x14       x15=00000108 x15:00000100 x14:00000008
            19136500           19121 1c00176c 1a104737 lui              x14, 0x1a104000     x14=1a104000
            19137500           19122 1c001770 00a767a3 p.sw             x10, x0(x14)        x10:00000020 x14:1a104000  PA:1a104108
            19141500           19126 1c001774 00008067 jalr             x0, x1, 0            x1:1c001bca
            19142500           19127 1c001bca 16a0006f jal              x0, 362            
            19144500           19129 1c001d34 00900633 add              x12, x0, x9         x12=1c002345  x9:1c002345
            19145500           19130 1c001d36 e69ff06f jal              x0, -408           
            19148500           19133 1c001b9e 00064583 lbu              x11, 0(x12)         x11=00000063 x12:1c002345  PA:1c002345
            19163500           19148 1c001ba2 00160493 addi             x9, x12, 1           x9=1c002346 x12:1c002345
            19164500           19149 1c001ba6 00059e63 bne              x11, x0, 28         x11:00000063
            19167500           19152 1c001bc2 01458563 beq              x11, x20, 10        x11:00000063 x20:00000025
            19168500           19153 1c001bc6 01200533 add              x10, x0, x18        x10=00000000 x18:00000000
            19169500           19154 1c001bc8 000980e7 jalr             x1, x19, 0           x1=1c001bca x19:1c001776
            19171500           19156 1c001776 00b00533 add              x10, x0, x11        x10=00000063 x11:00000063
            19172500           19157 1c001778 fddff06f jal              x0, -36            
            19174500           19159 1c001754 000026b7 lui              x13, 0x2000         x13=00002000
            19175500           19160 1c001756 f14027f3 csrrs            x15, x0, 0xf14      x15=00000041
            19176500           19161 1c00175a f8068693 addi             x13, x13, -128      x13=00001f80 x13:00002000
            19177500           19162 1c00175e 00379713 slli             x14, x15, 0x3       x14=00000208 x15:00000041
            19178500           19163 1c001762 00279793 slli             x15, x15, 0x2       x15=00000104 x15:00000041
            19179500           19164 1c001764 ee873733 p.bclr           x14, x14, 23, 8     x14=00000008 x14:00000208
            19180500           19165 1c001768 00d7f7b3 and              x15, x15, x13       x15=00000100 x15:00000104 x13:00001f80
            19181500           19166 1c00176a 00e787b3 add              x15, x15, x14       x15=00000108 x15:00000100 x14:00000008
            19182500           19167 1c00176c 1a104737 lui              x14, 0x1a104000     x14=1a104000
            19183500           19168 1c001770 00a767a3 p.sw             x10, x0(x14)        x10:00000063 x14:1a104000  PA:1a104108
            19187500           19172 1c001774 00008067 jalr             x0, x1, 0            x1:1c001bca
            19188500           19173 1c001bca 16a0006f jal              x0, 362            
            19190500           19175 1c001d34 00900633 add              x12, x0, x9         x12=1c002346  x9:1c002346
            19191500           19176 1c001d36 e69ff06f jal              x0, -408           
            19194500           19179 1c001b9e 00064583 lbu              x11, 0(x12)         x11=0000006f x12:1c002346  PA:1c002346
            19215500           19200 1c001ba2 00160493 addi             x9, x12, 1           x9=1c002347 x12:1c002346
            19216500           19201 1c001ba6 00059e63 bne              x11, x0, 28         x11:0000006f
            19219500           19204 1c001bc2 01458563 beq              x11, x20, 10        x11:0000006f x20:00000025
            19220500           19205 1c001bc6 01200533 add              x10, x0, x18        x10=00000000 x18:00000000
            19221500           19206 1c001bc8 000980e7 jalr             x1, x19, 0           x1=1c001bca x19:1c001776
            19223500           19208 1c001776 00b00533 add              x10, x0, x11        x10=0000006f x11:0000006f
            19224500           19209 1c001778 fddff06f jal              x0, -36            
            19226500           19211 1c001754 000026b7 lui              x13, 0x2000         x13=00002000
            19227500           19212 1c001756 f14027f3 csrrs            x15, x0, 0xf14      x15=00000041
            19228500           19213 1c00175a f8068693 addi             x13, x13, -128      x13=00001f80 x13:00002000
            19229500           19214 1c00175e 00379713 slli             x14, x15, 0x3       x14=00000208 x15:00000041
            19230500           19215 1c001762 00279793 slli             x15, x15, 0x2       x15=00000104 x15:00000041
            19231500           19216 1c001764 ee873733 p.bclr           x14, x14, 23, 8     x14=00000008 x14:00000208
            19232500           19217 1c001768 00d7f7b3 and              x15, x15, x13       x15=00000100 x15:00000104 x13:00001f80
            19233500           19218 1c00176a 00e787b3 add              x15, x15, x14       x15=00000108 x15:00000100 x14:00000008
            19234500           19219 1c00176c 1a104737 lui              x14, 0x1a104000     x14=1a104000
            19235500           19220 1c001770 00a767a3 p.sw             x10, x0(x14)        x10:0000006f x14:1a104000  PA:1a104108
            19239500           19224 1c001774 00008067 jalr             x0, x1, 0            x1:1c001bca
            19240500           19225 1c001bca 16a0006f jal              x0, 362            
            19242500           19227 1c001d34 00900633 add              x12, x0, x9         x12=1c002347  x9:1c002347
            19243500           19228 1c001d36 e69ff06f jal              x0, -408           
            19246500           19231 1c001b9e 00064583 lbu              x11, 0(x12)         x11=00000072 x12:1c002347  PA:1c002347
            19260500           19245 1c001ba2 00160493 addi             x9, x12, 1           x9=1c002348 x12:1c002347
            19261500           19246 1c001ba6 00059e63 bne              x11, x0, 28         x11:00000072
            19264500           19249 1c001bc2 01458563 beq              x11, x20, 10        x11:00000072 x20:00000025
            19265500           19250 1c001bc6 01200533 add              x10, x0, x18        x10=00000000 x18:00000000
            19266500           19251 1c001bc8 000980e7 jalr             x1, x19, 0           x1=1c001bca x19:1c001776
            19268500           19253 1c001776 00b00533 add              x10, x0, x11        x10=00000072 x11:00000072
            19269500           19254 1c001778 fddff06f jal              x0, -36            
            19271500           19256 1c001754 000026b7 lui              x13, 0x2000         x13=00002000
            19272500           19257 1c001756 f14027f3 csrrs            x15, x0, 0xf14      x15=00000041
            19273500           19258 1c00175a f8068693 addi             x13, x13, -128      x13=00001f80 x13:00002000
            19274500           19259 1c00175e 00379713 slli             x14, x15, 0x3       x14=00000208 x15:00000041
            19275500           19260 1c001762 00279793 slli             x15, x15, 0x2       x15=00000104 x15:00000041
            19276500           19261 1c001764 ee873733 p.bclr           x14, x14, 23, 8     x14=00000008 x14:00000208
            19277500           19262 1c001768 00d7f7b3 and              x15, x15, x13       x15=00000100 x15:00000104 x13:00001f80
            19278500           19263 1c00176a 00e787b3 add              x15, x15, x14       x15=00000108 x15:00000100 x14:00000008
            19279500           19264 1c00176c 1a104737 lui              x14, 0x1a104000     x14=1a104000
            19280500           19265 1c001770 00a767a3 p.sw             x10, x0(x14)        x10:00000072 x14:1a104000  PA:1a104108
            19284500           19269 1c001774 00008067 jalr             x0, x1, 0            x1:1c001bca
            19285500           19270 1c001bca 16a0006f jal              x0, 362            
            19287500           19272 1c001d34 00900633 add              x12, x0, x9         x12=1c002348  x9:1c002348
            19288500           19273 1c001d36 e69ff06f jal              x0, -408           
            19291500           19276 1c001b9e 00064583 lbu              x11, 0(x12)         x11=00000065 x12:1c002348  PA:1c002348
            19305500           19290 1c001ba2 00160493 addi             x9, x12, 1           x9=1c002349 x12:1c002348
            19306500           19291 1c001ba6 00059e63 bne              x11, x0, 28         x11:00000065
            19309500           19294 1c001bc2 01458563 beq              x11, x20, 10        x11:00000065 x20:00000025
            19310500           19295 1c001bc6 01200533 add              x10, x0, x18        x10=00000000 x18:00000000
            19311500           19296 1c001bc8 000980e7 jalr             x1, x19, 0           x1=1c001bca x19:1c001776
            19313500           19298 1c001776 00b00533 add              x10, x0, x11        x10=00000065 x11:00000065
            19314500           19299 1c001778 fddff06f jal              x0, -36            
            19316500           19301 1c001754 000026b7 lui              x13, 0x2000         x13=00002000
            19317500           19302 1c001756 f14027f3 csrrs            x15, x0, 0xf14      x15=00000041
            19318500           19303 1c00175a f8068693 addi             x13, x13, -128      x13=00001f80 x13:00002000
            19319500           19304 1c00175e 00379713 slli             x14, x15, 0x3       x14=00000208 x15:00000041
            19320500           19305 1c001762 00279793 slli             x15, x15, 0x2       x15=00000104 x15:00000041
            19321500           19306 1c001764 ee873733 p.bclr           x14, x14, 23, 8     x14=00000008 x14:00000208
            19322500           19307 1c001768 00d7f7b3 and              x15, x15, x13       x15=00000100 x15:00000104 x13:00001f80
            19323500           19308 1c00176a 00e787b3 add              x15, x15, x14       x15=00000108 x15:00000100 x14:00000008
            19324500           19309 1c00176c 1a104737 lui              x14, 0x1a104000     x14=1a104000
            19325500           19310 1c001770 00a767a3 p.sw             x10, x0(x14)        x10:00000065 x14:1a104000  PA:1a104108
            19329500           19314 1c001774 00008067 jalr             x0, x1, 0            x1:1c001bca
            19330500           19315 1c001bca 16a0006f jal              x0, 362            
            19332500           19317 1c001d34 00900633 add              x12, x0, x9         x12=1c002349  x9:1c002349
            19333500           19318 1c001d36 e69ff06f jal              x0, -408           
            19336500           19321 1c001b9e 00064583 lbu              x11, 0(x12)         x11=00000020 x12:1c002349  PA:1c002349
            19352500           19337 1c001ba2 00160493 addi             x9, x12, 1           x9=1c00234a x12:1c002349
            19353500           19338 1c001ba6 00059e63 bne              x11, x0, 28         x11:00000020
            19356500           19341 1c001bc2 01458563 beq              x11, x20, 10        x11:00000020 x20:00000025
            19357500           19342 1c001bc6 01200533 add              x10, x0, x18        x10=00000000 x18:00000000
            19358500           19343 1c001bc8 000980e7 jalr             x1, x19, 0           x1=1c001bca x19:1c001776
            19360500           19345 1c001776 00b00533 add              x10, x0, x11        x10=00000020 x11:00000020
            19361500           19346 1c001778 fddff06f jal              x0, -36            
            19363500           19348 1c001754 000026b7 lui              x13, 0x2000         x13=00002000
            19364500           19349 1c001756 f14027f3 csrrs            x15, x0, 0xf14      x15=00000041
            19365500           19350 1c00175a f8068693 addi             x13, x13, -128      x13=00001f80 x13:00002000
            19366500           19351 1c00175e 00379713 slli             x14, x15, 0x3       x14=00000208 x15:00000041
            19367500           19352 1c001762 00279793 slli             x15, x15, 0x2       x15=00000104 x15:00000041
            19368500           19353 1c001764 ee873733 p.bclr           x14, x14, 23, 8     x14=00000008 x14:00000208
            19369500           19354 1c001768 00d7f7b3 and              x15, x15, x13       x15=00000100 x15:00000104 x13:00001f80
            19370500           19355 1c00176a 00e787b3 add              x15, x15, x14       x15=00000108 x15:00000100 x14:00000008
            19371500           19356 1c00176c 1a104737 lui              x14, 0x1a104000     x14=1a104000
            19372500           19357 1c001770 00a767a3 p.sw             x10, x0(x14)        x10:00000020 x14:1a104000  PA:1a104108
            19376500           19361 1c001774 00008067 jalr             x0, x1, 0            x1:1c001bca
            19377500           19362 1c001bca 16a0006f jal              x0, 362            
            19379500           19364 1c001d34 00900633 add              x12, x0, x9         x12=1c00234a  x9:1c00234a
            19380500           19365 1c001d36 e69ff06f jal              x0, -408           
            19383500           19368 1c001b9e 00064583 lbu              x11, 0(x12)         x11=00000028 x12:1c00234a  PA:1c00234a
            19402500           19387 1c001ba2 00160493 addi             x9, x12, 1           x9=1c00234b x12:1c00234a
            19403500           19388 1c001ba6 00059e63 bne              x11, x0, 28         x11:00000028
            19406500           19391 1c001bc2 01458563 beq              x11, x20, 10        x11:00000028 x20:00000025
            19407500           19392 1c001bc6 01200533 add              x10, x0, x18        x10=00000000 x18:00000000
            19408500           19393 1c001bc8 000980e7 jalr             x1, x19, 0           x1=1c001bca x19:1c001776
            19410500           19395 1c001776 00b00533 add              x10, x0, x11        x10=00000028 x11:00000028
            19411500           19396 1c001778 fddff06f jal              x0, -36            
            19413500           19398 1c001754 000026b7 lui              x13, 0x2000         x13=00002000
            19414500           19399 1c001756 f14027f3 csrrs            x15, x0, 0xf14      x15=00000041
            19415500           19400 1c00175a f8068693 addi             x13, x13, -128      x13=00001f80 x13:00002000
            19416500           19401 1c00175e 00379713 slli             x14, x15, 0x3       x14=00000208 x15:00000041
            19417500           19402 1c001762 00279793 slli             x15, x15, 0x2       x15=00000104 x15:00000041
            19418500           19403 1c001764 ee873733 p.bclr           x14, x14, 23, 8     x14=00000008 x14:00000208
            19419500           19404 1c001768 00d7f7b3 and              x15, x15, x13       x15=00000100 x15:00000104 x13:00001f80
            19420500           19405 1c00176a 00e787b3 add              x15, x15, x14       x15=00000108 x15:00000100 x14:00000008
            19421500           19406 1c00176c 1a104737 lui              x14, 0x1a104000     x14=1a104000
            19422500           19407 1c001770 00a767a3 p.sw             x10, x0(x14)        x10:00000028 x14:1a104000  PA:1a104108
            19426500           19411 1c001774 00008067 jalr             x0, x1, 0            x1:1c001bca
            19427500           19412 1c001bca 16a0006f jal              x0, 362            
            19429500           19414 1c001d34 00900633 add              x12, x0, x9         x12=1c00234b  x9:1c00234b
            19430500           19415 1c001d36 e69ff06f jal              x0, -408           
            19433500           19418 1c001b9e 00064583 lbu              x11, 0(x12)         x11=00000025 x12:1c00234b  PA:1c00234b
            19455500           19440 1c001ba2 00160493 addi             x9, x12, 1           x9=1c00234c x12:1c00234b
            19456500           19441 1c001ba6 00059e63 bne              x11, x0, 28         x11:00000025
            19459500           19444 1c001bc2 01458563 beq              x11, x20, 10        x11:00000025 x20:00000025
            19462500           19447 1c001bcc 00414783 lbu              x15, 4(x2)          x15=000000xx  x2:108fe760  PA:108fe764
            19488500           19473 1c001bd0 00012423 sw               x0, 8(x2)            x2:108fe760  PA:108fe768
            19493500           19478 1c001bd2 00010623 sb               x0, 12(x2)           x2:108fe760  PA:108fe76c
            19494500           19479 1c001bd6 c00027b3 p.insert         x15, x0, 0, 0       x15=000000xX x15:000000xx
            19495500           19480 1c001bda c01027b3 p.insert         x15, x0, 0, 1       x15=000000xX x15:000000xX
            19513500           19498 1c001bde c03027b3 p.insert         x15, x0, 0, 3       x15=000000xX x15:000000xX
            19514500           19499 1c001be2 00f10223 sb               x15, 4(x2)          x15:000000xX  x2:108fe760  PA:108fe764
            19516500           19501 1c001be6 00000713 addi             x14, x0, 0          x14=00000000
            19517500           19502 1c001be8 00000613 addi             x12, x0, 0          x12=00000000
            19518500           19503 1c001bea 00000693 addi             x13, x0, 0          x13=00000000
            19519500           19504 1c001bec 00000513 addi             x10, x0, 0          x10=00000000
            19520500           19505 1c001bee 00000593 addi             x11, x0, 0          x11=00000000
            19536500           19521 1c001bf0 03000813 addi             x16, x0, 48         x16=00000030
            19537500           19522 1c001bf4 02300893 addi             x17, x0, 35         x17=00000023
            19538500           19523 1c001bf8 0004c783 lbu              x15, 0(x9)          x15=00000069  x9:1c00234c  PA:1c00234c
            19553500           19538 1c001bfc 00148c13 addi             x24, x9, 1          x24=1c00234d  x9:1c00234c
            19562500           19547 1c001c00 04079163 bne              x15, x0, 66         x15:00000069
            19586500           19571 1c001c42 01778c63 beq              x15, x23, 24        x15:00000069 x23:0000002d
            19587500           19572 1c001c46 01078663 beq              x15, x16, 12        x15:00000069 x16:00000030
            19588500           19573 1c001c4a fb179ce3 bne              x15, x17, -72       x15:00000069 x17:00000023
            19611500           19596 1c001c02 00050763 beq              x10, x0, 14         x10:00000000
            19630500           19615 1c001c10 00060763 beq              x12, x0, 14         x12:00000000
            19633500           19618 1c001c1e 00070763 beq              x14, x0, 14         x14:00000000
            19656500           19641 1c001c2c fd078713 addi             x14, x15, -48       x14=00000039 x15:00000069
            19674500           19659 1c001c30 0ff77713 andi             x14, x14, 255       x14=00000039 x14:00000039
            19675500           19660 1c001c34 00900693 addi             x13, x0, 9          x13=00000009
            19676500           19661 1c001c36 04e6eb63 bltu             x13, x14, 86        x13:00000009 x14:00000039
            19696500           19681 1c001c8c 02e00713 addi             x14, x0, 46         x14=0000002e
            19714500           19699 1c001c90 02e79163 bne              x15, x14, 34        x15:00000069 x14:0000002e
            19733500           19718 1c001cb2 07a00713 addi             x14, x0, 122        x14=0000007a
            19734500           19719 1c001cb6 04e79263 bne              x15, x14, 68        x15:00000069 x14:0000007a
            19774500           19759 1c001cfa 06c00713 addi             x14, x0, 108        x14=0000006c
            19793500           19778 1c001cfe 20e79463 bne              x15, x14, 520       x15:00000069 x14:0000006c
            19816500           19801 1c001f06 06900713 addi             x14, x0, 105        x14=00000069
            19817500           19802 1c001f0a 02e78a63 beq              x15, x14, 52        x15:00000069 x14:00000069
            19856500           19841 1c001f3e 018004b3 add              x9, x0, x24          x9=1c00234d x24:1c00234d
            19880500           19865 1c001f40 00000793 addi             x15, x0, 0          x15=00000000
            19881500           19866 1c001f42 e09ff06f jal              x0, -504           
            19901500           19886 1c001d4a 00a00713 addi             x14, x0, 10         x14=0000000a
            19902500           19887 1c001d4c 00e12823 sw               x14, 16(x2)         x14:0000000a  x2:108fe760  PA:108fe770
            19921500           19906 1c001d4e 0e27b363 p.bneimm         x15, 230            x15:00000000
            19943500           19928 1c001e34 00440c13 addi             x24, x8, 4          x24=108fe7e8  x8:108fe7e4
            19944500           19929 1c001e38 00042503 lw               x10, 0(x8)          x10=00000002  x8:108fe7e4  PA:108fe7e4
            19945500           19930 1c001e3a 0017bd63 p.bneimm         x15, 26             x15:00000000
            19984500           19969 1c001e54 00055863 bge              x10, x0, 16         x10:00000002
            20003500           19988 1c001e64 00410593 addi             x11, x2, 4          x11=108fe764  x2:108fe760
            20004500           19989 1c001e66 b99ff0ef jal              x1, -1128            x1=1c001e68
            20024500           20009 1c0019fe 0105a683 lw               x13, 16(x11)        x13=108fe778 x11:108fe764  PA:108fe774
            20041500           20026 1c001a00 00c5a703 lw               x14, 12(x11)        x14=0000000a x11:108fe764  PA:108fe770
            20042500           20027 1c001a02 00100793 addi             x15, x0, 1          x15=00000001
            20043500           20028 1c001a04 02f55633 divu             x12, x10, x15       x12=00000002 x10:00000002 x15:00000001
            20077500           20062 1c001a08 00e67863 bgeu             x12, x14, 16        x12:00000002 x14:0000000a
            20078500           20063 1c001a0c 00000613 addi             x12, x0, 0          x12=00000000
            20079500           20064 1c001a0e 00900313 addi             x6, x0, 9            x6=00000009
            20080500           20065 1c001a10 00079763 bne              x15, x0, 14         x15:00000001
            20083500           20068 1c001a1e 00c5a703 lw               x14, 12(x11)        x14=0000000a x11:108fe764  PA:108fe770
            20100500           20085 1c001a20 02f55833 divu             x16, x10, x15       x16=00000002 x10:00000002 x15:00000001
            20134500           20119 1c001a24 02f57533 remu             x10, x10, x15       x10=00000000 x10:00000002 x15:00000001
            20168500           20153 1c001a28 02e7d7b3 divu             x15, x15, x14       x15=00000000 x15:00000001 x14:0000000a
            20199500           20184 1c001a2c 00061763 bne              x12, x0, 14         x12:00000000
            20200500           20185 1c001a2e 01004663 blt              x0, x16, 12         x16:00000002
            20203500           20188 1c001a3a 03000713 addi             x14, x0, 48         x14=00000030
            20222500           20207 1c001a3e 01035c63 bge              x6, x16, 24          x6:00000009 x16:00000002
            20244500           20229 1c001a56 01070733 add              x14, x14, x16       x14=00000032 x14:00000030 x16:00000002
            20245500           20230 1c001a58 00e68023 sb               x14, 0(x13)         x14:00000032 x13:108fe778  PA:108fe778
            20246500           20231 1c001a5c 00160613 addi             x12, x12, 1         x12=00000001 x12:00000000
            20247500           20232 1c001a5e 00168693 addi             x13, x13, 1         x13=108fe779 x13:108fe778
            20263500           20248 1c001a60 fb1ff06f jal              x0, -80            
            20265500           20250 1c001a10 00079763 bne              x15, x0, 14         x15:00000000
            20266500           20251 1c001a12 00068023 sb               x0, 0(x13)          x13:108fe779  PA:108fe779
            20273500           20258 1c001a16 00008067 jalr             x0, x1, 0            x1:1c001e68
            20274500           20259 1c001e68 f17ff06f jal              x0, -234           
            20292500           20277 1c001d7e 00410613 addi             x12, x2, 4          x12=108fe764  x2:108fe760
            20310500           20295 1c001d80 013005b3 add              x11, x0, x19        x11=1c001776 x19:1c001776
            20311500           20296 1c001d82 01200533 add              x10, x0, x18        x10=00000000 x18:00000000
            20312500           20297 1c001d84 cdfff0ef jal              x1, -802             x1=1c001d86
            20314500           20299 1c001a62 fe010113 addi             x2, x2, -32          x2=108fe740  x2:108fe760
            20315500           20300 1c001a64 00812c23 sw               x8, 24(x2)           x8:108fe7e4  x2:108fe740  PA:108fe758
            20317500           20302 1c001a66 01062783 lw               x15, 16(x12)        x15=108fe778 x12:108fe764  PA:108fe774
            20318500           20303 1c001a68 00462403 lw               x8, 4(x12)           x8=00000000 x12:108fe764  PA:108fe768
            20319500           20304 1c001a6a 00912a23 sw               x9, 20(x2)           x9:1c00234d  x2:108fe740  PA:108fe754
            20320500           20305 1c001a6c 01212823 sw               x18, 16(x2)         x18:00000000  x2:108fe740  PA:108fe750
            20321500           20306 1c001a6e 01312623 sw               x19, 12(x2)         x19:1c001776  x2:108fe740  PA:108fe74c
            20337500           20322 1c001a70 00112e23 sw               x1, 28(x2)           x1:1c001d86  x2:108fe740  PA:108fe75c
            20338500           20323 1c001a72 01412423 sw               x20, 8(x2)          x20:00000025  x2:108fe740  PA:108fe748
            20339500           20324 1c001a74 00a00933 add              x18, x0, x10        x18=00000000 x10:00000000
            20340500           20325 1c001a76 00b009b3 add              x19, x0, x11        x19=1c001776 x11:1c001776
            20341500           20326 1c001a78 00c004b3 add              x9, x0, x12          x9=108fe764 x12:108fe764
            20342500           20327 1c001a7a 0017c70b p.lbu            x14, 1(x15!)        x14=00000032 x15=108fe779 x15:108fe778  PA:108fe778
            20344500           20329 1c001a7e 00070363 beq              x14, x0, 6          x14:00000032
            20360500           20345 1c001a80 08804863 blt              x0, x8, 144          x8:00000000
            20361500           20346 1c001a84 0084c783 lbu              x15, 8(x9)          x15=00000000  x9:108fe764  PA:108fe76c
            20368500           20353 1c001a88 00078263 beq              x15, x0, 4          x15:00000000
            20371500           20356 1c001a8c 0004c783 lbu              x15, 0(x9)          x15=000000xX  x9:108fe764  PA:108fe764
            20384500           20369 1c001a90 0027f713 andi             x14, x15, 2         x14=00000000 x15:000000xX
            20385500           20370 1c001a94 00070663 beq              x14, x0, 12         x14:00000000
            20404500           20389 1c001aa0 0097f793 andi             x15, x15, 9         x15=00000000 x15:000000xX
            20405500           20390 1c001aa2 00800a33 add              x20, x0, x8         x20=00000000  x8:00000000
            20406500           20391 1c001aa4 08078163 beq              x15, x0, 130        x15:00000000
            20426500           20411 1c001b26 ff404be3 blt              x0, x20, -10        x20:00000000
            20427500           20412 1c001b2a fff40793 addi             x15, x8, -1         x15=ffffffff  x8:00000000
            20444500           20429 1c001b2e 04046433 p.max            x8, x8, x0           x8=00000000  x8:00000000
            20445500           20430 1c001b32 40878433 sub              x8, x15, x8          x8=ffffffff x15:ffffffff  x8:00000000
            20446500           20431 1c001b36 f71ff06f jal              x0, -144           
            20448500           20433 1c001aa6 0084c583 lbu              x11, 8(x9)          x11=00000000  x9:108fe764  PA:108fe76c
            20454500           20439 1c001aaa 00058363 beq              x11, x0, 6          x11:00000000
            20468500           20453 1c001ab0 0004c783 lbu              x15, 0(x9)          x15=000000xX  x9:108fe764  PA:108fe764
            20476500           20461 1c001ab4 0027f793 andi             x15, x15, 2         x15=00000000 x15:000000xX
            20477500           20462 1c001ab6 02078363 beq              x15, x0, 38         x15:00000000
            20490500           20475 1c001adc 0004c783 lbu              x15, 0(x9)          x15=000000xX  x9:108fe764  PA:108fe764
            20507500           20492 1c001ae0 00800a33 add              x20, x0, x8         x20=ffffffff  x8:ffffffff
            20508500           20493 1c001ae2 fc17b7b3 p.bclr           x15, x15, 30, 1     x15=00000000 x15:000000xX
            20509500           20494 1c001ae6 06079363 bne              x15, x0, 102        x15:00000000
            20510500           20495 1c001ae8 0104aa03 lw               x20, 16(x9)         x20=108fe778  x9:108fe764  PA:108fe774
            20518500           20503 1c001aec 001a458b p.lbu            x11, 1(x20!)        x11=00000032 x20=108fe779 x20:108fe778  PA:108fe778
            20528500           20513 1c001af0 06059763 bne              x11, x0, 110        x11:00000032
            20547500           20532 1c001b5e 01200533 add              x10, x0, x18        x10=00000000 x18:00000000
            20564500           20549 1c001b60 000980e7 jalr             x1, x19, 0           x1=1c001b62 x19:1c001776
            20566500           20551 1c001776 00b00533 add              x10, x0, x11        x10=00000032 x11:00000032
            20567500           20552 1c001778 fddff06f jal              x0, -36            
            20569500           20554 1c001754 000026b7 lui              x13, 0x2000         x13=00002000
            20570500           20555 1c001756 f14027f3 csrrs            x15, x0, 0xf14      x15=00000041
            20571500           20556 1c00175a f8068693 addi             x13, x13, -128      x13=00001f80 x13:00002000
            20572500           20557 1c00175e 00379713 slli             x14, x15, 0x3       x14=00000208 x15:00000041
            20573500           20558 1c001762 00279793 slli             x15, x15, 0x2       x15=00000104 x15:00000041
            20574500           20559 1c001764 ee873733 p.bclr           x14, x14, 23, 8     x14=00000008 x14:00000208
            20575500           20560 1c001768 00d7f7b3 and              x15, x15, x13       x15=00000100 x15:00000104 x13:00001f80
            20576500           20561 1c00176a 00e787b3 add              x15, x15, x14       x15=00000108 x15:00000100 x14:00000008
            20577500           20562 1c00176c 1a104737 lui              x14, 0x1a104000     x14=1a104000
            20578500           20563 1c001770 00a767a3 p.sw             x10, x0(x14)        x10:00000032 x14:1a104000  PA:1a104108
            20582500           20567 1c001774 00008067 jalr             x0, x1, 0            x1:1c001b62
            20583500           20568 1c001b62 f8bff06f jal              x0, -118           
            20585500           20570 1c001aec 001a458b p.lbu            x11, 1(x20!)        x11=00000000 x20=108fe77a x20:108fe779  PA:108fe779
            20591500           20576 1c001af0 06059763 bne              x11, x0, 110        x11:00000000
            20592500           20577 1c001af2 0004c783 lbu              x15, 0(x9)          x15=000000xX  x9:108fe764  PA:108fe764
            20594500           20579 1c001af6 0097f793 andi             x15, x15, 9         x15=00000000 x15:000000xX
            20595500           20580 1c001af8 0087b463 p.bneimm         x15, 8              x15:00000000
            20610500           20595 1c001b00 01c12083 lw               x1, 28(x2)           x1=1c001d86  x2:108fe740  PA:108fe75c
            20611500           20596 1c001b02 01812403 lw               x8, 24(x2)           x8=108fe7e4  x2:108fe740  PA:108fe758
            20612500           20597 1c001b04 01412483 lw               x9, 20(x2)           x9=1c00234d  x2:108fe740  PA:108fe754
            20613500           20598 1c001b06 01012903 lw               x18, 16(x2)         x18=00000000  x2:108fe740  PA:108fe750
            20614500           20599 1c001b08 00c12983 lw               x19, 12(x2)         x19=1c001776  x2:108fe740  PA:108fe74c
            20615500           20600 1c001b0a 00812a03 lw               x20, 8(x2)          x20=00000025  x2:108fe740  PA:108fe748
            20616500           20601 1c001b0c 02010113 addi             x2, x2, 32           x2=108fe760  x2:108fe740
            20617500           20602 1c001b0e 00008067 jalr             x0, x1, 0            x1:1c001d86
            20636500           20621 1c001d86 01800433 add              x8, x0, x24          x8=108fe7e8 x24:108fe7e8
            20637500           20622 1c001d88 fadff06f jal              x0, -84            
            20639500           20624 1c001d34 00900633 add              x12, x0, x9         x12=1c00234d  x9:1c00234d
            20640500           20625 1c001d36 e69ff06f jal              x0, -408           
            20643500           20628 1c001b9e 00064583 lbu              x11, 0(x12)         x11=0000002c x12:1c00234d  PA:1c00234d
            20658500           20643 1c001ba2 00160493 addi             x9, x12, 1           x9=1c00234e x12:1c00234d
            20659500           20644 1c001ba6 00059e63 bne              x11, x0, 28         x11:0000002c
            20662500           20647 1c001bc2 01458563 beq              x11, x20, 10        x11:0000002c x20:00000025
            20663500           20648 1c001bc6 01200533 add              x10, x0, x18        x10=00000000 x18:00000000
            20664500           20649 1c001bc8 000980e7 jalr             x1, x19, 0           x1=1c001bca x19:1c001776
            20666500           20651 1c001776 00b00533 add              x10, x0, x11        x10=0000002c x11:0000002c
            20667500           20652 1c001778 fddff06f jal              x0, -36            
            20669500           20654 1c001754 000026b7 lui              x13, 0x2000         x13=00002000
            20670500           20655 1c001756 f14027f3 csrrs            x15, x0, 0xf14      x15=00000041
            20671500           20656 1c00175a f8068693 addi             x13, x13, -128      x13=00001f80 x13:00002000
            20672500           20657 1c00175e 00379713 slli             x14, x15, 0x3       x14=00000208 x15:00000041
            20673500           20658 1c001762 00279793 slli             x15, x15, 0x2       x15=00000104 x15:00000041
            20674500           20659 1c001764 ee873733 p.bclr           x14, x14, 23, 8     x14=00000008 x14:00000208
            20675500           20660 1c001768 00d7f7b3 and              x15, x15, x13       x15=00000100 x15:00000104 x13:00001f80
            20676500           20661 1c00176a 00e787b3 add              x15, x15, x14       x15=00000108 x15:00000100 x14:00000008
            20677500           20662 1c00176c 1a104737 lui              x14, 0x1a104000     x14=1a104000
            20678500           20663 1c001770 00a767a3 p.sw             x10, x0(x14)        x10:0000002c x14:1a104000  PA:1a104108
            20682500           20667 1c001774 00008067 jalr             x0, x1, 0            x1:1c001bca
            20683500           20668 1c001bca 16a0006f jal              x0, 362            
            20685500           20670 1c001d34 00900633 add              x12, x0, x9         x12=1c00234e  x9:1c00234e
            20686500           20671 1c001d36 e69ff06f jal              x0, -408           
            20689500           20674 1c001b9e 00064583 lbu              x11, 0(x12)         x11=00000020 x12:1c00234e  PA:1c00234e
            20703500           20688 1c001ba2 00160493 addi             x9, x12, 1           x9=1c00234f x12:1c00234e
            20704500           20689 1c001ba6 00059e63 bne              x11, x0, 28         x11:00000020
            20707500           20692 1c001bc2 01458563 beq              x11, x20, 10        x11:00000020 x20:00000025
            20708500           20693 1c001bc6 01200533 add              x10, x0, x18        x10=00000000 x18:00000000
            20709500           20694 1c001bc8 000980e7 jalr             x1, x19, 0           x1=1c001bca x19:1c001776
            20711500           20696 1c001776 00b00533 add              x10, x0, x11        x10=00000020 x11:00000020
            20712500           20697 1c001778 fddff06f jal              x0, -36            
            20714500           20699 1c001754 000026b7 lui              x13, 0x2000         x13=00002000
            20715500           20700 1c001756 f14027f3 csrrs            x15, x0, 0xf14      x15=00000041
            20716500           20701 1c00175a f8068693 addi             x13, x13, -128      x13=00001f80 x13:00002000
            20717500           20702 1c00175e 00379713 slli             x14, x15, 0x3       x14=00000208 x15:00000041
            20718500           20703 1c001762 00279793 slli             x15, x15, 0x2       x15=00000104 x15:00000041
            20719500           20704 1c001764 ee873733 p.bclr           x14, x14, 23, 8     x14=00000008 x14:00000208
            20720500           20705 1c001768 00d7f7b3 and              x15, x15, x13       x15=00000100 x15:00000104 x13:00001f80
            20721500           20706 1c00176a 00e787b3 add              x15, x15, x14       x15=00000108 x15:00000100 x14:00000008
            20722500           20707 1c00176c 1a104737 lui              x14, 0x1a104000     x14=1a104000
            20723500           20708 1c001770 00a767a3 p.sw             x10, x0(x14)        x10:00000020 x14:1a104000  PA:1a104108
            20727500           20712 1c001774 00008067 jalr             x0, x1, 0            x1:1c001bca
            20728500           20713 1c001bca 16a0006f jal              x0, 362            
            20730500           20715 1c001d34 00900633 add              x12, x0, x9         x12=1c00234f  x9:1c00234f
            20731500           20716 1c001d36 e69ff06f jal              x0, -408           
            20734500           20719 1c001b9e 00064583 lbu              x11, 0(x12)         x11=00000025 x12:1c00234f  PA:1c00234f
            20748500           20733 1c001ba2 00160493 addi             x9, x12, 1           x9=1c002350 x12:1c00234f
            20749500           20734 1c001ba6 00059e63 bne              x11, x0, 28         x11:00000025
            20752500           20737 1c001bc2 01458563 beq              x11, x20, 10        x11:00000025 x20:00000025
            20755500           20740 1c001bcc 00414783 lbu              x15, 4(x2)          x15=000000xX  x2:108fe760  PA:108fe764
            20756500           20741 1c001bd0 00012423 sw               x0, 8(x2)            x2:108fe760  PA:108fe768
            20757500           20742 1c001bd2 00010623 sb               x0, 12(x2)           x2:108fe760  PA:108fe76c
            20758500           20743 1c001bd6 c00027b3 p.insert         x15, x0, 0, 0       x15=000000xX x15:000000xX
            20759500           20744 1c001bda c01027b3 p.insert         x15, x0, 0, 1       x15=000000xX x15:000000xX
            20760500           20745 1c001bde c03027b3 p.insert         x15, x0, 0, 3       x15=000000xX x15:000000xX
            20761500           20746 1c001be2 00f10223 sb               x15, 4(x2)          x15:000000xX  x2:108fe760  PA:108fe764
            20762500           20747 1c001be6 00000713 addi             x14, x0, 0          x14=00000000
            20763500           20748 1c001be8 00000613 addi             x12, x0, 0          x12=00000000
            20764500           20749 1c001bea 00000693 addi             x13, x0, 0          x13=00000000
            20765500           20750 1c001bec 00000513 addi             x10, x0, 0          x10=00000000
            20766500           20751 1c001bee 00000593 addi             x11, x0, 0          x11=00000000
            20767500           20752 1c001bf0 03000813 addi             x16, x0, 48         x16=00000030
            20768500           20753 1c001bf4 02300893 addi             x17, x0, 35         x17=00000023
            20769500           20754 1c001bf8 0004c783 lbu              x15, 0(x9)          x15=00000069  x9:1c002350  PA:1c002350
            20787500           20772 1c001bfc 00148c13 addi             x24, x9, 1          x24=1c002351  x9:1c002350
            20788500           20773 1c001c00 04079163 bne              x15, x0, 66         x15:00000069
            20791500           20776 1c001c42 01778c63 beq              x15, x23, 24        x15:00000069 x23:0000002d
            20792500           20777 1c001c46 01078663 beq              x15, x16, 12        x15:00000069 x16:00000030
            20793500           20778 1c001c4a fb179ce3 bne              x15, x17, -72       x15:00000069 x17:00000023
            20796500           20781 1c001c02 00050763 beq              x10, x0, 14         x10:00000000
            20799500           20784 1c001c10 00060763 beq              x12, x0, 14         x12:00000000
            20802500           20787 1c001c1e 00070763 beq              x14, x0, 14         x14:00000000
            20805500           20790 1c001c2c fd078713 addi             x14, x15, -48       x14=00000039 x15:00000069
            20806500           20791 1c001c30 0ff77713 andi             x14, x14, 255       x14=00000039 x14:00000039
            20807500           20792 1c001c34 00900693 addi             x13, x0, 9          x13=00000009
            20808500           20793 1c001c36 04e6eb63 bltu             x13, x14, 86        x13:00000009 x14:00000039
            20811500           20796 1c001c8c 02e00713 addi             x14, x0, 46         x14=0000002e
            20812500           20797 1c001c90 02e79163 bne              x15, x14, 34        x15:00000069 x14:0000002e
            20815500           20800 1c001cb2 07a00713 addi             x14, x0, 122        x14=0000007a
            20816500           20801 1c001cb6 04e79263 bne              x15, x14, 68        x15:00000069 x14:0000007a
            20819500           20804 1c001cfa 06c00713 addi             x14, x0, 108        x14=0000006c
            20821500           20806 1c001cfe 20e79463 bne              x15, x14, 520       x15:00000069 x14:0000006c
            20824500           20809 1c001f06 06900713 addi             x14, x0, 105        x14=00000069
            20825500           20810 1c001f0a 02e78a63 beq              x15, x14, 52        x15:00000069 x14:00000069
            20828500           20813 1c001f3e 018004b3 add              x9, x0, x24          x9=1c002351 x24:1c002351
            20829500           20814 1c001f40 00000793 addi             x15, x0, 0          x15=00000000
            20830500           20815 1c001f42 e09ff06f jal              x0, -504           
            20832500           20817 1c001d4a 00a00713 addi             x14, x0, 10         x14=0000000a
            20833500           20818 1c001d4c 00e12823 sw               x14, 16(x2)         x14:0000000a  x2:108fe760  PA:108fe770
            20834500           20819 1c001d4e 0e27b363 p.bneimm         x15, 230            x15:00000000
            20837500           20822 1c001e34 00440c13 addi             x24, x8, 4          x24=108fe7ec  x8:108fe7e8
            20838500           20823 1c001e38 00042503 lw               x10, 0(x8)          x10=00000001  x8:108fe7e8  PA:108fe7e8
            20839500           20824 1c001e3a 0017bd63 p.bneimm         x15, 26             x15:00000000
            20842500           20827 1c001e54 00055863 bge              x10, x0, 16         x10:00000001
            20845500           20830 1c001e64 00410593 addi             x11, x2, 4          x11=108fe764  x2:108fe760
            20846500           20831 1c001e66 b99ff0ef jal              x1, -1128            x1=1c001e68
            20848500           20833 1c0019fe 0105a683 lw               x13, 16(x11)        x13=108fe778 x11:108fe764  PA:108fe774
            20849500           20834 1c001a00 00c5a703 lw               x14, 12(x11)        x14=0000000a x11:108fe764  PA:108fe770
            20850500           20835 1c001a02 00100793 addi             x15, x0, 1          x15=00000001
            20851500           20836 1c001a04 02f55633 divu             x12, x10, x15       x12=00000001 x10:00000001 x15:00000001
            20885500           20870 1c001a08 00e67863 bgeu             x12, x14, 16        x12:00000001 x14:0000000a
            20886500           20871 1c001a0c 00000613 addi             x12, x0, 0          x12=00000000
            20887500           20872 1c001a0e 00900313 addi             x6, x0, 9            x6=00000009
            20888500           20873 1c001a10 00079763 bne              x15, x0, 14         x15:00000001
            20891500           20876 1c001a1e 00c5a703 lw               x14, 12(x11)        x14=0000000a x11:108fe764  PA:108fe770
            20892500           20877 1c001a20 02f55833 divu             x16, x10, x15       x16=00000001 x10:00000001 x15:00000001
            20926500           20911 1c001a24 02f57533 remu             x10, x10, x15       x10=00000000 x10:00000001 x15:00000001
            20960500           20945 1c001a28 02e7d7b3 divu             x15, x15, x14       x15=00000000 x15:00000001 x14:0000000a
            20991500           20976 1c001a2c 00061763 bne              x12, x0, 14         x12:00000000
            20992500           20977 1c001a2e 01004663 blt              x0, x16, 12         x16:00000001
            20995500           20980 1c001a3a 03000713 addi             x14, x0, 48         x14=00000030
            20997500           20982 1c001a3e 01035c63 bge              x6, x16, 24          x6:00000009 x16:00000001
            21000500           20985 1c001a56 01070733 add              x14, x14, x16       x14=00000031 x14:00000030 x16:00000001
            21001500           20986 1c001a58 00e68023 sb               x14, 0(x13)         x14:00000031 x13:108fe778  PA:108fe778
            21002500           20987 1c001a5c 00160613 addi             x12, x12, 1         x12=00000001 x12:00000000
            21003500           20988 1c001a5e 00168693 addi             x13, x13, 1         x13=108fe779 x13:108fe778
            21004500           20989 1c001a60 fb1ff06f jal              x0, -80            
            21006500           20991 1c001a10 00079763 bne              x15, x0, 14         x15:00000000
            21007500           20992 1c001a12 00068023 sb               x0, 0(x13)          x13:108fe779  PA:108fe779
            21008500           20993 1c001a16 00008067 jalr             x0, x1, 0            x1:1c001e68
            21010500           20995 1c001e68 f17ff06f jal              x0, -234           
            21012500           20997 1c001d7e 00410613 addi             x12, x2, 4          x12=108fe764  x2:108fe760
            21013500           20998 1c001d80 013005b3 add              x11, x0, x19        x11=1c001776 x19:1c001776
            21014500           20999 1c001d82 01200533 add              x10, x0, x18        x10=00000000 x18:00000000
            21015500           21000 1c001d84 cdfff0ef jal              x1, -802             x1=1c001d86
            21017500           21002 1c001a62 fe010113 addi             x2, x2, -32          x2=108fe740  x2:108fe760
            21018500           21003 1c001a64 00812c23 sw               x8, 24(x2)           x8:108fe7e8  x2:108fe740  PA:108fe758
            21019500           21004 1c001a66 01062783 lw               x15, 16(x12)        x15=108fe778 x12:108fe764  PA:108fe774
            21020500           21005 1c001a68 00462403 lw               x8, 4(x12)           x8=00000000 x12:108fe764  PA:108fe768
            21021500           21006 1c001a6a 00912a23 sw               x9, 20(x2)           x9:1c002351  x2:108fe740  PA:108fe754
            21022500           21007 1c001a6c 01212823 sw               x18, 16(x2)         x18:00000000  x2:108fe740  PA:108fe750
            21023500           21008 1c001a6e 01312623 sw               x19, 12(x2)         x19:1c001776  x2:108fe740  PA:108fe74c
            21024500           21009 1c001a70 00112e23 sw               x1, 28(x2)           x1:1c001d86  x2:108fe740  PA:108fe75c
            21025500           21010 1c001a72 01412423 sw               x20, 8(x2)          x20:00000025  x2:108fe740  PA:108fe748
            21026500           21011 1c001a74 00a00933 add              x18, x0, x10        x18=00000000 x10:00000000
            21027500           21012 1c001a76 00b009b3 add              x19, x0, x11        x19=1c001776 x11:1c001776
            21028500           21013 1c001a78 00c004b3 add              x9, x0, x12          x9=108fe764 x12:108fe764
            21029500           21014 1c001a7a 0017c70b p.lbu            x14, 1(x15!)        x14=00000031 x15=108fe779 x15:108fe778  PA:108fe778
            21031500           21016 1c001a7e 00070363 beq              x14, x0, 6          x14:00000031
            21032500           21017 1c001a80 08804863 blt              x0, x8, 144          x8:00000000
            21033500           21018 1c001a84 0084c783 lbu              x15, 8(x9)          x15=00000000  x9:108fe764  PA:108fe76c
            21035500           21020 1c001a88 00078263 beq              x15, x0, 4          x15:00000000
            21038500           21023 1c001a8c 0004c783 lbu              x15, 0(x9)          x15=000000xX  x9:108fe764  PA:108fe764
            21040500           21025 1c001a90 0027f713 andi             x14, x15, 2         x14=00000000 x15:000000xX
            21041500           21026 1c001a94 00070663 beq              x14, x0, 12         x14:00000000
            21044500           21029 1c001aa0 0097f793 andi             x15, x15, 9         x15=00000000 x15:000000xX
            21045500           21030 1c001aa2 00800a33 add              x20, x0, x8         x20=00000000  x8:00000000
            21046500           21031 1c001aa4 08078163 beq              x15, x0, 130        x15:00000000
            21049500           21034 1c001b26 ff404be3 blt              x0, x20, -10        x20:00000000
            21050500           21035 1c001b2a fff40793 addi             x15, x8, -1         x15=ffffffff  x8:00000000
            21051500           21036 1c001b2e 04046433 p.max            x8, x8, x0           x8=00000000  x8:00000000
            21052500           21037 1c001b32 40878433 sub              x8, x15, x8          x8=ffffffff x15:ffffffff  x8:00000000
            21053500           21038 1c001b36 f71ff06f jal              x0, -144           
            21055500           21040 1c001aa6 0084c583 lbu              x11, 8(x9)          x11=00000000  x9:108fe764  PA:108fe76c
            21057500           21042 1c001aaa 00058363 beq              x11, x0, 6          x11:00000000
            21060500           21045 1c001ab0 0004c783 lbu              x15, 0(x9)          x15=000000xX  x9:108fe764  PA:108fe764
            21062500           21047 1c001ab4 0027f793 andi             x15, x15, 2         x15=00000000 x15:000000xX
            21063500           21048 1c001ab6 02078363 beq              x15, x0, 38         x15:00000000
            21066500           21051 1c001adc 0004c783 lbu              x15, 0(x9)          x15=000000xX  x9:108fe764  PA:108fe764
            21067500           21052 1c001ae0 00800a33 add              x20, x0, x8         x20=ffffffff  x8:ffffffff
            21068500           21053 1c001ae2 fc17b7b3 p.bclr           x15, x15, 30, 1     x15=00000000 x15:000000xX
            21069500           21054 1c001ae6 06079363 bne              x15, x0, 102        x15:00000000
            21070500           21055 1c001ae8 0104aa03 lw               x20, 16(x9)         x20=108fe778  x9:108fe764  PA:108fe774
            21072500           21057 1c001aec 001a458b p.lbu            x11, 1(x20!)        x11=00000031 x20=108fe779 x20:108fe778  PA:108fe778
            21074500           21059 1c001af0 06059763 bne              x11, x0, 110        x11:00000031
            21077500           21062 1c001b5e 01200533 add              x10, x0, x18        x10=00000000 x18:00000000
            21078500           21063 1c001b60 000980e7 jalr             x1, x19, 0           x1=1c001b62 x19:1c001776
            21080500           21065 1c001776 00b00533 add              x10, x0, x11        x10=00000031 x11:00000031
            21081500           21066 1c001778 fddff06f jal              x0, -36            
            21083500           21068 1c001754 000026b7 lui              x13, 0x2000         x13=00002000
            21084500           21069 1c001756 f14027f3 csrrs            x15, x0, 0xf14      x15=00000041
            21085500           21070 1c00175a f8068693 addi             x13, x13, -128      x13=00001f80 x13:00002000
            21086500           21071 1c00175e 00379713 slli             x14, x15, 0x3       x14=00000208 x15:00000041
            21087500           21072 1c001762 00279793 slli             x15, x15, 0x2       x15=00000104 x15:00000041
            21088500           21073 1c001764 ee873733 p.bclr           x14, x14, 23, 8     x14=00000008 x14:00000208
            21089500           21074 1c001768 00d7f7b3 and              x15, x15, x13       x15=00000100 x15:00000104 x13:00001f80
            21090500           21075 1c00176a 00e787b3 add              x15, x15, x14       x15=00000108 x15:00000100 x14:00000008
            21091500           21076 1c00176c 1a104737 lui              x14, 0x1a104000     x14=1a104000
            21092500           21077 1c001770 00a767a3 p.sw             x10, x0(x14)        x10:00000031 x14:1a104000  PA:1a104108
            21096500           21081 1c001774 00008067 jalr             x0, x1, 0            x1:1c001b62
            21097500           21082 1c001b62 f8bff06f jal              x0, -118           
            21099500           21084 1c001aec 001a458b p.lbu            x11, 1(x20!)        x11=00000000 x20=108fe77a x20:108fe779  PA:108fe779
            21101500           21086 1c001af0 06059763 bne              x11, x0, 110        x11:00000000
            21102500           21087 1c001af2 0004c783 lbu              x15, 0(x9)          x15=000000xX  x9:108fe764  PA:108fe764
            21104500           21089 1c001af6 0097f793 andi             x15, x15, 9         x15=00000000 x15:000000xX
            21105500           21090 1c001af8 0087b463 p.bneimm         x15, 8              x15:00000000
            21108500           21093 1c001b00 01c12083 lw               x1, 28(x2)           x1=1c001d86  x2:108fe740  PA:108fe75c
            21109500           21094 1c001b02 01812403 lw               x8, 24(x2)           x8=108fe7e8  x2:108fe740  PA:108fe758
            21110500           21095 1c001b04 01412483 lw               x9, 20(x2)           x9=1c002351  x2:108fe740  PA:108fe754
            21111500           21096 1c001b06 01012903 lw               x18, 16(x2)         x18=00000000  x2:108fe740  PA:108fe750
            21112500           21097 1c001b08 00c12983 lw               x19, 12(x2)         x19=1c001776  x2:108fe740  PA:108fe74c
            21113500           21098 1c001b0a 00812a03 lw               x20, 8(x2)          x20=00000025  x2:108fe740  PA:108fe748
            21114500           21099 1c001b0c 02010113 addi             x2, x2, 32           x2=108fe760  x2:108fe740
            21115500           21100 1c001b0e 00008067 jalr             x0, x1, 0            x1:1c001d86
            21117500           21102 1c001d86 01800433 add              x8, x0, x24          x8=108fe7ec x24:108fe7ec
            21118500           21103 1c001d88 fadff06f jal              x0, -84            
            21120500           21105 1c001d34 00900633 add              x12, x0, x9         x12=1c002351  x9:1c002351
            21121500           21106 1c001d36 e69ff06f jal              x0, -408           
            21124500           21109 1c001b9e 00064583 lbu              x11, 0(x12)         x11=00000029 x12:1c002351  PA:1c002351
            21139500           21124 1c001ba2 00160493 addi             x9, x12, 1           x9=1c002352 x12:1c002351
            21140500           21125 1c001ba6 00059e63 bne              x11, x0, 28         x11:00000029
            21143500           21128 1c001bc2 01458563 beq              x11, x20, 10        x11:00000029 x20:00000025
            21144500           21129 1c001bc6 01200533 add              x10, x0, x18        x10=00000000 x18:00000000
            21145500           21130 1c001bc8 000980e7 jalr             x1, x19, 0           x1=1c001bca x19:1c001776
            21147500           21132 1c001776 00b00533 add              x10, x0, x11        x10=00000029 x11:00000029
            21148500           21133 1c001778 fddff06f jal              x0, -36            
            21150500           21135 1c001754 000026b7 lui              x13, 0x2000         x13=00002000
            21151500           21136 1c001756 f14027f3 csrrs            x15, x0, 0xf14      x15=00000041
            21152500           21137 1c00175a f8068693 addi             x13, x13, -128      x13=00001f80 x13:00002000
            21153500           21138 1c00175e 00379713 slli             x14, x15, 0x3       x14=00000208 x15:00000041
            21154500           21139 1c001762 00279793 slli             x15, x15, 0x2       x15=00000104 x15:00000041
            21155500           21140 1c001764 ee873733 p.bclr           x14, x14, 23, 8     x14=00000008 x14:00000208
            21156500           21141 1c001768 00d7f7b3 and              x15, x15, x13       x15=00000100 x15:00000104 x13:00001f80
            21157500           21142 1c00176a 00e787b3 add              x15, x15, x14       x15=00000108 x15:00000100 x14:00000008
            21158500           21143 1c00176c 1a104737 lui              x14, 0x1a104000     x14=1a104000
            21159500           21144 1c001770 00a767a3 p.sw             x10, x0(x14)        x10:00000029 x14:1a104000  PA:1a104108
            21163500           21148 1c001774 00008067 jalr             x0, x1, 0            x1:1c001bca
            21164500           21149 1c001bca 16a0006f jal              x0, 362            
            21166500           21151 1c001d34 00900633 add              x12, x0, x9         x12=1c002352  x9:1c002352
            21167500           21152 1c001d36 e69ff06f jal              x0, -408           
            21170500           21155 1c001b9e 00064583 lbu              x11, 0(x12)         x11=00000021 x12:1c002352  PA:1c002352
            21186500           21171 1c001ba2 00160493 addi             x9, x12, 1           x9=1c002353 x12:1c002352
            21187500           21172 1c001ba6 00059e63 bne              x11, x0, 28         x11:00000021
            21190500           21175 1c001bc2 01458563 beq              x11, x20, 10        x11:00000021 x20:00000025
            21191500           21176 1c001bc6 01200533 add              x10, x0, x18        x10=00000000 x18:00000000
            21192500           21177 1c001bc8 000980e7 jalr             x1, x19, 0           x1=1c001bca x19:1c001776
            21194500           21179 1c001776 00b00533 add              x10, x0, x11        x10=00000021 x11:00000021
            21195500           21180 1c001778 fddff06f jal              x0, -36            
            21197500           21182 1c001754 000026b7 lui              x13, 0x2000         x13=00002000
            21198500           21183 1c001756 f14027f3 csrrs            x15, x0, 0xf14      x15=00000041
            21199500           21184 1c00175a f8068693 addi             x13, x13, -128      x13=00001f80 x13:00002000
            21200500           21185 1c00175e 00379713 slli             x14, x15, 0x3       x14=00000208 x15:00000041
            21201500           21186 1c001762 00279793 slli             x15, x15, 0x2       x15=00000104 x15:00000041
            21202500           21187 1c001764 ee873733 p.bclr           x14, x14, 23, 8     x14=00000008 x14:00000208
            21203500           21188 1c001768 00d7f7b3 and              x15, x15, x13       x15=00000100 x15:00000104 x13:00001f80
            21204500           21189 1c00176a 00e787b3 add              x15, x15, x14       x15=00000108 x15:00000100 x14:00000008
            21205500           21190 1c00176c 1a104737 lui              x14, 0x1a104000     x14=1a104000
            21206500           21191 1c001770 00a767a3 p.sw             x10, x0(x14)        x10:00000021 x14:1a104000  PA:1a104108
            21210500           21195 1c001774 00008067 jalr             x0, x1, 0            x1:1c001bca
            21211500           21196 1c001bca 16a0006f jal              x0, 362            
            21213500           21198 1c001d34 00900633 add              x12, x0, x9         x12=1c002353  x9:1c002353
            21214500           21199 1c001d36 e69ff06f jal              x0, -408           
            21217500           21202 1c001b9e 00064583 lbu              x11, 0(x12)         x11=0000000a x12:1c002353  PA:1c002353
            21232500           21217 1c001ba2 00160493 addi             x9, x12, 1           x9=1c002354 x12:1c002353
            21233500           21218 1c001ba6 00059e63 bne              x11, x0, 28         x11:0000000a
            21236500           21221 1c001bc2 01458563 beq              x11, x20, 10        x11:0000000a x20:00000025
            21237500           21222 1c001bc6 01200533 add              x10, x0, x18        x10=00000000 x18:00000000
            21238500           21223 1c001bc8 000980e7 jalr             x1, x19, 0           x1=1c001bca x19:1c001776
            21240500           21225 1c001776 00b00533 add              x10, x0, x11        x10=0000000a x11:0000000a
            21241500           21226 1c001778 fddff06f jal              x0, -36            
            21243500           21228 1c001754 000026b7 lui              x13, 0x2000         x13=00002000
            21244500           21229 1c001756 f14027f3 csrrs            x15, x0, 0xf14      x15=00000041
            21245500           21230 1c00175a f8068693 addi             x13, x13, -128      x13=00001f80 x13:00002000
            21246500           21231 1c00175e 00379713 slli             x14, x15, 0x3       x14=00000208 x15:00000041
            21247500           21232 1c001762 00279793 slli             x15, x15, 0x2       x15=00000104 x15:00000041
            21248500           21233 1c001764 ee873733 p.bclr           x14, x14, 23, 8     x14=00000008 x14:00000208
            21249500           21234 1c001768 00d7f7b3 and              x15, x15, x13       x15=00000100 x15:00000104 x13:00001f80
            21250500           21235 1c00176a 00e787b3 add              x15, x15, x14       x15=00000108 x15:00000100 x14:00000008
            21251500           21236 1c00176c 1a104737 lui              x14, 0x1a104000     x14=1a104000
            21252500           21237 1c001770 00a767a3 p.sw             x10, x0(x14)        x10:0000000a x14:1a104000  PA:1a104108
            21256500           21241 1c001774 00008067 jalr             x0, x1, 0            x1:1c001bca
            21257500           21242 1c001bca 16a0006f jal              x0, 362            
            21259500           21244 1c001d34 00900633 add              x12, x0, x9         x12=1c002354  x9:1c002354
            21260500           21245 1c001d36 e69ff06f jal              x0, -408           
            21263500           21248 1c001b9e 00064583 lbu              x11, 0(x12)         x11=00000000 x12:1c002354  PA:1c002354
            21278500           21263 1c001ba2 00160493 addi             x9, x12, 1           x9=1c002355 x12:1c002354
            21279500           21264 1c001ba6 00059e63 bne              x11, x0, 28         x11:00000000
            21280500           21265 1c001ba8 05c12083 lw               x1, 92(x2)           x1=1c001834  x2:108fe760  PA:108fe7bc
            21281500           21266 1c001baa 05812403 lw               x8, 88(x2)           x8=00000000  x2:108fe760  PA:108fe7b8
            21282500           21267 1c001bac 05412483 lw               x9, 84(x2)           x9=00000000  x2:108fe760  PA:108fe7b4
            21283500           21268 1c001bae 05012903 lw               x18, 80(x2)         x18=1b204000  x2:108fe760  PA:108fe7b0
            21302500           21287 1c001bb0 04c12983 lw               x19, 76(x2)         x19=00000001  x2:108fe760  PA:108fe7ac
            21305500           21290 1c001bb2 04812a03 lw               x20, 72(x2)         x20=1c00220c  x2:108fe760  PA:108fe7a8
            21306500           21291 1c001bb4 04412a83 lw               x21, 68(x2)         x21=1c002210  x2:108fe760  PA:108fe7a4
            21307500           21292 1c001bb6 04012b03 lw               x22, 64(x2)         x22=00000000  x2:108fe760  PA:108fe7a0
            21308500           21293 1c001bb8 03c12b83 lw               x23, 60(x2)         x23=00000000  x2:108fe760  PA:108fe79c
            21309500           21294 1c001bba 03812c03 lw               x24, 56(x2)         x24=00000000  x2:108fe760  PA:108fe798
            21310500           21295 1c001bbc 03412c83 lw               x25, 52(x2)         x25=00000000  x2:108fe760  PA:108fe794
            21311500           21296 1c001bbe 06010113 addi             x2, x2, 96           x2=108fe7c0  x2:108fe760
            21312500           21297 1c001bc0 00008067 jalr             x0, x1, 0            x1:1c001834
            21314500           21299 1c001834 01c12083 lw               x1, 28(x2)           x1=1c00220c  x2:108fe7c0  PA:108fe7dc
            21316500           21301 1c001836 00000513 addi             x10, x0, 0          x10=00000000
            21317500           21302 1c001838 04010113 addi             x2, x2, 64           x2=108fe800  x2:108fe7c0
            21318500           21303 1c00183a 00008067 jalr             x0, x1, 0            x1:1c00220c
            21320500           21305 1c00220c 21c96283 p.elw            x5, 540(x18)         x5=00000000 x18:1b204000  PA:1b20421c
