                Time          Cycles PC       Instr    Mnemonic
            12603500           12588 1c000080 0180006f jal              x0, 24             
            12621500           12606 1c000098 f1402573 csrrs            x10, x0, 0xf14      x10=00000022
            12622500           12607 1c00009c 01f57593 andi             x11, x10, 31        x11=00000002 x10:00000022
            12639500           12624 1c0000a0 00555513 srli             x10, x10, 0x5       x10=00000001 x10:00000022
            12640500           12625 1c0000a2 00058463 beq              x11, x0, 8          x11:00000002
            12641500           12626 1c0000a6 05a0206f jal              x0, 8282           
            12659500           12644 1c002100 000702b7 lui              x5, 0x70000          x5=00070000
            12660500           12645 1c002104 1b204337 lui              x6, 0x1b204000       x6=1b204000
            12661500           12646 1c002108 00532023 sw               x5, 0(x6)            x5:00070000  x6:1b204000  PA:1b204000
            12662500           12647 1c00210c 0e059163 bne              x11, x0, 226        x11:00000002
            12714500           12699 1c0021ee 1b204937 lui              x18, 0x1b204000     x18=1b204000
            12715500           12700 1c0021f2 f14029f3 csrrs            x19, x0, 0xf14      x19=00000022
            12716500           12701 1c0021f6 01f9f993 andi             x19, x19, 31        x19=00000002 x19:00000022
            12717500           12702 1c0021fa 00000a17 auipc            x20, 0x0            x20=1c0021fa
            12734500           12719 1c0021fe 012a0a13 addi             x20, x20, 18        x20=1c00220c x20:1c0021fa
            12735500           12720 1c002202 00000a97 auipc            x21, 0x0            x21=1c002202
            12736500           12721 1c002206 00ea8a93 addi             x21, x21, 14        x21=1c002210 x21:1c002202
            12737500           12722 1c00220a 0060006f jal              x0, 6              
            12757500           12742 1c002210 08096283 p.elw            x5, 128(x18)         x5=1c00222d x18:1b204000  PA:1b204080
            17807500           17792 1c002214 08096503 p.elw            x10, 128(x18)       x10=00000400 x18:1b204000  PA:1b204080
            17825500           17810 1c002218 0012f313 andi             x6, x5, 1            x6=00000001  x5:1c00222d
            17826500           17811 1c00221c 00031563 bne              x6, x0, 10           x6:00000001
            17844500           17829 1c002226 000a80b3 add              x1, x21, x0          x1=1c002210 x21:1c002210
            17845500           17830 1c00222a 00028067 jalr             x0, x5, 0            x5:1c00222d
            17847500           17832 1c00222c 08096283 p.elw            x5, 128(x18)         x5=104fe400 x18:1b204000  PA:1b204080
            17871500           17856 1c002230 02a98533 mul              x10, x19, x10       x10=00000800 x19:00000002 x10:00000400
            17872500           17857 1c002234 00550133 add              x2, x10, x5          x2=104fec00 x10:00000800  x5:104fe400
            17873500           17858 1c002238 00008067 jalr             x0, x1, 0            x1:1c002210
            17875500           17860 1c002210 08096283 p.elw            x5, 128(x18)         x5=1c0009bc x18:1b204000  PA:1b204080
            17911500           17896 1c002214 08096503 p.elw            x10, 128(x18)       x10=00000000 x18:1b204000  PA:1b204080
            17919500           17904 1c002218 0012f313 andi             x6, x5, 1            x6=00000000  x5:1c0009bc
            17920500           17905 1c00221c 00031563 bne              x6, x0, 10           x6:00000000
            17921500           17906 1c002220 000a00b3 add              x1, x20, x0          x1=1c00220c x20:1c00220c
            17922500           17907 1c002224 00028067 jalr             x0, x5, 0            x5:1c0009bc
            17940500           17925 1c0009bc f1402673 csrrs            x12, x0, 0xf14      x12=00000022
            17957500           17942 1c0009c0 1c002537 lui              x10, 0x1c002000     x10=1c002000
            17958500           17943 1c0009c4 40565593 srai             x11, x12, 0x405     x11=00000001 x12:00000022
            17959500           17944 1c0009c8 f265b5b3 p.bclr           x11, x11, 25, 6     x11=00000001 x11:00000001
            17960500           17945 1c0009cc f4563633 p.bclr           x12, x12, 26, 5     x12=00000002 x12:00000022
            17961500           17946 1c0009d0 33c50513 addi             x10, x10, 828       x10=1c00233c x10:1c002000
            17962500           17947 1c0009d4 63d0006f jal              x0, 3644           
            17980500           17965 1c001810 fc010113 addi             x2, x2, -64          x2=104febc0  x2:104fec00
            17981500           17966 1c001812 02b12223 sw               x11, 36(x2)         x11:00000001  x2:104febc0  PA:104febe4
            17986500           17971 1c001814 1c0015b7 lui              x11, 0x1c001000     x11=1c001000
            17987500           17972 1c001818 02c12423 sw               x12, 40(x2)         x12:00000002  x2:104febc0  PA:104febe8
            17988500           17973 1c00181a 02d12623 sw               x13, 44(x2)         x13:00000000  x2:104febc0  PA:104febec
            17989500           17974 1c00181c 00a00633 add              x12, x0, x10        x12=1c00233c x10:1c00233c
            17990500           17975 1c00181e 02410693 addi             x13, x2, 36         x13=104febe4  x2:104febc0
            18002500           17987 1c001820 00000513 addi             x10, x0, 0          x10=00000000
            18003500           17988 1c001822 77658593 addi             x11, x11, 1910      x11=1c001776 x11:1c001000
            18004500           17989 1c001826 00112e23 sw               x1, 28(x2)           x1:1c00220c  x2:104febc0  PA:104febdc
            18009500           17994 1c001828 02e12823 sw               x14, 48(x2)         x14:00000000  x2:104febc0  PA:104febf0
            18010500           17995 1c00182a 02f12a23 sw               x15, 52(x2)         x15:00000000  x2:104febc0  PA:104febf4
            18011500           17996 1c00182c 03012c23 sw               x16, 56(x2)         x16:00000000  x2:104febc0  PA:104febf8
            18012500           17997 1c00182e 03112e23 sw               x17, 60(x2)         x17:00000000  x2:104febc0  PA:104febfc
            18024500           18009 1c001830 00d12623 sw               x13, 12(x2)         x13:104febe4  x2:104febc0  PA:104febcc
            18028500           18013 1c001832 33e000ef jal              x1, 830              x1=1c001834
            18043500           18028 1c001b70 fa010113 addi             x2, x2, -96          x2=104feb60  x2:104febc0
            18044500           18029 1c001b72 01810793 addi             x15, x2, 24         x15=104feb78  x2:104feb60
            18045500           18030 1c001b74 04812c23 sw               x8, 88(x2)           x8:00000000  x2:104feb60  PA:104febb8
            18046500           18031 1c001b76 05212823 sw               x18, 80(x2)         x18:1b204000  x2:104feb60  PA:104febb0
            18047500           18032 1c001b78 05312623 sw               x19, 76(x2)         x19:00000002  x2:104feb60  PA:104febac
            18048500           18033 1c001b7a 05412423 sw               x20, 72(x2)         x20:1c00220c  x2:104feb60  PA:104feba8
            18049500           18034 1c001b7c 05512223 sw               x21, 68(x2)         x21:1c002210  x2:104feb60  PA:104feba4
            18050500           18035 1c001b7e 05612023 sw               x22, 64(x2)         x22:00000000  x2:104feb60  PA:104feba0
            18066500           18051 1c001b80 03712e23 sw               x23, 60(x2)         x23:00000000  x2:104feb60  PA:104feb9c
            18071500           18056 1c001b82 04112e23 sw               x1, 92(x2)           x1:1c001834  x2:104feb60  PA:104febbc
            18072500           18057 1c001b84 04912a23 sw               x9, 84(x2)           x9:00000000  x2:104feb60  PA:104febb4
            18073500           18058 1c001b86 03812c23 sw               x24, 56(x2)         x24:00000000  x2:104feb60  PA:104feb98
            18074500           18059 1c001b88 03912a23 sw               x25, 52(x2)         x25:00000000  x2:104feb60  PA:104feb94
            18075500           18060 1c001b8a 00a00933 add              x18, x0, x10        x18=00000000 x10:00000000
            18076500           18061 1c001b8c 00b009b3 add              x19, x0, x11        x19=1c001776 x11:1c001776
            18077500           18062 1c001b8e 00d00433 add              x8, x0, x13          x8=104febe4 x13:104febe4
            18089500           18074 1c001b90 00f12a23 sw               x15, 20(x2)         x15:104feb78  x2:104feb60  PA:104feb74
            18091500           18076 1c001b92 02500a13 addi             x20, x0, 37         x20=00000025
            18092500           18077 1c001b96 02d00b93 addi             x23, x0, 45         x23=0000002d
            18093500           18078 1c001b9a 00100a93 addi             x21, x0, 1          x21=00000001
            18094500           18079 1c001b9c 00500b13 addi             x22, x0, 5          x22=00000005
            18110500           18095 1c001b9e 00064583 lbu              x11, 0(x12)         x11=00000048 x12:1c00233c  PA:1c00233c
            18127500           18112 1c001ba2 00160493 addi             x9, x12, 1           x9=1c00233d x12:1c00233c
            18128500           18113 1c001ba6 00059e63 bne              x11, x0, 28         x11:00000048
            18145500           18130 1c001bc2 01458563 beq              x11, x20, 10        x11:00000048 x20:00000025
            18146500           18131 1c001bc6 01200533 add              x10, x0, x18        x10=00000000 x18:00000000
            18147500           18132 1c001bc8 000980e7 jalr             x1, x19, 0           x1=1c001bca x19:1c001776
            18165500           18150 1c001776 00b00533 add              x10, x0, x11        x10=00000048 x11:00000048
            18166500           18151 1c001778 fddff06f jal              x0, -36            
            18184500           18169 1c001754 000026b7 lui              x13, 0x2000         x13=00002000
            18185500           18170 1c001756 f14027f3 csrrs            x15, x0, 0xf14      x15=00000022
            18186500           18171 1c00175a f8068693 addi             x13, x13, -128      x13=00001f80 x13:00002000
            18203500           18188 1c00175e 00379713 slli             x14, x15, 0x3       x14=00000110 x15:00000022
            18204500           18189 1c001762 00279793 slli             x15, x15, 0x2       x15=00000088 x15:00000022
            18205500           18190 1c001764 ee873733 p.bclr           x14, x14, 23, 8     x14=00000010 x14:00000110
            18206500           18191 1c001768 00d7f7b3 and              x15, x15, x13       x15=00000080 x15:00000088 x13:00001f80
            18207500           18192 1c00176a 00e787b3 add              x15, x15, x14       x15=00000090 x15:00000080 x14:00000010
            18208500           18193 1c00176c 1a104737 lui              x14, 0x1a104000     x14=1a104000
            18209500           18194 1c001770 00a767a3 p.sw             x10, x0(x14)        x10:00000048 x14:1a104000  PA:1a104090
            18213500           18198 1c001774 00008067 jalr             x0, x1, 0            x1:1c001bca
            18214500           18199 1c001bca 16a0006f jal              x0, 362            
            18232500           18217 1c001d34 00900633 add              x12, x0, x9         x12=1c00233d  x9:1c00233d
            18233500           18218 1c001d36 e69ff06f jal              x0, -408           
            18236500           18221 1c001b9e 00064583 lbu              x11, 0(x12)         x11=00000065 x12:1c00233d  PA:1c00233d
            18253500           18238 1c001ba2 00160493 addi             x9, x12, 1           x9=1c00233e x12:1c00233d
            18254500           18239 1c001ba6 00059e63 bne              x11, x0, 28         x11:00000065
            18257500           18242 1c001bc2 01458563 beq              x11, x20, 10        x11:00000065 x20:00000025
            18258500           18243 1c001bc6 01200533 add              x10, x0, x18        x10=00000000 x18:00000000
            18259500           18244 1c001bc8 000980e7 jalr             x1, x19, 0           x1=1c001bca x19:1c001776
            18261500           18246 1c001776 00b00533 add              x10, x0, x11        x10=00000065 x11:00000065
            18262500           18247 1c001778 fddff06f jal              x0, -36            
            18264500           18249 1c001754 000026b7 lui              x13, 0x2000         x13=00002000
            18265500           18250 1c001756 f14027f3 csrrs            x15, x0, 0xf14      x15=00000022
            18266500           18251 1c00175a f8068693 addi             x13, x13, -128      x13=00001f80 x13:00002000
            18267500           18252 1c00175e 00379713 slli             x14, x15, 0x3       x14=00000110 x15:00000022
            18268500           18253 1c001762 00279793 slli             x15, x15, 0x2       x15=00000088 x15:00000022
            18269500           18254 1c001764 ee873733 p.bclr           x14, x14, 23, 8     x14=00000010 x14:00000110
            18270500           18255 1c001768 00d7f7b3 and              x15, x15, x13       x15=00000080 x15:00000088 x13:00001f80
            18271500           18256 1c00176a 00e787b3 add              x15, x15, x14       x15=00000090 x15:00000080 x14:00000010
            18272500           18257 1c00176c 1a104737 lui              x14, 0x1a104000     x14=1a104000
            18273500           18258 1c001770 00a767a3 p.sw             x10, x0(x14)        x10:00000065 x14:1a104000  PA:1a104090
            18277500           18262 1c001774 00008067 jalr             x0, x1, 0            x1:1c001bca
            18278500           18263 1c001bca 16a0006f jal              x0, 362            
            18280500           18265 1c001d34 00900633 add              x12, x0, x9         x12=1c00233e  x9:1c00233e
            18281500           18266 1c001d36 e69ff06f jal              x0, -408           
            18284500           18269 1c001b9e 00064583 lbu              x11, 0(x12)         x11=00000079 x12:1c00233e  PA:1c00233e
            18299500           18284 1c001ba2 00160493 addi             x9, x12, 1           x9=1c00233f x12:1c00233e
            18300500           18285 1c001ba6 00059e63 bne              x11, x0, 28         x11:00000079
            18303500           18288 1c001bc2 01458563 beq              x11, x20, 10        x11:00000079 x20:00000025
            18304500           18289 1c001bc6 01200533 add              x10, x0, x18        x10=00000000 x18:00000000
            18305500           18290 1c001bc8 000980e7 jalr             x1, x19, 0           x1=1c001bca x19:1c001776
            18307500           18292 1c001776 00b00533 add              x10, x0, x11        x10=00000079 x11:00000079
            18308500           18293 1c001778 fddff06f jal              x0, -36            
            18310500           18295 1c001754 000026b7 lui              x13, 0x2000         x13=00002000
            18311500           18296 1c001756 f14027f3 csrrs            x15, x0, 0xf14      x15=00000022
            18312500           18297 1c00175a f8068693 addi             x13, x13, -128      x13=00001f80 x13:00002000
            18313500           18298 1c00175e 00379713 slli             x14, x15, 0x3       x14=00000110 x15:00000022
            18314500           18299 1c001762 00279793 slli             x15, x15, 0x2       x15=00000088 x15:00000022
            18315500           18300 1c001764 ee873733 p.bclr           x14, x14, 23, 8     x14=00000010 x14:00000110
            18316500           18301 1c001768 00d7f7b3 and              x15, x15, x13       x15=00000080 x15:00000088 x13:00001f80
            18317500           18302 1c00176a 00e787b3 add              x15, x15, x14       x15=00000090 x15:00000080 x14:00000010
            18318500           18303 1c00176c 1a104737 lui              x14, 0x1a104000     x14=1a104000
            18319500           18304 1c001770 00a767a3 p.sw             x10, x0(x14)        x10:00000079 x14:1a104000  PA:1a104090
            18323500           18308 1c001774 00008067 jalr             x0, x1, 0            x1:1c001bca
            18324500           18309 1c001bca 16a0006f jal              x0, 362            
            18326500           18311 1c001d34 00900633 add              x12, x0, x9         x12=1c00233f  x9:1c00233f
            18327500           18312 1c001d36 e69ff06f jal              x0, -408           
            18330500           18315 1c001b9e 00064583 lbu              x11, 0(x12)         x11=0000002c x12:1c00233f  PA:1c00233f
            18345500           18330 1c001ba2 00160493 addi             x9, x12, 1           x9=1c002340 x12:1c00233f
            18346500           18331 1c001ba6 00059e63 bne              x11, x0, 28         x11:0000002c
            18349500           18334 1c001bc2 01458563 beq              x11, x20, 10        x11:0000002c x20:00000025
            18350500           18335 1c001bc6 01200533 add              x10, x0, x18        x10=00000000 x18:00000000
            18351500           18336 1c001bc8 000980e7 jalr             x1, x19, 0           x1=1c001bca x19:1c001776
            18353500           18338 1c001776 00b00533 add              x10, x0, x11        x10=0000002c x11:0000002c
            18354500           18339 1c001778 fddff06f jal              x0, -36            
            18356500           18341 1c001754 000026b7 lui              x13, 0x2000         x13=00002000
            18357500           18342 1c001756 f14027f3 csrrs            x15, x0, 0xf14      x15=00000022
            18358500           18343 1c00175a f8068693 addi             x13, x13, -128      x13=00001f80 x13:00002000
            18359500           18344 1c00175e 00379713 slli             x14, x15, 0x3       x14=00000110 x15:00000022
            18360500           18345 1c001762 00279793 slli             x15, x15, 0x2       x15=00000088 x15:00000022
            18361500           18346 1c001764 ee873733 p.bclr           x14, x14, 23, 8     x14=00000010 x14:00000110
            18362500           18347 1c001768 00d7f7b3 and              x15, x15, x13       x15=00000080 x15:00000088 x13:00001f80
            18363500           18348 1c00176a 00e787b3 add              x15, x15, x14       x15=00000090 x15:00000080 x14:00000010
            18364500           18349 1c00176c 1a104737 lui              x14, 0x1a104000     x14=1a104000
            18365500           18350 1c001770 00a767a3 p.sw             x10, x0(x14)        x10:0000002c x14:1a104000  PA:1a104090
            18369500           18354 1c001774 00008067 jalr             x0, x1, 0            x1:1c001bca
            18370500           18355 1c001bca 16a0006f jal              x0, 362            
            18372500           18357 1c001d34 00900633 add              x12, x0, x9         x12=1c002340  x9:1c002340
            18373500           18358 1c001d36 e69ff06f jal              x0, -408           
            18376500           18361 1c001b9e 00064583 lbu              x11, 0(x12)         x11=00000020 x12:1c002340  PA:1c002340
            18390500           18375 1c001ba2 00160493 addi             x9, x12, 1           x9=1c002341 x12:1c002340
            18391500           18376 1c001ba6 00059e63 bne              x11, x0, 28         x11:00000020
            18394500           18379 1c001bc2 01458563 beq              x11, x20, 10        x11:00000020 x20:00000025
            18395500           18380 1c001bc6 01200533 add              x10, x0, x18        x10=00000000 x18:00000000
            18396500           18381 1c001bc8 000980e7 jalr             x1, x19, 0           x1=1c001bca x19:1c001776
            18398500           18383 1c001776 00b00533 add              x10, x0, x11        x10=00000020 x11:00000020
            18399500           18384 1c001778 fddff06f jal              x0, -36            
            18401500           18386 1c001754 000026b7 lui              x13, 0x2000         x13=00002000
            18402500           18387 1c001756 f14027f3 csrrs            x15, x0, 0xf14      x15=00000022
            18403500           18388 1c00175a f8068693 addi             x13, x13, -128      x13=00001f80 x13:00002000
            18404500           18389 1c00175e 00379713 slli             x14, x15, 0x3       x14=00000110 x15:00000022
            18405500           18390 1c001762 00279793 slli             x15, x15, 0x2       x15=00000088 x15:00000022
            18406500           18391 1c001764 ee873733 p.bclr           x14, x14, 23, 8     x14=00000010 x14:00000110
            18407500           18392 1c001768 00d7f7b3 and              x15, x15, x13       x15=00000080 x15:00000088 x13:00001f80
            18408500           18393 1c00176a 00e787b3 add              x15, x15, x14       x15=00000090 x15:00000080 x14:00000010
            18409500           18394 1c00176c 1a104737 lui              x14, 0x1a104000     x14=1a104000
            18410500           18395 1c001770 00a767a3 p.sw             x10, x0(x14)        x10:00000020 x14:1a104000  PA:1a104090
            18414500           18399 1c001774 00008067 jalr             x0, x1, 0            x1:1c001bca
            18415500           18400 1c001bca 16a0006f jal              x0, 362            
            18417500           18402 1c001d34 00900633 add              x12, x0, x9         x12=1c002341  x9:1c002341
            18418500           18403 1c001d36 e69ff06f jal              x0, -408           
            18421500           18406 1c001b9e 00064583 lbu              x11, 0(x12)         x11=00000049 x12:1c002341  PA:1c002341
            18439500           18424 1c001ba2 00160493 addi             x9, x12, 1           x9=1c002342 x12:1c002341
            18440500           18425 1c001ba6 00059e63 bne              x11, x0, 28         x11:00000049
            18443500           18428 1c001bc2 01458563 beq              x11, x20, 10        x11:00000049 x20:00000025
            18444500           18429 1c001bc6 01200533 add              x10, x0, x18        x10=00000000 x18:00000000
            18445500           18430 1c001bc8 000980e7 jalr             x1, x19, 0           x1=1c001bca x19:1c001776
            18447500           18432 1c001776 00b00533 add              x10, x0, x11        x10=00000049 x11:00000049
            18448500           18433 1c001778 fddff06f jal              x0, -36            
            18450500           18435 1c001754 000026b7 lui              x13, 0x2000         x13=00002000
            18451500           18436 1c001756 f14027f3 csrrs            x15, x0, 0xf14      x15=00000022
            18452500           18437 1c00175a f8068693 addi             x13, x13, -128      x13=00001f80 x13:00002000
            18453500           18438 1c00175e 00379713 slli             x14, x15, 0x3       x14=00000110 x15:00000022
            18454500           18439 1c001762 00279793 slli             x15, x15, 0x2       x15=00000088 x15:00000022
            18455500           18440 1c001764 ee873733 p.bclr           x14, x14, 23, 8     x14=00000010 x14:00000110
            18456500           18441 1c001768 00d7f7b3 and              x15, x15, x13       x15=00000080 x15:00000088 x13:00001f80
            18457500           18442 1c00176a 00e787b3 add              x15, x15, x14       x15=00000090 x15:00000080 x14:00000010
            18458500           18443 1c00176c 1a104737 lui              x14, 0x1a104000     x14=1a104000
            18459500           18444 1c001770 00a767a3 p.sw             x10, x0(x14)        x10:00000049 x14:1a104000  PA:1a104090
            18463500           18448 1c001774 00008067 jalr             x0, x1, 0            x1:1c001bca
            18464500           18449 1c001bca 16a0006f jal              x0, 362            
            18466500           18451 1c001d34 00900633 add              x12, x0, x9         x12=1c002342  x9:1c002342
            18467500           18452 1c001d36 e69ff06f jal              x0, -408           
            18470500           18455 1c001b9e 00064583 lbu              x11, 0(x12)         x11=00000027 x12:1c002342  PA:1c002342
            18484500           18469 1c001ba2 00160493 addi             x9, x12, 1           x9=1c002343 x12:1c002342
            18485500           18470 1c001ba6 00059e63 bne              x11, x0, 28         x11:00000027
            18488500           18473 1c001bc2 01458563 beq              x11, x20, 10        x11:00000027 x20:00000025
            18489500           18474 1c001bc6 01200533 add              x10, x0, x18        x10=00000000 x18:00000000
            18490500           18475 1c001bc8 000980e7 jalr             x1, x19, 0           x1=1c001bca x19:1c001776
            18492500           18477 1c001776 00b00533 add              x10, x0, x11        x10=00000027 x11:00000027
            18493500           18478 1c001778 fddff06f jal              x0, -36            
            18495500           18480 1c001754 000026b7 lui              x13, 0x2000         x13=00002000
            18496500           18481 1c001756 f14027f3 csrrs            x15, x0, 0xf14      x15=00000022
            18497500           18482 1c00175a f8068693 addi             x13, x13, -128      x13=00001f80 x13:00002000
            18498500           18483 1c00175e 00379713 slli             x14, x15, 0x3       x14=00000110 x15:00000022
            18499500           18484 1c001762 00279793 slli             x15, x15, 0x2       x15=00000088 x15:00000022
            18500500           18485 1c001764 ee873733 p.bclr           x14, x14, 23, 8     x14=00000010 x14:00000110
            18501500           18486 1c001768 00d7f7b3 and              x15, x15, x13       x15=00000080 x15:00000088 x13:00001f80
            18502500           18487 1c00176a 00e787b3 add              x15, x15, x14       x15=00000090 x15:00000080 x14:00000010
            18503500           18488 1c00176c 1a104737 lui              x14, 0x1a104000     x14=1a104000
            18504500           18489 1c001770 00a767a3 p.sw             x10, x0(x14)        x10:00000027 x14:1a104000  PA:1a104090
            18508500           18493 1c001774 00008067 jalr             x0, x1, 0            x1:1c001bca
            18509500           18494 1c001bca 16a0006f jal              x0, 362            
            18511500           18496 1c001d34 00900633 add              x12, x0, x9         x12=1c002343  x9:1c002343
            18512500           18497 1c001d36 e69ff06f jal              x0, -408           
            18515500           18500 1c001b9e 00064583 lbu              x11, 0(x12)         x11=0000006d x12:1c002343  PA:1c002343
            18529500           18514 1c001ba2 00160493 addi             x9, x12, 1           x9=1c002344 x12:1c002343
            18530500           18515 1c001ba6 00059e63 bne              x11, x0, 28         x11:0000006d
            18533500           18518 1c001bc2 01458563 beq              x11, x20, 10        x11:0000006d x20:00000025
            18534500           18519 1c001bc6 01200533 add              x10, x0, x18        x10=00000000 x18:00000000
            18535500           18520 1c001bc8 000980e7 jalr             x1, x19, 0           x1=1c001bca x19:1c001776
            18537500           18522 1c001776 00b00533 add              x10, x0, x11        x10=0000006d x11:0000006d
            18538500           18523 1c001778 fddff06f jal              x0, -36            
            18540500           18525 1c001754 000026b7 lui              x13, 0x2000         x13=00002000
            18541500           18526 1c001756 f14027f3 csrrs            x15, x0, 0xf14      x15=00000022
            18542500           18527 1c00175a f8068693 addi             x13, x13, -128      x13=00001f80 x13:00002000
            18543500           18528 1c00175e 00379713 slli             x14, x15, 0x3       x14=00000110 x15:00000022
            18544500           18529 1c001762 00279793 slli             x15, x15, 0x2       x15=00000088 x15:00000022
            18545500           18530 1c001764 ee873733 p.bclr           x14, x14, 23, 8     x14=00000010 x14:00000110
            18546500           18531 1c001768 00d7f7b3 and              x15, x15, x13       x15=00000080 x15:00000088 x13:00001f80
            18547500           18532 1c00176a 00e787b3 add              x15, x15, x14       x15=00000090 x15:00000080 x14:00000010
            18548500           18533 1c00176c 1a104737 lui              x14, 0x1a104000     x14=1a104000
            18549500           18534 1c001770 00a767a3 p.sw             x10, x0(x14)        x10:0000006d x14:1a104000  PA:1a104090
            18553500           18538 1c001774 00008067 jalr             x0, x1, 0            x1:1c001bca
            18554500           18539 1c001bca 16a0006f jal              x0, 362            
            18556500           18541 1c001d34 00900633 add              x12, x0, x9         x12=1c002344  x9:1c002344
            18557500           18542 1c001d36 e69ff06f jal              x0, -408           
            18560500           18545 1c001b9e 00064583 lbu              x11, 0(x12)         x11=00000020 x12:1c002344  PA:1c002344
            18575500           18560 1c001ba2 00160493 addi             x9, x12, 1           x9=1c002345 x12:1c002344
            18576500           18561 1c001ba6 00059e63 bne              x11, x0, 28         x11:00000020
            18579500           18564 1c001bc2 01458563 beq              x11, x20, 10        x11:00000020 x20:00000025
            18580500           18565 1c001bc6 01200533 add              x10, x0, x18        x10=00000000 x18:00000000
            18581500           18566 1c001bc8 000980e7 jalr             x1, x19, 0           x1=1c001bca x19:1c001776
            18583500           18568 1c001776 00b00533 add              x10, x0, x11        x10=00000020 x11:00000020
            18584500           18569 1c001778 fddff06f jal              x0, -36            
            18586500           18571 1c001754 000026b7 lui              x13, 0x2000         x13=00002000
            18587500           18572 1c001756 f14027f3 csrrs            x15, x0, 0xf14      x15=00000022
            18588500           18573 1c00175a f8068693 addi             x13, x13, -128      x13=00001f80 x13:00002000
            18589500           18574 1c00175e 00379713 slli             x14, x15, 0x3       x14=00000110 x15:00000022
            18590500           18575 1c001762 00279793 slli             x15, x15, 0x2       x15=00000088 x15:00000022
            18591500           18576 1c001764 ee873733 p.bclr           x14, x14, 23, 8     x14=00000010 x14:00000110
            18592500           18577 1c001768 00d7f7b3 and              x15, x15, x13       x15=00000080 x15:00000088 x13:00001f80
            18593500           18578 1c00176a 00e787b3 add              x15, x15, x14       x15=00000090 x15:00000080 x14:00000010
            18594500           18579 1c00176c 1a104737 lui              x14, 0x1a104000     x14=1a104000
            18595500           18580 1c001770 00a767a3 p.sw             x10, x0(x14)        x10:00000020 x14:1a104000  PA:1a104090
            18599500           18584 1c001774 00008067 jalr             x0, x1, 0            x1:1c001bca
            18600500           18585 1c001bca 16a0006f jal              x0, 362            
            18602500           18587 1c001d34 00900633 add              x12, x0, x9         x12=1c002345  x9:1c002345
            18603500           18588 1c001d36 e69ff06f jal              x0, -408           
            18606500           18591 1c001b9e 00064583 lbu              x11, 0(x12)         x11=00000063 x12:1c002345  PA:1c002345
            18620500           18605 1c001ba2 00160493 addi             x9, x12, 1           x9=1c002346 x12:1c002345
            18621500           18606 1c001ba6 00059e63 bne              x11, x0, 28         x11:00000063
            18624500           18609 1c001bc2 01458563 beq              x11, x20, 10        x11:00000063 x20:00000025
            18625500           18610 1c001bc6 01200533 add              x10, x0, x18        x10=00000000 x18:00000000
            18626500           18611 1c001bc8 000980e7 jalr             x1, x19, 0           x1=1c001bca x19:1c001776
            18628500           18613 1c001776 00b00533 add              x10, x0, x11        x10=00000063 x11:00000063
            18629500           18614 1c001778 fddff06f jal              x0, -36            
            18631500           18616 1c001754 000026b7 lui              x13, 0x2000         x13=00002000
            18632500           18617 1c001756 f14027f3 csrrs            x15, x0, 0xf14      x15=00000022
            18633500           18618 1c00175a f8068693 addi             x13, x13, -128      x13=00001f80 x13:00002000
            18634500           18619 1c00175e 00379713 slli             x14, x15, 0x3       x14=00000110 x15:00000022
            18635500           18620 1c001762 00279793 slli             x15, x15, 0x2       x15=00000088 x15:00000022
            18636500           18621 1c001764 ee873733 p.bclr           x14, x14, 23, 8     x14=00000010 x14:00000110
            18637500           18622 1c001768 00d7f7b3 and              x15, x15, x13       x15=00000080 x15:00000088 x13:00001f80
            18638500           18623 1c00176a 00e787b3 add              x15, x15, x14       x15=00000090 x15:00000080 x14:00000010
            18639500           18624 1c00176c 1a104737 lui              x14, 0x1a104000     x14=1a104000
            18640500           18625 1c001770 00a767a3 p.sw             x10, x0(x14)        x10:00000063 x14:1a104000  PA:1a104090
            18644500           18629 1c001774 00008067 jalr             x0, x1, 0            x1:1c001bca
            18645500           18630 1c001bca 16a0006f jal              x0, 362            
            18647500           18632 1c001d34 00900633 add              x12, x0, x9         x12=1c002346  x9:1c002346
            18648500           18633 1c001d36 e69ff06f jal              x0, -408           
            18651500           18636 1c001b9e 00064583 lbu              x11, 0(x12)         x11=0000006f x12:1c002346  PA:1c002346
            18669500           18654 1c001ba2 00160493 addi             x9, x12, 1           x9=1c002347 x12:1c002346
            18670500           18655 1c001ba6 00059e63 bne              x11, x0, 28         x11:0000006f
            18673500           18658 1c001bc2 01458563 beq              x11, x20, 10        x11:0000006f x20:00000025
            18674500           18659 1c001bc6 01200533 add              x10, x0, x18        x10=00000000 x18:00000000
            18675500           18660 1c001bc8 000980e7 jalr             x1, x19, 0           x1=1c001bca x19:1c001776
            18677500           18662 1c001776 00b00533 add              x10, x0, x11        x10=0000006f x11:0000006f
            18678500           18663 1c001778 fddff06f jal              x0, -36            
            18680500           18665 1c001754 000026b7 lui              x13, 0x2000         x13=00002000
            18681500           18666 1c001756 f14027f3 csrrs            x15, x0, 0xf14      x15=00000022
            18682500           18667 1c00175a f8068693 addi             x13, x13, -128      x13=00001f80 x13:00002000
            18683500           18668 1c00175e 00379713 slli             x14, x15, 0x3       x14=00000110 x15:00000022
            18684500           18669 1c001762 00279793 slli             x15, x15, 0x2       x15=00000088 x15:00000022
            18685500           18670 1c001764 ee873733 p.bclr           x14, x14, 23, 8     x14=00000010 x14:00000110
            18686500           18671 1c001768 00d7f7b3 and              x15, x15, x13       x15=00000080 x15:00000088 x13:00001f80
            18687500           18672 1c00176a 00e787b3 add              x15, x15, x14       x15=00000090 x15:00000080 x14:00000010
            18688500           18673 1c00176c 1a104737 lui              x14, 0x1a104000     x14=1a104000
            18689500           18674 1c001770 00a767a3 p.sw             x10, x0(x14)        x10:0000006f x14:1a104000  PA:1a104090
            18693500           18678 1c001774 00008067 jalr             x0, x1, 0            x1:1c001bca
            18694500           18679 1c001bca 16a0006f jal              x0, 362            
            18696500           18681 1c001d34 00900633 add              x12, x0, x9         x12=1c002347  x9:1c002347
            18697500           18682 1c001d36 e69ff06f jal              x0, -408           
            18700500           18685 1c001b9e 00064583 lbu              x11, 0(x12)         x11=00000072 x12:1c002347  PA:1c002347
            18716500           18701 1c001ba2 00160493 addi             x9, x12, 1           x9=1c002348 x12:1c002347
            18717500           18702 1c001ba6 00059e63 bne              x11, x0, 28         x11:00000072
            18720500           18705 1c001bc2 01458563 beq              x11, x20, 10        x11:00000072 x20:00000025
            18721500           18706 1c001bc6 01200533 add              x10, x0, x18        x10=00000000 x18:00000000
            18722500           18707 1c001bc8 000980e7 jalr             x1, x19, 0           x1=1c001bca x19:1c001776
            18724500           18709 1c001776 00b00533 add              x10, x0, x11        x10=00000072 x11:00000072
            18725500           18710 1c001778 fddff06f jal              x0, -36            
            18727500           18712 1c001754 000026b7 lui              x13, 0x2000         x13=00002000
            18728500           18713 1c001756 f14027f3 csrrs            x15, x0, 0xf14      x15=00000022
            18729500           18714 1c00175a f8068693 addi             x13, x13, -128      x13=00001f80 x13:00002000
            18730500           18715 1c00175e 00379713 slli             x14, x15, 0x3       x14=00000110 x15:00000022
            18731500           18716 1c001762 00279793 slli             x15, x15, 0x2       x15=00000088 x15:00000022
            18732500           18717 1c001764 ee873733 p.bclr           x14, x14, 23, 8     x14=00000010 x14:00000110
            18733500           18718 1c001768 00d7f7b3 and              x15, x15, x13       x15=00000080 x15:00000088 x13:00001f80
            18734500           18719 1c00176a 00e787b3 add              x15, x15, x14       x15=00000090 x15:00000080 x14:00000010
            18735500           18720 1c00176c 1a104737 lui              x14, 0x1a104000     x14=1a104000
            18736500           18721 1c001770 00a767a3 p.sw             x10, x0(x14)        x10:00000072 x14:1a104000  PA:1a104090
            18740500           18725 1c001774 00008067 jalr             x0, x1, 0            x1:1c001bca
            18741500           18726 1c001bca 16a0006f jal              x0, 362            
            18743500           18728 1c001d34 00900633 add              x12, x0, x9         x12=1c002348  x9:1c002348
            18744500           18729 1c001d36 e69ff06f jal              x0, -408           
            18747500           18732 1c001b9e 00064583 lbu              x11, 0(x12)         x11=00000065 x12:1c002348  PA:1c002348
            18761500           18746 1c001ba2 00160493 addi             x9, x12, 1           x9=1c002349 x12:1c002348
            18762500           18747 1c001ba6 00059e63 bne              x11, x0, 28         x11:00000065
            18765500           18750 1c001bc2 01458563 beq              x11, x20, 10        x11:00000065 x20:00000025
            18766500           18751 1c001bc6 01200533 add              x10, x0, x18        x10=00000000 x18:00000000
            18767500           18752 1c001bc8 000980e7 jalr             x1, x19, 0           x1=1c001bca x19:1c001776
            18769500           18754 1c001776 00b00533 add              x10, x0, x11        x10=00000065 x11:00000065
            18770500           18755 1c001778 fddff06f jal              x0, -36            
            18772500           18757 1c001754 000026b7 lui              x13, 0x2000         x13=00002000
            18773500           18758 1c001756 f14027f3 csrrs            x15, x0, 0xf14      x15=00000022
            18774500           18759 1c00175a f8068693 addi             x13, x13, -128      x13=00001f80 x13:00002000
            18775500           18760 1c00175e 00379713 slli             x14, x15, 0x3       x14=00000110 x15:00000022
            18776500           18761 1c001762 00279793 slli             x15, x15, 0x2       x15=00000088 x15:00000022
            18777500           18762 1c001764 ee873733 p.bclr           x14, x14, 23, 8     x14=00000010 x14:00000110
            18778500           18763 1c001768 00d7f7b3 and              x15, x15, x13       x15=00000080 x15:00000088 x13:00001f80
            18779500           18764 1c00176a 00e787b3 add              x15, x15, x14       x15=00000090 x15:00000080 x14:00000010
            18780500           18765 1c00176c 1a104737 lui              x14, 0x1a104000     x14=1a104000
            18781500           18766 1c001770 00a767a3 p.sw             x10, x0(x14)        x10:00000065 x14:1a104000  PA:1a104090
            18785500           18770 1c001774 00008067 jalr             x0, x1, 0            x1:1c001bca
            18786500           18771 1c001bca 16a0006f jal              x0, 362            
            18788500           18773 1c001d34 00900633 add              x12, x0, x9         x12=1c002349  x9:1c002349
            18789500           18774 1c001d36 e69ff06f jal              x0, -408           
            18792500           18777 1c001b9e 00064583 lbu              x11, 0(x12)         x11=00000020 x12:1c002349  PA:1c002349
            18808500           18793 1c001ba2 00160493 addi             x9, x12, 1           x9=1c00234a x12:1c002349
            18809500           18794 1c001ba6 00059e63 bne              x11, x0, 28         x11:00000020
            18812500           18797 1c001bc2 01458563 beq              x11, x20, 10        x11:00000020 x20:00000025
            18813500           18798 1c001bc6 01200533 add              x10, x0, x18        x10=00000000 x18:00000000
            18814500           18799 1c001bc8 000980e7 jalr             x1, x19, 0           x1=1c001bca x19:1c001776
            18816500           18801 1c001776 00b00533 add              x10, x0, x11        x10=00000020 x11:00000020
            18817500           18802 1c001778 fddff06f jal              x0, -36            
            18819500           18804 1c001754 000026b7 lui              x13, 0x2000         x13=00002000
            18820500           18805 1c001756 f14027f3 csrrs            x15, x0, 0xf14      x15=00000022
            18821500           18806 1c00175a f8068693 addi             x13, x13, -128      x13=00001f80 x13:00002000
            18822500           18807 1c00175e 00379713 slli             x14, x15, 0x3       x14=00000110 x15:00000022
            18823500           18808 1c001762 00279793 slli             x15, x15, 0x2       x15=00000088 x15:00000022
            18824500           18809 1c001764 ee873733 p.bclr           x14, x14, 23, 8     x14=00000010 x14:00000110
            18825500           18810 1c001768 00d7f7b3 and              x15, x15, x13       x15=00000080 x15:00000088 x13:00001f80
            18826500           18811 1c00176a 00e787b3 add              x15, x15, x14       x15=00000090 x15:00000080 x14:00000010
            18827500           18812 1c00176c 1a104737 lui              x14, 0x1a104000     x14=1a104000
            18828500           18813 1c001770 00a767a3 p.sw             x10, x0(x14)        x10:00000020 x14:1a104000  PA:1a104090
            18832500           18817 1c001774 00008067 jalr             x0, x1, 0            x1:1c001bca
            18833500           18818 1c001bca 16a0006f jal              x0, 362            
            18835500           18820 1c001d34 00900633 add              x12, x0, x9         x12=1c00234a  x9:1c00234a
            18836500           18821 1c001d36 e69ff06f jal              x0, -408           
            18839500           18824 1c001b9e 00064583 lbu              x11, 0(x12)         x11=00000028 x12:1c00234a  PA:1c00234a
            18856500           18841 1c001ba2 00160493 addi             x9, x12, 1           x9=1c00234b x12:1c00234a
            18857500           18842 1c001ba6 00059e63 bne              x11, x0, 28         x11:00000028
            18860500           18845 1c001bc2 01458563 beq              x11, x20, 10        x11:00000028 x20:00000025
            18861500           18846 1c001bc6 01200533 add              x10, x0, x18        x10=00000000 x18:00000000
            18862500           18847 1c001bc8 000980e7 jalr             x1, x19, 0           x1=1c001bca x19:1c001776
            18864500           18849 1c001776 00b00533 add              x10, x0, x11        x10=00000028 x11:00000028
            18865500           18850 1c001778 fddff06f jal              x0, -36            
            18867500           18852 1c001754 000026b7 lui              x13, 0x2000         x13=00002000
            18868500           18853 1c001756 f14027f3 csrrs            x15, x0, 0xf14      x15=00000022
            18869500           18854 1c00175a f8068693 addi             x13, x13, -128      x13=00001f80 x13:00002000
            18870500           18855 1c00175e 00379713 slli             x14, x15, 0x3       x14=00000110 x15:00000022
            18871500           18856 1c001762 00279793 slli             x15, x15, 0x2       x15=00000088 x15:00000022
            18872500           18857 1c001764 ee873733 p.bclr           x14, x14, 23, 8     x14=00000010 x14:00000110
            18873500           18858 1c001768 00d7f7b3 and              x15, x15, x13       x15=00000080 x15:00000088 x13:00001f80
            18874500           18859 1c00176a 00e787b3 add              x15, x15, x14       x15=00000090 x15:00000080 x14:00000010
            18875500           18860 1c00176c 1a104737 lui              x14, 0x1a104000     x14=1a104000
            18876500           18861 1c001770 00a767a3 p.sw             x10, x0(x14)        x10:00000028 x14:1a104000  PA:1a104090
            18880500           18865 1c001774 00008067 jalr             x0, x1, 0            x1:1c001bca
            18881500           18866 1c001bca 16a0006f jal              x0, 362            
            18883500           18868 1c001d34 00900633 add              x12, x0, x9         x12=1c00234b  x9:1c00234b
            18884500           18869 1c001d36 e69ff06f jal              x0, -408           
            18887500           18872 1c001b9e 00064583 lbu              x11, 0(x12)         x11=00000025 x12:1c00234b  PA:1c00234b
            18903500           18888 1c001ba2 00160493 addi             x9, x12, 1           x9=1c00234c x12:1c00234b
            18904500           18889 1c001ba6 00059e63 bne              x11, x0, 28         x11:00000025
            18907500           18892 1c001bc2 01458563 beq              x11, x20, 10        x11:00000025 x20:00000025
            18910500           18895 1c001bcc 00414783 lbu              x15, 4(x2)          x15=000000xx  x2:104feb60  PA:104feb64
            18929500           18914 1c001bd0 00012423 sw               x0, 8(x2)            x2:104feb60  PA:104feb68
            18930500           18915 1c001bd2 00010623 sb               x0, 12(x2)           x2:104feb60  PA:104feb6c
            18931500           18916 1c001bd6 c00027b3 p.insert         x15, x0, 0, 0       x15=000000xX x15:000000xx
            18932500           18917 1c001bda c01027b3 p.insert         x15, x0, 0, 1       x15=000000xX x15:000000xX
            18952500           18937 1c001bde c03027b3 p.insert         x15, x0, 0, 3       x15=000000xX x15:000000xX
            18953500           18938 1c001be2 00f10223 sb               x15, 4(x2)          x15:000000xX  x2:104feb60  PA:104feb64
            18957500           18942 1c001be6 00000713 addi             x14, x0, 0          x14=00000000
            18958500           18943 1c001be8 00000613 addi             x12, x0, 0          x12=00000000
            18959500           18944 1c001bea 00000693 addi             x13, x0, 0          x13=00000000
            18960500           18945 1c001bec 00000513 addi             x10, x0, 0          x10=00000000
            18961500           18946 1c001bee 00000593 addi             x11, x0, 0          x11=00000000
            18974500           18959 1c001bf0 03000813 addi             x16, x0, 48         x16=00000030
            18975500           18960 1c001bf4 02300893 addi             x17, x0, 35         x17=00000023
            18976500           18961 1c001bf8 0004c783 lbu              x15, 0(x9)          x15=00000069  x9:1c00234c  PA:1c00234c
            18999500           18984 1c001bfc 00148c13 addi             x24, x9, 1          x24=1c00234d  x9:1c00234c
            19000500           18985 1c001c00 04079163 bne              x15, x0, 66         x15:00000069
            19021500           19006 1c001c42 01778c63 beq              x15, x23, 24        x15:00000069 x23:0000002d
            19022500           19007 1c001c46 01078663 beq              x15, x16, 12        x15:00000069 x16:00000030
            19023500           19008 1c001c4a fb179ce3 bne              x15, x17, -72       x15:00000069 x17:00000023
            19043500           19028 1c001c02 00050763 beq              x10, x0, 14         x10:00000000
            19066500           19051 1c001c10 00060763 beq              x12, x0, 14         x12:00000000
            19069500           19054 1c001c1e 00070763 beq              x14, x0, 14         x14:00000000
            19088500           19073 1c001c2c fd078713 addi             x14, x15, -48       x14=00000039 x15:00000069
            19105500           19090 1c001c30 0ff77713 andi             x14, x14, 255       x14=00000039 x14:00000039
            19106500           19091 1c001c34 00900693 addi             x13, x0, 9          x13=00000009
            19107500           19092 1c001c36 04e6eb63 bltu             x13, x14, 86        x13:00000009 x14:00000039
            19128500           19113 1c001c8c 02e00713 addi             x14, x0, 46         x14=0000002e
            19145500           19130 1c001c90 02e79163 bne              x15, x14, 34        x15:00000069 x14:0000002e
            19165500           19150 1c001cb2 07a00713 addi             x14, x0, 122        x14=0000007a
            19166500           19151 1c001cb6 04e79263 bne              x15, x14, 68        x15:00000069 x14:0000007a
            19214500           19199 1c001cfa 06c00713 addi             x14, x0, 108        x14=0000006c
            19242500           19227 1c001cfe 20e79463 bne              x15, x14, 520       x15:00000069 x14:0000006c
            19261500           19246 1c001f06 06900713 addi             x14, x0, 105        x14=00000069
            19262500           19247 1c001f0a 02e78a63 beq              x15, x14, 52        x15:00000069 x14:00000069
            19304500           19289 1c001f3e 018004b3 add              x9, x0, x24          x9=1c00234d x24:1c00234d
            19322500           19307 1c001f40 00000793 addi             x15, x0, 0          x15=00000000
            19323500           19308 1c001f42 e09ff06f jal              x0, -504           
            19345500           19330 1c001d4a 00a00713 addi             x14, x0, 10         x14=0000000a
            19346500           19331 1c001d4c 00e12823 sw               x14, 16(x2)         x14:0000000a  x2:104feb60  PA:104feb70
            19367500           19352 1c001d4e 0e27b363 p.bneimm         x15, 230            x15:00000000
            19397500           19382 1c001e34 00440c13 addi             x24, x8, 4          x24=104febe8  x8:104febe4
            19398500           19383 1c001e38 00042503 lw               x10, 0(x8)          x10=00000001  x8:104febe4  PA:104febe4
            19401500           19386 1c001e3a 0017bd63 p.bneimm         x15, 26             x15:00000000
            19453500           19438 1c001e54 00055863 bge              x10, x0, 16         x10:00000001
            19477500           19462 1c001e64 00410593 addi             x11, x2, 4          x11=104feb64  x2:104feb60
            19478500           19463 1c001e66 b99ff0ef jal              x1, -1128            x1=1c001e68
            19507500           19492 1c0019fe 0105a683 lw               x13, 16(x11)        x13=104feb78 x11:104feb64  PA:104feb74
            19527500           19512 1c001a00 00c5a703 lw               x14, 12(x11)        x14=0000000a x11:104feb64  PA:104feb70
            19529500           19514 1c001a02 00100793 addi             x15, x0, 1          x15=00000001
            19530500           19515 1c001a04 02f55633 divu             x12, x10, x15       x12=00000001 x10:00000001 x15:00000001
            19564500           19549 1c001a08 00e67863 bgeu             x12, x14, 16        x12:00000001 x14:0000000a
            19565500           19550 1c001a0c 00000613 addi             x12, x0, 0          x12=00000000
            19566500           19551 1c001a0e 00900313 addi             x6, x0, 9            x6=00000009
            19567500           19552 1c001a10 00079763 bne              x15, x0, 14         x15:00000001
            19570500           19555 1c001a1e 00c5a703 lw               x14, 12(x11)        x14=0000000a x11:104feb64  PA:104feb70
            19594500           19579 1c001a20 02f55833 divu             x16, x10, x15       x16=00000001 x10:00000001 x15:00000001
            19628500           19613 1c001a24 02f57533 remu             x10, x10, x15       x10=00000000 x10:00000001 x15:00000001
            19662500           19647 1c001a28 02e7d7b3 divu             x15, x15, x14       x15=00000000 x15:00000001 x14:0000000a
            19693500           19678 1c001a2c 00061763 bne              x12, x0, 14         x12:00000000
            19694500           19679 1c001a2e 01004663 blt              x0, x16, 12         x16:00000001
            19697500           19682 1c001a3a 03000713 addi             x14, x0, 48         x14=00000030
            19719500           19704 1c001a3e 01035c63 bge              x6, x16, 24          x6:00000009 x16:00000001
            19740500           19725 1c001a56 01070733 add              x14, x14, x16       x14=00000031 x14:00000030 x16:00000001
            19741500           19726 1c001a58 00e68023 sb               x14, 0(x13)         x14:00000031 x13:104feb78  PA:104feb78
            19743500           19728 1c001a5c 00160613 addi             x12, x12, 1         x12=00000001 x12:00000000
            19744500           19729 1c001a5e 00168693 addi             x13, x13, 1         x13=104feb79 x13:104feb78
            19760500           19745 1c001a60 fb1ff06f jal              x0, -80            
            19762500           19747 1c001a10 00079763 bne              x15, x0, 14         x15:00000000
            19763500           19748 1c001a12 00068023 sb               x0, 0(x13)          x13:104feb79  PA:104feb79
            19764500           19749 1c001a16 00008067 jalr             x0, x1, 0            x1:1c001e68
            19766500           19751 1c001e68 f17ff06f jal              x0, -234           
            19786500           19771 1c001d7e 00410613 addi             x12, x2, 4          x12=104feb64  x2:104feb60
            19806500           19791 1c001d80 013005b3 add              x11, x0, x19        x11=1c001776 x19:1c001776
            19807500           19792 1c001d82 01200533 add              x10, x0, x18        x10=00000000 x18:00000000
            19808500           19793 1c001d84 cdfff0ef jal              x1, -802             x1=1c001d86
            19810500           19795 1c001a62 fe010113 addi             x2, x2, -32          x2=104feb40  x2:104feb60
            19811500           19796 1c001a64 00812c23 sw               x8, 24(x2)           x8:104febe4  x2:104feb40  PA:104feb58
            19815500           19800 1c001a66 01062783 lw               x15, 16(x12)        x15=104feb78 x12:104feb64  PA:104feb74
            19816500           19801 1c001a68 00462403 lw               x8, 4(x12)           x8=00000000 x12:104feb64  PA:104feb68
            19817500           19802 1c001a6a 00912a23 sw               x9, 20(x2)           x9:1c00234d  x2:104feb40  PA:104feb54
            19818500           19803 1c001a6c 01212823 sw               x18, 16(x2)         x18:00000000  x2:104feb40  PA:104feb50
            19819500           19804 1c001a6e 01312623 sw               x19, 12(x2)         x19:1c001776  x2:104feb40  PA:104feb4c
            19835500           19820 1c001a70 00112e23 sw               x1, 28(x2)           x1:1c001d86  x2:104feb40  PA:104feb5c
            19838500           19823 1c001a72 01412423 sw               x20, 8(x2)          x20:00000025  x2:104feb40  PA:104feb48
            19839500           19824 1c001a74 00a00933 add              x18, x0, x10        x18=00000000 x10:00000000
            19840500           19825 1c001a76 00b009b3 add              x19, x0, x11        x19=1c001776 x11:1c001776
            19841500           19826 1c001a78 00c004b3 add              x9, x0, x12          x9=104feb64 x12:104feb64
            19842500           19827 1c001a7a 0017c70b p.lbu            x14, 1(x15!)        x14=00000031 x15=104feb79 x15:104feb78  PA:104feb78
            19844500           19829 1c001a7e 00070363 beq              x14, x0, 6          x14:00000031
            19862500           19847 1c001a80 08804863 blt              x0, x8, 144          x8:00000000
            19863500           19848 1c001a84 0084c783 lbu              x15, 8(x9)          x15=00000000  x9:104feb64  PA:104feb6c
            19871500           19856 1c001a88 00078263 beq              x15, x0, 4          x15:00000000
            19874500           19859 1c001a8c 0004c783 lbu              x15, 0(x9)          x15=000000xX  x9:104feb64  PA:104feb64
            19886500           19871 1c001a90 0027f713 andi             x14, x15, 2         x14=00000000 x15:000000xX
            19887500           19872 1c001a94 00070663 beq              x14, x0, 12         x14:00000000
            19906500           19891 1c001aa0 0097f793 andi             x15, x15, 9         x15=00000000 x15:000000xX
            19907500           19892 1c001aa2 00800a33 add              x20, x0, x8         x20=00000000  x8:00000000
            19908500           19893 1c001aa4 08078163 beq              x15, x0, 130        x15:00000000
            19928500           19913 1c001b26 ff404be3 blt              x0, x20, -10        x20:00000000
            19929500           19914 1c001b2a fff40793 addi             x15, x8, -1         x15=ffffffff  x8:00000000
            19951500           19936 1c001b2e 04046433 p.max            x8, x8, x0           x8=00000000  x8:00000000
            19952500           19937 1c001b32 40878433 sub              x8, x15, x8          x8=ffffffff x15:ffffffff  x8:00000000
            19953500           19938 1c001b36 f71ff06f jal              x0, -144           
            19955500           19940 1c001aa6 0084c583 lbu              x11, 8(x9)          x11=00000000  x9:104feb64  PA:104feb6c
            19957500           19942 1c001aaa 00058363 beq              x11, x0, 6          x11:00000000
            19977500           19962 1c001ab0 0004c783 lbu              x15, 0(x9)          x15=000000xX  x9:104feb64  PA:104feb64
            19979500           19964 1c001ab4 0027f793 andi             x15, x15, 2         x15=00000000 x15:000000xX
            19980500           19965 1c001ab6 02078363 beq              x15, x0, 38         x15:00000000
            20000500           19985 1c001adc 0004c783 lbu              x15, 0(x9)          x15=000000xX  x9:104feb64  PA:104feb64
            20018500           20003 1c001ae0 00800a33 add              x20, x0, x8         x20=ffffffff  x8:ffffffff
            20019500           20004 1c001ae2 fc17b7b3 p.bclr           x15, x15, 30, 1     x15=00000000 x15:000000xX
            20020500           20005 1c001ae6 06079363 bne              x15, x0, 102        x15:00000000
            20021500           20006 1c001ae8 0104aa03 lw               x20, 16(x9)         x20=104feb78  x9:104feb64  PA:104feb74
            20023500           20008 1c001aec 001a458b p.lbu            x11, 1(x20!)        x11=00000031 x20=104feb79 x20:104feb78  PA:104feb78
            20039500           20024 1c001af0 06059763 bne              x11, x0, 110        x11:00000031
            20059500           20044 1c001b5e 01200533 add              x10, x0, x18        x10=00000000 x18:00000000
            20077500           20062 1c001b60 000980e7 jalr             x1, x19, 0           x1=1c001b62 x19:1c001776
            20079500           20064 1c001776 00b00533 add              x10, x0, x11        x10=00000031 x11:00000031
            20080500           20065 1c001778 fddff06f jal              x0, -36            
            20082500           20067 1c001754 000026b7 lui              x13, 0x2000         x13=00002000
            20083500           20068 1c001756 f14027f3 csrrs            x15, x0, 0xf14      x15=00000022
            20084500           20069 1c00175a f8068693 addi             x13, x13, -128      x13=00001f80 x13:00002000
            20085500           20070 1c00175e 00379713 slli             x14, x15, 0x3       x14=00000110 x15:00000022
            20086500           20071 1c001762 00279793 slli             x15, x15, 0x2       x15=00000088 x15:00000022
            20087500           20072 1c001764 ee873733 p.bclr           x14, x14, 23, 8     x14=00000010 x14:00000110
            20088500           20073 1c001768 00d7f7b3 and              x15, x15, x13       x15=00000080 x15:00000088 x13:00001f80
            20089500           20074 1c00176a 00e787b3 add              x15, x15, x14       x15=00000090 x15:00000080 x14:00000010
            20090500           20075 1c00176c 1a104737 lui              x14, 0x1a104000     x14=1a104000
            20091500           20076 1c001770 00a767a3 p.sw             x10, x0(x14)        x10:00000031 x14:1a104000  PA:1a104090
            20095500           20080 1c001774 00008067 jalr             x0, x1, 0            x1:1c001b62
            20096500           20081 1c001b62 f8bff06f jal              x0, -118           
            20098500           20083 1c001aec 001a458b p.lbu            x11, 1(x20!)        x11=00000000 x20=104feb7a x20:104feb79  PA:104feb79
            20100500           20085 1c001af0 06059763 bne              x11, x0, 110        x11:00000000
            20101500           20086 1c001af2 0004c783 lbu              x15, 0(x9)          x15=000000xX  x9:104feb64  PA:104feb64
            20103500           20088 1c001af6 0097f793 andi             x15, x15, 9         x15=00000000 x15:000000xX
            20104500           20089 1c001af8 0087b463 p.bneimm         x15, 8              x15:00000000
            20123500           20108 1c001b00 01c12083 lw               x1, 28(x2)           x1=1c001d86  x2:104feb40  PA:104feb5c
            20125500           20110 1c001b02 01812403 lw               x8, 24(x2)           x8=104febe4  x2:104feb40  PA:104feb58
            20126500           20111 1c001b04 01412483 lw               x9, 20(x2)           x9=1c00234d  x2:104feb40  PA:104feb54
            20127500           20112 1c001b06 01012903 lw               x18, 16(x2)         x18=00000000  x2:104feb40  PA:104feb50
            20128500           20113 1c001b08 00c12983 lw               x19, 12(x2)         x19=1c001776  x2:104feb40  PA:104feb4c
            20129500           20114 1c001b0a 00812a03 lw               x20, 8(x2)          x20=00000025  x2:104feb40  PA:104feb48
            20130500           20115 1c001b0c 02010113 addi             x2, x2, 32           x2=104feb60  x2:104feb40
            20131500           20116 1c001b0e 00008067 jalr             x0, x1, 0            x1:1c001d86
            20152500           20137 1c001d86 01800433 add              x8, x0, x24          x8=104febe8 x24:104febe8
            20153500           20138 1c001d88 fadff06f jal              x0, -84            
            20155500           20140 1c001d34 00900633 add              x12, x0, x9         x12=1c00234d  x9:1c00234d
            20156500           20141 1c001d36 e69ff06f jal              x0, -408           
            20159500           20144 1c001b9e 00064583 lbu              x11, 0(x12)         x11=0000002c x12:1c00234d  PA:1c00234d
            20178500           20163 1c001ba2 00160493 addi             x9, x12, 1           x9=1c00234e x12:1c00234d
            20179500           20164 1c001ba6 00059e63 bne              x11, x0, 28         x11:0000002c
            20182500           20167 1c001bc2 01458563 beq              x11, x20, 10        x11:0000002c x20:00000025
            20183500           20168 1c001bc6 01200533 add              x10, x0, x18        x10=00000000 x18:00000000
            20184500           20169 1c001bc8 000980e7 jalr             x1, x19, 0           x1=1c001bca x19:1c001776
            20186500           20171 1c001776 00b00533 add              x10, x0, x11        x10=0000002c x11:0000002c
            20187500           20172 1c001778 fddff06f jal              x0, -36            
            20189500           20174 1c001754 000026b7 lui              x13, 0x2000         x13=00002000
            20190500           20175 1c001756 f14027f3 csrrs            x15, x0, 0xf14      x15=00000022
            20191500           20176 1c00175a f8068693 addi             x13, x13, -128      x13=00001f80 x13:00002000
            20192500           20177 1c00175e 00379713 slli             x14, x15, 0x3       x14=00000110 x15:00000022
            20193500           20178 1c001762 00279793 slli             x15, x15, 0x2       x15=00000088 x15:00000022
            20194500           20179 1c001764 ee873733 p.bclr           x14, x14, 23, 8     x14=00000010 x14:00000110
            20195500           20180 1c001768 00d7f7b3 and              x15, x15, x13       x15=00000080 x15:00000088 x13:00001f80
            20196500           20181 1c00176a 00e787b3 add              x15, x15, x14       x15=00000090 x15:00000080 x14:00000010
            20197500           20182 1c00176c 1a104737 lui              x14, 0x1a104000     x14=1a104000
            20198500           20183 1c001770 00a767a3 p.sw             x10, x0(x14)        x10:0000002c x14:1a104000  PA:1a104090
            20202500           20187 1c001774 00008067 jalr             x0, x1, 0            x1:1c001bca
            20203500           20188 1c001bca 16a0006f jal              x0, 362            
            20205500           20190 1c001d34 00900633 add              x12, x0, x9         x12=1c00234e  x9:1c00234e
            20206500           20191 1c001d36 e69ff06f jal              x0, -408           
            20209500           20194 1c001b9e 00064583 lbu              x11, 0(x12)         x11=00000020 x12:1c00234e  PA:1c00234e
            20225500           20210 1c001ba2 00160493 addi             x9, x12, 1           x9=1c00234f x12:1c00234e
            20226500           20211 1c001ba6 00059e63 bne              x11, x0, 28         x11:00000020
            20229500           20214 1c001bc2 01458563 beq              x11, x20, 10        x11:00000020 x20:00000025
            20230500           20215 1c001bc6 01200533 add              x10, x0, x18        x10=00000000 x18:00000000
            20231500           20216 1c001bc8 000980e7 jalr             x1, x19, 0           x1=1c001bca x19:1c001776
            20233500           20218 1c001776 00b00533 add              x10, x0, x11        x10=00000020 x11:00000020
            20234500           20219 1c001778 fddff06f jal              x0, -36            
            20236500           20221 1c001754 000026b7 lui              x13, 0x2000         x13=00002000
            20237500           20222 1c001756 f14027f3 csrrs            x15, x0, 0xf14      x15=00000022
            20238500           20223 1c00175a f8068693 addi             x13, x13, -128      x13=00001f80 x13:00002000
            20239500           20224 1c00175e 00379713 slli             x14, x15, 0x3       x14=00000110 x15:00000022
            20240500           20225 1c001762 00279793 slli             x15, x15, 0x2       x15=00000088 x15:00000022
            20241500           20226 1c001764 ee873733 p.bclr           x14, x14, 23, 8     x14=00000010 x14:00000110
            20242500           20227 1c001768 00d7f7b3 and              x15, x15, x13       x15=00000080 x15:00000088 x13:00001f80
            20243500           20228 1c00176a 00e787b3 add              x15, x15, x14       x15=00000090 x15:00000080 x14:00000010
            20244500           20229 1c00176c 1a104737 lui              x14, 0x1a104000     x14=1a104000
            20245500           20230 1c001770 00a767a3 p.sw             x10, x0(x14)        x10:00000020 x14:1a104000  PA:1a104090
            20249500           20234 1c001774 00008067 jalr             x0, x1, 0            x1:1c001bca
            20250500           20235 1c001bca 16a0006f jal              x0, 362            
            20252500           20237 1c001d34 00900633 add              x12, x0, x9         x12=1c00234f  x9:1c00234f
            20253500           20238 1c001d36 e69ff06f jal              x0, -408           
            20256500           20241 1c001b9e 00064583 lbu              x11, 0(x12)         x11=00000025 x12:1c00234f  PA:1c00234f
            20271500           20256 1c001ba2 00160493 addi             x9, x12, 1           x9=1c002350 x12:1c00234f
            20272500           20257 1c001ba6 00059e63 bne              x11, x0, 28         x11:00000025
            20275500           20260 1c001bc2 01458563 beq              x11, x20, 10        x11:00000025 x20:00000025
            20278500           20263 1c001bcc 00414783 lbu              x15, 4(x2)          x15=000000xX  x2:104feb60  PA:104feb64
            20279500           20264 1c001bd0 00012423 sw               x0, 8(x2)            x2:104feb60  PA:104feb68
            20280500           20265 1c001bd2 00010623 sb               x0, 12(x2)           x2:104feb60  PA:104feb6c
            20281500           20266 1c001bd6 c00027b3 p.insert         x15, x0, 0, 0       x15=000000xX x15:000000xX
            20282500           20267 1c001bda c01027b3 p.insert         x15, x0, 0, 1       x15=000000xX x15:000000xX
            20283500           20268 1c001bde c03027b3 p.insert         x15, x0, 0, 3       x15=000000xX x15:000000xX
            20284500           20269 1c001be2 00f10223 sb               x15, 4(x2)          x15:000000xX  x2:104feb60  PA:104feb64
            20286500           20271 1c001be6 00000713 addi             x14, x0, 0          x14=00000000
            20287500           20272 1c001be8 00000613 addi             x12, x0, 0          x12=00000000
            20288500           20273 1c001bea 00000693 addi             x13, x0, 0          x13=00000000
            20289500           20274 1c001bec 00000513 addi             x10, x0, 0          x10=00000000
            20290500           20275 1c001bee 00000593 addi             x11, x0, 0          x11=00000000
            20291500           20276 1c001bf0 03000813 addi             x16, x0, 48         x16=00000030
            20292500           20277 1c001bf4 02300893 addi             x17, x0, 35         x17=00000023
            20293500           20278 1c001bf8 0004c783 lbu              x15, 0(x9)          x15=00000069  x9:1c002350  PA:1c002350
            20308500           20293 1c001bfc 00148c13 addi             x24, x9, 1          x24=1c002351  x9:1c002350
            20309500           20294 1c001c00 04079163 bne              x15, x0, 66         x15:00000069
            20312500           20297 1c001c42 01778c63 beq              x15, x23, 24        x15:00000069 x23:0000002d
            20313500           20298 1c001c46 01078663 beq              x15, x16, 12        x15:00000069 x16:00000030
            20314500           20299 1c001c4a fb179ce3 bne              x15, x17, -72       x15:00000069 x17:00000023
            20317500           20302 1c001c02 00050763 beq              x10, x0, 14         x10:00000000
            20320500           20305 1c001c10 00060763 beq              x12, x0, 14         x12:00000000
            20323500           20308 1c001c1e 00070763 beq              x14, x0, 14         x14:00000000
            20326500           20311 1c001c2c fd078713 addi             x14, x15, -48       x14=00000039 x15:00000069
            20327500           20312 1c001c30 0ff77713 andi             x14, x14, 255       x14=00000039 x14:00000039
            20328500           20313 1c001c34 00900693 addi             x13, x0, 9          x13=00000009
            20329500           20314 1c001c36 04e6eb63 bltu             x13, x14, 86        x13:00000009 x14:00000039
            20332500           20317 1c001c8c 02e00713 addi             x14, x0, 46         x14=0000002e
            20333500           20318 1c001c90 02e79163 bne              x15, x14, 34        x15:00000069 x14:0000002e
            20336500           20321 1c001cb2 07a00713 addi             x14, x0, 122        x14=0000007a
            20337500           20322 1c001cb6 04e79263 bne              x15, x14, 68        x15:00000069 x14:0000007a
            20340500           20325 1c001cfa 06c00713 addi             x14, x0, 108        x14=0000006c
            20342500           20327 1c001cfe 20e79463 bne              x15, x14, 520       x15:00000069 x14:0000006c
            20345500           20330 1c001f06 06900713 addi             x14, x0, 105        x14=00000069
            20346500           20331 1c001f0a 02e78a63 beq              x15, x14, 52        x15:00000069 x14:00000069
            20349500           20334 1c001f3e 018004b3 add              x9, x0, x24          x9=1c002351 x24:1c002351
            20350500           20335 1c001f40 00000793 addi             x15, x0, 0          x15=00000000
            20351500           20336 1c001f42 e09ff06f jal              x0, -504           
            20353500           20338 1c001d4a 00a00713 addi             x14, x0, 10         x14=0000000a
            20354500           20339 1c001d4c 00e12823 sw               x14, 16(x2)         x14:0000000a  x2:104feb60  PA:104feb70
            20355500           20340 1c001d4e 0e27b363 p.bneimm         x15, 230            x15:00000000
            20358500           20343 1c001e34 00440c13 addi             x24, x8, 4          x24=104febec  x8:104febe8
            20359500           20344 1c001e38 00042503 lw               x10, 0(x8)          x10=00000002  x8:104febe8  PA:104febe8
            20360500           20345 1c001e3a 0017bd63 p.bneimm         x15, 26             x15:00000000
            20363500           20348 1c001e54 00055863 bge              x10, x0, 16         x10:00000002
            20366500           20351 1c001e64 00410593 addi             x11, x2, 4          x11=104feb64  x2:104feb60
            20367500           20352 1c001e66 b99ff0ef jal              x1, -1128            x1=1c001e68
            20369500           20354 1c0019fe 0105a683 lw               x13, 16(x11)        x13=104feb78 x11:104feb64  PA:104feb74
            20370500           20355 1c001a00 00c5a703 lw               x14, 12(x11)        x14=0000000a x11:104feb64  PA:104feb70
            20371500           20356 1c001a02 00100793 addi             x15, x0, 1          x15=00000001
            20372500           20357 1c001a04 02f55633 divu             x12, x10, x15       x12=00000002 x10:00000002 x15:00000001
            20406500           20391 1c001a08 00e67863 bgeu             x12, x14, 16        x12:00000002 x14:0000000a
            20407500           20392 1c001a0c 00000613 addi             x12, x0, 0          x12=00000000
            20408500           20393 1c001a0e 00900313 addi             x6, x0, 9            x6=00000009
            20409500           20394 1c001a10 00079763 bne              x15, x0, 14         x15:00000001
            20412500           20397 1c001a1e 00c5a703 lw               x14, 12(x11)        x14=0000000a x11:104feb64  PA:104feb70
            20413500           20398 1c001a20 02f55833 divu             x16, x10, x15       x16=00000002 x10:00000002 x15:00000001
            20447500           20432 1c001a24 02f57533 remu             x10, x10, x15       x10=00000000 x10:00000002 x15:00000001
            20481500           20466 1c001a28 02e7d7b3 divu             x15, x15, x14       x15=00000000 x15:00000001 x14:0000000a
            20512500           20497 1c001a2c 00061763 bne              x12, x0, 14         x12:00000000
            20513500           20498 1c001a2e 01004663 blt              x0, x16, 12         x16:00000002
            20516500           20501 1c001a3a 03000713 addi             x14, x0, 48         x14=00000030
            20518500           20503 1c001a3e 01035c63 bge              x6, x16, 24          x6:00000009 x16:00000002
            20521500           20506 1c001a56 01070733 add              x14, x14, x16       x14=00000032 x14:00000030 x16:00000002
            20522500           20507 1c001a58 00e68023 sb               x14, 0(x13)         x14:00000032 x13:104feb78  PA:104feb78
            20524500           20509 1c001a5c 00160613 addi             x12, x12, 1         x12=00000001 x12:00000000
            20525500           20510 1c001a5e 00168693 addi             x13, x13, 1         x13=104feb79 x13:104feb78
            20526500           20511 1c001a60 fb1ff06f jal              x0, -80            
            20528500           20513 1c001a10 00079763 bne              x15, x0, 14         x15:00000000
            20529500           20514 1c001a12 00068023 sb               x0, 0(x13)          x13:104feb79  PA:104feb79
            20530500           20515 1c001a16 00008067 jalr             x0, x1, 0            x1:1c001e68
            20532500           20517 1c001e68 f17ff06f jal              x0, -234           
            20534500           20519 1c001d7e 00410613 addi             x12, x2, 4          x12=104feb64  x2:104feb60
            20535500           20520 1c001d80 013005b3 add              x11, x0, x19        x11=1c001776 x19:1c001776
            20536500           20521 1c001d82 01200533 add              x10, x0, x18        x10=00000000 x18:00000000
            20537500           20522 1c001d84 cdfff0ef jal              x1, -802             x1=1c001d86
            20539500           20524 1c001a62 fe010113 addi             x2, x2, -32          x2=104feb40  x2:104feb60
            20540500           20525 1c001a64 00812c23 sw               x8, 24(x2)           x8:104febe8  x2:104feb40  PA:104feb58
            20541500           20526 1c001a66 01062783 lw               x15, 16(x12)        x15=104feb78 x12:104feb64  PA:104feb74
            20542500           20527 1c001a68 00462403 lw               x8, 4(x12)           x8=00000000 x12:104feb64  PA:104feb68
            20543500           20528 1c001a6a 00912a23 sw               x9, 20(x2)           x9:1c002351  x2:104feb40  PA:104feb54
            20544500           20529 1c001a6c 01212823 sw               x18, 16(x2)         x18:00000000  x2:104feb40  PA:104feb50
            20545500           20530 1c001a6e 01312623 sw               x19, 12(x2)         x19:1c001776  x2:104feb40  PA:104feb4c
            20546500           20531 1c001a70 00112e23 sw               x1, 28(x2)           x1:1c001d86  x2:104feb40  PA:104feb5c
            20547500           20532 1c001a72 01412423 sw               x20, 8(x2)          x20:00000025  x2:104feb40  PA:104feb48
            20548500           20533 1c001a74 00a00933 add              x18, x0, x10        x18=00000000 x10:00000000
            20549500           20534 1c001a76 00b009b3 add              x19, x0, x11        x19=1c001776 x11:1c001776
            20550500           20535 1c001a78 00c004b3 add              x9, x0, x12          x9=104feb64 x12:104feb64
            20551500           20536 1c001a7a 0017c70b p.lbu            x14, 1(x15!)        x14=00000032 x15=104feb79 x15:104feb78  PA:104feb78
            20553500           20538 1c001a7e 00070363 beq              x14, x0, 6          x14:00000032
            20554500           20539 1c001a80 08804863 blt              x0, x8, 144          x8:00000000
            20555500           20540 1c001a84 0084c783 lbu              x15, 8(x9)          x15=00000000  x9:104feb64  PA:104feb6c
            20557500           20542 1c001a88 00078263 beq              x15, x0, 4          x15:00000000
            20560500           20545 1c001a8c 0004c783 lbu              x15, 0(x9)          x15=000000xX  x9:104feb64  PA:104feb64
            20562500           20547 1c001a90 0027f713 andi             x14, x15, 2         x14=00000000 x15:000000xX
            20563500           20548 1c001a94 00070663 beq              x14, x0, 12         x14:00000000
            20566500           20551 1c001aa0 0097f793 andi             x15, x15, 9         x15=00000000 x15:000000xX
            20567500           20552 1c001aa2 00800a33 add              x20, x0, x8         x20=00000000  x8:00000000
            20568500           20553 1c001aa4 08078163 beq              x15, x0, 130        x15:00000000
            20571500           20556 1c001b26 ff404be3 blt              x0, x20, -10        x20:00000000
            20572500           20557 1c001b2a fff40793 addi             x15, x8, -1         x15=ffffffff  x8:00000000
            20573500           20558 1c001b2e 04046433 p.max            x8, x8, x0           x8=00000000  x8:00000000
            20574500           20559 1c001b32 40878433 sub              x8, x15, x8          x8=ffffffff x15:ffffffff  x8:00000000
            20575500           20560 1c001b36 f71ff06f jal              x0, -144           
            20577500           20562 1c001aa6 0084c583 lbu              x11, 8(x9)          x11=00000000  x9:104feb64  PA:104feb6c
            20579500           20564 1c001aaa 00058363 beq              x11, x0, 6          x11:00000000
            20582500           20567 1c001ab0 0004c783 lbu              x15, 0(x9)          x15=000000xX  x9:104feb64  PA:104feb64
            20584500           20569 1c001ab4 0027f793 andi             x15, x15, 2         x15=00000000 x15:000000xX
            20585500           20570 1c001ab6 02078363 beq              x15, x0, 38         x15:00000000
            20588500           20573 1c001adc 0004c783 lbu              x15, 0(x9)          x15=000000xX  x9:104feb64  PA:104feb64
            20589500           20574 1c001ae0 00800a33 add              x20, x0, x8         x20=ffffffff  x8:ffffffff
            20590500           20575 1c001ae2 fc17b7b3 p.bclr           x15, x15, 30, 1     x15=00000000 x15:000000xX
            20591500           20576 1c001ae6 06079363 bne              x15, x0, 102        x15:00000000
            20592500           20577 1c001ae8 0104aa03 lw               x20, 16(x9)         x20=104feb78  x9:104feb64  PA:104feb74
            20594500           20579 1c001aec 001a458b p.lbu            x11, 1(x20!)        x11=00000032 x20=104feb79 x20:104feb78  PA:104feb78
            20596500           20581 1c001af0 06059763 bne              x11, x0, 110        x11:00000032
            20599500           20584 1c001b5e 01200533 add              x10, x0, x18        x10=00000000 x18:00000000
            20600500           20585 1c001b60 000980e7 jalr             x1, x19, 0           x1=1c001b62 x19:1c001776
            20602500           20587 1c001776 00b00533 add              x10, x0, x11        x10=00000032 x11:00000032
            20603500           20588 1c001778 fddff06f jal              x0, -36            
            20605500           20590 1c001754 000026b7 lui              x13, 0x2000         x13=00002000
            20606500           20591 1c001756 f14027f3 csrrs            x15, x0, 0xf14      x15=00000022
            20607500           20592 1c00175a f8068693 addi             x13, x13, -128      x13=00001f80 x13:00002000
            20608500           20593 1c00175e 00379713 slli             x14, x15, 0x3       x14=00000110 x15:00000022
            20609500           20594 1c001762 00279793 slli             x15, x15, 0x2       x15=00000088 x15:00000022
            20610500           20595 1c001764 ee873733 p.bclr           x14, x14, 23, 8     x14=00000010 x14:00000110
            20611500           20596 1c001768 00d7f7b3 and              x15, x15, x13       x15=00000080 x15:00000088 x13:00001f80
            20612500           20597 1c00176a 00e787b3 add              x15, x15, x14       x15=00000090 x15:00000080 x14:00000010
            20613500           20598 1c00176c 1a104737 lui              x14, 0x1a104000     x14=1a104000
            20614500           20599 1c001770 00a767a3 p.sw             x10, x0(x14)        x10:00000032 x14:1a104000  PA:1a104090
            20618500           20603 1c001774 00008067 jalr             x0, x1, 0            x1:1c001b62
            20619500           20604 1c001b62 f8bff06f jal              x0, -118           
            20621500           20606 1c001aec 001a458b p.lbu            x11, 1(x20!)        x11=00000000 x20=104feb7a x20:104feb79  PA:104feb79
            20623500           20608 1c001af0 06059763 bne              x11, x0, 110        x11:00000000
            20624500           20609 1c001af2 0004c783 lbu              x15, 0(x9)          x15=000000xX  x9:104feb64  PA:104feb64
            20626500           20611 1c001af6 0097f793 andi             x15, x15, 9         x15=00000000 x15:000000xX
            20627500           20612 1c001af8 0087b463 p.bneimm         x15, 8              x15:00000000
            20630500           20615 1c001b00 01c12083 lw               x1, 28(x2)           x1=1c001d86  x2:104feb40  PA:104feb5c
            20631500           20616 1c001b02 01812403 lw               x8, 24(x2)           x8=104febe8  x2:104feb40  PA:104feb58
            20632500           20617 1c001b04 01412483 lw               x9, 20(x2)           x9=1c002351  x2:104feb40  PA:104feb54
            20633500           20618 1c001b06 01012903 lw               x18, 16(x2)         x18=00000000  x2:104feb40  PA:104feb50
            20634500           20619 1c001b08 00c12983 lw               x19, 12(x2)         x19=1c001776  x2:104feb40  PA:104feb4c
            20635500           20620 1c001b0a 00812a03 lw               x20, 8(x2)          x20=00000025  x2:104feb40  PA:104feb48
            20636500           20621 1c001b0c 02010113 addi             x2, x2, 32           x2=104feb60  x2:104feb40
            20637500           20622 1c001b0e 00008067 jalr             x0, x1, 0            x1:1c001d86
            20639500           20624 1c001d86 01800433 add              x8, x0, x24          x8=104febec x24:104febec
            20640500           20625 1c001d88 fadff06f jal              x0, -84            
            20642500           20627 1c001d34 00900633 add              x12, x0, x9         x12=1c002351  x9:1c002351
            20643500           20628 1c001d36 e69ff06f jal              x0, -408           
            20646500           20631 1c001b9e 00064583 lbu              x11, 0(x12)         x11=00000029 x12:1c002351  PA:1c002351
            20666500           20651 1c001ba2 00160493 addi             x9, x12, 1           x9=1c002352 x12:1c002351
            20667500           20652 1c001ba6 00059e63 bne              x11, x0, 28         x11:00000029
            20670500           20655 1c001bc2 01458563 beq              x11, x20, 10        x11:00000029 x20:00000025
            20671500           20656 1c001bc6 01200533 add              x10, x0, x18        x10=00000000 x18:00000000
            20672500           20657 1c001bc8 000980e7 jalr             x1, x19, 0           x1=1c001bca x19:1c001776
            20674500           20659 1c001776 00b00533 add              x10, x0, x11        x10=00000029 x11:00000029
            20675500           20660 1c001778 fddff06f jal              x0, -36            
            20677500           20662 1c001754 000026b7 lui              x13, 0x2000         x13=00002000
            20678500           20663 1c001756 f14027f3 csrrs            x15, x0, 0xf14      x15=00000022
            20679500           20664 1c00175a f8068693 addi             x13, x13, -128      x13=00001f80 x13:00002000
            20680500           20665 1c00175e 00379713 slli             x14, x15, 0x3       x14=00000110 x15:00000022
            20681500           20666 1c001762 00279793 slli             x15, x15, 0x2       x15=00000088 x15:00000022
            20682500           20667 1c001764 ee873733 p.bclr           x14, x14, 23, 8     x14=00000010 x14:00000110
            20683500           20668 1c001768 00d7f7b3 and              x15, x15, x13       x15=00000080 x15:00000088 x13:00001f80
            20684500           20669 1c00176a 00e787b3 add              x15, x15, x14       x15=00000090 x15:00000080 x14:00000010
            20685500           20670 1c00176c 1a104737 lui              x14, 0x1a104000     x14=1a104000
            20686500           20671 1c001770 00a767a3 p.sw             x10, x0(x14)        x10:00000029 x14:1a104000  PA:1a104090
            20690500           20675 1c001774 00008067 jalr             x0, x1, 0            x1:1c001bca
            20691500           20676 1c001bca 16a0006f jal              x0, 362            
            20693500           20678 1c001d34 00900633 add              x12, x0, x9         x12=1c002352  x9:1c002352
            20694500           20679 1c001d36 e69ff06f jal              x0, -408           
            20697500           20682 1c001b9e 00064583 lbu              x11, 0(x12)         x11=00000021 x12:1c002352  PA:1c002352
            20711500           20696 1c001ba2 00160493 addi             x9, x12, 1           x9=1c002353 x12:1c002352
            20712500           20697 1c001ba6 00059e63 bne              x11, x0, 28         x11:00000021
            20715500           20700 1c001bc2 01458563 beq              x11, x20, 10        x11:00000021 x20:00000025
            20716500           20701 1c001bc6 01200533 add              x10, x0, x18        x10=00000000 x18:00000000
            20717500           20702 1c001bc8 000980e7 jalr             x1, x19, 0           x1=1c001bca x19:1c001776
            20719500           20704 1c001776 00b00533 add              x10, x0, x11        x10=00000021 x11:00000021
            20720500           20705 1c001778 fddff06f jal              x0, -36            
            20722500           20707 1c001754 000026b7 lui              x13, 0x2000         x13=00002000
            20723500           20708 1c001756 f14027f3 csrrs            x15, x0, 0xf14      x15=00000022
            20724500           20709 1c00175a f8068693 addi             x13, x13, -128      x13=00001f80 x13:00002000
            20725500           20710 1c00175e 00379713 slli             x14, x15, 0x3       x14=00000110 x15:00000022
            20726500           20711 1c001762 00279793 slli             x15, x15, 0x2       x15=00000088 x15:00000022
            20727500           20712 1c001764 ee873733 p.bclr           x14, x14, 23, 8     x14=00000010 x14:00000110
            20728500           20713 1c001768 00d7f7b3 and              x15, x15, x13       x15=00000080 x15:00000088 x13:00001f80
            20729500           20714 1c00176a 00e787b3 add              x15, x15, x14       x15=00000090 x15:00000080 x14:00000010
            20730500           20715 1c00176c 1a104737 lui              x14, 0x1a104000     x14=1a104000
            20731500           20716 1c001770 00a767a3 p.sw             x10, x0(x14)        x10:00000021 x14:1a104000  PA:1a104090
            20735500           20720 1c001774 00008067 jalr             x0, x1, 0            x1:1c001bca
            20736500           20721 1c001bca 16a0006f jal              x0, 362            
            20738500           20723 1c001d34 00900633 add              x12, x0, x9         x12=1c002353  x9:1c002353
            20739500           20724 1c001d36 e69ff06f jal              x0, -408           
            20742500           20727 1c001b9e 00064583 lbu              x11, 0(x12)         x11=0000000a x12:1c002353  PA:1c002353
            20759500           20744 1c001ba2 00160493 addi             x9, x12, 1           x9=1c002354 x12:1c002353
            20760500           20745 1c001ba6 00059e63 bne              x11, x0, 28         x11:0000000a
            20763500           20748 1c001bc2 01458563 beq              x11, x20, 10        x11:0000000a x20:00000025
            20764500           20749 1c001bc6 01200533 add              x10, x0, x18        x10=00000000 x18:00000000
            20765500           20750 1c001bc8 000980e7 jalr             x1, x19, 0           x1=1c001bca x19:1c001776
            20767500           20752 1c001776 00b00533 add              x10, x0, x11        x10=0000000a x11:0000000a
            20768500           20753 1c001778 fddff06f jal              x0, -36            
            20770500           20755 1c001754 000026b7 lui              x13, 0x2000         x13=00002000
            20771500           20756 1c001756 f14027f3 csrrs            x15, x0, 0xf14      x15=00000022
            20772500           20757 1c00175a f8068693 addi             x13, x13, -128      x13=00001f80 x13:00002000
            20773500           20758 1c00175e 00379713 slli             x14, x15, 0x3       x14=00000110 x15:00000022
            20774500           20759 1c001762 00279793 slli             x15, x15, 0x2       x15=00000088 x15:00000022
            20775500           20760 1c001764 ee873733 p.bclr           x14, x14, 23, 8     x14=00000010 x14:00000110
            20776500           20761 1c001768 00d7f7b3 and              x15, x15, x13       x15=00000080 x15:00000088 x13:00001f80
            20777500           20762 1c00176a 00e787b3 add              x15, x15, x14       x15=00000090 x15:00000080 x14:00000010
            20778500           20763 1c00176c 1a104737 lui              x14, 0x1a104000     x14=1a104000
            20779500           20764 1c001770 00a767a3 p.sw             x10, x0(x14)        x10:0000000a x14:1a104000  PA:1a104090
            20783500           20768 1c001774 00008067 jalr             x0, x1, 0            x1:1c001bca
            20784500           20769 1c001bca 16a0006f jal              x0, 362            
            20786500           20771 1c001d34 00900633 add              x12, x0, x9         x12=1c002354  x9:1c002354
            20787500           20772 1c001d36 e69ff06f jal              x0, -408           
            20790500           20775 1c001b9e 00064583 lbu              x11, 0(x12)         x11=00000000 x12:1c002354  PA:1c002354
            20805500           20790 1c001ba2 00160493 addi             x9, x12, 1           x9=1c002355 x12:1c002354
            20806500           20791 1c001ba6 00059e63 bne              x11, x0, 28         x11:00000000
            20807500           20792 1c001ba8 05c12083 lw               x1, 92(x2)           x1=1c001834  x2:104feb60  PA:104febbc
            20808500           20793 1c001baa 05812403 lw               x8, 88(x2)           x8=00000000  x2:104feb60  PA:104febb8
            20809500           20794 1c001bac 05412483 lw               x9, 84(x2)           x9=00000000  x2:104feb60  PA:104febb4
            20810500           20795 1c001bae 05012903 lw               x18, 80(x2)         x18=1b204000  x2:104feb60  PA:104febb0
            20817500           20802 1c001bb0 04c12983 lw               x19, 76(x2)         x19=00000002  x2:104feb60  PA:104febac
            20818500           20803 1c001bb2 04812a03 lw               x20, 72(x2)         x20=1c00220c  x2:104feb60  PA:104feba8
            20819500           20804 1c001bb4 04412a83 lw               x21, 68(x2)         x21=1c002210  x2:104feb60  PA:104feba4
            20820500           20805 1c001bb6 04012b03 lw               x22, 64(x2)         x22=00000000  x2:104feb60  PA:104feba0
            20821500           20806 1c001bb8 03c12b83 lw               x23, 60(x2)         x23=00000000  x2:104feb60  PA:104feb9c
            20822500           20807 1c001bba 03812c03 lw               x24, 56(x2)         x24=00000000  x2:104feb60  PA:104feb98
            20823500           20808 1c001bbc 03412c83 lw               x25, 52(x2)         x25=00000000  x2:104feb60  PA:104feb94
            20824500           20809 1c001bbe 06010113 addi             x2, x2, 96           x2=104febc0  x2:104feb60
            20825500           20810 1c001bc0 00008067 jalr             x0, x1, 0            x1:1c001834
            20827500           20812 1c001834 01c12083 lw               x1, 28(x2)           x1=1c00220c  x2:104febc0  PA:104febdc
            20828500           20813 1c001836 00000513 addi             x10, x0, 0          x10=00000000
            20829500           20814 1c001838 04010113 addi             x2, x2, 64           x2=104fec00  x2:104febc0
            20830500           20815 1c00183a 00008067 jalr             x0, x1, 0            x1:1c00220c
            20832500           20817 1c00220c 21c96283 p.elw            x5, 540(x18)         x5=00000000 x18:1b204000  PA:1b20421c
