                Time          Cycles PC       Instr    Mnemonic
            12603500           12588 1c000080 0180006f jal              x0, 24             
            12621500           12606 1c000098 f1402573 csrrs            x10, x0, 0xf14      x10=00000024
            12622500           12607 1c00009c 01f57593 andi             x11, x10, 31        x11=00000004 x10:00000024
            12639500           12624 1c0000a0 00555513 srli             x10, x10, 0x5       x10=00000001 x10:00000024
            12640500           12625 1c0000a2 00058463 beq              x11, x0, 8          x11:00000004
            12641500           12626 1c0000a6 05a0206f jal              x0, 8282           
            12659500           12644 1c002100 000702b7 lui              x5, 0x70000          x5=00070000
            12660500           12645 1c002104 1b204337 lui              x6, 0x1b204000       x6=1b204000
            12661500           12646 1c002108 00532023 sw               x5, 0(x6)            x5:00070000  x6:1b204000  PA:1b204000
            12662500           12647 1c00210c 0e059163 bne              x11, x0, 226        x11:00000004
            12714500           12699 1c0021ee 1b204937 lui              x18, 0x1b204000     x18=1b204000
            12715500           12700 1c0021f2 f14029f3 csrrs            x19, x0, 0xf14      x19=00000024
            12716500           12701 1c0021f6 01f9f993 andi             x19, x19, 31        x19=00000004 x19:00000024
            12717500           12702 1c0021fa 00000a17 auipc            x20, 0x0            x20=1c0021fa
            12734500           12719 1c0021fe 012a0a13 addi             x20, x20, 18        x20=1c00220c x20:1c0021fa
            12735500           12720 1c002202 00000a97 auipc            x21, 0x0            x21=1c002202
            12736500           12721 1c002206 00ea8a93 addi             x21, x21, 14        x21=1c002210 x21:1c002202
            12737500           12722 1c00220a 0060006f jal              x0, 6              
            12757500           12742 1c002210 08096283 p.elw            x5, 128(x18)         x5=1c00222d x18:1b204000  PA:1b204080
            17807500           17792 1c002214 08096503 p.elw            x10, 128(x18)       x10=00000400 x18:1b204000  PA:1b204080
            17825500           17810 1c002218 0012f313 andi             x6, x5, 1            x6=00000001  x5:1c00222d
            17826500           17811 1c00221c 00031563 bne              x6, x0, 10           x6:00000001
            17844500           17829 1c002226 000a80b3 add              x1, x21, x0          x1=1c002210 x21:1c002210
            17845500           17830 1c00222a 00028067 jalr             x0, x5, 0            x5:1c00222d
            17847500           17832 1c00222c 08096283 p.elw            x5, 128(x18)         x5=104fe400 x18:1b204000  PA:1b204080
            17871500           17856 1c002230 02a98533 mul              x10, x19, x10       x10=00001000 x19:00000004 x10:00000400
            17872500           17857 1c002234 00550133 add              x2, x10, x5          x2=104ff400 x10:00001000  x5:104fe400
            17873500           17858 1c002238 00008067 jalr             x0, x1, 0            x1:1c002210
            17875500           17860 1c002210 08096283 p.elw            x5, 128(x18)         x5=1c0009bc x18:1b204000  PA:1b204080
            17911500           17896 1c002214 08096503 p.elw            x10, 128(x18)       x10=00000000 x18:1b204000  PA:1b204080
            17919500           17904 1c002218 0012f313 andi             x6, x5, 1            x6=00000000  x5:1c0009bc
            17920500           17905 1c00221c 00031563 bne              x6, x0, 10           x6:00000000
            17921500           17906 1c002220 000a00b3 add              x1, x20, x0          x1=1c00220c x20:1c00220c
            17922500           17907 1c002224 00028067 jalr             x0, x5, 0            x5:1c0009bc
            17940500           17925 1c0009bc f1402673 csrrs            x12, x0, 0xf14      x12=00000024
            17957500           17942 1c0009c0 1c002537 lui              x10, 0x1c002000     x10=1c002000
            17958500           17943 1c0009c4 40565593 srai             x11, x12, 0x405     x11=00000001 x12:00000024
            17959500           17944 1c0009c8 f265b5b3 p.bclr           x11, x11, 25, 6     x11=00000001 x11:00000001
            17960500           17945 1c0009cc f4563633 p.bclr           x12, x12, 26, 5     x12=00000004 x12:00000024
            17961500           17946 1c0009d0 33c50513 addi             x10, x10, 828       x10=1c00233c x10:1c002000
            17962500           17947 1c0009d4 63d0006f jal              x0, 3644           
            17980500           17965 1c001810 fc010113 addi             x2, x2, -64          x2=104ff3c0  x2:104ff400
            17981500           17966 1c001812 02b12223 sw               x11, 36(x2)         x11:00000001  x2:104ff3c0  PA:104ff3e4
            17983500           17968 1c001814 1c0015b7 lui              x11, 0x1c001000     x11=1c001000
            17984500           17969 1c001818 02c12423 sw               x12, 40(x2)         x12:00000004  x2:104ff3c0  PA:104ff3e8
            17985500           17970 1c00181a 02d12623 sw               x13, 44(x2)         x13:00000000  x2:104ff3c0  PA:104ff3ec
            17986500           17971 1c00181c 00a00633 add              x12, x0, x10        x12=1c00233c x10:1c00233c
            17987500           17972 1c00181e 02410693 addi             x13, x2, 36         x13=104ff3e4  x2:104ff3c0
            18002500           17987 1c001820 00000513 addi             x10, x0, 0          x10=00000000
            18003500           17988 1c001822 77658593 addi             x11, x11, 1910      x11=1c001776 x11:1c001000
            18004500           17989 1c001826 00112e23 sw               x1, 28(x2)           x1:1c00220c  x2:104ff3c0  PA:104ff3dc
            18005500           17990 1c001828 02e12823 sw               x14, 48(x2)         x14:00000000  x2:104ff3c0  PA:104ff3f0
            18006500           17991 1c00182a 02f12a23 sw               x15, 52(x2)         x15:00000000  x2:104ff3c0  PA:104ff3f4
            18007500           17992 1c00182c 03012c23 sw               x16, 56(x2)         x16:00000000  x2:104ff3c0  PA:104ff3f8
            18008500           17993 1c00182e 03112e23 sw               x17, 60(x2)         x17:00000000  x2:104ff3c0  PA:104ff3fc
            18024500           18009 1c001830 00d12623 sw               x13, 12(x2)         x13:104ff3e4  x2:104ff3c0  PA:104ff3cc
            18030500           18015 1c001832 33e000ef jal              x1, 830              x1=1c001834
            18043500           18028 1c001b70 fa010113 addi             x2, x2, -96          x2=104ff360  x2:104ff3c0
            18044500           18029 1c001b72 01810793 addi             x15, x2, 24         x15=104ff378  x2:104ff360
            18045500           18030 1c001b74 04812c23 sw               x8, 88(x2)           x8:00000000  x2:104ff360  PA:104ff3b8
            18048500           18033 1c001b76 05212823 sw               x18, 80(x2)         x18:1b204000  x2:104ff360  PA:104ff3b0
            18049500           18034 1c001b78 05312623 sw               x19, 76(x2)         x19:00000004  x2:104ff360  PA:104ff3ac
            18050500           18035 1c001b7a 05412423 sw               x20, 72(x2)         x20:1c00220c  x2:104ff360  PA:104ff3a8
            18051500           18036 1c001b7c 05512223 sw               x21, 68(x2)         x21:1c002210  x2:104ff360  PA:104ff3a4
            18052500           18037 1c001b7e 05612023 sw               x22, 64(x2)         x22:00000000  x2:104ff360  PA:104ff3a0
            18066500           18051 1c001b80 03712e23 sw               x23, 60(x2)         x23:00000000  x2:104ff360  PA:104ff39c
            18073500           18058 1c001b82 04112e23 sw               x1, 92(x2)           x1:1c001834  x2:104ff360  PA:104ff3bc
            18074500           18059 1c001b84 04912a23 sw               x9, 84(x2)           x9:00000000  x2:104ff360  PA:104ff3b4
            18075500           18060 1c001b86 03812c23 sw               x24, 56(x2)         x24:00000000  x2:104ff360  PA:104ff398
            18076500           18061 1c001b88 03912a23 sw               x25, 52(x2)         x25:00000000  x2:104ff360  PA:104ff394
            18077500           18062 1c001b8a 00a00933 add              x18, x0, x10        x18=00000000 x10:00000000
            18078500           18063 1c001b8c 00b009b3 add              x19, x0, x11        x19=1c001776 x11:1c001776
            18079500           18064 1c001b8e 00d00433 add              x8, x0, x13          x8=104ff3e4 x13:104ff3e4
            18089500           18074 1c001b90 00f12a23 sw               x15, 20(x2)         x15:104ff378  x2:104ff360  PA:104ff374
            18093500           18078 1c001b92 02500a13 addi             x20, x0, 37         x20=00000025
            18094500           18079 1c001b96 02d00b93 addi             x23, x0, 45         x23=0000002d
            18095500           18080 1c001b9a 00100a93 addi             x21, x0, 1          x21=00000001
            18096500           18081 1c001b9c 00500b13 addi             x22, x0, 5          x22=00000005
            18110500           18095 1c001b9e 00064583 lbu              x11, 0(x12)         x11=00000048 x12:1c00233c  PA:1c00233c
            18131500           18116 1c001ba2 00160493 addi             x9, x12, 1           x9=1c00233d x12:1c00233c
            18132500           18117 1c001ba6 00059e63 bne              x11, x0, 28         x11:00000048
            18145500           18130 1c001bc2 01458563 beq              x11, x20, 10        x11:00000048 x20:00000025
            18146500           18131 1c001bc6 01200533 add              x10, x0, x18        x10=00000000 x18:00000000
            18147500           18132 1c001bc8 000980e7 jalr             x1, x19, 0           x1=1c001bca x19:1c001776
            18165500           18150 1c001776 00b00533 add              x10, x0, x11        x10=00000048 x11:00000048
            18166500           18151 1c001778 fddff06f jal              x0, -36            
            18184500           18169 1c001754 000026b7 lui              x13, 0x2000         x13=00002000
            18185500           18170 1c001756 f14027f3 csrrs            x15, x0, 0xf14      x15=00000024
            18186500           18171 1c00175a f8068693 addi             x13, x13, -128      x13=00001f80 x13:00002000
            18203500           18188 1c00175e 00379713 slli             x14, x15, 0x3       x14=00000120 x15:00000024
            18204500           18189 1c001762 00279793 slli             x15, x15, 0x2       x15=00000090 x15:00000024
            18205500           18190 1c001764 ee873733 p.bclr           x14, x14, 23, 8     x14=00000020 x14:00000120
            18206500           18191 1c001768 00d7f7b3 and              x15, x15, x13       x15=00000080 x15:00000090 x13:00001f80
            18207500           18192 1c00176a 00e787b3 add              x15, x15, x14       x15=000000a0 x15:00000080 x14:00000020
            18208500           18193 1c00176c 1a104737 lui              x14, 0x1a104000     x14=1a104000
            18209500           18194 1c001770 00a767a3 p.sw             x10, x0(x14)        x10:00000048 x14:1a104000  PA:1a1040a0
            18213500           18198 1c001774 00008067 jalr             x0, x1, 0            x1:1c001bca
            18214500           18199 1c001bca 16a0006f jal              x0, 362            
            18232500           18217 1c001d34 00900633 add              x12, x0, x9         x12=1c00233d  x9:1c00233d
            18233500           18218 1c001d36 e69ff06f jal              x0, -408           
            18236500           18221 1c001b9e 00064583 lbu              x11, 0(x12)         x11=00000065 x12:1c00233d  PA:1c00233d
            18257500           18242 1c001ba2 00160493 addi             x9, x12, 1           x9=1c00233e x12:1c00233d
            18258500           18243 1c001ba6 00059e63 bne              x11, x0, 28         x11:00000065
            18261500           18246 1c001bc2 01458563 beq              x11, x20, 10        x11:00000065 x20:00000025
            18262500           18247 1c001bc6 01200533 add              x10, x0, x18        x10=00000000 x18:00000000
            18263500           18248 1c001bc8 000980e7 jalr             x1, x19, 0           x1=1c001bca x19:1c001776
            18265500           18250 1c001776 00b00533 add              x10, x0, x11        x10=00000065 x11:00000065
            18266500           18251 1c001778 fddff06f jal              x0, -36            
            18268500           18253 1c001754 000026b7 lui              x13, 0x2000         x13=00002000
            18269500           18254 1c001756 f14027f3 csrrs            x15, x0, 0xf14      x15=00000024
            18270500           18255 1c00175a f8068693 addi             x13, x13, -128      x13=00001f80 x13:00002000
            18271500           18256 1c00175e 00379713 slli             x14, x15, 0x3       x14=00000120 x15:00000024
            18272500           18257 1c001762 00279793 slli             x15, x15, 0x2       x15=00000090 x15:00000024
            18273500           18258 1c001764 ee873733 p.bclr           x14, x14, 23, 8     x14=00000020 x14:00000120
            18274500           18259 1c001768 00d7f7b3 and              x15, x15, x13       x15=00000080 x15:00000090 x13:00001f80
            18275500           18260 1c00176a 00e787b3 add              x15, x15, x14       x15=000000a0 x15:00000080 x14:00000020
            18276500           18261 1c00176c 1a104737 lui              x14, 0x1a104000     x14=1a104000
            18277500           18262 1c001770 00a767a3 p.sw             x10, x0(x14)        x10:00000065 x14:1a104000  PA:1a1040a0
            18281500           18266 1c001774 00008067 jalr             x0, x1, 0            x1:1c001bca
            18282500           18267 1c001bca 16a0006f jal              x0, 362            
            18284500           18269 1c001d34 00900633 add              x12, x0, x9         x12=1c00233e  x9:1c00233e
            18285500           18270 1c001d36 e69ff06f jal              x0, -408           
            18288500           18273 1c001b9e 00064583 lbu              x11, 0(x12)         x11=00000079 x12:1c00233e  PA:1c00233e
            18306500           18291 1c001ba2 00160493 addi             x9, x12, 1           x9=1c00233f x12:1c00233e
            18307500           18292 1c001ba6 00059e63 bne              x11, x0, 28         x11:00000079
            18310500           18295 1c001bc2 01458563 beq              x11, x20, 10        x11:00000079 x20:00000025
            18311500           18296 1c001bc6 01200533 add              x10, x0, x18        x10=00000000 x18:00000000
            18312500           18297 1c001bc8 000980e7 jalr             x1, x19, 0           x1=1c001bca x19:1c001776
            18314500           18299 1c001776 00b00533 add              x10, x0, x11        x10=00000079 x11:00000079
            18315500           18300 1c001778 fddff06f jal              x0, -36            
            18317500           18302 1c001754 000026b7 lui              x13, 0x2000         x13=00002000
            18318500           18303 1c001756 f14027f3 csrrs            x15, x0, 0xf14      x15=00000024
            18319500           18304 1c00175a f8068693 addi             x13, x13, -128      x13=00001f80 x13:00002000
            18320500           18305 1c00175e 00379713 slli             x14, x15, 0x3       x14=00000120 x15:00000024
            18321500           18306 1c001762 00279793 slli             x15, x15, 0x2       x15=00000090 x15:00000024
            18322500           18307 1c001764 ee873733 p.bclr           x14, x14, 23, 8     x14=00000020 x14:00000120
            18323500           18308 1c001768 00d7f7b3 and              x15, x15, x13       x15=00000080 x15:00000090 x13:00001f80
            18324500           18309 1c00176a 00e787b3 add              x15, x15, x14       x15=000000a0 x15:00000080 x14:00000020
            18325500           18310 1c00176c 1a104737 lui              x14, 0x1a104000     x14=1a104000
            18326500           18311 1c001770 00a767a3 p.sw             x10, x0(x14)        x10:00000079 x14:1a104000  PA:1a1040a0
            18330500           18315 1c001774 00008067 jalr             x0, x1, 0            x1:1c001bca
            18331500           18316 1c001bca 16a0006f jal              x0, 362            
            18333500           18318 1c001d34 00900633 add              x12, x0, x9         x12=1c00233f  x9:1c00233f
            18334500           18319 1c001d36 e69ff06f jal              x0, -408           
            18337500           18322 1c001b9e 00064583 lbu              x11, 0(x12)         x11=0000002c x12:1c00233f  PA:1c00233f
            18355500           18340 1c001ba2 00160493 addi             x9, x12, 1           x9=1c002340 x12:1c00233f
            18356500           18341 1c001ba6 00059e63 bne              x11, x0, 28         x11:0000002c
            18359500           18344 1c001bc2 01458563 beq              x11, x20, 10        x11:0000002c x20:00000025
            18360500           18345 1c001bc6 01200533 add              x10, x0, x18        x10=00000000 x18:00000000
            18361500           18346 1c001bc8 000980e7 jalr             x1, x19, 0           x1=1c001bca x19:1c001776
            18363500           18348 1c001776 00b00533 add              x10, x0, x11        x10=0000002c x11:0000002c
            18364500           18349 1c001778 fddff06f jal              x0, -36            
            18366500           18351 1c001754 000026b7 lui              x13, 0x2000         x13=00002000
            18367500           18352 1c001756 f14027f3 csrrs            x15, x0, 0xf14      x15=00000024
            18368500           18353 1c00175a f8068693 addi             x13, x13, -128      x13=00001f80 x13:00002000
            18369500           18354 1c00175e 00379713 slli             x14, x15, 0x3       x14=00000120 x15:00000024
            18370500           18355 1c001762 00279793 slli             x15, x15, 0x2       x15=00000090 x15:00000024
            18371500           18356 1c001764 ee873733 p.bclr           x14, x14, 23, 8     x14=00000020 x14:00000120
            18372500           18357 1c001768 00d7f7b3 and              x15, x15, x13       x15=00000080 x15:00000090 x13:00001f80
            18373500           18358 1c00176a 00e787b3 add              x15, x15, x14       x15=000000a0 x15:00000080 x14:00000020
            18374500           18359 1c00176c 1a104737 lui              x14, 0x1a104000     x14=1a104000
            18375500           18360 1c001770 00a767a3 p.sw             x10, x0(x14)        x10:0000002c x14:1a104000  PA:1a1040a0
            18379500           18364 1c001774 00008067 jalr             x0, x1, 0            x1:1c001bca
            18380500           18365 1c001bca 16a0006f jal              x0, 362            
            18382500           18367 1c001d34 00900633 add              x12, x0, x9         x12=1c002340  x9:1c002340
            18383500           18368 1c001d36 e69ff06f jal              x0, -408           
            18386500           18371 1c001b9e 00064583 lbu              x11, 0(x12)         x11=00000020 x12:1c002340  PA:1c002340
            18400500           18385 1c001ba2 00160493 addi             x9, x12, 1           x9=1c002341 x12:1c002340
            18401500           18386 1c001ba6 00059e63 bne              x11, x0, 28         x11:00000020
            18404500           18389 1c001bc2 01458563 beq              x11, x20, 10        x11:00000020 x20:00000025
            18405500           18390 1c001bc6 01200533 add              x10, x0, x18        x10=00000000 x18:00000000
            18406500           18391 1c001bc8 000980e7 jalr             x1, x19, 0           x1=1c001bca x19:1c001776
            18408500           18393 1c001776 00b00533 add              x10, x0, x11        x10=00000020 x11:00000020
            18409500           18394 1c001778 fddff06f jal              x0, -36            
            18411500           18396 1c001754 000026b7 lui              x13, 0x2000         x13=00002000
            18412500           18397 1c001756 f14027f3 csrrs            x15, x0, 0xf14      x15=00000024
            18413500           18398 1c00175a f8068693 addi             x13, x13, -128      x13=00001f80 x13:00002000
            18414500           18399 1c00175e 00379713 slli             x14, x15, 0x3       x14=00000120 x15:00000024
            18415500           18400 1c001762 00279793 slli             x15, x15, 0x2       x15=00000090 x15:00000024
            18416500           18401 1c001764 ee873733 p.bclr           x14, x14, 23, 8     x14=00000020 x14:00000120
            18417500           18402 1c001768 00d7f7b3 and              x15, x15, x13       x15=00000080 x15:00000090 x13:00001f80
            18418500           18403 1c00176a 00e787b3 add              x15, x15, x14       x15=000000a0 x15:00000080 x14:00000020
            18419500           18404 1c00176c 1a104737 lui              x14, 0x1a104000     x14=1a104000
            18420500           18405 1c001770 00a767a3 p.sw             x10, x0(x14)        x10:00000020 x14:1a104000  PA:1a1040a0
            18424500           18409 1c001774 00008067 jalr             x0, x1, 0            x1:1c001bca
            18425500           18410 1c001bca 16a0006f jal              x0, 362            
            18427500           18412 1c001d34 00900633 add              x12, x0, x9         x12=1c002341  x9:1c002341
            18428500           18413 1c001d36 e69ff06f jal              x0, -408           
            18431500           18416 1c001b9e 00064583 lbu              x11, 0(x12)         x11=00000049 x12:1c002341  PA:1c002341
            18445500           18430 1c001ba2 00160493 addi             x9, x12, 1           x9=1c002342 x12:1c002341
            18446500           18431 1c001ba6 00059e63 bne              x11, x0, 28         x11:00000049
            18449500           18434 1c001bc2 01458563 beq              x11, x20, 10        x11:00000049 x20:00000025
            18450500           18435 1c001bc6 01200533 add              x10, x0, x18        x10=00000000 x18:00000000
            18451500           18436 1c001bc8 000980e7 jalr             x1, x19, 0           x1=1c001bca x19:1c001776
            18453500           18438 1c001776 00b00533 add              x10, x0, x11        x10=00000049 x11:00000049
            18454500           18439 1c001778 fddff06f jal              x0, -36            
            18456500           18441 1c001754 000026b7 lui              x13, 0x2000         x13=00002000
            18457500           18442 1c001756 f14027f3 csrrs            x15, x0, 0xf14      x15=00000024
            18458500           18443 1c00175a f8068693 addi             x13, x13, -128      x13=00001f80 x13:00002000
            18459500           18444 1c00175e 00379713 slli             x14, x15, 0x3       x14=00000120 x15:00000024
            18460500           18445 1c001762 00279793 slli             x15, x15, 0x2       x15=00000090 x15:00000024
            18461500           18446 1c001764 ee873733 p.bclr           x14, x14, 23, 8     x14=00000020 x14:00000120
            18462500           18447 1c001768 00d7f7b3 and              x15, x15, x13       x15=00000080 x15:00000090 x13:00001f80
            18463500           18448 1c00176a 00e787b3 add              x15, x15, x14       x15=000000a0 x15:00000080 x14:00000020
            18464500           18449 1c00176c 1a104737 lui              x14, 0x1a104000     x14=1a104000
            18465500           18450 1c001770 00a767a3 p.sw             x10, x0(x14)        x10:00000049 x14:1a104000  PA:1a1040a0
            18469500           18454 1c001774 00008067 jalr             x0, x1, 0            x1:1c001bca
            18470500           18455 1c001bca 16a0006f jal              x0, 362            
            18472500           18457 1c001d34 00900633 add              x12, x0, x9         x12=1c002342  x9:1c002342
            18473500           18458 1c001d36 e69ff06f jal              x0, -408           
            18476500           18461 1c001b9e 00064583 lbu              x11, 0(x12)         x11=00000027 x12:1c002342  PA:1c002342
            18490500           18475 1c001ba2 00160493 addi             x9, x12, 1           x9=1c002343 x12:1c002342
            18491500           18476 1c001ba6 00059e63 bne              x11, x0, 28         x11:00000027
            18494500           18479 1c001bc2 01458563 beq              x11, x20, 10        x11:00000027 x20:00000025
            18495500           18480 1c001bc6 01200533 add              x10, x0, x18        x10=00000000 x18:00000000
            18496500           18481 1c001bc8 000980e7 jalr             x1, x19, 0           x1=1c001bca x19:1c001776
            18498500           18483 1c001776 00b00533 add              x10, x0, x11        x10=00000027 x11:00000027
            18499500           18484 1c001778 fddff06f jal              x0, -36            
            18501500           18486 1c001754 000026b7 lui              x13, 0x2000         x13=00002000
            18502500           18487 1c001756 f14027f3 csrrs            x15, x0, 0xf14      x15=00000024
            18503500           18488 1c00175a f8068693 addi             x13, x13, -128      x13=00001f80 x13:00002000
            18504500           18489 1c00175e 00379713 slli             x14, x15, 0x3       x14=00000120 x15:00000024
            18505500           18490 1c001762 00279793 slli             x15, x15, 0x2       x15=00000090 x15:00000024
            18506500           18491 1c001764 ee873733 p.bclr           x14, x14, 23, 8     x14=00000020 x14:00000120
            18507500           18492 1c001768 00d7f7b3 and              x15, x15, x13       x15=00000080 x15:00000090 x13:00001f80
            18508500           18493 1c00176a 00e787b3 add              x15, x15, x14       x15=000000a0 x15:00000080 x14:00000020
            18509500           18494 1c00176c 1a104737 lui              x14, 0x1a104000     x14=1a104000
            18510500           18495 1c001770 00a767a3 p.sw             x10, x0(x14)        x10:00000027 x14:1a104000  PA:1a1040a0
            18514500           18499 1c001774 00008067 jalr             x0, x1, 0            x1:1c001bca
            18515500           18500 1c001bca 16a0006f jal              x0, 362            
            18517500           18502 1c001d34 00900633 add              x12, x0, x9         x12=1c002343  x9:1c002343
            18518500           18503 1c001d36 e69ff06f jal              x0, -408           
            18521500           18506 1c001b9e 00064583 lbu              x11, 0(x12)         x11=0000006d x12:1c002343  PA:1c002343
            18536500           18521 1c001ba2 00160493 addi             x9, x12, 1           x9=1c002344 x12:1c002343
            18537500           18522 1c001ba6 00059e63 bne              x11, x0, 28         x11:0000006d
            18540500           18525 1c001bc2 01458563 beq              x11, x20, 10        x11:0000006d x20:00000025
            18541500           18526 1c001bc6 01200533 add              x10, x0, x18        x10=00000000 x18:00000000
            18542500           18527 1c001bc8 000980e7 jalr             x1, x19, 0           x1=1c001bca x19:1c001776
            18544500           18529 1c001776 00b00533 add              x10, x0, x11        x10=0000006d x11:0000006d
            18545500           18530 1c001778 fddff06f jal              x0, -36            
            18547500           18532 1c001754 000026b7 lui              x13, 0x2000         x13=00002000
            18548500           18533 1c001756 f14027f3 csrrs            x15, x0, 0xf14      x15=00000024
            18549500           18534 1c00175a f8068693 addi             x13, x13, -128      x13=00001f80 x13:00002000
            18550500           18535 1c00175e 00379713 slli             x14, x15, 0x3       x14=00000120 x15:00000024
            18551500           18536 1c001762 00279793 slli             x15, x15, 0x2       x15=00000090 x15:00000024
            18552500           18537 1c001764 ee873733 p.bclr           x14, x14, 23, 8     x14=00000020 x14:00000120
            18553500           18538 1c001768 00d7f7b3 and              x15, x15, x13       x15=00000080 x15:00000090 x13:00001f80
            18554500           18539 1c00176a 00e787b3 add              x15, x15, x14       x15=000000a0 x15:00000080 x14:00000020
            18555500           18540 1c00176c 1a104737 lui              x14, 0x1a104000     x14=1a104000
            18556500           18541 1c001770 00a767a3 p.sw             x10, x0(x14)        x10:0000006d x14:1a104000  PA:1a1040a0
            18560500           18545 1c001774 00008067 jalr             x0, x1, 0            x1:1c001bca
            18561500           18546 1c001bca 16a0006f jal              x0, 362            
            18563500           18548 1c001d34 00900633 add              x12, x0, x9         x12=1c002344  x9:1c002344
            18564500           18549 1c001d36 e69ff06f jal              x0, -408           
            18567500           18552 1c001b9e 00064583 lbu              x11, 0(x12)         x11=00000020 x12:1c002344  PA:1c002344
            18581500           18566 1c001ba2 00160493 addi             x9, x12, 1           x9=1c002345 x12:1c002344
            18582500           18567 1c001ba6 00059e63 bne              x11, x0, 28         x11:00000020
            18585500           18570 1c001bc2 01458563 beq              x11, x20, 10        x11:00000020 x20:00000025
            18586500           18571 1c001bc6 01200533 add              x10, x0, x18        x10=00000000 x18:00000000
            18587500           18572 1c001bc8 000980e7 jalr             x1, x19, 0           x1=1c001bca x19:1c001776
            18589500           18574 1c001776 00b00533 add              x10, x0, x11        x10=00000020 x11:00000020
            18590500           18575 1c001778 fddff06f jal              x0, -36            
            18592500           18577 1c001754 000026b7 lui              x13, 0x2000         x13=00002000
            18593500           18578 1c001756 f14027f3 csrrs            x15, x0, 0xf14      x15=00000024
            18594500           18579 1c00175a f8068693 addi             x13, x13, -128      x13=00001f80 x13:00002000
            18595500           18580 1c00175e 00379713 slli             x14, x15, 0x3       x14=00000120 x15:00000024
            18596500           18581 1c001762 00279793 slli             x15, x15, 0x2       x15=00000090 x15:00000024
            18597500           18582 1c001764 ee873733 p.bclr           x14, x14, 23, 8     x14=00000020 x14:00000120
            18598500           18583 1c001768 00d7f7b3 and              x15, x15, x13       x15=00000080 x15:00000090 x13:00001f80
            18599500           18584 1c00176a 00e787b3 add              x15, x15, x14       x15=000000a0 x15:00000080 x14:00000020
            18600500           18585 1c00176c 1a104737 lui              x14, 0x1a104000     x14=1a104000
            18601500           18586 1c001770 00a767a3 p.sw             x10, x0(x14)        x10:00000020 x14:1a104000  PA:1a1040a0
            18605500           18590 1c001774 00008067 jalr             x0, x1, 0            x1:1c001bca
            18606500           18591 1c001bca 16a0006f jal              x0, 362            
            18608500           18593 1c001d34 00900633 add              x12, x0, x9         x12=1c002345  x9:1c002345
            18609500           18594 1c001d36 e69ff06f jal              x0, -408           
            18612500           18597 1c001b9e 00064583 lbu              x11, 0(x12)         x11=00000063 x12:1c002345  PA:1c002345
            18627500           18612 1c001ba2 00160493 addi             x9, x12, 1           x9=1c002346 x12:1c002345
            18628500           18613 1c001ba6 00059e63 bne              x11, x0, 28         x11:00000063
            18631500           18616 1c001bc2 01458563 beq              x11, x20, 10        x11:00000063 x20:00000025
            18632500           18617 1c001bc6 01200533 add              x10, x0, x18        x10=00000000 x18:00000000
            18633500           18618 1c001bc8 000980e7 jalr             x1, x19, 0           x1=1c001bca x19:1c001776
            18635500           18620 1c001776 00b00533 add              x10, x0, x11        x10=00000063 x11:00000063
            18636500           18621 1c001778 fddff06f jal              x0, -36            
            18638500           18623 1c001754 000026b7 lui              x13, 0x2000         x13=00002000
            18639500           18624 1c001756 f14027f3 csrrs            x15, x0, 0xf14      x15=00000024
            18640500           18625 1c00175a f8068693 addi             x13, x13, -128      x13=00001f80 x13:00002000
            18641500           18626 1c00175e 00379713 slli             x14, x15, 0x3       x14=00000120 x15:00000024
            18642500           18627 1c001762 00279793 slli             x15, x15, 0x2       x15=00000090 x15:00000024
            18643500           18628 1c001764 ee873733 p.bclr           x14, x14, 23, 8     x14=00000020 x14:00000120
            18644500           18629 1c001768 00d7f7b3 and              x15, x15, x13       x15=00000080 x15:00000090 x13:00001f80
            18645500           18630 1c00176a 00e787b3 add              x15, x15, x14       x15=000000a0 x15:00000080 x14:00000020
            18646500           18631 1c00176c 1a104737 lui              x14, 0x1a104000     x14=1a104000
            18647500           18632 1c001770 00a767a3 p.sw             x10, x0(x14)        x10:00000063 x14:1a104000  PA:1a1040a0
            18651500           18636 1c001774 00008067 jalr             x0, x1, 0            x1:1c001bca
            18652500           18637 1c001bca 16a0006f jal              x0, 362            
            18654500           18639 1c001d34 00900633 add              x12, x0, x9         x12=1c002346  x9:1c002346
            18655500           18640 1c001d36 e69ff06f jal              x0, -408           
            18658500           18643 1c001b9e 00064583 lbu              x11, 0(x12)         x11=0000006f x12:1c002346  PA:1c002346
            18677500           18662 1c001ba2 00160493 addi             x9, x12, 1           x9=1c002347 x12:1c002346
            18678500           18663 1c001ba6 00059e63 bne              x11, x0, 28         x11:0000006f
            18681500           18666 1c001bc2 01458563 beq              x11, x20, 10        x11:0000006f x20:00000025
            18682500           18667 1c001bc6 01200533 add              x10, x0, x18        x10=00000000 x18:00000000
            18683500           18668 1c001bc8 000980e7 jalr             x1, x19, 0           x1=1c001bca x19:1c001776
            18685500           18670 1c001776 00b00533 add              x10, x0, x11        x10=0000006f x11:0000006f
            18686500           18671 1c001778 fddff06f jal              x0, -36            
            18688500           18673 1c001754 000026b7 lui              x13, 0x2000         x13=00002000
            18689500           18674 1c001756 f14027f3 csrrs            x15, x0, 0xf14      x15=00000024
            18690500           18675 1c00175a f8068693 addi             x13, x13, -128      x13=00001f80 x13:00002000
            18691500           18676 1c00175e 00379713 slli             x14, x15, 0x3       x14=00000120 x15:00000024
            18692500           18677 1c001762 00279793 slli             x15, x15, 0x2       x15=00000090 x15:00000024
            18693500           18678 1c001764 ee873733 p.bclr           x14, x14, 23, 8     x14=00000020 x14:00000120
            18694500           18679 1c001768 00d7f7b3 and              x15, x15, x13       x15=00000080 x15:00000090 x13:00001f80
            18695500           18680 1c00176a 00e787b3 add              x15, x15, x14       x15=000000a0 x15:00000080 x14:00000020
            18696500           18681 1c00176c 1a104737 lui              x14, 0x1a104000     x14=1a104000
            18697500           18682 1c001770 00a767a3 p.sw             x10, x0(x14)        x10:0000006f x14:1a104000  PA:1a1040a0
            18701500           18686 1c001774 00008067 jalr             x0, x1, 0            x1:1c001bca
            18702500           18687 1c001bca 16a0006f jal              x0, 362            
            18704500           18689 1c001d34 00900633 add              x12, x0, x9         x12=1c002347  x9:1c002347
            18705500           18690 1c001d36 e69ff06f jal              x0, -408           
            18708500           18693 1c001b9e 00064583 lbu              x11, 0(x12)         x11=00000072 x12:1c002347  PA:1c002347
            18722500           18707 1c001ba2 00160493 addi             x9, x12, 1           x9=1c002348 x12:1c002347
            18723500           18708 1c001ba6 00059e63 bne              x11, x0, 28         x11:00000072
            18726500           18711 1c001bc2 01458563 beq              x11, x20, 10        x11:00000072 x20:00000025
            18727500           18712 1c001bc6 01200533 add              x10, x0, x18        x10=00000000 x18:00000000
            18728500           18713 1c001bc8 000980e7 jalr             x1, x19, 0           x1=1c001bca x19:1c001776
            18730500           18715 1c001776 00b00533 add              x10, x0, x11        x10=00000072 x11:00000072
            18731500           18716 1c001778 fddff06f jal              x0, -36            
            18733500           18718 1c001754 000026b7 lui              x13, 0x2000         x13=00002000
            18734500           18719 1c001756 f14027f3 csrrs            x15, x0, 0xf14      x15=00000024
            18735500           18720 1c00175a f8068693 addi             x13, x13, -128      x13=00001f80 x13:00002000
            18736500           18721 1c00175e 00379713 slli             x14, x15, 0x3       x14=00000120 x15:00000024
            18737500           18722 1c001762 00279793 slli             x15, x15, 0x2       x15=00000090 x15:00000024
            18738500           18723 1c001764 ee873733 p.bclr           x14, x14, 23, 8     x14=00000020 x14:00000120
            18739500           18724 1c001768 00d7f7b3 and              x15, x15, x13       x15=00000080 x15:00000090 x13:00001f80
            18740500           18725 1c00176a 00e787b3 add              x15, x15, x14       x15=000000a0 x15:00000080 x14:00000020
            18741500           18726 1c00176c 1a104737 lui              x14, 0x1a104000     x14=1a104000
            18742500           18727 1c001770 00a767a3 p.sw             x10, x0(x14)        x10:00000072 x14:1a104000  PA:1a1040a0
            18746500           18731 1c001774 00008067 jalr             x0, x1, 0            x1:1c001bca
            18747500           18732 1c001bca 16a0006f jal              x0, 362            
            18749500           18734 1c001d34 00900633 add              x12, x0, x9         x12=1c002348  x9:1c002348
            18750500           18735 1c001d36 e69ff06f jal              x0, -408           
            18753500           18738 1c001b9e 00064583 lbu              x11, 0(x12)         x11=00000065 x12:1c002348  PA:1c002348
            18771500           18756 1c001ba2 00160493 addi             x9, x12, 1           x9=1c002349 x12:1c002348
            18772500           18757 1c001ba6 00059e63 bne              x11, x0, 28         x11:00000065
            18775500           18760 1c001bc2 01458563 beq              x11, x20, 10        x11:00000065 x20:00000025
            18776500           18761 1c001bc6 01200533 add              x10, x0, x18        x10=00000000 x18:00000000
            18777500           18762 1c001bc8 000980e7 jalr             x1, x19, 0           x1=1c001bca x19:1c001776
            18779500           18764 1c001776 00b00533 add              x10, x0, x11        x10=00000065 x11:00000065
            18780500           18765 1c001778 fddff06f jal              x0, -36            
            18782500           18767 1c001754 000026b7 lui              x13, 0x2000         x13=00002000
            18783500           18768 1c001756 f14027f3 csrrs            x15, x0, 0xf14      x15=00000024
            18784500           18769 1c00175a f8068693 addi             x13, x13, -128      x13=00001f80 x13:00002000
            18785500           18770 1c00175e 00379713 slli             x14, x15, 0x3       x14=00000120 x15:00000024
            18786500           18771 1c001762 00279793 slli             x15, x15, 0x2       x15=00000090 x15:00000024
            18787500           18772 1c001764 ee873733 p.bclr           x14, x14, 23, 8     x14=00000020 x14:00000120
            18788500           18773 1c001768 00d7f7b3 and              x15, x15, x13       x15=00000080 x15:00000090 x13:00001f80
            18789500           18774 1c00176a 00e787b3 add              x15, x15, x14       x15=000000a0 x15:00000080 x14:00000020
            18790500           18775 1c00176c 1a104737 lui              x14, 0x1a104000     x14=1a104000
            18791500           18776 1c001770 00a767a3 p.sw             x10, x0(x14)        x10:00000065 x14:1a104000  PA:1a1040a0
            18795500           18780 1c001774 00008067 jalr             x0, x1, 0            x1:1c001bca
            18796500           18781 1c001bca 16a0006f jal              x0, 362            
            18798500           18783 1c001d34 00900633 add              x12, x0, x9         x12=1c002349  x9:1c002349
            18799500           18784 1c001d36 e69ff06f jal              x0, -408           
            18802500           18787 1c001b9e 00064583 lbu              x11, 0(x12)         x11=00000020 x12:1c002349  PA:1c002349
            18819500           18804 1c001ba2 00160493 addi             x9, x12, 1           x9=1c00234a x12:1c002349
            18820500           18805 1c001ba6 00059e63 bne              x11, x0, 28         x11:00000020
            18823500           18808 1c001bc2 01458563 beq              x11, x20, 10        x11:00000020 x20:00000025
            18824500           18809 1c001bc6 01200533 add              x10, x0, x18        x10=00000000 x18:00000000
            18825500           18810 1c001bc8 000980e7 jalr             x1, x19, 0           x1=1c001bca x19:1c001776
            18827500           18812 1c001776 00b00533 add              x10, x0, x11        x10=00000020 x11:00000020
            18828500           18813 1c001778 fddff06f jal              x0, -36            
            18830500           18815 1c001754 000026b7 lui              x13, 0x2000         x13=00002000
            18831500           18816 1c001756 f14027f3 csrrs            x15, x0, 0xf14      x15=00000024
            18832500           18817 1c00175a f8068693 addi             x13, x13, -128      x13=00001f80 x13:00002000
            18833500           18818 1c00175e 00379713 slli             x14, x15, 0x3       x14=00000120 x15:00000024
            18834500           18819 1c001762 00279793 slli             x15, x15, 0x2       x15=00000090 x15:00000024
            18835500           18820 1c001764 ee873733 p.bclr           x14, x14, 23, 8     x14=00000020 x14:00000120
            18836500           18821 1c001768 00d7f7b3 and              x15, x15, x13       x15=00000080 x15:00000090 x13:00001f80
            18837500           18822 1c00176a 00e787b3 add              x15, x15, x14       x15=000000a0 x15:00000080 x14:00000020
            18838500           18823 1c00176c 1a104737 lui              x14, 0x1a104000     x14=1a104000
            18839500           18824 1c001770 00a767a3 p.sw             x10, x0(x14)        x10:00000020 x14:1a104000  PA:1a1040a0
            18843500           18828 1c001774 00008067 jalr             x0, x1, 0            x1:1c001bca
            18844500           18829 1c001bca 16a0006f jal              x0, 362            
            18846500           18831 1c001d34 00900633 add              x12, x0, x9         x12=1c00234a  x9:1c00234a
            18847500           18832 1c001d36 e69ff06f jal              x0, -408           
            18850500           18835 1c001b9e 00064583 lbu              x11, 0(x12)         x11=00000028 x12:1c00234a  PA:1c00234a
            18867500           18852 1c001ba2 00160493 addi             x9, x12, 1           x9=1c00234b x12:1c00234a
            18868500           18853 1c001ba6 00059e63 bne              x11, x0, 28         x11:00000028
            18871500           18856 1c001bc2 01458563 beq              x11, x20, 10        x11:00000028 x20:00000025
            18872500           18857 1c001bc6 01200533 add              x10, x0, x18        x10=00000000 x18:00000000
            18873500           18858 1c001bc8 000980e7 jalr             x1, x19, 0           x1=1c001bca x19:1c001776
            18875500           18860 1c001776 00b00533 add              x10, x0, x11        x10=00000028 x11:00000028
            18876500           18861 1c001778 fddff06f jal              x0, -36            
            18878500           18863 1c001754 000026b7 lui              x13, 0x2000         x13=00002000
            18879500           18864 1c001756 f14027f3 csrrs            x15, x0, 0xf14      x15=00000024
            18880500           18865 1c00175a f8068693 addi             x13, x13, -128      x13=00001f80 x13:00002000
            18881500           18866 1c00175e 00379713 slli             x14, x15, 0x3       x14=00000120 x15:00000024
            18882500           18867 1c001762 00279793 slli             x15, x15, 0x2       x15=00000090 x15:00000024
            18883500           18868 1c001764 ee873733 p.bclr           x14, x14, 23, 8     x14=00000020 x14:00000120
            18884500           18869 1c001768 00d7f7b3 and              x15, x15, x13       x15=00000080 x15:00000090 x13:00001f80
            18885500           18870 1c00176a 00e787b3 add              x15, x15, x14       x15=000000a0 x15:00000080 x14:00000020
            18886500           18871 1c00176c 1a104737 lui              x14, 0x1a104000     x14=1a104000
            18887500           18872 1c001770 00a767a3 p.sw             x10, x0(x14)        x10:00000028 x14:1a104000  PA:1a1040a0
            18891500           18876 1c001774 00008067 jalr             x0, x1, 0            x1:1c001bca
            18892500           18877 1c001bca 16a0006f jal              x0, 362            
            18894500           18879 1c001d34 00900633 add              x12, x0, x9         x12=1c00234b  x9:1c00234b
            18895500           18880 1c001d36 e69ff06f jal              x0, -408           
            18898500           18883 1c001b9e 00064583 lbu              x11, 0(x12)         x11=00000025 x12:1c00234b  PA:1c00234b
            18914500           18899 1c001ba2 00160493 addi             x9, x12, 1           x9=1c00234c x12:1c00234b
            18915500           18900 1c001ba6 00059e63 bne              x11, x0, 28         x11:00000025
            18918500           18903 1c001bc2 01458563 beq              x11, x20, 10        x11:00000025 x20:00000025
            18921500           18906 1c001bcc 00414783 lbu              x15, 4(x2)          x15=000000xx  x2:104ff360  PA:104ff364
            18929500           18914 1c001bd0 00012423 sw               x0, 8(x2)            x2:104ff360  PA:104ff368
            18932500           18917 1c001bd2 00010623 sb               x0, 12(x2)           x2:104ff360  PA:104ff36c
            18933500           18918 1c001bd6 c00027b3 p.insert         x15, x0, 0, 0       x15=000000xX x15:000000xx
            18934500           18919 1c001bda c01027b3 p.insert         x15, x0, 0, 1       x15=000000xX x15:000000xX
            18952500           18937 1c001bde c03027b3 p.insert         x15, x0, 0, 3       x15=000000xX x15:000000xX
            18953500           18938 1c001be2 00f10223 sb               x15, 4(x2)          x15:000000xX  x2:104ff360  PA:104ff364
            18959500           18944 1c001be6 00000713 addi             x14, x0, 0          x14=00000000
            18960500           18945 1c001be8 00000613 addi             x12, x0, 0          x12=00000000
            18961500           18946 1c001bea 00000693 addi             x13, x0, 0          x13=00000000
            18962500           18947 1c001bec 00000513 addi             x10, x0, 0          x10=00000000
            18963500           18948 1c001bee 00000593 addi             x11, x0, 0          x11=00000000
            18974500           18959 1c001bf0 03000813 addi             x16, x0, 48         x16=00000030
            18975500           18960 1c001bf4 02300893 addi             x17, x0, 35         x17=00000023
            18976500           18961 1c001bf8 0004c783 lbu              x15, 0(x9)          x15=00000069  x9:1c00234c  PA:1c00234c
            19015500           19000 1c001bfc 00148c13 addi             x24, x9, 1          x24=1c00234d  x9:1c00234c
            19016500           19001 1c001c00 04079163 bne              x15, x0, 66         x15:00000069
            19023500           19008 1c001c42 01778c63 beq              x15, x23, 24        x15:00000069 x23:0000002d
            19024500           19009 1c001c46 01078663 beq              x15, x16, 12        x15:00000069 x16:00000030
            19025500           19010 1c001c4a fb179ce3 bne              x15, x17, -72       x15:00000069 x17:00000023
            19043500           19028 1c001c02 00050763 beq              x10, x0, 14         x10:00000000
            19066500           19051 1c001c10 00060763 beq              x12, x0, 14         x12:00000000
            19069500           19054 1c001c1e 00070763 beq              x14, x0, 14         x14:00000000
            19088500           19073 1c001c2c fd078713 addi             x14, x15, -48       x14=00000039 x15:00000069
            19105500           19090 1c001c30 0ff77713 andi             x14, x14, 255       x14=00000039 x14:00000039
            19106500           19091 1c001c34 00900693 addi             x13, x0, 9          x13=00000009
            19107500           19092 1c001c36 04e6eb63 bltu             x13, x14, 86        x13:00000009 x14:00000039
            19128500           19113 1c001c8c 02e00713 addi             x14, x0, 46         x14=0000002e
            19145500           19130 1c001c90 02e79163 bne              x15, x14, 34        x15:00000069 x14:0000002e
            19165500           19150 1c001cb2 07a00713 addi             x14, x0, 122        x14=0000007a
            19166500           19151 1c001cb6 04e79263 bne              x15, x14, 68        x15:00000069 x14:0000007a
            19214500           19199 1c001cfa 06c00713 addi             x14, x0, 108        x14=0000006c
            19242500           19227 1c001cfe 20e79463 bne              x15, x14, 520       x15:00000069 x14:0000006c
            19261500           19246 1c001f06 06900713 addi             x14, x0, 105        x14=00000069
            19262500           19247 1c001f0a 02e78a63 beq              x15, x14, 52        x15:00000069 x14:00000069
            19304500           19289 1c001f3e 018004b3 add              x9, x0, x24          x9=1c00234d x24:1c00234d
            19322500           19307 1c001f40 00000793 addi             x15, x0, 0          x15=00000000
            19323500           19308 1c001f42 e09ff06f jal              x0, -504           
            19345500           19330 1c001d4a 00a00713 addi             x14, x0, 10         x14=0000000a
            19346500           19331 1c001d4c 00e12823 sw               x14, 16(x2)         x14:0000000a  x2:104ff360  PA:104ff370
            19367500           19352 1c001d4e 0e27b363 p.bneimm         x15, 230            x15:00000000
            19397500           19382 1c001e34 00440c13 addi             x24, x8, 4          x24=104ff3e8  x8:104ff3e4
            19398500           19383 1c001e38 00042503 lw               x10, 0(x8)          x10=00000001  x8:104ff3e4  PA:104ff3e4
            19403500           19388 1c001e3a 0017bd63 p.bneimm         x15, 26             x15:00000000
            19453500           19438 1c001e54 00055863 bge              x10, x0, 16         x10:00000001
            19477500           19462 1c001e64 00410593 addi             x11, x2, 4          x11=104ff364  x2:104ff360
            19478500           19463 1c001e66 b99ff0ef jal              x1, -1128            x1=1c001e68
            19507500           19492 1c0019fe 0105a683 lw               x13, 16(x11)        x13=104ff378 x11:104ff364  PA:104ff374
            19527500           19512 1c001a00 00c5a703 lw               x14, 12(x11)        x14=0000000a x11:104ff364  PA:104ff370
            19531500           19516 1c001a02 00100793 addi             x15, x0, 1          x15=00000001
            19532500           19517 1c001a04 02f55633 divu             x12, x10, x15       x12=00000001 x10:00000001 x15:00000001
            19566500           19551 1c001a08 00e67863 bgeu             x12, x14, 16        x12:00000001 x14:0000000a
            19567500           19552 1c001a0c 00000613 addi             x12, x0, 0          x12=00000000
            19568500           19553 1c001a0e 00900313 addi             x6, x0, 9            x6=00000009
            19569500           19554 1c001a10 00079763 bne              x15, x0, 14         x15:00000001
            19572500           19557 1c001a1e 00c5a703 lw               x14, 12(x11)        x14=0000000a x11:104ff364  PA:104ff370
            19594500           19579 1c001a20 02f55833 divu             x16, x10, x15       x16=00000001 x10:00000001 x15:00000001
            19628500           19613 1c001a24 02f57533 remu             x10, x10, x15       x10=00000000 x10:00000001 x15:00000001
            19662500           19647 1c001a28 02e7d7b3 divu             x15, x15, x14       x15=00000000 x15:00000001 x14:0000000a
            19693500           19678 1c001a2c 00061763 bne              x12, x0, 14         x12:00000000
            19694500           19679 1c001a2e 01004663 blt              x0, x16, 12         x16:00000001
            19697500           19682 1c001a3a 03000713 addi             x14, x0, 48         x14=00000030
            19719500           19704 1c001a3e 01035c63 bge              x6, x16, 24          x6:00000009 x16:00000001
            19740500           19725 1c001a56 01070733 add              x14, x14, x16       x14=00000031 x14:00000030 x16:00000001
            19741500           19726 1c001a58 00e68023 sb               x14, 0(x13)         x14:00000031 x13:104ff378  PA:104ff378
            19745500           19730 1c001a5c 00160613 addi             x12, x12, 1         x12=00000001 x12:00000000
            19746500           19731 1c001a5e 00168693 addi             x13, x13, 1         x13=104ff379 x13:104ff378
            19760500           19745 1c001a60 fb1ff06f jal              x0, -80            
            19762500           19747 1c001a10 00079763 bne              x15, x0, 14         x15:00000000
            19763500           19748 1c001a12 00068023 sb               x0, 0(x13)          x13:104ff379  PA:104ff379
            19766500           19751 1c001a16 00008067 jalr             x0, x1, 0            x1:1c001e68
            19767500           19752 1c001e68 f17ff06f jal              x0, -234           
            19786500           19771 1c001d7e 00410613 addi             x12, x2, 4          x12=104ff364  x2:104ff360
            19806500           19791 1c001d80 013005b3 add              x11, x0, x19        x11=1c001776 x19:1c001776
            19807500           19792 1c001d82 01200533 add              x10, x0, x18        x10=00000000 x18:00000000
            19808500           19793 1c001d84 cdfff0ef jal              x1, -802             x1=1c001d86
            19810500           19795 1c001a62 fe010113 addi             x2, x2, -32          x2=104ff340  x2:104ff360
            19811500           19796 1c001a64 00812c23 sw               x8, 24(x2)           x8:104ff3e4  x2:104ff340  PA:104ff358
            19817500           19802 1c001a66 01062783 lw               x15, 16(x12)        x15=104ff378 x12:104ff364  PA:104ff374
            19818500           19803 1c001a68 00462403 lw               x8, 4(x12)           x8=00000000 x12:104ff364  PA:104ff368
            19819500           19804 1c001a6a 00912a23 sw               x9, 20(x2)           x9:1c00234d  x2:104ff340  PA:104ff354
            19820500           19805 1c001a6c 01212823 sw               x18, 16(x2)         x18:00000000  x2:104ff340  PA:104ff350
            19821500           19806 1c001a6e 01312623 sw               x19, 12(x2)         x19:1c001776  x2:104ff340  PA:104ff34c
            19835500           19820 1c001a70 00112e23 sw               x1, 28(x2)           x1:1c001d86  x2:104ff340  PA:104ff35c
            19840500           19825 1c001a72 01412423 sw               x20, 8(x2)          x20:00000025  x2:104ff340  PA:104ff348
            19841500           19826 1c001a74 00a00933 add              x18, x0, x10        x18=00000000 x10:00000000
            19842500           19827 1c001a76 00b009b3 add              x19, x0, x11        x19=1c001776 x11:1c001776
            19843500           19828 1c001a78 00c004b3 add              x9, x0, x12          x9=104ff364 x12:104ff364
            19844500           19829 1c001a7a 0017c70b p.lbu            x14, 1(x15!)        x14=00000031 x15=104ff379 x15:104ff378  PA:104ff378
            19846500           19831 1c001a7e 00070363 beq              x14, x0, 6          x14:00000031
            19862500           19847 1c001a80 08804863 blt              x0, x8, 144          x8:00000000
            19863500           19848 1c001a84 0084c783 lbu              x15, 8(x9)          x15=00000000  x9:104ff364  PA:104ff36c
            19866500           19851 1c001a88 00078263 beq              x15, x0, 4          x15:00000000
            19869500           19854 1c001a8c 0004c783 lbu              x15, 0(x9)          x15=000000xX  x9:104ff364  PA:104ff364
            19886500           19871 1c001a90 0027f713 andi             x14, x15, 2         x14=00000000 x15:000000xX
            19887500           19872 1c001a94 00070663 beq              x14, x0, 12         x14:00000000
            19906500           19891 1c001aa0 0097f793 andi             x15, x15, 9         x15=00000000 x15:000000xX
            19907500           19892 1c001aa2 00800a33 add              x20, x0, x8         x20=00000000  x8:00000000
            19908500           19893 1c001aa4 08078163 beq              x15, x0, 130        x15:00000000
            19928500           19913 1c001b26 ff404be3 blt              x0, x20, -10        x20:00000000
            19929500           19914 1c001b2a fff40793 addi             x15, x8, -1         x15=ffffffff  x8:00000000
            19951500           19936 1c001b2e 04046433 p.max            x8, x8, x0           x8=00000000  x8:00000000
            19952500           19937 1c001b32 40878433 sub              x8, x15, x8          x8=ffffffff x15:ffffffff  x8:00000000
            19953500           19938 1c001b36 f71ff06f jal              x0, -144           
            19955500           19940 1c001aa6 0084c583 lbu              x11, 8(x9)          x11=00000000  x9:104ff364  PA:104ff36c
            19959500           19944 1c001aaa 00058363 beq              x11, x0, 6          x11:00000000
            19977500           19962 1c001ab0 0004c783 lbu              x15, 0(x9)          x15=000000xX  x9:104ff364  PA:104ff364
            19981500           19966 1c001ab4 0027f793 andi             x15, x15, 2         x15=00000000 x15:000000xX
            19982500           19967 1c001ab6 02078363 beq              x15, x0, 38         x15:00000000
            20000500           19985 1c001adc 0004c783 lbu              x15, 0(x9)          x15=000000xX  x9:104ff364  PA:104ff364
            20018500           20003 1c001ae0 00800a33 add              x20, x0, x8         x20=ffffffff  x8:ffffffff
            20019500           20004 1c001ae2 fc17b7b3 p.bclr           x15, x15, 30, 1     x15=00000000 x15:000000xX
            20020500           20005 1c001ae6 06079363 bne              x15, x0, 102        x15:00000000
            20021500           20006 1c001ae8 0104aa03 lw               x20, 16(x9)         x20=104ff378  x9:104ff364  PA:104ff374
            20025500           20010 1c001aec 001a458b p.lbu            x11, 1(x20!)        x11=00000031 x20=104ff379 x20:104ff378  PA:104ff378
            20039500           20024 1c001af0 06059763 bne              x11, x0, 110        x11:00000031
            20059500           20044 1c001b5e 01200533 add              x10, x0, x18        x10=00000000 x18:00000000
            20077500           20062 1c001b60 000980e7 jalr             x1, x19, 0           x1=1c001b62 x19:1c001776
            20079500           20064 1c001776 00b00533 add              x10, x0, x11        x10=00000031 x11:00000031
            20080500           20065 1c001778 fddff06f jal              x0, -36            
            20082500           20067 1c001754 000026b7 lui              x13, 0x2000         x13=00002000
            20083500           20068 1c001756 f14027f3 csrrs            x15, x0, 0xf14      x15=00000024
            20084500           20069 1c00175a f8068693 addi             x13, x13, -128      x13=00001f80 x13:00002000
            20085500           20070 1c00175e 00379713 slli             x14, x15, 0x3       x14=00000120 x15:00000024
            20086500           20071 1c001762 00279793 slli             x15, x15, 0x2       x15=00000090 x15:00000024
            20087500           20072 1c001764 ee873733 p.bclr           x14, x14, 23, 8     x14=00000020 x14:00000120
            20088500           20073 1c001768 00d7f7b3 and              x15, x15, x13       x15=00000080 x15:00000090 x13:00001f80
            20089500           20074 1c00176a 00e787b3 add              x15, x15, x14       x15=000000a0 x15:00000080 x14:00000020
            20090500           20075 1c00176c 1a104737 lui              x14, 0x1a104000     x14=1a104000
            20091500           20076 1c001770 00a767a3 p.sw             x10, x0(x14)        x10:00000031 x14:1a104000  PA:1a1040a0
            20095500           20080 1c001774 00008067 jalr             x0, x1, 0            x1:1c001b62
            20096500           20081 1c001b62 f8bff06f jal              x0, -118           
            20098500           20083 1c001aec 001a458b p.lbu            x11, 1(x20!)        x11=00000000 x20=104ff37a x20:104ff379  PA:104ff379
            20102500           20087 1c001af0 06059763 bne              x11, x0, 110        x11:00000000
            20103500           20088 1c001af2 0004c783 lbu              x15, 0(x9)          x15=000000xX  x9:104ff364  PA:104ff364
            20105500           20090 1c001af6 0097f793 andi             x15, x15, 9         x15=00000000 x15:000000xX
            20106500           20091 1c001af8 0087b463 p.bneimm         x15, 8              x15:00000000
            20123500           20108 1c001b00 01c12083 lw               x1, 28(x2)           x1=1c001d86  x2:104ff340  PA:104ff35c
            20127500           20112 1c001b02 01812403 lw               x8, 24(x2)           x8=104ff3e4  x2:104ff340  PA:104ff358
            20128500           20113 1c001b04 01412483 lw               x9, 20(x2)           x9=1c00234d  x2:104ff340  PA:104ff354
            20129500           20114 1c001b06 01012903 lw               x18, 16(x2)         x18=00000000  x2:104ff340  PA:104ff350
            20130500           20115 1c001b08 00c12983 lw               x19, 12(x2)         x19=1c001776  x2:104ff340  PA:104ff34c
            20131500           20116 1c001b0a 00812a03 lw               x20, 8(x2)          x20=00000025  x2:104ff340  PA:104ff348
            20132500           20117 1c001b0c 02010113 addi             x2, x2, 32           x2=104ff360  x2:104ff340
            20133500           20118 1c001b0e 00008067 jalr             x0, x1, 0            x1:1c001d86
            20152500           20137 1c001d86 01800433 add              x8, x0, x24          x8=104ff3e8 x24:104ff3e8
            20153500           20138 1c001d88 fadff06f jal              x0, -84            
            20155500           20140 1c001d34 00900633 add              x12, x0, x9         x12=1c00234d  x9:1c00234d
            20156500           20141 1c001d36 e69ff06f jal              x0, -408           
            20159500           20144 1c001b9e 00064583 lbu              x11, 0(x12)         x11=0000002c x12:1c00234d  PA:1c00234d
            20182500           20167 1c001ba2 00160493 addi             x9, x12, 1           x9=1c00234e x12:1c00234d
            20183500           20168 1c001ba6 00059e63 bne              x11, x0, 28         x11:0000002c
            20186500           20171 1c001bc2 01458563 beq              x11, x20, 10        x11:0000002c x20:00000025
            20187500           20172 1c001bc6 01200533 add              x10, x0, x18        x10=00000000 x18:00000000
            20188500           20173 1c001bc8 000980e7 jalr             x1, x19, 0           x1=1c001bca x19:1c001776
            20190500           20175 1c001776 00b00533 add              x10, x0, x11        x10=0000002c x11:0000002c
            20191500           20176 1c001778 fddff06f jal              x0, -36            
            20193500           20178 1c001754 000026b7 lui              x13, 0x2000         x13=00002000
            20194500           20179 1c001756 f14027f3 csrrs            x15, x0, 0xf14      x15=00000024
            20195500           20180 1c00175a f8068693 addi             x13, x13, -128      x13=00001f80 x13:00002000
            20196500           20181 1c00175e 00379713 slli             x14, x15, 0x3       x14=00000120 x15:00000024
            20197500           20182 1c001762 00279793 slli             x15, x15, 0x2       x15=00000090 x15:00000024
            20198500           20183 1c001764 ee873733 p.bclr           x14, x14, 23, 8     x14=00000020 x14:00000120
            20199500           20184 1c001768 00d7f7b3 and              x15, x15, x13       x15=00000080 x15:00000090 x13:00001f80
            20200500           20185 1c00176a 00e787b3 add              x15, x15, x14       x15=000000a0 x15:00000080 x14:00000020
            20201500           20186 1c00176c 1a104737 lui              x14, 0x1a104000     x14=1a104000
            20202500           20187 1c001770 00a767a3 p.sw             x10, x0(x14)        x10:0000002c x14:1a104000  PA:1a1040a0
            20206500           20191 1c001774 00008067 jalr             x0, x1, 0            x1:1c001bca
            20207500           20192 1c001bca 16a0006f jal              x0, 362            
            20209500           20194 1c001d34 00900633 add              x12, x0, x9         x12=1c00234e  x9:1c00234e
            20210500           20195 1c001d36 e69ff06f jal              x0, -408           
            20213500           20198 1c001b9e 00064583 lbu              x11, 0(x12)         x11=00000020 x12:1c00234e  PA:1c00234e
            20231500           20216 1c001ba2 00160493 addi             x9, x12, 1           x9=1c00234f x12:1c00234e
            20232500           20217 1c001ba6 00059e63 bne              x11, x0, 28         x11:00000020
            20235500           20220 1c001bc2 01458563 beq              x11, x20, 10        x11:00000020 x20:00000025
            20236500           20221 1c001bc6 01200533 add              x10, x0, x18        x10=00000000 x18:00000000
            20237500           20222 1c001bc8 000980e7 jalr             x1, x19, 0           x1=1c001bca x19:1c001776
            20239500           20224 1c001776 00b00533 add              x10, x0, x11        x10=00000020 x11:00000020
            20240500           20225 1c001778 fddff06f jal              x0, -36            
            20242500           20227 1c001754 000026b7 lui              x13, 0x2000         x13=00002000
            20243500           20228 1c001756 f14027f3 csrrs            x15, x0, 0xf14      x15=00000024
            20244500           20229 1c00175a f8068693 addi             x13, x13, -128      x13=00001f80 x13:00002000
            20245500           20230 1c00175e 00379713 slli             x14, x15, 0x3       x14=00000120 x15:00000024
            20246500           20231 1c001762 00279793 slli             x15, x15, 0x2       x15=00000090 x15:00000024
            20247500           20232 1c001764 ee873733 p.bclr           x14, x14, 23, 8     x14=00000020 x14:00000120
            20248500           20233 1c001768 00d7f7b3 and              x15, x15, x13       x15=00000080 x15:00000090 x13:00001f80
            20249500           20234 1c00176a 00e787b3 add              x15, x15, x14       x15=000000a0 x15:00000080 x14:00000020
            20250500           20235 1c00176c 1a104737 lui              x14, 0x1a104000     x14=1a104000
            20251500           20236 1c001770 00a767a3 p.sw             x10, x0(x14)        x10:00000020 x14:1a104000  PA:1a1040a0
            20255500           20240 1c001774 00008067 jalr             x0, x1, 0            x1:1c001bca
            20256500           20241 1c001bca 16a0006f jal              x0, 362            
            20258500           20243 1c001d34 00900633 add              x12, x0, x9         x12=1c00234f  x9:1c00234f
            20259500           20244 1c001d36 e69ff06f jal              x0, -408           
            20262500           20247 1c001b9e 00064583 lbu              x11, 0(x12)         x11=00000025 x12:1c00234f  PA:1c00234f
            20279500           20264 1c001ba2 00160493 addi             x9, x12, 1           x9=1c002350 x12:1c00234f
            20280500           20265 1c001ba6 00059e63 bne              x11, x0, 28         x11:00000025
            20283500           20268 1c001bc2 01458563 beq              x11, x20, 10        x11:00000025 x20:00000025
            20286500           20271 1c001bcc 00414783 lbu              x15, 4(x2)          x15=000000xX  x2:104ff360  PA:104ff364
            20287500           20272 1c001bd0 00012423 sw               x0, 8(x2)            x2:104ff360  PA:104ff368
            20288500           20273 1c001bd2 00010623 sb               x0, 12(x2)           x2:104ff360  PA:104ff36c
            20289500           20274 1c001bd6 c00027b3 p.insert         x15, x0, 0, 0       x15=000000xX x15:000000xX
            20290500           20275 1c001bda c01027b3 p.insert         x15, x0, 0, 1       x15=000000xX x15:000000xX
            20291500           20276 1c001bde c03027b3 p.insert         x15, x0, 0, 3       x15=000000xX x15:000000xX
            20292500           20277 1c001be2 00f10223 sb               x15, 4(x2)          x15:000000xX  x2:104ff360  PA:104ff364
            20293500           20278 1c001be6 00000713 addi             x14, x0, 0          x14=00000000
            20294500           20279 1c001be8 00000613 addi             x12, x0, 0          x12=00000000
            20295500           20280 1c001bea 00000693 addi             x13, x0, 0          x13=00000000
            20296500           20281 1c001bec 00000513 addi             x10, x0, 0          x10=00000000
            20297500           20282 1c001bee 00000593 addi             x11, x0, 0          x11=00000000
            20298500           20283 1c001bf0 03000813 addi             x16, x0, 48         x16=00000030
            20299500           20284 1c001bf4 02300893 addi             x17, x0, 35         x17=00000023
            20300500           20285 1c001bf8 0004c783 lbu              x15, 0(x9)          x15=00000069  x9:1c002350  PA:1c002350
            20317500           20302 1c001bfc 00148c13 addi             x24, x9, 1          x24=1c002351  x9:1c002350
            20318500           20303 1c001c00 04079163 bne              x15, x0, 66         x15:00000069
            20321500           20306 1c001c42 01778c63 beq              x15, x23, 24        x15:00000069 x23:0000002d
            20322500           20307 1c001c46 01078663 beq              x15, x16, 12        x15:00000069 x16:00000030
            20323500           20308 1c001c4a fb179ce3 bne              x15, x17, -72       x15:00000069 x17:00000023
            20326500           20311 1c001c02 00050763 beq              x10, x0, 14         x10:00000000
            20329500           20314 1c001c10 00060763 beq              x12, x0, 14         x12:00000000
            20332500           20317 1c001c1e 00070763 beq              x14, x0, 14         x14:00000000
            20335500           20320 1c001c2c fd078713 addi             x14, x15, -48       x14=00000039 x15:00000069
            20336500           20321 1c001c30 0ff77713 andi             x14, x14, 255       x14=00000039 x14:00000039
            20337500           20322 1c001c34 00900693 addi             x13, x0, 9          x13=00000009
            20338500           20323 1c001c36 04e6eb63 bltu             x13, x14, 86        x13:00000009 x14:00000039
            20341500           20326 1c001c8c 02e00713 addi             x14, x0, 46         x14=0000002e
            20342500           20327 1c001c90 02e79163 bne              x15, x14, 34        x15:00000069 x14:0000002e
            20345500           20330 1c001cb2 07a00713 addi             x14, x0, 122        x14=0000007a
            20346500           20331 1c001cb6 04e79263 bne              x15, x14, 68        x15:00000069 x14:0000007a
            20349500           20334 1c001cfa 06c00713 addi             x14, x0, 108        x14=0000006c
            20351500           20336 1c001cfe 20e79463 bne              x15, x14, 520       x15:00000069 x14:0000006c
            20354500           20339 1c001f06 06900713 addi             x14, x0, 105        x14=00000069
            20355500           20340 1c001f0a 02e78a63 beq              x15, x14, 52        x15:00000069 x14:00000069
            20358500           20343 1c001f3e 018004b3 add              x9, x0, x24          x9=1c002351 x24:1c002351
            20359500           20344 1c001f40 00000793 addi             x15, x0, 0          x15=00000000
            20360500           20345 1c001f42 e09ff06f jal              x0, -504           
            20362500           20347 1c001d4a 00a00713 addi             x14, x0, 10         x14=0000000a
            20363500           20348 1c001d4c 00e12823 sw               x14, 16(x2)         x14:0000000a  x2:104ff360  PA:104ff370
            20364500           20349 1c001d4e 0e27b363 p.bneimm         x15, 230            x15:00000000
            20367500           20352 1c001e34 00440c13 addi             x24, x8, 4          x24=104ff3ec  x8:104ff3e8
            20368500           20353 1c001e38 00042503 lw               x10, 0(x8)          x10=00000004  x8:104ff3e8  PA:104ff3e8
            20369500           20354 1c001e3a 0017bd63 p.bneimm         x15, 26             x15:00000000
            20372500           20357 1c001e54 00055863 bge              x10, x0, 16         x10:00000004
            20375500           20360 1c001e64 00410593 addi             x11, x2, 4          x11=104ff364  x2:104ff360
            20376500           20361 1c001e66 b99ff0ef jal              x1, -1128            x1=1c001e68
            20378500           20363 1c0019fe 0105a683 lw               x13, 16(x11)        x13=104ff378 x11:104ff364  PA:104ff374
            20379500           20364 1c001a00 00c5a703 lw               x14, 12(x11)        x14=0000000a x11:104ff364  PA:104ff370
            20380500           20365 1c001a02 00100793 addi             x15, x0, 1          x15=00000001
            20381500           20366 1c001a04 02f55633 divu             x12, x10, x15       x12=00000004 x10:00000004 x15:00000001
            20415500           20400 1c001a08 00e67863 bgeu             x12, x14, 16        x12:00000004 x14:0000000a
            20416500           20401 1c001a0c 00000613 addi             x12, x0, 0          x12=00000000
            20417500           20402 1c001a0e 00900313 addi             x6, x0, 9            x6=00000009
            20418500           20403 1c001a10 00079763 bne              x15, x0, 14         x15:00000001
            20421500           20406 1c001a1e 00c5a703 lw               x14, 12(x11)        x14=0000000a x11:104ff364  PA:104ff370
            20422500           20407 1c001a20 02f55833 divu             x16, x10, x15       x16=00000004 x10:00000004 x15:00000001
            20456500           20441 1c001a24 02f57533 remu             x10, x10, x15       x10=00000000 x10:00000004 x15:00000001
            20490500           20475 1c001a28 02e7d7b3 divu             x15, x15, x14       x15=00000000 x15:00000001 x14:0000000a
            20521500           20506 1c001a2c 00061763 bne              x12, x0, 14         x12:00000000
            20522500           20507 1c001a2e 01004663 blt              x0, x16, 12         x16:00000004
            20525500           20510 1c001a3a 03000713 addi             x14, x0, 48         x14=00000030
            20527500           20512 1c001a3e 01035c63 bge              x6, x16, 24          x6:00000009 x16:00000004
            20530500           20515 1c001a56 01070733 add              x14, x14, x16       x14=00000034 x14:00000030 x16:00000004
            20531500           20516 1c001a58 00e68023 sb               x14, 0(x13)         x14:00000034 x13:104ff378  PA:104ff378
            20532500           20517 1c001a5c 00160613 addi             x12, x12, 1         x12=00000001 x12:00000000
            20533500           20518 1c001a5e 00168693 addi             x13, x13, 1         x13=104ff379 x13:104ff378
            20534500           20519 1c001a60 fb1ff06f jal              x0, -80            
            20536500           20521 1c001a10 00079763 bne              x15, x0, 14         x15:00000000
            20537500           20522 1c001a12 00068023 sb               x0, 0(x13)          x13:104ff379  PA:104ff379
            20538500           20523 1c001a16 00008067 jalr             x0, x1, 0            x1:1c001e68
            20540500           20525 1c001e68 f17ff06f jal              x0, -234           
            20542500           20527 1c001d7e 00410613 addi             x12, x2, 4          x12=104ff364  x2:104ff360
            20543500           20528 1c001d80 013005b3 add              x11, x0, x19        x11=1c001776 x19:1c001776
            20544500           20529 1c001d82 01200533 add              x10, x0, x18        x10=00000000 x18:00000000
            20545500           20530 1c001d84 cdfff0ef jal              x1, -802             x1=1c001d86
            20547500           20532 1c001a62 fe010113 addi             x2, x2, -32          x2=104ff340  x2:104ff360
            20548500           20533 1c001a64 00812c23 sw               x8, 24(x2)           x8:104ff3e8  x2:104ff340  PA:104ff358
            20549500           20534 1c001a66 01062783 lw               x15, 16(x12)        x15=104ff378 x12:104ff364  PA:104ff374
            20550500           20535 1c001a68 00462403 lw               x8, 4(x12)           x8=00000000 x12:104ff364  PA:104ff368
            20551500           20536 1c001a6a 00912a23 sw               x9, 20(x2)           x9:1c002351  x2:104ff340  PA:104ff354
            20552500           20537 1c001a6c 01212823 sw               x18, 16(x2)         x18:00000000  x2:104ff340  PA:104ff350
            20553500           20538 1c001a6e 01312623 sw               x19, 12(x2)         x19:1c001776  x2:104ff340  PA:104ff34c
            20554500           20539 1c001a70 00112e23 sw               x1, 28(x2)           x1:1c001d86  x2:104ff340  PA:104ff35c
            20555500           20540 1c001a72 01412423 sw               x20, 8(x2)          x20:00000025  x2:104ff340  PA:104ff348
            20556500           20541 1c001a74 00a00933 add              x18, x0, x10        x18=00000000 x10:00000000
            20557500           20542 1c001a76 00b009b3 add              x19, x0, x11        x19=1c001776 x11:1c001776
            20558500           20543 1c001a78 00c004b3 add              x9, x0, x12          x9=104ff364 x12:104ff364
            20559500           20544 1c001a7a 0017c70b p.lbu            x14, 1(x15!)        x14=00000034 x15=104ff379 x15:104ff378  PA:104ff378
            20561500           20546 1c001a7e 00070363 beq              x14, x0, 6          x14:00000034
            20562500           20547 1c001a80 08804863 blt              x0, x8, 144          x8:00000000
            20563500           20548 1c001a84 0084c783 lbu              x15, 8(x9)          x15=00000000  x9:104ff364  PA:104ff36c
            20565500           20550 1c001a88 00078263 beq              x15, x0, 4          x15:00000000
            20568500           20553 1c001a8c 0004c783 lbu              x15, 0(x9)          x15=000000xX  x9:104ff364  PA:104ff364
            20570500           20555 1c001a90 0027f713 andi             x14, x15, 2         x14=00000000 x15:000000xX
            20571500           20556 1c001a94 00070663 beq              x14, x0, 12         x14:00000000
            20574500           20559 1c001aa0 0097f793 andi             x15, x15, 9         x15=00000000 x15:000000xX
            20575500           20560 1c001aa2 00800a33 add              x20, x0, x8         x20=00000000  x8:00000000
            20576500           20561 1c001aa4 08078163 beq              x15, x0, 130        x15:00000000
            20579500           20564 1c001b26 ff404be3 blt              x0, x20, -10        x20:00000000
            20580500           20565 1c001b2a fff40793 addi             x15, x8, -1         x15=ffffffff  x8:00000000
            20581500           20566 1c001b2e 04046433 p.max            x8, x8, x0           x8=00000000  x8:00000000
            20582500           20567 1c001b32 40878433 sub              x8, x15, x8          x8=ffffffff x15:ffffffff  x8:00000000
            20583500           20568 1c001b36 f71ff06f jal              x0, -144           
            20585500           20570 1c001aa6 0084c583 lbu              x11, 8(x9)          x11=00000000  x9:104ff364  PA:104ff36c
            20587500           20572 1c001aaa 00058363 beq              x11, x0, 6          x11:00000000
            20590500           20575 1c001ab0 0004c783 lbu              x15, 0(x9)          x15=000000xX  x9:104ff364  PA:104ff364
            20592500           20577 1c001ab4 0027f793 andi             x15, x15, 2         x15=00000000 x15:000000xX
            20593500           20578 1c001ab6 02078363 beq              x15, x0, 38         x15:00000000
            20596500           20581 1c001adc 0004c783 lbu              x15, 0(x9)          x15=000000xX  x9:104ff364  PA:104ff364
            20597500           20582 1c001ae0 00800a33 add              x20, x0, x8         x20=ffffffff  x8:ffffffff
            20598500           20583 1c001ae2 fc17b7b3 p.bclr           x15, x15, 30, 1     x15=00000000 x15:000000xX
            20599500           20584 1c001ae6 06079363 bne              x15, x0, 102        x15:00000000
            20600500           20585 1c001ae8 0104aa03 lw               x20, 16(x9)         x20=104ff378  x9:104ff364  PA:104ff374
            20602500           20587 1c001aec 001a458b p.lbu            x11, 1(x20!)        x11=00000034 x20=104ff379 x20:104ff378  PA:104ff378
            20604500           20589 1c001af0 06059763 bne              x11, x0, 110        x11:00000034
            20607500           20592 1c001b5e 01200533 add              x10, x0, x18        x10=00000000 x18:00000000
            20608500           20593 1c001b60 000980e7 jalr             x1, x19, 0           x1=1c001b62 x19:1c001776
            20610500           20595 1c001776 00b00533 add              x10, x0, x11        x10=00000034 x11:00000034
            20611500           20596 1c001778 fddff06f jal              x0, -36            
            20613500           20598 1c001754 000026b7 lui              x13, 0x2000         x13=00002000
            20614500           20599 1c001756 f14027f3 csrrs            x15, x0, 0xf14      x15=00000024
            20615500           20600 1c00175a f8068693 addi             x13, x13, -128      x13=00001f80 x13:00002000
            20616500           20601 1c00175e 00379713 slli             x14, x15, 0x3       x14=00000120 x15:00000024
            20617500           20602 1c001762 00279793 slli             x15, x15, 0x2       x15=00000090 x15:00000024
            20618500           20603 1c001764 ee873733 p.bclr           x14, x14, 23, 8     x14=00000020 x14:00000120
            20619500           20604 1c001768 00d7f7b3 and              x15, x15, x13       x15=00000080 x15:00000090 x13:00001f80
            20620500           20605 1c00176a 00e787b3 add              x15, x15, x14       x15=000000a0 x15:00000080 x14:00000020
            20621500           20606 1c00176c 1a104737 lui              x14, 0x1a104000     x14=1a104000
            20622500           20607 1c001770 00a767a3 p.sw             x10, x0(x14)        x10:00000034 x14:1a104000  PA:1a1040a0
            20626500           20611 1c001774 00008067 jalr             x0, x1, 0            x1:1c001b62
            20627500           20612 1c001b62 f8bff06f jal              x0, -118           
            20629500           20614 1c001aec 001a458b p.lbu            x11, 1(x20!)        x11=00000000 x20=104ff37a x20:104ff379  PA:104ff379
            20631500           20616 1c001af0 06059763 bne              x11, x0, 110        x11:00000000
            20632500           20617 1c001af2 0004c783 lbu              x15, 0(x9)          x15=000000xX  x9:104ff364  PA:104ff364
            20634500           20619 1c001af6 0097f793 andi             x15, x15, 9         x15=00000000 x15:000000xX
            20635500           20620 1c001af8 0087b463 p.bneimm         x15, 8              x15:00000000
            20638500           20623 1c001b00 01c12083 lw               x1, 28(x2)           x1=1c001d86  x2:104ff340  PA:104ff35c
            20639500           20624 1c001b02 01812403 lw               x8, 24(x2)           x8=104ff3e8  x2:104ff340  PA:104ff358
            20640500           20625 1c001b04 01412483 lw               x9, 20(x2)           x9=1c002351  x2:104ff340  PA:104ff354
            20641500           20626 1c001b06 01012903 lw               x18, 16(x2)         x18=00000000  x2:104ff340  PA:104ff350
            20642500           20627 1c001b08 00c12983 lw               x19, 12(x2)         x19=1c001776  x2:104ff340  PA:104ff34c
            20643500           20628 1c001b0a 00812a03 lw               x20, 8(x2)          x20=00000025  x2:104ff340  PA:104ff348
            20644500           20629 1c001b0c 02010113 addi             x2, x2, 32           x2=104ff360  x2:104ff340
            20645500           20630 1c001b0e 00008067 jalr             x0, x1, 0            x1:1c001d86
            20647500           20632 1c001d86 01800433 add              x8, x0, x24          x8=104ff3ec x24:104ff3ec
            20648500           20633 1c001d88 fadff06f jal              x0, -84            
            20650500           20635 1c001d34 00900633 add              x12, x0, x9         x12=1c002351  x9:1c002351
            20651500           20636 1c001d36 e69ff06f jal              x0, -408           
            20654500           20639 1c001b9e 00064583 lbu              x11, 0(x12)         x11=00000029 x12:1c002351  PA:1c002351
            20676500           20661 1c001ba2 00160493 addi             x9, x12, 1           x9=1c002352 x12:1c002351
            20677500           20662 1c001ba6 00059e63 bne              x11, x0, 28         x11:00000029
            20680500           20665 1c001bc2 01458563 beq              x11, x20, 10        x11:00000029 x20:00000025
            20681500           20666 1c001bc6 01200533 add              x10, x0, x18        x10=00000000 x18:00000000
            20682500           20667 1c001bc8 000980e7 jalr             x1, x19, 0           x1=1c001bca x19:1c001776
            20684500           20669 1c001776 00b00533 add              x10, x0, x11        x10=00000029 x11:00000029
            20685500           20670 1c001778 fddff06f jal              x0, -36            
            20687500           20672 1c001754 000026b7 lui              x13, 0x2000         x13=00002000
            20688500           20673 1c001756 f14027f3 csrrs            x15, x0, 0xf14      x15=00000024
            20689500           20674 1c00175a f8068693 addi             x13, x13, -128      x13=00001f80 x13:00002000
            20690500           20675 1c00175e 00379713 slli             x14, x15, 0x3       x14=00000120 x15:00000024
            20691500           20676 1c001762 00279793 slli             x15, x15, 0x2       x15=00000090 x15:00000024
            20692500           20677 1c001764 ee873733 p.bclr           x14, x14, 23, 8     x14=00000020 x14:00000120
            20693500           20678 1c001768 00d7f7b3 and              x15, x15, x13       x15=00000080 x15:00000090 x13:00001f80
            20694500           20679 1c00176a 00e787b3 add              x15, x15, x14       x15=000000a0 x15:00000080 x14:00000020
            20695500           20680 1c00176c 1a104737 lui              x14, 0x1a104000     x14=1a104000
            20696500           20681 1c001770 00a767a3 p.sw             x10, x0(x14)        x10:00000029 x14:1a104000  PA:1a1040a0
            20700500           20685 1c001774 00008067 jalr             x0, x1, 0            x1:1c001bca
            20701500           20686 1c001bca 16a0006f jal              x0, 362            
            20703500           20688 1c001d34 00900633 add              x12, x0, x9         x12=1c002352  x9:1c002352
            20704500           20689 1c001d36 e69ff06f jal              x0, -408           
            20707500           20692 1c001b9e 00064583 lbu              x11, 0(x12)         x11=00000021 x12:1c002352  PA:1c002352
            20723500           20708 1c001ba2 00160493 addi             x9, x12, 1           x9=1c002353 x12:1c002352
            20724500           20709 1c001ba6 00059e63 bne              x11, x0, 28         x11:00000021
            20727500           20712 1c001bc2 01458563 beq              x11, x20, 10        x11:00000021 x20:00000025
            20728500           20713 1c001bc6 01200533 add              x10, x0, x18        x10=00000000 x18:00000000
            20729500           20714 1c001bc8 000980e7 jalr             x1, x19, 0           x1=1c001bca x19:1c001776
            20731500           20716 1c001776 00b00533 add              x10, x0, x11        x10=00000021 x11:00000021
            20732500           20717 1c001778 fddff06f jal              x0, -36            
            20734500           20719 1c001754 000026b7 lui              x13, 0x2000         x13=00002000
            20735500           20720 1c001756 f14027f3 csrrs            x15, x0, 0xf14      x15=00000024
            20736500           20721 1c00175a f8068693 addi             x13, x13, -128      x13=00001f80 x13:00002000
            20737500           20722 1c00175e 00379713 slli             x14, x15, 0x3       x14=00000120 x15:00000024
            20738500           20723 1c001762 00279793 slli             x15, x15, 0x2       x15=00000090 x15:00000024
            20739500           20724 1c001764 ee873733 p.bclr           x14, x14, 23, 8     x14=00000020 x14:00000120
            20740500           20725 1c001768 00d7f7b3 and              x15, x15, x13       x15=00000080 x15:00000090 x13:00001f80
            20741500           20726 1c00176a 00e787b3 add              x15, x15, x14       x15=000000a0 x15:00000080 x14:00000020
            20742500           20727 1c00176c 1a104737 lui              x14, 0x1a104000     x14=1a104000
            20743500           20728 1c001770 00a767a3 p.sw             x10, x0(x14)        x10:00000021 x14:1a104000  PA:1a1040a0
            20747500           20732 1c001774 00008067 jalr             x0, x1, 0            x1:1c001bca
            20748500           20733 1c001bca 16a0006f jal              x0, 362            
            20750500           20735 1c001d34 00900633 add              x12, x0, x9         x12=1c002353  x9:1c002353
            20751500           20736 1c001d36 e69ff06f jal              x0, -408           
            20754500           20739 1c001b9e 00064583 lbu              x11, 0(x12)         x11=0000000a x12:1c002353  PA:1c002353
            20768500           20753 1c001ba2 00160493 addi             x9, x12, 1           x9=1c002354 x12:1c002353
            20769500           20754 1c001ba6 00059e63 bne              x11, x0, 28         x11:0000000a
            20772500           20757 1c001bc2 01458563 beq              x11, x20, 10        x11:0000000a x20:00000025
            20773500           20758 1c001bc6 01200533 add              x10, x0, x18        x10=00000000 x18:00000000
            20774500           20759 1c001bc8 000980e7 jalr             x1, x19, 0           x1=1c001bca x19:1c001776
            20776500           20761 1c001776 00b00533 add              x10, x0, x11        x10=0000000a x11:0000000a
            20777500           20762 1c001778 fddff06f jal              x0, -36            
            20779500           20764 1c001754 000026b7 lui              x13, 0x2000         x13=00002000
            20780500           20765 1c001756 f14027f3 csrrs            x15, x0, 0xf14      x15=00000024
            20781500           20766 1c00175a f8068693 addi             x13, x13, -128      x13=00001f80 x13:00002000
            20782500           20767 1c00175e 00379713 slli             x14, x15, 0x3       x14=00000120 x15:00000024
            20783500           20768 1c001762 00279793 slli             x15, x15, 0x2       x15=00000090 x15:00000024
            20784500           20769 1c001764 ee873733 p.bclr           x14, x14, 23, 8     x14=00000020 x14:00000120
            20785500           20770 1c001768 00d7f7b3 and              x15, x15, x13       x15=00000080 x15:00000090 x13:00001f80
            20786500           20771 1c00176a 00e787b3 add              x15, x15, x14       x15=000000a0 x15:00000080 x14:00000020
            20787500           20772 1c00176c 1a104737 lui              x14, 0x1a104000     x14=1a104000
            20788500           20773 1c001770 00a767a3 p.sw             x10, x0(x14)        x10:0000000a x14:1a104000  PA:1a1040a0
            20792500           20777 1c001774 00008067 jalr             x0, x1, 0            x1:1c001bca
            20793500           20778 1c001bca 16a0006f jal              x0, 362            
            20795500           20780 1c001d34 00900633 add              x12, x0, x9         x12=1c002354  x9:1c002354
            20796500           20781 1c001d36 e69ff06f jal              x0, -408           
            20799500           20784 1c001b9e 00064583 lbu              x11, 0(x12)         x11=00000000 x12:1c002354  PA:1c002354
            20816500           20801 1c001ba2 00160493 addi             x9, x12, 1           x9=1c002355 x12:1c002354
            20817500           20802 1c001ba6 00059e63 bne              x11, x0, 28         x11:00000000
            20818500           20803 1c001ba8 05c12083 lw               x1, 92(x2)           x1=1c001834  x2:104ff360  PA:104ff3bc
            20819500           20804 1c001baa 05812403 lw               x8, 88(x2)           x8=00000000  x2:104ff360  PA:104ff3b8
            20820500           20805 1c001bac 05412483 lw               x9, 84(x2)           x9=00000000  x2:104ff360  PA:104ff3b4
            20821500           20806 1c001bae 05012903 lw               x18, 80(x2)         x18=1b204000  x2:104ff360  PA:104ff3b0
            20822500           20807 1c001bb0 04c12983 lw               x19, 76(x2)         x19=00000004  x2:104ff360  PA:104ff3ac
            20823500           20808 1c001bb2 04812a03 lw               x20, 72(x2)         x20=1c00220c  x2:104ff360  PA:104ff3a8
            20824500           20809 1c001bb4 04412a83 lw               x21, 68(x2)         x21=1c002210  x2:104ff360  PA:104ff3a4
            20825500           20810 1c001bb6 04012b03 lw               x22, 64(x2)         x22=00000000  x2:104ff360  PA:104ff3a0
            20826500           20811 1c001bb8 03c12b83 lw               x23, 60(x2)         x23=00000000  x2:104ff360  PA:104ff39c
            20827500           20812 1c001bba 03812c03 lw               x24, 56(x2)         x24=00000000  x2:104ff360  PA:104ff398
            20828500           20813 1c001bbc 03412c83 lw               x25, 52(x2)         x25=00000000  x2:104ff360  PA:104ff394
            20829500           20814 1c001bbe 06010113 addi             x2, x2, 96           x2=104ff3c0  x2:104ff360
            20830500           20815 1c001bc0 00008067 jalr             x0, x1, 0            x1:1c001834
            20832500           20817 1c001834 01c12083 lw               x1, 28(x2)           x1=1c00220c  x2:104ff3c0  PA:104ff3dc
            20834500           20819 1c001836 00000513 addi             x10, x0, 0          x10=00000000
            20835500           20820 1c001838 04010113 addi             x2, x2, 64           x2=104ff400  x2:104ff3c0
            20836500           20821 1c00183a 00008067 jalr             x0, x1, 0            x1:1c00220c
            20838500           20823 1c00220c 21c96283 p.elw            x5, 540(x18)         x5=00000000 x18:1b204000  PA:1b20421c
