                Time          Cycles PC       Instr    Mnemonic
            12603500           12588 1c000080 0180006f jal              x0, 24             
            12621500           12606 1c000098 f1402573 csrrs            x10, x0, 0xf14      x10=00000027
            12622500           12607 1c00009c 01f57593 andi             x11, x10, 31        x11=00000007 x10:00000027
            12639500           12624 1c0000a0 00555513 srli             x10, x10, 0x5       x10=00000001 x10:00000027
            12640500           12625 1c0000a2 00058463 beq              x11, x0, 8          x11:00000007
            12641500           12626 1c0000a6 05a0206f jal              x0, 8282           
            12659500           12644 1c002100 000702b7 lui              x5, 0x70000          x5=00070000
            12660500           12645 1c002104 1b204337 lui              x6, 0x1b204000       x6=1b204000
            12661500           12646 1c002108 00532023 sw               x5, 0(x6)            x5:00070000  x6:1b204000  PA:1b204000
            12662500           12647 1c00210c 0e059163 bne              x11, x0, 226        x11:00000007
            12714500           12699 1c0021ee 1b204937 lui              x18, 0x1b204000     x18=1b204000
            12715500           12700 1c0021f2 f14029f3 csrrs            x19, x0, 0xf14      x19=00000027
            12716500           12701 1c0021f6 01f9f993 andi             x19, x19, 31        x19=00000007 x19:00000027
            12717500           12702 1c0021fa 00000a17 auipc            x20, 0x0            x20=1c0021fa
            12734500           12719 1c0021fe 012a0a13 addi             x20, x20, 18        x20=1c00220c x20:1c0021fa
            12735500           12720 1c002202 00000a97 auipc            x21, 0x0            x21=1c002202
            12736500           12721 1c002206 00ea8a93 addi             x21, x21, 14        x21=1c002210 x21:1c002202
            12737500           12722 1c00220a 0060006f jal              x0, 6              
            12757500           12742 1c002210 08096283 p.elw            x5, 128(x18)         x5=1c00222d x18:1b204000  PA:1b204080
            17807500           17792 1c002214 08096503 p.elw            x10, 128(x18)       x10=00000400 x18:1b204000  PA:1b204080
            17825500           17810 1c002218 0012f313 andi             x6, x5, 1            x6=00000001  x5:1c00222d
            17826500           17811 1c00221c 00031563 bne              x6, x0, 10           x6:00000001
            17844500           17829 1c002226 000a80b3 add              x1, x21, x0          x1=1c002210 x21:1c002210
            17845500           17830 1c00222a 00028067 jalr             x0, x5, 0            x5:1c00222d
            17847500           17832 1c00222c 08096283 p.elw            x5, 128(x18)         x5=104fe400 x18:1b204000  PA:1b204080
            17871500           17856 1c002230 02a98533 mul              x10, x19, x10       x10=00001c00 x19:00000007 x10:00000400
            17872500           17857 1c002234 00550133 add              x2, x10, x5          x2=10500000 x10:00001c00  x5:104fe400
            17873500           17858 1c002238 00008067 jalr             x0, x1, 0            x1:1c002210
            17875500           17860 1c002210 08096283 p.elw            x5, 128(x18)         x5=1c0009bc x18:1b204000  PA:1b204080
            17911500           17896 1c002214 08096503 p.elw            x10, 128(x18)       x10=00000000 x18:1b204000  PA:1b204080
            17919500           17904 1c002218 0012f313 andi             x6, x5, 1            x6=00000000  x5:1c0009bc
            17920500           17905 1c00221c 00031563 bne              x6, x0, 10           x6:00000000
            17921500           17906 1c002220 000a00b3 add              x1, x20, x0          x1=1c00220c x20:1c00220c
            17922500           17907 1c002224 00028067 jalr             x0, x5, 0            x5:1c0009bc
            17940500           17925 1c0009bc f1402673 csrrs            x12, x0, 0xf14      x12=00000027
            17957500           17942 1c0009c0 1c002537 lui              x10, 0x1c002000     x10=1c002000
            17958500           17943 1c0009c4 40565593 srai             x11, x12, 0x405     x11=00000001 x12:00000027
            17959500           17944 1c0009c8 f265b5b3 p.bclr           x11, x11, 25, 6     x11=00000001 x11:00000001
            17960500           17945 1c0009cc f4563633 p.bclr           x12, x12, 26, 5     x12=00000007 x12:00000027
            17961500           17946 1c0009d0 33c50513 addi             x10, x10, 828       x10=1c00233c x10:1c002000
            17962500           17947 1c0009d4 63d0006f jal              x0, 3644           
            17980500           17965 1c001810 fc010113 addi             x2, x2, -64          x2=104fffc0  x2:10500000
            17981500           17966 1c001812 02b12223 sw               x11, 36(x2)         x11:00000001  x2:104fffc0  PA:104fffe4
            17988500           17973 1c001814 1c0015b7 lui              x11, 0x1c001000     x11=1c001000
            17989500           17974 1c001818 02c12423 sw               x12, 40(x2)         x12:00000007  x2:104fffc0  PA:104fffe8
            17990500           17975 1c00181a 02d12623 sw               x13, 44(x2)         x13:00000000  x2:104fffc0  PA:104fffec
            17991500           17976 1c00181c 00a00633 add              x12, x0, x10        x12=1c00233c x10:1c00233c
            17992500           17977 1c00181e 02410693 addi             x13, x2, 36         x13=104fffe4  x2:104fffc0
            18002500           17987 1c001820 00000513 addi             x10, x0, 0          x10=00000000
            18003500           17988 1c001822 77658593 addi             x11, x11, 1910      x11=1c001776 x11:1c001000
            18004500           17989 1c001826 00112e23 sw               x1, 28(x2)           x1:1c00220c  x2:104fffc0  PA:104fffdc
            18010500           17995 1c001828 02e12823 sw               x14, 48(x2)         x14:00000000  x2:104fffc0  PA:104ffff0
            18011500           17996 1c00182a 02f12a23 sw               x15, 52(x2)         x15:00000000  x2:104fffc0  PA:104ffff4
            18012500           17997 1c00182c 03012c23 sw               x16, 56(x2)         x16:00000000  x2:104fffc0  PA:104ffff8
            18013500           17998 1c00182e 03112e23 sw               x17, 60(x2)         x17:00000000  x2:104fffc0  PA:104ffffc
            18024500           18009 1c001830 00d12623 sw               x13, 12(x2)         x13:104fffe4  x2:104fffc0  PA:104fffcc
            18029500           18014 1c001832 33e000ef jal              x1, 830              x1=1c001834
            18043500           18028 1c001b70 fa010113 addi             x2, x2, -96          x2=104fff60  x2:104fffc0
            18044500           18029 1c001b72 01810793 addi             x15, x2, 24         x15=104fff78  x2:104fff60
            18045500           18030 1c001b74 04812c23 sw               x8, 88(x2)           x8:00000000  x2:104fff60  PA:104fffb8
            18051500           18036 1c001b76 05212823 sw               x18, 80(x2)         x18:1b204000  x2:104fff60  PA:104fffb0
            18052500           18037 1c001b78 05312623 sw               x19, 76(x2)         x19:00000007  x2:104fff60  PA:104fffac
            18053500           18038 1c001b7a 05412423 sw               x20, 72(x2)         x20:1c00220c  x2:104fff60  PA:104fffa8
            18054500           18039 1c001b7c 05512223 sw               x21, 68(x2)         x21:1c002210  x2:104fff60  PA:104fffa4
            18055500           18040 1c001b7e 05612023 sw               x22, 64(x2)         x22:00000000  x2:104fff60  PA:104fffa0
            18066500           18051 1c001b80 03712e23 sw               x23, 60(x2)         x23:00000000  x2:104fff60  PA:104fff9c
            18068500           18053 1c001b82 04112e23 sw               x1, 92(x2)           x1:1c001834  x2:104fff60  PA:104fffbc
            18069500           18054 1c001b84 04912a23 sw               x9, 84(x2)           x9:00000000  x2:104fff60  PA:104fffb4
            18070500           18055 1c001b86 03812c23 sw               x24, 56(x2)         x24:00000000  x2:104fff60  PA:104fff98
            18071500           18056 1c001b88 03912a23 sw               x25, 52(x2)         x25:00000000  x2:104fff60  PA:104fff94
            18072500           18057 1c001b8a 00a00933 add              x18, x0, x10        x18=00000000 x10:00000000
            18073500           18058 1c001b8c 00b009b3 add              x19, x0, x11        x19=1c001776 x11:1c001776
            18074500           18059 1c001b8e 00d00433 add              x8, x0, x13          x8=104fffe4 x13:104fffe4
            18089500           18074 1c001b90 00f12a23 sw               x15, 20(x2)         x15:104fff78  x2:104fff60  PA:104fff74
            18096500           18081 1c001b92 02500a13 addi             x20, x0, 37         x20=00000025
            18097500           18082 1c001b96 02d00b93 addi             x23, x0, 45         x23=0000002d
            18098500           18083 1c001b9a 00100a93 addi             x21, x0, 1          x21=00000001
            18099500           18084 1c001b9c 00500b13 addi             x22, x0, 5          x22=00000005
            18110500           18095 1c001b9e 00064583 lbu              x11, 0(x12)         x11=00000048 x12:1c00233c  PA:1c00233c
            18138500           18123 1c001ba2 00160493 addi             x9, x12, 1           x9=1c00233d x12:1c00233c
            18139500           18124 1c001ba6 00059e63 bne              x11, x0, 28         x11:00000048
            18146500           18131 1c001bc2 01458563 beq              x11, x20, 10        x11:00000048 x20:00000025
            18147500           18132 1c001bc6 01200533 add              x10, x0, x18        x10=00000000 x18:00000000
            18148500           18133 1c001bc8 000980e7 jalr             x1, x19, 0           x1=1c001bca x19:1c001776
            18165500           18150 1c001776 00b00533 add              x10, x0, x11        x10=00000048 x11:00000048
            18166500           18151 1c001778 fddff06f jal              x0, -36            
            18184500           18169 1c001754 000026b7 lui              x13, 0x2000         x13=00002000
            18185500           18170 1c001756 f14027f3 csrrs            x15, x0, 0xf14      x15=00000027
            18186500           18171 1c00175a f8068693 addi             x13, x13, -128      x13=00001f80 x13:00002000
            18203500           18188 1c00175e 00379713 slli             x14, x15, 0x3       x14=00000138 x15:00000027
            18204500           18189 1c001762 00279793 slli             x15, x15, 0x2       x15=0000009c x15:00000027
            18205500           18190 1c001764 ee873733 p.bclr           x14, x14, 23, 8     x14=00000038 x14:00000138
            18206500           18191 1c001768 00d7f7b3 and              x15, x15, x13       x15=00000080 x15:0000009c x13:00001f80
            18207500           18192 1c00176a 00e787b3 add              x15, x15, x14       x15=000000b8 x15:00000080 x14:00000038
            18208500           18193 1c00176c 1a104737 lui              x14, 0x1a104000     x14=1a104000
            18209500           18194 1c001770 00a767a3 p.sw             x10, x0(x14)        x10:00000048 x14:1a104000  PA:1a1040b8
            18213500           18198 1c001774 00008067 jalr             x0, x1, 0            x1:1c001bca
            18214500           18199 1c001bca 16a0006f jal              x0, 362            
            18232500           18217 1c001d34 00900633 add              x12, x0, x9         x12=1c00233d  x9:1c00233d
            18233500           18218 1c001d36 e69ff06f jal              x0, -408           
            18236500           18221 1c001b9e 00064583 lbu              x11, 0(x12)         x11=00000065 x12:1c00233d  PA:1c00233d
            18265500           18250 1c001ba2 00160493 addi             x9, x12, 1           x9=1c00233e x12:1c00233d
            18266500           18251 1c001ba6 00059e63 bne              x11, x0, 28         x11:00000065
            18269500           18254 1c001bc2 01458563 beq              x11, x20, 10        x11:00000065 x20:00000025
            18270500           18255 1c001bc6 01200533 add              x10, x0, x18        x10=00000000 x18:00000000
            18271500           18256 1c001bc8 000980e7 jalr             x1, x19, 0           x1=1c001bca x19:1c001776
            18273500           18258 1c001776 00b00533 add              x10, x0, x11        x10=00000065 x11:00000065
            18274500           18259 1c001778 fddff06f jal              x0, -36            
            18276500           18261 1c001754 000026b7 lui              x13, 0x2000         x13=00002000
            18277500           18262 1c001756 f14027f3 csrrs            x15, x0, 0xf14      x15=00000027
            18278500           18263 1c00175a f8068693 addi             x13, x13, -128      x13=00001f80 x13:00002000
            18279500           18264 1c00175e 00379713 slli             x14, x15, 0x3       x14=00000138 x15:00000027
            18280500           18265 1c001762 00279793 slli             x15, x15, 0x2       x15=0000009c x15:00000027
            18281500           18266 1c001764 ee873733 p.bclr           x14, x14, 23, 8     x14=00000038 x14:00000138
            18282500           18267 1c001768 00d7f7b3 and              x15, x15, x13       x15=00000080 x15:0000009c x13:00001f80
            18283500           18268 1c00176a 00e787b3 add              x15, x15, x14       x15=000000b8 x15:00000080 x14:00000038
            18284500           18269 1c00176c 1a104737 lui              x14, 0x1a104000     x14=1a104000
            18285500           18270 1c001770 00a767a3 p.sw             x10, x0(x14)        x10:00000065 x14:1a104000  PA:1a1040b8
            18289500           18274 1c001774 00008067 jalr             x0, x1, 0            x1:1c001bca
            18290500           18275 1c001bca 16a0006f jal              x0, 362            
            18292500           18277 1c001d34 00900633 add              x12, x0, x9         x12=1c00233e  x9:1c00233e
            18293500           18278 1c001d36 e69ff06f jal              x0, -408           
            18296500           18281 1c001b9e 00064583 lbu              x11, 0(x12)         x11=00000079 x12:1c00233e  PA:1c00233e
            18313500           18298 1c001ba2 00160493 addi             x9, x12, 1           x9=1c00233f x12:1c00233e
            18314500           18299 1c001ba6 00059e63 bne              x11, x0, 28         x11:00000079
            18317500           18302 1c001bc2 01458563 beq              x11, x20, 10        x11:00000079 x20:00000025
            18318500           18303 1c001bc6 01200533 add              x10, x0, x18        x10=00000000 x18:00000000
            18319500           18304 1c001bc8 000980e7 jalr             x1, x19, 0           x1=1c001bca x19:1c001776
            18321500           18306 1c001776 00b00533 add              x10, x0, x11        x10=00000079 x11:00000079
            18322500           18307 1c001778 fddff06f jal              x0, -36            
            18324500           18309 1c001754 000026b7 lui              x13, 0x2000         x13=00002000
            18325500           18310 1c001756 f14027f3 csrrs            x15, x0, 0xf14      x15=00000027
            18326500           18311 1c00175a f8068693 addi             x13, x13, -128      x13=00001f80 x13:00002000
            18327500           18312 1c00175e 00379713 slli             x14, x15, 0x3       x14=00000138 x15:00000027
            18328500           18313 1c001762 00279793 slli             x15, x15, 0x2       x15=0000009c x15:00000027
            18329500           18314 1c001764 ee873733 p.bclr           x14, x14, 23, 8     x14=00000038 x14:00000138
            18330500           18315 1c001768 00d7f7b3 and              x15, x15, x13       x15=00000080 x15:0000009c x13:00001f80
            18331500           18316 1c00176a 00e787b3 add              x15, x15, x14       x15=000000b8 x15:00000080 x14:00000038
            18332500           18317 1c00176c 1a104737 lui              x14, 0x1a104000     x14=1a104000
            18333500           18318 1c001770 00a767a3 p.sw             x10, x0(x14)        x10:00000079 x14:1a104000  PA:1a1040b8
            18337500           18322 1c001774 00008067 jalr             x0, x1, 0            x1:1c001bca
            18338500           18323 1c001bca 16a0006f jal              x0, 362            
            18340500           18325 1c001d34 00900633 add              x12, x0, x9         x12=1c00233f  x9:1c00233f
            18341500           18326 1c001d36 e69ff06f jal              x0, -408           
            18344500           18329 1c001b9e 00064583 lbu              x11, 0(x12)         x11=0000002c x12:1c00233f  PA:1c00233f
            18363500           18348 1c001ba2 00160493 addi             x9, x12, 1           x9=1c002340 x12:1c00233f
            18364500           18349 1c001ba6 00059e63 bne              x11, x0, 28         x11:0000002c
            18367500           18352 1c001bc2 01458563 beq              x11, x20, 10        x11:0000002c x20:00000025
            18368500           18353 1c001bc6 01200533 add              x10, x0, x18        x10=00000000 x18:00000000
            18369500           18354 1c001bc8 000980e7 jalr             x1, x19, 0           x1=1c001bca x19:1c001776
            18371500           18356 1c001776 00b00533 add              x10, x0, x11        x10=0000002c x11:0000002c
            18372500           18357 1c001778 fddff06f jal              x0, -36            
            18374500           18359 1c001754 000026b7 lui              x13, 0x2000         x13=00002000
            18375500           18360 1c001756 f14027f3 csrrs            x15, x0, 0xf14      x15=00000027
            18376500           18361 1c00175a f8068693 addi             x13, x13, -128      x13=00001f80 x13:00002000
            18377500           18362 1c00175e 00379713 slli             x14, x15, 0x3       x14=00000138 x15:00000027
            18378500           18363 1c001762 00279793 slli             x15, x15, 0x2       x15=0000009c x15:00000027
            18379500           18364 1c001764 ee873733 p.bclr           x14, x14, 23, 8     x14=00000038 x14:00000138
            18380500           18365 1c001768 00d7f7b3 and              x15, x15, x13       x15=00000080 x15:0000009c x13:00001f80
            18381500           18366 1c00176a 00e787b3 add              x15, x15, x14       x15=000000b8 x15:00000080 x14:00000038
            18382500           18367 1c00176c 1a104737 lui              x14, 0x1a104000     x14=1a104000
            18383500           18368 1c001770 00a767a3 p.sw             x10, x0(x14)        x10:0000002c x14:1a104000  PA:1a1040b8
            18387500           18372 1c001774 00008067 jalr             x0, x1, 0            x1:1c001bca
            18388500           18373 1c001bca 16a0006f jal              x0, 362            
            18390500           18375 1c001d34 00900633 add              x12, x0, x9         x12=1c002340  x9:1c002340
            18391500           18376 1c001d36 e69ff06f jal              x0, -408           
            18394500           18379 1c001b9e 00064583 lbu              x11, 0(x12)         x11=00000020 x12:1c002340  PA:1c002340
            18408500           18393 1c001ba2 00160493 addi             x9, x12, 1           x9=1c002341 x12:1c002340
            18409500           18394 1c001ba6 00059e63 bne              x11, x0, 28         x11:00000020
            18412500           18397 1c001bc2 01458563 beq              x11, x20, 10        x11:00000020 x20:00000025
            18413500           18398 1c001bc6 01200533 add              x10, x0, x18        x10=00000000 x18:00000000
            18414500           18399 1c001bc8 000980e7 jalr             x1, x19, 0           x1=1c001bca x19:1c001776
            18416500           18401 1c001776 00b00533 add              x10, x0, x11        x10=00000020 x11:00000020
            18417500           18402 1c001778 fddff06f jal              x0, -36            
            18419500           18404 1c001754 000026b7 lui              x13, 0x2000         x13=00002000
            18420500           18405 1c001756 f14027f3 csrrs            x15, x0, 0xf14      x15=00000027
            18421500           18406 1c00175a f8068693 addi             x13, x13, -128      x13=00001f80 x13:00002000
            18422500           18407 1c00175e 00379713 slli             x14, x15, 0x3       x14=00000138 x15:00000027
            18423500           18408 1c001762 00279793 slli             x15, x15, 0x2       x15=0000009c x15:00000027
            18424500           18409 1c001764 ee873733 p.bclr           x14, x14, 23, 8     x14=00000038 x14:00000138
            18425500           18410 1c001768 00d7f7b3 and              x15, x15, x13       x15=00000080 x15:0000009c x13:00001f80
            18426500           18411 1c00176a 00e787b3 add              x15, x15, x14       x15=000000b8 x15:00000080 x14:00000038
            18427500           18412 1c00176c 1a104737 lui              x14, 0x1a104000     x14=1a104000
            18428500           18413 1c001770 00a767a3 p.sw             x10, x0(x14)        x10:00000020 x14:1a104000  PA:1a1040b8
            18432500           18417 1c001774 00008067 jalr             x0, x1, 0            x1:1c001bca
            18433500           18418 1c001bca 16a0006f jal              x0, 362            
            18435500           18420 1c001d34 00900633 add              x12, x0, x9         x12=1c002341  x9:1c002341
            18436500           18421 1c001d36 e69ff06f jal              x0, -408           
            18439500           18424 1c001b9e 00064583 lbu              x11, 0(x12)         x11=00000049 x12:1c002341  PA:1c002341
            18454500           18439 1c001ba2 00160493 addi             x9, x12, 1           x9=1c002342 x12:1c002341
            18455500           18440 1c001ba6 00059e63 bne              x11, x0, 28         x11:00000049
            18458500           18443 1c001bc2 01458563 beq              x11, x20, 10        x11:00000049 x20:00000025
            18459500           18444 1c001bc6 01200533 add              x10, x0, x18        x10=00000000 x18:00000000
            18460500           18445 1c001bc8 000980e7 jalr             x1, x19, 0           x1=1c001bca x19:1c001776
            18462500           18447 1c001776 00b00533 add              x10, x0, x11        x10=00000049 x11:00000049
            18463500           18448 1c001778 fddff06f jal              x0, -36            
            18465500           18450 1c001754 000026b7 lui              x13, 0x2000         x13=00002000
            18466500           18451 1c001756 f14027f3 csrrs            x15, x0, 0xf14      x15=00000027
            18467500           18452 1c00175a f8068693 addi             x13, x13, -128      x13=00001f80 x13:00002000
            18468500           18453 1c00175e 00379713 slli             x14, x15, 0x3       x14=00000138 x15:00000027
            18469500           18454 1c001762 00279793 slli             x15, x15, 0x2       x15=0000009c x15:00000027
            18470500           18455 1c001764 ee873733 p.bclr           x14, x14, 23, 8     x14=00000038 x14:00000138
            18471500           18456 1c001768 00d7f7b3 and              x15, x15, x13       x15=00000080 x15:0000009c x13:00001f80
            18472500           18457 1c00176a 00e787b3 add              x15, x15, x14       x15=000000b8 x15:00000080 x14:00000038
            18473500           18458 1c00176c 1a104737 lui              x14, 0x1a104000     x14=1a104000
            18474500           18459 1c001770 00a767a3 p.sw             x10, x0(x14)        x10:00000049 x14:1a104000  PA:1a1040b8
            18478500           18463 1c001774 00008067 jalr             x0, x1, 0            x1:1c001bca
            18479500           18464 1c001bca 16a0006f jal              x0, 362            
            18481500           18466 1c001d34 00900633 add              x12, x0, x9         x12=1c002342  x9:1c002342
            18482500           18467 1c001d36 e69ff06f jal              x0, -408           
            18485500           18470 1c001b9e 00064583 lbu              x11, 0(x12)         x11=00000027 x12:1c002342  PA:1c002342
            18500500           18485 1c001ba2 00160493 addi             x9, x12, 1           x9=1c002343 x12:1c002342
            18501500           18486 1c001ba6 00059e63 bne              x11, x0, 28         x11:00000027
            18504500           18489 1c001bc2 01458563 beq              x11, x20, 10        x11:00000027 x20:00000025
            18505500           18490 1c001bc6 01200533 add              x10, x0, x18        x10=00000000 x18:00000000
            18506500           18491 1c001bc8 000980e7 jalr             x1, x19, 0           x1=1c001bca x19:1c001776
            18508500           18493 1c001776 00b00533 add              x10, x0, x11        x10=00000027 x11:00000027
            18509500           18494 1c001778 fddff06f jal              x0, -36            
            18511500           18496 1c001754 000026b7 lui              x13, 0x2000         x13=00002000
            18512500           18497 1c001756 f14027f3 csrrs            x15, x0, 0xf14      x15=00000027
            18513500           18498 1c00175a f8068693 addi             x13, x13, -128      x13=00001f80 x13:00002000
            18514500           18499 1c00175e 00379713 slli             x14, x15, 0x3       x14=00000138 x15:00000027
            18515500           18500 1c001762 00279793 slli             x15, x15, 0x2       x15=0000009c x15:00000027
            18516500           18501 1c001764 ee873733 p.bclr           x14, x14, 23, 8     x14=00000038 x14:00000138
            18517500           18502 1c001768 00d7f7b3 and              x15, x15, x13       x15=00000080 x15:0000009c x13:00001f80
            18518500           18503 1c00176a 00e787b3 add              x15, x15, x14       x15=000000b8 x15:00000080 x14:00000038
            18519500           18504 1c00176c 1a104737 lui              x14, 0x1a104000     x14=1a104000
            18520500           18505 1c001770 00a767a3 p.sw             x10, x0(x14)        x10:00000027 x14:1a104000  PA:1a1040b8
            18524500           18509 1c001774 00008067 jalr             x0, x1, 0            x1:1c001bca
            18525500           18510 1c001bca 16a0006f jal              x0, 362            
            18527500           18512 1c001d34 00900633 add              x12, x0, x9         x12=1c002343  x9:1c002343
            18528500           18513 1c001d36 e69ff06f jal              x0, -408           
            18531500           18516 1c001b9e 00064583 lbu              x11, 0(x12)         x11=0000006d x12:1c002343  PA:1c002343
            18548500           18533 1c001ba2 00160493 addi             x9, x12, 1           x9=1c002344 x12:1c002343
            18549500           18534 1c001ba6 00059e63 bne              x11, x0, 28         x11:0000006d
            18552500           18537 1c001bc2 01458563 beq              x11, x20, 10        x11:0000006d x20:00000025
            18553500           18538 1c001bc6 01200533 add              x10, x0, x18        x10=00000000 x18:00000000
            18554500           18539 1c001bc8 000980e7 jalr             x1, x19, 0           x1=1c001bca x19:1c001776
            18556500           18541 1c001776 00b00533 add              x10, x0, x11        x10=0000006d x11:0000006d
            18557500           18542 1c001778 fddff06f jal              x0, -36            
            18559500           18544 1c001754 000026b7 lui              x13, 0x2000         x13=00002000
            18560500           18545 1c001756 f14027f3 csrrs            x15, x0, 0xf14      x15=00000027
            18561500           18546 1c00175a f8068693 addi             x13, x13, -128      x13=00001f80 x13:00002000
            18562500           18547 1c00175e 00379713 slli             x14, x15, 0x3       x14=00000138 x15:00000027
            18563500           18548 1c001762 00279793 slli             x15, x15, 0x2       x15=0000009c x15:00000027
            18564500           18549 1c001764 ee873733 p.bclr           x14, x14, 23, 8     x14=00000038 x14:00000138
            18565500           18550 1c001768 00d7f7b3 and              x15, x15, x13       x15=00000080 x15:0000009c x13:00001f80
            18566500           18551 1c00176a 00e787b3 add              x15, x15, x14       x15=000000b8 x15:00000080 x14:00000038
            18567500           18552 1c00176c 1a104737 lui              x14, 0x1a104000     x14=1a104000
            18568500           18553 1c001770 00a767a3 p.sw             x10, x0(x14)        x10:0000006d x14:1a104000  PA:1a1040b8
            18572500           18557 1c001774 00008067 jalr             x0, x1, 0            x1:1c001bca
            18573500           18558 1c001bca 16a0006f jal              x0, 362            
            18575500           18560 1c001d34 00900633 add              x12, x0, x9         x12=1c002344  x9:1c002344
            18576500           18561 1c001d36 e69ff06f jal              x0, -408           
            18579500           18564 1c001b9e 00064583 lbu              x11, 0(x12)         x11=00000020 x12:1c002344  PA:1c002344
            18594500           18579 1c001ba2 00160493 addi             x9, x12, 1           x9=1c002345 x12:1c002344
            18595500           18580 1c001ba6 00059e63 bne              x11, x0, 28         x11:00000020
            18598500           18583 1c001bc2 01458563 beq              x11, x20, 10        x11:00000020 x20:00000025
            18599500           18584 1c001bc6 01200533 add              x10, x0, x18        x10=00000000 x18:00000000
            18600500           18585 1c001bc8 000980e7 jalr             x1, x19, 0           x1=1c001bca x19:1c001776
            18602500           18587 1c001776 00b00533 add              x10, x0, x11        x10=00000020 x11:00000020
            18603500           18588 1c001778 fddff06f jal              x0, -36            
            18605500           18590 1c001754 000026b7 lui              x13, 0x2000         x13=00002000
            18606500           18591 1c001756 f14027f3 csrrs            x15, x0, 0xf14      x15=00000027
            18607500           18592 1c00175a f8068693 addi             x13, x13, -128      x13=00001f80 x13:00002000
            18608500           18593 1c00175e 00379713 slli             x14, x15, 0x3       x14=00000138 x15:00000027
            18609500           18594 1c001762 00279793 slli             x15, x15, 0x2       x15=0000009c x15:00000027
            18610500           18595 1c001764 ee873733 p.bclr           x14, x14, 23, 8     x14=00000038 x14:00000138
            18611500           18596 1c001768 00d7f7b3 and              x15, x15, x13       x15=00000080 x15:0000009c x13:00001f80
            18612500           18597 1c00176a 00e787b3 add              x15, x15, x14       x15=000000b8 x15:00000080 x14:00000038
            18613500           18598 1c00176c 1a104737 lui              x14, 0x1a104000     x14=1a104000
            18614500           18599 1c001770 00a767a3 p.sw             x10, x0(x14)        x10:00000020 x14:1a104000  PA:1a1040b8
            18618500           18603 1c001774 00008067 jalr             x0, x1, 0            x1:1c001bca
            18619500           18604 1c001bca 16a0006f jal              x0, 362            
            18621500           18606 1c001d34 00900633 add              x12, x0, x9         x12=1c002345  x9:1c002345
            18622500           18607 1c001d36 e69ff06f jal              x0, -408           
            18625500           18610 1c001b9e 00064583 lbu              x11, 0(x12)         x11=00000063 x12:1c002345  PA:1c002345
            18640500           18625 1c001ba2 00160493 addi             x9, x12, 1           x9=1c002346 x12:1c002345
            18641500           18626 1c001ba6 00059e63 bne              x11, x0, 28         x11:00000063
            18644500           18629 1c001bc2 01458563 beq              x11, x20, 10        x11:00000063 x20:00000025
            18645500           18630 1c001bc6 01200533 add              x10, x0, x18        x10=00000000 x18:00000000
            18646500           18631 1c001bc8 000980e7 jalr             x1, x19, 0           x1=1c001bca x19:1c001776
            18648500           18633 1c001776 00b00533 add              x10, x0, x11        x10=00000063 x11:00000063
            18649500           18634 1c001778 fddff06f jal              x0, -36            
            18651500           18636 1c001754 000026b7 lui              x13, 0x2000         x13=00002000
            18652500           18637 1c001756 f14027f3 csrrs            x15, x0, 0xf14      x15=00000027
            18653500           18638 1c00175a f8068693 addi             x13, x13, -128      x13=00001f80 x13:00002000
            18654500           18639 1c00175e 00379713 slli             x14, x15, 0x3       x14=00000138 x15:00000027
            18655500           18640 1c001762 00279793 slli             x15, x15, 0x2       x15=0000009c x15:00000027
            18656500           18641 1c001764 ee873733 p.bclr           x14, x14, 23, 8     x14=00000038 x14:00000138
            18657500           18642 1c001768 00d7f7b3 and              x15, x15, x13       x15=00000080 x15:0000009c x13:00001f80
            18658500           18643 1c00176a 00e787b3 add              x15, x15, x14       x15=000000b8 x15:00000080 x14:00000038
            18659500           18644 1c00176c 1a104737 lui              x14, 0x1a104000     x14=1a104000
            18660500           18645 1c001770 00a767a3 p.sw             x10, x0(x14)        x10:00000063 x14:1a104000  PA:1a1040b8
            18664500           18649 1c001774 00008067 jalr             x0, x1, 0            x1:1c001bca
            18665500           18650 1c001bca 16a0006f jal              x0, 362            
            18667500           18652 1c001d34 00900633 add              x12, x0, x9         x12=1c002346  x9:1c002346
            18668500           18653 1c001d36 e69ff06f jal              x0, -408           
            18671500           18656 1c001b9e 00064583 lbu              x11, 0(x12)         x11=0000006f x12:1c002346  PA:1c002346
            18686500           18671 1c001ba2 00160493 addi             x9, x12, 1           x9=1c002347 x12:1c002346
            18687500           18672 1c001ba6 00059e63 bne              x11, x0, 28         x11:0000006f
            18690500           18675 1c001bc2 01458563 beq              x11, x20, 10        x11:0000006f x20:00000025
            18691500           18676 1c001bc6 01200533 add              x10, x0, x18        x10=00000000 x18:00000000
            18692500           18677 1c001bc8 000980e7 jalr             x1, x19, 0           x1=1c001bca x19:1c001776
            18694500           18679 1c001776 00b00533 add              x10, x0, x11        x10=0000006f x11:0000006f
            18695500           18680 1c001778 fddff06f jal              x0, -36            
            18697500           18682 1c001754 000026b7 lui              x13, 0x2000         x13=00002000
            18698500           18683 1c001756 f14027f3 csrrs            x15, x0, 0xf14      x15=00000027
            18699500           18684 1c00175a f8068693 addi             x13, x13, -128      x13=00001f80 x13:00002000
            18700500           18685 1c00175e 00379713 slli             x14, x15, 0x3       x14=00000138 x15:00000027
            18701500           18686 1c001762 00279793 slli             x15, x15, 0x2       x15=0000009c x15:00000027
            18702500           18687 1c001764 ee873733 p.bclr           x14, x14, 23, 8     x14=00000038 x14:00000138
            18703500           18688 1c001768 00d7f7b3 and              x15, x15, x13       x15=00000080 x15:0000009c x13:00001f80
            18704500           18689 1c00176a 00e787b3 add              x15, x15, x14       x15=000000b8 x15:00000080 x14:00000038
            18705500           18690 1c00176c 1a104737 lui              x14, 0x1a104000     x14=1a104000
            18706500           18691 1c001770 00a767a3 p.sw             x10, x0(x14)        x10:0000006f x14:1a104000  PA:1a1040b8
            18710500           18695 1c001774 00008067 jalr             x0, x1, 0            x1:1c001bca
            18711500           18696 1c001bca 16a0006f jal              x0, 362            
            18713500           18698 1c001d34 00900633 add              x12, x0, x9         x12=1c002347  x9:1c002347
            18714500           18699 1c001d36 e69ff06f jal              x0, -408           
            18717500           18702 1c001b9e 00064583 lbu              x11, 0(x12)         x11=00000072 x12:1c002347  PA:1c002347
            18732500           18717 1c001ba2 00160493 addi             x9, x12, 1           x9=1c002348 x12:1c002347
            18733500           18718 1c001ba6 00059e63 bne              x11, x0, 28         x11:00000072
            18736500           18721 1c001bc2 01458563 beq              x11, x20, 10        x11:00000072 x20:00000025
            18737500           18722 1c001bc6 01200533 add              x10, x0, x18        x10=00000000 x18:00000000
            18738500           18723 1c001bc8 000980e7 jalr             x1, x19, 0           x1=1c001bca x19:1c001776
            18740500           18725 1c001776 00b00533 add              x10, x0, x11        x10=00000072 x11:00000072
            18741500           18726 1c001778 fddff06f jal              x0, -36            
            18743500           18728 1c001754 000026b7 lui              x13, 0x2000         x13=00002000
            18744500           18729 1c001756 f14027f3 csrrs            x15, x0, 0xf14      x15=00000027
            18745500           18730 1c00175a f8068693 addi             x13, x13, -128      x13=00001f80 x13:00002000
            18746500           18731 1c00175e 00379713 slli             x14, x15, 0x3       x14=00000138 x15:00000027
            18747500           18732 1c001762 00279793 slli             x15, x15, 0x2       x15=0000009c x15:00000027
            18748500           18733 1c001764 ee873733 p.bclr           x14, x14, 23, 8     x14=00000038 x14:00000138
            18749500           18734 1c001768 00d7f7b3 and              x15, x15, x13       x15=00000080 x15:0000009c x13:00001f80
            18750500           18735 1c00176a 00e787b3 add              x15, x15, x14       x15=000000b8 x15:00000080 x14:00000038
            18751500           18736 1c00176c 1a104737 lui              x14, 0x1a104000     x14=1a104000
            18752500           18737 1c001770 00a767a3 p.sw             x10, x0(x14)        x10:00000072 x14:1a104000  PA:1a1040b8
            18756500           18741 1c001774 00008067 jalr             x0, x1, 0            x1:1c001bca
            18757500           18742 1c001bca 16a0006f jal              x0, 362            
            18759500           18744 1c001d34 00900633 add              x12, x0, x9         x12=1c002348  x9:1c002348
            18760500           18745 1c001d36 e69ff06f jal              x0, -408           
            18763500           18748 1c001b9e 00064583 lbu              x11, 0(x12)         x11=00000065 x12:1c002348  PA:1c002348
            18779500           18764 1c001ba2 00160493 addi             x9, x12, 1           x9=1c002349 x12:1c002348
            18780500           18765 1c001ba6 00059e63 bne              x11, x0, 28         x11:00000065
            18783500           18768 1c001bc2 01458563 beq              x11, x20, 10        x11:00000065 x20:00000025
            18784500           18769 1c001bc6 01200533 add              x10, x0, x18        x10=00000000 x18:00000000
            18785500           18770 1c001bc8 000980e7 jalr             x1, x19, 0           x1=1c001bca x19:1c001776
            18787500           18772 1c001776 00b00533 add              x10, x0, x11        x10=00000065 x11:00000065
            18788500           18773 1c001778 fddff06f jal              x0, -36            
            18790500           18775 1c001754 000026b7 lui              x13, 0x2000         x13=00002000
            18791500           18776 1c001756 f14027f3 csrrs            x15, x0, 0xf14      x15=00000027
            18792500           18777 1c00175a f8068693 addi             x13, x13, -128      x13=00001f80 x13:00002000
            18793500           18778 1c00175e 00379713 slli             x14, x15, 0x3       x14=00000138 x15:00000027
            18794500           18779 1c001762 00279793 slli             x15, x15, 0x2       x15=0000009c x15:00000027
            18795500           18780 1c001764 ee873733 p.bclr           x14, x14, 23, 8     x14=00000038 x14:00000138
            18796500           18781 1c001768 00d7f7b3 and              x15, x15, x13       x15=00000080 x15:0000009c x13:00001f80
            18797500           18782 1c00176a 00e787b3 add              x15, x15, x14       x15=000000b8 x15:00000080 x14:00000038
            18798500           18783 1c00176c 1a104737 lui              x14, 0x1a104000     x14=1a104000
            18799500           18784 1c001770 00a767a3 p.sw             x10, x0(x14)        x10:00000065 x14:1a104000  PA:1a1040b8
            18803500           18788 1c001774 00008067 jalr             x0, x1, 0            x1:1c001bca
            18804500           18789 1c001bca 16a0006f jal              x0, 362            
            18806500           18791 1c001d34 00900633 add              x12, x0, x9         x12=1c002349  x9:1c002349
            18807500           18792 1c001d36 e69ff06f jal              x0, -408           
            18810500           18795 1c001b9e 00064583 lbu              x11, 0(x12)         x11=00000020 x12:1c002349  PA:1c002349
            18827500           18812 1c001ba2 00160493 addi             x9, x12, 1           x9=1c00234a x12:1c002349
            18828500           18813 1c001ba6 00059e63 bne              x11, x0, 28         x11:00000020
            18831500           18816 1c001bc2 01458563 beq              x11, x20, 10        x11:00000020 x20:00000025
            18832500           18817 1c001bc6 01200533 add              x10, x0, x18        x10=00000000 x18:00000000
            18833500           18818 1c001bc8 000980e7 jalr             x1, x19, 0           x1=1c001bca x19:1c001776
            18835500           18820 1c001776 00b00533 add              x10, x0, x11        x10=00000020 x11:00000020
            18836500           18821 1c001778 fddff06f jal              x0, -36            
            18838500           18823 1c001754 000026b7 lui              x13, 0x2000         x13=00002000
            18839500           18824 1c001756 f14027f3 csrrs            x15, x0, 0xf14      x15=00000027
            18840500           18825 1c00175a f8068693 addi             x13, x13, -128      x13=00001f80 x13:00002000
            18841500           18826 1c00175e 00379713 slli             x14, x15, 0x3       x14=00000138 x15:00000027
            18842500           18827 1c001762 00279793 slli             x15, x15, 0x2       x15=0000009c x15:00000027
            18843500           18828 1c001764 ee873733 p.bclr           x14, x14, 23, 8     x14=00000038 x14:00000138
            18844500           18829 1c001768 00d7f7b3 and              x15, x15, x13       x15=00000080 x15:0000009c x13:00001f80
            18845500           18830 1c00176a 00e787b3 add              x15, x15, x14       x15=000000b8 x15:00000080 x14:00000038
            18846500           18831 1c00176c 1a104737 lui              x14, 0x1a104000     x14=1a104000
            18847500           18832 1c001770 00a767a3 p.sw             x10, x0(x14)        x10:00000020 x14:1a104000  PA:1a1040b8
            18851500           18836 1c001774 00008067 jalr             x0, x1, 0            x1:1c001bca
            18852500           18837 1c001bca 16a0006f jal              x0, 362            
            18854500           18839 1c001d34 00900633 add              x12, x0, x9         x12=1c00234a  x9:1c00234a
            18855500           18840 1c001d36 e69ff06f jal              x0, -408           
            18858500           18843 1c001b9e 00064583 lbu              x11, 0(x12)         x11=00000028 x12:1c00234a  PA:1c00234a
            18874500           18859 1c001ba2 00160493 addi             x9, x12, 1           x9=1c00234b x12:1c00234a
            18875500           18860 1c001ba6 00059e63 bne              x11, x0, 28         x11:00000028
            18878500           18863 1c001bc2 01458563 beq              x11, x20, 10        x11:00000028 x20:00000025
            18879500           18864 1c001bc6 01200533 add              x10, x0, x18        x10=00000000 x18:00000000
            18880500           18865 1c001bc8 000980e7 jalr             x1, x19, 0           x1=1c001bca x19:1c001776
            18882500           18867 1c001776 00b00533 add              x10, x0, x11        x10=00000028 x11:00000028
            18883500           18868 1c001778 fddff06f jal              x0, -36            
            18885500           18870 1c001754 000026b7 lui              x13, 0x2000         x13=00002000
            18886500           18871 1c001756 f14027f3 csrrs            x15, x0, 0xf14      x15=00000027
            18887500           18872 1c00175a f8068693 addi             x13, x13, -128      x13=00001f80 x13:00002000
            18888500           18873 1c00175e 00379713 slli             x14, x15, 0x3       x14=00000138 x15:00000027
            18889500           18874 1c001762 00279793 slli             x15, x15, 0x2       x15=0000009c x15:00000027
            18890500           18875 1c001764 ee873733 p.bclr           x14, x14, 23, 8     x14=00000038 x14:00000138
            18891500           18876 1c001768 00d7f7b3 and              x15, x15, x13       x15=00000080 x15:0000009c x13:00001f80
            18892500           18877 1c00176a 00e787b3 add              x15, x15, x14       x15=000000b8 x15:00000080 x14:00000038
            18893500           18878 1c00176c 1a104737 lui              x14, 0x1a104000     x14=1a104000
            18894500           18879 1c001770 00a767a3 p.sw             x10, x0(x14)        x10:00000028 x14:1a104000  PA:1a1040b8
            18898500           18883 1c001774 00008067 jalr             x0, x1, 0            x1:1c001bca
            18899500           18884 1c001bca 16a0006f jal              x0, 362            
            18901500           18886 1c001d34 00900633 add              x12, x0, x9         x12=1c00234b  x9:1c00234b
            18902500           18887 1c001d36 e69ff06f jal              x0, -408           
            18905500           18890 1c001b9e 00064583 lbu              x11, 0(x12)         x11=00000025 x12:1c00234b  PA:1c00234b
            18920500           18905 1c001ba2 00160493 addi             x9, x12, 1           x9=1c00234c x12:1c00234b
            18921500           18906 1c001ba6 00059e63 bne              x11, x0, 28         x11:00000025
            18924500           18909 1c001bc2 01458563 beq              x11, x20, 10        x11:00000025 x20:00000025
            18927500           18912 1c001bcc 00414783 lbu              x15, 4(x2)          x15=000000xx  x2:104fff60  PA:104fff64
            18948500           18933 1c001bd0 00012423 sw               x0, 8(x2)            x2:104fff60  PA:104fff68
            18949500           18934 1c001bd2 00010623 sb               x0, 12(x2)           x2:104fff60  PA:104fff6c
            18950500           18935 1c001bd6 c00027b3 p.insert         x15, x0, 0, 0       x15=000000xX x15:000000xx
            18951500           18936 1c001bda c01027b3 p.insert         x15, x0, 0, 1       x15=000000xX x15:000000xX
            18952500           18937 1c001bde c03027b3 p.insert         x15, x0, 0, 3       x15=000000xX x15:000000xX
            18953500           18938 1c001be2 00f10223 sb               x15, 4(x2)          x15:000000xX  x2:104fff60  PA:104fff64
            18954500           18939 1c001be6 00000713 addi             x14, x0, 0          x14=00000000
            18955500           18940 1c001be8 00000613 addi             x12, x0, 0          x12=00000000
            18956500           18941 1c001bea 00000693 addi             x13, x0, 0          x13=00000000
            18957500           18942 1c001bec 00000513 addi             x10, x0, 0          x10=00000000
            18958500           18943 1c001bee 00000593 addi             x11, x0, 0          x11=00000000
            18974500           18959 1c001bf0 03000813 addi             x16, x0, 48         x16=00000030
            18975500           18960 1c001bf4 02300893 addi             x17, x0, 35         x17=00000023
            18976500           18961 1c001bf8 0004c783 lbu              x15, 0(x9)          x15=00000069  x9:1c00234c  PA:1c00234c
            19007500           18992 1c001bfc 00148c13 addi             x24, x9, 1          x24=1c00234d  x9:1c00234c
            19008500           18993 1c001c00 04079163 bne              x15, x0, 66         x15:00000069
            19021500           19006 1c001c42 01778c63 beq              x15, x23, 24        x15:00000069 x23:0000002d
            19022500           19007 1c001c46 01078663 beq              x15, x16, 12        x15:00000069 x16:00000030
            19023500           19008 1c001c4a fb179ce3 bne              x15, x17, -72       x15:00000069 x17:00000023
            19043500           19028 1c001c02 00050763 beq              x10, x0, 14         x10:00000000
            19066500           19051 1c001c10 00060763 beq              x12, x0, 14         x12:00000000
            19069500           19054 1c001c1e 00070763 beq              x14, x0, 14         x14:00000000
            19088500           19073 1c001c2c fd078713 addi             x14, x15, -48       x14=00000039 x15:00000069
            19105500           19090 1c001c30 0ff77713 andi             x14, x14, 255       x14=00000039 x14:00000039
            19106500           19091 1c001c34 00900693 addi             x13, x0, 9          x13=00000009
            19107500           19092 1c001c36 04e6eb63 bltu             x13, x14, 86        x13:00000009 x14:00000039
            19128500           19113 1c001c8c 02e00713 addi             x14, x0, 46         x14=0000002e
            19145500           19130 1c001c90 02e79163 bne              x15, x14, 34        x15:00000069 x14:0000002e
            19165500           19150 1c001cb2 07a00713 addi             x14, x0, 122        x14=0000007a
            19166500           19151 1c001cb6 04e79263 bne              x15, x14, 68        x15:00000069 x14:0000007a
            19214500           19199 1c001cfa 06c00713 addi             x14, x0, 108        x14=0000006c
            19242500           19227 1c001cfe 20e79463 bne              x15, x14, 520       x15:00000069 x14:0000006c
            19261500           19246 1c001f06 06900713 addi             x14, x0, 105        x14=00000069
            19262500           19247 1c001f0a 02e78a63 beq              x15, x14, 52        x15:00000069 x14:00000069
            19304500           19289 1c001f3e 018004b3 add              x9, x0, x24          x9=1c00234d x24:1c00234d
            19322500           19307 1c001f40 00000793 addi             x15, x0, 0          x15=00000000
            19323500           19308 1c001f42 e09ff06f jal              x0, -504           
            19345500           19330 1c001d4a 00a00713 addi             x14, x0, 10         x14=0000000a
            19346500           19331 1c001d4c 00e12823 sw               x14, 16(x2)         x14:0000000a  x2:104fff60  PA:104fff70
            19367500           19352 1c001d4e 0e27b363 p.bneimm         x15, 230            x15:00000000
            19397500           19382 1c001e34 00440c13 addi             x24, x8, 4          x24=104fffe8  x8:104fffe4
            19398500           19383 1c001e38 00042503 lw               x10, 0(x8)          x10=00000001  x8:104fffe4  PA:104fffe4
            19402500           19387 1c001e3a 0017bd63 p.bneimm         x15, 26             x15:00000000
            19453500           19438 1c001e54 00055863 bge              x10, x0, 16         x10:00000001
            19477500           19462 1c001e64 00410593 addi             x11, x2, 4          x11=104fff64  x2:104fff60
            19478500           19463 1c001e66 b99ff0ef jal              x1, -1128            x1=1c001e68
            19507500           19492 1c0019fe 0105a683 lw               x13, 16(x11)        x13=104fff78 x11:104fff64  PA:104fff74
            19527500           19512 1c001a00 00c5a703 lw               x14, 12(x11)        x14=0000000a x11:104fff64  PA:104fff70
            19534500           19519 1c001a02 00100793 addi             x15, x0, 1          x15=00000001
            19535500           19520 1c001a04 02f55633 divu             x12, x10, x15       x12=00000001 x10:00000001 x15:00000001
            19569500           19554 1c001a08 00e67863 bgeu             x12, x14, 16        x12:00000001 x14:0000000a
            19570500           19555 1c001a0c 00000613 addi             x12, x0, 0          x12=00000000
            19571500           19556 1c001a0e 00900313 addi             x6, x0, 9            x6=00000009
            19572500           19557 1c001a10 00079763 bne              x15, x0, 14         x15:00000001
            19575500           19560 1c001a1e 00c5a703 lw               x14, 12(x11)        x14=0000000a x11:104fff64  PA:104fff70
            19594500           19579 1c001a20 02f55833 divu             x16, x10, x15       x16=00000001 x10:00000001 x15:00000001
            19628500           19613 1c001a24 02f57533 remu             x10, x10, x15       x10=00000000 x10:00000001 x15:00000001
            19662500           19647 1c001a28 02e7d7b3 divu             x15, x15, x14       x15=00000000 x15:00000001 x14:0000000a
            19693500           19678 1c001a2c 00061763 bne              x12, x0, 14         x12:00000000
            19694500           19679 1c001a2e 01004663 blt              x0, x16, 12         x16:00000001
            19697500           19682 1c001a3a 03000713 addi             x14, x0, 48         x14=00000030
            19719500           19704 1c001a3e 01035c63 bge              x6, x16, 24          x6:00000009 x16:00000001
            19740500           19725 1c001a56 01070733 add              x14, x14, x16       x14=00000031 x14:00000030 x16:00000001
            19741500           19726 1c001a58 00e68023 sb               x14, 0(x13)         x14:00000031 x13:104fff78  PA:104fff78
            19748500           19733 1c001a5c 00160613 addi             x12, x12, 1         x12=00000001 x12:00000000
            19749500           19734 1c001a5e 00168693 addi             x13, x13, 1         x13=104fff79 x13:104fff78
            19760500           19745 1c001a60 fb1ff06f jal              x0, -80            
            19762500           19747 1c001a10 00079763 bne              x15, x0, 14         x15:00000000
            19763500           19748 1c001a12 00068023 sb               x0, 0(x13)          x13:104fff79  PA:104fff79
            19769500           19754 1c001a16 00008067 jalr             x0, x1, 0            x1:1c001e68
            19770500           19755 1c001e68 f17ff06f jal              x0, -234           
            19786500           19771 1c001d7e 00410613 addi             x12, x2, 4          x12=104fff64  x2:104fff60
            19806500           19791 1c001d80 013005b3 add              x11, x0, x19        x11=1c001776 x19:1c001776
            19807500           19792 1c001d82 01200533 add              x10, x0, x18        x10=00000000 x18:00000000
            19808500           19793 1c001d84 cdfff0ef jal              x1, -802             x1=1c001d86
            19810500           19795 1c001a62 fe010113 addi             x2, x2, -32          x2=104fff40  x2:104fff60
            19811500           19796 1c001a64 00812c23 sw               x8, 24(x2)           x8:104fffe4  x2:104fff40  PA:104fff58
            19812500           19797 1c001a66 01062783 lw               x15, 16(x12)        x15=104fff78 x12:104fff64  PA:104fff74
            19813500           19798 1c001a68 00462403 lw               x8, 4(x12)           x8=00000000 x12:104fff64  PA:104fff68
            19814500           19799 1c001a6a 00912a23 sw               x9, 20(x2)           x9:1c00234d  x2:104fff40  PA:104fff54
            19815500           19800 1c001a6c 01212823 sw               x18, 16(x2)         x18:00000000  x2:104fff40  PA:104fff50
            19816500           19801 1c001a6e 01312623 sw               x19, 12(x2)         x19:1c001776  x2:104fff40  PA:104fff4c
            19835500           19820 1c001a70 00112e23 sw               x1, 28(x2)           x1:1c001d86  x2:104fff40  PA:104fff5c
            19839500           19824 1c001a72 01412423 sw               x20, 8(x2)          x20:00000025  x2:104fff40  PA:104fff48
            19840500           19825 1c001a74 00a00933 add              x18, x0, x10        x18=00000000 x10:00000000
            19841500           19826 1c001a76 00b009b3 add              x19, x0, x11        x19=1c001776 x11:1c001776
            19842500           19827 1c001a78 00c004b3 add              x9, x0, x12          x9=104fff64 x12:104fff64
            19843500           19828 1c001a7a 0017c70b p.lbu            x14, 1(x15!)        x14=00000031 x15=104fff79 x15:104fff78  PA:104fff78
            19845500           19830 1c001a7e 00070363 beq              x14, x0, 6          x14:00000031
            19862500           19847 1c001a80 08804863 blt              x0, x8, 144          x8:00000000
            19863500           19848 1c001a84 0084c783 lbu              x15, 8(x9)          x15=00000000  x9:104fff64  PA:104fff6c
            19869500           19854 1c001a88 00078263 beq              x15, x0, 4          x15:00000000
            19872500           19857 1c001a8c 0004c783 lbu              x15, 0(x9)          x15=000000xX  x9:104fff64  PA:104fff64
            19886500           19871 1c001a90 0027f713 andi             x14, x15, 2         x14=00000000 x15:000000xX
            19887500           19872 1c001a94 00070663 beq              x14, x0, 12         x14:00000000
            19906500           19891 1c001aa0 0097f793 andi             x15, x15, 9         x15=00000000 x15:000000xX
            19907500           19892 1c001aa2 00800a33 add              x20, x0, x8         x20=00000000  x8:00000000
            19908500           19893 1c001aa4 08078163 beq              x15, x0, 130        x15:00000000
            19928500           19913 1c001b26 ff404be3 blt              x0, x20, -10        x20:00000000
            19929500           19914 1c001b2a fff40793 addi             x15, x8, -1         x15=ffffffff  x8:00000000
            19951500           19936 1c001b2e 04046433 p.max            x8, x8, x0           x8=00000000  x8:00000000
            19952500           19937 1c001b32 40878433 sub              x8, x15, x8          x8=ffffffff x15:ffffffff  x8:00000000
            19953500           19938 1c001b36 f71ff06f jal              x0, -144           
            19955500           19940 1c001aa6 0084c583 lbu              x11, 8(x9)          x11=00000000  x9:104fff64  PA:104fff6c
            19962500           19947 1c001aaa 00058363 beq              x11, x0, 6          x11:00000000
            19977500           19962 1c001ab0 0004c783 lbu              x15, 0(x9)          x15=000000xX  x9:104fff64  PA:104fff64
            19984500           19969 1c001ab4 0027f793 andi             x15, x15, 2         x15=00000000 x15:000000xX
            19985500           19970 1c001ab6 02078363 beq              x15, x0, 38         x15:00000000
            20000500           19985 1c001adc 0004c783 lbu              x15, 0(x9)          x15=000000xX  x9:104fff64  PA:104fff64
            20018500           20003 1c001ae0 00800a33 add              x20, x0, x8         x20=ffffffff  x8:ffffffff
            20019500           20004 1c001ae2 fc17b7b3 p.bclr           x15, x15, 30, 1     x15=00000000 x15:000000xX
            20020500           20005 1c001ae6 06079363 bne              x15, x0, 102        x15:00000000
            20021500           20006 1c001ae8 0104aa03 lw               x20, 16(x9)         x20=104fff78  x9:104fff64  PA:104fff74
            20028500           20013 1c001aec 001a458b p.lbu            x11, 1(x20!)        x11=00000031 x20=104fff79 x20:104fff78  PA:104fff78
            20039500           20024 1c001af0 06059763 bne              x11, x0, 110        x11:00000031
            20059500           20044 1c001b5e 01200533 add              x10, x0, x18        x10=00000000 x18:00000000
            20077500           20062 1c001b60 000980e7 jalr             x1, x19, 0           x1=1c001b62 x19:1c001776
            20079500           20064 1c001776 00b00533 add              x10, x0, x11        x10=00000031 x11:00000031
            20080500           20065 1c001778 fddff06f jal              x0, -36            
            20082500           20067 1c001754 000026b7 lui              x13, 0x2000         x13=00002000
            20083500           20068 1c001756 f14027f3 csrrs            x15, x0, 0xf14      x15=00000027
            20084500           20069 1c00175a f8068693 addi             x13, x13, -128      x13=00001f80 x13:00002000
            20085500           20070 1c00175e 00379713 slli             x14, x15, 0x3       x14=00000138 x15:00000027
            20086500           20071 1c001762 00279793 slli             x15, x15, 0x2       x15=0000009c x15:00000027
            20087500           20072 1c001764 ee873733 p.bclr           x14, x14, 23, 8     x14=00000038 x14:00000138
            20088500           20073 1c001768 00d7f7b3 and              x15, x15, x13       x15=00000080 x15:0000009c x13:00001f80
            20089500           20074 1c00176a 00e787b3 add              x15, x15, x14       x15=000000b8 x15:00000080 x14:00000038
            20090500           20075 1c00176c 1a104737 lui              x14, 0x1a104000     x14=1a104000
            20091500           20076 1c001770 00a767a3 p.sw             x10, x0(x14)        x10:00000031 x14:1a104000  PA:1a1040b8
            20095500           20080 1c001774 00008067 jalr             x0, x1, 0            x1:1c001b62
            20096500           20081 1c001b62 f8bff06f jal              x0, -118           
            20098500           20083 1c001aec 001a458b p.lbu            x11, 1(x20!)        x11=00000000 x20=104fff7a x20:104fff79  PA:104fff79
            20105500           20090 1c001af0 06059763 bne              x11, x0, 110        x11:00000000
            20106500           20091 1c001af2 0004c783 lbu              x15, 0(x9)          x15=000000xX  x9:104fff64  PA:104fff64
            20108500           20093 1c001af6 0097f793 andi             x15, x15, 9         x15=00000000 x15:000000xX
            20109500           20094 1c001af8 0087b463 p.bneimm         x15, 8              x15:00000000
            20123500           20108 1c001b00 01c12083 lw               x1, 28(x2)           x1=1c001d86  x2:104fff40  PA:104fff5c
            20130500           20115 1c001b02 01812403 lw               x8, 24(x2)           x8=104fffe4  x2:104fff40  PA:104fff58
            20131500           20116 1c001b04 01412483 lw               x9, 20(x2)           x9=1c00234d  x2:104fff40  PA:104fff54
            20132500           20117 1c001b06 01012903 lw               x18, 16(x2)         x18=00000000  x2:104fff40  PA:104fff50
            20133500           20118 1c001b08 00c12983 lw               x19, 12(x2)         x19=1c001776  x2:104fff40  PA:104fff4c
            20134500           20119 1c001b0a 00812a03 lw               x20, 8(x2)          x20=00000025  x2:104fff40  PA:104fff48
            20135500           20120 1c001b0c 02010113 addi             x2, x2, 32           x2=104fff60  x2:104fff40
            20136500           20121 1c001b0e 00008067 jalr             x0, x1, 0            x1:1c001d86
            20152500           20137 1c001d86 01800433 add              x8, x0, x24          x8=104fffe8 x24:104fffe8
            20153500           20138 1c001d88 fadff06f jal              x0, -84            
            20155500           20140 1c001d34 00900633 add              x12, x0, x9         x12=1c00234d  x9:1c00234d
            20156500           20141 1c001d36 e69ff06f jal              x0, -408           
            20159500           20144 1c001b9e 00064583 lbu              x11, 0(x12)         x11=0000002c x12:1c00234d  PA:1c00234d
            20190500           20175 1c001ba2 00160493 addi             x9, x12, 1           x9=1c00234e x12:1c00234d
            20191500           20176 1c001ba6 00059e63 bne              x11, x0, 28         x11:0000002c
            20194500           20179 1c001bc2 01458563 beq              x11, x20, 10        x11:0000002c x20:00000025
            20195500           20180 1c001bc6 01200533 add              x10, x0, x18        x10=00000000 x18:00000000
            20196500           20181 1c001bc8 000980e7 jalr             x1, x19, 0           x1=1c001bca x19:1c001776
            20198500           20183 1c001776 00b00533 add              x10, x0, x11        x10=0000002c x11:0000002c
            20199500           20184 1c001778 fddff06f jal              x0, -36            
            20201500           20186 1c001754 000026b7 lui              x13, 0x2000         x13=00002000
            20202500           20187 1c001756 f14027f3 csrrs            x15, x0, 0xf14      x15=00000027
            20203500           20188 1c00175a f8068693 addi             x13, x13, -128      x13=00001f80 x13:00002000
            20204500           20189 1c00175e 00379713 slli             x14, x15, 0x3       x14=00000138 x15:00000027
            20205500           20190 1c001762 00279793 slli             x15, x15, 0x2       x15=0000009c x15:00000027
            20206500           20191 1c001764 ee873733 p.bclr           x14, x14, 23, 8     x14=00000038 x14:00000138
            20207500           20192 1c001768 00d7f7b3 and              x15, x15, x13       x15=00000080 x15:0000009c x13:00001f80
            20208500           20193 1c00176a 00e787b3 add              x15, x15, x14       x15=000000b8 x15:00000080 x14:00000038
            20209500           20194 1c00176c 1a104737 lui              x14, 0x1a104000     x14=1a104000
            20210500           20195 1c001770 00a767a3 p.sw             x10, x0(x14)        x10:0000002c x14:1a104000  PA:1a1040b8
            20214500           20199 1c001774 00008067 jalr             x0, x1, 0            x1:1c001bca
            20215500           20200 1c001bca 16a0006f jal              x0, 362            
            20217500           20202 1c001d34 00900633 add              x12, x0, x9         x12=1c00234e  x9:1c00234e
            20218500           20203 1c001d36 e69ff06f jal              x0, -408           
            20221500           20206 1c001b9e 00064583 lbu              x11, 0(x12)         x11=00000020 x12:1c00234e  PA:1c00234e
            20238500           20223 1c001ba2 00160493 addi             x9, x12, 1           x9=1c00234f x12:1c00234e
            20239500           20224 1c001ba6 00059e63 bne              x11, x0, 28         x11:00000020
            20242500           20227 1c001bc2 01458563 beq              x11, x20, 10        x11:00000020 x20:00000025
            20243500           20228 1c001bc6 01200533 add              x10, x0, x18        x10=00000000 x18:00000000
            20244500           20229 1c001bc8 000980e7 jalr             x1, x19, 0           x1=1c001bca x19:1c001776
            20246500           20231 1c001776 00b00533 add              x10, x0, x11        x10=00000020 x11:00000020
            20247500           20232 1c001778 fddff06f jal              x0, -36            
            20249500           20234 1c001754 000026b7 lui              x13, 0x2000         x13=00002000
            20250500           20235 1c001756 f14027f3 csrrs            x15, x0, 0xf14      x15=00000027
            20251500           20236 1c00175a f8068693 addi             x13, x13, -128      x13=00001f80 x13:00002000
            20252500           20237 1c00175e 00379713 slli             x14, x15, 0x3       x14=00000138 x15:00000027
            20253500           20238 1c001762 00279793 slli             x15, x15, 0x2       x15=0000009c x15:00000027
            20254500           20239 1c001764 ee873733 p.bclr           x14, x14, 23, 8     x14=00000038 x14:00000138
            20255500           20240 1c001768 00d7f7b3 and              x15, x15, x13       x15=00000080 x15:0000009c x13:00001f80
            20256500           20241 1c00176a 00e787b3 add              x15, x15, x14       x15=000000b8 x15:00000080 x14:00000038
            20257500           20242 1c00176c 1a104737 lui              x14, 0x1a104000     x14=1a104000
            20258500           20243 1c001770 00a767a3 p.sw             x10, x0(x14)        x10:00000020 x14:1a104000  PA:1a1040b8
            20262500           20247 1c001774 00008067 jalr             x0, x1, 0            x1:1c001bca
            20263500           20248 1c001bca 16a0006f jal              x0, 362            
            20265500           20250 1c001d34 00900633 add              x12, x0, x9         x12=1c00234f  x9:1c00234f
            20266500           20251 1c001d36 e69ff06f jal              x0, -408           
            20269500           20254 1c001b9e 00064583 lbu              x11, 0(x12)         x11=00000025 x12:1c00234f  PA:1c00234f
            20287500           20272 1c001ba2 00160493 addi             x9, x12, 1           x9=1c002350 x12:1c00234f
            20288500           20273 1c001ba6 00059e63 bne              x11, x0, 28         x11:00000025
            20291500           20276 1c001bc2 01458563 beq              x11, x20, 10        x11:00000025 x20:00000025
            20294500           20279 1c001bcc 00414783 lbu              x15, 4(x2)          x15=000000xX  x2:104fff60  PA:104fff64
            20295500           20280 1c001bd0 00012423 sw               x0, 8(x2)            x2:104fff60  PA:104fff68
            20296500           20281 1c001bd2 00010623 sb               x0, 12(x2)           x2:104fff60  PA:104fff6c
            20297500           20282 1c001bd6 c00027b3 p.insert         x15, x0, 0, 0       x15=000000xX x15:000000xX
            20298500           20283 1c001bda c01027b3 p.insert         x15, x0, 0, 1       x15=000000xX x15:000000xX
            20299500           20284 1c001bde c03027b3 p.insert         x15, x0, 0, 3       x15=000000xX x15:000000xX
            20300500           20285 1c001be2 00f10223 sb               x15, 4(x2)          x15:000000xX  x2:104fff60  PA:104fff64
            20301500           20286 1c001be6 00000713 addi             x14, x0, 0          x14=00000000
            20302500           20287 1c001be8 00000613 addi             x12, x0, 0          x12=00000000
            20303500           20288 1c001bea 00000693 addi             x13, x0, 0          x13=00000000
            20304500           20289 1c001bec 00000513 addi             x10, x0, 0          x10=00000000
            20305500           20290 1c001bee 00000593 addi             x11, x0, 0          x11=00000000
            20306500           20291 1c001bf0 03000813 addi             x16, x0, 48         x16=00000030
            20307500           20292 1c001bf4 02300893 addi             x17, x0, 35         x17=00000023
            20308500           20293 1c001bf8 0004c783 lbu              x15, 0(x9)          x15=00000069  x9:1c002350  PA:1c002350
            20323500           20308 1c001bfc 00148c13 addi             x24, x9, 1          x24=1c002351  x9:1c002350
            20324500           20309 1c001c00 04079163 bne              x15, x0, 66         x15:00000069
            20327500           20312 1c001c42 01778c63 beq              x15, x23, 24        x15:00000069 x23:0000002d
            20328500           20313 1c001c46 01078663 beq              x15, x16, 12        x15:00000069 x16:00000030
            20329500           20314 1c001c4a fb179ce3 bne              x15, x17, -72       x15:00000069 x17:00000023
            20332500           20317 1c001c02 00050763 beq              x10, x0, 14         x10:00000000
            20335500           20320 1c001c10 00060763 beq              x12, x0, 14         x12:00000000
            20338500           20323 1c001c1e 00070763 beq              x14, x0, 14         x14:00000000
            20341500           20326 1c001c2c fd078713 addi             x14, x15, -48       x14=00000039 x15:00000069
            20342500           20327 1c001c30 0ff77713 andi             x14, x14, 255       x14=00000039 x14:00000039
            20343500           20328 1c001c34 00900693 addi             x13, x0, 9          x13=00000009
            20344500           20329 1c001c36 04e6eb63 bltu             x13, x14, 86        x13:00000009 x14:00000039
            20347500           20332 1c001c8c 02e00713 addi             x14, x0, 46         x14=0000002e
            20348500           20333 1c001c90 02e79163 bne              x15, x14, 34        x15:00000069 x14:0000002e
            20351500           20336 1c001cb2 07a00713 addi             x14, x0, 122        x14=0000007a
            20352500           20337 1c001cb6 04e79263 bne              x15, x14, 68        x15:00000069 x14:0000007a
            20355500           20340 1c001cfa 06c00713 addi             x14, x0, 108        x14=0000006c
            20357500           20342 1c001cfe 20e79463 bne              x15, x14, 520       x15:00000069 x14:0000006c
            20360500           20345 1c001f06 06900713 addi             x14, x0, 105        x14=00000069
            20361500           20346 1c001f0a 02e78a63 beq              x15, x14, 52        x15:00000069 x14:00000069
            20364500           20349 1c001f3e 018004b3 add              x9, x0, x24          x9=1c002351 x24:1c002351
            20365500           20350 1c001f40 00000793 addi             x15, x0, 0          x15=00000000
            20366500           20351 1c001f42 e09ff06f jal              x0, -504           
            20368500           20353 1c001d4a 00a00713 addi             x14, x0, 10         x14=0000000a
            20369500           20354 1c001d4c 00e12823 sw               x14, 16(x2)         x14:0000000a  x2:104fff60  PA:104fff70
            20370500           20355 1c001d4e 0e27b363 p.bneimm         x15, 230            x15:00000000
            20373500           20358 1c001e34 00440c13 addi             x24, x8, 4          x24=104fffec  x8:104fffe8
            20374500           20359 1c001e38 00042503 lw               x10, 0(x8)          x10=00000007  x8:104fffe8  PA:104fffe8
            20375500           20360 1c001e3a 0017bd63 p.bneimm         x15, 26             x15:00000000
            20378500           20363 1c001e54 00055863 bge              x10, x0, 16         x10:00000007
            20381500           20366 1c001e64 00410593 addi             x11, x2, 4          x11=104fff64  x2:104fff60
            20382500           20367 1c001e66 b99ff0ef jal              x1, -1128            x1=1c001e68
            20384500           20369 1c0019fe 0105a683 lw               x13, 16(x11)        x13=104fff78 x11:104fff64  PA:104fff74
            20385500           20370 1c001a00 00c5a703 lw               x14, 12(x11)        x14=0000000a x11:104fff64  PA:104fff70
            20386500           20371 1c001a02 00100793 addi             x15, x0, 1          x15=00000001
            20387500           20372 1c001a04 02f55633 divu             x12, x10, x15       x12=00000007 x10:00000007 x15:00000001
            20421500           20406 1c001a08 00e67863 bgeu             x12, x14, 16        x12:00000007 x14:0000000a
            20422500           20407 1c001a0c 00000613 addi             x12, x0, 0          x12=00000000
            20423500           20408 1c001a0e 00900313 addi             x6, x0, 9            x6=00000009
            20424500           20409 1c001a10 00079763 bne              x15, x0, 14         x15:00000001
            20427500           20412 1c001a1e 00c5a703 lw               x14, 12(x11)        x14=0000000a x11:104fff64  PA:104fff70
            20428500           20413 1c001a20 02f55833 divu             x16, x10, x15       x16=00000007 x10:00000007 x15:00000001
            20462500           20447 1c001a24 02f57533 remu             x10, x10, x15       x10=00000000 x10:00000007 x15:00000001
            20496500           20481 1c001a28 02e7d7b3 divu             x15, x15, x14       x15=00000000 x15:00000001 x14:0000000a
            20527500           20512 1c001a2c 00061763 bne              x12, x0, 14         x12:00000000
            20528500           20513 1c001a2e 01004663 blt              x0, x16, 12         x16:00000007
            20531500           20516 1c001a3a 03000713 addi             x14, x0, 48         x14=00000030
            20533500           20518 1c001a3e 01035c63 bge              x6, x16, 24          x6:00000009 x16:00000007
            20536500           20521 1c001a56 01070733 add              x14, x14, x16       x14=00000037 x14:00000030 x16:00000007
            20537500           20522 1c001a58 00e68023 sb               x14, 0(x13)         x14:00000037 x13:104fff78  PA:104fff78
            20539500           20524 1c001a5c 00160613 addi             x12, x12, 1         x12=00000001 x12:00000000
            20540500           20525 1c001a5e 00168693 addi             x13, x13, 1         x13=104fff79 x13:104fff78
            20541500           20526 1c001a60 fb1ff06f jal              x0, -80            
            20543500           20528 1c001a10 00079763 bne              x15, x0, 14         x15:00000000
            20544500           20529 1c001a12 00068023 sb               x0, 0(x13)          x13:104fff79  PA:104fff79
            20546500           20531 1c001a16 00008067 jalr             x0, x1, 0            x1:1c001e68
            20547500           20532 1c001e68 f17ff06f jal              x0, -234           
            20549500           20534 1c001d7e 00410613 addi             x12, x2, 4          x12=104fff64  x2:104fff60
            20550500           20535 1c001d80 013005b3 add              x11, x0, x19        x11=1c001776 x19:1c001776
            20551500           20536 1c001d82 01200533 add              x10, x0, x18        x10=00000000 x18:00000000
            20552500           20537 1c001d84 cdfff0ef jal              x1, -802             x1=1c001d86
            20554500           20539 1c001a62 fe010113 addi             x2, x2, -32          x2=104fff40  x2:104fff60
            20555500           20540 1c001a64 00812c23 sw               x8, 24(x2)           x8:104fffe8  x2:104fff40  PA:104fff58
            20556500           20541 1c001a66 01062783 lw               x15, 16(x12)        x15=104fff78 x12:104fff64  PA:104fff74
            20557500           20542 1c001a68 00462403 lw               x8, 4(x12)           x8=00000000 x12:104fff64  PA:104fff68
            20558500           20543 1c001a6a 00912a23 sw               x9, 20(x2)           x9:1c002351  x2:104fff40  PA:104fff54
            20559500           20544 1c001a6c 01212823 sw               x18, 16(x2)         x18:00000000  x2:104fff40  PA:104fff50
            20560500           20545 1c001a6e 01312623 sw               x19, 12(x2)         x19:1c001776  x2:104fff40  PA:104fff4c
            20562500           20547 1c001a70 00112e23 sw               x1, 28(x2)           x1:1c001d86  x2:104fff40  PA:104fff5c
            20563500           20548 1c001a72 01412423 sw               x20, 8(x2)          x20:00000025  x2:104fff40  PA:104fff48
            20564500           20549 1c001a74 00a00933 add              x18, x0, x10        x18=00000000 x10:00000000
            20565500           20550 1c001a76 00b009b3 add              x19, x0, x11        x19=1c001776 x11:1c001776
            20566500           20551 1c001a78 00c004b3 add              x9, x0, x12          x9=104fff64 x12:104fff64
            20567500           20552 1c001a7a 0017c70b p.lbu            x14, 1(x15!)        x14=00000037 x15=104fff79 x15:104fff78  PA:104fff78
            20569500           20554 1c001a7e 00070363 beq              x14, x0, 6          x14:00000037
            20570500           20555 1c001a80 08804863 blt              x0, x8, 144          x8:00000000
            20571500           20556 1c001a84 0084c783 lbu              x15, 8(x9)          x15=00000000  x9:104fff64  PA:104fff6c
            20573500           20558 1c001a88 00078263 beq              x15, x0, 4          x15:00000000
            20576500           20561 1c001a8c 0004c783 lbu              x15, 0(x9)          x15=000000xX  x9:104fff64  PA:104fff64
            20578500           20563 1c001a90 0027f713 andi             x14, x15, 2         x14=00000000 x15:000000xX
            20579500           20564 1c001a94 00070663 beq              x14, x0, 12         x14:00000000
            20582500           20567 1c001aa0 0097f793 andi             x15, x15, 9         x15=00000000 x15:000000xX
            20583500           20568 1c001aa2 00800a33 add              x20, x0, x8         x20=00000000  x8:00000000
            20584500           20569 1c001aa4 08078163 beq              x15, x0, 130        x15:00000000
            20587500           20572 1c001b26 ff404be3 blt              x0, x20, -10        x20:00000000
            20588500           20573 1c001b2a fff40793 addi             x15, x8, -1         x15=ffffffff  x8:00000000
            20589500           20574 1c001b2e 04046433 p.max            x8, x8, x0           x8=00000000  x8:00000000
            20590500           20575 1c001b32 40878433 sub              x8, x15, x8          x8=ffffffff x15:ffffffff  x8:00000000
            20591500           20576 1c001b36 f71ff06f jal              x0, -144           
            20593500           20578 1c001aa6 0084c583 lbu              x11, 8(x9)          x11=00000000  x9:104fff64  PA:104fff6c
            20595500           20580 1c001aaa 00058363 beq              x11, x0, 6          x11:00000000
            20598500           20583 1c001ab0 0004c783 lbu              x15, 0(x9)          x15=000000xX  x9:104fff64  PA:104fff64
            20600500           20585 1c001ab4 0027f793 andi             x15, x15, 2         x15=00000000 x15:000000xX
            20601500           20586 1c001ab6 02078363 beq              x15, x0, 38         x15:00000000
            20604500           20589 1c001adc 0004c783 lbu              x15, 0(x9)          x15=000000xX  x9:104fff64  PA:104fff64
            20605500           20590 1c001ae0 00800a33 add              x20, x0, x8         x20=ffffffff  x8:ffffffff
            20606500           20591 1c001ae2 fc17b7b3 p.bclr           x15, x15, 30, 1     x15=00000000 x15:000000xX
            20607500           20592 1c001ae6 06079363 bne              x15, x0, 102        x15:00000000
            20608500           20593 1c001ae8 0104aa03 lw               x20, 16(x9)         x20=104fff78  x9:104fff64  PA:104fff74
            20610500           20595 1c001aec 001a458b p.lbu            x11, 1(x20!)        x11=00000037 x20=104fff79 x20:104fff78  PA:104fff78
            20612500           20597 1c001af0 06059763 bne              x11, x0, 110        x11:00000037
            20615500           20600 1c001b5e 01200533 add              x10, x0, x18        x10=00000000 x18:00000000
            20616500           20601 1c001b60 000980e7 jalr             x1, x19, 0           x1=1c001b62 x19:1c001776
            20618500           20603 1c001776 00b00533 add              x10, x0, x11        x10=00000037 x11:00000037
            20619500           20604 1c001778 fddff06f jal              x0, -36            
            20621500           20606 1c001754 000026b7 lui              x13, 0x2000         x13=00002000
            20622500           20607 1c001756 f14027f3 csrrs            x15, x0, 0xf14      x15=00000027
            20623500           20608 1c00175a f8068693 addi             x13, x13, -128      x13=00001f80 x13:00002000
            20624500           20609 1c00175e 00379713 slli             x14, x15, 0x3       x14=00000138 x15:00000027
            20625500           20610 1c001762 00279793 slli             x15, x15, 0x2       x15=0000009c x15:00000027
            20626500           20611 1c001764 ee873733 p.bclr           x14, x14, 23, 8     x14=00000038 x14:00000138
            20627500           20612 1c001768 00d7f7b3 and              x15, x15, x13       x15=00000080 x15:0000009c x13:00001f80
            20628500           20613 1c00176a 00e787b3 add              x15, x15, x14       x15=000000b8 x15:00000080 x14:00000038
            20629500           20614 1c00176c 1a104737 lui              x14, 0x1a104000     x14=1a104000
            20630500           20615 1c001770 00a767a3 p.sw             x10, x0(x14)        x10:00000037 x14:1a104000  PA:1a1040b8
            20634500           20619 1c001774 00008067 jalr             x0, x1, 0            x1:1c001b62
            20635500           20620 1c001b62 f8bff06f jal              x0, -118           
            20637500           20622 1c001aec 001a458b p.lbu            x11, 1(x20!)        x11=00000000 x20=104fff7a x20:104fff79  PA:104fff79
            20639500           20624 1c001af0 06059763 bne              x11, x0, 110        x11:00000000
            20640500           20625 1c001af2 0004c783 lbu              x15, 0(x9)          x15=000000xX  x9:104fff64  PA:104fff64
            20642500           20627 1c001af6 0097f793 andi             x15, x15, 9         x15=00000000 x15:000000xX
            20643500           20628 1c001af8 0087b463 p.bneimm         x15, 8              x15:00000000
            20646500           20631 1c001b00 01c12083 lw               x1, 28(x2)           x1=1c001d86  x2:104fff40  PA:104fff5c
            20647500           20632 1c001b02 01812403 lw               x8, 24(x2)           x8=104fffe8  x2:104fff40  PA:104fff58
            20648500           20633 1c001b04 01412483 lw               x9, 20(x2)           x9=1c002351  x2:104fff40  PA:104fff54
            20649500           20634 1c001b06 01012903 lw               x18, 16(x2)         x18=00000000  x2:104fff40  PA:104fff50
            20650500           20635 1c001b08 00c12983 lw               x19, 12(x2)         x19=1c001776  x2:104fff40  PA:104fff4c
            20651500           20636 1c001b0a 00812a03 lw               x20, 8(x2)          x20=00000025  x2:104fff40  PA:104fff48
            20652500           20637 1c001b0c 02010113 addi             x2, x2, 32           x2=104fff60  x2:104fff40
            20653500           20638 1c001b0e 00008067 jalr             x0, x1, 0            x1:1c001d86
            20655500           20640 1c001d86 01800433 add              x8, x0, x24          x8=104fffec x24:104fffec
            20656500           20641 1c001d88 fadff06f jal              x0, -84            
            20658500           20643 1c001d34 00900633 add              x12, x0, x9         x12=1c002351  x9:1c002351
            20659500           20644 1c001d36 e69ff06f jal              x0, -408           
            20662500           20647 1c001b9e 00064583 lbu              x11, 0(x12)         x11=00000029 x12:1c002351  PA:1c002351
            20686500           20671 1c001ba2 00160493 addi             x9, x12, 1           x9=1c002352 x12:1c002351
            20687500           20672 1c001ba6 00059e63 bne              x11, x0, 28         x11:00000029
            20690500           20675 1c001bc2 01458563 beq              x11, x20, 10        x11:00000029 x20:00000025
            20691500           20676 1c001bc6 01200533 add              x10, x0, x18        x10=00000000 x18:00000000
            20692500           20677 1c001bc8 000980e7 jalr             x1, x19, 0           x1=1c001bca x19:1c001776
            20694500           20679 1c001776 00b00533 add              x10, x0, x11        x10=00000029 x11:00000029
            20695500           20680 1c001778 fddff06f jal              x0, -36            
            20697500           20682 1c001754 000026b7 lui              x13, 0x2000         x13=00002000
            20698500           20683 1c001756 f14027f3 csrrs            x15, x0, 0xf14      x15=00000027
            20699500           20684 1c00175a f8068693 addi             x13, x13, -128      x13=00001f80 x13:00002000
            20700500           20685 1c00175e 00379713 slli             x14, x15, 0x3       x14=00000138 x15:00000027
            20701500           20686 1c001762 00279793 slli             x15, x15, 0x2       x15=0000009c x15:00000027
            20702500           20687 1c001764 ee873733 p.bclr           x14, x14, 23, 8     x14=00000038 x14:00000138
            20703500           20688 1c001768 00d7f7b3 and              x15, x15, x13       x15=00000080 x15:0000009c x13:00001f80
            20704500           20689 1c00176a 00e787b3 add              x15, x15, x14       x15=000000b8 x15:00000080 x14:00000038
            20705500           20690 1c00176c 1a104737 lui              x14, 0x1a104000     x14=1a104000
            20706500           20691 1c001770 00a767a3 p.sw             x10, x0(x14)        x10:00000029 x14:1a104000  PA:1a1040b8
            20710500           20695 1c001774 00008067 jalr             x0, x1, 0            x1:1c001bca
            20711500           20696 1c001bca 16a0006f jal              x0, 362            
            20713500           20698 1c001d34 00900633 add              x12, x0, x9         x12=1c002352  x9:1c002352
            20714500           20699 1c001d36 e69ff06f jal              x0, -408           
            20717500           20702 1c001b9e 00064583 lbu              x11, 0(x12)         x11=00000021 x12:1c002352  PA:1c002352
            20733500           20718 1c001ba2 00160493 addi             x9, x12, 1           x9=1c002353 x12:1c002352
            20734500           20719 1c001ba6 00059e63 bne              x11, x0, 28         x11:00000021
            20737500           20722 1c001bc2 01458563 beq              x11, x20, 10        x11:00000021 x20:00000025
            20738500           20723 1c001bc6 01200533 add              x10, x0, x18        x10=00000000 x18:00000000
            20739500           20724 1c001bc8 000980e7 jalr             x1, x19, 0           x1=1c001bca x19:1c001776
            20741500           20726 1c001776 00b00533 add              x10, x0, x11        x10=00000021 x11:00000021
            20742500           20727 1c001778 fddff06f jal              x0, -36            
            20744500           20729 1c001754 000026b7 lui              x13, 0x2000         x13=00002000
            20745500           20730 1c001756 f14027f3 csrrs            x15, x0, 0xf14      x15=00000027
            20746500           20731 1c00175a f8068693 addi             x13, x13, -128      x13=00001f80 x13:00002000
            20747500           20732 1c00175e 00379713 slli             x14, x15, 0x3       x14=00000138 x15:00000027
            20748500           20733 1c001762 00279793 slli             x15, x15, 0x2       x15=0000009c x15:00000027
            20749500           20734 1c001764 ee873733 p.bclr           x14, x14, 23, 8     x14=00000038 x14:00000138
            20750500           20735 1c001768 00d7f7b3 and              x15, x15, x13       x15=00000080 x15:0000009c x13:00001f80
            20751500           20736 1c00176a 00e787b3 add              x15, x15, x14       x15=000000b8 x15:00000080 x14:00000038
            20752500           20737 1c00176c 1a104737 lui              x14, 0x1a104000     x14=1a104000
            20753500           20738 1c001770 00a767a3 p.sw             x10, x0(x14)        x10:00000021 x14:1a104000  PA:1a1040b8
            20757500           20742 1c001774 00008067 jalr             x0, x1, 0            x1:1c001bca
            20758500           20743 1c001bca 16a0006f jal              x0, 362            
            20760500           20745 1c001d34 00900633 add              x12, x0, x9         x12=1c002353  x9:1c002353
            20761500           20746 1c001d36 e69ff06f jal              x0, -408           
            20764500           20749 1c001b9e 00064583 lbu              x11, 0(x12)         x11=0000000a x12:1c002353  PA:1c002353
            20781500           20766 1c001ba2 00160493 addi             x9, x12, 1           x9=1c002354 x12:1c002353
            20782500           20767 1c001ba6 00059e63 bne              x11, x0, 28         x11:0000000a
            20785500           20770 1c001bc2 01458563 beq              x11, x20, 10        x11:0000000a x20:00000025
            20786500           20771 1c001bc6 01200533 add              x10, x0, x18        x10=00000000 x18:00000000
            20787500           20772 1c001bc8 000980e7 jalr             x1, x19, 0           x1=1c001bca x19:1c001776
            20789500           20774 1c001776 00b00533 add              x10, x0, x11        x10=0000000a x11:0000000a
            20790500           20775 1c001778 fddff06f jal              x0, -36            
            20792500           20777 1c001754 000026b7 lui              x13, 0x2000         x13=00002000
            20793500           20778 1c001756 f14027f3 csrrs            x15, x0, 0xf14      x15=00000027
            20794500           20779 1c00175a f8068693 addi             x13, x13, -128      x13=00001f80 x13:00002000
            20795500           20780 1c00175e 00379713 slli             x14, x15, 0x3       x14=00000138 x15:00000027
            20796500           20781 1c001762 00279793 slli             x15, x15, 0x2       x15=0000009c x15:00000027
            20797500           20782 1c001764 ee873733 p.bclr           x14, x14, 23, 8     x14=00000038 x14:00000138
            20798500           20783 1c001768 00d7f7b3 and              x15, x15, x13       x15=00000080 x15:0000009c x13:00001f80
            20799500           20784 1c00176a 00e787b3 add              x15, x15, x14       x15=000000b8 x15:00000080 x14:00000038
            20800500           20785 1c00176c 1a104737 lui              x14, 0x1a104000     x14=1a104000
            20801500           20786 1c001770 00a767a3 p.sw             x10, x0(x14)        x10:0000000a x14:1a104000  PA:1a1040b8
            20805500           20790 1c001774 00008067 jalr             x0, x1, 0            x1:1c001bca
            20806500           20791 1c001bca 16a0006f jal              x0, 362            
            20808500           20793 1c001d34 00900633 add              x12, x0, x9         x12=1c002354  x9:1c002354
            20809500           20794 1c001d36 e69ff06f jal              x0, -408           
            20812500           20797 1c001b9e 00064583 lbu              x11, 0(x12)         x11=00000000 x12:1c002354  PA:1c002354
            20826500           20811 1c001ba2 00160493 addi             x9, x12, 1           x9=1c002355 x12:1c002354
            20827500           20812 1c001ba6 00059e63 bne              x11, x0, 28         x11:00000000
            20828500           20813 1c001ba8 05c12083 lw               x1, 92(x2)           x1=1c001834  x2:104fff60  PA:104fffbc
            20829500           20814 1c001baa 05812403 lw               x8, 88(x2)           x8=00000000  x2:104fff60  PA:104fffb8
            20830500           20815 1c001bac 05412483 lw               x9, 84(x2)           x9=00000000  x2:104fff60  PA:104fffb4
            20831500           20816 1c001bae 05012903 lw               x18, 80(x2)         x18=1b204000  x2:104fff60  PA:104fffb0
            20832500           20817 1c001bb0 04c12983 lw               x19, 76(x2)         x19=00000007  x2:104fff60  PA:104fffac
            20833500           20818 1c001bb2 04812a03 lw               x20, 72(x2)         x20=1c00220c  x2:104fff60  PA:104fffa8
            20834500           20819 1c001bb4 04412a83 lw               x21, 68(x2)         x21=1c002210  x2:104fff60  PA:104fffa4
            20835500           20820 1c001bb6 04012b03 lw               x22, 64(x2)         x22=00000000  x2:104fff60  PA:104fffa0
            20836500           20821 1c001bb8 03c12b83 lw               x23, 60(x2)         x23=00000000  x2:104fff60  PA:104fff9c
            20838500           20823 1c001bba 03812c03 lw               x24, 56(x2)         x24=00000000  x2:104fff60  PA:104fff98
            20839500           20824 1c001bbc 03412c83 lw               x25, 52(x2)         x25=00000000  x2:104fff60  PA:104fff94
            20840500           20825 1c001bbe 06010113 addi             x2, x2, 96           x2=104fffc0  x2:104fff60
            20841500           20826 1c001bc0 00008067 jalr             x0, x1, 0            x1:1c001834
            20843500           20828 1c001834 01c12083 lw               x1, 28(x2)           x1=1c00220c  x2:104fffc0  PA:104fffdc
            20844500           20829 1c001836 00000513 addi             x10, x0, 0          x10=00000000
            20845500           20830 1c001838 04010113 addi             x2, x2, 64           x2=10500000  x2:104fffc0
            20846500           20831 1c00183a 00008067 jalr             x0, x1, 0            x1:1c00220c
            20848500           20833 1c00220c 21c96283 p.elw            x5, 540(x18)         x5=00000000 x18:1b204000  PA:1b20421c
