                Time          Cycles PC       Instr    Mnemonic
              104500              89 1c000080 0180006f jal              x0, 24             
              128500             113 1c000098 f1402573 csrrs            x10, x0, 0xf14      x10=00000004
              129500             114 1c00009c 01f57593 andi             x11, x10, 31        x11=00000004 x10:00000004
              151500             136 1c0000a0 00555513 srli             x10, x10, 0x5       x10=00000000 x10:00000004
              152500             137 1c0000a2 00058463 beq              x11, x0, 8          x11:00000004
              153500             138 1c0000a6 05a0206f jal              x0, 8282           
              176500             161 1c002100 000702b7 lui              x5, 0x70000          x5=00070000
              177500             162 1c002104 1b204337 lui              x6, 0x1b204000       x6=1b204000
              178500             163 1c002108 00532023 sw               x5, 0(x6)            x5:00070000  x6:1b204000  PA:1b204000
              179500             164 1c00210c 0e059163 bne              x11, x0, 226        x11:00000004
              246500             231 1c0021ee 1b204937 lui              x18, 0x1b204000     x18=1b204000
              247500             232 1c0021f2 f14029f3 csrrs            x19, x0, 0xf14      x19=00000004
              248500             233 1c0021f6 01f9f993 andi             x19, x19, 31        x19=00000004 x19:00000004
              249500             234 1c0021fa 00000a17 auipc            x20, 0x0            x20=1c0021fa
              268500             253 1c0021fe 012a0a13 addi             x20, x20, 18        x20=1c00220c x20:1c0021fa
              269500             254 1c002202 00000a97 auipc            x21, 0x0            x21=1c002202
              270500             255 1c002206 00ea8a93 addi             x21, x21, 14        x21=1c002210 x21:1c002202
              271500             256 1c00220a 0060006f jal              x0, 6              
              292500             277 1c002210 08096283 p.elw            x5, 128(x18)         x5=1c00222d x18:1b204000  PA:1b204080
             9629500            9614 1c002214 08096503 p.elw            x10, 128(x18)       x10=00000800 x18:1b204000  PA:1b204080
             9637500            9622 1c002218 0012f313 andi             x6, x5, 1            x6=00000001  x5:1c00222d
             9638500            9623 1c00221c 00031563 bne              x6, x0, 10           x6:00000001
             9656500            9641 1c002226 000a80b3 add              x1, x21, x0          x1=1c002210 x21:1c002210
             9657500            9642 1c00222a 00028067 jalr             x0, x5, 0            x5:1c00222d
             9659500            9644 1c00222c 08096283 p.elw            x5, 128(x18)         x5=100fc790 x18:1b204000  PA:1b204080
             9683500            9668 1c002230 02a98533 mul              x10, x19, x10       x10=00002000 x19:00000004 x10:00000800
             9684500            9669 1c002234 00550133 add              x2, x10, x5          x2=100fe790 x10:00002000  x5:100fc790
             9685500            9670 1c002238 00008067 jalr             x0, x1, 0            x1:1c002210
             9705500            9690 1c002210 08096283 p.elw            x5, 128(x18)         x5=1c0009bc x18:1b204000  PA:1b204080
            18829500           18814 1c002214 08096503 p.elw            x10, 128(x18)       x10=00000000 x18:1b204000  PA:1b204080
            18837500           18822 1c002218 0012f313 andi             x6, x5, 1            x6=00000000  x5:1c0009bc
            18838500           18823 1c00221c 00031563 bne              x6, x0, 10           x6:00000000
            18839500           18824 1c002220 000a00b3 add              x1, x20, x0          x1=1c00220c x20:1c00220c
            18840500           18825 1c002224 00028067 jalr             x0, x5, 0            x5:1c0009bc
            18863500           18848 1c0009bc f1402673 csrrs            x12, x0, 0xf14      x12=00000004
            18883500           18868 1c0009c0 1c002537 lui              x10, 0x1c002000     x10=1c002000
            18884500           18869 1c0009c4 40565593 srai             x11, x12, 0x405     x11=00000000 x12:00000004
            18885500           18870 1c0009c8 f265b5b3 p.bclr           x11, x11, 25, 6     x11=00000000 x11:00000000
            18886500           18871 1c0009cc f4563633 p.bclr           x12, x12, 26, 5     x12=00000004 x12:00000004
            18887500           18872 1c0009d0 33c50513 addi             x10, x10, 828       x10=1c00233c x10:1c002000
            18888500           18873 1c0009d4 63d0006f jal              x0, 3644           
            18890500           18875 1c001810 fc010113 addi             x2, x2, -64          x2=100fe750  x2:100fe790
            18891500           18876 1c001812 02b12223 sw               x11, 36(x2)         x11:00000000  x2:100fe750  PA:100fe774
            18898500           18883 1c001814 1c0015b7 lui              x11, 0x1c001000     x11=1c001000
            18899500           18884 1c001818 02c12423 sw               x12, 40(x2)         x12:00000004  x2:100fe750  PA:100fe778
            18900500           18885 1c00181a 02d12623 sw               x13, 44(x2)         x13:00000000  x2:100fe750  PA:100fe77c
            18901500           18886 1c00181c 00a00633 add              x12, x0, x10        x12=1c00233c x10:1c00233c
            18902500           18887 1c00181e 02410693 addi             x13, x2, 36         x13=100fe774  x2:100fe750
            18912500           18897 1c001820 00000513 addi             x10, x0, 0          x10=00000000
            18913500           18898 1c001822 77658593 addi             x11, x11, 1910      x11=1c001776 x11:1c001000
            18914500           18899 1c001826 00112e23 sw               x1, 28(x2)           x1:1c00220c  x2:100fe750  PA:100fe76c
            18915500           18900 1c001828 02e12823 sw               x14, 48(x2)         x14:00000000  x2:100fe750  PA:100fe780
            18916500           18901 1c00182a 02f12a23 sw               x15, 52(x2)         x15:00000000  x2:100fe750  PA:100fe784
            18917500           18902 1c00182c 03012c23 sw               x16, 56(x2)         x16:00000000  x2:100fe750  PA:100fe788
            18918500           18903 1c00182e 03112e23 sw               x17, 60(x2)         x17:00000000  x2:100fe750  PA:100fe78c
            18936500           18921 1c001830 00d12623 sw               x13, 12(x2)         x13:100fe774  x2:100fe750  PA:100fe75c
            18940500           18925 1c001832 33e000ef jal              x1, 830              x1=1c001834
            18955500           18940 1c001b70 fa010113 addi             x2, x2, -96          x2=100fe6f0  x2:100fe750
            18956500           18941 1c001b72 01810793 addi             x15, x2, 24         x15=100fe708  x2:100fe6f0
            18957500           18942 1c001b74 04812c23 sw               x8, 88(x2)           x8:00000000  x2:100fe6f0  PA:100fe748
            18963500           18948 1c001b76 05212823 sw               x18, 80(x2)         x18:1b204000  x2:100fe6f0  PA:100fe740
            18965500           18950 1c001b78 05312623 sw               x19, 76(x2)         x19:00000004  x2:100fe6f0  PA:100fe73c
            18966500           18951 1c001b7a 05412423 sw               x20, 72(x2)         x20:1c00220c  x2:100fe6f0  PA:100fe738
            18967500           18952 1c001b7c 05512223 sw               x21, 68(x2)         x21:1c002210  x2:100fe6f0  PA:100fe734
            18968500           18953 1c001b7e 05612023 sw               x22, 64(x2)         x22:00000000  x2:100fe6f0  PA:100fe730
            18982500           18967 1c001b80 03712e23 sw               x23, 60(x2)         x23:00000000  x2:100fe6f0  PA:100fe72c
            18989500           18974 1c001b82 04112e23 sw               x1, 92(x2)           x1:1c001834  x2:100fe6f0  PA:100fe74c
            18990500           18975 1c001b84 04912a23 sw               x9, 84(x2)           x9:00000000  x2:100fe6f0  PA:100fe744
            18991500           18976 1c001b86 03812c23 sw               x24, 56(x2)         x24:00000000  x2:100fe6f0  PA:100fe728
            18992500           18977 1c001b88 03912a23 sw               x25, 52(x2)         x25:00000000  x2:100fe6f0  PA:100fe724
            18993500           18978 1c001b8a 00a00933 add              x18, x0, x10        x18=00000000 x10:00000000
            18994500           18979 1c001b8c 00b009b3 add              x19, x0, x11        x19=1c001776 x11:1c001776
            18995500           18980 1c001b8e 00d00433 add              x8, x0, x13          x8=100fe774 x13:100fe774
            19012500           18997 1c001b90 00f12a23 sw               x15, 20(x2)         x15:100fe708  x2:100fe6f0  PA:100fe704
            19016500           19001 1c001b92 02500a13 addi             x20, x0, 37         x20=00000025
            19017500           19002 1c001b96 02d00b93 addi             x23, x0, 45         x23=0000002d
            19018500           19003 1c001b9a 00100a93 addi             x21, x0, 1          x21=00000001
            19019500           19004 1c001b9c 00500b13 addi             x22, x0, 5          x22=00000005
            19036500           19021 1c001b9e 00064583 lbu              x11, 0(x12)         x11=00000048 x12:1c00233c  PA:1c00233c
            19059500           19044 1c001ba2 00160493 addi             x9, x12, 1           x9=1c00233d x12:1c00233c
            19060500           19045 1c001ba6 00059e63 bne              x11, x0, 28         x11:00000048
            19078500           19063 1c001bc2 01458563 beq              x11, x20, 10        x11:00000048 x20:00000025
            19079500           19064 1c001bc6 01200533 add              x10, x0, x18        x10=00000000 x18:00000000
            19080500           19065 1c001bc8 000980e7 jalr             x1, x19, 0           x1=1c001bca x19:1c001776
            19098500           19083 1c001776 00b00533 add              x10, x0, x11        x10=00000048 x11:00000048
            19099500           19084 1c001778 fddff06f jal              x0, -36            
            19101500           19086 1c001754 000026b7 lui              x13, 0x2000         x13=00002000
            19102500           19087 1c001756 f14027f3 csrrs            x15, x0, 0xf14      x15=00000004
            19103500           19088 1c00175a f8068693 addi             x13, x13, -128      x13=00001f80 x13:00002000
            19121500           19106 1c00175e 00379713 slli             x14, x15, 0x3       x14=00000020 x15:00000004
            19122500           19107 1c001762 00279793 slli             x15, x15, 0x2       x15=00000010 x15:00000004
            19123500           19108 1c001764 ee873733 p.bclr           x14, x14, 23, 8     x14=00000020 x14:00000020
            19124500           19109 1c001768 00d7f7b3 and              x15, x15, x13       x15=00000000 x15:00000010 x13:00001f80
            19125500           19110 1c00176a 00e787b3 add              x15, x15, x14       x15=00000020 x15:00000000 x14:00000020
            19126500           19111 1c00176c 1a104737 lui              x14, 0x1a104000     x14=1a104000
            19127500           19112 1c001770 00a767a3 p.sw             x10, x0(x14)        x10:00000048 x14:1a104000  PA:1a104020
            19131500           19116 1c001774 00008067 jalr             x0, x1, 0            x1:1c001bca
            19132500           19117 1c001bca 16a0006f jal              x0, 362            
            19150500           19135 1c001d34 00900633 add              x12, x0, x9         x12=1c00233d  x9:1c00233d
            19151500           19136 1c001d36 e69ff06f jal              x0, -408           
            19154500           19139 1c001b9e 00064583 lbu              x11, 0(x12)         x11=00000065 x12:1c00233d  PA:1c00233d
            19197500           19182 1c001ba2 00160493 addi             x9, x12, 1           x9=1c00233e x12:1c00233d
            19198500           19183 1c001ba6 00059e63 bne              x11, x0, 28         x11:00000065
            19201500           19186 1c001bc2 01458563 beq              x11, x20, 10        x11:00000065 x20:00000025
            19202500           19187 1c001bc6 01200533 add              x10, x0, x18        x10=00000000 x18:00000000
            19203500           19188 1c001bc8 000980e7 jalr             x1, x19, 0           x1=1c001bca x19:1c001776
            19205500           19190 1c001776 00b00533 add              x10, x0, x11        x10=00000065 x11:00000065
            19206500           19191 1c001778 fddff06f jal              x0, -36            
            19208500           19193 1c001754 000026b7 lui              x13, 0x2000         x13=00002000
            19209500           19194 1c001756 f14027f3 csrrs            x15, x0, 0xf14      x15=00000004
            19210500           19195 1c00175a f8068693 addi             x13, x13, -128      x13=00001f80 x13:00002000
            19211500           19196 1c00175e 00379713 slli             x14, x15, 0x3       x14=00000020 x15:00000004
            19212500           19197 1c001762 00279793 slli             x15, x15, 0x2       x15=00000010 x15:00000004
            19213500           19198 1c001764 ee873733 p.bclr           x14, x14, 23, 8     x14=00000020 x14:00000020
            19214500           19199 1c001768 00d7f7b3 and              x15, x15, x13       x15=00000000 x15:00000010 x13:00001f80
            19215500           19200 1c00176a 00e787b3 add              x15, x15, x14       x15=00000020 x15:00000000 x14:00000020
            19216500           19201 1c00176c 1a104737 lui              x14, 0x1a104000     x14=1a104000
            19217500           19202 1c001770 00a767a3 p.sw             x10, x0(x14)        x10:00000065 x14:1a104000  PA:1a104020
            19221500           19206 1c001774 00008067 jalr             x0, x1, 0            x1:1c001bca
            19222500           19207 1c001bca 16a0006f jal              x0, 362            
            19224500           19209 1c001d34 00900633 add              x12, x0, x9         x12=1c00233e  x9:1c00233e
            19225500           19210 1c001d36 e69ff06f jal              x0, -408           
            19228500           19213 1c001b9e 00064583 lbu              x11, 0(x12)         x11=00000079 x12:1c00233e  PA:1c00233e
            19247500           19232 1c001ba2 00160493 addi             x9, x12, 1           x9=1c00233f x12:1c00233e
            19248500           19233 1c001ba6 00059e63 bne              x11, x0, 28         x11:00000079
            19251500           19236 1c001bc2 01458563 beq              x11, x20, 10        x11:00000079 x20:00000025
            19252500           19237 1c001bc6 01200533 add              x10, x0, x18        x10=00000000 x18:00000000
            19253500           19238 1c001bc8 000980e7 jalr             x1, x19, 0           x1=1c001bca x19:1c001776
            19255500           19240 1c001776 00b00533 add              x10, x0, x11        x10=00000079 x11:00000079
            19256500           19241 1c001778 fddff06f jal              x0, -36            
            19258500           19243 1c001754 000026b7 lui              x13, 0x2000         x13=00002000
            19259500           19244 1c001756 f14027f3 csrrs            x15, x0, 0xf14      x15=00000004
            19260500           19245 1c00175a f8068693 addi             x13, x13, -128      x13=00001f80 x13:00002000
            19261500           19246 1c00175e 00379713 slli             x14, x15, 0x3       x14=00000020 x15:00000004
            19262500           19247 1c001762 00279793 slli             x15, x15, 0x2       x15=00000010 x15:00000004
            19263500           19248 1c001764 ee873733 p.bclr           x14, x14, 23, 8     x14=00000020 x14:00000020
            19264500           19249 1c001768 00d7f7b3 and              x15, x15, x13       x15=00000000 x15:00000010 x13:00001f80
            19265500           19250 1c00176a 00e787b3 add              x15, x15, x14       x15=00000020 x15:00000000 x14:00000020
            19266500           19251 1c00176c 1a104737 lui              x14, 0x1a104000     x14=1a104000
            19267500           19252 1c001770 00a767a3 p.sw             x10, x0(x14)        x10:00000079 x14:1a104000  PA:1a104020
            19271500           19256 1c001774 00008067 jalr             x0, x1, 0            x1:1c001bca
            19272500           19257 1c001bca 16a0006f jal              x0, 362            
            19274500           19259 1c001d34 00900633 add              x12, x0, x9         x12=1c00233f  x9:1c00233f
            19275500           19260 1c001d36 e69ff06f jal              x0, -408           
            19278500           19263 1c001b9e 00064583 lbu              x11, 0(x12)         x11=0000002c x12:1c00233f  PA:1c00233f
            19294500           19279 1c001ba2 00160493 addi             x9, x12, 1           x9=1c002340 x12:1c00233f
            19295500           19280 1c001ba6 00059e63 bne              x11, x0, 28         x11:0000002c
            19298500           19283 1c001bc2 01458563 beq              x11, x20, 10        x11:0000002c x20:00000025
            19299500           19284 1c001bc6 01200533 add              x10, x0, x18        x10=00000000 x18:00000000
            19300500           19285 1c001bc8 000980e7 jalr             x1, x19, 0           x1=1c001bca x19:1c001776
            19302500           19287 1c001776 00b00533 add              x10, x0, x11        x10=0000002c x11:0000002c
            19303500           19288 1c001778 fddff06f jal              x0, -36            
            19305500           19290 1c001754 000026b7 lui              x13, 0x2000         x13=00002000
            19306500           19291 1c001756 f14027f3 csrrs            x15, x0, 0xf14      x15=00000004
            19307500           19292 1c00175a f8068693 addi             x13, x13, -128      x13=00001f80 x13:00002000
            19308500           19293 1c00175e 00379713 slli             x14, x15, 0x3       x14=00000020 x15:00000004
            19309500           19294 1c001762 00279793 slli             x15, x15, 0x2       x15=00000010 x15:00000004
            19310500           19295 1c001764 ee873733 p.bclr           x14, x14, 23, 8     x14=00000020 x14:00000020
            19311500           19296 1c001768 00d7f7b3 and              x15, x15, x13       x15=00000000 x15:00000010 x13:00001f80
            19312500           19297 1c00176a 00e787b3 add              x15, x15, x14       x15=00000020 x15:00000000 x14:00000020
            19313500           19298 1c00176c 1a104737 lui              x14, 0x1a104000     x14=1a104000
            19314500           19299 1c001770 00a767a3 p.sw             x10, x0(x14)        x10:0000002c x14:1a104000  PA:1a104020
            19318500           19303 1c001774 00008067 jalr             x0, x1, 0            x1:1c001bca
            19319500           19304 1c001bca 16a0006f jal              x0, 362            
            19321500           19306 1c001d34 00900633 add              x12, x0, x9         x12=1c002340  x9:1c002340
            19322500           19307 1c001d36 e69ff06f jal              x0, -408           
            19325500           19310 1c001b9e 00064583 lbu              x11, 0(x12)         x11=00000020 x12:1c002340  PA:1c002340
            19344500           19329 1c001ba2 00160493 addi             x9, x12, 1           x9=1c002341 x12:1c002340
            19345500           19330 1c001ba6 00059e63 bne              x11, x0, 28         x11:00000020
            19348500           19333 1c001bc2 01458563 beq              x11, x20, 10        x11:00000020 x20:00000025
            19349500           19334 1c001bc6 01200533 add              x10, x0, x18        x10=00000000 x18:00000000
            19350500           19335 1c001bc8 000980e7 jalr             x1, x19, 0           x1=1c001bca x19:1c001776
            19352500           19337 1c001776 00b00533 add              x10, x0, x11        x10=00000020 x11:00000020
            19353500           19338 1c001778 fddff06f jal              x0, -36            
            19355500           19340 1c001754 000026b7 lui              x13, 0x2000         x13=00002000
            19356500           19341 1c001756 f14027f3 csrrs            x15, x0, 0xf14      x15=00000004
            19357500           19342 1c00175a f8068693 addi             x13, x13, -128      x13=00001f80 x13:00002000
            19358500           19343 1c00175e 00379713 slli             x14, x15, 0x3       x14=00000020 x15:00000004
            19359500           19344 1c001762 00279793 slli             x15, x15, 0x2       x15=00000010 x15:00000004
            19360500           19345 1c001764 ee873733 p.bclr           x14, x14, 23, 8     x14=00000020 x14:00000020
            19361500           19346 1c001768 00d7f7b3 and              x15, x15, x13       x15=00000000 x15:00000010 x13:00001f80
            19362500           19347 1c00176a 00e787b3 add              x15, x15, x14       x15=00000020 x15:00000000 x14:00000020
            19363500           19348 1c00176c 1a104737 lui              x14, 0x1a104000     x14=1a104000
            19364500           19349 1c001770 00a767a3 p.sw             x10, x0(x14)        x10:00000020 x14:1a104000  PA:1a104020
            19368500           19353 1c001774 00008067 jalr             x0, x1, 0            x1:1c001bca
            19369500           19354 1c001bca 16a0006f jal              x0, 362            
            19371500           19356 1c001d34 00900633 add              x12, x0, x9         x12=1c002341  x9:1c002341
            19372500           19357 1c001d36 e69ff06f jal              x0, -408           
            19375500           19360 1c001b9e 00064583 lbu              x11, 0(x12)         x11=00000049 x12:1c002341  PA:1c002341
            19398500           19383 1c001ba2 00160493 addi             x9, x12, 1           x9=1c002342 x12:1c002341
            19399500           19384 1c001ba6 00059e63 bne              x11, x0, 28         x11:00000049
            19402500           19387 1c001bc2 01458563 beq              x11, x20, 10        x11:00000049 x20:00000025
            19403500           19388 1c001bc6 01200533 add              x10, x0, x18        x10=00000000 x18:00000000
            19404500           19389 1c001bc8 000980e7 jalr             x1, x19, 0           x1=1c001bca x19:1c001776
            19406500           19391 1c001776 00b00533 add              x10, x0, x11        x10=00000049 x11:00000049
            19407500           19392 1c001778 fddff06f jal              x0, -36            
            19409500           19394 1c001754 000026b7 lui              x13, 0x2000         x13=00002000
            19410500           19395 1c001756 f14027f3 csrrs            x15, x0, 0xf14      x15=00000004
            19411500           19396 1c00175a f8068693 addi             x13, x13, -128      x13=00001f80 x13:00002000
            19412500           19397 1c00175e 00379713 slli             x14, x15, 0x3       x14=00000020 x15:00000004
            19413500           19398 1c001762 00279793 slli             x15, x15, 0x2       x15=00000010 x15:00000004
            19414500           19399 1c001764 ee873733 p.bclr           x14, x14, 23, 8     x14=00000020 x14:00000020
            19415500           19400 1c001768 00d7f7b3 and              x15, x15, x13       x15=00000000 x15:00000010 x13:00001f80
            19416500           19401 1c00176a 00e787b3 add              x15, x15, x14       x15=00000020 x15:00000000 x14:00000020
            19417500           19402 1c00176c 1a104737 lui              x14, 0x1a104000     x14=1a104000
            19418500           19403 1c001770 00a767a3 p.sw             x10, x0(x14)        x10:00000049 x14:1a104000  PA:1a104020
            19422500           19407 1c001774 00008067 jalr             x0, x1, 0            x1:1c001bca
            19423500           19408 1c001bca 16a0006f jal              x0, 362            
            19425500           19410 1c001d34 00900633 add              x12, x0, x9         x12=1c002342  x9:1c002342
            19426500           19411 1c001d36 e69ff06f jal              x0, -408           
            19429500           19414 1c001b9e 00064583 lbu              x11, 0(x12)         x11=00000027 x12:1c002342  PA:1c002342
            19448500           19433 1c001ba2 00160493 addi             x9, x12, 1           x9=1c002343 x12:1c002342
            19449500           19434 1c001ba6 00059e63 bne              x11, x0, 28         x11:00000027
            19452500           19437 1c001bc2 01458563 beq              x11, x20, 10        x11:00000027 x20:00000025
            19453500           19438 1c001bc6 01200533 add              x10, x0, x18        x10=00000000 x18:00000000
            19454500           19439 1c001bc8 000980e7 jalr             x1, x19, 0           x1=1c001bca x19:1c001776
            19456500           19441 1c001776 00b00533 add              x10, x0, x11        x10=00000027 x11:00000027
            19457500           19442 1c001778 fddff06f jal              x0, -36            
            19459500           19444 1c001754 000026b7 lui              x13, 0x2000         x13=00002000
            19460500           19445 1c001756 f14027f3 csrrs            x15, x0, 0xf14      x15=00000004
            19461500           19446 1c00175a f8068693 addi             x13, x13, -128      x13=00001f80 x13:00002000
            19462500           19447 1c00175e 00379713 slli             x14, x15, 0x3       x14=00000020 x15:00000004
            19463500           19448 1c001762 00279793 slli             x15, x15, 0x2       x15=00000010 x15:00000004
            19464500           19449 1c001764 ee873733 p.bclr           x14, x14, 23, 8     x14=00000020 x14:00000020
            19465500           19450 1c001768 00d7f7b3 and              x15, x15, x13       x15=00000000 x15:00000010 x13:00001f80
            19466500           19451 1c00176a 00e787b3 add              x15, x15, x14       x15=00000020 x15:00000000 x14:00000020
            19467500           19452 1c00176c 1a104737 lui              x14, 0x1a104000     x14=1a104000
            19468500           19453 1c001770 00a767a3 p.sw             x10, x0(x14)        x10:00000027 x14:1a104000  PA:1a104020
            19472500           19457 1c001774 00008067 jalr             x0, x1, 0            x1:1c001bca
            19473500           19458 1c001bca 16a0006f jal              x0, 362            
            19475500           19460 1c001d34 00900633 add              x12, x0, x9         x12=1c002343  x9:1c002343
            19476500           19461 1c001d36 e69ff06f jal              x0, -408           
            19479500           19464 1c001b9e 00064583 lbu              x11, 0(x12)         x11=0000006d x12:1c002343  PA:1c002343
            19501500           19486 1c001ba2 00160493 addi             x9, x12, 1           x9=1c002344 x12:1c002343
            19502500           19487 1c001ba6 00059e63 bne              x11, x0, 28         x11:0000006d
            19505500           19490 1c001bc2 01458563 beq              x11, x20, 10        x11:0000006d x20:00000025
            19506500           19491 1c001bc6 01200533 add              x10, x0, x18        x10=00000000 x18:00000000
            19507500           19492 1c001bc8 000980e7 jalr             x1, x19, 0           x1=1c001bca x19:1c001776
            19509500           19494 1c001776 00b00533 add              x10, x0, x11        x10=0000006d x11:0000006d
            19510500           19495 1c001778 fddff06f jal              x0, -36            
            19512500           19497 1c001754 000026b7 lui              x13, 0x2000         x13=00002000
            19513500           19498 1c001756 f14027f3 csrrs            x15, x0, 0xf14      x15=00000004
            19514500           19499 1c00175a f8068693 addi             x13, x13, -128      x13=00001f80 x13:00002000
            19515500           19500 1c00175e 00379713 slli             x14, x15, 0x3       x14=00000020 x15:00000004
            19516500           19501 1c001762 00279793 slli             x15, x15, 0x2       x15=00000010 x15:00000004
            19517500           19502 1c001764 ee873733 p.bclr           x14, x14, 23, 8     x14=00000020 x14:00000020
            19518500           19503 1c001768 00d7f7b3 and              x15, x15, x13       x15=00000000 x15:00000010 x13:00001f80
            19519500           19504 1c00176a 00e787b3 add              x15, x15, x14       x15=00000020 x15:00000000 x14:00000020
            19520500           19505 1c00176c 1a104737 lui              x14, 0x1a104000     x14=1a104000
            19521500           19506 1c001770 00a767a3 p.sw             x10, x0(x14)        x10:0000006d x14:1a104000  PA:1a104020
            19525500           19510 1c001774 00008067 jalr             x0, x1, 0            x1:1c001bca
            19526500           19511 1c001bca 16a0006f jal              x0, 362            
            19528500           19513 1c001d34 00900633 add              x12, x0, x9         x12=1c002344  x9:1c002344
            19529500           19514 1c001d36 e69ff06f jal              x0, -408           
            19532500           19517 1c001b9e 00064583 lbu              x11, 0(x12)         x11=00000020 x12:1c002344  PA:1c002344
            19547500           19532 1c001ba2 00160493 addi             x9, x12, 1           x9=1c002345 x12:1c002344
            19548500           19533 1c001ba6 00059e63 bne              x11, x0, 28         x11:00000020
            19551500           19536 1c001bc2 01458563 beq              x11, x20, 10        x11:00000020 x20:00000025
            19552500           19537 1c001bc6 01200533 add              x10, x0, x18        x10=00000000 x18:00000000
            19553500           19538 1c001bc8 000980e7 jalr             x1, x19, 0           x1=1c001bca x19:1c001776
            19555500           19540 1c001776 00b00533 add              x10, x0, x11        x10=00000020 x11:00000020
            19556500           19541 1c001778 fddff06f jal              x0, -36            
            19558500           19543 1c001754 000026b7 lui              x13, 0x2000         x13=00002000
            19559500           19544 1c001756 f14027f3 csrrs            x15, x0, 0xf14      x15=00000004
            19560500           19545 1c00175a f8068693 addi             x13, x13, -128      x13=00001f80 x13:00002000
            19561500           19546 1c00175e 00379713 slli             x14, x15, 0x3       x14=00000020 x15:00000004
            19562500           19547 1c001762 00279793 slli             x15, x15, 0x2       x15=00000010 x15:00000004
            19563500           19548 1c001764 ee873733 p.bclr           x14, x14, 23, 8     x14=00000020 x14:00000020
            19564500           19549 1c001768 00d7f7b3 and              x15, x15, x13       x15=00000000 x15:00000010 x13:00001f80
            19565500           19550 1c00176a 00e787b3 add              x15, x15, x14       x15=00000020 x15:00000000 x14:00000020
            19566500           19551 1c00176c 1a104737 lui              x14, 0x1a104000     x14=1a104000
            19567500           19552 1c001770 00a767a3 p.sw             x10, x0(x14)        x10:00000020 x14:1a104000  PA:1a104020
            19571500           19556 1c001774 00008067 jalr             x0, x1, 0            x1:1c001bca
            19572500           19557 1c001bca 16a0006f jal              x0, 362            
            19574500           19559 1c001d34 00900633 add              x12, x0, x9         x12=1c002345  x9:1c002345
            19575500           19560 1c001d36 e69ff06f jal              x0, -408           
            19578500           19563 1c001b9e 00064583 lbu              x11, 0(x12)         x11=00000063 x12:1c002345  PA:1c002345
            19599500           19584 1c001ba2 00160493 addi             x9, x12, 1           x9=1c002346 x12:1c002345
            19600500           19585 1c001ba6 00059e63 bne              x11, x0, 28         x11:00000063
            19603500           19588 1c001bc2 01458563 beq              x11, x20, 10        x11:00000063 x20:00000025
            19604500           19589 1c001bc6 01200533 add              x10, x0, x18        x10=00000000 x18:00000000
            19605500           19590 1c001bc8 000980e7 jalr             x1, x19, 0           x1=1c001bca x19:1c001776
            19607500           19592 1c001776 00b00533 add              x10, x0, x11        x10=00000063 x11:00000063
            19608500           19593 1c001778 fddff06f jal              x0, -36            
            19610500           19595 1c001754 000026b7 lui              x13, 0x2000         x13=00002000
            19611500           19596 1c001756 f14027f3 csrrs            x15, x0, 0xf14      x15=00000004
            19612500           19597 1c00175a f8068693 addi             x13, x13, -128      x13=00001f80 x13:00002000
            19613500           19598 1c00175e 00379713 slli             x14, x15, 0x3       x14=00000020 x15:00000004
            19614500           19599 1c001762 00279793 slli             x15, x15, 0x2       x15=00000010 x15:00000004
            19615500           19600 1c001764 ee873733 p.bclr           x14, x14, 23, 8     x14=00000020 x14:00000020
            19616500           19601 1c001768 00d7f7b3 and              x15, x15, x13       x15=00000000 x15:00000010 x13:00001f80
            19617500           19602 1c00176a 00e787b3 add              x15, x15, x14       x15=00000020 x15:00000000 x14:00000020
            19618500           19603 1c00176c 1a104737 lui              x14, 0x1a104000     x14=1a104000
            19619500           19604 1c001770 00a767a3 p.sw             x10, x0(x14)        x10:00000063 x14:1a104000  PA:1a104020
            19623500           19608 1c001774 00008067 jalr             x0, x1, 0            x1:1c001bca
            19624500           19609 1c001bca 16a0006f jal              x0, 362            
            19626500           19611 1c001d34 00900633 add              x12, x0, x9         x12=1c002346  x9:1c002346
            19627500           19612 1c001d36 e69ff06f jal              x0, -408           
            19630500           19615 1c001b9e 00064583 lbu              x11, 0(x12)         x11=0000006f x12:1c002346  PA:1c002346
            19646500           19631 1c001ba2 00160493 addi             x9, x12, 1           x9=1c002347 x12:1c002346
            19647500           19632 1c001ba6 00059e63 bne              x11, x0, 28         x11:0000006f
            19650500           19635 1c001bc2 01458563 beq              x11, x20, 10        x11:0000006f x20:00000025
            19651500           19636 1c001bc6 01200533 add              x10, x0, x18        x10=00000000 x18:00000000
            19652500           19637 1c001bc8 000980e7 jalr             x1, x19, 0           x1=1c001bca x19:1c001776
            19654500           19639 1c001776 00b00533 add              x10, x0, x11        x10=0000006f x11:0000006f
            19655500           19640 1c001778 fddff06f jal              x0, -36            
            19657500           19642 1c001754 000026b7 lui              x13, 0x2000         x13=00002000
            19658500           19643 1c001756 f14027f3 csrrs            x15, x0, 0xf14      x15=00000004
            19659500           19644 1c00175a f8068693 addi             x13, x13, -128      x13=00001f80 x13:00002000
            19660500           19645 1c00175e 00379713 slli             x14, x15, 0x3       x14=00000020 x15:00000004
            19661500           19646 1c001762 00279793 slli             x15, x15, 0x2       x15=00000010 x15:00000004
            19662500           19647 1c001764 ee873733 p.bclr           x14, x14, 23, 8     x14=00000020 x14:00000020
            19663500           19648 1c001768 00d7f7b3 and              x15, x15, x13       x15=00000000 x15:00000010 x13:00001f80
            19664500           19649 1c00176a 00e787b3 add              x15, x15, x14       x15=00000020 x15:00000000 x14:00000020
            19665500           19650 1c00176c 1a104737 lui              x14, 0x1a104000     x14=1a104000
            19666500           19651 1c001770 00a767a3 p.sw             x10, x0(x14)        x10:0000006f x14:1a104000  PA:1a104020
            19670500           19655 1c001774 00008067 jalr             x0, x1, 0            x1:1c001bca
            19671500           19656 1c001bca 16a0006f jal              x0, 362            
            19673500           19658 1c001d34 00900633 add              x12, x0, x9         x12=1c002347  x9:1c002347
            19674500           19659 1c001d36 e69ff06f jal              x0, -408           
            19677500           19662 1c001b9e 00064583 lbu              x11, 0(x12)         x11=00000072 x12:1c002347  PA:1c002347
            19692500           19677 1c001ba2 00160493 addi             x9, x12, 1           x9=1c002348 x12:1c002347
            19693500           19678 1c001ba6 00059e63 bne              x11, x0, 28         x11:00000072
            19696500           19681 1c001bc2 01458563 beq              x11, x20, 10        x11:00000072 x20:00000025
            19697500           19682 1c001bc6 01200533 add              x10, x0, x18        x10=00000000 x18:00000000
            19698500           19683 1c001bc8 000980e7 jalr             x1, x19, 0           x1=1c001bca x19:1c001776
            19700500           19685 1c001776 00b00533 add              x10, x0, x11        x10=00000072 x11:00000072
            19701500           19686 1c001778 fddff06f jal              x0, -36            
            19703500           19688 1c001754 000026b7 lui              x13, 0x2000         x13=00002000
            19704500           19689 1c001756 f14027f3 csrrs            x15, x0, 0xf14      x15=00000004
            19705500           19690 1c00175a f8068693 addi             x13, x13, -128      x13=00001f80 x13:00002000
            19706500           19691 1c00175e 00379713 slli             x14, x15, 0x3       x14=00000020 x15:00000004
            19707500           19692 1c001762 00279793 slli             x15, x15, 0x2       x15=00000010 x15:00000004
            19708500           19693 1c001764 ee873733 p.bclr           x14, x14, 23, 8     x14=00000020 x14:00000020
            19709500           19694 1c001768 00d7f7b3 and              x15, x15, x13       x15=00000000 x15:00000010 x13:00001f80
            19710500           19695 1c00176a 00e787b3 add              x15, x15, x14       x15=00000020 x15:00000000 x14:00000020
            19711500           19696 1c00176c 1a104737 lui              x14, 0x1a104000     x14=1a104000
            19712500           19697 1c001770 00a767a3 p.sw             x10, x0(x14)        x10:00000072 x14:1a104000  PA:1a104020
            19716500           19701 1c001774 00008067 jalr             x0, x1, 0            x1:1c001bca
            19717500           19702 1c001bca 16a0006f jal              x0, 362            
            19719500           19704 1c001d34 00900633 add              x12, x0, x9         x12=1c002348  x9:1c002348
            19720500           19705 1c001d36 e69ff06f jal              x0, -408           
            19723500           19708 1c001b9e 00064583 lbu              x11, 0(x12)         x11=00000065 x12:1c002348  PA:1c002348
            19738500           19723 1c001ba2 00160493 addi             x9, x12, 1           x9=1c002349 x12:1c002348
            19739500           19724 1c001ba6 00059e63 bne              x11, x0, 28         x11:00000065
            19742500           19727 1c001bc2 01458563 beq              x11, x20, 10        x11:00000065 x20:00000025
            19743500           19728 1c001bc6 01200533 add              x10, x0, x18        x10=00000000 x18:00000000
            19744500           19729 1c001bc8 000980e7 jalr             x1, x19, 0           x1=1c001bca x19:1c001776
            19746500           19731 1c001776 00b00533 add              x10, x0, x11        x10=00000065 x11:00000065
            19747500           19732 1c001778 fddff06f jal              x0, -36            
            19749500           19734 1c001754 000026b7 lui              x13, 0x2000         x13=00002000
            19750500           19735 1c001756 f14027f3 csrrs            x15, x0, 0xf14      x15=00000004
            19751500           19736 1c00175a f8068693 addi             x13, x13, -128      x13=00001f80 x13:00002000
            19752500           19737 1c00175e 00379713 slli             x14, x15, 0x3       x14=00000020 x15:00000004
            19753500           19738 1c001762 00279793 slli             x15, x15, 0x2       x15=00000010 x15:00000004
            19754500           19739 1c001764 ee873733 p.bclr           x14, x14, 23, 8     x14=00000020 x14:00000020
            19755500           19740 1c001768 00d7f7b3 and              x15, x15, x13       x15=00000000 x15:00000010 x13:00001f80
            19756500           19741 1c00176a 00e787b3 add              x15, x15, x14       x15=00000020 x15:00000000 x14:00000020
            19757500           19742 1c00176c 1a104737 lui              x14, 0x1a104000     x14=1a104000
            19758500           19743 1c001770 00a767a3 p.sw             x10, x0(x14)        x10:00000065 x14:1a104000  PA:1a104020
            19762500           19747 1c001774 00008067 jalr             x0, x1, 0            x1:1c001bca
            19763500           19748 1c001bca 16a0006f jal              x0, 362            
            19765500           19750 1c001d34 00900633 add              x12, x0, x9         x12=1c002349  x9:1c002349
            19766500           19751 1c001d36 e69ff06f jal              x0, -408           
            19769500           19754 1c001b9e 00064583 lbu              x11, 0(x12)         x11=00000020 x12:1c002349  PA:1c002349
            19784500           19769 1c001ba2 00160493 addi             x9, x12, 1           x9=1c00234a x12:1c002349
            19785500           19770 1c001ba6 00059e63 bne              x11, x0, 28         x11:00000020
            19788500           19773 1c001bc2 01458563 beq              x11, x20, 10        x11:00000020 x20:00000025
            19789500           19774 1c001bc6 01200533 add              x10, x0, x18        x10=00000000 x18:00000000
            19790500           19775 1c001bc8 000980e7 jalr             x1, x19, 0           x1=1c001bca x19:1c001776
            19792500           19777 1c001776 00b00533 add              x10, x0, x11        x10=00000020 x11:00000020
            19793500           19778 1c001778 fddff06f jal              x0, -36            
            19795500           19780 1c001754 000026b7 lui              x13, 0x2000         x13=00002000
            19796500           19781 1c001756 f14027f3 csrrs            x15, x0, 0xf14      x15=00000004
            19797500           19782 1c00175a f8068693 addi             x13, x13, -128      x13=00001f80 x13:00002000
            19798500           19783 1c00175e 00379713 slli             x14, x15, 0x3       x14=00000020 x15:00000004
            19799500           19784 1c001762 00279793 slli             x15, x15, 0x2       x15=00000010 x15:00000004
            19800500           19785 1c001764 ee873733 p.bclr           x14, x14, 23, 8     x14=00000020 x14:00000020
            19801500           19786 1c001768 00d7f7b3 and              x15, x15, x13       x15=00000000 x15:00000010 x13:00001f80
            19802500           19787 1c00176a 00e787b3 add              x15, x15, x14       x15=00000020 x15:00000000 x14:00000020
            19803500           19788 1c00176c 1a104737 lui              x14, 0x1a104000     x14=1a104000
            19804500           19789 1c001770 00a767a3 p.sw             x10, x0(x14)        x10:00000020 x14:1a104000  PA:1a104020
            19808500           19793 1c001774 00008067 jalr             x0, x1, 0            x1:1c001bca
            19809500           19794 1c001bca 16a0006f jal              x0, 362            
            19811500           19796 1c001d34 00900633 add              x12, x0, x9         x12=1c00234a  x9:1c00234a
            19812500           19797 1c001d36 e69ff06f jal              x0, -408           
            19815500           19800 1c001b9e 00064583 lbu              x11, 0(x12)         x11=00000028 x12:1c00234a  PA:1c00234a
            19830500           19815 1c001ba2 00160493 addi             x9, x12, 1           x9=1c00234b x12:1c00234a
            19831500           19816 1c001ba6 00059e63 bne              x11, x0, 28         x11:00000028
            19834500           19819 1c001bc2 01458563 beq              x11, x20, 10        x11:00000028 x20:00000025
            19835500           19820 1c001bc6 01200533 add              x10, x0, x18        x10=00000000 x18:00000000
            19836500           19821 1c001bc8 000980e7 jalr             x1, x19, 0           x1=1c001bca x19:1c001776
            19838500           19823 1c001776 00b00533 add              x10, x0, x11        x10=00000028 x11:00000028
            19839500           19824 1c001778 fddff06f jal              x0, -36            
            19841500           19826 1c001754 000026b7 lui              x13, 0x2000         x13=00002000
            19842500           19827 1c001756 f14027f3 csrrs            x15, x0, 0xf14      x15=00000004
            19843500           19828 1c00175a f8068693 addi             x13, x13, -128      x13=00001f80 x13:00002000
            19844500           19829 1c00175e 00379713 slli             x14, x15, 0x3       x14=00000020 x15:00000004
            19845500           19830 1c001762 00279793 slli             x15, x15, 0x2       x15=00000010 x15:00000004
            19846500           19831 1c001764 ee873733 p.bclr           x14, x14, 23, 8     x14=00000020 x14:00000020
            19847500           19832 1c001768 00d7f7b3 and              x15, x15, x13       x15=00000000 x15:00000010 x13:00001f80
            19848500           19833 1c00176a 00e787b3 add              x15, x15, x14       x15=00000020 x15:00000000 x14:00000020
            19849500           19834 1c00176c 1a104737 lui              x14, 0x1a104000     x14=1a104000
            19850500           19835 1c001770 00a767a3 p.sw             x10, x0(x14)        x10:00000028 x14:1a104000  PA:1a104020
            19854500           19839 1c001774 00008067 jalr             x0, x1, 0            x1:1c001bca
            19855500           19840 1c001bca 16a0006f jal              x0, 362            
            19857500           19842 1c001d34 00900633 add              x12, x0, x9         x12=1c00234b  x9:1c00234b
            19858500           19843 1c001d36 e69ff06f jal              x0, -408           
            19861500           19846 1c001b9e 00064583 lbu              x11, 0(x12)         x11=00000025 x12:1c00234b  PA:1c00234b
            19878500           19863 1c001ba2 00160493 addi             x9, x12, 1           x9=1c00234c x12:1c00234b
            19879500           19864 1c001ba6 00059e63 bne              x11, x0, 28         x11:00000025
            19882500           19867 1c001bc2 01458563 beq              x11, x20, 10        x11:00000025 x20:00000025
            19885500           19870 1c001bcc 00414783 lbu              x15, 4(x2)          x15=000000xx  x2:100fe6f0  PA:100fe6f4
            19886500           19871 1c001bd0 00012423 sw               x0, 8(x2)            x2:100fe6f0  PA:100fe6f8
            19887500           19872 1c001bd2 00010623 sb               x0, 12(x2)           x2:100fe6f0  PA:100fe6fc
            19888500           19873 1c001bd6 c00027b3 p.insert         x15, x0, 0, 0       x15=000000xX x15:000000xx
            19889500           19874 1c001bda c01027b3 p.insert         x15, x0, 0, 1       x15=000000xX x15:000000xX
            19896500           19881 1c001bde c03027b3 p.insert         x15, x0, 0, 3       x15=000000xX x15:000000xX
            19897500           19882 1c001be2 00f10223 sb               x15, 4(x2)          x15:000000xX  x2:100fe6f0  PA:100fe6f4
            19898500           19883 1c001be6 00000713 addi             x14, x0, 0          x14=00000000
            19899500           19884 1c001be8 00000613 addi             x12, x0, 0          x12=00000000
            19900500           19885 1c001bea 00000693 addi             x13, x0, 0          x13=00000000
            19901500           19886 1c001bec 00000513 addi             x10, x0, 0          x10=00000000
            19902500           19887 1c001bee 00000593 addi             x11, x0, 0          x11=00000000
            19919500           19904 1c001bf0 03000813 addi             x16, x0, 48         x16=00000030
            19920500           19905 1c001bf4 02300893 addi             x17, x0, 35         x17=00000023
            19921500           19906 1c001bf8 0004c783 lbu              x15, 0(x9)          x15=00000069  x9:1c00234c  PA:1c00234c
            19960500           19945 1c001bfc 00148c13 addi             x24, x9, 1          x24=1c00234d  x9:1c00234c
            19961500           19946 1c001c00 04079163 bne              x15, x0, 66         x15:00000069
            19971500           19956 1c001c42 01778c63 beq              x15, x23, 24        x15:00000069 x23:0000002d
            19972500           19957 1c001c46 01078663 beq              x15, x16, 12        x15:00000069 x16:00000030
            19973500           19958 1c001c4a fb179ce3 bne              x15, x17, -72       x15:00000069 x17:00000023
            19993500           19978 1c001c02 00050763 beq              x10, x0, 14         x10:00000000
            20012500           19997 1c001c10 00060763 beq              x12, x0, 14         x12:00000000
            20015500           20000 1c001c1e 00070763 beq              x14, x0, 14         x14:00000000
            20033500           20018 1c001c2c fd078713 addi             x14, x15, -48       x14=00000039 x15:00000069
            20050500           20035 1c001c30 0ff77713 andi             x14, x14, 255       x14=00000039 x14:00000039
            20051500           20036 1c001c34 00900693 addi             x13, x0, 9          x13=00000009
            20052500           20037 1c001c36 04e6eb63 bltu             x13, x14, 86        x13:00000009 x14:00000039
            20072500           20057 1c001c8c 02e00713 addi             x14, x0, 46         x14=0000002e
            20090500           20075 1c001c90 02e79163 bne              x15, x14, 34        x15:00000069 x14:0000002e
            20109500           20094 1c001cb2 07a00713 addi             x14, x0, 122        x14=0000007a
            20110500           20095 1c001cb6 04e79263 bne              x15, x14, 68        x15:00000069 x14:0000007a
            20149500           20134 1c001cfa 06c00713 addi             x14, x0, 108        x14=0000006c
            20167500           20152 1c001cfe 20e79463 bne              x15, x14, 520       x15:00000069 x14:0000006c
            20191500           20176 1c001f06 06900713 addi             x14, x0, 105        x14=00000069
            20192500           20177 1c001f0a 02e78a63 beq              x15, x14, 52        x15:00000069 x14:00000069
            20229500           20214 1c001f3e 018004b3 add              x9, x0, x24          x9=1c00234d x24:1c00234d
            20246500           20231 1c001f40 00000793 addi             x15, x0, 0          x15=00000000
            20247500           20232 1c001f42 e09ff06f jal              x0, -504           
            20265500           20250 1c001d4a 00a00713 addi             x14, x0, 10         x14=0000000a
            20266500           20251 1c001d4c 00e12823 sw               x14, 16(x2)         x14:0000000a  x2:100fe6f0  PA:100fe700
            20288500           20273 1c001d4e 0e27b363 p.bneimm         x15, 230            x15:00000000
            20307500           20292 1c001e34 00440c13 addi             x24, x8, 4          x24=100fe778  x8:100fe774
            20308500           20293 1c001e38 00042503 lw               x10, 0(x8)          x10=00000000  x8:100fe774  PA:100fe774
            20315500           20300 1c001e3a 0017bd63 p.bneimm         x15, 26             x15:00000000
            20345500           20330 1c001e54 00055863 bge              x10, x0, 16         x10:00000000
            20364500           20349 1c001e64 00410593 addi             x11, x2, 4          x11=100fe6f4  x2:100fe6f0
            20365500           20350 1c001e66 b99ff0ef jal              x1, -1128            x1=1c001e68
            20385500           20370 1c0019fe 0105a683 lw               x13, 16(x11)        x13=100fe708 x11:100fe6f4  PA:100fe704
            20402500           20387 1c001a00 00c5a703 lw               x14, 12(x11)        x14=0000000a x11:100fe6f4  PA:100fe700
            20407500           20392 1c001a02 00100793 addi             x15, x0, 1          x15=00000001
            20408500           20393 1c001a04 02f55633 divu             x12, x10, x15       x12=00000000 x10:00000000 x15:00000001
            20442500           20427 1c001a08 00e67863 bgeu             x12, x14, 16        x12:00000000 x14:0000000a
            20443500           20428 1c001a0c 00000613 addi             x12, x0, 0          x12=00000000
            20444500           20429 1c001a0e 00900313 addi             x6, x0, 9            x6=00000009
            20445500           20430 1c001a10 00079763 bne              x15, x0, 14         x15:00000001
            20448500           20433 1c001a1e 00c5a703 lw               x14, 12(x11)        x14=0000000a x11:100fe6f4  PA:100fe700
            20461500           20446 1c001a20 02f55833 divu             x16, x10, x15       x16=00000000 x10:00000000 x15:00000001
            20495500           20480 1c001a24 02f57533 remu             x10, x10, x15       x10=00000000 x10:00000000 x15:00000001
            20529500           20514 1c001a28 02e7d7b3 divu             x15, x15, x14       x15=00000000 x15:00000001 x14:0000000a
            20560500           20545 1c001a2c 00061763 bne              x12, x0, 14         x12:00000000
            20561500           20546 1c001a2e 01004663 blt              x0, x16, 12         x16:00000000
            20562500           20547 1c001a32 fc079fe3 bne              x15, x0, -34        x15:00000000
            20563500           20548 1c001a34 03000713 addi             x14, x0, 48         x14=00000030
            20564500           20549 1c001a38 01e0006f jal              x0, 30             
            20582500           20567 1c001a56 01070733 add              x14, x14, x16       x14=00000030 x14:00000030 x16:00000000
            20583500           20568 1c001a58 00e68023 sb               x14, 0(x13)         x14:00000030 x13:100fe708  PA:100fe708
            20586500           20571 1c001a5c 00160613 addi             x12, x12, 1         x12=00000001 x12:00000000
            20587500           20572 1c001a5e 00168693 addi             x13, x13, 1         x13=100fe709 x13:100fe708
            20601500           20586 1c001a60 fb1ff06f jal              x0, -80            
            20603500           20588 1c001a10 00079763 bne              x15, x0, 14         x15:00000000
            20604500           20589 1c001a12 00068023 sb               x0, 0(x13)          x13:100fe709  PA:100fe709
            20608500           20593 1c001a16 00008067 jalr             x0, x1, 0            x1:1c001e68
            20609500           20594 1c001e68 f17ff06f jal              x0, -234           
            20625500           20610 1c001d7e 00410613 addi             x12, x2, 4          x12=100fe6f4  x2:100fe6f0
            20642500           20627 1c001d80 013005b3 add              x11, x0, x19        x11=1c001776 x19:1c001776
            20643500           20628 1c001d82 01200533 add              x10, x0, x18        x10=00000000 x18:00000000
            20644500           20629 1c001d84 cdfff0ef jal              x1, -802             x1=1c001d86
            20646500           20631 1c001a62 fe010113 addi             x2, x2, -32          x2=100fe6d0  x2:100fe6f0
            20647500           20632 1c001a64 00812c23 sw               x8, 24(x2)           x8:100fe774  x2:100fe6d0  PA:100fe6e8
            20649500           20634 1c001a66 01062783 lw               x15, 16(x12)        x15=100fe708 x12:100fe6f4  PA:100fe704
            20650500           20635 1c001a68 00462403 lw               x8, 4(x12)           x8=00000000 x12:100fe6f4  PA:100fe6f8
            20651500           20636 1c001a6a 00912a23 sw               x9, 20(x2)           x9:1c00234d  x2:100fe6d0  PA:100fe6e4
            20652500           20637 1c001a6c 01212823 sw               x18, 16(x2)         x18:00000000  x2:100fe6d0  PA:100fe6e0
            20653500           20638 1c001a6e 01312623 sw               x19, 12(x2)         x19:1c001776  x2:100fe6d0  PA:100fe6dc
            20673500           20658 1c001a70 00112e23 sw               x1, 28(x2)           x1:1c001d86  x2:100fe6d0  PA:100fe6ec
            20678500           20663 1c001a72 01412423 sw               x20, 8(x2)          x20:00000025  x2:100fe6d0  PA:100fe6d8
            20680500           20665 1c001a74 00a00933 add              x18, x0, x10        x18=00000000 x10:00000000
            20681500           20666 1c001a76 00b009b3 add              x19, x0, x11        x19=1c001776 x11:1c001776
            20682500           20667 1c001a78 00c004b3 add              x9, x0, x12          x9=100fe6f4 x12:100fe6f4
            20683500           20668 1c001a7a 0017c70b p.lbu            x14, 1(x15!)        x14=00000030 x15=100fe709 x15:100fe708  PA:100fe708
            20685500           20670 1c001a7e 00070363 beq              x14, x0, 6          x14:00000030
            20696500           20681 1c001a80 08804863 blt              x0, x8, 144          x8:00000000
            20697500           20682 1c001a84 0084c783 lbu              x15, 8(x9)          x15=00000000  x9:100fe6f4  PA:100fe6fc
            20705500           20690 1c001a88 00078263 beq              x15, x0, 4          x15:00000000
            20708500           20693 1c001a8c 0004c783 lbu              x15, 0(x9)          x15=000000xX  x9:100fe6f4  PA:100fe6f4
            20720500           20705 1c001a90 0027f713 andi             x14, x15, 2         x14=00000000 x15:000000xX
            20721500           20706 1c001a94 00070663 beq              x14, x0, 12         x14:00000000
            20740500           20725 1c001aa0 0097f793 andi             x15, x15, 9         x15=00000000 x15:000000xX
            20741500           20726 1c001aa2 00800a33 add              x20, x0, x8         x20=00000000  x8:00000000
            20742500           20727 1c001aa4 08078163 beq              x15, x0, 130        x15:00000000
            20764500           20749 1c001b26 ff404be3 blt              x0, x20, -10        x20:00000000
            20765500           20750 1c001b2a fff40793 addi             x15, x8, -1         x15=ffffffff  x8:00000000
            20788500           20773 1c001b2e 04046433 p.max            x8, x8, x0           x8=00000000  x8:00000000
            20789500           20774 1c001b32 40878433 sub              x8, x15, x8          x8=ffffffff x15:ffffffff  x8:00000000
            20790500           20775 1c001b36 f71ff06f jal              x0, -144           
            20792500           20777 1c001aa6 0084c583 lbu              x11, 8(x9)          x11=00000000  x9:100fe6f4  PA:100fe6fc
            20799500           20784 1c001aaa 00058363 beq              x11, x0, 6          x11:00000000
            20813500           20798 1c001ab0 0004c783 lbu              x15, 0(x9)          x15=000000xX  x9:100fe6f4  PA:100fe6f4
            20820500           20805 1c001ab4 0027f793 andi             x15, x15, 2         x15=00000000 x15:000000xX
            20821500           20806 1c001ab6 02078363 beq              x15, x0, 38         x15:00000000
            20835500           20820 1c001adc 0004c783 lbu              x15, 0(x9)          x15=000000xX  x9:100fe6f4  PA:100fe6f4
            20852500           20837 1c001ae0 00800a33 add              x20, x0, x8         x20=ffffffff  x8:ffffffff
            20853500           20838 1c001ae2 fc17b7b3 p.bclr           x15, x15, 30, 1     x15=00000000 x15:000000xX
            20854500           20839 1c001ae6 06079363 bne              x15, x0, 102        x15:00000000
            20855500           20840 1c001ae8 0104aa03 lw               x20, 16(x9)         x20=100fe708  x9:100fe6f4  PA:100fe704
            20861500           20846 1c001aec 001a458b p.lbu            x11, 1(x20!)        x11=00000030 x20=100fe709 x20:100fe708  PA:100fe708
            20873500           20858 1c001af0 06059763 bne              x11, x0, 110        x11:00000030
            20893500           20878 1c001b5e 01200533 add              x10, x0, x18        x10=00000000 x18:00000000
            20910500           20895 1c001b60 000980e7 jalr             x1, x19, 0           x1=1c001b62 x19:1c001776
            20912500           20897 1c001776 00b00533 add              x10, x0, x11        x10=00000030 x11:00000030
            20913500           20898 1c001778 fddff06f jal              x0, -36            
            20915500           20900 1c001754 000026b7 lui              x13, 0x2000         x13=00002000
            20916500           20901 1c001756 f14027f3 csrrs            x15, x0, 0xf14      x15=00000004
            20917500           20902 1c00175a f8068693 addi             x13, x13, -128      x13=00001f80 x13:00002000
            20918500           20903 1c00175e 00379713 slli             x14, x15, 0x3       x14=00000020 x15:00000004
            20919500           20904 1c001762 00279793 slli             x15, x15, 0x2       x15=00000010 x15:00000004
            20920500           20905 1c001764 ee873733 p.bclr           x14, x14, 23, 8     x14=00000020 x14:00000020
            20921500           20906 1c001768 00d7f7b3 and              x15, x15, x13       x15=00000000 x15:00000010 x13:00001f80
            20922500           20907 1c00176a 00e787b3 add              x15, x15, x14       x15=00000020 x15:00000000 x14:00000020
            20923500           20908 1c00176c 1a104737 lui              x14, 0x1a104000     x14=1a104000
            20924500           20909 1c001770 00a767a3 p.sw             x10, x0(x14)        x10:00000030 x14:1a104000  PA:1a104020
            20928500           20913 1c001774 00008067 jalr             x0, x1, 0            x1:1c001b62
            20929500           20914 1c001b62 f8bff06f jal              x0, -118           
            20931500           20916 1c001aec 001a458b p.lbu            x11, 1(x20!)        x11=00000000 x20=100fe70a x20:100fe709  PA:100fe709
            20934500           20919 1c001af0 06059763 bne              x11, x0, 110        x11:00000000
            20935500           20920 1c001af2 0004c783 lbu              x15, 0(x9)          x15=000000xX  x9:100fe6f4  PA:100fe6f4
            20937500           20922 1c001af6 0097f793 andi             x15, x15, 9         x15=00000000 x15:000000xX
            20938500           20923 1c001af8 0087b463 p.bneimm         x15, 8              x15:00000000
            20957500           20942 1c001b00 01c12083 lw               x1, 28(x2)           x1=1c001d86  x2:100fe6d0  PA:100fe6ec
            20963500           20948 1c001b02 01812403 lw               x8, 24(x2)           x8=100fe774  x2:100fe6d0  PA:100fe6e8
            20964500           20949 1c001b04 01412483 lw               x9, 20(x2)           x9=1c00234d  x2:100fe6d0  PA:100fe6e4
            20965500           20950 1c001b06 01012903 lw               x18, 16(x2)         x18=00000000  x2:100fe6d0  PA:100fe6e0
            20966500           20951 1c001b08 00c12983 lw               x19, 12(x2)         x19=1c001776  x2:100fe6d0  PA:100fe6dc
            20967500           20952 1c001b0a 00812a03 lw               x20, 8(x2)          x20=00000025  x2:100fe6d0  PA:100fe6d8
            20968500           20953 1c001b0c 02010113 addi             x2, x2, 32           x2=100fe6f0  x2:100fe6d0
            20969500           20954 1c001b0e 00008067 jalr             x0, x1, 0            x1:1c001d86
            20981500           20966 1c001d86 01800433 add              x8, x0, x24          x8=100fe778 x24:100fe778
            20982500           20967 1c001d88 fadff06f jal              x0, -84            
            20984500           20969 1c001d34 00900633 add              x12, x0, x9         x12=1c00234d  x9:1c00234d
            20985500           20970 1c001d36 e69ff06f jal              x0, -408           
            20988500           20973 1c001b9e 00064583 lbu              x11, 0(x12)         x11=0000002c x12:1c00234d  PA:1c00234d
            21011500           20996 1c001ba2 00160493 addi             x9, x12, 1           x9=1c00234e x12:1c00234d
            21012500           20997 1c001ba6 00059e63 bne              x11, x0, 28         x11:0000002c
            21015500           21000 1c001bc2 01458563 beq              x11, x20, 10        x11:0000002c x20:00000025
            21016500           21001 1c001bc6 01200533 add              x10, x0, x18        x10=00000000 x18:00000000
            21017500           21002 1c001bc8 000980e7 jalr             x1, x19, 0           x1=1c001bca x19:1c001776
            21019500           21004 1c001776 00b00533 add              x10, x0, x11        x10=0000002c x11:0000002c
            21020500           21005 1c001778 fddff06f jal              x0, -36            
            21022500           21007 1c001754 000026b7 lui              x13, 0x2000         x13=00002000
            21023500           21008 1c001756 f14027f3 csrrs            x15, x0, 0xf14      x15=00000004
            21024500           21009 1c00175a f8068693 addi             x13, x13, -128      x13=00001f80 x13:00002000
            21025500           21010 1c00175e 00379713 slli             x14, x15, 0x3       x14=00000020 x15:00000004
            21026500           21011 1c001762 00279793 slli             x15, x15, 0x2       x15=00000010 x15:00000004
            21027500           21012 1c001764 ee873733 p.bclr           x14, x14, 23, 8     x14=00000020 x14:00000020
            21028500           21013 1c001768 00d7f7b3 and              x15, x15, x13       x15=00000000 x15:00000010 x13:00001f80
            21029500           21014 1c00176a 00e787b3 add              x15, x15, x14       x15=00000020 x15:00000000 x14:00000020
            21030500           21015 1c00176c 1a104737 lui              x14, 0x1a104000     x14=1a104000
            21031500           21016 1c001770 00a767a3 p.sw             x10, x0(x14)        x10:0000002c x14:1a104000  PA:1a104020
            21035500           21020 1c001774 00008067 jalr             x0, x1, 0            x1:1c001bca
            21036500           21021 1c001bca 16a0006f jal              x0, 362            
            21038500           21023 1c001d34 00900633 add              x12, x0, x9         x12=1c00234e  x9:1c00234e
            21039500           21024 1c001d36 e69ff06f jal              x0, -408           
            21042500           21027 1c001b9e 00064583 lbu              x11, 0(x12)         x11=00000020 x12:1c00234e  PA:1c00234e
            21057500           21042 1c001ba2 00160493 addi             x9, x12, 1           x9=1c00234f x12:1c00234e
            21058500           21043 1c001ba6 00059e63 bne              x11, x0, 28         x11:00000020
            21061500           21046 1c001bc2 01458563 beq              x11, x20, 10        x11:00000020 x20:00000025
            21062500           21047 1c001bc6 01200533 add              x10, x0, x18        x10=00000000 x18:00000000
            21063500           21048 1c001bc8 000980e7 jalr             x1, x19, 0           x1=1c001bca x19:1c001776
            21065500           21050 1c001776 00b00533 add              x10, x0, x11        x10=00000020 x11:00000020
            21066500           21051 1c001778 fddff06f jal              x0, -36            
            21068500           21053 1c001754 000026b7 lui              x13, 0x2000         x13=00002000
            21069500           21054 1c001756 f14027f3 csrrs            x15, x0, 0xf14      x15=00000004
            21070500           21055 1c00175a f8068693 addi             x13, x13, -128      x13=00001f80 x13:00002000
            21071500           21056 1c00175e 00379713 slli             x14, x15, 0x3       x14=00000020 x15:00000004
            21072500           21057 1c001762 00279793 slli             x15, x15, 0x2       x15=00000010 x15:00000004
            21073500           21058 1c001764 ee873733 p.bclr           x14, x14, 23, 8     x14=00000020 x14:00000020
            21074500           21059 1c001768 00d7f7b3 and              x15, x15, x13       x15=00000000 x15:00000010 x13:00001f80
            21075500           21060 1c00176a 00e787b3 add              x15, x15, x14       x15=00000020 x15:00000000 x14:00000020
            21076500           21061 1c00176c 1a104737 lui              x14, 0x1a104000     x14=1a104000
            21077500           21062 1c001770 00a767a3 p.sw             x10, x0(x14)        x10:00000020 x14:1a104000  PA:1a104020
            21081500           21066 1c001774 00008067 jalr             x0, x1, 0            x1:1c001bca
            21082500           21067 1c001bca 16a0006f jal              x0, 362            
            21084500           21069 1c001d34 00900633 add              x12, x0, x9         x12=1c00234f  x9:1c00234f
            21085500           21070 1c001d36 e69ff06f jal              x0, -408           
            21088500           21073 1c001b9e 00064583 lbu              x11, 0(x12)         x11=00000025 x12:1c00234f  PA:1c00234f
            21104500           21089 1c001ba2 00160493 addi             x9, x12, 1           x9=1c002350 x12:1c00234f
            21105500           21090 1c001ba6 00059e63 bne              x11, x0, 28         x11:00000025
            21108500           21093 1c001bc2 01458563 beq              x11, x20, 10        x11:00000025 x20:00000025
            21111500           21096 1c001bcc 00414783 lbu              x15, 4(x2)          x15=000000xX  x2:100fe6f0  PA:100fe6f4
            21112500           21097 1c001bd0 00012423 sw               x0, 8(x2)            x2:100fe6f0  PA:100fe6f8
            21113500           21098 1c001bd2 00010623 sb               x0, 12(x2)           x2:100fe6f0  PA:100fe6fc
            21114500           21099 1c001bd6 c00027b3 p.insert         x15, x0, 0, 0       x15=000000xX x15:000000xX
            21115500           21100 1c001bda c01027b3 p.insert         x15, x0, 0, 1       x15=000000xX x15:000000xX
            21116500           21101 1c001bde c03027b3 p.insert         x15, x0, 0, 3       x15=000000xX x15:000000xX
            21117500           21102 1c001be2 00f10223 sb               x15, 4(x2)          x15:000000xX  x2:100fe6f0  PA:100fe6f4
            21118500           21103 1c001be6 00000713 addi             x14, x0, 0          x14=00000000
            21119500           21104 1c001be8 00000613 addi             x12, x0, 0          x12=00000000
            21120500           21105 1c001bea 00000693 addi             x13, x0, 0          x13=00000000
            21121500           21106 1c001bec 00000513 addi             x10, x0, 0          x10=00000000
            21122500           21107 1c001bee 00000593 addi             x11, x0, 0          x11=00000000
            21123500           21108 1c001bf0 03000813 addi             x16, x0, 48         x16=00000030
            21124500           21109 1c001bf4 02300893 addi             x17, x0, 35         x17=00000023
            21125500           21110 1c001bf8 0004c783 lbu              x15, 0(x9)          x15=00000069  x9:1c002350  PA:1c002350
            21143500           21128 1c001bfc 00148c13 addi             x24, x9, 1          x24=1c002351  x9:1c002350
            21144500           21129 1c001c00 04079163 bne              x15, x0, 66         x15:00000069
            21147500           21132 1c001c42 01778c63 beq              x15, x23, 24        x15:00000069 x23:0000002d
            21148500           21133 1c001c46 01078663 beq              x15, x16, 12        x15:00000069 x16:00000030
            21149500           21134 1c001c4a fb179ce3 bne              x15, x17, -72       x15:00000069 x17:00000023
            21152500           21137 1c001c02 00050763 beq              x10, x0, 14         x10:00000000
            21155500           21140 1c001c10 00060763 beq              x12, x0, 14         x12:00000000
            21158500           21143 1c001c1e 00070763 beq              x14, x0, 14         x14:00000000
            21161500           21146 1c001c2c fd078713 addi             x14, x15, -48       x14=00000039 x15:00000069
            21162500           21147 1c001c30 0ff77713 andi             x14, x14, 255       x14=00000039 x14:00000039
            21163500           21148 1c001c34 00900693 addi             x13, x0, 9          x13=00000009
            21164500           21149 1c001c36 04e6eb63 bltu             x13, x14, 86        x13:00000009 x14:00000039
            21167500           21152 1c001c8c 02e00713 addi             x14, x0, 46         x14=0000002e
            21168500           21153 1c001c90 02e79163 bne              x15, x14, 34        x15:00000069 x14:0000002e
            21171500           21156 1c001cb2 07a00713 addi             x14, x0, 122        x14=0000007a
            21172500           21157 1c001cb6 04e79263 bne              x15, x14, 68        x15:00000069 x14:0000007a
            21175500           21160 1c001cfa 06c00713 addi             x14, x0, 108        x14=0000006c
            21177500           21162 1c001cfe 20e79463 bne              x15, x14, 520       x15:00000069 x14:0000006c
            21180500           21165 1c001f06 06900713 addi             x14, x0, 105        x14=00000069
            21181500           21166 1c001f0a 02e78a63 beq              x15, x14, 52        x15:00000069 x14:00000069
            21184500           21169 1c001f3e 018004b3 add              x9, x0, x24          x9=1c002351 x24:1c002351
            21185500           21170 1c001f40 00000793 addi             x15, x0, 0          x15=00000000
            21186500           21171 1c001f42 e09ff06f jal              x0, -504           
            21188500           21173 1c001d4a 00a00713 addi             x14, x0, 10         x14=0000000a
            21189500           21174 1c001d4c 00e12823 sw               x14, 16(x2)         x14:0000000a  x2:100fe6f0  PA:100fe700
            21190500           21175 1c001d4e 0e27b363 p.bneimm         x15, 230            x15:00000000
            21193500           21178 1c001e34 00440c13 addi             x24, x8, 4          x24=100fe77c  x8:100fe778
            21194500           21179 1c001e38 00042503 lw               x10, 0(x8)          x10=00000004  x8:100fe778  PA:100fe778
            21195500           21180 1c001e3a 0017bd63 p.bneimm         x15, 26             x15:00000000
            21198500           21183 1c001e54 00055863 bge              x10, x0, 16         x10:00000004
            21201500           21186 1c001e64 00410593 addi             x11, x2, 4          x11=100fe6f4  x2:100fe6f0
            21202500           21187 1c001e66 b99ff0ef jal              x1, -1128            x1=1c001e68
            21204500           21189 1c0019fe 0105a683 lw               x13, 16(x11)        x13=100fe708 x11:100fe6f4  PA:100fe704
            21205500           21190 1c001a00 00c5a703 lw               x14, 12(x11)        x14=0000000a x11:100fe6f4  PA:100fe700
            21206500           21191 1c001a02 00100793 addi             x15, x0, 1          x15=00000001
            21207500           21192 1c001a04 02f55633 divu             x12, x10, x15       x12=00000004 x10:00000004 x15:00000001
            21241500           21226 1c001a08 00e67863 bgeu             x12, x14, 16        x12:00000004 x14:0000000a
            21242500           21227 1c001a0c 00000613 addi             x12, x0, 0          x12=00000000
            21243500           21228 1c001a0e 00900313 addi             x6, x0, 9            x6=00000009
            21244500           21229 1c001a10 00079763 bne              x15, x0, 14         x15:00000001
            21247500           21232 1c001a1e 00c5a703 lw               x14, 12(x11)        x14=0000000a x11:100fe6f4  PA:100fe700
            21248500           21233 1c001a20 02f55833 divu             x16, x10, x15       x16=00000004 x10:00000004 x15:00000001
            21282500           21267 1c001a24 02f57533 remu             x10, x10, x15       x10=00000000 x10:00000004 x15:00000001
            21316500           21301 1c001a28 02e7d7b3 divu             x15, x15, x14       x15=00000000 x15:00000001 x14:0000000a
            21347500           21332 1c001a2c 00061763 bne              x12, x0, 14         x12:00000000
            21348500           21333 1c001a2e 01004663 blt              x0, x16, 12         x16:00000004
            21351500           21336 1c001a3a 03000713 addi             x14, x0, 48         x14=00000030
            21360500           21345 1c001a3e 01035c63 bge              x6, x16, 24          x6:00000009 x16:00000004
            21363500           21348 1c001a56 01070733 add              x14, x14, x16       x14=00000034 x14:00000030 x16:00000004
            21364500           21349 1c001a58 00e68023 sb               x14, 0(x13)         x14:00000034 x13:100fe708  PA:100fe708
            21365500           21350 1c001a5c 00160613 addi             x12, x12, 1         x12=00000001 x12:00000000
            21366500           21351 1c001a5e 00168693 addi             x13, x13, 1         x13=100fe709 x13:100fe708
            21367500           21352 1c001a60 fb1ff06f jal              x0, -80            
            21369500           21354 1c001a10 00079763 bne              x15, x0, 14         x15:00000000
            21370500           21355 1c001a12 00068023 sb               x0, 0(x13)          x13:100fe709  PA:100fe709
            21371500           21356 1c001a16 00008067 jalr             x0, x1, 0            x1:1c001e68
            21373500           21358 1c001e68 f17ff06f jal              x0, -234           
            21375500           21360 1c001d7e 00410613 addi             x12, x2, 4          x12=100fe6f4  x2:100fe6f0
            21376500           21361 1c001d80 013005b3 add              x11, x0, x19        x11=1c001776 x19:1c001776
            21377500           21362 1c001d82 01200533 add              x10, x0, x18        x10=00000000 x18:00000000
            21378500           21363 1c001d84 cdfff0ef jal              x1, -802             x1=1c001d86
            21380500           21365 1c001a62 fe010113 addi             x2, x2, -32          x2=100fe6d0  x2:100fe6f0
            21381500           21366 1c001a64 00812c23 sw               x8, 24(x2)           x8:100fe778  x2:100fe6d0  PA:100fe6e8
            21382500           21367 1c001a66 01062783 lw               x15, 16(x12)        x15=100fe708 x12:100fe6f4  PA:100fe704
            21383500           21368 1c001a68 00462403 lw               x8, 4(x12)           x8=00000000 x12:100fe6f4  PA:100fe6f8
            21384500           21369 1c001a6a 00912a23 sw               x9, 20(x2)           x9:1c002351  x2:100fe6d0  PA:100fe6e4
            21385500           21370 1c001a6c 01212823 sw               x18, 16(x2)         x18:00000000  x2:100fe6d0  PA:100fe6e0
            21386500           21371 1c001a6e 01312623 sw               x19, 12(x2)         x19:1c001776  x2:100fe6d0  PA:100fe6dc
            21387500           21372 1c001a70 00112e23 sw               x1, 28(x2)           x1:1c001d86  x2:100fe6d0  PA:100fe6ec
            21388500           21373 1c001a72 01412423 sw               x20, 8(x2)          x20:00000025  x2:100fe6d0  PA:100fe6d8
            21389500           21374 1c001a74 00a00933 add              x18, x0, x10        x18=00000000 x10:00000000
            21390500           21375 1c001a76 00b009b3 add              x19, x0, x11        x19=1c001776 x11:1c001776
            21391500           21376 1c001a78 00c004b3 add              x9, x0, x12          x9=100fe6f4 x12:100fe6f4
            21392500           21377 1c001a7a 0017c70b p.lbu            x14, 1(x15!)        x14=00000034 x15=100fe709 x15:100fe708  PA:100fe708
            21394500           21379 1c001a7e 00070363 beq              x14, x0, 6          x14:00000034
            21395500           21380 1c001a80 08804863 blt              x0, x8, 144          x8:00000000
            21396500           21381 1c001a84 0084c783 lbu              x15, 8(x9)          x15=00000000  x9:100fe6f4  PA:100fe6fc
            21398500           21383 1c001a88 00078263 beq              x15, x0, 4          x15:00000000
            21401500           21386 1c001a8c 0004c783 lbu              x15, 0(x9)          x15=000000xX  x9:100fe6f4  PA:100fe6f4
            21403500           21388 1c001a90 0027f713 andi             x14, x15, 2         x14=00000000 x15:000000xX
            21404500           21389 1c001a94 00070663 beq              x14, x0, 12         x14:00000000
            21407500           21392 1c001aa0 0097f793 andi             x15, x15, 9         x15=00000000 x15:000000xX
            21408500           21393 1c001aa2 00800a33 add              x20, x0, x8         x20=00000000  x8:00000000
            21409500           21394 1c001aa4 08078163 beq              x15, x0, 130        x15:00000000
            21412500           21397 1c001b26 ff404be3 blt              x0, x20, -10        x20:00000000
            21413500           21398 1c001b2a fff40793 addi             x15, x8, -1         x15=ffffffff  x8:00000000
            21414500           21399 1c001b2e 04046433 p.max            x8, x8, x0           x8=00000000  x8:00000000
            21415500           21400 1c001b32 40878433 sub              x8, x15, x8          x8=ffffffff x15:ffffffff  x8:00000000
            21416500           21401 1c001b36 f71ff06f jal              x0, -144           
            21418500           21403 1c001aa6 0084c583 lbu              x11, 8(x9)          x11=00000000  x9:100fe6f4  PA:100fe6fc
            21420500           21405 1c001aaa 00058363 beq              x11, x0, 6          x11:00000000
            21423500           21408 1c001ab0 0004c783 lbu              x15, 0(x9)          x15=000000xX  x9:100fe6f4  PA:100fe6f4
            21425500           21410 1c001ab4 0027f793 andi             x15, x15, 2         x15=00000000 x15:000000xX
            21426500           21411 1c001ab6 02078363 beq              x15, x0, 38         x15:00000000
            21429500           21414 1c001adc 0004c783 lbu              x15, 0(x9)          x15=000000xX  x9:100fe6f4  PA:100fe6f4
            21430500           21415 1c001ae0 00800a33 add              x20, x0, x8         x20=ffffffff  x8:ffffffff
            21431500           21416 1c001ae2 fc17b7b3 p.bclr           x15, x15, 30, 1     x15=00000000 x15:000000xX
            21432500           21417 1c001ae6 06079363 bne              x15, x0, 102        x15:00000000
            21433500           21418 1c001ae8 0104aa03 lw               x20, 16(x9)         x20=100fe708  x9:100fe6f4  PA:100fe704
            21435500           21420 1c001aec 001a458b p.lbu            x11, 1(x20!)        x11=00000034 x20=100fe709 x20:100fe708  PA:100fe708
            21437500           21422 1c001af0 06059763 bne              x11, x0, 110        x11:00000034
            21440500           21425 1c001b5e 01200533 add              x10, x0, x18        x10=00000000 x18:00000000
            21441500           21426 1c001b60 000980e7 jalr             x1, x19, 0           x1=1c001b62 x19:1c001776
            21443500           21428 1c001776 00b00533 add              x10, x0, x11        x10=00000034 x11:00000034
            21444500           21429 1c001778 fddff06f jal              x0, -36            
            21446500           21431 1c001754 000026b7 lui              x13, 0x2000         x13=00002000
            21447500           21432 1c001756 f14027f3 csrrs            x15, x0, 0xf14      x15=00000004
            21448500           21433 1c00175a f8068693 addi             x13, x13, -128      x13=00001f80 x13:00002000
            21449500           21434 1c00175e 00379713 slli             x14, x15, 0x3       x14=00000020 x15:00000004
            21450500           21435 1c001762 00279793 slli             x15, x15, 0x2       x15=00000010 x15:00000004
            21451500           21436 1c001764 ee873733 p.bclr           x14, x14, 23, 8     x14=00000020 x14:00000020
            21452500           21437 1c001768 00d7f7b3 and              x15, x15, x13       x15=00000000 x15:00000010 x13:00001f80
            21453500           21438 1c00176a 00e787b3 add              x15, x15, x14       x15=00000020 x15:00000000 x14:00000020
            21454500           21439 1c00176c 1a104737 lui              x14, 0x1a104000     x14=1a104000
            21455500           21440 1c001770 00a767a3 p.sw             x10, x0(x14)        x10:00000034 x14:1a104000  PA:1a104020
            21459500           21444 1c001774 00008067 jalr             x0, x1, 0            x1:1c001b62
            21460500           21445 1c001b62 f8bff06f jal              x0, -118           
            21462500           21447 1c001aec 001a458b p.lbu            x11, 1(x20!)        x11=00000000 x20=100fe70a x20:100fe709  PA:100fe709
            21464500           21449 1c001af0 06059763 bne              x11, x0, 110        x11:00000000
            21465500           21450 1c001af2 0004c783 lbu              x15, 0(x9)          x15=000000xX  x9:100fe6f4  PA:100fe6f4
            21467500           21452 1c001af6 0097f793 andi             x15, x15, 9         x15=00000000 x15:000000xX
            21468500           21453 1c001af8 0087b463 p.bneimm         x15, 8              x15:00000000
            21471500           21456 1c001b00 01c12083 lw               x1, 28(x2)           x1=1c001d86  x2:100fe6d0  PA:100fe6ec
            21472500           21457 1c001b02 01812403 lw               x8, 24(x2)           x8=100fe778  x2:100fe6d0  PA:100fe6e8
            21473500           21458 1c001b04 01412483 lw               x9, 20(x2)           x9=1c002351  x2:100fe6d0  PA:100fe6e4
            21474500           21459 1c001b06 01012903 lw               x18, 16(x2)         x18=00000000  x2:100fe6d0  PA:100fe6e0
            21475500           21460 1c001b08 00c12983 lw               x19, 12(x2)         x19=1c001776  x2:100fe6d0  PA:100fe6dc
            21476500           21461 1c001b0a 00812a03 lw               x20, 8(x2)          x20=00000025  x2:100fe6d0  PA:100fe6d8
            21477500           21462 1c001b0c 02010113 addi             x2, x2, 32           x2=100fe6f0  x2:100fe6d0
            21478500           21463 1c001b0e 00008067 jalr             x0, x1, 0            x1:1c001d86
            21480500           21465 1c001d86 01800433 add              x8, x0, x24          x8=100fe77c x24:100fe77c
            21481500           21466 1c001d88 fadff06f jal              x0, -84            
            21483500           21468 1c001d34 00900633 add              x12, x0, x9         x12=1c002351  x9:1c002351
            21484500           21469 1c001d36 e69ff06f jal              x0, -408           
            21487500           21472 1c001b9e 00064583 lbu              x11, 0(x12)         x11=00000029 x12:1c002351  PA:1c002351
            21502500           21487 1c001ba2 00160493 addi             x9, x12, 1           x9=1c002352 x12:1c002351
            21503500           21488 1c001ba6 00059e63 bne              x11, x0, 28         x11:00000029
            21506500           21491 1c001bc2 01458563 beq              x11, x20, 10        x11:00000029 x20:00000025
            21507500           21492 1c001bc6 01200533 add              x10, x0, x18        x10=00000000 x18:00000000
            21508500           21493 1c001bc8 000980e7 jalr             x1, x19, 0           x1=1c001bca x19:1c001776
            21510500           21495 1c001776 00b00533 add              x10, x0, x11        x10=00000029 x11:00000029
            21511500           21496 1c001778 fddff06f jal              x0, -36            
            21513500           21498 1c001754 000026b7 lui              x13, 0x2000         x13=00002000
            21514500           21499 1c001756 f14027f3 csrrs            x15, x0, 0xf14      x15=00000004
            21515500           21500 1c00175a f8068693 addi             x13, x13, -128      x13=00001f80 x13:00002000
            21516500           21501 1c00175e 00379713 slli             x14, x15, 0x3       x14=00000020 x15:00000004
            21517500           21502 1c001762 00279793 slli             x15, x15, 0x2       x15=00000010 x15:00000004
            21518500           21503 1c001764 ee873733 p.bclr           x14, x14, 23, 8     x14=00000020 x14:00000020
            21519500           21504 1c001768 00d7f7b3 and              x15, x15, x13       x15=00000000 x15:00000010 x13:00001f80
            21520500           21505 1c00176a 00e787b3 add              x15, x15, x14       x15=00000020 x15:00000000 x14:00000020
            21521500           21506 1c00176c 1a104737 lui              x14, 0x1a104000     x14=1a104000
            21522500           21507 1c001770 00a767a3 p.sw             x10, x0(x14)        x10:00000029 x14:1a104000  PA:1a104020
            21526500           21511 1c001774 00008067 jalr             x0, x1, 0            x1:1c001bca
            21527500           21512 1c001bca 16a0006f jal              x0, 362            
            21529500           21514 1c001d34 00900633 add              x12, x0, x9         x12=1c002352  x9:1c002352
            21530500           21515 1c001d36 e69ff06f jal              x0, -408           
            21533500           21518 1c001b9e 00064583 lbu              x11, 0(x12)         x11=00000021 x12:1c002352  PA:1c002352
            21547500           21532 1c001ba2 00160493 addi             x9, x12, 1           x9=1c002353 x12:1c002352
            21548500           21533 1c001ba6 00059e63 bne              x11, x0, 28         x11:00000021
            21551500           21536 1c001bc2 01458563 beq              x11, x20, 10        x11:00000021 x20:00000025
            21552500           21537 1c001bc6 01200533 add              x10, x0, x18        x10=00000000 x18:00000000
            21553500           21538 1c001bc8 000980e7 jalr             x1, x19, 0           x1=1c001bca x19:1c001776
            21555500           21540 1c001776 00b00533 add              x10, x0, x11        x10=00000021 x11:00000021
            21556500           21541 1c001778 fddff06f jal              x0, -36            
            21558500           21543 1c001754 000026b7 lui              x13, 0x2000         x13=00002000
            21559500           21544 1c001756 f14027f3 csrrs            x15, x0, 0xf14      x15=00000004
            21560500           21545 1c00175a f8068693 addi             x13, x13, -128      x13=00001f80 x13:00002000
            21561500           21546 1c00175e 00379713 slli             x14, x15, 0x3       x14=00000020 x15:00000004
            21562500           21547 1c001762 00279793 slli             x15, x15, 0x2       x15=00000010 x15:00000004
            21563500           21548 1c001764 ee873733 p.bclr           x14, x14, 23, 8     x14=00000020 x14:00000020
            21564500           21549 1c001768 00d7f7b3 and              x15, x15, x13       x15=00000000 x15:00000010 x13:00001f80
            21565500           21550 1c00176a 00e787b3 add              x15, x15, x14       x15=00000020 x15:00000000 x14:00000020
            21566500           21551 1c00176c 1a104737 lui              x14, 0x1a104000     x14=1a104000
            21567500           21552 1c001770 00a767a3 p.sw             x10, x0(x14)        x10:00000021 x14:1a104000  PA:1a104020
            21571500           21556 1c001774 00008067 jalr             x0, x1, 0            x1:1c001bca
            21572500           21557 1c001bca 16a0006f jal              x0, 362            
            21574500           21559 1c001d34 00900633 add              x12, x0, x9         x12=1c002353  x9:1c002353
            21575500           21560 1c001d36 e69ff06f jal              x0, -408           
            21578500           21563 1c001b9e 00064583 lbu              x11, 0(x12)         x11=0000000a x12:1c002353  PA:1c002353
            21592500           21577 1c001ba2 00160493 addi             x9, x12, 1           x9=1c002354 x12:1c002353
            21593500           21578 1c001ba6 00059e63 bne              x11, x0, 28         x11:0000000a
            21596500           21581 1c001bc2 01458563 beq              x11, x20, 10        x11:0000000a x20:00000025
            21597500           21582 1c001bc6 01200533 add              x10, x0, x18        x10=00000000 x18:00000000
            21598500           21583 1c001bc8 000980e7 jalr             x1, x19, 0           x1=1c001bca x19:1c001776
            21600500           21585 1c001776 00b00533 add              x10, x0, x11        x10=0000000a x11:0000000a
            21601500           21586 1c001778 fddff06f jal              x0, -36            
            21603500           21588 1c001754 000026b7 lui              x13, 0x2000         x13=00002000
            21604500           21589 1c001756 f14027f3 csrrs            x15, x0, 0xf14      x15=00000004
            21605500           21590 1c00175a f8068693 addi             x13, x13, -128      x13=00001f80 x13:00002000
            21606500           21591 1c00175e 00379713 slli             x14, x15, 0x3       x14=00000020 x15:00000004
            21607500           21592 1c001762 00279793 slli             x15, x15, 0x2       x15=00000010 x15:00000004
            21608500           21593 1c001764 ee873733 p.bclr           x14, x14, 23, 8     x14=00000020 x14:00000020
            21609500           21594 1c001768 00d7f7b3 and              x15, x15, x13       x15=00000000 x15:00000010 x13:00001f80
            21610500           21595 1c00176a 00e787b3 add              x15, x15, x14       x15=00000020 x15:00000000 x14:00000020
            21611500           21596 1c00176c 1a104737 lui              x14, 0x1a104000     x14=1a104000
            21612500           21597 1c001770 00a767a3 p.sw             x10, x0(x14)        x10:0000000a x14:1a104000  PA:1a104020
            21616500           21601 1c001774 00008067 jalr             x0, x1, 0            x1:1c001bca
            21617500           21602 1c001bca 16a0006f jal              x0, 362            
            21619500           21604 1c001d34 00900633 add              x12, x0, x9         x12=1c002354  x9:1c002354
            21620500           21605 1c001d36 e69ff06f jal              x0, -408           
            21623500           21608 1c001b9e 00064583 lbu              x11, 0(x12)         x11=00000000 x12:1c002354  PA:1c002354
            21638500           21623 1c001ba2 00160493 addi             x9, x12, 1           x9=1c002355 x12:1c002354
            21639500           21624 1c001ba6 00059e63 bne              x11, x0, 28         x11:00000000
            21640500           21625 1c001ba8 05c12083 lw               x1, 92(x2)           x1=1c001834  x2:100fe6f0  PA:100fe74c
            21641500           21626 1c001baa 05812403 lw               x8, 88(x2)           x8=00000000  x2:100fe6f0  PA:100fe748
            21642500           21627 1c001bac 05412483 lw               x9, 84(x2)           x9=00000000  x2:100fe6f0  PA:100fe744
            21643500           21628 1c001bae 05012903 lw               x18, 80(x2)         x18=1b204000  x2:100fe6f0  PA:100fe740
            21644500           21629 1c001bb0 04c12983 lw               x19, 76(x2)         x19=00000004  x2:100fe6f0  PA:100fe73c
            21646500           21631 1c001bb2 04812a03 lw               x20, 72(x2)         x20=1c00220c  x2:100fe6f0  PA:100fe738
            21647500           21632 1c001bb4 04412a83 lw               x21, 68(x2)         x21=1c002210  x2:100fe6f0  PA:100fe734
            21648500           21633 1c001bb6 04012b03 lw               x22, 64(x2)         x22=00000000  x2:100fe6f0  PA:100fe730
            21649500           21634 1c001bb8 03c12b83 lw               x23, 60(x2)         x23=00000000  x2:100fe6f0  PA:100fe72c
            21650500           21635 1c001bba 03812c03 lw               x24, 56(x2)         x24=00000000  x2:100fe6f0  PA:100fe728
            21651500           21636 1c001bbc 03412c83 lw               x25, 52(x2)         x25=00000000  x2:100fe6f0  PA:100fe724
            21652500           21637 1c001bbe 06010113 addi             x2, x2, 96           x2=100fe750  x2:100fe6f0
            21653500           21638 1c001bc0 00008067 jalr             x0, x1, 0            x1:1c001834
            21655500           21640 1c001834 01c12083 lw               x1, 28(x2)           x1=1c00220c  x2:100fe750  PA:100fe76c
            21656500           21641 1c001836 00000513 addi             x10, x0, 0          x10=00000000
            21657500           21642 1c001838 04010113 addi             x2, x2, 64           x2=100fe790  x2:100fe750
            21658500           21643 1c00183a 00008067 jalr             x0, x1, 0            x1:1c00220c
            21676500           21661 1c00220c 21c96283 p.elw            x5, 540(x18)         x5=00000000 x18:1b204000  PA:1b20421c
