                Time          Cycles PC       Instr    Mnemonic
            17014500           16999 1c000080 0180006f jal              x0, 24             
            17032500           17017 1c000098 f1402573 csrrs            x10, x0, 0xf14      x10=00000067
            17033500           17018 1c00009c 01f57593 andi             x11, x10, 31        x11=00000007 x10:00000067
            17050500           17035 1c0000a0 00555513 srli             x10, x10, 0x5       x10=00000003 x10:00000067
            17051500           17036 1c0000a2 00058463 beq              x11, x0, 8          x11:00000007
            17052500           17037 1c0000a6 05a0206f jal              x0, 8282           
            17070500           17055 1c002100 000702b7 lui              x5, 0x70000          x5=00070000
            17071500           17056 1c002104 1b204337 lui              x6, 0x1b204000       x6=1b204000
            17072500           17057 1c002108 00532023 sw               x5, 0(x6)            x5:00070000  x6:1b204000  PA:1b204000
            17073500           17058 1c00210c 0e059163 bne              x11, x0, 226        x11:00000007
            17125500           17110 1c0021ee 1b204937 lui              x18, 0x1b204000     x18=1b204000
            17126500           17111 1c0021f2 f14029f3 csrrs            x19, x0, 0xf14      x19=00000067
            17127500           17112 1c0021f6 01f9f993 andi             x19, x19, 31        x19=00000007 x19:00000067
            17128500           17113 1c0021fa 00000a17 auipc            x20, 0x0            x20=1c0021fa
            17147500           17132 1c0021fe 012a0a13 addi             x20, x20, 18        x20=1c00220c x20:1c0021fa
            17148500           17133 1c002202 00000a97 auipc            x21, 0x0            x21=1c002202
            17149500           17134 1c002206 00ea8a93 addi             x21, x21, 14        x21=1c002210 x21:1c002202
            17150500           17135 1c00220a 0060006f jal              x0, 6              
            17169500           17154 1c002210 08096283 p.elw            x5, 128(x18)         x5=1c00222d x18:1b204000  PA:1b204080
            18817500           18802 1c002214 08096503 p.elw            x10, 128(x18)       x10=00000400 x18:1b204000  PA:1b204080
            18836500           18821 1c002218 0012f313 andi             x6, x5, 1            x6=00000001  x5:1c00222d
            18837500           18822 1c00221c 00031563 bne              x6, x0, 10           x6:00000001
            18862500           18847 1c002226 000a80b3 add              x1, x21, x0          x1=1c002210 x21:1c002210
            18863500           18848 1c00222a 00028067 jalr             x0, x5, 0            x5:1c00222d
            18865500           18850 1c00222c 08096283 p.elw            x5, 128(x18)         x5=10cfe400 x18:1b204000  PA:1b204080
            18895500           18880 1c002230 02a98533 mul              x10, x19, x10       x10=00001c00 x19:00000007 x10:00000400
            18896500           18881 1c002234 00550133 add              x2, x10, x5          x2=10d00000 x10:00001c00  x5:10cfe400
            18897500           18882 1c002238 00008067 jalr             x0, x1, 0            x1:1c002210
            18899500           18884 1c002210 08096283 p.elw            x5, 128(x18)         x5=1c0009bc x18:1b204000  PA:1b204080
            18936500           18921 1c002214 08096503 p.elw            x10, 128(x18)       x10=00000000 x18:1b204000  PA:1b204080
            18944500           18929 1c002218 0012f313 andi             x6, x5, 1            x6=00000000  x5:1c0009bc
            18945500           18930 1c00221c 00031563 bne              x6, x0, 10           x6:00000000
            18946500           18931 1c002220 000a00b3 add              x1, x20, x0          x1=1c00220c x20:1c00220c
            18947500           18932 1c002224 00028067 jalr             x0, x5, 0            x5:1c0009bc
            18965500           18950 1c0009bc f1402673 csrrs            x12, x0, 0xf14      x12=00000067
            18986500           18971 1c0009c0 1c002537 lui              x10, 0x1c002000     x10=1c002000
            18987500           18972 1c0009c4 40565593 srai             x11, x12, 0x405     x11=00000003 x12:00000067
            18988500           18973 1c0009c8 f265b5b3 p.bclr           x11, x11, 25, 6     x11=00000003 x11:00000003
            18989500           18974 1c0009cc f4563633 p.bclr           x12, x12, 26, 5     x12=00000007 x12:00000067
            18990500           18975 1c0009d0 33c50513 addi             x10, x10, 828       x10=1c00233c x10:1c002000
            18991500           18976 1c0009d4 63d0006f jal              x0, 3644           
            19020500           19005 1c001810 fc010113 addi             x2, x2, -64          x2=10cfffc0  x2:10d00000
            19021500           19006 1c001812 02b12223 sw               x11, 36(x2)         x11:00000003  x2:10cfffc0  PA:10cfffe4
            19028500           19013 1c001814 1c0015b7 lui              x11, 0x1c001000     x11=1c001000
            19029500           19014 1c001818 02c12423 sw               x12, 40(x2)         x12:00000007  x2:10cfffc0  PA:10cfffe8
            19030500           19015 1c00181a 02d12623 sw               x13, 44(x2)         x13:00000000  x2:10cfffc0  PA:10cfffec
            19031500           19016 1c00181c 00a00633 add              x12, x0, x10        x12=1c00233c x10:1c00233c
            19032500           19017 1c00181e 02410693 addi             x13, x2, 36         x13=10cfffe4  x2:10cfffc0
            19045500           19030 1c001820 00000513 addi             x10, x0, 0          x10=00000000
            19046500           19031 1c001822 77658593 addi             x11, x11, 1910      x11=1c001776 x11:1c001000
            19047500           19032 1c001826 00112e23 sw               x1, 28(x2)           x1:1c00220c  x2:10cfffc0  PA:10cfffdc
            19053500           19038 1c001828 02e12823 sw               x14, 48(x2)         x14:00000000  x2:10cfffc0  PA:10cffff0
            19054500           19039 1c00182a 02f12a23 sw               x15, 52(x2)         x15:00000000  x2:10cfffc0  PA:10cffff4
            19055500           19040 1c00182c 03012c23 sw               x16, 56(x2)         x16:00000000  x2:10cfffc0  PA:10cffff8
            19056500           19041 1c00182e 03112e23 sw               x17, 60(x2)         x17:00000000  x2:10cfffc0  PA:10cffffc
            19072500           19057 1c001830 00d12623 sw               x13, 12(x2)         x13:10cfffe4  x2:10cfffc0  PA:10cfffcc
            19077500           19062 1c001832 33e000ef jal              x1, 830              x1=1c001834
            19092500           19077 1c001b70 fa010113 addi             x2, x2, -96          x2=10cfff60  x2:10cfffc0
            19093500           19078 1c001b72 01810793 addi             x15, x2, 24         x15=10cfff78  x2:10cfff60
            19094500           19079 1c001b74 04812c23 sw               x8, 88(x2)           x8:00000000  x2:10cfff60  PA:10cfffb8
            19100500           19085 1c001b76 05212823 sw               x18, 80(x2)         x18:1b204000  x2:10cfff60  PA:10cfffb0
            19101500           19086 1c001b78 05312623 sw               x19, 76(x2)         x19:00000007  x2:10cfff60  PA:10cfffac
            19102500           19087 1c001b7a 05412423 sw               x20, 72(x2)         x20:1c00220c  x2:10cfff60  PA:10cfffa8
            19103500           19088 1c001b7c 05512223 sw               x21, 68(x2)         x21:1c002210  x2:10cfff60  PA:10cfffa4
            19104500           19089 1c001b7e 05612023 sw               x22, 64(x2)         x22:00000000  x2:10cfff60  PA:10cfffa0
            19115500           19100 1c001b80 03712e23 sw               x23, 60(x2)         x23:00000000  x2:10cfff60  PA:10cfff9c
            19117500           19102 1c001b82 04112e23 sw               x1, 92(x2)           x1:1c001834  x2:10cfff60  PA:10cfffbc
            19118500           19103 1c001b84 04912a23 sw               x9, 84(x2)           x9:00000000  x2:10cfff60  PA:10cfffb4
            19119500           19104 1c001b86 03812c23 sw               x24, 56(x2)         x24:00000000  x2:10cfff60  PA:10cfff98
            19120500           19105 1c001b88 03912a23 sw               x25, 52(x2)         x25:00000000  x2:10cfff60  PA:10cfff94
            19121500           19106 1c001b8a 00a00933 add              x18, x0, x10        x18=00000000 x10:00000000
            19122500           19107 1c001b8c 00b009b3 add              x19, x0, x11        x19=1c001776 x11:1c001776
            19123500           19108 1c001b8e 00d00433 add              x8, x0, x13          x8=10cfffe4 x13:10cfffe4
            19138500           19123 1c001b90 00f12a23 sw               x15, 20(x2)         x15:10cfff78  x2:10cfff60  PA:10cfff74
            19145500           19130 1c001b92 02500a13 addi             x20, x0, 37         x20=00000025
            19146500           19131 1c001b96 02d00b93 addi             x23, x0, 45         x23=0000002d
            19147500           19132 1c001b9a 00100a93 addi             x21, x0, 1          x21=00000001
            19148500           19133 1c001b9c 00500b13 addi             x22, x0, 5          x22=00000005
            19159500           19144 1c001b9e 00064583 lbu              x11, 0(x12)         x11=00000048 x12:1c00233c  PA:1c00233c
            19209500           19194 1c001ba2 00160493 addi             x9, x12, 1           x9=1c00233d x12:1c00233c
            19210500           19195 1c001ba6 00059e63 bne              x11, x0, 28         x11:00000048
            19226500           19211 1c001bc2 01458563 beq              x11, x20, 10        x11:00000048 x20:00000025
            19227500           19212 1c001bc6 01200533 add              x10, x0, x18        x10=00000000 x18:00000000
            19228500           19213 1c001bc8 000980e7 jalr             x1, x19, 0           x1=1c001bca x19:1c001776
            19255500           19240 1c001776 00b00533 add              x10, x0, x11        x10=00000048 x11:00000048
            19256500           19241 1c001778 fddff06f jal              x0, -36            
            19279500           19264 1c001754 000026b7 lui              x13, 0x2000         x13=00002000
            19280500           19265 1c001756 f14027f3 csrrs            x15, x0, 0xf14      x15=00000067
            19281500           19266 1c00175a f8068693 addi             x13, x13, -128      x13=00001f80 x13:00002000
            19301500           19286 1c00175e 00379713 slli             x14, x15, 0x3       x14=00000338 x15:00000067
            19302500           19287 1c001762 00279793 slli             x15, x15, 0x2       x15=0000019c x15:00000067
            19303500           19288 1c001764 ee873733 p.bclr           x14, x14, 23, 8     x14=00000038 x14:00000338
            19304500           19289 1c001768 00d7f7b3 and              x15, x15, x13       x15=00000180 x15:0000019c x13:00001f80
            19305500           19290 1c00176a 00e787b3 add              x15, x15, x14       x15=000001b8 x15:00000180 x14:00000038
            19306500           19291 1c00176c 1a104737 lui              x14, 0x1a104000     x14=1a104000
            19307500           19292 1c001770 00a767a3 p.sw             x10, x0(x14)        x10:00000048 x14:1a104000  PA:1a1041b8
            19311500           19296 1c001774 00008067 jalr             x0, x1, 0            x1:1c001bca
            19312500           19297 1c001bca 16a0006f jal              x0, 362            
            19331500           19316 1c001d34 00900633 add              x12, x0, x9         x12=1c00233d  x9:1c00233d
            19332500           19317 1c001d36 e69ff06f jal              x0, -408           
            19335500           19320 1c001b9e 00064583 lbu              x11, 0(x12)         x11=00000065 x12:1c00233d  PA:1c00233d
            19389500           19374 1c001ba2 00160493 addi             x9, x12, 1           x9=1c00233e x12:1c00233d
            19390500           19375 1c001ba6 00059e63 bne              x11, x0, 28         x11:00000065
            19393500           19378 1c001bc2 01458563 beq              x11, x20, 10        x11:00000065 x20:00000025
            19394500           19379 1c001bc6 01200533 add              x10, x0, x18        x10=00000000 x18:00000000
            19395500           19380 1c001bc8 000980e7 jalr             x1, x19, 0           x1=1c001bca x19:1c001776
            19397500           19382 1c001776 00b00533 add              x10, x0, x11        x10=00000065 x11:00000065
            19398500           19383 1c001778 fddff06f jal              x0, -36            
            19400500           19385 1c001754 000026b7 lui              x13, 0x2000         x13=00002000
            19401500           19386 1c001756 f14027f3 csrrs            x15, x0, 0xf14      x15=00000067
            19402500           19387 1c00175a f8068693 addi             x13, x13, -128      x13=00001f80 x13:00002000
            19403500           19388 1c00175e 00379713 slli             x14, x15, 0x3       x14=00000338 x15:00000067
            19404500           19389 1c001762 00279793 slli             x15, x15, 0x2       x15=0000019c x15:00000067
            19405500           19390 1c001764 ee873733 p.bclr           x14, x14, 23, 8     x14=00000038 x14:00000338
            19406500           19391 1c001768 00d7f7b3 and              x15, x15, x13       x15=00000180 x15:0000019c x13:00001f80
            19407500           19392 1c00176a 00e787b3 add              x15, x15, x14       x15=000001b8 x15:00000180 x14:00000038
            19408500           19393 1c00176c 1a104737 lui              x14, 0x1a104000     x14=1a104000
            19409500           19394 1c001770 00a767a3 p.sw             x10, x0(x14)        x10:00000065 x14:1a104000  PA:1a1041b8
            19413500           19398 1c001774 00008067 jalr             x0, x1, 0            x1:1c001bca
            19414500           19399 1c001bca 16a0006f jal              x0, 362            
            19416500           19401 1c001d34 00900633 add              x12, x0, x9         x12=1c00233e  x9:1c00233e
            19417500           19402 1c001d36 e69ff06f jal              x0, -408           
            19420500           19405 1c001b9e 00064583 lbu              x11, 0(x12)         x11=00000079 x12:1c00233e  PA:1c00233e
            19444500           19429 1c001ba2 00160493 addi             x9, x12, 1           x9=1c00233f x12:1c00233e
            19445500           19430 1c001ba6 00059e63 bne              x11, x0, 28         x11:00000079
            19448500           19433 1c001bc2 01458563 beq              x11, x20, 10        x11:00000079 x20:00000025
            19449500           19434 1c001bc6 01200533 add              x10, x0, x18        x10=00000000 x18:00000000
            19450500           19435 1c001bc8 000980e7 jalr             x1, x19, 0           x1=1c001bca x19:1c001776
            19452500           19437 1c001776 00b00533 add              x10, x0, x11        x10=00000079 x11:00000079
            19453500           19438 1c001778 fddff06f jal              x0, -36            
            19455500           19440 1c001754 000026b7 lui              x13, 0x2000         x13=00002000
            19456500           19441 1c001756 f14027f3 csrrs            x15, x0, 0xf14      x15=00000067
            19457500           19442 1c00175a f8068693 addi             x13, x13, -128      x13=00001f80 x13:00002000
            19458500           19443 1c00175e 00379713 slli             x14, x15, 0x3       x14=00000338 x15:00000067
            19459500           19444 1c001762 00279793 slli             x15, x15, 0x2       x15=0000019c x15:00000067
            19460500           19445 1c001764 ee873733 p.bclr           x14, x14, 23, 8     x14=00000038 x14:00000338
            19461500           19446 1c001768 00d7f7b3 and              x15, x15, x13       x15=00000180 x15:0000019c x13:00001f80
            19462500           19447 1c00176a 00e787b3 add              x15, x15, x14       x15=000001b8 x15:00000180 x14:00000038
            19463500           19448 1c00176c 1a104737 lui              x14, 0x1a104000     x14=1a104000
            19464500           19449 1c001770 00a767a3 p.sw             x10, x0(x14)        x10:00000079 x14:1a104000  PA:1a1041b8
            19468500           19453 1c001774 00008067 jalr             x0, x1, 0            x1:1c001bca
            19469500           19454 1c001bca 16a0006f jal              x0, 362            
            19471500           19456 1c001d34 00900633 add              x12, x0, x9         x12=1c00233f  x9:1c00233f
            19472500           19457 1c001d36 e69ff06f jal              x0, -408           
            19475500           19460 1c001b9e 00064583 lbu              x11, 0(x12)         x11=0000002c x12:1c00233f  PA:1c00233f
            19507500           19492 1c001ba2 00160493 addi             x9, x12, 1           x9=1c002340 x12:1c00233f
            19508500           19493 1c001ba6 00059e63 bne              x11, x0, 28         x11:0000002c
            19511500           19496 1c001bc2 01458563 beq              x11, x20, 10        x11:0000002c x20:00000025
            19512500           19497 1c001bc6 01200533 add              x10, x0, x18        x10=00000000 x18:00000000
            19513500           19498 1c001bc8 000980e7 jalr             x1, x19, 0           x1=1c001bca x19:1c001776
            19515500           19500 1c001776 00b00533 add              x10, x0, x11        x10=0000002c x11:0000002c
            19516500           19501 1c001778 fddff06f jal              x0, -36            
            19518500           19503 1c001754 000026b7 lui              x13, 0x2000         x13=00002000
            19519500           19504 1c001756 f14027f3 csrrs            x15, x0, 0xf14      x15=00000067
            19520500           19505 1c00175a f8068693 addi             x13, x13, -128      x13=00001f80 x13:00002000
            19521500           19506 1c00175e 00379713 slli             x14, x15, 0x3       x14=00000338 x15:00000067
            19522500           19507 1c001762 00279793 slli             x15, x15, 0x2       x15=0000019c x15:00000067
            19523500           19508 1c001764 ee873733 p.bclr           x14, x14, 23, 8     x14=00000038 x14:00000338
            19524500           19509 1c001768 00d7f7b3 and              x15, x15, x13       x15=00000180 x15:0000019c x13:00001f80
            19525500           19510 1c00176a 00e787b3 add              x15, x15, x14       x15=000001b8 x15:00000180 x14:00000038
            19526500           19511 1c00176c 1a104737 lui              x14, 0x1a104000     x14=1a104000
            19527500           19512 1c001770 00a767a3 p.sw             x10, x0(x14)        x10:0000002c x14:1a104000  PA:1a1041b8
            19531500           19516 1c001774 00008067 jalr             x0, x1, 0            x1:1c001bca
            19532500           19517 1c001bca 16a0006f jal              x0, 362            
            19534500           19519 1c001d34 00900633 add              x12, x0, x9         x12=1c002340  x9:1c002340
            19535500           19520 1c001d36 e69ff06f jal              x0, -408           
            19538500           19523 1c001b9e 00064583 lbu              x11, 0(x12)         x11=00000020 x12:1c002340  PA:1c002340
            19557500           19542 1c001ba2 00160493 addi             x9, x12, 1           x9=1c002341 x12:1c002340
            19558500           19543 1c001ba6 00059e63 bne              x11, x0, 28         x11:00000020
            19561500           19546 1c001bc2 01458563 beq              x11, x20, 10        x11:00000020 x20:00000025
            19562500           19547 1c001bc6 01200533 add              x10, x0, x18        x10=00000000 x18:00000000
            19563500           19548 1c001bc8 000980e7 jalr             x1, x19, 0           x1=1c001bca x19:1c001776
            19565500           19550 1c001776 00b00533 add              x10, x0, x11        x10=00000020 x11:00000020
            19566500           19551 1c001778 fddff06f jal              x0, -36            
            19568500           19553 1c001754 000026b7 lui              x13, 0x2000         x13=00002000
            19569500           19554 1c001756 f14027f3 csrrs            x15, x0, 0xf14      x15=00000067
            19570500           19555 1c00175a f8068693 addi             x13, x13, -128      x13=00001f80 x13:00002000
            19571500           19556 1c00175e 00379713 slli             x14, x15, 0x3       x14=00000338 x15:00000067
            19572500           19557 1c001762 00279793 slli             x15, x15, 0x2       x15=0000019c x15:00000067
            19573500           19558 1c001764 ee873733 p.bclr           x14, x14, 23, 8     x14=00000038 x14:00000338
            19574500           19559 1c001768 00d7f7b3 and              x15, x15, x13       x15=00000180 x15:0000019c x13:00001f80
            19575500           19560 1c00176a 00e787b3 add              x15, x15, x14       x15=000001b8 x15:00000180 x14:00000038
            19576500           19561 1c00176c 1a104737 lui              x14, 0x1a104000     x14=1a104000
            19577500           19562 1c001770 00a767a3 p.sw             x10, x0(x14)        x10:00000020 x14:1a104000  PA:1a1041b8
            19581500           19566 1c001774 00008067 jalr             x0, x1, 0            x1:1c001bca
            19582500           19567 1c001bca 16a0006f jal              x0, 362            
            19584500           19569 1c001d34 00900633 add              x12, x0, x9         x12=1c002341  x9:1c002341
            19585500           19570 1c001d36 e69ff06f jal              x0, -408           
            19588500           19573 1c001b9e 00064583 lbu              x11, 0(x12)         x11=00000049 x12:1c002341  PA:1c002341
            19611500           19596 1c001ba2 00160493 addi             x9, x12, 1           x9=1c002342 x12:1c002341
            19612500           19597 1c001ba6 00059e63 bne              x11, x0, 28         x11:00000049
            19615500           19600 1c001bc2 01458563 beq              x11, x20, 10        x11:00000049 x20:00000025
            19616500           19601 1c001bc6 01200533 add              x10, x0, x18        x10=00000000 x18:00000000
            19617500           19602 1c001bc8 000980e7 jalr             x1, x19, 0           x1=1c001bca x19:1c001776
            19619500           19604 1c001776 00b00533 add              x10, x0, x11        x10=00000049 x11:00000049
            19620500           19605 1c001778 fddff06f jal              x0, -36            
            19622500           19607 1c001754 000026b7 lui              x13, 0x2000         x13=00002000
            19623500           19608 1c001756 f14027f3 csrrs            x15, x0, 0xf14      x15=00000067
            19624500           19609 1c00175a f8068693 addi             x13, x13, -128      x13=00001f80 x13:00002000
            19625500           19610 1c00175e 00379713 slli             x14, x15, 0x3       x14=00000338 x15:00000067
            19626500           19611 1c001762 00279793 slli             x15, x15, 0x2       x15=0000019c x15:00000067
            19627500           19612 1c001764 ee873733 p.bclr           x14, x14, 23, 8     x14=00000038 x14:00000338
            19628500           19613 1c001768 00d7f7b3 and              x15, x15, x13       x15=00000180 x15:0000019c x13:00001f80
            19629500           19614 1c00176a 00e787b3 add              x15, x15, x14       x15=000001b8 x15:00000180 x14:00000038
            19630500           19615 1c00176c 1a104737 lui              x14, 0x1a104000     x14=1a104000
            19631500           19616 1c001770 00a767a3 p.sw             x10, x0(x14)        x10:00000049 x14:1a104000  PA:1a1041b8
            19635500           19620 1c001774 00008067 jalr             x0, x1, 0            x1:1c001bca
            19636500           19621 1c001bca 16a0006f jal              x0, 362            
            19638500           19623 1c001d34 00900633 add              x12, x0, x9         x12=1c002342  x9:1c002342
            19639500           19624 1c001d36 e69ff06f jal              x0, -408           
            19642500           19627 1c001b9e 00064583 lbu              x11, 0(x12)         x11=00000027 x12:1c002342  PA:1c002342
            19657500           19642 1c001ba2 00160493 addi             x9, x12, 1           x9=1c002343 x12:1c002342
            19658500           19643 1c001ba6 00059e63 bne              x11, x0, 28         x11:00000027
            19661500           19646 1c001bc2 01458563 beq              x11, x20, 10        x11:00000027 x20:00000025
            19662500           19647 1c001bc6 01200533 add              x10, x0, x18        x10=00000000 x18:00000000
            19663500           19648 1c001bc8 000980e7 jalr             x1, x19, 0           x1=1c001bca x19:1c001776
            19665500           19650 1c001776 00b00533 add              x10, x0, x11        x10=00000027 x11:00000027
            19666500           19651 1c001778 fddff06f jal              x0, -36            
            19668500           19653 1c001754 000026b7 lui              x13, 0x2000         x13=00002000
            19669500           19654 1c001756 f14027f3 csrrs            x15, x0, 0xf14      x15=00000067
            19670500           19655 1c00175a f8068693 addi             x13, x13, -128      x13=00001f80 x13:00002000
            19671500           19656 1c00175e 00379713 slli             x14, x15, 0x3       x14=00000338 x15:00000067
            19672500           19657 1c001762 00279793 slli             x15, x15, 0x2       x15=0000019c x15:00000067
            19673500           19658 1c001764 ee873733 p.bclr           x14, x14, 23, 8     x14=00000038 x14:00000338
            19674500           19659 1c001768 00d7f7b3 and              x15, x15, x13       x15=00000180 x15:0000019c x13:00001f80
            19675500           19660 1c00176a 00e787b3 add              x15, x15, x14       x15=000001b8 x15:00000180 x14:00000038
            19676500           19661 1c00176c 1a104737 lui              x14, 0x1a104000     x14=1a104000
            19677500           19662 1c001770 00a767a3 p.sw             x10, x0(x14)        x10:00000027 x14:1a104000  PA:1a1041b8
            19681500           19666 1c001774 00008067 jalr             x0, x1, 0            x1:1c001bca
            19682500           19667 1c001bca 16a0006f jal              x0, 362            
            19684500           19669 1c001d34 00900633 add              x12, x0, x9         x12=1c002343  x9:1c002343
            19685500           19670 1c001d36 e69ff06f jal              x0, -408           
            19688500           19673 1c001b9e 00064583 lbu              x11, 0(x12)         x11=0000006d x12:1c002343  PA:1c002343
            19704500           19689 1c001ba2 00160493 addi             x9, x12, 1           x9=1c002344 x12:1c002343
            19705500           19690 1c001ba6 00059e63 bne              x11, x0, 28         x11:0000006d
            19708500           19693 1c001bc2 01458563 beq              x11, x20, 10        x11:0000006d x20:00000025
            19709500           19694 1c001bc6 01200533 add              x10, x0, x18        x10=00000000 x18:00000000
            19710500           19695 1c001bc8 000980e7 jalr             x1, x19, 0           x1=1c001bca x19:1c001776
            19712500           19697 1c001776 00b00533 add              x10, x0, x11        x10=0000006d x11:0000006d
            19713500           19698 1c001778 fddff06f jal              x0, -36            
            19715500           19700 1c001754 000026b7 lui              x13, 0x2000         x13=00002000
            19716500           19701 1c001756 f14027f3 csrrs            x15, x0, 0xf14      x15=00000067
            19717500           19702 1c00175a f8068693 addi             x13, x13, -128      x13=00001f80 x13:00002000
            19718500           19703 1c00175e 00379713 slli             x14, x15, 0x3       x14=00000338 x15:00000067
            19719500           19704 1c001762 00279793 slli             x15, x15, 0x2       x15=0000019c x15:00000067
            19720500           19705 1c001764 ee873733 p.bclr           x14, x14, 23, 8     x14=00000038 x14:00000338
            19721500           19706 1c001768 00d7f7b3 and              x15, x15, x13       x15=00000180 x15:0000019c x13:00001f80
            19722500           19707 1c00176a 00e787b3 add              x15, x15, x14       x15=000001b8 x15:00000180 x14:00000038
            19723500           19708 1c00176c 1a104737 lui              x14, 0x1a104000     x14=1a104000
            19724500           19709 1c001770 00a767a3 p.sw             x10, x0(x14)        x10:0000006d x14:1a104000  PA:1a1041b8
            19728500           19713 1c001774 00008067 jalr             x0, x1, 0            x1:1c001bca
            19729500           19714 1c001bca 16a0006f jal              x0, 362            
            19731500           19716 1c001d34 00900633 add              x12, x0, x9         x12=1c002344  x9:1c002344
            19732500           19717 1c001d36 e69ff06f jal              x0, -408           
            19735500           19720 1c001b9e 00064583 lbu              x11, 0(x12)         x11=00000020 x12:1c002344  PA:1c002344
            19750500           19735 1c001ba2 00160493 addi             x9, x12, 1           x9=1c002345 x12:1c002344
            19751500           19736 1c001ba6 00059e63 bne              x11, x0, 28         x11:00000020
            19754500           19739 1c001bc2 01458563 beq              x11, x20, 10        x11:00000020 x20:00000025
            19755500           19740 1c001bc6 01200533 add              x10, x0, x18        x10=00000000 x18:00000000
            19756500           19741 1c001bc8 000980e7 jalr             x1, x19, 0           x1=1c001bca x19:1c001776
            19758500           19743 1c001776 00b00533 add              x10, x0, x11        x10=00000020 x11:00000020
            19759500           19744 1c001778 fddff06f jal              x0, -36            
            19761500           19746 1c001754 000026b7 lui              x13, 0x2000         x13=00002000
            19762500           19747 1c001756 f14027f3 csrrs            x15, x0, 0xf14      x15=00000067
            19763500           19748 1c00175a f8068693 addi             x13, x13, -128      x13=00001f80 x13:00002000
            19764500           19749 1c00175e 00379713 slli             x14, x15, 0x3       x14=00000338 x15:00000067
            19765500           19750 1c001762 00279793 slli             x15, x15, 0x2       x15=0000019c x15:00000067
            19766500           19751 1c001764 ee873733 p.bclr           x14, x14, 23, 8     x14=00000038 x14:00000338
            19767500           19752 1c001768 00d7f7b3 and              x15, x15, x13       x15=00000180 x15:0000019c x13:00001f80
            19768500           19753 1c00176a 00e787b3 add              x15, x15, x14       x15=000001b8 x15:00000180 x14:00000038
            19769500           19754 1c00176c 1a104737 lui              x14, 0x1a104000     x14=1a104000
            19770500           19755 1c001770 00a767a3 p.sw             x10, x0(x14)        x10:00000020 x14:1a104000  PA:1a1041b8
            19774500           19759 1c001774 00008067 jalr             x0, x1, 0            x1:1c001bca
            19775500           19760 1c001bca 16a0006f jal              x0, 362            
            19777500           19762 1c001d34 00900633 add              x12, x0, x9         x12=1c002345  x9:1c002345
            19778500           19763 1c001d36 e69ff06f jal              x0, -408           
            19781500           19766 1c001b9e 00064583 lbu              x11, 0(x12)         x11=00000063 x12:1c002345  PA:1c002345
            19795500           19780 1c001ba2 00160493 addi             x9, x12, 1           x9=1c002346 x12:1c002345
            19796500           19781 1c001ba6 00059e63 bne              x11, x0, 28         x11:00000063
            19799500           19784 1c001bc2 01458563 beq              x11, x20, 10        x11:00000063 x20:00000025
            19800500           19785 1c001bc6 01200533 add              x10, x0, x18        x10=00000000 x18:00000000
            19801500           19786 1c001bc8 000980e7 jalr             x1, x19, 0           x1=1c001bca x19:1c001776
            19803500           19788 1c001776 00b00533 add              x10, x0, x11        x10=00000063 x11:00000063
            19804500           19789 1c001778 fddff06f jal              x0, -36            
            19806500           19791 1c001754 000026b7 lui              x13, 0x2000         x13=00002000
            19807500           19792 1c001756 f14027f3 csrrs            x15, x0, 0xf14      x15=00000067
            19808500           19793 1c00175a f8068693 addi             x13, x13, -128      x13=00001f80 x13:00002000
            19809500           19794 1c00175e 00379713 slli             x14, x15, 0x3       x14=00000338 x15:00000067
            19810500           19795 1c001762 00279793 slli             x15, x15, 0x2       x15=0000019c x15:00000067
            19811500           19796 1c001764 ee873733 p.bclr           x14, x14, 23, 8     x14=00000038 x14:00000338
            19812500           19797 1c001768 00d7f7b3 and              x15, x15, x13       x15=00000180 x15:0000019c x13:00001f80
            19813500           19798 1c00176a 00e787b3 add              x15, x15, x14       x15=000001b8 x15:00000180 x14:00000038
            19814500           19799 1c00176c 1a104737 lui              x14, 0x1a104000     x14=1a104000
            19815500           19800 1c001770 00a767a3 p.sw             x10, x0(x14)        x10:00000063 x14:1a104000  PA:1a1041b8
            19819500           19804 1c001774 00008067 jalr             x0, x1, 0            x1:1c001bca
            19820500           19805 1c001bca 16a0006f jal              x0, 362            
            19822500           19807 1c001d34 00900633 add              x12, x0, x9         x12=1c002346  x9:1c002346
            19823500           19808 1c001d36 e69ff06f jal              x0, -408           
            19826500           19811 1c001b9e 00064583 lbu              x11, 0(x12)         x11=0000006f x12:1c002346  PA:1c002346
            19841500           19826 1c001ba2 00160493 addi             x9, x12, 1           x9=1c002347 x12:1c002346
            19842500           19827 1c001ba6 00059e63 bne              x11, x0, 28         x11:0000006f
            19845500           19830 1c001bc2 01458563 beq              x11, x20, 10        x11:0000006f x20:00000025
            19846500           19831 1c001bc6 01200533 add              x10, x0, x18        x10=00000000 x18:00000000
            19847500           19832 1c001bc8 000980e7 jalr             x1, x19, 0           x1=1c001bca x19:1c001776
            19849500           19834 1c001776 00b00533 add              x10, x0, x11        x10=0000006f x11:0000006f
            19850500           19835 1c001778 fddff06f jal              x0, -36            
            19852500           19837 1c001754 000026b7 lui              x13, 0x2000         x13=00002000
            19853500           19838 1c001756 f14027f3 csrrs            x15, x0, 0xf14      x15=00000067
            19854500           19839 1c00175a f8068693 addi             x13, x13, -128      x13=00001f80 x13:00002000
            19855500           19840 1c00175e 00379713 slli             x14, x15, 0x3       x14=00000338 x15:00000067
            19856500           19841 1c001762 00279793 slli             x15, x15, 0x2       x15=0000019c x15:00000067
            19857500           19842 1c001764 ee873733 p.bclr           x14, x14, 23, 8     x14=00000038 x14:00000338
            19858500           19843 1c001768 00d7f7b3 and              x15, x15, x13       x15=00000180 x15:0000019c x13:00001f80
            19859500           19844 1c00176a 00e787b3 add              x15, x15, x14       x15=000001b8 x15:00000180 x14:00000038
            19860500           19845 1c00176c 1a104737 lui              x14, 0x1a104000     x14=1a104000
            19861500           19846 1c001770 00a767a3 p.sw             x10, x0(x14)        x10:0000006f x14:1a104000  PA:1a1041b8
            19865500           19850 1c001774 00008067 jalr             x0, x1, 0            x1:1c001bca
            19866500           19851 1c001bca 16a0006f jal              x0, 362            
            19868500           19853 1c001d34 00900633 add              x12, x0, x9         x12=1c002347  x9:1c002347
            19869500           19854 1c001d36 e69ff06f jal              x0, -408           
            19872500           19857 1c001b9e 00064583 lbu              x11, 0(x12)         x11=00000072 x12:1c002347  PA:1c002347
            19890500           19875 1c001ba2 00160493 addi             x9, x12, 1           x9=1c002348 x12:1c002347
            19891500           19876 1c001ba6 00059e63 bne              x11, x0, 28         x11:00000072
            19894500           19879 1c001bc2 01458563 beq              x11, x20, 10        x11:00000072 x20:00000025
            19895500           19880 1c001bc6 01200533 add              x10, x0, x18        x10=00000000 x18:00000000
            19896500           19881 1c001bc8 000980e7 jalr             x1, x19, 0           x1=1c001bca x19:1c001776
            19898500           19883 1c001776 00b00533 add              x10, x0, x11        x10=00000072 x11:00000072
            19899500           19884 1c001778 fddff06f jal              x0, -36            
            19901500           19886 1c001754 000026b7 lui              x13, 0x2000         x13=00002000
            19902500           19887 1c001756 f14027f3 csrrs            x15, x0, 0xf14      x15=00000067
            19903500           19888 1c00175a f8068693 addi             x13, x13, -128      x13=00001f80 x13:00002000
            19904500           19889 1c00175e 00379713 slli             x14, x15, 0x3       x14=00000338 x15:00000067
            19905500           19890 1c001762 00279793 slli             x15, x15, 0x2       x15=0000019c x15:00000067
            19906500           19891 1c001764 ee873733 p.bclr           x14, x14, 23, 8     x14=00000038 x14:00000338
            19907500           19892 1c001768 00d7f7b3 and              x15, x15, x13       x15=00000180 x15:0000019c x13:00001f80
            19908500           19893 1c00176a 00e787b3 add              x15, x15, x14       x15=000001b8 x15:00000180 x14:00000038
            19909500           19894 1c00176c 1a104737 lui              x14, 0x1a104000     x14=1a104000
            19910500           19895 1c001770 00a767a3 p.sw             x10, x0(x14)        x10:00000072 x14:1a104000  PA:1a1041b8
            19914500           19899 1c001774 00008067 jalr             x0, x1, 0            x1:1c001bca
            19915500           19900 1c001bca 16a0006f jal              x0, 362            
            19917500           19902 1c001d34 00900633 add              x12, x0, x9         x12=1c002348  x9:1c002348
            19918500           19903 1c001d36 e69ff06f jal              x0, -408           
            19921500           19906 1c001b9e 00064583 lbu              x11, 0(x12)         x11=00000065 x12:1c002348  PA:1c002348
            19942500           19927 1c001ba2 00160493 addi             x9, x12, 1           x9=1c002349 x12:1c002348
            19943500           19928 1c001ba6 00059e63 bne              x11, x0, 28         x11:00000065
            19946500           19931 1c001bc2 01458563 beq              x11, x20, 10        x11:00000065 x20:00000025
            19947500           19932 1c001bc6 01200533 add              x10, x0, x18        x10=00000000 x18:00000000
            19948500           19933 1c001bc8 000980e7 jalr             x1, x19, 0           x1=1c001bca x19:1c001776
            19950500           19935 1c001776 00b00533 add              x10, x0, x11        x10=00000065 x11:00000065
            19951500           19936 1c001778 fddff06f jal              x0, -36            
            19953500           19938 1c001754 000026b7 lui              x13, 0x2000         x13=00002000
            19954500           19939 1c001756 f14027f3 csrrs            x15, x0, 0xf14      x15=00000067
            19955500           19940 1c00175a f8068693 addi             x13, x13, -128      x13=00001f80 x13:00002000
            19956500           19941 1c00175e 00379713 slli             x14, x15, 0x3       x14=00000338 x15:00000067
            19957500           19942 1c001762 00279793 slli             x15, x15, 0x2       x15=0000019c x15:00000067
            19958500           19943 1c001764 ee873733 p.bclr           x14, x14, 23, 8     x14=00000038 x14:00000338
            19959500           19944 1c001768 00d7f7b3 and              x15, x15, x13       x15=00000180 x15:0000019c x13:00001f80
            19960500           19945 1c00176a 00e787b3 add              x15, x15, x14       x15=000001b8 x15:00000180 x14:00000038
            19961500           19946 1c00176c 1a104737 lui              x14, 0x1a104000     x14=1a104000
            19962500           19947 1c001770 00a767a3 p.sw             x10, x0(x14)        x10:00000065 x14:1a104000  PA:1a1041b8
            19966500           19951 1c001774 00008067 jalr             x0, x1, 0            x1:1c001bca
            19967500           19952 1c001bca 16a0006f jal              x0, 362            
            19969500           19954 1c001d34 00900633 add              x12, x0, x9         x12=1c002349  x9:1c002349
            19970500           19955 1c001d36 e69ff06f jal              x0, -408           
            19973500           19958 1c001b9e 00064583 lbu              x11, 0(x12)         x11=00000020 x12:1c002349  PA:1c002349
            19988500           19973 1c001ba2 00160493 addi             x9, x12, 1           x9=1c00234a x12:1c002349
            19989500           19974 1c001ba6 00059e63 bne              x11, x0, 28         x11:00000020
            19992500           19977 1c001bc2 01458563 beq              x11, x20, 10        x11:00000020 x20:00000025
            19993500           19978 1c001bc6 01200533 add              x10, x0, x18        x10=00000000 x18:00000000
            19994500           19979 1c001bc8 000980e7 jalr             x1, x19, 0           x1=1c001bca x19:1c001776
            19996500           19981 1c001776 00b00533 add              x10, x0, x11        x10=00000020 x11:00000020
            19997500           19982 1c001778 fddff06f jal              x0, -36            
            19999500           19984 1c001754 000026b7 lui              x13, 0x2000         x13=00002000
            20000500           19985 1c001756 f14027f3 csrrs            x15, x0, 0xf14      x15=00000067
            20001500           19986 1c00175a f8068693 addi             x13, x13, -128      x13=00001f80 x13:00002000
            20002500           19987 1c00175e 00379713 slli             x14, x15, 0x3       x14=00000338 x15:00000067
            20003500           19988 1c001762 00279793 slli             x15, x15, 0x2       x15=0000019c x15:00000067
            20004500           19989 1c001764 ee873733 p.bclr           x14, x14, 23, 8     x14=00000038 x14:00000338
            20005500           19990 1c001768 00d7f7b3 and              x15, x15, x13       x15=00000180 x15:0000019c x13:00001f80
            20006500           19991 1c00176a 00e787b3 add              x15, x15, x14       x15=000001b8 x15:00000180 x14:00000038
            20007500           19992 1c00176c 1a104737 lui              x14, 0x1a104000     x14=1a104000
            20008500           19993 1c001770 00a767a3 p.sw             x10, x0(x14)        x10:00000020 x14:1a104000  PA:1a1041b8
            20012500           19997 1c001774 00008067 jalr             x0, x1, 0            x1:1c001bca
            20013500           19998 1c001bca 16a0006f jal              x0, 362            
            20015500           20000 1c001d34 00900633 add              x12, x0, x9         x12=1c00234a  x9:1c00234a
            20016500           20001 1c001d36 e69ff06f jal              x0, -408           
            20019500           20004 1c001b9e 00064583 lbu              x11, 0(x12)         x11=00000028 x12:1c00234a  PA:1c00234a
            20033500           20018 1c001ba2 00160493 addi             x9, x12, 1           x9=1c00234b x12:1c00234a
            20034500           20019 1c001ba6 00059e63 bne              x11, x0, 28         x11:00000028
            20037500           20022 1c001bc2 01458563 beq              x11, x20, 10        x11:00000028 x20:00000025
            20038500           20023 1c001bc6 01200533 add              x10, x0, x18        x10=00000000 x18:00000000
            20039500           20024 1c001bc8 000980e7 jalr             x1, x19, 0           x1=1c001bca x19:1c001776
            20041500           20026 1c001776 00b00533 add              x10, x0, x11        x10=00000028 x11:00000028
            20042500           20027 1c001778 fddff06f jal              x0, -36            
            20044500           20029 1c001754 000026b7 lui              x13, 0x2000         x13=00002000
            20045500           20030 1c001756 f14027f3 csrrs            x15, x0, 0xf14      x15=00000067
            20046500           20031 1c00175a f8068693 addi             x13, x13, -128      x13=00001f80 x13:00002000
            20047500           20032 1c00175e 00379713 slli             x14, x15, 0x3       x14=00000338 x15:00000067
            20048500           20033 1c001762 00279793 slli             x15, x15, 0x2       x15=0000019c x15:00000067
            20049500           20034 1c001764 ee873733 p.bclr           x14, x14, 23, 8     x14=00000038 x14:00000338
            20050500           20035 1c001768 00d7f7b3 and              x15, x15, x13       x15=00000180 x15:0000019c x13:00001f80
            20051500           20036 1c00176a 00e787b3 add              x15, x15, x14       x15=000001b8 x15:00000180 x14:00000038
            20052500           20037 1c00176c 1a104737 lui              x14, 0x1a104000     x14=1a104000
            20053500           20038 1c001770 00a767a3 p.sw             x10, x0(x14)        x10:00000028 x14:1a104000  PA:1a1041b8
            20057500           20042 1c001774 00008067 jalr             x0, x1, 0            x1:1c001bca
            20058500           20043 1c001bca 16a0006f jal              x0, 362            
            20060500           20045 1c001d34 00900633 add              x12, x0, x9         x12=1c00234b  x9:1c00234b
            20061500           20046 1c001d36 e69ff06f jal              x0, -408           
            20064500           20049 1c001b9e 00064583 lbu              x11, 0(x12)         x11=00000025 x12:1c00234b  PA:1c00234b
            20078500           20063 1c001ba2 00160493 addi             x9, x12, 1           x9=1c00234c x12:1c00234b
            20079500           20064 1c001ba6 00059e63 bne              x11, x0, 28         x11:00000025
            20082500           20067 1c001bc2 01458563 beq              x11, x20, 10        x11:00000025 x20:00000025
            20085500           20070 1c001bcc 00414783 lbu              x15, 4(x2)          x15=000000xx  x2:10cfff60  PA:10cfff64
            20086500           20071 1c001bd0 00012423 sw               x0, 8(x2)            x2:10cfff60  PA:10cfff68
            20087500           20072 1c001bd2 00010623 sb               x0, 12(x2)           x2:10cfff60  PA:10cfff6c
            20088500           20073 1c001bd6 c00027b3 p.insert         x15, x0, 0, 0       x15=000000xX x15:000000xx
            20089500           20074 1c001bda c01027b3 p.insert         x15, x0, 0, 1       x15=000000xX x15:000000xX
            20107500           20092 1c001bde c03027b3 p.insert         x15, x0, 0, 3       x15=000000xX x15:000000xX
            20108500           20093 1c001be2 00f10223 sb               x15, 4(x2)          x15:000000xX  x2:10cfff60  PA:10cfff64
            20109500           20094 1c001be6 00000713 addi             x14, x0, 0          x14=00000000
            20110500           20095 1c001be8 00000613 addi             x12, x0, 0          x12=00000000
            20111500           20096 1c001bea 00000693 addi             x13, x0, 0          x13=00000000
            20112500           20097 1c001bec 00000513 addi             x10, x0, 0          x10=00000000
            20113500           20098 1c001bee 00000593 addi             x11, x0, 0          x11=00000000
            20114500           20099 1c001bf0 03000813 addi             x16, x0, 48         x16=00000030
            20115500           20100 1c001bf4 02300893 addi             x17, x0, 35         x17=00000023
            20116500           20101 1c001bf8 0004c783 lbu              x15, 0(x9)          x15=00000069  x9:1c00234c  PA:1c00234c
            20150500           20135 1c001bfc 00148c13 addi             x24, x9, 1          x24=1c00234d  x9:1c00234c
            20151500           20136 1c001c00 04079163 bne              x15, x0, 66         x15:00000069
            20158500           20143 1c001c42 01778c63 beq              x15, x23, 24        x15:00000069 x23:0000002d
            20159500           20144 1c001c46 01078663 beq              x15, x16, 12        x15:00000069 x16:00000030
            20160500           20145 1c001c4a fb179ce3 bne              x15, x17, -72       x15:00000069 x17:00000023
            20180500           20165 1c001c02 00050763 beq              x10, x0, 14         x10:00000000
            20199500           20184 1c001c10 00060763 beq              x12, x0, 14         x12:00000000
            20202500           20187 1c001c1e 00070763 beq              x14, x0, 14         x14:00000000
            20220500           20205 1c001c2c fd078713 addi             x14, x15, -48       x14=00000039 x15:00000069
            20239500           20224 1c001c30 0ff77713 andi             x14, x14, 255       x14=00000039 x14:00000039
            20240500           20225 1c001c34 00900693 addi             x13, x0, 9          x13=00000009
            20241500           20226 1c001c36 04e6eb63 bltu             x13, x14, 86        x13:00000009 x14:00000039
            20260500           20245 1c001c8c 02e00713 addi             x14, x0, 46         x14=0000002e
            20278500           20263 1c001c90 02e79163 bne              x15, x14, 34        x15:00000069 x14:0000002e
            20297500           20282 1c001cb2 07a00713 addi             x14, x0, 122        x14=0000007a
            20298500           20283 1c001cb6 04e79263 bne              x15, x14, 68        x15:00000069 x14:0000007a
            20336500           20321 1c001cfa 06c00713 addi             x14, x0, 108        x14=0000006c
            20354500           20339 1c001cfe 20e79463 bne              x15, x14, 520       x15:00000069 x14:0000006c
            20373500           20358 1c001f06 06900713 addi             x14, x0, 105        x14=00000069
            20374500           20359 1c001f0a 02e78a63 beq              x15, x14, 52        x15:00000069 x14:00000069
            20408500           20393 1c001f3e 018004b3 add              x9, x0, x24          x9=1c00234d x24:1c00234d
            20427500           20412 1c001f40 00000793 addi             x15, x0, 0          x15=00000000
            20428500           20413 1c001f42 e09ff06f jal              x0, -504           
            20446500           20431 1c001d4a 00a00713 addi             x14, x0, 10         x14=0000000a
            20447500           20432 1c001d4c 00e12823 sw               x14, 16(x2)         x14:0000000a  x2:10cfff60  PA:10cfff70
            20464500           20449 1c001d4e 0e27b363 p.bneimm         x15, 230            x15:00000000
            20483500           20468 1c001e34 00440c13 addi             x24, x8, 4          x24=10cfffe8  x8:10cfffe4
            20484500           20469 1c001e38 00042503 lw               x10, 0(x8)          x10=00000003  x8:10cfffe4  PA:10cfffe4
            20488500           20473 1c001e3a 0017bd63 p.bneimm         x15, 26             x15:00000000
            20519500           20504 1c001e54 00055863 bge              x10, x0, 16         x10:00000003
            20538500           20523 1c001e64 00410593 addi             x11, x2, 4          x11=10cfff64  x2:10cfff60
            20539500           20524 1c001e66 b99ff0ef jal              x1, -1128            x1=1c001e68
            20557500           20542 1c0019fe 0105a683 lw               x13, 16(x11)        x13=10cfff78 x11:10cfff64  PA:10cfff74
            20574500           20559 1c001a00 00c5a703 lw               x14, 12(x11)        x14=0000000a x11:10cfff64  PA:10cfff70
            20581500           20566 1c001a02 00100793 addi             x15, x0, 1          x15=00000001
            20582500           20567 1c001a04 02f55633 divu             x12, x10, x15       x12=00000003 x10:00000003 x15:00000001
            20616500           20601 1c001a08 00e67863 bgeu             x12, x14, 16        x12:00000003 x14:0000000a
            20617500           20602 1c001a0c 00000613 addi             x12, x0, 0          x12=00000000
            20618500           20603 1c001a0e 00900313 addi             x6, x0, 9            x6=00000009
            20619500           20604 1c001a10 00079763 bne              x15, x0, 14         x15:00000001
            20622500           20607 1c001a1e 00c5a703 lw               x14, 12(x11)        x14=0000000a x11:10cfff64  PA:10cfff70
            20634500           20619 1c001a20 02f55833 divu             x16, x10, x15       x16=00000003 x10:00000003 x15:00000001
            20668500           20653 1c001a24 02f57533 remu             x10, x10, x15       x10=00000000 x10:00000003 x15:00000001
            20702500           20687 1c001a28 02e7d7b3 divu             x15, x15, x14       x15=00000000 x15:00000001 x14:0000000a
            20733500           20718 1c001a2c 00061763 bne              x12, x0, 14         x12:00000000
            20734500           20719 1c001a2e 01004663 blt              x0, x16, 12         x16:00000003
            20737500           20722 1c001a3a 03000713 addi             x14, x0, 48         x14=00000030
            20758500           20743 1c001a3e 01035c63 bge              x6, x16, 24          x6:00000009 x16:00000003
            20780500           20765 1c001a56 01070733 add              x14, x14, x16       x14=00000033 x14:00000030 x16:00000003
            20781500           20766 1c001a58 00e68023 sb               x14, 0(x13)         x14:00000033 x13:10cfff78  PA:10cfff78
            20788500           20773 1c001a5c 00160613 addi             x12, x12, 1         x12=00000001 x12:00000000
            20789500           20774 1c001a5e 00168693 addi             x13, x13, 1         x13=10cfff79 x13:10cfff78
            20800500           20785 1c001a60 fb1ff06f jal              x0, -80            
            20802500           20787 1c001a10 00079763 bne              x15, x0, 14         x15:00000000
            20803500           20788 1c001a12 00068023 sb               x0, 0(x13)          x13:10cfff79  PA:10cfff79
            20809500           20794 1c001a16 00008067 jalr             x0, x1, 0            x1:1c001e68
            20810500           20795 1c001e68 f17ff06f jal              x0, -234           
            20825500           20810 1c001d7e 00410613 addi             x12, x2, 4          x12=10cfff64  x2:10cfff60
            20842500           20827 1c001d80 013005b3 add              x11, x0, x19        x11=1c001776 x19:1c001776
            20843500           20828 1c001d82 01200533 add              x10, x0, x18        x10=00000000 x18:00000000
            20844500           20829 1c001d84 cdfff0ef jal              x1, -802             x1=1c001d86
            20846500           20831 1c001a62 fe010113 addi             x2, x2, -32          x2=10cfff40  x2:10cfff60
            20847500           20832 1c001a64 00812c23 sw               x8, 24(x2)           x8:10cfffe4  x2:10cfff40  PA:10cfff58
            20848500           20833 1c001a66 01062783 lw               x15, 16(x12)        x15=10cfff78 x12:10cfff64  PA:10cfff74
            20849500           20834 1c001a68 00462403 lw               x8, 4(x12)           x8=00000000 x12:10cfff64  PA:10cfff68
            20850500           20835 1c001a6a 00912a23 sw               x9, 20(x2)           x9:1c00234d  x2:10cfff40  PA:10cfff54
            20851500           20836 1c001a6c 01212823 sw               x18, 16(x2)         x18:00000000  x2:10cfff40  PA:10cfff50
            20852500           20837 1c001a6e 01312623 sw               x19, 12(x2)         x19:1c001776  x2:10cfff40  PA:10cfff4c
            20868500           20853 1c001a70 00112e23 sw               x1, 28(x2)           x1:1c001d86  x2:10cfff40  PA:10cfff5c
            20872500           20857 1c001a72 01412423 sw               x20, 8(x2)          x20:00000025  x2:10cfff40  PA:10cfff48
            20873500           20858 1c001a74 00a00933 add              x18, x0, x10        x18=00000000 x10:00000000
            20874500           20859 1c001a76 00b009b3 add              x19, x0, x11        x19=1c001776 x11:1c001776
            20875500           20860 1c001a78 00c004b3 add              x9, x0, x12          x9=10cfff64 x12:10cfff64
            20876500           20861 1c001a7a 0017c70b p.lbu            x14, 1(x15!)        x14=00000033 x15=10cfff79 x15:10cfff78  PA:10cfff78
            20878500           20863 1c001a7e 00070363 beq              x14, x0, 6          x14:00000033
            20892500           20877 1c001a80 08804863 blt              x0, x8, 144          x8:00000000
            20893500           20878 1c001a84 0084c783 lbu              x15, 8(x9)          x15=00000000  x9:10cfff64  PA:10cfff6c
            20899500           20884 1c001a88 00078263 beq              x15, x0, 4          x15:00000000
            20902500           20887 1c001a8c 0004c783 lbu              x15, 0(x9)          x15=000000xX  x9:10cfff64  PA:10cfff64
            20915500           20900 1c001a90 0027f713 andi             x14, x15, 2         x14=00000000 x15:000000xX
            20916500           20901 1c001a94 00070663 beq              x14, x0, 12         x14:00000000
            20935500           20920 1c001aa0 0097f793 andi             x15, x15, 9         x15=00000000 x15:000000xX
            20936500           20921 1c001aa2 00800a33 add              x20, x0, x8         x20=00000000  x8:00000000
            20937500           20922 1c001aa4 08078163 beq              x15, x0, 130        x15:00000000
            20957500           20942 1c001b26 ff404be3 blt              x0, x20, -10        x20:00000000
            20958500           20943 1c001b2a fff40793 addi             x15, x8, -1         x15=ffffffff  x8:00000000
            20975500           20960 1c001b2e 04046433 p.max            x8, x8, x0           x8=00000000  x8:00000000
            20976500           20961 1c001b32 40878433 sub              x8, x15, x8          x8=ffffffff x15:ffffffff  x8:00000000
            20977500           20962 1c001b36 f71ff06f jal              x0, -144           
            20979500           20964 1c001aa6 0084c583 lbu              x11, 8(x9)          x11=00000000  x9:10cfff64  PA:10cfff6c
            20986500           20971 1c001aaa 00058363 beq              x11, x0, 6          x11:00000000
            20999500           20984 1c001ab0 0004c783 lbu              x15, 0(x9)          x15=000000xX  x9:10cfff64  PA:10cfff64
            21006500           20991 1c001ab4 0027f793 andi             x15, x15, 2         x15=00000000 x15:000000xX
            21007500           20992 1c001ab6 02078363 beq              x15, x0, 38         x15:00000000
            21021500           21006 1c001adc 0004c783 lbu              x15, 0(x9)          x15=000000xX  x9:10cfff64  PA:10cfff64
            21038500           21023 1c001ae0 00800a33 add              x20, x0, x8         x20=ffffffff  x8:ffffffff
            21039500           21024 1c001ae2 fc17b7b3 p.bclr           x15, x15, 30, 1     x15=00000000 x15:000000xX
            21040500           21025 1c001ae6 06079363 bne              x15, x0, 102        x15:00000000
            21041500           21026 1c001ae8 0104aa03 lw               x20, 16(x9)         x20=10cfff78  x9:10cfff64  PA:10cfff74
            21048500           21033 1c001aec 001a458b p.lbu            x11, 1(x20!)        x11=00000033 x20=10cfff79 x20:10cfff78  PA:10cfff78
            21062500           21047 1c001af0 06059763 bne              x11, x0, 110        x11:00000033
            21081500           21066 1c001b5e 01200533 add              x10, x0, x18        x10=00000000 x18:00000000
            21101500           21086 1c001b60 000980e7 jalr             x1, x19, 0           x1=1c001b62 x19:1c001776
            21103500           21088 1c001776 00b00533 add              x10, x0, x11        x10=00000033 x11:00000033
            21104500           21089 1c001778 fddff06f jal              x0, -36            
            21106500           21091 1c001754 000026b7 lui              x13, 0x2000         x13=00002000
            21107500           21092 1c001756 f14027f3 csrrs            x15, x0, 0xf14      x15=00000067
            21108500           21093 1c00175a f8068693 addi             x13, x13, -128      x13=00001f80 x13:00002000
            21109500           21094 1c00175e 00379713 slli             x14, x15, 0x3       x14=00000338 x15:00000067
            21110500           21095 1c001762 00279793 slli             x15, x15, 0x2       x15=0000019c x15:00000067
            21111500           21096 1c001764 ee873733 p.bclr           x14, x14, 23, 8     x14=00000038 x14:00000338
            21112500           21097 1c001768 00d7f7b3 and              x15, x15, x13       x15=00000180 x15:0000019c x13:00001f80
            21113500           21098 1c00176a 00e787b3 add              x15, x15, x14       x15=000001b8 x15:00000180 x14:00000038
            21114500           21099 1c00176c 1a104737 lui              x14, 0x1a104000     x14=1a104000
            21115500           21100 1c001770 00a767a3 p.sw             x10, x0(x14)        x10:00000033 x14:1a104000  PA:1a1041b8
            21119500           21104 1c001774 00008067 jalr             x0, x1, 0            x1:1c001b62
            21120500           21105 1c001b62 f8bff06f jal              x0, -118           
            21122500           21107 1c001aec 001a458b p.lbu            x11, 1(x20!)        x11=00000000 x20=10cfff7a x20:10cfff79  PA:10cfff79
            21129500           21114 1c001af0 06059763 bne              x11, x0, 110        x11:00000000
            21130500           21115 1c001af2 0004c783 lbu              x15, 0(x9)          x15=000000xX  x9:10cfff64  PA:10cfff64
            21132500           21117 1c001af6 0097f793 andi             x15, x15, 9         x15=00000000 x15:000000xX
            21133500           21118 1c001af8 0087b463 p.bneimm         x15, 8              x15:00000000
            21155500           21140 1c001b00 01c12083 lw               x1, 28(x2)           x1=1c001d86  x2:10cfff40  PA:10cfff5c
            21162500           21147 1c001b02 01812403 lw               x8, 24(x2)           x8=10cfffe4  x2:10cfff40  PA:10cfff58
            21163500           21148 1c001b04 01412483 lw               x9, 20(x2)           x9=1c00234d  x2:10cfff40  PA:10cfff54
            21164500           21149 1c001b06 01012903 lw               x18, 16(x2)         x18=00000000  x2:10cfff40  PA:10cfff50
            21165500           21150 1c001b08 00c12983 lw               x19, 12(x2)         x19=1c001776  x2:10cfff40  PA:10cfff4c
            21166500           21151 1c001b0a 00812a03 lw               x20, 8(x2)          x20=00000025  x2:10cfff40  PA:10cfff48
            21167500           21152 1c001b0c 02010113 addi             x2, x2, 32           x2=10cfff60  x2:10cfff40
            21168500           21153 1c001b0e 00008067 jalr             x0, x1, 0            x1:1c001d86
            21179500           21164 1c001d86 01800433 add              x8, x0, x24          x8=10cfffe8 x24:10cfffe8
            21180500           21165 1c001d88 fadff06f jal              x0, -84            
            21182500           21167 1c001d34 00900633 add              x12, x0, x9         x12=1c00234d  x9:1c00234d
            21183500           21168 1c001d36 e69ff06f jal              x0, -408           
            21186500           21171 1c001b9e 00064583 lbu              x11, 0(x12)         x11=0000002c x12:1c00234d  PA:1c00234d
            21223500           21208 1c001ba2 00160493 addi             x9, x12, 1           x9=1c00234e x12:1c00234d
            21224500           21209 1c001ba6 00059e63 bne              x11, x0, 28         x11:0000002c
            21227500           21212 1c001bc2 01458563 beq              x11, x20, 10        x11:0000002c x20:00000025
            21228500           21213 1c001bc6 01200533 add              x10, x0, x18        x10=00000000 x18:00000000
            21229500           21214 1c001bc8 000980e7 jalr             x1, x19, 0           x1=1c001bca x19:1c001776
            21231500           21216 1c001776 00b00533 add              x10, x0, x11        x10=0000002c x11:0000002c
            21232500           21217 1c001778 fddff06f jal              x0, -36            
            21234500           21219 1c001754 000026b7 lui              x13, 0x2000         x13=00002000
            21235500           21220 1c001756 f14027f3 csrrs            x15, x0, 0xf14      x15=00000067
            21236500           21221 1c00175a f8068693 addi             x13, x13, -128      x13=00001f80 x13:00002000
            21237500           21222 1c00175e 00379713 slli             x14, x15, 0x3       x14=00000338 x15:00000067
            21238500           21223 1c001762 00279793 slli             x15, x15, 0x2       x15=0000019c x15:00000067
            21239500           21224 1c001764 ee873733 p.bclr           x14, x14, 23, 8     x14=00000038 x14:00000338
            21240500           21225 1c001768 00d7f7b3 and              x15, x15, x13       x15=00000180 x15:0000019c x13:00001f80
            21241500           21226 1c00176a 00e787b3 add              x15, x15, x14       x15=000001b8 x15:00000180 x14:00000038
            21242500           21227 1c00176c 1a104737 lui              x14, 0x1a104000     x14=1a104000
            21243500           21228 1c001770 00a767a3 p.sw             x10, x0(x14)        x10:0000002c x14:1a104000  PA:1a1041b8
            21247500           21232 1c001774 00008067 jalr             x0, x1, 0            x1:1c001bca
            21248500           21233 1c001bca 16a0006f jal              x0, 362            
            21250500           21235 1c001d34 00900633 add              x12, x0, x9         x12=1c00234e  x9:1c00234e
            21251500           21236 1c001d36 e69ff06f jal              x0, -408           
            21254500           21239 1c001b9e 00064583 lbu              x11, 0(x12)         x11=00000020 x12:1c00234e  PA:1c00234e
            21269500           21254 1c001ba2 00160493 addi             x9, x12, 1           x9=1c00234f x12:1c00234e
            21270500           21255 1c001ba6 00059e63 bne              x11, x0, 28         x11:00000020
            21273500           21258 1c001bc2 01458563 beq              x11, x20, 10        x11:00000020 x20:00000025
            21274500           21259 1c001bc6 01200533 add              x10, x0, x18        x10=00000000 x18:00000000
            21275500           21260 1c001bc8 000980e7 jalr             x1, x19, 0           x1=1c001bca x19:1c001776
            21277500           21262 1c001776 00b00533 add              x10, x0, x11        x10=00000020 x11:00000020
            21278500           21263 1c001778 fddff06f jal              x0, -36            
            21280500           21265 1c001754 000026b7 lui              x13, 0x2000         x13=00002000
            21281500           21266 1c001756 f14027f3 csrrs            x15, x0, 0xf14      x15=00000067
            21282500           21267 1c00175a f8068693 addi             x13, x13, -128      x13=00001f80 x13:00002000
            21283500           21268 1c00175e 00379713 slli             x14, x15, 0x3       x14=00000338 x15:00000067
            21284500           21269 1c001762 00279793 slli             x15, x15, 0x2       x15=0000019c x15:00000067
            21285500           21270 1c001764 ee873733 p.bclr           x14, x14, 23, 8     x14=00000038 x14:00000338
            21286500           21271 1c001768 00d7f7b3 and              x15, x15, x13       x15=00000180 x15:0000019c x13:00001f80
            21287500           21272 1c00176a 00e787b3 add              x15, x15, x14       x15=000001b8 x15:00000180 x14:00000038
            21288500           21273 1c00176c 1a104737 lui              x14, 0x1a104000     x14=1a104000
            21289500           21274 1c001770 00a767a3 p.sw             x10, x0(x14)        x10:00000020 x14:1a104000  PA:1a1041b8
            21293500           21278 1c001774 00008067 jalr             x0, x1, 0            x1:1c001bca
            21294500           21279 1c001bca 16a0006f jal              x0, 362            
            21296500           21281 1c001d34 00900633 add              x12, x0, x9         x12=1c00234f  x9:1c00234f
            21297500           21282 1c001d36 e69ff06f jal              x0, -408           
            21300500           21285 1c001b9e 00064583 lbu              x11, 0(x12)         x11=00000025 x12:1c00234f  PA:1c00234f
            21316500           21301 1c001ba2 00160493 addi             x9, x12, 1           x9=1c002350 x12:1c00234f
            21317500           21302 1c001ba6 00059e63 bne              x11, x0, 28         x11:00000025
            21320500           21305 1c001bc2 01458563 beq              x11, x20, 10        x11:00000025 x20:00000025
            21323500           21308 1c001bcc 00414783 lbu              x15, 4(x2)          x15=000000xX  x2:10cfff60  PA:10cfff64
            21324500           21309 1c001bd0 00012423 sw               x0, 8(x2)            x2:10cfff60  PA:10cfff68
            21325500           21310 1c001bd2 00010623 sb               x0, 12(x2)           x2:10cfff60  PA:10cfff6c
            21326500           21311 1c001bd6 c00027b3 p.insert         x15, x0, 0, 0       x15=000000xX x15:000000xX
            21327500           21312 1c001bda c01027b3 p.insert         x15, x0, 0, 1       x15=000000xX x15:000000xX
            21328500           21313 1c001bde c03027b3 p.insert         x15, x0, 0, 3       x15=000000xX x15:000000xX
            21329500           21314 1c001be2 00f10223 sb               x15, 4(x2)          x15:000000xX  x2:10cfff60  PA:10cfff64
            21330500           21315 1c001be6 00000713 addi             x14, x0, 0          x14=00000000
            21331500           21316 1c001be8 00000613 addi             x12, x0, 0          x12=00000000
            21332500           21317 1c001bea 00000693 addi             x13, x0, 0          x13=00000000
            21333500           21318 1c001bec 00000513 addi             x10, x0, 0          x10=00000000
            21334500           21319 1c001bee 00000593 addi             x11, x0, 0          x11=00000000
            21335500           21320 1c001bf0 03000813 addi             x16, x0, 48         x16=00000030
            21336500           21321 1c001bf4 02300893 addi             x17, x0, 35         x17=00000023
            21337500           21322 1c001bf8 0004c783 lbu              x15, 0(x9)          x15=00000069  x9:1c002350  PA:1c002350
            21352500           21337 1c001bfc 00148c13 addi             x24, x9, 1          x24=1c002351  x9:1c002350
            21353500           21338 1c001c00 04079163 bne              x15, x0, 66         x15:00000069
            21356500           21341 1c001c42 01778c63 beq              x15, x23, 24        x15:00000069 x23:0000002d
            21357500           21342 1c001c46 01078663 beq              x15, x16, 12        x15:00000069 x16:00000030
            21358500           21343 1c001c4a fb179ce3 bne              x15, x17, -72       x15:00000069 x17:00000023
            21361500           21346 1c001c02 00050763 beq              x10, x0, 14         x10:00000000
            21364500           21349 1c001c10 00060763 beq              x12, x0, 14         x12:00000000
            21367500           21352 1c001c1e 00070763 beq              x14, x0, 14         x14:00000000
            21370500           21355 1c001c2c fd078713 addi             x14, x15, -48       x14=00000039 x15:00000069
            21371500           21356 1c001c30 0ff77713 andi             x14, x14, 255       x14=00000039 x14:00000039
            21372500           21357 1c001c34 00900693 addi             x13, x0, 9          x13=00000009
            21373500           21358 1c001c36 04e6eb63 bltu             x13, x14, 86        x13:00000009 x14:00000039
            21376500           21361 1c001c8c 02e00713 addi             x14, x0, 46         x14=0000002e
            21377500           21362 1c001c90 02e79163 bne              x15, x14, 34        x15:00000069 x14:0000002e
            21380500           21365 1c001cb2 07a00713 addi             x14, x0, 122        x14=0000007a
            21381500           21366 1c001cb6 04e79263 bne              x15, x14, 68        x15:00000069 x14:0000007a
            21384500           21369 1c001cfa 06c00713 addi             x14, x0, 108        x14=0000006c
            21386500           21371 1c001cfe 20e79463 bne              x15, x14, 520       x15:00000069 x14:0000006c
            21389500           21374 1c001f06 06900713 addi             x14, x0, 105        x14=00000069
            21390500           21375 1c001f0a 02e78a63 beq              x15, x14, 52        x15:00000069 x14:00000069
            21393500           21378 1c001f3e 018004b3 add              x9, x0, x24          x9=1c002351 x24:1c002351
            21394500           21379 1c001f40 00000793 addi             x15, x0, 0          x15=00000000
            21395500           21380 1c001f42 e09ff06f jal              x0, -504           
            21397500           21382 1c001d4a 00a00713 addi             x14, x0, 10         x14=0000000a
            21398500           21383 1c001d4c 00e12823 sw               x14, 16(x2)         x14:0000000a  x2:10cfff60  PA:10cfff70
            21399500           21384 1c001d4e 0e27b363 p.bneimm         x15, 230            x15:00000000
            21402500           21387 1c001e34 00440c13 addi             x24, x8, 4          x24=10cfffec  x8:10cfffe8
            21403500           21388 1c001e38 00042503 lw               x10, 0(x8)          x10=00000007  x8:10cfffe8  PA:10cfffe8
            21404500           21389 1c001e3a 0017bd63 p.bneimm         x15, 26             x15:00000000
            21407500           21392 1c001e54 00055863 bge              x10, x0, 16         x10:00000007
            21410500           21395 1c001e64 00410593 addi             x11, x2, 4          x11=10cfff64  x2:10cfff60
            21411500           21396 1c001e66 b99ff0ef jal              x1, -1128            x1=1c001e68
            21413500           21398 1c0019fe 0105a683 lw               x13, 16(x11)        x13=10cfff78 x11:10cfff64  PA:10cfff74
            21414500           21399 1c001a00 00c5a703 lw               x14, 12(x11)        x14=0000000a x11:10cfff64  PA:10cfff70
            21415500           21400 1c001a02 00100793 addi             x15, x0, 1          x15=00000001
            21416500           21401 1c001a04 02f55633 divu             x12, x10, x15       x12=00000007 x10:00000007 x15:00000001
            21450500           21435 1c001a08 00e67863 bgeu             x12, x14, 16        x12:00000007 x14:0000000a
            21451500           21436 1c001a0c 00000613 addi             x12, x0, 0          x12=00000000
            21452500           21437 1c001a0e 00900313 addi             x6, x0, 9            x6=00000009
            21453500           21438 1c001a10 00079763 bne              x15, x0, 14         x15:00000001
            21456500           21441 1c001a1e 00c5a703 lw               x14, 12(x11)        x14=0000000a x11:10cfff64  PA:10cfff70
            21457500           21442 1c001a20 02f55833 divu             x16, x10, x15       x16=00000007 x10:00000007 x15:00000001
            21491500           21476 1c001a24 02f57533 remu             x10, x10, x15       x10=00000000 x10:00000007 x15:00000001
            21525500           21510 1c001a28 02e7d7b3 divu             x15, x15, x14       x15=00000000 x15:00000001 x14:0000000a
            21556500           21541 1c001a2c 00061763 bne              x12, x0, 14         x12:00000000
            21557500           21542 1c001a2e 01004663 blt              x0, x16, 12         x16:00000007
            21560500           21545 1c001a3a 03000713 addi             x14, x0, 48         x14=00000030
            21562500           21547 1c001a3e 01035c63 bge              x6, x16, 24          x6:00000009 x16:00000007
            21565500           21550 1c001a56 01070733 add              x14, x14, x16       x14=00000037 x14:00000030 x16:00000007
            21566500           21551 1c001a58 00e68023 sb               x14, 0(x13)         x14:00000037 x13:10cfff78  PA:10cfff78
            21568500           21553 1c001a5c 00160613 addi             x12, x12, 1         x12=00000001 x12:00000000
            21569500           21554 1c001a5e 00168693 addi             x13, x13, 1         x13=10cfff79 x13:10cfff78
            21570500           21555 1c001a60 fb1ff06f jal              x0, -80            
            21572500           21557 1c001a10 00079763 bne              x15, x0, 14         x15:00000000
            21573500           21558 1c001a12 00068023 sb               x0, 0(x13)          x13:10cfff79  PA:10cfff79
            21574500           21559 1c001a16 00008067 jalr             x0, x1, 0            x1:1c001e68
            21576500           21561 1c001e68 f17ff06f jal              x0, -234           
            21578500           21563 1c001d7e 00410613 addi             x12, x2, 4          x12=10cfff64  x2:10cfff60
            21579500           21564 1c001d80 013005b3 add              x11, x0, x19        x11=1c001776 x19:1c001776
            21580500           21565 1c001d82 01200533 add              x10, x0, x18        x10=00000000 x18:00000000
            21581500           21566 1c001d84 cdfff0ef jal              x1, -802             x1=1c001d86
            21583500           21568 1c001a62 fe010113 addi             x2, x2, -32          x2=10cfff40  x2:10cfff60
            21584500           21569 1c001a64 00812c23 sw               x8, 24(x2)           x8:10cfffe8  x2:10cfff40  PA:10cfff58
            21586500           21571 1c001a66 01062783 lw               x15, 16(x12)        x15=10cfff78 x12:10cfff64  PA:10cfff74
            21587500           21572 1c001a68 00462403 lw               x8, 4(x12)           x8=00000000 x12:10cfff64  PA:10cfff68
            21588500           21573 1c001a6a 00912a23 sw               x9, 20(x2)           x9:1c002351  x2:10cfff40  PA:10cfff54
            21589500           21574 1c001a6c 01212823 sw               x18, 16(x2)         x18:00000000  x2:10cfff40  PA:10cfff50
            21590500           21575 1c001a6e 01312623 sw               x19, 12(x2)         x19:1c001776  x2:10cfff40  PA:10cfff4c
            21591500           21576 1c001a70 00112e23 sw               x1, 28(x2)           x1:1c001d86  x2:10cfff40  PA:10cfff5c
            21592500           21577 1c001a72 01412423 sw               x20, 8(x2)          x20:00000025  x2:10cfff40  PA:10cfff48
            21593500           21578 1c001a74 00a00933 add              x18, x0, x10        x18=00000000 x10:00000000
            21594500           21579 1c001a76 00b009b3 add              x19, x0, x11        x19=1c001776 x11:1c001776
            21595500           21580 1c001a78 00c004b3 add              x9, x0, x12          x9=10cfff64 x12:10cfff64
            21596500           21581 1c001a7a 0017c70b p.lbu            x14, 1(x15!)        x14=00000037 x15=10cfff79 x15:10cfff78  PA:10cfff78
            21598500           21583 1c001a7e 00070363 beq              x14, x0, 6          x14:00000037
            21599500           21584 1c001a80 08804863 blt              x0, x8, 144          x8:00000000
            21600500           21585 1c001a84 0084c783 lbu              x15, 8(x9)          x15=00000000  x9:10cfff64  PA:10cfff6c
            21602500           21587 1c001a88 00078263 beq              x15, x0, 4          x15:00000000
            21605500           21590 1c001a8c 0004c783 lbu              x15, 0(x9)          x15=000000xX  x9:10cfff64  PA:10cfff64
            21607500           21592 1c001a90 0027f713 andi             x14, x15, 2         x14=00000000 x15:000000xX
            21608500           21593 1c001a94 00070663 beq              x14, x0, 12         x14:00000000
            21611500           21596 1c001aa0 0097f793 andi             x15, x15, 9         x15=00000000 x15:000000xX
            21612500           21597 1c001aa2 00800a33 add              x20, x0, x8         x20=00000000  x8:00000000
            21613500           21598 1c001aa4 08078163 beq              x15, x0, 130        x15:00000000
            21616500           21601 1c001b26 ff404be3 blt              x0, x20, -10        x20:00000000
            21617500           21602 1c001b2a fff40793 addi             x15, x8, -1         x15=ffffffff  x8:00000000
            21618500           21603 1c001b2e 04046433 p.max            x8, x8, x0           x8=00000000  x8:00000000
            21619500           21604 1c001b32 40878433 sub              x8, x15, x8          x8=ffffffff x15:ffffffff  x8:00000000
            21620500           21605 1c001b36 f71ff06f jal              x0, -144           
            21622500           21607 1c001aa6 0084c583 lbu              x11, 8(x9)          x11=00000000  x9:10cfff64  PA:10cfff6c
            21624500           21609 1c001aaa 00058363 beq              x11, x0, 6          x11:00000000
            21627500           21612 1c001ab0 0004c783 lbu              x15, 0(x9)          x15=000000xX  x9:10cfff64  PA:10cfff64
            21629500           21614 1c001ab4 0027f793 andi             x15, x15, 2         x15=00000000 x15:000000xX
            21630500           21615 1c001ab6 02078363 beq              x15, x0, 38         x15:00000000
            21633500           21618 1c001adc 0004c783 lbu              x15, 0(x9)          x15=000000xX  x9:10cfff64  PA:10cfff64
            21634500           21619 1c001ae0 00800a33 add              x20, x0, x8         x20=ffffffff  x8:ffffffff
            21635500           21620 1c001ae2 fc17b7b3 p.bclr           x15, x15, 30, 1     x15=00000000 x15:000000xX
            21636500           21621 1c001ae6 06079363 bne              x15, x0, 102        x15:00000000
            21637500           21622 1c001ae8 0104aa03 lw               x20, 16(x9)         x20=10cfff78  x9:10cfff64  PA:10cfff74
            21639500           21624 1c001aec 001a458b p.lbu            x11, 1(x20!)        x11=00000037 x20=10cfff79 x20:10cfff78  PA:10cfff78
            21641500           21626 1c001af0 06059763 bne              x11, x0, 110        x11:00000037
            21644500           21629 1c001b5e 01200533 add              x10, x0, x18        x10=00000000 x18:00000000
            21645500           21630 1c001b60 000980e7 jalr             x1, x19, 0           x1=1c001b62 x19:1c001776
            21647500           21632 1c001776 00b00533 add              x10, x0, x11        x10=00000037 x11:00000037
            21648500           21633 1c001778 fddff06f jal              x0, -36            
            21650500           21635 1c001754 000026b7 lui              x13, 0x2000         x13=00002000
            21651500           21636 1c001756 f14027f3 csrrs            x15, x0, 0xf14      x15=00000067
            21652500           21637 1c00175a f8068693 addi             x13, x13, -128      x13=00001f80 x13:00002000
            21653500           21638 1c00175e 00379713 slli             x14, x15, 0x3       x14=00000338 x15:00000067
            21654500           21639 1c001762 00279793 slli             x15, x15, 0x2       x15=0000019c x15:00000067
            21655500           21640 1c001764 ee873733 p.bclr           x14, x14, 23, 8     x14=00000038 x14:00000338
            21656500           21641 1c001768 00d7f7b3 and              x15, x15, x13       x15=00000180 x15:0000019c x13:00001f80
            21657500           21642 1c00176a 00e787b3 add              x15, x15, x14       x15=000001b8 x15:00000180 x14:00000038
            21658500           21643 1c00176c 1a104737 lui              x14, 0x1a104000     x14=1a104000
            21659500           21644 1c001770 00a767a3 p.sw             x10, x0(x14)        x10:00000037 x14:1a104000  PA:1a1041b8
            21663500           21648 1c001774 00008067 jalr             x0, x1, 0            x1:1c001b62
            21664500           21649 1c001b62 f8bff06f jal              x0, -118           
            21666500           21651 1c001aec 001a458b p.lbu            x11, 1(x20!)        x11=00000000 x20=10cfff7a x20:10cfff79  PA:10cfff79
            21668500           21653 1c001af0 06059763 bne              x11, x0, 110        x11:00000000
            21669500           21654 1c001af2 0004c783 lbu              x15, 0(x9)          x15=000000xX  x9:10cfff64  PA:10cfff64
            21671500           21656 1c001af6 0097f793 andi             x15, x15, 9         x15=00000000 x15:000000xX
            21672500           21657 1c001af8 0087b463 p.bneimm         x15, 8              x15:00000000
            21675500           21660 1c001b00 01c12083 lw               x1, 28(x2)           x1=1c001d86  x2:10cfff40  PA:10cfff5c
            21676500           21661 1c001b02 01812403 lw               x8, 24(x2)           x8=10cfffe8  x2:10cfff40  PA:10cfff58
            21677500           21662 1c001b04 01412483 lw               x9, 20(x2)           x9=1c002351  x2:10cfff40  PA:10cfff54
            21678500           21663 1c001b06 01012903 lw               x18, 16(x2)         x18=00000000  x2:10cfff40  PA:10cfff50
            21679500           21664 1c001b08 00c12983 lw               x19, 12(x2)         x19=1c001776  x2:10cfff40  PA:10cfff4c
            21680500           21665 1c001b0a 00812a03 lw               x20, 8(x2)          x20=00000025  x2:10cfff40  PA:10cfff48
            21681500           21666 1c001b0c 02010113 addi             x2, x2, 32           x2=10cfff60  x2:10cfff40
            21682500           21667 1c001b0e 00008067 jalr             x0, x1, 0            x1:1c001d86
            21684500           21669 1c001d86 01800433 add              x8, x0, x24          x8=10cfffec x24:10cfffec
            21685500           21670 1c001d88 fadff06f jal              x0, -84            
            21687500           21672 1c001d34 00900633 add              x12, x0, x9         x12=1c002351  x9:1c002351
            21688500           21673 1c001d36 e69ff06f jal              x0, -408           
            21691500           21676 1c001b9e 00064583 lbu              x11, 0(x12)         x11=00000029 x12:1c002351  PA:1c002351
            21705500           21690 1c001ba2 00160493 addi             x9, x12, 1           x9=1c002352 x12:1c002351
            21706500           21691 1c001ba6 00059e63 bne              x11, x0, 28         x11:00000029
            21709500           21694 1c001bc2 01458563 beq              x11, x20, 10        x11:00000029 x20:00000025
            21710500           21695 1c001bc6 01200533 add              x10, x0, x18        x10=00000000 x18:00000000
            21711500           21696 1c001bc8 000980e7 jalr             x1, x19, 0           x1=1c001bca x19:1c001776
            21713500           21698 1c001776 00b00533 add              x10, x0, x11        x10=00000029 x11:00000029
            21714500           21699 1c001778 fddff06f jal              x0, -36            
            21716500           21701 1c001754 000026b7 lui              x13, 0x2000         x13=00002000
            21717500           21702 1c001756 f14027f3 csrrs            x15, x0, 0xf14      x15=00000067
            21718500           21703 1c00175a f8068693 addi             x13, x13, -128      x13=00001f80 x13:00002000
            21719500           21704 1c00175e 00379713 slli             x14, x15, 0x3       x14=00000338 x15:00000067
            21720500           21705 1c001762 00279793 slli             x15, x15, 0x2       x15=0000019c x15:00000067
            21721500           21706 1c001764 ee873733 p.bclr           x14, x14, 23, 8     x14=00000038 x14:00000338
            21722500           21707 1c001768 00d7f7b3 and              x15, x15, x13       x15=00000180 x15:0000019c x13:00001f80
            21723500           21708 1c00176a 00e787b3 add              x15, x15, x14       x15=000001b8 x15:00000180 x14:00000038
            21724500           21709 1c00176c 1a104737 lui              x14, 0x1a104000     x14=1a104000
            21725500           21710 1c001770 00a767a3 p.sw             x10, x0(x14)        x10:00000029 x14:1a104000  PA:1a1041b8
            21729500           21714 1c001774 00008067 jalr             x0, x1, 0            x1:1c001bca
            21730500           21715 1c001bca 16a0006f jal              x0, 362            
            21732500           21717 1c001d34 00900633 add              x12, x0, x9         x12=1c002352  x9:1c002352
            21733500           21718 1c001d36 e69ff06f jal              x0, -408           
            21736500           21721 1c001b9e 00064583 lbu              x11, 0(x12)         x11=00000021 x12:1c002352  PA:1c002352
            21750500           21735 1c001ba2 00160493 addi             x9, x12, 1           x9=1c002353 x12:1c002352
            21751500           21736 1c001ba6 00059e63 bne              x11, x0, 28         x11:00000021
            21754500           21739 1c001bc2 01458563 beq              x11, x20, 10        x11:00000021 x20:00000025
            21755500           21740 1c001bc6 01200533 add              x10, x0, x18        x10=00000000 x18:00000000
            21756500           21741 1c001bc8 000980e7 jalr             x1, x19, 0           x1=1c001bca x19:1c001776
            21758500           21743 1c001776 00b00533 add              x10, x0, x11        x10=00000021 x11:00000021
            21759500           21744 1c001778 fddff06f jal              x0, -36            
            21761500           21746 1c001754 000026b7 lui              x13, 0x2000         x13=00002000
            21762500           21747 1c001756 f14027f3 csrrs            x15, x0, 0xf14      x15=00000067
            21763500           21748 1c00175a f8068693 addi             x13, x13, -128      x13=00001f80 x13:00002000
            21764500           21749 1c00175e 00379713 slli             x14, x15, 0x3       x14=00000338 x15:00000067
            21765500           21750 1c001762 00279793 slli             x15, x15, 0x2       x15=0000019c x15:00000067
            21766500           21751 1c001764 ee873733 p.bclr           x14, x14, 23, 8     x14=00000038 x14:00000338
            21767500           21752 1c001768 00d7f7b3 and              x15, x15, x13       x15=00000180 x15:0000019c x13:00001f80
            21768500           21753 1c00176a 00e787b3 add              x15, x15, x14       x15=000001b8 x15:00000180 x14:00000038
            21769500           21754 1c00176c 1a104737 lui              x14, 0x1a104000     x14=1a104000
            21770500           21755 1c001770 00a767a3 p.sw             x10, x0(x14)        x10:00000021 x14:1a104000  PA:1a1041b8
            21774500           21759 1c001774 00008067 jalr             x0, x1, 0            x1:1c001bca
            21775500           21760 1c001bca 16a0006f jal              x0, 362            
            21777500           21762 1c001d34 00900633 add              x12, x0, x9         x12=1c002353  x9:1c002353
            21778500           21763 1c001d36 e69ff06f jal              x0, -408           
            21781500           21766 1c001b9e 00064583 lbu              x11, 0(x12)         x11=0000000a x12:1c002353  PA:1c002353
            21796500           21781 1c001ba2 00160493 addi             x9, x12, 1           x9=1c002354 x12:1c002353
            21797500           21782 1c001ba6 00059e63 bne              x11, x0, 28         x11:0000000a
            21800500           21785 1c001bc2 01458563 beq              x11, x20, 10        x11:0000000a x20:00000025
            21801500           21786 1c001bc6 01200533 add              x10, x0, x18        x10=00000000 x18:00000000
            21802500           21787 1c001bc8 000980e7 jalr             x1, x19, 0           x1=1c001bca x19:1c001776
            21804500           21789 1c001776 00b00533 add              x10, x0, x11        x10=0000000a x11:0000000a
            21805500           21790 1c001778 fddff06f jal              x0, -36            
            21807500           21792 1c001754 000026b7 lui              x13, 0x2000         x13=00002000
            21808500           21793 1c001756 f14027f3 csrrs            x15, x0, 0xf14      x15=00000067
            21809500           21794 1c00175a f8068693 addi             x13, x13, -128      x13=00001f80 x13:00002000
            21810500           21795 1c00175e 00379713 slli             x14, x15, 0x3       x14=00000338 x15:00000067
            21811500           21796 1c001762 00279793 slli             x15, x15, 0x2       x15=0000019c x15:00000067
            21812500           21797 1c001764 ee873733 p.bclr           x14, x14, 23, 8     x14=00000038 x14:00000338
            21813500           21798 1c001768 00d7f7b3 and              x15, x15, x13       x15=00000180 x15:0000019c x13:00001f80
            21814500           21799 1c00176a 00e787b3 add              x15, x15, x14       x15=000001b8 x15:00000180 x14:00000038
            21815500           21800 1c00176c 1a104737 lui              x14, 0x1a104000     x14=1a104000
            21816500           21801 1c001770 00a767a3 p.sw             x10, x0(x14)        x10:0000000a x14:1a104000  PA:1a1041b8
            21820500           21805 1c001774 00008067 jalr             x0, x1, 0            x1:1c001bca
            21821500           21806 1c001bca 16a0006f jal              x0, 362            
            21823500           21808 1c001d34 00900633 add              x12, x0, x9         x12=1c002354  x9:1c002354
            21824500           21809 1c001d36 e69ff06f jal              x0, -408           
            21827500           21812 1c001b9e 00064583 lbu              x11, 0(x12)         x11=00000000 x12:1c002354  PA:1c002354
            21843500           21828 1c001ba2 00160493 addi             x9, x12, 1           x9=1c002355 x12:1c002354
            21844500           21829 1c001ba6 00059e63 bne              x11, x0, 28         x11:00000000
            21845500           21830 1c001ba8 05c12083 lw               x1, 92(x2)           x1=1c001834  x2:10cfff60  PA:10cfffbc
            21846500           21831 1c001baa 05812403 lw               x8, 88(x2)           x8=00000000  x2:10cfff60  PA:10cfffb8
            21847500           21832 1c001bac 05412483 lw               x9, 84(x2)           x9=00000000  x2:10cfff60  PA:10cfffb4
            21848500           21833 1c001bae 05012903 lw               x18, 80(x2)         x18=1b204000  x2:10cfff60  PA:10cfffb0
            21849500           21834 1c001bb0 04c12983 lw               x19, 76(x2)         x19=00000007  x2:10cfff60  PA:10cfffac
            21850500           21835 1c001bb2 04812a03 lw               x20, 72(x2)         x20=1c00220c  x2:10cfff60  PA:10cfffa8
            21851500           21836 1c001bb4 04412a83 lw               x21, 68(x2)         x21=1c002210  x2:10cfff60  PA:10cfffa4
            21852500           21837 1c001bb6 04012b03 lw               x22, 64(x2)         x22=00000000  x2:10cfff60  PA:10cfffa0
            21853500           21838 1c001bb8 03c12b83 lw               x23, 60(x2)         x23=00000000  x2:10cfff60  PA:10cfff9c
            21858500           21843 1c001bba 03812c03 lw               x24, 56(x2)         x24=00000000  x2:10cfff60  PA:10cfff98
            21859500           21844 1c001bbc 03412c83 lw               x25, 52(x2)         x25=00000000  x2:10cfff60  PA:10cfff94
            21860500           21845 1c001bbe 06010113 addi             x2, x2, 96           x2=10cfffc0  x2:10cfff60
            21861500           21846 1c001bc0 00008067 jalr             x0, x1, 0            x1:1c001834
            21863500           21848 1c001834 01c12083 lw               x1, 28(x2)           x1=1c00220c  x2:10cfffc0  PA:10cfffdc
            21864500           21849 1c001836 00000513 addi             x10, x0, 0          x10=00000000
            21865500           21850 1c001838 04010113 addi             x2, x2, 64           x2=10d00000  x2:10cfffc0
            21866500           21851 1c00183a 00008067 jalr             x0, x1, 0            x1:1c00220c
            21868500           21853 1c00220c 21c96283 p.elw            x5, 540(x18)         x5=00000000 x18:1b204000  PA:1b20421c
