                Time          Cycles PC       Instr    Mnemonic
            12603500           12588 1c000080 0180006f jal              x0, 24             
            12621500           12606 1c000098 f1402573 csrrs            x10, x0, 0xf14      x10=00000025
            12622500           12607 1c00009c 01f57593 andi             x11, x10, 31        x11=00000005 x10:00000025
            12639500           12624 1c0000a0 00555513 srli             x10, x10, 0x5       x10=00000001 x10:00000025
            12640500           12625 1c0000a2 00058463 beq              x11, x0, 8          x11:00000005
            12641500           12626 1c0000a6 05a0206f jal              x0, 8282           
            12659500           12644 1c002100 000702b7 lui              x5, 0x70000          x5=00070000
            12660500           12645 1c002104 1b204337 lui              x6, 0x1b204000       x6=1b204000
            12661500           12646 1c002108 00532023 sw               x5, 0(x6)            x5:00070000  x6:1b204000  PA:1b204000
            12662500           12647 1c00210c 0e059163 bne              x11, x0, 226        x11:00000005
            12714500           12699 1c0021ee 1b204937 lui              x18, 0x1b204000     x18=1b204000
            12715500           12700 1c0021f2 f14029f3 csrrs            x19, x0, 0xf14      x19=00000025
            12716500           12701 1c0021f6 01f9f993 andi             x19, x19, 31        x19=00000005 x19:00000025
            12717500           12702 1c0021fa 00000a17 auipc            x20, 0x0            x20=1c0021fa
            12734500           12719 1c0021fe 012a0a13 addi             x20, x20, 18        x20=1c00220c x20:1c0021fa
            12735500           12720 1c002202 00000a97 auipc            x21, 0x0            x21=1c002202
            12736500           12721 1c002206 00ea8a93 addi             x21, x21, 14        x21=1c002210 x21:1c002202
            12737500           12722 1c00220a 0060006f jal              x0, 6              
            12757500           12742 1c002210 08096283 p.elw            x5, 128(x18)         x5=1c00222d x18:1b204000  PA:1b204080
            17807500           17792 1c002214 08096503 p.elw            x10, 128(x18)       x10=00000400 x18:1b204000  PA:1b204080
            17825500           17810 1c002218 0012f313 andi             x6, x5, 1            x6=00000001  x5:1c00222d
            17826500           17811 1c00221c 00031563 bne              x6, x0, 10           x6:00000001
            17844500           17829 1c002226 000a80b3 add              x1, x21, x0          x1=1c002210 x21:1c002210
            17845500           17830 1c00222a 00028067 jalr             x0, x5, 0            x5:1c00222d
            17847500           17832 1c00222c 08096283 p.elw            x5, 128(x18)         x5=104fe400 x18:1b204000  PA:1b204080
            17871500           17856 1c002230 02a98533 mul              x10, x19, x10       x10=00001400 x19:00000005 x10:00000400
            17872500           17857 1c002234 00550133 add              x2, x10, x5          x2=104ff800 x10:00001400  x5:104fe400
            17873500           17858 1c002238 00008067 jalr             x0, x1, 0            x1:1c002210
            17875500           17860 1c002210 08096283 p.elw            x5, 128(x18)         x5=1c0009bc x18:1b204000  PA:1b204080
            17911500           17896 1c002214 08096503 p.elw            x10, 128(x18)       x10=00000000 x18:1b204000  PA:1b204080
            17919500           17904 1c002218 0012f313 andi             x6, x5, 1            x6=00000000  x5:1c0009bc
            17920500           17905 1c00221c 00031563 bne              x6, x0, 10           x6:00000000
            17921500           17906 1c002220 000a00b3 add              x1, x20, x0          x1=1c00220c x20:1c00220c
            17922500           17907 1c002224 00028067 jalr             x0, x5, 0            x5:1c0009bc
            17940500           17925 1c0009bc f1402673 csrrs            x12, x0, 0xf14      x12=00000025
            17957500           17942 1c0009c0 1c002537 lui              x10, 0x1c002000     x10=1c002000
            17958500           17943 1c0009c4 40565593 srai             x11, x12, 0x405     x11=00000001 x12:00000025
            17959500           17944 1c0009c8 f265b5b3 p.bclr           x11, x11, 25, 6     x11=00000001 x11:00000001
            17960500           17945 1c0009cc f4563633 p.bclr           x12, x12, 26, 5     x12=00000005 x12:00000025
            17961500           17946 1c0009d0 33c50513 addi             x10, x10, 828       x10=1c00233c x10:1c002000
            17962500           17947 1c0009d4 63d0006f jal              x0, 3644           
            17980500           17965 1c001810 fc010113 addi             x2, x2, -64          x2=104ff7c0  x2:104ff800
            17981500           17966 1c001812 02b12223 sw               x11, 36(x2)         x11:00000001  x2:104ff7c0  PA:104ff7e4
            17984500           17969 1c001814 1c0015b7 lui              x11, 0x1c001000     x11=1c001000
            17985500           17970 1c001818 02c12423 sw               x12, 40(x2)         x12:00000005  x2:104ff7c0  PA:104ff7e8
            17986500           17971 1c00181a 02d12623 sw               x13, 44(x2)         x13:00000000  x2:104ff7c0  PA:104ff7ec
            17987500           17972 1c00181c 00a00633 add              x12, x0, x10        x12=1c00233c x10:1c00233c
            17988500           17973 1c00181e 02410693 addi             x13, x2, 36         x13=104ff7e4  x2:104ff7c0
            18002500           17987 1c001820 00000513 addi             x10, x0, 0          x10=00000000
            18003500           17988 1c001822 77658593 addi             x11, x11, 1910      x11=1c001776 x11:1c001000
            18004500           17989 1c001826 00112e23 sw               x1, 28(x2)           x1:1c00220c  x2:104ff7c0  PA:104ff7dc
            18006500           17991 1c001828 02e12823 sw               x14, 48(x2)         x14:00000000  x2:104ff7c0  PA:104ff7f0
            18007500           17992 1c00182a 02f12a23 sw               x15, 52(x2)         x15:00000000  x2:104ff7c0  PA:104ff7f4
            18008500           17993 1c00182c 03012c23 sw               x16, 56(x2)         x16:00000000  x2:104ff7c0  PA:104ff7f8
            18009500           17994 1c00182e 03112e23 sw               x17, 60(x2)         x17:00000000  x2:104ff7c0  PA:104ff7fc
            18024500           18009 1c001830 00d12623 sw               x13, 12(x2)         x13:104ff7e4  x2:104ff7c0  PA:104ff7cc
            18025500           18010 1c001832 33e000ef jal              x1, 830              x1=1c001834
            18043500           18028 1c001b70 fa010113 addi             x2, x2, -96          x2=104ff760  x2:104ff7c0
            18044500           18029 1c001b72 01810793 addi             x15, x2, 24         x15=104ff778  x2:104ff760
            18045500           18030 1c001b74 04812c23 sw               x8, 88(x2)           x8:00000000  x2:104ff760  PA:104ff7b8
            18049500           18034 1c001b76 05212823 sw               x18, 80(x2)         x18:1b204000  x2:104ff760  PA:104ff7b0
            18050500           18035 1c001b78 05312623 sw               x19, 76(x2)         x19:00000005  x2:104ff760  PA:104ff7ac
            18051500           18036 1c001b7a 05412423 sw               x20, 72(x2)         x20:1c00220c  x2:104ff760  PA:104ff7a8
            18052500           18037 1c001b7c 05512223 sw               x21, 68(x2)         x21:1c002210  x2:104ff760  PA:104ff7a4
            18053500           18038 1c001b7e 05612023 sw               x22, 64(x2)         x22:00000000  x2:104ff760  PA:104ff7a0
            18066500           18051 1c001b80 03712e23 sw               x23, 60(x2)         x23:00000000  x2:104ff760  PA:104ff79c
            18072500           18057 1c001b82 04112e23 sw               x1, 92(x2)           x1:1c001834  x2:104ff760  PA:104ff7bc
            18073500           18058 1c001b84 04912a23 sw               x9, 84(x2)           x9:00000000  x2:104ff760  PA:104ff7b4
            18074500           18059 1c001b86 03812c23 sw               x24, 56(x2)         x24:00000000  x2:104ff760  PA:104ff798
            18075500           18060 1c001b88 03912a23 sw               x25, 52(x2)         x25:00000000  x2:104ff760  PA:104ff794
            18076500           18061 1c001b8a 00a00933 add              x18, x0, x10        x18=00000000 x10:00000000
            18077500           18062 1c001b8c 00b009b3 add              x19, x0, x11        x19=1c001776 x11:1c001776
            18078500           18063 1c001b8e 00d00433 add              x8, x0, x13          x8=104ff7e4 x13:104ff7e4
            18089500           18074 1c001b90 00f12a23 sw               x15, 20(x2)         x15:104ff778  x2:104ff760  PA:104ff774
            18094500           18079 1c001b92 02500a13 addi             x20, x0, 37         x20=00000025
            18095500           18080 1c001b96 02d00b93 addi             x23, x0, 45         x23=0000002d
            18096500           18081 1c001b9a 00100a93 addi             x21, x0, 1          x21=00000001
            18097500           18082 1c001b9c 00500b13 addi             x22, x0, 5          x22=00000005
            18110500           18095 1c001b9e 00064583 lbu              x11, 0(x12)         x11=00000048 x12:1c00233c  PA:1c00233c
            18133500           18118 1c001ba2 00160493 addi             x9, x12, 1           x9=1c00233d x12:1c00233c
            18134500           18119 1c001ba6 00059e63 bne              x11, x0, 28         x11:00000048
            18145500           18130 1c001bc2 01458563 beq              x11, x20, 10        x11:00000048 x20:00000025
            18146500           18131 1c001bc6 01200533 add              x10, x0, x18        x10=00000000 x18:00000000
            18147500           18132 1c001bc8 000980e7 jalr             x1, x19, 0           x1=1c001bca x19:1c001776
            18165500           18150 1c001776 00b00533 add              x10, x0, x11        x10=00000048 x11:00000048
            18166500           18151 1c001778 fddff06f jal              x0, -36            
            18184500           18169 1c001754 000026b7 lui              x13, 0x2000         x13=00002000
            18185500           18170 1c001756 f14027f3 csrrs            x15, x0, 0xf14      x15=00000025
            18186500           18171 1c00175a f8068693 addi             x13, x13, -128      x13=00001f80 x13:00002000
            18203500           18188 1c00175e 00379713 slli             x14, x15, 0x3       x14=00000128 x15:00000025
            18204500           18189 1c001762 00279793 slli             x15, x15, 0x2       x15=00000094 x15:00000025
            18205500           18190 1c001764 ee873733 p.bclr           x14, x14, 23, 8     x14=00000028 x14:00000128
            18206500           18191 1c001768 00d7f7b3 and              x15, x15, x13       x15=00000080 x15:00000094 x13:00001f80
            18207500           18192 1c00176a 00e787b3 add              x15, x15, x14       x15=000000a8 x15:00000080 x14:00000028
            18208500           18193 1c00176c 1a104737 lui              x14, 0x1a104000     x14=1a104000
            18209500           18194 1c001770 00a767a3 p.sw             x10, x0(x14)        x10:00000048 x14:1a104000  PA:1a1040a8
            18213500           18198 1c001774 00008067 jalr             x0, x1, 0            x1:1c001bca
            18214500           18199 1c001bca 16a0006f jal              x0, 362            
            18232500           18217 1c001d34 00900633 add              x12, x0, x9         x12=1c00233d  x9:1c00233d
            18233500           18218 1c001d36 e69ff06f jal              x0, -408           
            18236500           18221 1c001b9e 00064583 lbu              x11, 0(x12)         x11=00000065 x12:1c00233d  PA:1c00233d
            18259500           18244 1c001ba2 00160493 addi             x9, x12, 1           x9=1c00233e x12:1c00233d
            18260500           18245 1c001ba6 00059e63 bne              x11, x0, 28         x11:00000065
            18263500           18248 1c001bc2 01458563 beq              x11, x20, 10        x11:00000065 x20:00000025
            18264500           18249 1c001bc6 01200533 add              x10, x0, x18        x10=00000000 x18:00000000
            18265500           18250 1c001bc8 000980e7 jalr             x1, x19, 0           x1=1c001bca x19:1c001776
            18267500           18252 1c001776 00b00533 add              x10, x0, x11        x10=00000065 x11:00000065
            18268500           18253 1c001778 fddff06f jal              x0, -36            
            18270500           18255 1c001754 000026b7 lui              x13, 0x2000         x13=00002000
            18271500           18256 1c001756 f14027f3 csrrs            x15, x0, 0xf14      x15=00000025
            18272500           18257 1c00175a f8068693 addi             x13, x13, -128      x13=00001f80 x13:00002000
            18273500           18258 1c00175e 00379713 slli             x14, x15, 0x3       x14=00000128 x15:00000025
            18274500           18259 1c001762 00279793 slli             x15, x15, 0x2       x15=00000094 x15:00000025
            18275500           18260 1c001764 ee873733 p.bclr           x14, x14, 23, 8     x14=00000028 x14:00000128
            18276500           18261 1c001768 00d7f7b3 and              x15, x15, x13       x15=00000080 x15:00000094 x13:00001f80
            18277500           18262 1c00176a 00e787b3 add              x15, x15, x14       x15=000000a8 x15:00000080 x14:00000028
            18278500           18263 1c00176c 1a104737 lui              x14, 0x1a104000     x14=1a104000
            18279500           18264 1c001770 00a767a3 p.sw             x10, x0(x14)        x10:00000065 x14:1a104000  PA:1a1040a8
            18283500           18268 1c001774 00008067 jalr             x0, x1, 0            x1:1c001bca
            18284500           18269 1c001bca 16a0006f jal              x0, 362            
            18286500           18271 1c001d34 00900633 add              x12, x0, x9         x12=1c00233e  x9:1c00233e
            18287500           18272 1c001d36 e69ff06f jal              x0, -408           
            18290500           18275 1c001b9e 00064583 lbu              x11, 0(x12)         x11=00000079 x12:1c00233e  PA:1c00233e
            18309500           18294 1c001ba2 00160493 addi             x9, x12, 1           x9=1c00233f x12:1c00233e
            18310500           18295 1c001ba6 00059e63 bne              x11, x0, 28         x11:00000079
            18313500           18298 1c001bc2 01458563 beq              x11, x20, 10        x11:00000079 x20:00000025
            18314500           18299 1c001bc6 01200533 add              x10, x0, x18        x10=00000000 x18:00000000
            18315500           18300 1c001bc8 000980e7 jalr             x1, x19, 0           x1=1c001bca x19:1c001776
            18317500           18302 1c001776 00b00533 add              x10, x0, x11        x10=00000079 x11:00000079
            18318500           18303 1c001778 fddff06f jal              x0, -36            
            18320500           18305 1c001754 000026b7 lui              x13, 0x2000         x13=00002000
            18321500           18306 1c001756 f14027f3 csrrs            x15, x0, 0xf14      x15=00000025
            18322500           18307 1c00175a f8068693 addi             x13, x13, -128      x13=00001f80 x13:00002000
            18323500           18308 1c00175e 00379713 slli             x14, x15, 0x3       x14=00000128 x15:00000025
            18324500           18309 1c001762 00279793 slli             x15, x15, 0x2       x15=00000094 x15:00000025
            18325500           18310 1c001764 ee873733 p.bclr           x14, x14, 23, 8     x14=00000028 x14:00000128
            18326500           18311 1c001768 00d7f7b3 and              x15, x15, x13       x15=00000080 x15:00000094 x13:00001f80
            18327500           18312 1c00176a 00e787b3 add              x15, x15, x14       x15=000000a8 x15:00000080 x14:00000028
            18328500           18313 1c00176c 1a104737 lui              x14, 0x1a104000     x14=1a104000
            18329500           18314 1c001770 00a767a3 p.sw             x10, x0(x14)        x10:00000079 x14:1a104000  PA:1a1040a8
            18333500           18318 1c001774 00008067 jalr             x0, x1, 0            x1:1c001bca
            18334500           18319 1c001bca 16a0006f jal              x0, 362            
            18336500           18321 1c001d34 00900633 add              x12, x0, x9         x12=1c00233f  x9:1c00233f
            18337500           18322 1c001d36 e69ff06f jal              x0, -408           
            18340500           18325 1c001b9e 00064583 lbu              x11, 0(x12)         x11=0000002c x12:1c00233f  PA:1c00233f
            18359500           18344 1c001ba2 00160493 addi             x9, x12, 1           x9=1c002340 x12:1c00233f
            18360500           18345 1c001ba6 00059e63 bne              x11, x0, 28         x11:0000002c
            18363500           18348 1c001bc2 01458563 beq              x11, x20, 10        x11:0000002c x20:00000025
            18364500           18349 1c001bc6 01200533 add              x10, x0, x18        x10=00000000 x18:00000000
            18365500           18350 1c001bc8 000980e7 jalr             x1, x19, 0           x1=1c001bca x19:1c001776
            18367500           18352 1c001776 00b00533 add              x10, x0, x11        x10=0000002c x11:0000002c
            18368500           18353 1c001778 fddff06f jal              x0, -36            
            18370500           18355 1c001754 000026b7 lui              x13, 0x2000         x13=00002000
            18371500           18356 1c001756 f14027f3 csrrs            x15, x0, 0xf14      x15=00000025
            18372500           18357 1c00175a f8068693 addi             x13, x13, -128      x13=00001f80 x13:00002000
            18373500           18358 1c00175e 00379713 slli             x14, x15, 0x3       x14=00000128 x15:00000025
            18374500           18359 1c001762 00279793 slli             x15, x15, 0x2       x15=00000094 x15:00000025
            18375500           18360 1c001764 ee873733 p.bclr           x14, x14, 23, 8     x14=00000028 x14:00000128
            18376500           18361 1c001768 00d7f7b3 and              x15, x15, x13       x15=00000080 x15:00000094 x13:00001f80
            18377500           18362 1c00176a 00e787b3 add              x15, x15, x14       x15=000000a8 x15:00000080 x14:00000028
            18378500           18363 1c00176c 1a104737 lui              x14, 0x1a104000     x14=1a104000
            18379500           18364 1c001770 00a767a3 p.sw             x10, x0(x14)        x10:0000002c x14:1a104000  PA:1a1040a8
            18383500           18368 1c001774 00008067 jalr             x0, x1, 0            x1:1c001bca
            18384500           18369 1c001bca 16a0006f jal              x0, 362            
            18386500           18371 1c001d34 00900633 add              x12, x0, x9         x12=1c002340  x9:1c002340
            18387500           18372 1c001d36 e69ff06f jal              x0, -408           
            18390500           18375 1c001b9e 00064583 lbu              x11, 0(x12)         x11=00000020 x12:1c002340  PA:1c002340
            18404500           18389 1c001ba2 00160493 addi             x9, x12, 1           x9=1c002341 x12:1c002340
            18405500           18390 1c001ba6 00059e63 bne              x11, x0, 28         x11:00000020
            18408500           18393 1c001bc2 01458563 beq              x11, x20, 10        x11:00000020 x20:00000025
            18409500           18394 1c001bc6 01200533 add              x10, x0, x18        x10=00000000 x18:00000000
            18410500           18395 1c001bc8 000980e7 jalr             x1, x19, 0           x1=1c001bca x19:1c001776
            18412500           18397 1c001776 00b00533 add              x10, x0, x11        x10=00000020 x11:00000020
            18413500           18398 1c001778 fddff06f jal              x0, -36            
            18415500           18400 1c001754 000026b7 lui              x13, 0x2000         x13=00002000
            18416500           18401 1c001756 f14027f3 csrrs            x15, x0, 0xf14      x15=00000025
            18417500           18402 1c00175a f8068693 addi             x13, x13, -128      x13=00001f80 x13:00002000
            18418500           18403 1c00175e 00379713 slli             x14, x15, 0x3       x14=00000128 x15:00000025
            18419500           18404 1c001762 00279793 slli             x15, x15, 0x2       x15=00000094 x15:00000025
            18420500           18405 1c001764 ee873733 p.bclr           x14, x14, 23, 8     x14=00000028 x14:00000128
            18421500           18406 1c001768 00d7f7b3 and              x15, x15, x13       x15=00000080 x15:00000094 x13:00001f80
            18422500           18407 1c00176a 00e787b3 add              x15, x15, x14       x15=000000a8 x15:00000080 x14:00000028
            18423500           18408 1c00176c 1a104737 lui              x14, 0x1a104000     x14=1a104000
            18424500           18409 1c001770 00a767a3 p.sw             x10, x0(x14)        x10:00000020 x14:1a104000  PA:1a1040a8
            18428500           18413 1c001774 00008067 jalr             x0, x1, 0            x1:1c001bca
            18429500           18414 1c001bca 16a0006f jal              x0, 362            
            18431500           18416 1c001d34 00900633 add              x12, x0, x9         x12=1c002341  x9:1c002341
            18432500           18417 1c001d36 e69ff06f jal              x0, -408           
            18435500           18420 1c001b9e 00064583 lbu              x11, 0(x12)         x11=00000049 x12:1c002341  PA:1c002341
            18449500           18434 1c001ba2 00160493 addi             x9, x12, 1           x9=1c002342 x12:1c002341
            18450500           18435 1c001ba6 00059e63 bne              x11, x0, 28         x11:00000049
            18453500           18438 1c001bc2 01458563 beq              x11, x20, 10        x11:00000049 x20:00000025
            18454500           18439 1c001bc6 01200533 add              x10, x0, x18        x10=00000000 x18:00000000
            18455500           18440 1c001bc8 000980e7 jalr             x1, x19, 0           x1=1c001bca x19:1c001776
            18457500           18442 1c001776 00b00533 add              x10, x0, x11        x10=00000049 x11:00000049
            18458500           18443 1c001778 fddff06f jal              x0, -36            
            18460500           18445 1c001754 000026b7 lui              x13, 0x2000         x13=00002000
            18461500           18446 1c001756 f14027f3 csrrs            x15, x0, 0xf14      x15=00000025
            18462500           18447 1c00175a f8068693 addi             x13, x13, -128      x13=00001f80 x13:00002000
            18463500           18448 1c00175e 00379713 slli             x14, x15, 0x3       x14=00000128 x15:00000025
            18464500           18449 1c001762 00279793 slli             x15, x15, 0x2       x15=00000094 x15:00000025
            18465500           18450 1c001764 ee873733 p.bclr           x14, x14, 23, 8     x14=00000028 x14:00000128
            18466500           18451 1c001768 00d7f7b3 and              x15, x15, x13       x15=00000080 x15:00000094 x13:00001f80
            18467500           18452 1c00176a 00e787b3 add              x15, x15, x14       x15=000000a8 x15:00000080 x14:00000028
            18468500           18453 1c00176c 1a104737 lui              x14, 0x1a104000     x14=1a104000
            18469500           18454 1c001770 00a767a3 p.sw             x10, x0(x14)        x10:00000049 x14:1a104000  PA:1a1040a8
            18473500           18458 1c001774 00008067 jalr             x0, x1, 0            x1:1c001bca
            18474500           18459 1c001bca 16a0006f jal              x0, 362            
            18476500           18461 1c001d34 00900633 add              x12, x0, x9         x12=1c002342  x9:1c002342
            18477500           18462 1c001d36 e69ff06f jal              x0, -408           
            18480500           18465 1c001b9e 00064583 lbu              x11, 0(x12)         x11=00000027 x12:1c002342  PA:1c002342
            18494500           18479 1c001ba2 00160493 addi             x9, x12, 1           x9=1c002343 x12:1c002342
            18495500           18480 1c001ba6 00059e63 bne              x11, x0, 28         x11:00000027
            18498500           18483 1c001bc2 01458563 beq              x11, x20, 10        x11:00000027 x20:00000025
            18499500           18484 1c001bc6 01200533 add              x10, x0, x18        x10=00000000 x18:00000000
            18500500           18485 1c001bc8 000980e7 jalr             x1, x19, 0           x1=1c001bca x19:1c001776
            18502500           18487 1c001776 00b00533 add              x10, x0, x11        x10=00000027 x11:00000027
            18503500           18488 1c001778 fddff06f jal              x0, -36            
            18505500           18490 1c001754 000026b7 lui              x13, 0x2000         x13=00002000
            18506500           18491 1c001756 f14027f3 csrrs            x15, x0, 0xf14      x15=00000025
            18507500           18492 1c00175a f8068693 addi             x13, x13, -128      x13=00001f80 x13:00002000
            18508500           18493 1c00175e 00379713 slli             x14, x15, 0x3       x14=00000128 x15:00000025
            18509500           18494 1c001762 00279793 slli             x15, x15, 0x2       x15=00000094 x15:00000025
            18510500           18495 1c001764 ee873733 p.bclr           x14, x14, 23, 8     x14=00000028 x14:00000128
            18511500           18496 1c001768 00d7f7b3 and              x15, x15, x13       x15=00000080 x15:00000094 x13:00001f80
            18512500           18497 1c00176a 00e787b3 add              x15, x15, x14       x15=000000a8 x15:00000080 x14:00000028
            18513500           18498 1c00176c 1a104737 lui              x14, 0x1a104000     x14=1a104000
            18514500           18499 1c001770 00a767a3 p.sw             x10, x0(x14)        x10:00000027 x14:1a104000  PA:1a1040a8
            18518500           18503 1c001774 00008067 jalr             x0, x1, 0            x1:1c001bca
            18519500           18504 1c001bca 16a0006f jal              x0, 362            
            18521500           18506 1c001d34 00900633 add              x12, x0, x9         x12=1c002343  x9:1c002343
            18522500           18507 1c001d36 e69ff06f jal              x0, -408           
            18525500           18510 1c001b9e 00064583 lbu              x11, 0(x12)         x11=0000006d x12:1c002343  PA:1c002343
            18539500           18524 1c001ba2 00160493 addi             x9, x12, 1           x9=1c002344 x12:1c002343
            18540500           18525 1c001ba6 00059e63 bne              x11, x0, 28         x11:0000006d
            18543500           18528 1c001bc2 01458563 beq              x11, x20, 10        x11:0000006d x20:00000025
            18544500           18529 1c001bc6 01200533 add              x10, x0, x18        x10=00000000 x18:00000000
            18545500           18530 1c001bc8 000980e7 jalr             x1, x19, 0           x1=1c001bca x19:1c001776
            18547500           18532 1c001776 00b00533 add              x10, x0, x11        x10=0000006d x11:0000006d
            18548500           18533 1c001778 fddff06f jal              x0, -36            
            18550500           18535 1c001754 000026b7 lui              x13, 0x2000         x13=00002000
            18551500           18536 1c001756 f14027f3 csrrs            x15, x0, 0xf14      x15=00000025
            18552500           18537 1c00175a f8068693 addi             x13, x13, -128      x13=00001f80 x13:00002000
            18553500           18538 1c00175e 00379713 slli             x14, x15, 0x3       x14=00000128 x15:00000025
            18554500           18539 1c001762 00279793 slli             x15, x15, 0x2       x15=00000094 x15:00000025
            18555500           18540 1c001764 ee873733 p.bclr           x14, x14, 23, 8     x14=00000028 x14:00000128
            18556500           18541 1c001768 00d7f7b3 and              x15, x15, x13       x15=00000080 x15:00000094 x13:00001f80
            18557500           18542 1c00176a 00e787b3 add              x15, x15, x14       x15=000000a8 x15:00000080 x14:00000028
            18558500           18543 1c00176c 1a104737 lui              x14, 0x1a104000     x14=1a104000
            18559500           18544 1c001770 00a767a3 p.sw             x10, x0(x14)        x10:0000006d x14:1a104000  PA:1a1040a8
            18563500           18548 1c001774 00008067 jalr             x0, x1, 0            x1:1c001bca
            18564500           18549 1c001bca 16a0006f jal              x0, 362            
            18566500           18551 1c001d34 00900633 add              x12, x0, x9         x12=1c002344  x9:1c002344
            18567500           18552 1c001d36 e69ff06f jal              x0, -408           
            18570500           18555 1c001b9e 00064583 lbu              x11, 0(x12)         x11=00000020 x12:1c002344  PA:1c002344
            18584500           18569 1c001ba2 00160493 addi             x9, x12, 1           x9=1c002345 x12:1c002344
            18585500           18570 1c001ba6 00059e63 bne              x11, x0, 28         x11:00000020
            18588500           18573 1c001bc2 01458563 beq              x11, x20, 10        x11:00000020 x20:00000025
            18589500           18574 1c001bc6 01200533 add              x10, x0, x18        x10=00000000 x18:00000000
            18590500           18575 1c001bc8 000980e7 jalr             x1, x19, 0           x1=1c001bca x19:1c001776
            18592500           18577 1c001776 00b00533 add              x10, x0, x11        x10=00000020 x11:00000020
            18593500           18578 1c001778 fddff06f jal              x0, -36            
            18595500           18580 1c001754 000026b7 lui              x13, 0x2000         x13=00002000
            18596500           18581 1c001756 f14027f3 csrrs            x15, x0, 0xf14      x15=00000025
            18597500           18582 1c00175a f8068693 addi             x13, x13, -128      x13=00001f80 x13:00002000
            18598500           18583 1c00175e 00379713 slli             x14, x15, 0x3       x14=00000128 x15:00000025
            18599500           18584 1c001762 00279793 slli             x15, x15, 0x2       x15=00000094 x15:00000025
            18600500           18585 1c001764 ee873733 p.bclr           x14, x14, 23, 8     x14=00000028 x14:00000128
            18601500           18586 1c001768 00d7f7b3 and              x15, x15, x13       x15=00000080 x15:00000094 x13:00001f80
            18602500           18587 1c00176a 00e787b3 add              x15, x15, x14       x15=000000a8 x15:00000080 x14:00000028
            18603500           18588 1c00176c 1a104737 lui              x14, 0x1a104000     x14=1a104000
            18604500           18589 1c001770 00a767a3 p.sw             x10, x0(x14)        x10:00000020 x14:1a104000  PA:1a1040a8
            18608500           18593 1c001774 00008067 jalr             x0, x1, 0            x1:1c001bca
            18609500           18594 1c001bca 16a0006f jal              x0, 362            
            18611500           18596 1c001d34 00900633 add              x12, x0, x9         x12=1c002345  x9:1c002345
            18612500           18597 1c001d36 e69ff06f jal              x0, -408           
            18615500           18600 1c001b9e 00064583 lbu              x11, 0(x12)         x11=00000063 x12:1c002345  PA:1c002345
            18629500           18614 1c001ba2 00160493 addi             x9, x12, 1           x9=1c002346 x12:1c002345
            18630500           18615 1c001ba6 00059e63 bne              x11, x0, 28         x11:00000063
            18633500           18618 1c001bc2 01458563 beq              x11, x20, 10        x11:00000063 x20:00000025
            18634500           18619 1c001bc6 01200533 add              x10, x0, x18        x10=00000000 x18:00000000
            18635500           18620 1c001bc8 000980e7 jalr             x1, x19, 0           x1=1c001bca x19:1c001776
            18637500           18622 1c001776 00b00533 add              x10, x0, x11        x10=00000063 x11:00000063
            18638500           18623 1c001778 fddff06f jal              x0, -36            
            18640500           18625 1c001754 000026b7 lui              x13, 0x2000         x13=00002000
            18641500           18626 1c001756 f14027f3 csrrs            x15, x0, 0xf14      x15=00000025
            18642500           18627 1c00175a f8068693 addi             x13, x13, -128      x13=00001f80 x13:00002000
            18643500           18628 1c00175e 00379713 slli             x14, x15, 0x3       x14=00000128 x15:00000025
            18644500           18629 1c001762 00279793 slli             x15, x15, 0x2       x15=00000094 x15:00000025
            18645500           18630 1c001764 ee873733 p.bclr           x14, x14, 23, 8     x14=00000028 x14:00000128
            18646500           18631 1c001768 00d7f7b3 and              x15, x15, x13       x15=00000080 x15:00000094 x13:00001f80
            18647500           18632 1c00176a 00e787b3 add              x15, x15, x14       x15=000000a8 x15:00000080 x14:00000028
            18648500           18633 1c00176c 1a104737 lui              x14, 0x1a104000     x14=1a104000
            18649500           18634 1c001770 00a767a3 p.sw             x10, x0(x14)        x10:00000063 x14:1a104000  PA:1a1040a8
            18653500           18638 1c001774 00008067 jalr             x0, x1, 0            x1:1c001bca
            18654500           18639 1c001bca 16a0006f jal              x0, 362            
            18656500           18641 1c001d34 00900633 add              x12, x0, x9         x12=1c002346  x9:1c002346
            18657500           18642 1c001d36 e69ff06f jal              x0, -408           
            18660500           18645 1c001b9e 00064583 lbu              x11, 0(x12)         x11=0000006f x12:1c002346  PA:1c002346
            18680500           18665 1c001ba2 00160493 addi             x9, x12, 1           x9=1c002347 x12:1c002346
            18681500           18666 1c001ba6 00059e63 bne              x11, x0, 28         x11:0000006f
            18684500           18669 1c001bc2 01458563 beq              x11, x20, 10        x11:0000006f x20:00000025
            18685500           18670 1c001bc6 01200533 add              x10, x0, x18        x10=00000000 x18:00000000
            18686500           18671 1c001bc8 000980e7 jalr             x1, x19, 0           x1=1c001bca x19:1c001776
            18688500           18673 1c001776 00b00533 add              x10, x0, x11        x10=0000006f x11:0000006f
            18689500           18674 1c001778 fddff06f jal              x0, -36            
            18691500           18676 1c001754 000026b7 lui              x13, 0x2000         x13=00002000
            18692500           18677 1c001756 f14027f3 csrrs            x15, x0, 0xf14      x15=00000025
            18693500           18678 1c00175a f8068693 addi             x13, x13, -128      x13=00001f80 x13:00002000
            18694500           18679 1c00175e 00379713 slli             x14, x15, 0x3       x14=00000128 x15:00000025
            18695500           18680 1c001762 00279793 slli             x15, x15, 0x2       x15=00000094 x15:00000025
            18696500           18681 1c001764 ee873733 p.bclr           x14, x14, 23, 8     x14=00000028 x14:00000128
            18697500           18682 1c001768 00d7f7b3 and              x15, x15, x13       x15=00000080 x15:00000094 x13:00001f80
            18698500           18683 1c00176a 00e787b3 add              x15, x15, x14       x15=000000a8 x15:00000080 x14:00000028
            18699500           18684 1c00176c 1a104737 lui              x14, 0x1a104000     x14=1a104000
            18700500           18685 1c001770 00a767a3 p.sw             x10, x0(x14)        x10:0000006f x14:1a104000  PA:1a1040a8
            18704500           18689 1c001774 00008067 jalr             x0, x1, 0            x1:1c001bca
            18705500           18690 1c001bca 16a0006f jal              x0, 362            
            18707500           18692 1c001d34 00900633 add              x12, x0, x9         x12=1c002347  x9:1c002347
            18708500           18693 1c001d36 e69ff06f jal              x0, -408           
            18711500           18696 1c001b9e 00064583 lbu              x11, 0(x12)         x11=00000072 x12:1c002347  PA:1c002347
            18726500           18711 1c001ba2 00160493 addi             x9, x12, 1           x9=1c002348 x12:1c002347
            18727500           18712 1c001ba6 00059e63 bne              x11, x0, 28         x11:00000072
            18730500           18715 1c001bc2 01458563 beq              x11, x20, 10        x11:00000072 x20:00000025
            18731500           18716 1c001bc6 01200533 add              x10, x0, x18        x10=00000000 x18:00000000
            18732500           18717 1c001bc8 000980e7 jalr             x1, x19, 0           x1=1c001bca x19:1c001776
            18734500           18719 1c001776 00b00533 add              x10, x0, x11        x10=00000072 x11:00000072
            18735500           18720 1c001778 fddff06f jal              x0, -36            
            18737500           18722 1c001754 000026b7 lui              x13, 0x2000         x13=00002000
            18738500           18723 1c001756 f14027f3 csrrs            x15, x0, 0xf14      x15=00000025
            18739500           18724 1c00175a f8068693 addi             x13, x13, -128      x13=00001f80 x13:00002000
            18740500           18725 1c00175e 00379713 slli             x14, x15, 0x3       x14=00000128 x15:00000025
            18741500           18726 1c001762 00279793 slli             x15, x15, 0x2       x15=00000094 x15:00000025
            18742500           18727 1c001764 ee873733 p.bclr           x14, x14, 23, 8     x14=00000028 x14:00000128
            18743500           18728 1c001768 00d7f7b3 and              x15, x15, x13       x15=00000080 x15:00000094 x13:00001f80
            18744500           18729 1c00176a 00e787b3 add              x15, x15, x14       x15=000000a8 x15:00000080 x14:00000028
            18745500           18730 1c00176c 1a104737 lui              x14, 0x1a104000     x14=1a104000
            18746500           18731 1c001770 00a767a3 p.sw             x10, x0(x14)        x10:00000072 x14:1a104000  PA:1a1040a8
            18750500           18735 1c001774 00008067 jalr             x0, x1, 0            x1:1c001bca
            18751500           18736 1c001bca 16a0006f jal              x0, 362            
            18753500           18738 1c001d34 00900633 add              x12, x0, x9         x12=1c002348  x9:1c002348
            18754500           18739 1c001d36 e69ff06f jal              x0, -408           
            18757500           18742 1c001b9e 00064583 lbu              x11, 0(x12)         x11=00000065 x12:1c002348  PA:1c002348
            18775500           18760 1c001ba2 00160493 addi             x9, x12, 1           x9=1c002349 x12:1c002348
            18776500           18761 1c001ba6 00059e63 bne              x11, x0, 28         x11:00000065
            18779500           18764 1c001bc2 01458563 beq              x11, x20, 10        x11:00000065 x20:00000025
            18780500           18765 1c001bc6 01200533 add              x10, x0, x18        x10=00000000 x18:00000000
            18781500           18766 1c001bc8 000980e7 jalr             x1, x19, 0           x1=1c001bca x19:1c001776
            18783500           18768 1c001776 00b00533 add              x10, x0, x11        x10=00000065 x11:00000065
            18784500           18769 1c001778 fddff06f jal              x0, -36            
            18786500           18771 1c001754 000026b7 lui              x13, 0x2000         x13=00002000
            18787500           18772 1c001756 f14027f3 csrrs            x15, x0, 0xf14      x15=00000025
            18788500           18773 1c00175a f8068693 addi             x13, x13, -128      x13=00001f80 x13:00002000
            18789500           18774 1c00175e 00379713 slli             x14, x15, 0x3       x14=00000128 x15:00000025
            18790500           18775 1c001762 00279793 slli             x15, x15, 0x2       x15=00000094 x15:00000025
            18791500           18776 1c001764 ee873733 p.bclr           x14, x14, 23, 8     x14=00000028 x14:00000128
            18792500           18777 1c001768 00d7f7b3 and              x15, x15, x13       x15=00000080 x15:00000094 x13:00001f80
            18793500           18778 1c00176a 00e787b3 add              x15, x15, x14       x15=000000a8 x15:00000080 x14:00000028
            18794500           18779 1c00176c 1a104737 lui              x14, 0x1a104000     x14=1a104000
            18795500           18780 1c001770 00a767a3 p.sw             x10, x0(x14)        x10:00000065 x14:1a104000  PA:1a1040a8
            18799500           18784 1c001774 00008067 jalr             x0, x1, 0            x1:1c001bca
            18800500           18785 1c001bca 16a0006f jal              x0, 362            
            18802500           18787 1c001d34 00900633 add              x12, x0, x9         x12=1c002349  x9:1c002349
            18803500           18788 1c001d36 e69ff06f jal              x0, -408           
            18806500           18791 1c001b9e 00064583 lbu              x11, 0(x12)         x11=00000020 x12:1c002349  PA:1c002349
            18820500           18805 1c001ba2 00160493 addi             x9, x12, 1           x9=1c00234a x12:1c002349
            18821500           18806 1c001ba6 00059e63 bne              x11, x0, 28         x11:00000020
            18824500           18809 1c001bc2 01458563 beq              x11, x20, 10        x11:00000020 x20:00000025
            18825500           18810 1c001bc6 01200533 add              x10, x0, x18        x10=00000000 x18:00000000
            18826500           18811 1c001bc8 000980e7 jalr             x1, x19, 0           x1=1c001bca x19:1c001776
            18828500           18813 1c001776 00b00533 add              x10, x0, x11        x10=00000020 x11:00000020
            18829500           18814 1c001778 fddff06f jal              x0, -36            
            18831500           18816 1c001754 000026b7 lui              x13, 0x2000         x13=00002000
            18832500           18817 1c001756 f14027f3 csrrs            x15, x0, 0xf14      x15=00000025
            18833500           18818 1c00175a f8068693 addi             x13, x13, -128      x13=00001f80 x13:00002000
            18834500           18819 1c00175e 00379713 slli             x14, x15, 0x3       x14=00000128 x15:00000025
            18835500           18820 1c001762 00279793 slli             x15, x15, 0x2       x15=00000094 x15:00000025
            18836500           18821 1c001764 ee873733 p.bclr           x14, x14, 23, 8     x14=00000028 x14:00000128
            18837500           18822 1c001768 00d7f7b3 and              x15, x15, x13       x15=00000080 x15:00000094 x13:00001f80
            18838500           18823 1c00176a 00e787b3 add              x15, x15, x14       x15=000000a8 x15:00000080 x14:00000028
            18839500           18824 1c00176c 1a104737 lui              x14, 0x1a104000     x14=1a104000
            18840500           18825 1c001770 00a767a3 p.sw             x10, x0(x14)        x10:00000020 x14:1a104000  PA:1a1040a8
            18844500           18829 1c001774 00008067 jalr             x0, x1, 0            x1:1c001bca
            18845500           18830 1c001bca 16a0006f jal              x0, 362            
            18847500           18832 1c001d34 00900633 add              x12, x0, x9         x12=1c00234a  x9:1c00234a
            18848500           18833 1c001d36 e69ff06f jal              x0, -408           
            18851500           18836 1c001b9e 00064583 lbu              x11, 0(x12)         x11=00000028 x12:1c00234a  PA:1c00234a
            18868500           18853 1c001ba2 00160493 addi             x9, x12, 1           x9=1c00234b x12:1c00234a
            18869500           18854 1c001ba6 00059e63 bne              x11, x0, 28         x11:00000028
            18872500           18857 1c001bc2 01458563 beq              x11, x20, 10        x11:00000028 x20:00000025
            18873500           18858 1c001bc6 01200533 add              x10, x0, x18        x10=00000000 x18:00000000
            18874500           18859 1c001bc8 000980e7 jalr             x1, x19, 0           x1=1c001bca x19:1c001776
            18876500           18861 1c001776 00b00533 add              x10, x0, x11        x10=00000028 x11:00000028
            18877500           18862 1c001778 fddff06f jal              x0, -36            
            18879500           18864 1c001754 000026b7 lui              x13, 0x2000         x13=00002000
            18880500           18865 1c001756 f14027f3 csrrs            x15, x0, 0xf14      x15=00000025
            18881500           18866 1c00175a f8068693 addi             x13, x13, -128      x13=00001f80 x13:00002000
            18882500           18867 1c00175e 00379713 slli             x14, x15, 0x3       x14=00000128 x15:00000025
            18883500           18868 1c001762 00279793 slli             x15, x15, 0x2       x15=00000094 x15:00000025
            18884500           18869 1c001764 ee873733 p.bclr           x14, x14, 23, 8     x14=00000028 x14:00000128
            18885500           18870 1c001768 00d7f7b3 and              x15, x15, x13       x15=00000080 x15:00000094 x13:00001f80
            18886500           18871 1c00176a 00e787b3 add              x15, x15, x14       x15=000000a8 x15:00000080 x14:00000028
            18887500           18872 1c00176c 1a104737 lui              x14, 0x1a104000     x14=1a104000
            18888500           18873 1c001770 00a767a3 p.sw             x10, x0(x14)        x10:00000028 x14:1a104000  PA:1a1040a8
            18892500           18877 1c001774 00008067 jalr             x0, x1, 0            x1:1c001bca
            18893500           18878 1c001bca 16a0006f jal              x0, 362            
            18895500           18880 1c001d34 00900633 add              x12, x0, x9         x12=1c00234b  x9:1c00234b
            18896500           18881 1c001d36 e69ff06f jal              x0, -408           
            18899500           18884 1c001b9e 00064583 lbu              x11, 0(x12)         x11=00000025 x12:1c00234b  PA:1c00234b
            18916500           18901 1c001ba2 00160493 addi             x9, x12, 1           x9=1c00234c x12:1c00234b
            18917500           18902 1c001ba6 00059e63 bne              x11, x0, 28         x11:00000025
            18920500           18905 1c001bc2 01458563 beq              x11, x20, 10        x11:00000025 x20:00000025
            18923500           18908 1c001bcc 00414783 lbu              x15, 4(x2)          x15=000000xx  x2:104ff760  PA:104ff764
            18929500           18914 1c001bd0 00012423 sw               x0, 8(x2)            x2:104ff760  PA:104ff768
            18933500           18918 1c001bd2 00010623 sb               x0, 12(x2)           x2:104ff760  PA:104ff76c
            18934500           18919 1c001bd6 c00027b3 p.insert         x15, x0, 0, 0       x15=000000xX x15:000000xx
            18935500           18920 1c001bda c01027b3 p.insert         x15, x0, 0, 1       x15=000000xX x15:000000xX
            18952500           18937 1c001bde c03027b3 p.insert         x15, x0, 0, 3       x15=000000xX x15:000000xX
            18953500           18938 1c001be2 00f10223 sb               x15, 4(x2)          x15:000000xX  x2:104ff760  PA:104ff764
            18960500           18945 1c001be6 00000713 addi             x14, x0, 0          x14=00000000
            18961500           18946 1c001be8 00000613 addi             x12, x0, 0          x12=00000000
            18962500           18947 1c001bea 00000693 addi             x13, x0, 0          x13=00000000
            18963500           18948 1c001bec 00000513 addi             x10, x0, 0          x10=00000000
            18964500           18949 1c001bee 00000593 addi             x11, x0, 0          x11=00000000
            18974500           18959 1c001bf0 03000813 addi             x16, x0, 48         x16=00000030
            18975500           18960 1c001bf4 02300893 addi             x17, x0, 35         x17=00000023
            18976500           18961 1c001bf8 0004c783 lbu              x15, 0(x9)          x15=00000069  x9:1c00234c  PA:1c00234c
            19001500           18986 1c001bfc 00148c13 addi             x24, x9, 1          x24=1c00234d  x9:1c00234c
            19002500           18987 1c001c00 04079163 bne              x15, x0, 66         x15:00000069
            19021500           19006 1c001c42 01778c63 beq              x15, x23, 24        x15:00000069 x23:0000002d
            19022500           19007 1c001c46 01078663 beq              x15, x16, 12        x15:00000069 x16:00000030
            19023500           19008 1c001c4a fb179ce3 bne              x15, x17, -72       x15:00000069 x17:00000023
            19043500           19028 1c001c02 00050763 beq              x10, x0, 14         x10:00000000
            19066500           19051 1c001c10 00060763 beq              x12, x0, 14         x12:00000000
            19069500           19054 1c001c1e 00070763 beq              x14, x0, 14         x14:00000000
            19088500           19073 1c001c2c fd078713 addi             x14, x15, -48       x14=00000039 x15:00000069
            19105500           19090 1c001c30 0ff77713 andi             x14, x14, 255       x14=00000039 x14:00000039
            19106500           19091 1c001c34 00900693 addi             x13, x0, 9          x13=00000009
            19107500           19092 1c001c36 04e6eb63 bltu             x13, x14, 86        x13:00000009 x14:00000039
            19128500           19113 1c001c8c 02e00713 addi             x14, x0, 46         x14=0000002e
            19145500           19130 1c001c90 02e79163 bne              x15, x14, 34        x15:00000069 x14:0000002e
            19165500           19150 1c001cb2 07a00713 addi             x14, x0, 122        x14=0000007a
            19166500           19151 1c001cb6 04e79263 bne              x15, x14, 68        x15:00000069 x14:0000007a
            19214500           19199 1c001cfa 06c00713 addi             x14, x0, 108        x14=0000006c
            19242500           19227 1c001cfe 20e79463 bne              x15, x14, 520       x15:00000069 x14:0000006c
            19261500           19246 1c001f06 06900713 addi             x14, x0, 105        x14=00000069
            19262500           19247 1c001f0a 02e78a63 beq              x15, x14, 52        x15:00000069 x14:00000069
            19304500           19289 1c001f3e 018004b3 add              x9, x0, x24          x9=1c00234d x24:1c00234d
            19322500           19307 1c001f40 00000793 addi             x15, x0, 0          x15=00000000
            19323500           19308 1c001f42 e09ff06f jal              x0, -504           
            19345500           19330 1c001d4a 00a00713 addi             x14, x0, 10         x14=0000000a
            19346500           19331 1c001d4c 00e12823 sw               x14, 16(x2)         x14:0000000a  x2:104ff760  PA:104ff770
            19367500           19352 1c001d4e 0e27b363 p.bneimm         x15, 230            x15:00000000
            19397500           19382 1c001e34 00440c13 addi             x24, x8, 4          x24=104ff7e8  x8:104ff7e4
            19398500           19383 1c001e38 00042503 lw               x10, 0(x8)          x10=00000001  x8:104ff7e4  PA:104ff7e4
            19404500           19389 1c001e3a 0017bd63 p.bneimm         x15, 26             x15:00000000
            19453500           19438 1c001e54 00055863 bge              x10, x0, 16         x10:00000001
            19477500           19462 1c001e64 00410593 addi             x11, x2, 4          x11=104ff764  x2:104ff760
            19478500           19463 1c001e66 b99ff0ef jal              x1, -1128            x1=1c001e68
            19507500           19492 1c0019fe 0105a683 lw               x13, 16(x11)        x13=104ff778 x11:104ff764  PA:104ff774
            19527500           19512 1c001a00 00c5a703 lw               x14, 12(x11)        x14=0000000a x11:104ff764  PA:104ff770
            19532500           19517 1c001a02 00100793 addi             x15, x0, 1          x15=00000001
            19533500           19518 1c001a04 02f55633 divu             x12, x10, x15       x12=00000001 x10:00000001 x15:00000001
            19567500           19552 1c001a08 00e67863 bgeu             x12, x14, 16        x12:00000001 x14:0000000a
            19568500           19553 1c001a0c 00000613 addi             x12, x0, 0          x12=00000000
            19569500           19554 1c001a0e 00900313 addi             x6, x0, 9            x6=00000009
            19570500           19555 1c001a10 00079763 bne              x15, x0, 14         x15:00000001
            19573500           19558 1c001a1e 00c5a703 lw               x14, 12(x11)        x14=0000000a x11:104ff764  PA:104ff770
            19594500           19579 1c001a20 02f55833 divu             x16, x10, x15       x16=00000001 x10:00000001 x15:00000001
            19628500           19613 1c001a24 02f57533 remu             x10, x10, x15       x10=00000000 x10:00000001 x15:00000001
            19662500           19647 1c001a28 02e7d7b3 divu             x15, x15, x14       x15=00000000 x15:00000001 x14:0000000a
            19693500           19678 1c001a2c 00061763 bne              x12, x0, 14         x12:00000000
            19694500           19679 1c001a2e 01004663 blt              x0, x16, 12         x16:00000001
            19697500           19682 1c001a3a 03000713 addi             x14, x0, 48         x14=00000030
            19719500           19704 1c001a3e 01035c63 bge              x6, x16, 24          x6:00000009 x16:00000001
            19740500           19725 1c001a56 01070733 add              x14, x14, x16       x14=00000031 x14:00000030 x16:00000001
            19741500           19726 1c001a58 00e68023 sb               x14, 0(x13)         x14:00000031 x13:104ff778  PA:104ff778
            19746500           19731 1c001a5c 00160613 addi             x12, x12, 1         x12=00000001 x12:00000000
            19747500           19732 1c001a5e 00168693 addi             x13, x13, 1         x13=104ff779 x13:104ff778
            19760500           19745 1c001a60 fb1ff06f jal              x0, -80            
            19762500           19747 1c001a10 00079763 bne              x15, x0, 14         x15:00000000
            19763500           19748 1c001a12 00068023 sb               x0, 0(x13)          x13:104ff779  PA:104ff779
            19767500           19752 1c001a16 00008067 jalr             x0, x1, 0            x1:1c001e68
            19768500           19753 1c001e68 f17ff06f jal              x0, -234           
            19786500           19771 1c001d7e 00410613 addi             x12, x2, 4          x12=104ff764  x2:104ff760
            19806500           19791 1c001d80 013005b3 add              x11, x0, x19        x11=1c001776 x19:1c001776
            19807500           19792 1c001d82 01200533 add              x10, x0, x18        x10=00000000 x18:00000000
            19808500           19793 1c001d84 cdfff0ef jal              x1, -802             x1=1c001d86
            19810500           19795 1c001a62 fe010113 addi             x2, x2, -32          x2=104ff740  x2:104ff760
            19811500           19796 1c001a64 00812c23 sw               x8, 24(x2)           x8:104ff7e4  x2:104ff740  PA:104ff758
            19818500           19803 1c001a66 01062783 lw               x15, 16(x12)        x15=104ff778 x12:104ff764  PA:104ff774
            19819500           19804 1c001a68 00462403 lw               x8, 4(x12)           x8=00000000 x12:104ff764  PA:104ff768
            19820500           19805 1c001a6a 00912a23 sw               x9, 20(x2)           x9:1c00234d  x2:104ff740  PA:104ff754
            19821500           19806 1c001a6c 01212823 sw               x18, 16(x2)         x18:00000000  x2:104ff740  PA:104ff750
            19822500           19807 1c001a6e 01312623 sw               x19, 12(x2)         x19:1c001776  x2:104ff740  PA:104ff74c
            19835500           19820 1c001a70 00112e23 sw               x1, 28(x2)           x1:1c001d86  x2:104ff740  PA:104ff75c
            19841500           19826 1c001a72 01412423 sw               x20, 8(x2)          x20:00000025  x2:104ff740  PA:104ff748
            19842500           19827 1c001a74 00a00933 add              x18, x0, x10        x18=00000000 x10:00000000
            19843500           19828 1c001a76 00b009b3 add              x19, x0, x11        x19=1c001776 x11:1c001776
            19844500           19829 1c001a78 00c004b3 add              x9, x0, x12          x9=104ff764 x12:104ff764
            19845500           19830 1c001a7a 0017c70b p.lbu            x14, 1(x15!)        x14=00000031 x15=104ff779 x15:104ff778  PA:104ff778
            19847500           19832 1c001a7e 00070363 beq              x14, x0, 6          x14:00000031
            19862500           19847 1c001a80 08804863 blt              x0, x8, 144          x8:00000000
            19863500           19848 1c001a84 0084c783 lbu              x15, 8(x9)          x15=00000000  x9:104ff764  PA:104ff76c
            19867500           19852 1c001a88 00078263 beq              x15, x0, 4          x15:00000000
            19870500           19855 1c001a8c 0004c783 lbu              x15, 0(x9)          x15=000000xX  x9:104ff764  PA:104ff764
            19886500           19871 1c001a90 0027f713 andi             x14, x15, 2         x14=00000000 x15:000000xX
            19887500           19872 1c001a94 00070663 beq              x14, x0, 12         x14:00000000
            19906500           19891 1c001aa0 0097f793 andi             x15, x15, 9         x15=00000000 x15:000000xX
            19907500           19892 1c001aa2 00800a33 add              x20, x0, x8         x20=00000000  x8:00000000
            19908500           19893 1c001aa4 08078163 beq              x15, x0, 130        x15:00000000
            19928500           19913 1c001b26 ff404be3 blt              x0, x20, -10        x20:00000000
            19929500           19914 1c001b2a fff40793 addi             x15, x8, -1         x15=ffffffff  x8:00000000
            19951500           19936 1c001b2e 04046433 p.max            x8, x8, x0           x8=00000000  x8:00000000
            19952500           19937 1c001b32 40878433 sub              x8, x15, x8          x8=ffffffff x15:ffffffff  x8:00000000
            19953500           19938 1c001b36 f71ff06f jal              x0, -144           
            19955500           19940 1c001aa6 0084c583 lbu              x11, 8(x9)          x11=00000000  x9:104ff764  PA:104ff76c
            19960500           19945 1c001aaa 00058363 beq              x11, x0, 6          x11:00000000
            19977500           19962 1c001ab0 0004c783 lbu              x15, 0(x9)          x15=000000xX  x9:104ff764  PA:104ff764
            19982500           19967 1c001ab4 0027f793 andi             x15, x15, 2         x15=00000000 x15:000000xX
            19983500           19968 1c001ab6 02078363 beq              x15, x0, 38         x15:00000000
            20000500           19985 1c001adc 0004c783 lbu              x15, 0(x9)          x15=000000xX  x9:104ff764  PA:104ff764
            20018500           20003 1c001ae0 00800a33 add              x20, x0, x8         x20=ffffffff  x8:ffffffff
            20019500           20004 1c001ae2 fc17b7b3 p.bclr           x15, x15, 30, 1     x15=00000000 x15:000000xX
            20020500           20005 1c001ae6 06079363 bne              x15, x0, 102        x15:00000000
            20021500           20006 1c001ae8 0104aa03 lw               x20, 16(x9)         x20=104ff778  x9:104ff764  PA:104ff774
            20026500           20011 1c001aec 001a458b p.lbu            x11, 1(x20!)        x11=00000031 x20=104ff779 x20:104ff778  PA:104ff778
            20039500           20024 1c001af0 06059763 bne              x11, x0, 110        x11:00000031
            20059500           20044 1c001b5e 01200533 add              x10, x0, x18        x10=00000000 x18:00000000
            20077500           20062 1c001b60 000980e7 jalr             x1, x19, 0           x1=1c001b62 x19:1c001776
            20079500           20064 1c001776 00b00533 add              x10, x0, x11        x10=00000031 x11:00000031
            20080500           20065 1c001778 fddff06f jal              x0, -36            
            20082500           20067 1c001754 000026b7 lui              x13, 0x2000         x13=00002000
            20083500           20068 1c001756 f14027f3 csrrs            x15, x0, 0xf14      x15=00000025
            20084500           20069 1c00175a f8068693 addi             x13, x13, -128      x13=00001f80 x13:00002000
            20085500           20070 1c00175e 00379713 slli             x14, x15, 0x3       x14=00000128 x15:00000025
            20086500           20071 1c001762 00279793 slli             x15, x15, 0x2       x15=00000094 x15:00000025
            20087500           20072 1c001764 ee873733 p.bclr           x14, x14, 23, 8     x14=00000028 x14:00000128
            20088500           20073 1c001768 00d7f7b3 and              x15, x15, x13       x15=00000080 x15:00000094 x13:00001f80
            20089500           20074 1c00176a 00e787b3 add              x15, x15, x14       x15=000000a8 x15:00000080 x14:00000028
            20090500           20075 1c00176c 1a104737 lui              x14, 0x1a104000     x14=1a104000
            20091500           20076 1c001770 00a767a3 p.sw             x10, x0(x14)        x10:00000031 x14:1a104000  PA:1a1040a8
            20095500           20080 1c001774 00008067 jalr             x0, x1, 0            x1:1c001b62
            20096500           20081 1c001b62 f8bff06f jal              x0, -118           
            20098500           20083 1c001aec 001a458b p.lbu            x11, 1(x20!)        x11=00000000 x20=104ff77a x20:104ff779  PA:104ff779
            20103500           20088 1c001af0 06059763 bne              x11, x0, 110        x11:00000000
            20104500           20089 1c001af2 0004c783 lbu              x15, 0(x9)          x15=000000xX  x9:104ff764  PA:104ff764
            20106500           20091 1c001af6 0097f793 andi             x15, x15, 9         x15=00000000 x15:000000xX
            20107500           20092 1c001af8 0087b463 p.bneimm         x15, 8              x15:00000000
            20123500           20108 1c001b00 01c12083 lw               x1, 28(x2)           x1=1c001d86  x2:104ff740  PA:104ff75c
            20128500           20113 1c001b02 01812403 lw               x8, 24(x2)           x8=104ff7e4  x2:104ff740  PA:104ff758
            20129500           20114 1c001b04 01412483 lw               x9, 20(x2)           x9=1c00234d  x2:104ff740  PA:104ff754
            20130500           20115 1c001b06 01012903 lw               x18, 16(x2)         x18=00000000  x2:104ff740  PA:104ff750
            20131500           20116 1c001b08 00c12983 lw               x19, 12(x2)         x19=1c001776  x2:104ff740  PA:104ff74c
            20132500           20117 1c001b0a 00812a03 lw               x20, 8(x2)          x20=00000025  x2:104ff740  PA:104ff748
            20133500           20118 1c001b0c 02010113 addi             x2, x2, 32           x2=104ff760  x2:104ff740
            20134500           20119 1c001b0e 00008067 jalr             x0, x1, 0            x1:1c001d86
            20152500           20137 1c001d86 01800433 add              x8, x0, x24          x8=104ff7e8 x24:104ff7e8
            20153500           20138 1c001d88 fadff06f jal              x0, -84            
            20155500           20140 1c001d34 00900633 add              x12, x0, x9         x12=1c00234d  x9:1c00234d
            20156500           20141 1c001d36 e69ff06f jal              x0, -408           
            20159500           20144 1c001b9e 00064583 lbu              x11, 0(x12)         x11=0000002c x12:1c00234d  PA:1c00234d
            20184500           20169 1c001ba2 00160493 addi             x9, x12, 1           x9=1c00234e x12:1c00234d
            20185500           20170 1c001ba6 00059e63 bne              x11, x0, 28         x11:0000002c
            20188500           20173 1c001bc2 01458563 beq              x11, x20, 10        x11:0000002c x20:00000025
            20189500           20174 1c001bc6 01200533 add              x10, x0, x18        x10=00000000 x18:00000000
            20190500           20175 1c001bc8 000980e7 jalr             x1, x19, 0           x1=1c001bca x19:1c001776
            20192500           20177 1c001776 00b00533 add              x10, x0, x11        x10=0000002c x11:0000002c
            20193500           20178 1c001778 fddff06f jal              x0, -36            
            20195500           20180 1c001754 000026b7 lui              x13, 0x2000         x13=00002000
            20196500           20181 1c001756 f14027f3 csrrs            x15, x0, 0xf14      x15=00000025
            20197500           20182 1c00175a f8068693 addi             x13, x13, -128      x13=00001f80 x13:00002000
            20198500           20183 1c00175e 00379713 slli             x14, x15, 0x3       x14=00000128 x15:00000025
            20199500           20184 1c001762 00279793 slli             x15, x15, 0x2       x15=00000094 x15:00000025
            20200500           20185 1c001764 ee873733 p.bclr           x14, x14, 23, 8     x14=00000028 x14:00000128
            20201500           20186 1c001768 00d7f7b3 and              x15, x15, x13       x15=00000080 x15:00000094 x13:00001f80
            20202500           20187 1c00176a 00e787b3 add              x15, x15, x14       x15=000000a8 x15:00000080 x14:00000028
            20203500           20188 1c00176c 1a104737 lui              x14, 0x1a104000     x14=1a104000
            20204500           20189 1c001770 00a767a3 p.sw             x10, x0(x14)        x10:0000002c x14:1a104000  PA:1a1040a8
            20208500           20193 1c001774 00008067 jalr             x0, x1, 0            x1:1c001bca
            20209500           20194 1c001bca 16a0006f jal              x0, 362            
            20211500           20196 1c001d34 00900633 add              x12, x0, x9         x12=1c00234e  x9:1c00234e
            20212500           20197 1c001d36 e69ff06f jal              x0, -408           
            20215500           20200 1c001b9e 00064583 lbu              x11, 0(x12)         x11=00000020 x12:1c00234e  PA:1c00234e
            20232500           20217 1c001ba2 00160493 addi             x9, x12, 1           x9=1c00234f x12:1c00234e
            20233500           20218 1c001ba6 00059e63 bne              x11, x0, 28         x11:00000020
            20236500           20221 1c001bc2 01458563 beq              x11, x20, 10        x11:00000020 x20:00000025
            20237500           20222 1c001bc6 01200533 add              x10, x0, x18        x10=00000000 x18:00000000
            20238500           20223 1c001bc8 000980e7 jalr             x1, x19, 0           x1=1c001bca x19:1c001776
            20240500           20225 1c001776 00b00533 add              x10, x0, x11        x10=00000020 x11:00000020
            20241500           20226 1c001778 fddff06f jal              x0, -36            
            20243500           20228 1c001754 000026b7 lui              x13, 0x2000         x13=00002000
            20244500           20229 1c001756 f14027f3 csrrs            x15, x0, 0xf14      x15=00000025
            20245500           20230 1c00175a f8068693 addi             x13, x13, -128      x13=00001f80 x13:00002000
            20246500           20231 1c00175e 00379713 slli             x14, x15, 0x3       x14=00000128 x15:00000025
            20247500           20232 1c001762 00279793 slli             x15, x15, 0x2       x15=00000094 x15:00000025
            20248500           20233 1c001764 ee873733 p.bclr           x14, x14, 23, 8     x14=00000028 x14:00000128
            20249500           20234 1c001768 00d7f7b3 and              x15, x15, x13       x15=00000080 x15:00000094 x13:00001f80
            20250500           20235 1c00176a 00e787b3 add              x15, x15, x14       x15=000000a8 x15:00000080 x14:00000028
            20251500           20236 1c00176c 1a104737 lui              x14, 0x1a104000     x14=1a104000
            20252500           20237 1c001770 00a767a3 p.sw             x10, x0(x14)        x10:00000020 x14:1a104000  PA:1a1040a8
            20256500           20241 1c001774 00008067 jalr             x0, x1, 0            x1:1c001bca
            20257500           20242 1c001bca 16a0006f jal              x0, 362            
            20259500           20244 1c001d34 00900633 add              x12, x0, x9         x12=1c00234f  x9:1c00234f
            20260500           20245 1c001d36 e69ff06f jal              x0, -408           
            20263500           20248 1c001b9e 00064583 lbu              x11, 0(x12)         x11=00000025 x12:1c00234f  PA:1c00234f
            20281500           20266 1c001ba2 00160493 addi             x9, x12, 1           x9=1c002350 x12:1c00234f
            20282500           20267 1c001ba6 00059e63 bne              x11, x0, 28         x11:00000025
            20285500           20270 1c001bc2 01458563 beq              x11, x20, 10        x11:00000025 x20:00000025
            20288500           20273 1c001bcc 00414783 lbu              x15, 4(x2)          x15=000000xX  x2:104ff760  PA:104ff764
            20289500           20274 1c001bd0 00012423 sw               x0, 8(x2)            x2:104ff760  PA:104ff768
            20290500           20275 1c001bd2 00010623 sb               x0, 12(x2)           x2:104ff760  PA:104ff76c
            20291500           20276 1c001bd6 c00027b3 p.insert         x15, x0, 0, 0       x15=000000xX x15:000000xX
            20292500           20277 1c001bda c01027b3 p.insert         x15, x0, 0, 1       x15=000000xX x15:000000xX
            20293500           20278 1c001bde c03027b3 p.insert         x15, x0, 0, 3       x15=000000xX x15:000000xX
            20294500           20279 1c001be2 00f10223 sb               x15, 4(x2)          x15:000000xX  x2:104ff760  PA:104ff764
            20296500           20281 1c001be6 00000713 addi             x14, x0, 0          x14=00000000
            20297500           20282 1c001be8 00000613 addi             x12, x0, 0          x12=00000000
            20298500           20283 1c001bea 00000693 addi             x13, x0, 0          x13=00000000
            20299500           20284 1c001bec 00000513 addi             x10, x0, 0          x10=00000000
            20300500           20285 1c001bee 00000593 addi             x11, x0, 0          x11=00000000
            20301500           20286 1c001bf0 03000813 addi             x16, x0, 48         x16=00000030
            20302500           20287 1c001bf4 02300893 addi             x17, x0, 35         x17=00000023
            20303500           20288 1c001bf8 0004c783 lbu              x15, 0(x9)          x15=00000069  x9:1c002350  PA:1c002350
            20319500           20304 1c001bfc 00148c13 addi             x24, x9, 1          x24=1c002351  x9:1c002350
            20320500           20305 1c001c00 04079163 bne              x15, x0, 66         x15:00000069
            20323500           20308 1c001c42 01778c63 beq              x15, x23, 24        x15:00000069 x23:0000002d
            20324500           20309 1c001c46 01078663 beq              x15, x16, 12        x15:00000069 x16:00000030
            20325500           20310 1c001c4a fb179ce3 bne              x15, x17, -72       x15:00000069 x17:00000023
            20328500           20313 1c001c02 00050763 beq              x10, x0, 14         x10:00000000
            20331500           20316 1c001c10 00060763 beq              x12, x0, 14         x12:00000000
            20334500           20319 1c001c1e 00070763 beq              x14, x0, 14         x14:00000000
            20337500           20322 1c001c2c fd078713 addi             x14, x15, -48       x14=00000039 x15:00000069
            20338500           20323 1c001c30 0ff77713 andi             x14, x14, 255       x14=00000039 x14:00000039
            20339500           20324 1c001c34 00900693 addi             x13, x0, 9          x13=00000009
            20340500           20325 1c001c36 04e6eb63 bltu             x13, x14, 86        x13:00000009 x14:00000039
            20343500           20328 1c001c8c 02e00713 addi             x14, x0, 46         x14=0000002e
            20344500           20329 1c001c90 02e79163 bne              x15, x14, 34        x15:00000069 x14:0000002e
            20347500           20332 1c001cb2 07a00713 addi             x14, x0, 122        x14=0000007a
            20348500           20333 1c001cb6 04e79263 bne              x15, x14, 68        x15:00000069 x14:0000007a
            20351500           20336 1c001cfa 06c00713 addi             x14, x0, 108        x14=0000006c
            20353500           20338 1c001cfe 20e79463 bne              x15, x14, 520       x15:00000069 x14:0000006c
            20356500           20341 1c001f06 06900713 addi             x14, x0, 105        x14=00000069
            20357500           20342 1c001f0a 02e78a63 beq              x15, x14, 52        x15:00000069 x14:00000069
            20360500           20345 1c001f3e 018004b3 add              x9, x0, x24          x9=1c002351 x24:1c002351
            20361500           20346 1c001f40 00000793 addi             x15, x0, 0          x15=00000000
            20362500           20347 1c001f42 e09ff06f jal              x0, -504           
            20364500           20349 1c001d4a 00a00713 addi             x14, x0, 10         x14=0000000a
            20365500           20350 1c001d4c 00e12823 sw               x14, 16(x2)         x14:0000000a  x2:104ff760  PA:104ff770
            20366500           20351 1c001d4e 0e27b363 p.bneimm         x15, 230            x15:00000000
            20369500           20354 1c001e34 00440c13 addi             x24, x8, 4          x24=104ff7ec  x8:104ff7e8
            20370500           20355 1c001e38 00042503 lw               x10, 0(x8)          x10=00000005  x8:104ff7e8  PA:104ff7e8
            20371500           20356 1c001e3a 0017bd63 p.bneimm         x15, 26             x15:00000000
            20374500           20359 1c001e54 00055863 bge              x10, x0, 16         x10:00000005
            20377500           20362 1c001e64 00410593 addi             x11, x2, 4          x11=104ff764  x2:104ff760
            20378500           20363 1c001e66 b99ff0ef jal              x1, -1128            x1=1c001e68
            20380500           20365 1c0019fe 0105a683 lw               x13, 16(x11)        x13=104ff778 x11:104ff764  PA:104ff774
            20381500           20366 1c001a00 00c5a703 lw               x14, 12(x11)        x14=0000000a x11:104ff764  PA:104ff770
            20382500           20367 1c001a02 00100793 addi             x15, x0, 1          x15=00000001
            20383500           20368 1c001a04 02f55633 divu             x12, x10, x15       x12=00000005 x10:00000005 x15:00000001
            20417500           20402 1c001a08 00e67863 bgeu             x12, x14, 16        x12:00000005 x14:0000000a
            20418500           20403 1c001a0c 00000613 addi             x12, x0, 0          x12=00000000
            20419500           20404 1c001a0e 00900313 addi             x6, x0, 9            x6=00000009
            20420500           20405 1c001a10 00079763 bne              x15, x0, 14         x15:00000001
            20423500           20408 1c001a1e 00c5a703 lw               x14, 12(x11)        x14=0000000a x11:104ff764  PA:104ff770
            20424500           20409 1c001a20 02f55833 divu             x16, x10, x15       x16=00000005 x10:00000005 x15:00000001
            20458500           20443 1c001a24 02f57533 remu             x10, x10, x15       x10=00000000 x10:00000005 x15:00000001
            20492500           20477 1c001a28 02e7d7b3 divu             x15, x15, x14       x15=00000000 x15:00000001 x14:0000000a
            20523500           20508 1c001a2c 00061763 bne              x12, x0, 14         x12:00000000
            20524500           20509 1c001a2e 01004663 blt              x0, x16, 12         x16:00000005
            20527500           20512 1c001a3a 03000713 addi             x14, x0, 48         x14=00000030
            20529500           20514 1c001a3e 01035c63 bge              x6, x16, 24          x6:00000009 x16:00000005
            20532500           20517 1c001a56 01070733 add              x14, x14, x16       x14=00000035 x14:00000030 x16:00000005
            20533500           20518 1c001a58 00e68023 sb               x14, 0(x13)         x14:00000035 x13:104ff778  PA:104ff778
            20536500           20521 1c001a5c 00160613 addi             x12, x12, 1         x12=00000001 x12:00000000
            20537500           20522 1c001a5e 00168693 addi             x13, x13, 1         x13=104ff779 x13:104ff778
            20538500           20523 1c001a60 fb1ff06f jal              x0, -80            
            20540500           20525 1c001a10 00079763 bne              x15, x0, 14         x15:00000000
            20541500           20526 1c001a12 00068023 sb               x0, 0(x13)          x13:104ff779  PA:104ff779
            20542500           20527 1c001a16 00008067 jalr             x0, x1, 0            x1:1c001e68
            20544500           20529 1c001e68 f17ff06f jal              x0, -234           
            20546500           20531 1c001d7e 00410613 addi             x12, x2, 4          x12=104ff764  x2:104ff760
            20547500           20532 1c001d80 013005b3 add              x11, x0, x19        x11=1c001776 x19:1c001776
            20548500           20533 1c001d82 01200533 add              x10, x0, x18        x10=00000000 x18:00000000
            20549500           20534 1c001d84 cdfff0ef jal              x1, -802             x1=1c001d86
            20551500           20536 1c001a62 fe010113 addi             x2, x2, -32          x2=104ff740  x2:104ff760
            20552500           20537 1c001a64 00812c23 sw               x8, 24(x2)           x8:104ff7e8  x2:104ff740  PA:104ff758
            20553500           20538 1c001a66 01062783 lw               x15, 16(x12)        x15=104ff778 x12:104ff764  PA:104ff774
            20554500           20539 1c001a68 00462403 lw               x8, 4(x12)           x8=00000000 x12:104ff764  PA:104ff768
            20555500           20540 1c001a6a 00912a23 sw               x9, 20(x2)           x9:1c002351  x2:104ff740  PA:104ff754
            20556500           20541 1c001a6c 01212823 sw               x18, 16(x2)         x18:00000000  x2:104ff740  PA:104ff750
            20557500           20542 1c001a6e 01312623 sw               x19, 12(x2)         x19:1c001776  x2:104ff740  PA:104ff74c
            20558500           20543 1c001a70 00112e23 sw               x1, 28(x2)           x1:1c001d86  x2:104ff740  PA:104ff75c
            20559500           20544 1c001a72 01412423 sw               x20, 8(x2)          x20:00000025  x2:104ff740  PA:104ff748
            20560500           20545 1c001a74 00a00933 add              x18, x0, x10        x18=00000000 x10:00000000
            20561500           20546 1c001a76 00b009b3 add              x19, x0, x11        x19=1c001776 x11:1c001776
            20562500           20547 1c001a78 00c004b3 add              x9, x0, x12          x9=104ff764 x12:104ff764
            20563500           20548 1c001a7a 0017c70b p.lbu            x14, 1(x15!)        x14=00000035 x15=104ff779 x15:104ff778  PA:104ff778
            20565500           20550 1c001a7e 00070363 beq              x14, x0, 6          x14:00000035
            20566500           20551 1c001a80 08804863 blt              x0, x8, 144          x8:00000000
            20567500           20552 1c001a84 0084c783 lbu              x15, 8(x9)          x15=00000000  x9:104ff764  PA:104ff76c
            20569500           20554 1c001a88 00078263 beq              x15, x0, 4          x15:00000000
            20572500           20557 1c001a8c 0004c783 lbu              x15, 0(x9)          x15=000000xX  x9:104ff764  PA:104ff764
            20574500           20559 1c001a90 0027f713 andi             x14, x15, 2         x14=00000000 x15:000000xX
            20575500           20560 1c001a94 00070663 beq              x14, x0, 12         x14:00000000
            20578500           20563 1c001aa0 0097f793 andi             x15, x15, 9         x15=00000000 x15:000000xX
            20579500           20564 1c001aa2 00800a33 add              x20, x0, x8         x20=00000000  x8:00000000
            20580500           20565 1c001aa4 08078163 beq              x15, x0, 130        x15:00000000
            20583500           20568 1c001b26 ff404be3 blt              x0, x20, -10        x20:00000000
            20584500           20569 1c001b2a fff40793 addi             x15, x8, -1         x15=ffffffff  x8:00000000
            20585500           20570 1c001b2e 04046433 p.max            x8, x8, x0           x8=00000000  x8:00000000
            20586500           20571 1c001b32 40878433 sub              x8, x15, x8          x8=ffffffff x15:ffffffff  x8:00000000
            20587500           20572 1c001b36 f71ff06f jal              x0, -144           
            20589500           20574 1c001aa6 0084c583 lbu              x11, 8(x9)          x11=00000000  x9:104ff764  PA:104ff76c
            20591500           20576 1c001aaa 00058363 beq              x11, x0, 6          x11:00000000
            20594500           20579 1c001ab0 0004c783 lbu              x15, 0(x9)          x15=000000xX  x9:104ff764  PA:104ff764
            20596500           20581 1c001ab4 0027f793 andi             x15, x15, 2         x15=00000000 x15:000000xX
            20597500           20582 1c001ab6 02078363 beq              x15, x0, 38         x15:00000000
            20600500           20585 1c001adc 0004c783 lbu              x15, 0(x9)          x15=000000xX  x9:104ff764  PA:104ff764
            20601500           20586 1c001ae0 00800a33 add              x20, x0, x8         x20=ffffffff  x8:ffffffff
            20602500           20587 1c001ae2 fc17b7b3 p.bclr           x15, x15, 30, 1     x15=00000000 x15:000000xX
            20603500           20588 1c001ae6 06079363 bne              x15, x0, 102        x15:00000000
            20604500           20589 1c001ae8 0104aa03 lw               x20, 16(x9)         x20=104ff778  x9:104ff764  PA:104ff774
            20606500           20591 1c001aec 001a458b p.lbu            x11, 1(x20!)        x11=00000035 x20=104ff779 x20:104ff778  PA:104ff778
            20608500           20593 1c001af0 06059763 bne              x11, x0, 110        x11:00000035
            20611500           20596 1c001b5e 01200533 add              x10, x0, x18        x10=00000000 x18:00000000
            20612500           20597 1c001b60 000980e7 jalr             x1, x19, 0           x1=1c001b62 x19:1c001776
            20614500           20599 1c001776 00b00533 add              x10, x0, x11        x10=00000035 x11:00000035
            20615500           20600 1c001778 fddff06f jal              x0, -36            
            20617500           20602 1c001754 000026b7 lui              x13, 0x2000         x13=00002000
            20618500           20603 1c001756 f14027f3 csrrs            x15, x0, 0xf14      x15=00000025
            20619500           20604 1c00175a f8068693 addi             x13, x13, -128      x13=00001f80 x13:00002000
            20620500           20605 1c00175e 00379713 slli             x14, x15, 0x3       x14=00000128 x15:00000025
            20621500           20606 1c001762 00279793 slli             x15, x15, 0x2       x15=00000094 x15:00000025
            20622500           20607 1c001764 ee873733 p.bclr           x14, x14, 23, 8     x14=00000028 x14:00000128
            20623500           20608 1c001768 00d7f7b3 and              x15, x15, x13       x15=00000080 x15:00000094 x13:00001f80
            20624500           20609 1c00176a 00e787b3 add              x15, x15, x14       x15=000000a8 x15:00000080 x14:00000028
            20625500           20610 1c00176c 1a104737 lui              x14, 0x1a104000     x14=1a104000
            20626500           20611 1c001770 00a767a3 p.sw             x10, x0(x14)        x10:00000035 x14:1a104000  PA:1a1040a8
            20630500           20615 1c001774 00008067 jalr             x0, x1, 0            x1:1c001b62
            20631500           20616 1c001b62 f8bff06f jal              x0, -118           
            20633500           20618 1c001aec 001a458b p.lbu            x11, 1(x20!)        x11=00000000 x20=104ff77a x20:104ff779  PA:104ff779
            20635500           20620 1c001af0 06059763 bne              x11, x0, 110        x11:00000000
            20636500           20621 1c001af2 0004c783 lbu              x15, 0(x9)          x15=000000xX  x9:104ff764  PA:104ff764
            20638500           20623 1c001af6 0097f793 andi             x15, x15, 9         x15=00000000 x15:000000xX
            20639500           20624 1c001af8 0087b463 p.bneimm         x15, 8              x15:00000000
            20642500           20627 1c001b00 01c12083 lw               x1, 28(x2)           x1=1c001d86  x2:104ff740  PA:104ff75c
            20643500           20628 1c001b02 01812403 lw               x8, 24(x2)           x8=104ff7e8  x2:104ff740  PA:104ff758
            20644500           20629 1c001b04 01412483 lw               x9, 20(x2)           x9=1c002351  x2:104ff740  PA:104ff754
            20645500           20630 1c001b06 01012903 lw               x18, 16(x2)         x18=00000000  x2:104ff740  PA:104ff750
            20646500           20631 1c001b08 00c12983 lw               x19, 12(x2)         x19=1c001776  x2:104ff740  PA:104ff74c
            20647500           20632 1c001b0a 00812a03 lw               x20, 8(x2)          x20=00000025  x2:104ff740  PA:104ff748
            20648500           20633 1c001b0c 02010113 addi             x2, x2, 32           x2=104ff760  x2:104ff740
            20649500           20634 1c001b0e 00008067 jalr             x0, x1, 0            x1:1c001d86
            20651500           20636 1c001d86 01800433 add              x8, x0, x24          x8=104ff7ec x24:104ff7ec
            20652500           20637 1c001d88 fadff06f jal              x0, -84            
            20654500           20639 1c001d34 00900633 add              x12, x0, x9         x12=1c002351  x9:1c002351
            20655500           20640 1c001d36 e69ff06f jal              x0, -408           
            20658500           20643 1c001b9e 00064583 lbu              x11, 0(x12)         x11=00000029 x12:1c002351  PA:1c002351
            20682500           20667 1c001ba2 00160493 addi             x9, x12, 1           x9=1c002352 x12:1c002351
            20683500           20668 1c001ba6 00059e63 bne              x11, x0, 28         x11:00000029
            20686500           20671 1c001bc2 01458563 beq              x11, x20, 10        x11:00000029 x20:00000025
            20687500           20672 1c001bc6 01200533 add              x10, x0, x18        x10=00000000 x18:00000000
            20688500           20673 1c001bc8 000980e7 jalr             x1, x19, 0           x1=1c001bca x19:1c001776
            20690500           20675 1c001776 00b00533 add              x10, x0, x11        x10=00000029 x11:00000029
            20691500           20676 1c001778 fddff06f jal              x0, -36            
            20693500           20678 1c001754 000026b7 lui              x13, 0x2000         x13=00002000
            20694500           20679 1c001756 f14027f3 csrrs            x15, x0, 0xf14      x15=00000025
            20695500           20680 1c00175a f8068693 addi             x13, x13, -128      x13=00001f80 x13:00002000
            20696500           20681 1c00175e 00379713 slli             x14, x15, 0x3       x14=00000128 x15:00000025
            20697500           20682 1c001762 00279793 slli             x15, x15, 0x2       x15=00000094 x15:00000025
            20698500           20683 1c001764 ee873733 p.bclr           x14, x14, 23, 8     x14=00000028 x14:00000128
            20699500           20684 1c001768 00d7f7b3 and              x15, x15, x13       x15=00000080 x15:00000094 x13:00001f80
            20700500           20685 1c00176a 00e787b3 add              x15, x15, x14       x15=000000a8 x15:00000080 x14:00000028
            20701500           20686 1c00176c 1a104737 lui              x14, 0x1a104000     x14=1a104000
            20702500           20687 1c001770 00a767a3 p.sw             x10, x0(x14)        x10:00000029 x14:1a104000  PA:1a1040a8
            20706500           20691 1c001774 00008067 jalr             x0, x1, 0            x1:1c001bca
            20707500           20692 1c001bca 16a0006f jal              x0, 362            
            20709500           20694 1c001d34 00900633 add              x12, x0, x9         x12=1c002352  x9:1c002352
            20710500           20695 1c001d36 e69ff06f jal              x0, -408           
            20713500           20698 1c001b9e 00064583 lbu              x11, 0(x12)         x11=00000021 x12:1c002352  PA:1c002352
            20729500           20714 1c001ba2 00160493 addi             x9, x12, 1           x9=1c002353 x12:1c002352
            20730500           20715 1c001ba6 00059e63 bne              x11, x0, 28         x11:00000021
            20733500           20718 1c001bc2 01458563 beq              x11, x20, 10        x11:00000021 x20:00000025
            20734500           20719 1c001bc6 01200533 add              x10, x0, x18        x10=00000000 x18:00000000
            20735500           20720 1c001bc8 000980e7 jalr             x1, x19, 0           x1=1c001bca x19:1c001776
            20737500           20722 1c001776 00b00533 add              x10, x0, x11        x10=00000021 x11:00000021
            20738500           20723 1c001778 fddff06f jal              x0, -36            
            20740500           20725 1c001754 000026b7 lui              x13, 0x2000         x13=00002000
            20741500           20726 1c001756 f14027f3 csrrs            x15, x0, 0xf14      x15=00000025
            20742500           20727 1c00175a f8068693 addi             x13, x13, -128      x13=00001f80 x13:00002000
            20743500           20728 1c00175e 00379713 slli             x14, x15, 0x3       x14=00000128 x15:00000025
            20744500           20729 1c001762 00279793 slli             x15, x15, 0x2       x15=00000094 x15:00000025
            20745500           20730 1c001764 ee873733 p.bclr           x14, x14, 23, 8     x14=00000028 x14:00000128
            20746500           20731 1c001768 00d7f7b3 and              x15, x15, x13       x15=00000080 x15:00000094 x13:00001f80
            20747500           20732 1c00176a 00e787b3 add              x15, x15, x14       x15=000000a8 x15:00000080 x14:00000028
            20748500           20733 1c00176c 1a104737 lui              x14, 0x1a104000     x14=1a104000
            20749500           20734 1c001770 00a767a3 p.sw             x10, x0(x14)        x10:00000021 x14:1a104000  PA:1a1040a8
            20753500           20738 1c001774 00008067 jalr             x0, x1, 0            x1:1c001bca
            20754500           20739 1c001bca 16a0006f jal              x0, 362            
            20756500           20741 1c001d34 00900633 add              x12, x0, x9         x12=1c002353  x9:1c002353
            20757500           20742 1c001d36 e69ff06f jal              x0, -408           
            20760500           20745 1c001b9e 00064583 lbu              x11, 0(x12)         x11=0000000a x12:1c002353  PA:1c002353
            20775500           20760 1c001ba2 00160493 addi             x9, x12, 1           x9=1c002354 x12:1c002353
            20776500           20761 1c001ba6 00059e63 bne              x11, x0, 28         x11:0000000a
            20779500           20764 1c001bc2 01458563 beq              x11, x20, 10        x11:0000000a x20:00000025
            20780500           20765 1c001bc6 01200533 add              x10, x0, x18        x10=00000000 x18:00000000
            20781500           20766 1c001bc8 000980e7 jalr             x1, x19, 0           x1=1c001bca x19:1c001776
            20783500           20768 1c001776 00b00533 add              x10, x0, x11        x10=0000000a x11:0000000a
            20784500           20769 1c001778 fddff06f jal              x0, -36            
            20786500           20771 1c001754 000026b7 lui              x13, 0x2000         x13=00002000
            20787500           20772 1c001756 f14027f3 csrrs            x15, x0, 0xf14      x15=00000025
            20788500           20773 1c00175a f8068693 addi             x13, x13, -128      x13=00001f80 x13:00002000
            20789500           20774 1c00175e 00379713 slli             x14, x15, 0x3       x14=00000128 x15:00000025
            20790500           20775 1c001762 00279793 slli             x15, x15, 0x2       x15=00000094 x15:00000025
            20791500           20776 1c001764 ee873733 p.bclr           x14, x14, 23, 8     x14=00000028 x14:00000128
            20792500           20777 1c001768 00d7f7b3 and              x15, x15, x13       x15=00000080 x15:00000094 x13:00001f80
            20793500           20778 1c00176a 00e787b3 add              x15, x15, x14       x15=000000a8 x15:00000080 x14:00000028
            20794500           20779 1c00176c 1a104737 lui              x14, 0x1a104000     x14=1a104000
            20795500           20780 1c001770 00a767a3 p.sw             x10, x0(x14)        x10:0000000a x14:1a104000  PA:1a1040a8
            20799500           20784 1c001774 00008067 jalr             x0, x1, 0            x1:1c001bca
            20800500           20785 1c001bca 16a0006f jal              x0, 362            
            20802500           20787 1c001d34 00900633 add              x12, x0, x9         x12=1c002354  x9:1c002354
            20803500           20788 1c001d36 e69ff06f jal              x0, -408           
            20806500           20791 1c001b9e 00064583 lbu              x11, 0(x12)         x11=00000000 x12:1c002354  PA:1c002354
            20822500           20807 1c001ba2 00160493 addi             x9, x12, 1           x9=1c002355 x12:1c002354
            20823500           20808 1c001ba6 00059e63 bne              x11, x0, 28         x11:00000000
            20824500           20809 1c001ba8 05c12083 lw               x1, 92(x2)           x1=1c001834  x2:104ff760  PA:104ff7bc
            20825500           20810 1c001baa 05812403 lw               x8, 88(x2)           x8=00000000  x2:104ff760  PA:104ff7b8
            20826500           20811 1c001bac 05412483 lw               x9, 84(x2)           x9=00000000  x2:104ff760  PA:104ff7b4
            20827500           20812 1c001bae 05012903 lw               x18, 80(x2)         x18=1b204000  x2:104ff760  PA:104ff7b0
            20828500           20813 1c001bb0 04c12983 lw               x19, 76(x2)         x19=00000005  x2:104ff760  PA:104ff7ac
            20829500           20814 1c001bb2 04812a03 lw               x20, 72(x2)         x20=1c00220c  x2:104ff760  PA:104ff7a8
            20830500           20815 1c001bb4 04412a83 lw               x21, 68(x2)         x21=1c002210  x2:104ff760  PA:104ff7a4
            20831500           20816 1c001bb6 04012b03 lw               x22, 64(x2)         x22=00000000  x2:104ff760  PA:104ff7a0
            20832500           20817 1c001bb8 03c12b83 lw               x23, 60(x2)         x23=00000000  x2:104ff760  PA:104ff79c
            20833500           20818 1c001bba 03812c03 lw               x24, 56(x2)         x24=00000000  x2:104ff760  PA:104ff798
            20834500           20819 1c001bbc 03412c83 lw               x25, 52(x2)         x25=00000000  x2:104ff760  PA:104ff794
            20835500           20820 1c001bbe 06010113 addi             x2, x2, 96           x2=104ff7c0  x2:104ff760
            20836500           20821 1c001bc0 00008067 jalr             x0, x1, 0            x1:1c001834
            20838500           20823 1c001834 01c12083 lw               x1, 28(x2)           x1=1c00220c  x2:104ff7c0  PA:104ff7dc
            20839500           20824 1c001836 00000513 addi             x10, x0, 0          x10=00000000
            20840500           20825 1c001838 04010113 addi             x2, x2, 64           x2=104ff800  x2:104ff7c0
            20841500           20826 1c00183a 00008067 jalr             x0, x1, 0            x1:1c00220c
            20843500           20828 1c00220c 21c96283 p.elw            x5, 540(x18)         x5=00000000 x18:1b204000  PA:1b20421c
