                Time          Cycles PC       Instr    Mnemonic
               98500              83 1c000080 0180006f jal              x0, 24             
              122500             107 1c000098 f1402573 csrrs            x10, x0, 0xf14      x10=00000002
              123500             108 1c00009c 01f57593 andi             x11, x10, 31        x11=00000002 x10:00000002
              146500             131 1c0000a0 00555513 srli             x10, x10, 0x5       x10=00000000 x10:00000002
              147500             132 1c0000a2 00058463 beq              x11, x0, 8          x11:00000002
              148500             133 1c0000a6 05a0206f jal              x0, 8282           
              169500             154 1c002100 000702b7 lui              x5, 0x70000          x5=00070000
              170500             155 1c002104 1b204337 lui              x6, 0x1b204000       x6=1b204000
              171500             156 1c002108 00532023 sw               x5, 0(x6)            x5:00070000  x6:1b204000  PA:1b204000
              172500             157 1c00210c 0e059163 bne              x11, x0, 226        x11:00000002
              242500             227 1c0021ee 1b204937 lui              x18, 0x1b204000     x18=1b204000
              243500             228 1c0021f2 f14029f3 csrrs            x19, x0, 0xf14      x19=00000002
              244500             229 1c0021f6 01f9f993 andi             x19, x19, 31        x19=00000002 x19:00000002
              245500             230 1c0021fa 00000a17 auipc            x20, 0x0            x20=1c0021fa
              262500             247 1c0021fe 012a0a13 addi             x20, x20, 18        x20=1c00220c x20:1c0021fa
              263500             248 1c002202 00000a97 auipc            x21, 0x0            x21=1c002202
              264500             249 1c002206 00ea8a93 addi             x21, x21, 14        x21=1c002210 x21:1c002202
              265500             250 1c00220a 0060006f jal              x0, 6              
              287500             272 1c002210 08096283 p.elw            x5, 128(x18)         x5=1c00222d x18:1b204000  PA:1b204080
             9629500            9614 1c002214 08096503 p.elw            x10, 128(x18)       x10=00000800 x18:1b204000  PA:1b204080
             9637500            9622 1c002218 0012f313 andi             x6, x5, 1            x6=00000001  x5:1c00222d
             9638500            9623 1c00221c 00031563 bne              x6, x0, 10           x6:00000001
             9656500            9641 1c002226 000a80b3 add              x1, x21, x0          x1=1c002210 x21:1c002210
             9657500            9642 1c00222a 00028067 jalr             x0, x5, 0            x5:1c00222d
             9659500            9644 1c00222c 08096283 p.elw            x5, 128(x18)         x5=100fc790 x18:1b204000  PA:1b204080
             9683500            9668 1c002230 02a98533 mul              x10, x19, x10       x10=00001000 x19:00000002 x10:00000800
             9684500            9669 1c002234 00550133 add              x2, x10, x5          x2=100fd790 x10:00001000  x5:100fc790
             9685500            9670 1c002238 00008067 jalr             x0, x1, 0            x1:1c002210
             9705500            9690 1c002210 08096283 p.elw            x5, 128(x18)         x5=1c0009bc x18:1b204000  PA:1b204080
            18829500           18814 1c002214 08096503 p.elw            x10, 128(x18)       x10=00000000 x18:1b204000  PA:1b204080
            18837500           18822 1c002218 0012f313 andi             x6, x5, 1            x6=00000000  x5:1c0009bc
            18838500           18823 1c00221c 00031563 bne              x6, x0, 10           x6:00000000
            18839500           18824 1c002220 000a00b3 add              x1, x20, x0          x1=1c00220c x20:1c00220c
            18840500           18825 1c002224 00028067 jalr             x0, x5, 0            x5:1c0009bc
            18863500           18848 1c0009bc f1402673 csrrs            x12, x0, 0xf14      x12=00000002
            18883500           18868 1c0009c0 1c002537 lui              x10, 0x1c002000     x10=1c002000
            18884500           18869 1c0009c4 40565593 srai             x11, x12, 0x405     x11=00000000 x12:00000002
            18885500           18870 1c0009c8 f265b5b3 p.bclr           x11, x11, 25, 6     x11=00000000 x11:00000000
            18886500           18871 1c0009cc f4563633 p.bclr           x12, x12, 26, 5     x12=00000002 x12:00000002
            18887500           18872 1c0009d0 33c50513 addi             x10, x10, 828       x10=1c00233c x10:1c002000
            18888500           18873 1c0009d4 63d0006f jal              x0, 3644           
            18890500           18875 1c001810 fc010113 addi             x2, x2, -64          x2=100fd750  x2:100fd790
            18891500           18876 1c001812 02b12223 sw               x11, 36(x2)         x11:00000000  x2:100fd750  PA:100fd774
            18897500           18882 1c001814 1c0015b7 lui              x11, 0x1c001000     x11=1c001000
            18898500           18883 1c001818 02c12423 sw               x12, 40(x2)         x12:00000002  x2:100fd750  PA:100fd778
            18899500           18884 1c00181a 02d12623 sw               x13, 44(x2)         x13:00000000  x2:100fd750  PA:100fd77c
            18900500           18885 1c00181c 00a00633 add              x12, x0, x10        x12=1c00233c x10:1c00233c
            18901500           18886 1c00181e 02410693 addi             x13, x2, 36         x13=100fd774  x2:100fd750
            18912500           18897 1c001820 00000513 addi             x10, x0, 0          x10=00000000
            18913500           18898 1c001822 77658593 addi             x11, x11, 1910      x11=1c001776 x11:1c001000
            18914500           18899 1c001826 00112e23 sw               x1, 28(x2)           x1:1c00220c  x2:100fd750  PA:100fd76c
            18919500           18904 1c001828 02e12823 sw               x14, 48(x2)         x14:00000000  x2:100fd750  PA:100fd780
            18920500           18905 1c00182a 02f12a23 sw               x15, 52(x2)         x15:00000000  x2:100fd750  PA:100fd784
            18921500           18906 1c00182c 03012c23 sw               x16, 56(x2)         x16:00000000  x2:100fd750  PA:100fd788
            18922500           18907 1c00182e 03112e23 sw               x17, 60(x2)         x17:00000000  x2:100fd750  PA:100fd78c
            18936500           18921 1c001830 00d12623 sw               x13, 12(x2)         x13:100fd774  x2:100fd750  PA:100fd75c
            18938500           18923 1c001832 33e000ef jal              x1, 830              x1=1c001834
            18955500           18940 1c001b70 fa010113 addi             x2, x2, -96          x2=100fd6f0  x2:100fd750
            18956500           18941 1c001b72 01810793 addi             x15, x2, 24         x15=100fd708  x2:100fd6f0
            18957500           18942 1c001b74 04812c23 sw               x8, 88(x2)           x8:00000000  x2:100fd6f0  PA:100fd748
            18961500           18946 1c001b76 05212823 sw               x18, 80(x2)         x18:1b204000  x2:100fd6f0  PA:100fd740
            18962500           18947 1c001b78 05312623 sw               x19, 76(x2)         x19:00000002  x2:100fd6f0  PA:100fd73c
            18963500           18948 1c001b7a 05412423 sw               x20, 72(x2)         x20:1c00220c  x2:100fd6f0  PA:100fd738
            18964500           18949 1c001b7c 05512223 sw               x21, 68(x2)         x21:1c002210  x2:100fd6f0  PA:100fd734
            18965500           18950 1c001b7e 05612023 sw               x22, 64(x2)         x22:00000000  x2:100fd6f0  PA:100fd730
            18982500           18967 1c001b80 03712e23 sw               x23, 60(x2)         x23:00000000  x2:100fd6f0  PA:100fd72c
            18987500           18972 1c001b82 04112e23 sw               x1, 92(x2)           x1:1c001834  x2:100fd6f0  PA:100fd74c
            18988500           18973 1c001b84 04912a23 sw               x9, 84(x2)           x9:00000000  x2:100fd6f0  PA:100fd744
            18989500           18974 1c001b86 03812c23 sw               x24, 56(x2)         x24:00000000  x2:100fd6f0  PA:100fd728
            18990500           18975 1c001b88 03912a23 sw               x25, 52(x2)         x25:00000000  x2:100fd6f0  PA:100fd724
            18991500           18976 1c001b8a 00a00933 add              x18, x0, x10        x18=00000000 x10:00000000
            18992500           18977 1c001b8c 00b009b3 add              x19, x0, x11        x19=1c001776 x11:1c001776
            18993500           18978 1c001b8e 00d00433 add              x8, x0, x13          x8=100fd774 x13:100fd774
            19012500           18997 1c001b90 00f12a23 sw               x15, 20(x2)         x15:100fd708  x2:100fd6f0  PA:100fd704
            19014500           18999 1c001b92 02500a13 addi             x20, x0, 37         x20=00000025
            19015500           19000 1c001b96 02d00b93 addi             x23, x0, 45         x23=0000002d
            19016500           19001 1c001b9a 00100a93 addi             x21, x0, 1          x21=00000001
            19017500           19002 1c001b9c 00500b13 addi             x22, x0, 5          x22=00000005
            19036500           19021 1c001b9e 00064583 lbu              x11, 0(x12)         x11=00000048 x12:1c00233c  PA:1c00233c
            19055500           19040 1c001ba2 00160493 addi             x9, x12, 1           x9=1c00233d x12:1c00233c
            19056500           19041 1c001ba6 00059e63 bne              x11, x0, 28         x11:00000048
            19078500           19063 1c001bc2 01458563 beq              x11, x20, 10        x11:00000048 x20:00000025
            19079500           19064 1c001bc6 01200533 add              x10, x0, x18        x10=00000000 x18:00000000
            19080500           19065 1c001bc8 000980e7 jalr             x1, x19, 0           x1=1c001bca x19:1c001776
            19098500           19083 1c001776 00b00533 add              x10, x0, x11        x10=00000048 x11:00000048
            19099500           19084 1c001778 fddff06f jal              x0, -36            
            19101500           19086 1c001754 000026b7 lui              x13, 0x2000         x13=00002000
            19102500           19087 1c001756 f14027f3 csrrs            x15, x0, 0xf14      x15=00000002
            19103500           19088 1c00175a f8068693 addi             x13, x13, -128      x13=00001f80 x13:00002000
            19121500           19106 1c00175e 00379713 slli             x14, x15, 0x3       x14=00000010 x15:00000002
            19122500           19107 1c001762 00279793 slli             x15, x15, 0x2       x15=00000008 x15:00000002
            19123500           19108 1c001764 ee873733 p.bclr           x14, x14, 23, 8     x14=00000010 x14:00000010
            19124500           19109 1c001768 00d7f7b3 and              x15, x15, x13       x15=00000000 x15:00000008 x13:00001f80
            19125500           19110 1c00176a 00e787b3 add              x15, x15, x14       x15=00000010 x15:00000000 x14:00000010
            19126500           19111 1c00176c 1a104737 lui              x14, 0x1a104000     x14=1a104000
            19127500           19112 1c001770 00a767a3 p.sw             x10, x0(x14)        x10:00000048 x14:1a104000  PA:1a104010
            19131500           19116 1c001774 00008067 jalr             x0, x1, 0            x1:1c001bca
            19132500           19117 1c001bca 16a0006f jal              x0, 362            
            19150500           19135 1c001d34 00900633 add              x12, x0, x9         x12=1c00233d  x9:1c00233d
            19151500           19136 1c001d36 e69ff06f jal              x0, -408           
            19154500           19139 1c001b9e 00064583 lbu              x11, 0(x12)         x11=00000065 x12:1c00233d  PA:1c00233d
            19175500           19160 1c001ba2 00160493 addi             x9, x12, 1           x9=1c00233e x12:1c00233d
            19176500           19161 1c001ba6 00059e63 bne              x11, x0, 28         x11:00000065
            19179500           19164 1c001bc2 01458563 beq              x11, x20, 10        x11:00000065 x20:00000025
            19180500           19165 1c001bc6 01200533 add              x10, x0, x18        x10=00000000 x18:00000000
            19181500           19166 1c001bc8 000980e7 jalr             x1, x19, 0           x1=1c001bca x19:1c001776
            19183500           19168 1c001776 00b00533 add              x10, x0, x11        x10=00000065 x11:00000065
            19184500           19169 1c001778 fddff06f jal              x0, -36            
            19186500           19171 1c001754 000026b7 lui              x13, 0x2000         x13=00002000
            19187500           19172 1c001756 f14027f3 csrrs            x15, x0, 0xf14      x15=00000002
            19188500           19173 1c00175a f8068693 addi             x13, x13, -128      x13=00001f80 x13:00002000
            19189500           19174 1c00175e 00379713 slli             x14, x15, 0x3       x14=00000010 x15:00000002
            19190500           19175 1c001762 00279793 slli             x15, x15, 0x2       x15=00000008 x15:00000002
            19191500           19176 1c001764 ee873733 p.bclr           x14, x14, 23, 8     x14=00000010 x14:00000010
            19192500           19177 1c001768 00d7f7b3 and              x15, x15, x13       x15=00000000 x15:00000008 x13:00001f80
            19193500           19178 1c00176a 00e787b3 add              x15, x15, x14       x15=00000010 x15:00000000 x14:00000010
            19194500           19179 1c00176c 1a104737 lui              x14, 0x1a104000     x14=1a104000
            19195500           19180 1c001770 00a767a3 p.sw             x10, x0(x14)        x10:00000065 x14:1a104000  PA:1a104010
            19199500           19184 1c001774 00008067 jalr             x0, x1, 0            x1:1c001bca
            19200500           19185 1c001bca 16a0006f jal              x0, 362            
            19202500           19187 1c001d34 00900633 add              x12, x0, x9         x12=1c00233e  x9:1c00233e
            19203500           19188 1c001d36 e69ff06f jal              x0, -408           
            19206500           19191 1c001b9e 00064583 lbu              x11, 0(x12)         x11=00000079 x12:1c00233e  PA:1c00233e
            19227500           19212 1c001ba2 00160493 addi             x9, x12, 1           x9=1c00233f x12:1c00233e
            19228500           19213 1c001ba6 00059e63 bne              x11, x0, 28         x11:00000079
            19231500           19216 1c001bc2 01458563 beq              x11, x20, 10        x11:00000079 x20:00000025
            19232500           19217 1c001bc6 01200533 add              x10, x0, x18        x10=00000000 x18:00000000
            19233500           19218 1c001bc8 000980e7 jalr             x1, x19, 0           x1=1c001bca x19:1c001776
            19235500           19220 1c001776 00b00533 add              x10, x0, x11        x10=00000079 x11:00000079
            19236500           19221 1c001778 fddff06f jal              x0, -36            
            19238500           19223 1c001754 000026b7 lui              x13, 0x2000         x13=00002000
            19239500           19224 1c001756 f14027f3 csrrs            x15, x0, 0xf14      x15=00000002
            19240500           19225 1c00175a f8068693 addi             x13, x13, -128      x13=00001f80 x13:00002000
            19241500           19226 1c00175e 00379713 slli             x14, x15, 0x3       x14=00000010 x15:00000002
            19242500           19227 1c001762 00279793 slli             x15, x15, 0x2       x15=00000008 x15:00000002
            19243500           19228 1c001764 ee873733 p.bclr           x14, x14, 23, 8     x14=00000010 x14:00000010
            19244500           19229 1c001768 00d7f7b3 and              x15, x15, x13       x15=00000000 x15:00000008 x13:00001f80
            19245500           19230 1c00176a 00e787b3 add              x15, x15, x14       x15=00000010 x15:00000000 x14:00000010
            19246500           19231 1c00176c 1a104737 lui              x14, 0x1a104000     x14=1a104000
            19247500           19232 1c001770 00a767a3 p.sw             x10, x0(x14)        x10:00000079 x14:1a104000  PA:1a104010
            19251500           19236 1c001774 00008067 jalr             x0, x1, 0            x1:1c001bca
            19252500           19237 1c001bca 16a0006f jal              x0, 362            
            19254500           19239 1c001d34 00900633 add              x12, x0, x9         x12=1c00233f  x9:1c00233f
            19255500           19240 1c001d36 e69ff06f jal              x0, -408           
            19258500           19243 1c001b9e 00064583 lbu              x11, 0(x12)         x11=0000002c x12:1c00233f  PA:1c00233f
            19276500           19261 1c001ba2 00160493 addi             x9, x12, 1           x9=1c002340 x12:1c00233f
            19277500           19262 1c001ba6 00059e63 bne              x11, x0, 28         x11:0000002c
            19280500           19265 1c001bc2 01458563 beq              x11, x20, 10        x11:0000002c x20:00000025
            19281500           19266 1c001bc6 01200533 add              x10, x0, x18        x10=00000000 x18:00000000
            19282500           19267 1c001bc8 000980e7 jalr             x1, x19, 0           x1=1c001bca x19:1c001776
            19284500           19269 1c001776 00b00533 add              x10, x0, x11        x10=0000002c x11:0000002c
            19285500           19270 1c001778 fddff06f jal              x0, -36            
            19287500           19272 1c001754 000026b7 lui              x13, 0x2000         x13=00002000
            19288500           19273 1c001756 f14027f3 csrrs            x15, x0, 0xf14      x15=00000002
            19289500           19274 1c00175a f8068693 addi             x13, x13, -128      x13=00001f80 x13:00002000
            19290500           19275 1c00175e 00379713 slli             x14, x15, 0x3       x14=00000010 x15:00000002
            19291500           19276 1c001762 00279793 slli             x15, x15, 0x2       x15=00000008 x15:00000002
            19292500           19277 1c001764 ee873733 p.bclr           x14, x14, 23, 8     x14=00000010 x14:00000010
            19293500           19278 1c001768 00d7f7b3 and              x15, x15, x13       x15=00000000 x15:00000008 x13:00001f80
            19294500           19279 1c00176a 00e787b3 add              x15, x15, x14       x15=00000010 x15:00000000 x14:00000010
            19295500           19280 1c00176c 1a104737 lui              x14, 0x1a104000     x14=1a104000
            19296500           19281 1c001770 00a767a3 p.sw             x10, x0(x14)        x10:0000002c x14:1a104000  PA:1a104010
            19300500           19285 1c001774 00008067 jalr             x0, x1, 0            x1:1c001bca
            19301500           19286 1c001bca 16a0006f jal              x0, 362            
            19303500           19288 1c001d34 00900633 add              x12, x0, x9         x12=1c002340  x9:1c002340
            19304500           19289 1c001d36 e69ff06f jal              x0, -408           
            19307500           19292 1c001b9e 00064583 lbu              x11, 0(x12)         x11=00000020 x12:1c002340  PA:1c002340
            19321500           19306 1c001ba2 00160493 addi             x9, x12, 1           x9=1c002341 x12:1c002340
            19322500           19307 1c001ba6 00059e63 bne              x11, x0, 28         x11:00000020
            19325500           19310 1c001bc2 01458563 beq              x11, x20, 10        x11:00000020 x20:00000025
            19326500           19311 1c001bc6 01200533 add              x10, x0, x18        x10=00000000 x18:00000000
            19327500           19312 1c001bc8 000980e7 jalr             x1, x19, 0           x1=1c001bca x19:1c001776
            19329500           19314 1c001776 00b00533 add              x10, x0, x11        x10=00000020 x11:00000020
            19330500           19315 1c001778 fddff06f jal              x0, -36            
            19332500           19317 1c001754 000026b7 lui              x13, 0x2000         x13=00002000
            19333500           19318 1c001756 f14027f3 csrrs            x15, x0, 0xf14      x15=00000002
            19334500           19319 1c00175a f8068693 addi             x13, x13, -128      x13=00001f80 x13:00002000
            19335500           19320 1c00175e 00379713 slli             x14, x15, 0x3       x14=00000010 x15:00000002
            19336500           19321 1c001762 00279793 slli             x15, x15, 0x2       x15=00000008 x15:00000002
            19337500           19322 1c001764 ee873733 p.bclr           x14, x14, 23, 8     x14=00000010 x14:00000010
            19338500           19323 1c001768 00d7f7b3 and              x15, x15, x13       x15=00000000 x15:00000008 x13:00001f80
            19339500           19324 1c00176a 00e787b3 add              x15, x15, x14       x15=00000010 x15:00000000 x14:00000010
            19340500           19325 1c00176c 1a104737 lui              x14, 0x1a104000     x14=1a104000
            19341500           19326 1c001770 00a767a3 p.sw             x10, x0(x14)        x10:00000020 x14:1a104000  PA:1a104010
            19345500           19330 1c001774 00008067 jalr             x0, x1, 0            x1:1c001bca
            19346500           19331 1c001bca 16a0006f jal              x0, 362            
            19348500           19333 1c001d34 00900633 add              x12, x0, x9         x12=1c002341  x9:1c002341
            19349500           19334 1c001d36 e69ff06f jal              x0, -408           
            19352500           19337 1c001b9e 00064583 lbu              x11, 0(x12)         x11=00000049 x12:1c002341  PA:1c002341
            19373500           19358 1c001ba2 00160493 addi             x9, x12, 1           x9=1c002342 x12:1c002341
            19374500           19359 1c001ba6 00059e63 bne              x11, x0, 28         x11:00000049
            19377500           19362 1c001bc2 01458563 beq              x11, x20, 10        x11:00000049 x20:00000025
            19378500           19363 1c001bc6 01200533 add              x10, x0, x18        x10=00000000 x18:00000000
            19379500           19364 1c001bc8 000980e7 jalr             x1, x19, 0           x1=1c001bca x19:1c001776
            19381500           19366 1c001776 00b00533 add              x10, x0, x11        x10=00000049 x11:00000049
            19382500           19367 1c001778 fddff06f jal              x0, -36            
            19384500           19369 1c001754 000026b7 lui              x13, 0x2000         x13=00002000
            19385500           19370 1c001756 f14027f3 csrrs            x15, x0, 0xf14      x15=00000002
            19386500           19371 1c00175a f8068693 addi             x13, x13, -128      x13=00001f80 x13:00002000
            19387500           19372 1c00175e 00379713 slli             x14, x15, 0x3       x14=00000010 x15:00000002
            19388500           19373 1c001762 00279793 slli             x15, x15, 0x2       x15=00000008 x15:00000002
            19389500           19374 1c001764 ee873733 p.bclr           x14, x14, 23, 8     x14=00000010 x14:00000010
            19390500           19375 1c001768 00d7f7b3 and              x15, x15, x13       x15=00000000 x15:00000008 x13:00001f80
            19391500           19376 1c00176a 00e787b3 add              x15, x15, x14       x15=00000010 x15:00000000 x14:00000010
            19392500           19377 1c00176c 1a104737 lui              x14, 0x1a104000     x14=1a104000
            19393500           19378 1c001770 00a767a3 p.sw             x10, x0(x14)        x10:00000049 x14:1a104000  PA:1a104010
            19397500           19382 1c001774 00008067 jalr             x0, x1, 0            x1:1c001bca
            19398500           19383 1c001bca 16a0006f jal              x0, 362            
            19400500           19385 1c001d34 00900633 add              x12, x0, x9         x12=1c002342  x9:1c002342
            19401500           19386 1c001d36 e69ff06f jal              x0, -408           
            19404500           19389 1c001b9e 00064583 lbu              x11, 0(x12)         x11=00000027 x12:1c002342  PA:1c002342
            19423500           19408 1c001ba2 00160493 addi             x9, x12, 1           x9=1c002343 x12:1c002342
            19424500           19409 1c001ba6 00059e63 bne              x11, x0, 28         x11:00000027
            19427500           19412 1c001bc2 01458563 beq              x11, x20, 10        x11:00000027 x20:00000025
            19428500           19413 1c001bc6 01200533 add              x10, x0, x18        x10=00000000 x18:00000000
            19429500           19414 1c001bc8 000980e7 jalr             x1, x19, 0           x1=1c001bca x19:1c001776
            19431500           19416 1c001776 00b00533 add              x10, x0, x11        x10=00000027 x11:00000027
            19432500           19417 1c001778 fddff06f jal              x0, -36            
            19434500           19419 1c001754 000026b7 lui              x13, 0x2000         x13=00002000
            19435500           19420 1c001756 f14027f3 csrrs            x15, x0, 0xf14      x15=00000002
            19436500           19421 1c00175a f8068693 addi             x13, x13, -128      x13=00001f80 x13:00002000
            19437500           19422 1c00175e 00379713 slli             x14, x15, 0x3       x14=00000010 x15:00000002
            19438500           19423 1c001762 00279793 slli             x15, x15, 0x2       x15=00000008 x15:00000002
            19439500           19424 1c001764 ee873733 p.bclr           x14, x14, 23, 8     x14=00000010 x14:00000010
            19440500           19425 1c001768 00d7f7b3 and              x15, x15, x13       x15=00000000 x15:00000008 x13:00001f80
            19441500           19426 1c00176a 00e787b3 add              x15, x15, x14       x15=00000010 x15:00000000 x14:00000010
            19442500           19427 1c00176c 1a104737 lui              x14, 0x1a104000     x14=1a104000
            19443500           19428 1c001770 00a767a3 p.sw             x10, x0(x14)        x10:00000027 x14:1a104000  PA:1a104010
            19447500           19432 1c001774 00008067 jalr             x0, x1, 0            x1:1c001bca
            19448500           19433 1c001bca 16a0006f jal              x0, 362            
            19450500           19435 1c001d34 00900633 add              x12, x0, x9         x12=1c002343  x9:1c002343
            19451500           19436 1c001d36 e69ff06f jal              x0, -408           
            19454500           19439 1c001b9e 00064583 lbu              x11, 0(x12)         x11=0000006d x12:1c002343  PA:1c002343
            19473500           19458 1c001ba2 00160493 addi             x9, x12, 1           x9=1c002344 x12:1c002343
            19474500           19459 1c001ba6 00059e63 bne              x11, x0, 28         x11:0000006d
            19477500           19462 1c001bc2 01458563 beq              x11, x20, 10        x11:0000006d x20:00000025
            19478500           19463 1c001bc6 01200533 add              x10, x0, x18        x10=00000000 x18:00000000
            19479500           19464 1c001bc8 000980e7 jalr             x1, x19, 0           x1=1c001bca x19:1c001776
            19481500           19466 1c001776 00b00533 add              x10, x0, x11        x10=0000006d x11:0000006d
            19482500           19467 1c001778 fddff06f jal              x0, -36            
            19484500           19469 1c001754 000026b7 lui              x13, 0x2000         x13=00002000
            19485500           19470 1c001756 f14027f3 csrrs            x15, x0, 0xf14      x15=00000002
            19486500           19471 1c00175a f8068693 addi             x13, x13, -128      x13=00001f80 x13:00002000
            19487500           19472 1c00175e 00379713 slli             x14, x15, 0x3       x14=00000010 x15:00000002
            19488500           19473 1c001762 00279793 slli             x15, x15, 0x2       x15=00000008 x15:00000002
            19489500           19474 1c001764 ee873733 p.bclr           x14, x14, 23, 8     x14=00000010 x14:00000010
            19490500           19475 1c001768 00d7f7b3 and              x15, x15, x13       x15=00000000 x15:00000008 x13:00001f80
            19491500           19476 1c00176a 00e787b3 add              x15, x15, x14       x15=00000010 x15:00000000 x14:00000010
            19492500           19477 1c00176c 1a104737 lui              x14, 0x1a104000     x14=1a104000
            19493500           19478 1c001770 00a767a3 p.sw             x10, x0(x14)        x10:0000006d x14:1a104000  PA:1a104010
            19497500           19482 1c001774 00008067 jalr             x0, x1, 0            x1:1c001bca
            19498500           19483 1c001bca 16a0006f jal              x0, 362            
            19500500           19485 1c001d34 00900633 add              x12, x0, x9         x12=1c002344  x9:1c002344
            19501500           19486 1c001d36 e69ff06f jal              x0, -408           
            19504500           19489 1c001b9e 00064583 lbu              x11, 0(x12)         x11=00000020 x12:1c002344  PA:1c002344
            19522500           19507 1c001ba2 00160493 addi             x9, x12, 1           x9=1c002345 x12:1c002344
            19523500           19508 1c001ba6 00059e63 bne              x11, x0, 28         x11:00000020
            19526500           19511 1c001bc2 01458563 beq              x11, x20, 10        x11:00000020 x20:00000025
            19527500           19512 1c001bc6 01200533 add              x10, x0, x18        x10=00000000 x18:00000000
            19528500           19513 1c001bc8 000980e7 jalr             x1, x19, 0           x1=1c001bca x19:1c001776
            19530500           19515 1c001776 00b00533 add              x10, x0, x11        x10=00000020 x11:00000020
            19531500           19516 1c001778 fddff06f jal              x0, -36            
            19533500           19518 1c001754 000026b7 lui              x13, 0x2000         x13=00002000
            19534500           19519 1c001756 f14027f3 csrrs            x15, x0, 0xf14      x15=00000002
            19535500           19520 1c00175a f8068693 addi             x13, x13, -128      x13=00001f80 x13:00002000
            19536500           19521 1c00175e 00379713 slli             x14, x15, 0x3       x14=00000010 x15:00000002
            19537500           19522 1c001762 00279793 slli             x15, x15, 0x2       x15=00000008 x15:00000002
            19538500           19523 1c001764 ee873733 p.bclr           x14, x14, 23, 8     x14=00000010 x14:00000010
            19539500           19524 1c001768 00d7f7b3 and              x15, x15, x13       x15=00000000 x15:00000008 x13:00001f80
            19540500           19525 1c00176a 00e787b3 add              x15, x15, x14       x15=00000010 x15:00000000 x14:00000010
            19541500           19526 1c00176c 1a104737 lui              x14, 0x1a104000     x14=1a104000
            19542500           19527 1c001770 00a767a3 p.sw             x10, x0(x14)        x10:00000020 x14:1a104000  PA:1a104010
            19546500           19531 1c001774 00008067 jalr             x0, x1, 0            x1:1c001bca
            19547500           19532 1c001bca 16a0006f jal              x0, 362            
            19549500           19534 1c001d34 00900633 add              x12, x0, x9         x12=1c002345  x9:1c002345
            19550500           19535 1c001d36 e69ff06f jal              x0, -408           
            19553500           19538 1c001b9e 00064583 lbu              x11, 0(x12)         x11=00000063 x12:1c002345  PA:1c002345
            19580500           19565 1c001ba2 00160493 addi             x9, x12, 1           x9=1c002346 x12:1c002345
            19581500           19566 1c001ba6 00059e63 bne              x11, x0, 28         x11:00000063
            19584500           19569 1c001bc2 01458563 beq              x11, x20, 10        x11:00000063 x20:00000025
            19585500           19570 1c001bc6 01200533 add              x10, x0, x18        x10=00000000 x18:00000000
            19586500           19571 1c001bc8 000980e7 jalr             x1, x19, 0           x1=1c001bca x19:1c001776
            19588500           19573 1c001776 00b00533 add              x10, x0, x11        x10=00000063 x11:00000063
            19589500           19574 1c001778 fddff06f jal              x0, -36            
            19591500           19576 1c001754 000026b7 lui              x13, 0x2000         x13=00002000
            19592500           19577 1c001756 f14027f3 csrrs            x15, x0, 0xf14      x15=00000002
            19593500           19578 1c00175a f8068693 addi             x13, x13, -128      x13=00001f80 x13:00002000
            19594500           19579 1c00175e 00379713 slli             x14, x15, 0x3       x14=00000010 x15:00000002
            19595500           19580 1c001762 00279793 slli             x15, x15, 0x2       x15=00000008 x15:00000002
            19596500           19581 1c001764 ee873733 p.bclr           x14, x14, 23, 8     x14=00000010 x14:00000010
            19597500           19582 1c001768 00d7f7b3 and              x15, x15, x13       x15=00000000 x15:00000008 x13:00001f80
            19598500           19583 1c00176a 00e787b3 add              x15, x15, x14       x15=00000010 x15:00000000 x14:00000010
            19599500           19584 1c00176c 1a104737 lui              x14, 0x1a104000     x14=1a104000
            19600500           19585 1c001770 00a767a3 p.sw             x10, x0(x14)        x10:00000063 x14:1a104000  PA:1a104010
            19604500           19589 1c001774 00008067 jalr             x0, x1, 0            x1:1c001bca
            19605500           19590 1c001bca 16a0006f jal              x0, 362            
            19607500           19592 1c001d34 00900633 add              x12, x0, x9         x12=1c002346  x9:1c002346
            19608500           19593 1c001d36 e69ff06f jal              x0, -408           
            19611500           19596 1c001b9e 00064583 lbu              x11, 0(x12)         x11=0000006f x12:1c002346  PA:1c002346
            19626500           19611 1c001ba2 00160493 addi             x9, x12, 1           x9=1c002347 x12:1c002346
            19627500           19612 1c001ba6 00059e63 bne              x11, x0, 28         x11:0000006f
            19630500           19615 1c001bc2 01458563 beq              x11, x20, 10        x11:0000006f x20:00000025
            19631500           19616 1c001bc6 01200533 add              x10, x0, x18        x10=00000000 x18:00000000
            19632500           19617 1c001bc8 000980e7 jalr             x1, x19, 0           x1=1c001bca x19:1c001776
            19634500           19619 1c001776 00b00533 add              x10, x0, x11        x10=0000006f x11:0000006f
            19635500           19620 1c001778 fddff06f jal              x0, -36            
            19637500           19622 1c001754 000026b7 lui              x13, 0x2000         x13=00002000
            19638500           19623 1c001756 f14027f3 csrrs            x15, x0, 0xf14      x15=00000002
            19639500           19624 1c00175a f8068693 addi             x13, x13, -128      x13=00001f80 x13:00002000
            19640500           19625 1c00175e 00379713 slli             x14, x15, 0x3       x14=00000010 x15:00000002
            19641500           19626 1c001762 00279793 slli             x15, x15, 0x2       x15=00000008 x15:00000002
            19642500           19627 1c001764 ee873733 p.bclr           x14, x14, 23, 8     x14=00000010 x14:00000010
            19643500           19628 1c001768 00d7f7b3 and              x15, x15, x13       x15=00000000 x15:00000008 x13:00001f80
            19644500           19629 1c00176a 00e787b3 add              x15, x15, x14       x15=00000010 x15:00000000 x14:00000010
            19645500           19630 1c00176c 1a104737 lui              x14, 0x1a104000     x14=1a104000
            19646500           19631 1c001770 00a767a3 p.sw             x10, x0(x14)        x10:0000006f x14:1a104000  PA:1a104010
            19650500           19635 1c001774 00008067 jalr             x0, x1, 0            x1:1c001bca
            19651500           19636 1c001bca 16a0006f jal              x0, 362            
            19653500           19638 1c001d34 00900633 add              x12, x0, x9         x12=1c002347  x9:1c002347
            19654500           19639 1c001d36 e69ff06f jal              x0, -408           
            19657500           19642 1c001b9e 00064583 lbu              x11, 0(x12)         x11=00000072 x12:1c002347  PA:1c002347
            19673500           19658 1c001ba2 00160493 addi             x9, x12, 1           x9=1c002348 x12:1c002347
            19674500           19659 1c001ba6 00059e63 bne              x11, x0, 28         x11:00000072
            19677500           19662 1c001bc2 01458563 beq              x11, x20, 10        x11:00000072 x20:00000025
            19678500           19663 1c001bc6 01200533 add              x10, x0, x18        x10=00000000 x18:00000000
            19679500           19664 1c001bc8 000980e7 jalr             x1, x19, 0           x1=1c001bca x19:1c001776
            19681500           19666 1c001776 00b00533 add              x10, x0, x11        x10=00000072 x11:00000072
            19682500           19667 1c001778 fddff06f jal              x0, -36            
            19684500           19669 1c001754 000026b7 lui              x13, 0x2000         x13=00002000
            19685500           19670 1c001756 f14027f3 csrrs            x15, x0, 0xf14      x15=00000002
            19686500           19671 1c00175a f8068693 addi             x13, x13, -128      x13=00001f80 x13:00002000
            19687500           19672 1c00175e 00379713 slli             x14, x15, 0x3       x14=00000010 x15:00000002
            19688500           19673 1c001762 00279793 slli             x15, x15, 0x2       x15=00000008 x15:00000002
            19689500           19674 1c001764 ee873733 p.bclr           x14, x14, 23, 8     x14=00000010 x14:00000010
            19690500           19675 1c001768 00d7f7b3 and              x15, x15, x13       x15=00000000 x15:00000008 x13:00001f80
            19691500           19676 1c00176a 00e787b3 add              x15, x15, x14       x15=00000010 x15:00000000 x14:00000010
            19692500           19677 1c00176c 1a104737 lui              x14, 0x1a104000     x14=1a104000
            19693500           19678 1c001770 00a767a3 p.sw             x10, x0(x14)        x10:00000072 x14:1a104000  PA:1a104010
            19697500           19682 1c001774 00008067 jalr             x0, x1, 0            x1:1c001bca
            19698500           19683 1c001bca 16a0006f jal              x0, 362            
            19700500           19685 1c001d34 00900633 add              x12, x0, x9         x12=1c002348  x9:1c002348
            19701500           19686 1c001d36 e69ff06f jal              x0, -408           
            19704500           19689 1c001b9e 00064583 lbu              x11, 0(x12)         x11=00000065 x12:1c002348  PA:1c002348
            19718500           19703 1c001ba2 00160493 addi             x9, x12, 1           x9=1c002349 x12:1c002348
            19719500           19704 1c001ba6 00059e63 bne              x11, x0, 28         x11:00000065
            19722500           19707 1c001bc2 01458563 beq              x11, x20, 10        x11:00000065 x20:00000025
            19723500           19708 1c001bc6 01200533 add              x10, x0, x18        x10=00000000 x18:00000000
            19724500           19709 1c001bc8 000980e7 jalr             x1, x19, 0           x1=1c001bca x19:1c001776
            19726500           19711 1c001776 00b00533 add              x10, x0, x11        x10=00000065 x11:00000065
            19727500           19712 1c001778 fddff06f jal              x0, -36            
            19729500           19714 1c001754 000026b7 lui              x13, 0x2000         x13=00002000
            19730500           19715 1c001756 f14027f3 csrrs            x15, x0, 0xf14      x15=00000002
            19731500           19716 1c00175a f8068693 addi             x13, x13, -128      x13=00001f80 x13:00002000
            19732500           19717 1c00175e 00379713 slli             x14, x15, 0x3       x14=00000010 x15:00000002
            19733500           19718 1c001762 00279793 slli             x15, x15, 0x2       x15=00000008 x15:00000002
            19734500           19719 1c001764 ee873733 p.bclr           x14, x14, 23, 8     x14=00000010 x14:00000010
            19735500           19720 1c001768 00d7f7b3 and              x15, x15, x13       x15=00000000 x15:00000008 x13:00001f80
            19736500           19721 1c00176a 00e787b3 add              x15, x15, x14       x15=00000010 x15:00000000 x14:00000010
            19737500           19722 1c00176c 1a104737 lui              x14, 0x1a104000     x14=1a104000
            19738500           19723 1c001770 00a767a3 p.sw             x10, x0(x14)        x10:00000065 x14:1a104000  PA:1a104010
            19742500           19727 1c001774 00008067 jalr             x0, x1, 0            x1:1c001bca
            19743500           19728 1c001bca 16a0006f jal              x0, 362            
            19745500           19730 1c001d34 00900633 add              x12, x0, x9         x12=1c002349  x9:1c002349
            19746500           19731 1c001d36 e69ff06f jal              x0, -408           
            19749500           19734 1c001b9e 00064583 lbu              x11, 0(x12)         x11=00000020 x12:1c002349  PA:1c002349
            19763500           19748 1c001ba2 00160493 addi             x9, x12, 1           x9=1c00234a x12:1c002349
            19764500           19749 1c001ba6 00059e63 bne              x11, x0, 28         x11:00000020
            19767500           19752 1c001bc2 01458563 beq              x11, x20, 10        x11:00000020 x20:00000025
            19768500           19753 1c001bc6 01200533 add              x10, x0, x18        x10=00000000 x18:00000000
            19769500           19754 1c001bc8 000980e7 jalr             x1, x19, 0           x1=1c001bca x19:1c001776
            19771500           19756 1c001776 00b00533 add              x10, x0, x11        x10=00000020 x11:00000020
            19772500           19757 1c001778 fddff06f jal              x0, -36            
            19774500           19759 1c001754 000026b7 lui              x13, 0x2000         x13=00002000
            19775500           19760 1c001756 f14027f3 csrrs            x15, x0, 0xf14      x15=00000002
            19776500           19761 1c00175a f8068693 addi             x13, x13, -128      x13=00001f80 x13:00002000
            19777500           19762 1c00175e 00379713 slli             x14, x15, 0x3       x14=00000010 x15:00000002
            19778500           19763 1c001762 00279793 slli             x15, x15, 0x2       x15=00000008 x15:00000002
            19779500           19764 1c001764 ee873733 p.bclr           x14, x14, 23, 8     x14=00000010 x14:00000010
            19780500           19765 1c001768 00d7f7b3 and              x15, x15, x13       x15=00000000 x15:00000008 x13:00001f80
            19781500           19766 1c00176a 00e787b3 add              x15, x15, x14       x15=00000010 x15:00000000 x14:00000010
            19782500           19767 1c00176c 1a104737 lui              x14, 0x1a104000     x14=1a104000
            19783500           19768 1c001770 00a767a3 p.sw             x10, x0(x14)        x10:00000020 x14:1a104000  PA:1a104010
            19787500           19772 1c001774 00008067 jalr             x0, x1, 0            x1:1c001bca
            19788500           19773 1c001bca 16a0006f jal              x0, 362            
            19790500           19775 1c001d34 00900633 add              x12, x0, x9         x12=1c00234a  x9:1c00234a
            19791500           19776 1c001d36 e69ff06f jal              x0, -408           
            19794500           19779 1c001b9e 00064583 lbu              x11, 0(x12)         x11=00000028 x12:1c00234a  PA:1c00234a
            19811500           19796 1c001ba2 00160493 addi             x9, x12, 1           x9=1c00234b x12:1c00234a
            19812500           19797 1c001ba6 00059e63 bne              x11, x0, 28         x11:00000028
            19815500           19800 1c001bc2 01458563 beq              x11, x20, 10        x11:00000028 x20:00000025
            19816500           19801 1c001bc6 01200533 add              x10, x0, x18        x10=00000000 x18:00000000
            19817500           19802 1c001bc8 000980e7 jalr             x1, x19, 0           x1=1c001bca x19:1c001776
            19819500           19804 1c001776 00b00533 add              x10, x0, x11        x10=00000028 x11:00000028
            19820500           19805 1c001778 fddff06f jal              x0, -36            
            19822500           19807 1c001754 000026b7 lui              x13, 0x2000         x13=00002000
            19823500           19808 1c001756 f14027f3 csrrs            x15, x0, 0xf14      x15=00000002
            19824500           19809 1c00175a f8068693 addi             x13, x13, -128      x13=00001f80 x13:00002000
            19825500           19810 1c00175e 00379713 slli             x14, x15, 0x3       x14=00000010 x15:00000002
            19826500           19811 1c001762 00279793 slli             x15, x15, 0x2       x15=00000008 x15:00000002
            19827500           19812 1c001764 ee873733 p.bclr           x14, x14, 23, 8     x14=00000010 x14:00000010
            19828500           19813 1c001768 00d7f7b3 and              x15, x15, x13       x15=00000000 x15:00000008 x13:00001f80
            19829500           19814 1c00176a 00e787b3 add              x15, x15, x14       x15=00000010 x15:00000000 x14:00000010
            19830500           19815 1c00176c 1a104737 lui              x14, 0x1a104000     x14=1a104000
            19831500           19816 1c001770 00a767a3 p.sw             x10, x0(x14)        x10:00000028 x14:1a104000  PA:1a104010
            19835500           19820 1c001774 00008067 jalr             x0, x1, 0            x1:1c001bca
            19836500           19821 1c001bca 16a0006f jal              x0, 362            
            19838500           19823 1c001d34 00900633 add              x12, x0, x9         x12=1c00234b  x9:1c00234b
            19839500           19824 1c001d36 e69ff06f jal              x0, -408           
            19842500           19827 1c001b9e 00064583 lbu              x11, 0(x12)         x11=00000025 x12:1c00234b  PA:1c00234b
            19861500           19846 1c001ba2 00160493 addi             x9, x12, 1           x9=1c00234c x12:1c00234b
            19862500           19847 1c001ba6 00059e63 bne              x11, x0, 28         x11:00000025
            19865500           19850 1c001bc2 01458563 beq              x11, x20, 10        x11:00000025 x20:00000025
            19868500           19853 1c001bcc 00414783 lbu              x15, 4(x2)          x15=000000xx  x2:100fd6f0  PA:100fd6f4
            19876500           19861 1c001bd0 00012423 sw               x0, 8(x2)            x2:100fd6f0  PA:100fd6f8
            19878500           19863 1c001bd2 00010623 sb               x0, 12(x2)           x2:100fd6f0  PA:100fd6fc
            19879500           19864 1c001bd6 c00027b3 p.insert         x15, x0, 0, 0       x15=000000xX x15:000000xx
            19880500           19865 1c001bda c01027b3 p.insert         x15, x0, 0, 1       x15=000000xX x15:000000xX
            19896500           19881 1c001bde c03027b3 p.insert         x15, x0, 0, 3       x15=000000xX x15:000000xX
            19897500           19882 1c001be2 00f10223 sb               x15, 4(x2)          x15:000000xX  x2:100fd6f0  PA:100fd6f4
            19901500           19886 1c001be6 00000713 addi             x14, x0, 0          x14=00000000
            19902500           19887 1c001be8 00000613 addi             x12, x0, 0          x12=00000000
            19903500           19888 1c001bea 00000693 addi             x13, x0, 0          x13=00000000
            19904500           19889 1c001bec 00000513 addi             x10, x0, 0          x10=00000000
            19905500           19890 1c001bee 00000593 addi             x11, x0, 0          x11=00000000
            19919500           19904 1c001bf0 03000813 addi             x16, x0, 48         x16=00000030
            19920500           19905 1c001bf4 02300893 addi             x17, x0, 35         x17=00000023
            19921500           19906 1c001bf8 0004c783 lbu              x15, 0(x9)          x15=00000069  x9:1c00234c  PA:1c00234c
            19946500           19931 1c001bfc 00148c13 addi             x24, x9, 1          x24=1c00234d  x9:1c00234c
            19947500           19932 1c001c00 04079163 bne              x15, x0, 66         x15:00000069
            19971500           19956 1c001c42 01778c63 beq              x15, x23, 24        x15:00000069 x23:0000002d
            19972500           19957 1c001c46 01078663 beq              x15, x16, 12        x15:00000069 x16:00000030
            19973500           19958 1c001c4a fb179ce3 bne              x15, x17, -72       x15:00000069 x17:00000023
            19993500           19978 1c001c02 00050763 beq              x10, x0, 14         x10:00000000
            20012500           19997 1c001c10 00060763 beq              x12, x0, 14         x12:00000000
            20015500           20000 1c001c1e 00070763 beq              x14, x0, 14         x14:00000000
            20033500           20018 1c001c2c fd078713 addi             x14, x15, -48       x14=00000039 x15:00000069
            20050500           20035 1c001c30 0ff77713 andi             x14, x14, 255       x14=00000039 x14:00000039
            20051500           20036 1c001c34 00900693 addi             x13, x0, 9          x13=00000009
            20052500           20037 1c001c36 04e6eb63 bltu             x13, x14, 86        x13:00000009 x14:00000039
            20072500           20057 1c001c8c 02e00713 addi             x14, x0, 46         x14=0000002e
            20090500           20075 1c001c90 02e79163 bne              x15, x14, 34        x15:00000069 x14:0000002e
            20109500           20094 1c001cb2 07a00713 addi             x14, x0, 122        x14=0000007a
            20110500           20095 1c001cb6 04e79263 bne              x15, x14, 68        x15:00000069 x14:0000007a
            20149500           20134 1c001cfa 06c00713 addi             x14, x0, 108        x14=0000006c
            20167500           20152 1c001cfe 20e79463 bne              x15, x14, 520       x15:00000069 x14:0000006c
            20191500           20176 1c001f06 06900713 addi             x14, x0, 105        x14=00000069
            20192500           20177 1c001f0a 02e78a63 beq              x15, x14, 52        x15:00000069 x14:00000069
            20229500           20214 1c001f3e 018004b3 add              x9, x0, x24          x9=1c00234d x24:1c00234d
            20246500           20231 1c001f40 00000793 addi             x15, x0, 0          x15=00000000
            20247500           20232 1c001f42 e09ff06f jal              x0, -504           
            20265500           20250 1c001d4a 00a00713 addi             x14, x0, 10         x14=0000000a
            20266500           20251 1c001d4c 00e12823 sw               x14, 16(x2)         x14:0000000a  x2:100fd6f0  PA:100fd700
            20288500           20273 1c001d4e 0e27b363 p.bneimm         x15, 230            x15:00000000
            20307500           20292 1c001e34 00440c13 addi             x24, x8, 4          x24=100fd778  x8:100fd774
            20308500           20293 1c001e38 00042503 lw               x10, 0(x8)          x10=00000000  x8:100fd774  PA:100fd774
            20313500           20298 1c001e3a 0017bd63 p.bneimm         x15, 26             x15:00000000
            20345500           20330 1c001e54 00055863 bge              x10, x0, 16         x10:00000000
            20364500           20349 1c001e64 00410593 addi             x11, x2, 4          x11=100fd6f4  x2:100fd6f0
            20365500           20350 1c001e66 b99ff0ef jal              x1, -1128            x1=1c001e68
            20385500           20370 1c0019fe 0105a683 lw               x13, 16(x11)        x13=100fd708 x11:100fd6f4  PA:100fd704
            20402500           20387 1c001a00 00c5a703 lw               x14, 12(x11)        x14=0000000a x11:100fd6f4  PA:100fd700
            20405500           20390 1c001a02 00100793 addi             x15, x0, 1          x15=00000001
            20406500           20391 1c001a04 02f55633 divu             x12, x10, x15       x12=00000000 x10:00000000 x15:00000001
            20440500           20425 1c001a08 00e67863 bgeu             x12, x14, 16        x12:00000000 x14:0000000a
            20441500           20426 1c001a0c 00000613 addi             x12, x0, 0          x12=00000000
            20442500           20427 1c001a0e 00900313 addi             x6, x0, 9            x6=00000009
            20443500           20428 1c001a10 00079763 bne              x15, x0, 14         x15:00000001
            20446500           20431 1c001a1e 00c5a703 lw               x14, 12(x11)        x14=0000000a x11:100fd6f4  PA:100fd700
            20461500           20446 1c001a20 02f55833 divu             x16, x10, x15       x16=00000000 x10:00000000 x15:00000001
            20495500           20480 1c001a24 02f57533 remu             x10, x10, x15       x10=00000000 x10:00000000 x15:00000001
            20529500           20514 1c001a28 02e7d7b3 divu             x15, x15, x14       x15=00000000 x15:00000001 x14:0000000a
            20560500           20545 1c001a2c 00061763 bne              x12, x0, 14         x12:00000000
            20561500           20546 1c001a2e 01004663 blt              x0, x16, 12         x16:00000000
            20562500           20547 1c001a32 fc079fe3 bne              x15, x0, -34        x15:00000000
            20563500           20548 1c001a34 03000713 addi             x14, x0, 48         x14=00000030
            20564500           20549 1c001a38 01e0006f jal              x0, 30             
            20582500           20567 1c001a56 01070733 add              x14, x14, x16       x14=00000030 x14:00000030 x16:00000000
            20583500           20568 1c001a58 00e68023 sb               x14, 0(x13)         x14:00000030 x13:100fd708  PA:100fd708
            20584500           20569 1c001a5c 00160613 addi             x12, x12, 1         x12=00000001 x12:00000000
            20585500           20570 1c001a5e 00168693 addi             x13, x13, 1         x13=100fd709 x13:100fd708
            20601500           20586 1c001a60 fb1ff06f jal              x0, -80            
            20603500           20588 1c001a10 00079763 bne              x15, x0, 14         x15:00000000
            20604500           20589 1c001a12 00068023 sb               x0, 0(x13)          x13:100fd709  PA:100fd709
            20606500           20591 1c001a16 00008067 jalr             x0, x1, 0            x1:1c001e68
            20607500           20592 1c001e68 f17ff06f jal              x0, -234           
            20625500           20610 1c001d7e 00410613 addi             x12, x2, 4          x12=100fd6f4  x2:100fd6f0
            20642500           20627 1c001d80 013005b3 add              x11, x0, x19        x11=1c001776 x19:1c001776
            20643500           20628 1c001d82 01200533 add              x10, x0, x18        x10=00000000 x18:00000000
            20644500           20629 1c001d84 cdfff0ef jal              x1, -802             x1=1c001d86
            20646500           20631 1c001a62 fe010113 addi             x2, x2, -32          x2=100fd6d0  x2:100fd6f0
            20647500           20632 1c001a64 00812c23 sw               x8, 24(x2)           x8:100fd774  x2:100fd6d0  PA:100fd6e8
            20654500           20639 1c001a66 01062783 lw               x15, 16(x12)        x15=100fd708 x12:100fd6f4  PA:100fd704
            20655500           20640 1c001a68 00462403 lw               x8, 4(x12)           x8=00000000 x12:100fd6f4  PA:100fd6f8
            20656500           20641 1c001a6a 00912a23 sw               x9, 20(x2)           x9:1c00234d  x2:100fd6d0  PA:100fd6e4
            20657500           20642 1c001a6c 01212823 sw               x18, 16(x2)         x18:00000000  x2:100fd6d0  PA:100fd6e0
            20658500           20643 1c001a6e 01312623 sw               x19, 12(x2)         x19:1c001776  x2:100fd6d0  PA:100fd6dc
            20673500           20658 1c001a70 00112e23 sw               x1, 28(x2)           x1:1c001d86  x2:100fd6d0  PA:100fd6ec
            20676500           20661 1c001a72 01412423 sw               x20, 8(x2)          x20:00000025  x2:100fd6d0  PA:100fd6d8
            20677500           20662 1c001a74 00a00933 add              x18, x0, x10        x18=00000000 x10:00000000
            20678500           20663 1c001a76 00b009b3 add              x19, x0, x11        x19=1c001776 x11:1c001776
            20679500           20664 1c001a78 00c004b3 add              x9, x0, x12          x9=100fd6f4 x12:100fd6f4
            20680500           20665 1c001a7a 0017c70b p.lbu            x14, 1(x15!)        x14=00000030 x15=100fd709 x15:100fd708  PA:100fd708
            20682500           20667 1c001a7e 00070363 beq              x14, x0, 6          x14:00000030
            20696500           20681 1c001a80 08804863 blt              x0, x8, 144          x8:00000000
            20697500           20682 1c001a84 0084c783 lbu              x15, 8(x9)          x15=00000000  x9:100fd6f4  PA:100fd6fc
            20703500           20688 1c001a88 00078263 beq              x15, x0, 4          x15:00000000
            20706500           20691 1c001a8c 0004c783 lbu              x15, 0(x9)          x15=000000xX  x9:100fd6f4  PA:100fd6f4
            20720500           20705 1c001a90 0027f713 andi             x14, x15, 2         x14=00000000 x15:000000xX
            20721500           20706 1c001a94 00070663 beq              x14, x0, 12         x14:00000000
            20740500           20725 1c001aa0 0097f793 andi             x15, x15, 9         x15=00000000 x15:000000xX
            20741500           20726 1c001aa2 00800a33 add              x20, x0, x8         x20=00000000  x8:00000000
            20742500           20727 1c001aa4 08078163 beq              x15, x0, 130        x15:00000000
            20764500           20749 1c001b26 ff404be3 blt              x0, x20, -10        x20:00000000
            20765500           20750 1c001b2a fff40793 addi             x15, x8, -1         x15=ffffffff  x8:00000000
            20788500           20773 1c001b2e 04046433 p.max            x8, x8, x0           x8=00000000  x8:00000000
            20789500           20774 1c001b32 40878433 sub              x8, x15, x8          x8=ffffffff x15:ffffffff  x8:00000000
            20790500           20775 1c001b36 f71ff06f jal              x0, -144           
            20792500           20777 1c001aa6 0084c583 lbu              x11, 8(x9)          x11=00000000  x9:100fd6f4  PA:100fd6fc
            20797500           20782 1c001aaa 00058363 beq              x11, x0, 6          x11:00000000
            20813500           20798 1c001ab0 0004c783 lbu              x15, 0(x9)          x15=000000xX  x9:100fd6f4  PA:100fd6f4
            20818500           20803 1c001ab4 0027f793 andi             x15, x15, 2         x15=00000000 x15:000000xX
            20819500           20804 1c001ab6 02078363 beq              x15, x0, 38         x15:00000000
            20835500           20820 1c001adc 0004c783 lbu              x15, 0(x9)          x15=000000xX  x9:100fd6f4  PA:100fd6f4
            20852500           20837 1c001ae0 00800a33 add              x20, x0, x8         x20=ffffffff  x8:ffffffff
            20853500           20838 1c001ae2 fc17b7b3 p.bclr           x15, x15, 30, 1     x15=00000000 x15:000000xX
            20854500           20839 1c001ae6 06079363 bne              x15, x0, 102        x15:00000000
            20855500           20840 1c001ae8 0104aa03 lw               x20, 16(x9)         x20=100fd708  x9:100fd6f4  PA:100fd704
            20859500           20844 1c001aec 001a458b p.lbu            x11, 1(x20!)        x11=00000030 x20=100fd709 x20:100fd708  PA:100fd708
            20873500           20858 1c001af0 06059763 bne              x11, x0, 110        x11:00000030
            20893500           20878 1c001b5e 01200533 add              x10, x0, x18        x10=00000000 x18:00000000
            20910500           20895 1c001b60 000980e7 jalr             x1, x19, 0           x1=1c001b62 x19:1c001776
            20912500           20897 1c001776 00b00533 add              x10, x0, x11        x10=00000030 x11:00000030
            20913500           20898 1c001778 fddff06f jal              x0, -36            
            20915500           20900 1c001754 000026b7 lui              x13, 0x2000         x13=00002000
            20916500           20901 1c001756 f14027f3 csrrs            x15, x0, 0xf14      x15=00000002
            20917500           20902 1c00175a f8068693 addi             x13, x13, -128      x13=00001f80 x13:00002000
            20918500           20903 1c00175e 00379713 slli             x14, x15, 0x3       x14=00000010 x15:00000002
            20919500           20904 1c001762 00279793 slli             x15, x15, 0x2       x15=00000008 x15:00000002
            20920500           20905 1c001764 ee873733 p.bclr           x14, x14, 23, 8     x14=00000010 x14:00000010
            20921500           20906 1c001768 00d7f7b3 and              x15, x15, x13       x15=00000000 x15:00000008 x13:00001f80
            20922500           20907 1c00176a 00e787b3 add              x15, x15, x14       x15=00000010 x15:00000000 x14:00000010
            20923500           20908 1c00176c 1a104737 lui              x14, 0x1a104000     x14=1a104000
            20924500           20909 1c001770 00a767a3 p.sw             x10, x0(x14)        x10:00000030 x14:1a104000  PA:1a104010
            20928500           20913 1c001774 00008067 jalr             x0, x1, 0            x1:1c001b62
            20929500           20914 1c001b62 f8bff06f jal              x0, -118           
            20931500           20916 1c001aec 001a458b p.lbu            x11, 1(x20!)        x11=00000000 x20=100fd70a x20:100fd709  PA:100fd709
            20939500           20924 1c001af0 06059763 bne              x11, x0, 110        x11:00000000
            20940500           20925 1c001af2 0004c783 lbu              x15, 0(x9)          x15=000000xX  x9:100fd6f4  PA:100fd6f4
            20942500           20927 1c001af6 0097f793 andi             x15, x15, 9         x15=00000000 x15:000000xX
            20943500           20928 1c001af8 0087b463 p.bneimm         x15, 8              x15:00000000
            20957500           20942 1c001b00 01c12083 lw               x1, 28(x2)           x1=1c001d86  x2:100fd6d0  PA:100fd6ec
            20961500           20946 1c001b02 01812403 lw               x8, 24(x2)           x8=100fd774  x2:100fd6d0  PA:100fd6e8
            20962500           20947 1c001b04 01412483 lw               x9, 20(x2)           x9=1c00234d  x2:100fd6d0  PA:100fd6e4
            20963500           20948 1c001b06 01012903 lw               x18, 16(x2)         x18=00000000  x2:100fd6d0  PA:100fd6e0
            20964500           20949 1c001b08 00c12983 lw               x19, 12(x2)         x19=1c001776  x2:100fd6d0  PA:100fd6dc
            20965500           20950 1c001b0a 00812a03 lw               x20, 8(x2)          x20=00000025  x2:100fd6d0  PA:100fd6d8
            20966500           20951 1c001b0c 02010113 addi             x2, x2, 32           x2=100fd6f0  x2:100fd6d0
            20967500           20952 1c001b0e 00008067 jalr             x0, x1, 0            x1:1c001d86
            20981500           20966 1c001d86 01800433 add              x8, x0, x24          x8=100fd778 x24:100fd778
            20982500           20967 1c001d88 fadff06f jal              x0, -84            
            20984500           20969 1c001d34 00900633 add              x12, x0, x9         x12=1c00234d  x9:1c00234d
            20985500           20970 1c001d36 e69ff06f jal              x0, -408           
            20988500           20973 1c001b9e 00064583 lbu              x11, 0(x12)         x11=0000002c x12:1c00234d  PA:1c00234d
            21007500           20992 1c001ba2 00160493 addi             x9, x12, 1           x9=1c00234e x12:1c00234d
            21008500           20993 1c001ba6 00059e63 bne              x11, x0, 28         x11:0000002c
            21011500           20996 1c001bc2 01458563 beq              x11, x20, 10        x11:0000002c x20:00000025
            21012500           20997 1c001bc6 01200533 add              x10, x0, x18        x10=00000000 x18:00000000
            21013500           20998 1c001bc8 000980e7 jalr             x1, x19, 0           x1=1c001bca x19:1c001776
            21015500           21000 1c001776 00b00533 add              x10, x0, x11        x10=0000002c x11:0000002c
            21016500           21001 1c001778 fddff06f jal              x0, -36            
            21018500           21003 1c001754 000026b7 lui              x13, 0x2000         x13=00002000
            21019500           21004 1c001756 f14027f3 csrrs            x15, x0, 0xf14      x15=00000002
            21020500           21005 1c00175a f8068693 addi             x13, x13, -128      x13=00001f80 x13:00002000
            21021500           21006 1c00175e 00379713 slli             x14, x15, 0x3       x14=00000010 x15:00000002
            21022500           21007 1c001762 00279793 slli             x15, x15, 0x2       x15=00000008 x15:00000002
            21023500           21008 1c001764 ee873733 p.bclr           x14, x14, 23, 8     x14=00000010 x14:00000010
            21024500           21009 1c001768 00d7f7b3 and              x15, x15, x13       x15=00000000 x15:00000008 x13:00001f80
            21025500           21010 1c00176a 00e787b3 add              x15, x15, x14       x15=00000010 x15:00000000 x14:00000010
            21026500           21011 1c00176c 1a104737 lui              x14, 0x1a104000     x14=1a104000
            21027500           21012 1c001770 00a767a3 p.sw             x10, x0(x14)        x10:0000002c x14:1a104000  PA:1a104010
            21031500           21016 1c001774 00008067 jalr             x0, x1, 0            x1:1c001bca
            21032500           21017 1c001bca 16a0006f jal              x0, 362            
            21034500           21019 1c001d34 00900633 add              x12, x0, x9         x12=1c00234e  x9:1c00234e
            21035500           21020 1c001d36 e69ff06f jal              x0, -408           
            21038500           21023 1c001b9e 00064583 lbu              x11, 0(x12)         x11=00000020 x12:1c00234e  PA:1c00234e
            21052500           21037 1c001ba2 00160493 addi             x9, x12, 1           x9=1c00234f x12:1c00234e
            21053500           21038 1c001ba6 00059e63 bne              x11, x0, 28         x11:00000020
            21056500           21041 1c001bc2 01458563 beq              x11, x20, 10        x11:00000020 x20:00000025
            21057500           21042 1c001bc6 01200533 add              x10, x0, x18        x10=00000000 x18:00000000
            21058500           21043 1c001bc8 000980e7 jalr             x1, x19, 0           x1=1c001bca x19:1c001776
            21060500           21045 1c001776 00b00533 add              x10, x0, x11        x10=00000020 x11:00000020
            21061500           21046 1c001778 fddff06f jal              x0, -36            
            21063500           21048 1c001754 000026b7 lui              x13, 0x2000         x13=00002000
            21064500           21049 1c001756 f14027f3 csrrs            x15, x0, 0xf14      x15=00000002
            21065500           21050 1c00175a f8068693 addi             x13, x13, -128      x13=00001f80 x13:00002000
            21066500           21051 1c00175e 00379713 slli             x14, x15, 0x3       x14=00000010 x15:00000002
            21067500           21052 1c001762 00279793 slli             x15, x15, 0x2       x15=00000008 x15:00000002
            21068500           21053 1c001764 ee873733 p.bclr           x14, x14, 23, 8     x14=00000010 x14:00000010
            21069500           21054 1c001768 00d7f7b3 and              x15, x15, x13       x15=00000000 x15:00000008 x13:00001f80
            21070500           21055 1c00176a 00e787b3 add              x15, x15, x14       x15=00000010 x15:00000000 x14:00000010
            21071500           21056 1c00176c 1a104737 lui              x14, 0x1a104000     x14=1a104000
            21072500           21057 1c001770 00a767a3 p.sw             x10, x0(x14)        x10:00000020 x14:1a104000  PA:1a104010
            21076500           21061 1c001774 00008067 jalr             x0, x1, 0            x1:1c001bca
            21077500           21062 1c001bca 16a0006f jal              x0, 362            
            21079500           21064 1c001d34 00900633 add              x12, x0, x9         x12=1c00234f  x9:1c00234f
            21080500           21065 1c001d36 e69ff06f jal              x0, -408           
            21083500           21068 1c001b9e 00064583 lbu              x11, 0(x12)         x11=00000025 x12:1c00234f  PA:1c00234f
            21100500           21085 1c001ba2 00160493 addi             x9, x12, 1           x9=1c002350 x12:1c00234f
            21101500           21086 1c001ba6 00059e63 bne              x11, x0, 28         x11:00000025
            21104500           21089 1c001bc2 01458563 beq              x11, x20, 10        x11:00000025 x20:00000025
            21107500           21092 1c001bcc 00414783 lbu              x15, 4(x2)          x15=000000xX  x2:100fd6f0  PA:100fd6f4
            21108500           21093 1c001bd0 00012423 sw               x0, 8(x2)            x2:100fd6f0  PA:100fd6f8
            21109500           21094 1c001bd2 00010623 sb               x0, 12(x2)           x2:100fd6f0  PA:100fd6fc
            21110500           21095 1c001bd6 c00027b3 p.insert         x15, x0, 0, 0       x15=000000xX x15:000000xX
            21111500           21096 1c001bda c01027b3 p.insert         x15, x0, 0, 1       x15=000000xX x15:000000xX
            21112500           21097 1c001bde c03027b3 p.insert         x15, x0, 0, 3       x15=000000xX x15:000000xX
            21113500           21098 1c001be2 00f10223 sb               x15, 4(x2)          x15:000000xX  x2:100fd6f0  PA:100fd6f4
            21115500           21100 1c001be6 00000713 addi             x14, x0, 0          x14=00000000
            21116500           21101 1c001be8 00000613 addi             x12, x0, 0          x12=00000000
            21117500           21102 1c001bea 00000693 addi             x13, x0, 0          x13=00000000
            21118500           21103 1c001bec 00000513 addi             x10, x0, 0          x10=00000000
            21119500           21104 1c001bee 00000593 addi             x11, x0, 0          x11=00000000
            21120500           21105 1c001bf0 03000813 addi             x16, x0, 48         x16=00000030
            21121500           21106 1c001bf4 02300893 addi             x17, x0, 35         x17=00000023
            21122500           21107 1c001bf8 0004c783 lbu              x15, 0(x9)          x15=00000069  x9:1c002350  PA:1c002350
            21136500           21121 1c001bfc 00148c13 addi             x24, x9, 1          x24=1c002351  x9:1c002350
            21137500           21122 1c001c00 04079163 bne              x15, x0, 66         x15:00000069
            21140500           21125 1c001c42 01778c63 beq              x15, x23, 24        x15:00000069 x23:0000002d
            21141500           21126 1c001c46 01078663 beq              x15, x16, 12        x15:00000069 x16:00000030
            21142500           21127 1c001c4a fb179ce3 bne              x15, x17, -72       x15:00000069 x17:00000023
            21145500           21130 1c001c02 00050763 beq              x10, x0, 14         x10:00000000
            21148500           21133 1c001c10 00060763 beq              x12, x0, 14         x12:00000000
            21151500           21136 1c001c1e 00070763 beq              x14, x0, 14         x14:00000000
            21154500           21139 1c001c2c fd078713 addi             x14, x15, -48       x14=00000039 x15:00000069
            21155500           21140 1c001c30 0ff77713 andi             x14, x14, 255       x14=00000039 x14:00000039
            21156500           21141 1c001c34 00900693 addi             x13, x0, 9          x13=00000009
            21157500           21142 1c001c36 04e6eb63 bltu             x13, x14, 86        x13:00000009 x14:00000039
            21160500           21145 1c001c8c 02e00713 addi             x14, x0, 46         x14=0000002e
            21161500           21146 1c001c90 02e79163 bne              x15, x14, 34        x15:00000069 x14:0000002e
            21164500           21149 1c001cb2 07a00713 addi             x14, x0, 122        x14=0000007a
            21165500           21150 1c001cb6 04e79263 bne              x15, x14, 68        x15:00000069 x14:0000007a
            21168500           21153 1c001cfa 06c00713 addi             x14, x0, 108        x14=0000006c
            21170500           21155 1c001cfe 20e79463 bne              x15, x14, 520       x15:00000069 x14:0000006c
            21173500           21158 1c001f06 06900713 addi             x14, x0, 105        x14=00000069
            21174500           21159 1c001f0a 02e78a63 beq              x15, x14, 52        x15:00000069 x14:00000069
            21177500           21162 1c001f3e 018004b3 add              x9, x0, x24          x9=1c002351 x24:1c002351
            21178500           21163 1c001f40 00000793 addi             x15, x0, 0          x15=00000000
            21179500           21164 1c001f42 e09ff06f jal              x0, -504           
            21181500           21166 1c001d4a 00a00713 addi             x14, x0, 10         x14=0000000a
            21182500           21167 1c001d4c 00e12823 sw               x14, 16(x2)         x14:0000000a  x2:100fd6f0  PA:100fd700
            21183500           21168 1c001d4e 0e27b363 p.bneimm         x15, 230            x15:00000000
            21186500           21171 1c001e34 00440c13 addi             x24, x8, 4          x24=100fd77c  x8:100fd778
            21187500           21172 1c001e38 00042503 lw               x10, 0(x8)          x10=00000002  x8:100fd778  PA:100fd778
            21188500           21173 1c001e3a 0017bd63 p.bneimm         x15, 26             x15:00000000
            21191500           21176 1c001e54 00055863 bge              x10, x0, 16         x10:00000002
            21194500           21179 1c001e64 00410593 addi             x11, x2, 4          x11=100fd6f4  x2:100fd6f0
            21195500           21180 1c001e66 b99ff0ef jal              x1, -1128            x1=1c001e68
            21197500           21182 1c0019fe 0105a683 lw               x13, 16(x11)        x13=100fd708 x11:100fd6f4  PA:100fd704
            21198500           21183 1c001a00 00c5a703 lw               x14, 12(x11)        x14=0000000a x11:100fd6f4  PA:100fd700
            21199500           21184 1c001a02 00100793 addi             x15, x0, 1          x15=00000001
            21200500           21185 1c001a04 02f55633 divu             x12, x10, x15       x12=00000002 x10:00000002 x15:00000001
            21234500           21219 1c001a08 00e67863 bgeu             x12, x14, 16        x12:00000002 x14:0000000a
            21235500           21220 1c001a0c 00000613 addi             x12, x0, 0          x12=00000000
            21236500           21221 1c001a0e 00900313 addi             x6, x0, 9            x6=00000009
            21237500           21222 1c001a10 00079763 bne              x15, x0, 14         x15:00000001
            21240500           21225 1c001a1e 00c5a703 lw               x14, 12(x11)        x14=0000000a x11:100fd6f4  PA:100fd700
            21241500           21226 1c001a20 02f55833 divu             x16, x10, x15       x16=00000002 x10:00000002 x15:00000001
            21275500           21260 1c001a24 02f57533 remu             x10, x10, x15       x10=00000000 x10:00000002 x15:00000001
            21309500           21294 1c001a28 02e7d7b3 divu             x15, x15, x14       x15=00000000 x15:00000001 x14:0000000a
            21340500           21325 1c001a2c 00061763 bne              x12, x0, 14         x12:00000000
            21341500           21326 1c001a2e 01004663 blt              x0, x16, 12         x16:00000002
            21344500           21329 1c001a3a 03000713 addi             x14, x0, 48         x14=00000030
            21360500           21345 1c001a3e 01035c63 bge              x6, x16, 24          x6:00000009 x16:00000002
            21363500           21348 1c001a56 01070733 add              x14, x14, x16       x14=00000032 x14:00000030 x16:00000002
            21364500           21349 1c001a58 00e68023 sb               x14, 0(x13)         x14:00000032 x13:100fd708  PA:100fd708
            21368500           21353 1c001a5c 00160613 addi             x12, x12, 1         x12=00000001 x12:00000000
            21369500           21354 1c001a5e 00168693 addi             x13, x13, 1         x13=100fd709 x13:100fd708
            21370500           21355 1c001a60 fb1ff06f jal              x0, -80            
            21372500           21357 1c001a10 00079763 bne              x15, x0, 14         x15:00000000
            21373500           21358 1c001a12 00068023 sb               x0, 0(x13)          x13:100fd709  PA:100fd709
            21374500           21359 1c001a16 00008067 jalr             x0, x1, 0            x1:1c001e68
            21376500           21361 1c001e68 f17ff06f jal              x0, -234           
            21378500           21363 1c001d7e 00410613 addi             x12, x2, 4          x12=100fd6f4  x2:100fd6f0
            21379500           21364 1c001d80 013005b3 add              x11, x0, x19        x11=1c001776 x19:1c001776
            21380500           21365 1c001d82 01200533 add              x10, x0, x18        x10=00000000 x18:00000000
            21381500           21366 1c001d84 cdfff0ef jal              x1, -802             x1=1c001d86
            21383500           21368 1c001a62 fe010113 addi             x2, x2, -32          x2=100fd6d0  x2:100fd6f0
            21384500           21369 1c001a64 00812c23 sw               x8, 24(x2)           x8:100fd778  x2:100fd6d0  PA:100fd6e8
            21385500           21370 1c001a66 01062783 lw               x15, 16(x12)        x15=100fd708 x12:100fd6f4  PA:100fd704
            21386500           21371 1c001a68 00462403 lw               x8, 4(x12)           x8=00000000 x12:100fd6f4  PA:100fd6f8
            21387500           21372 1c001a6a 00912a23 sw               x9, 20(x2)           x9:1c002351  x2:100fd6d0  PA:100fd6e4
            21388500           21373 1c001a6c 01212823 sw               x18, 16(x2)         x18:00000000  x2:100fd6d0  PA:100fd6e0
            21389500           21374 1c001a6e 01312623 sw               x19, 12(x2)         x19:1c001776  x2:100fd6d0  PA:100fd6dc
            21390500           21375 1c001a70 00112e23 sw               x1, 28(x2)           x1:1c001d86  x2:100fd6d0  PA:100fd6ec
            21391500           21376 1c001a72 01412423 sw               x20, 8(x2)          x20:00000025  x2:100fd6d0  PA:100fd6d8
            21392500           21377 1c001a74 00a00933 add              x18, x0, x10        x18=00000000 x10:00000000
            21393500           21378 1c001a76 00b009b3 add              x19, x0, x11        x19=1c001776 x11:1c001776
            21394500           21379 1c001a78 00c004b3 add              x9, x0, x12          x9=100fd6f4 x12:100fd6f4
            21395500           21380 1c001a7a 0017c70b p.lbu            x14, 1(x15!)        x14=00000032 x15=100fd709 x15:100fd708  PA:100fd708
            21397500           21382 1c001a7e 00070363 beq              x14, x0, 6          x14:00000032
            21398500           21383 1c001a80 08804863 blt              x0, x8, 144          x8:00000000
            21399500           21384 1c001a84 0084c783 lbu              x15, 8(x9)          x15=00000000  x9:100fd6f4  PA:100fd6fc
            21401500           21386 1c001a88 00078263 beq              x15, x0, 4          x15:00000000
            21404500           21389 1c001a8c 0004c783 lbu              x15, 0(x9)          x15=000000xX  x9:100fd6f4  PA:100fd6f4
            21406500           21391 1c001a90 0027f713 andi             x14, x15, 2         x14=00000000 x15:000000xX
            21407500           21392 1c001a94 00070663 beq              x14, x0, 12         x14:00000000
            21410500           21395 1c001aa0 0097f793 andi             x15, x15, 9         x15=00000000 x15:000000xX
            21411500           21396 1c001aa2 00800a33 add              x20, x0, x8         x20=00000000  x8:00000000
            21412500           21397 1c001aa4 08078163 beq              x15, x0, 130        x15:00000000
            21415500           21400 1c001b26 ff404be3 blt              x0, x20, -10        x20:00000000
            21416500           21401 1c001b2a fff40793 addi             x15, x8, -1         x15=ffffffff  x8:00000000
            21417500           21402 1c001b2e 04046433 p.max            x8, x8, x0           x8=00000000  x8:00000000
            21418500           21403 1c001b32 40878433 sub              x8, x15, x8          x8=ffffffff x15:ffffffff  x8:00000000
            21419500           21404 1c001b36 f71ff06f jal              x0, -144           
            21421500           21406 1c001aa6 0084c583 lbu              x11, 8(x9)          x11=00000000  x9:100fd6f4  PA:100fd6fc
            21423500           21408 1c001aaa 00058363 beq              x11, x0, 6          x11:00000000
            21426500           21411 1c001ab0 0004c783 lbu              x15, 0(x9)          x15=000000xX  x9:100fd6f4  PA:100fd6f4
            21428500           21413 1c001ab4 0027f793 andi             x15, x15, 2         x15=00000000 x15:000000xX
            21429500           21414 1c001ab6 02078363 beq              x15, x0, 38         x15:00000000
            21432500           21417 1c001adc 0004c783 lbu              x15, 0(x9)          x15=000000xX  x9:100fd6f4  PA:100fd6f4
            21433500           21418 1c001ae0 00800a33 add              x20, x0, x8         x20=ffffffff  x8:ffffffff
            21434500           21419 1c001ae2 fc17b7b3 p.bclr           x15, x15, 30, 1     x15=00000000 x15:000000xX
            21435500           21420 1c001ae6 06079363 bne              x15, x0, 102        x15:00000000
            21436500           21421 1c001ae8 0104aa03 lw               x20, 16(x9)         x20=100fd708  x9:100fd6f4  PA:100fd704
            21438500           21423 1c001aec 001a458b p.lbu            x11, 1(x20!)        x11=00000032 x20=100fd709 x20:100fd708  PA:100fd708
            21440500           21425 1c001af0 06059763 bne              x11, x0, 110        x11:00000032
            21443500           21428 1c001b5e 01200533 add              x10, x0, x18        x10=00000000 x18:00000000
            21444500           21429 1c001b60 000980e7 jalr             x1, x19, 0           x1=1c001b62 x19:1c001776
            21446500           21431 1c001776 00b00533 add              x10, x0, x11        x10=00000032 x11:00000032
            21447500           21432 1c001778 fddff06f jal              x0, -36            
            21449500           21434 1c001754 000026b7 lui              x13, 0x2000         x13=00002000
            21450500           21435 1c001756 f14027f3 csrrs            x15, x0, 0xf14      x15=00000002
            21451500           21436 1c00175a f8068693 addi             x13, x13, -128      x13=00001f80 x13:00002000
            21452500           21437 1c00175e 00379713 slli             x14, x15, 0x3       x14=00000010 x15:00000002
            21453500           21438 1c001762 00279793 slli             x15, x15, 0x2       x15=00000008 x15:00000002
            21454500           21439 1c001764 ee873733 p.bclr           x14, x14, 23, 8     x14=00000010 x14:00000010
            21455500           21440 1c001768 00d7f7b3 and              x15, x15, x13       x15=00000000 x15:00000008 x13:00001f80
            21456500           21441 1c00176a 00e787b3 add              x15, x15, x14       x15=00000010 x15:00000000 x14:00000010
            21457500           21442 1c00176c 1a104737 lui              x14, 0x1a104000     x14=1a104000
            21458500           21443 1c001770 00a767a3 p.sw             x10, x0(x14)        x10:00000032 x14:1a104000  PA:1a104010
            21462500           21447 1c001774 00008067 jalr             x0, x1, 0            x1:1c001b62
            21463500           21448 1c001b62 f8bff06f jal              x0, -118           
            21465500           21450 1c001aec 001a458b p.lbu            x11, 1(x20!)        x11=00000000 x20=100fd70a x20:100fd709  PA:100fd709
            21467500           21452 1c001af0 06059763 bne              x11, x0, 110        x11:00000000
            21468500           21453 1c001af2 0004c783 lbu              x15, 0(x9)          x15=000000xX  x9:100fd6f4  PA:100fd6f4
            21470500           21455 1c001af6 0097f793 andi             x15, x15, 9         x15=00000000 x15:000000xX
            21471500           21456 1c001af8 0087b463 p.bneimm         x15, 8              x15:00000000
            21474500           21459 1c001b00 01c12083 lw               x1, 28(x2)           x1=1c001d86  x2:100fd6d0  PA:100fd6ec
            21475500           21460 1c001b02 01812403 lw               x8, 24(x2)           x8=100fd778  x2:100fd6d0  PA:100fd6e8
            21476500           21461 1c001b04 01412483 lw               x9, 20(x2)           x9=1c002351  x2:100fd6d0  PA:100fd6e4
            21477500           21462 1c001b06 01012903 lw               x18, 16(x2)         x18=00000000  x2:100fd6d0  PA:100fd6e0
            21478500           21463 1c001b08 00c12983 lw               x19, 12(x2)         x19=1c001776  x2:100fd6d0  PA:100fd6dc
            21479500           21464 1c001b0a 00812a03 lw               x20, 8(x2)          x20=00000025  x2:100fd6d0  PA:100fd6d8
            21480500           21465 1c001b0c 02010113 addi             x2, x2, 32           x2=100fd6f0  x2:100fd6d0
            21481500           21466 1c001b0e 00008067 jalr             x0, x1, 0            x1:1c001d86
            21483500           21468 1c001d86 01800433 add              x8, x0, x24          x8=100fd77c x24:100fd77c
            21484500           21469 1c001d88 fadff06f jal              x0, -84            
            21486500           21471 1c001d34 00900633 add              x12, x0, x9         x12=1c002351  x9:1c002351
            21487500           21472 1c001d36 e69ff06f jal              x0, -408           
            21490500           21475 1c001b9e 00064583 lbu              x11, 0(x12)         x11=00000029 x12:1c002351  PA:1c002351
            21508500           21493 1c001ba2 00160493 addi             x9, x12, 1           x9=1c002352 x12:1c002351
            21509500           21494 1c001ba6 00059e63 bne              x11, x0, 28         x11:00000029
            21512500           21497 1c001bc2 01458563 beq              x11, x20, 10        x11:00000029 x20:00000025
            21513500           21498 1c001bc6 01200533 add              x10, x0, x18        x10=00000000 x18:00000000
            21514500           21499 1c001bc8 000980e7 jalr             x1, x19, 0           x1=1c001bca x19:1c001776
            21516500           21501 1c001776 00b00533 add              x10, x0, x11        x10=00000029 x11:00000029
            21517500           21502 1c001778 fddff06f jal              x0, -36            
            21519500           21504 1c001754 000026b7 lui              x13, 0x2000         x13=00002000
            21520500           21505 1c001756 f14027f3 csrrs            x15, x0, 0xf14      x15=00000002
            21521500           21506 1c00175a f8068693 addi             x13, x13, -128      x13=00001f80 x13:00002000
            21522500           21507 1c00175e 00379713 slli             x14, x15, 0x3       x14=00000010 x15:00000002
            21523500           21508 1c001762 00279793 slli             x15, x15, 0x2       x15=00000008 x15:00000002
            21524500           21509 1c001764 ee873733 p.bclr           x14, x14, 23, 8     x14=00000010 x14:00000010
            21525500           21510 1c001768 00d7f7b3 and              x15, x15, x13       x15=00000000 x15:00000008 x13:00001f80
            21526500           21511 1c00176a 00e787b3 add              x15, x15, x14       x15=00000010 x15:00000000 x14:00000010
            21527500           21512 1c00176c 1a104737 lui              x14, 0x1a104000     x14=1a104000
            21528500           21513 1c001770 00a767a3 p.sw             x10, x0(x14)        x10:00000029 x14:1a104000  PA:1a104010
            21532500           21517 1c001774 00008067 jalr             x0, x1, 0            x1:1c001bca
            21533500           21518 1c001bca 16a0006f jal              x0, 362            
            21535500           21520 1c001d34 00900633 add              x12, x0, x9         x12=1c002352  x9:1c002352
            21536500           21521 1c001d36 e69ff06f jal              x0, -408           
            21539500           21524 1c001b9e 00064583 lbu              x11, 0(x12)         x11=00000021 x12:1c002352  PA:1c002352
            21553500           21538 1c001ba2 00160493 addi             x9, x12, 1           x9=1c002353 x12:1c002352
            21554500           21539 1c001ba6 00059e63 bne              x11, x0, 28         x11:00000021
            21557500           21542 1c001bc2 01458563 beq              x11, x20, 10        x11:00000021 x20:00000025
            21558500           21543 1c001bc6 01200533 add              x10, x0, x18        x10=00000000 x18:00000000
            21559500           21544 1c001bc8 000980e7 jalr             x1, x19, 0           x1=1c001bca x19:1c001776
            21561500           21546 1c001776 00b00533 add              x10, x0, x11        x10=00000021 x11:00000021
            21562500           21547 1c001778 fddff06f jal              x0, -36            
            21564500           21549 1c001754 000026b7 lui              x13, 0x2000         x13=00002000
            21565500           21550 1c001756 f14027f3 csrrs            x15, x0, 0xf14      x15=00000002
            21566500           21551 1c00175a f8068693 addi             x13, x13, -128      x13=00001f80 x13:00002000
            21567500           21552 1c00175e 00379713 slli             x14, x15, 0x3       x14=00000010 x15:00000002
            21568500           21553 1c001762 00279793 slli             x15, x15, 0x2       x15=00000008 x15:00000002
            21569500           21554 1c001764 ee873733 p.bclr           x14, x14, 23, 8     x14=00000010 x14:00000010
            21570500           21555 1c001768 00d7f7b3 and              x15, x15, x13       x15=00000000 x15:00000008 x13:00001f80
            21571500           21556 1c00176a 00e787b3 add              x15, x15, x14       x15=00000010 x15:00000000 x14:00000010
            21572500           21557 1c00176c 1a104737 lui              x14, 0x1a104000     x14=1a104000
            21573500           21558 1c001770 00a767a3 p.sw             x10, x0(x14)        x10:00000021 x14:1a104000  PA:1a104010
            21577500           21562 1c001774 00008067 jalr             x0, x1, 0            x1:1c001bca
            21578500           21563 1c001bca 16a0006f jal              x0, 362            
            21580500           21565 1c001d34 00900633 add              x12, x0, x9         x12=1c002353  x9:1c002353
            21581500           21566 1c001d36 e69ff06f jal              x0, -408           
            21584500           21569 1c001b9e 00064583 lbu              x11, 0(x12)         x11=0000000a x12:1c002353  PA:1c002353
            21599500           21584 1c001ba2 00160493 addi             x9, x12, 1           x9=1c002354 x12:1c002353
            21600500           21585 1c001ba6 00059e63 bne              x11, x0, 28         x11:0000000a
            21603500           21588 1c001bc2 01458563 beq              x11, x20, 10        x11:0000000a x20:00000025
            21604500           21589 1c001bc6 01200533 add              x10, x0, x18        x10=00000000 x18:00000000
            21605500           21590 1c001bc8 000980e7 jalr             x1, x19, 0           x1=1c001bca x19:1c001776
            21607500           21592 1c001776 00b00533 add              x10, x0, x11        x10=0000000a x11:0000000a
            21608500           21593 1c001778 fddff06f jal              x0, -36            
            21610500           21595 1c001754 000026b7 lui              x13, 0x2000         x13=00002000
            21611500           21596 1c001756 f14027f3 csrrs            x15, x0, 0xf14      x15=00000002
            21612500           21597 1c00175a f8068693 addi             x13, x13, -128      x13=00001f80 x13:00002000
            21613500           21598 1c00175e 00379713 slli             x14, x15, 0x3       x14=00000010 x15:00000002
            21614500           21599 1c001762 00279793 slli             x15, x15, 0x2       x15=00000008 x15:00000002
            21615500           21600 1c001764 ee873733 p.bclr           x14, x14, 23, 8     x14=00000010 x14:00000010
            21616500           21601 1c001768 00d7f7b3 and              x15, x15, x13       x15=00000000 x15:00000008 x13:00001f80
            21617500           21602 1c00176a 00e787b3 add              x15, x15, x14       x15=00000010 x15:00000000 x14:00000010
            21618500           21603 1c00176c 1a104737 lui              x14, 0x1a104000     x14=1a104000
            21619500           21604 1c001770 00a767a3 p.sw             x10, x0(x14)        x10:0000000a x14:1a104000  PA:1a104010
            21623500           21608 1c001774 00008067 jalr             x0, x1, 0            x1:1c001bca
            21624500           21609 1c001bca 16a0006f jal              x0, 362            
            21626500           21611 1c001d34 00900633 add              x12, x0, x9         x12=1c002354  x9:1c002354
            21627500           21612 1c001d36 e69ff06f jal              x0, -408           
            21630500           21615 1c001b9e 00064583 lbu              x11, 0(x12)         x11=00000000 x12:1c002354  PA:1c002354
            21646500           21631 1c001ba2 00160493 addi             x9, x12, 1           x9=1c002355 x12:1c002354
            21647500           21632 1c001ba6 00059e63 bne              x11, x0, 28         x11:00000000
            21648500           21633 1c001ba8 05c12083 lw               x1, 92(x2)           x1=1c001834  x2:100fd6f0  PA:100fd74c
            21649500           21634 1c001baa 05812403 lw               x8, 88(x2)           x8=00000000  x2:100fd6f0  PA:100fd748
            21650500           21635 1c001bac 05412483 lw               x9, 84(x2)           x9=00000000  x2:100fd6f0  PA:100fd744
            21651500           21636 1c001bae 05012903 lw               x18, 80(x2)         x18=1b204000  x2:100fd6f0  PA:100fd740
            21652500           21637 1c001bb0 04c12983 lw               x19, 76(x2)         x19=00000002  x2:100fd6f0  PA:100fd73c
            21653500           21638 1c001bb2 04812a03 lw               x20, 72(x2)         x20=1c00220c  x2:100fd6f0  PA:100fd738
            21654500           21639 1c001bb4 04412a83 lw               x21, 68(x2)         x21=1c002210  x2:100fd6f0  PA:100fd734
            21655500           21640 1c001bb6 04012b03 lw               x22, 64(x2)         x22=00000000  x2:100fd6f0  PA:100fd730
            21656500           21641 1c001bb8 03c12b83 lw               x23, 60(x2)         x23=00000000  x2:100fd6f0  PA:100fd72c
            21657500           21642 1c001bba 03812c03 lw               x24, 56(x2)         x24=00000000  x2:100fd6f0  PA:100fd728
            21658500           21643 1c001bbc 03412c83 lw               x25, 52(x2)         x25=00000000  x2:100fd6f0  PA:100fd724
            21659500           21644 1c001bbe 06010113 addi             x2, x2, 96           x2=100fd750  x2:100fd6f0
            21660500           21645 1c001bc0 00008067 jalr             x0, x1, 0            x1:1c001834
            21662500           21647 1c001834 01c12083 lw               x1, 28(x2)           x1=1c00220c  x2:100fd750  PA:100fd76c
            21664500           21649 1c001836 00000513 addi             x10, x0, 0          x10=00000000
            21665500           21650 1c001838 04010113 addi             x2, x2, 64           x2=100fd790  x2:100fd750
            21666500           21651 1c00183a 00008067 jalr             x0, x1, 0            x1:1c00220c
            21676500           21661 1c00220c 21c96283 p.elw            x5, 540(x18)         x5=00000000 x18:1b204000  PA:1b20421c
