                Time          Cycles PC       Instr    Mnemonic
            14833500           14818 1c000080 0180006f jal              x0, 24             
            14851500           14836 1c000098 f1402573 csrrs            x10, x0, 0xf14      x10=00000046
            14852500           14837 1c00009c 01f57593 andi             x11, x10, 31        x11=00000006 x10:00000046
            14869500           14854 1c0000a0 00555513 srli             x10, x10, 0x5       x10=00000002 x10:00000046
            14870500           14855 1c0000a2 00058463 beq              x11, x0, 8          x11:00000006
            14871500           14856 1c0000a6 05a0206f jal              x0, 8282           
            14889500           14874 1c002100 000702b7 lui              x5, 0x70000          x5=00070000
            14890500           14875 1c002104 1b204337 lui              x6, 0x1b204000       x6=1b204000
            14891500           14876 1c002108 00532023 sw               x5, 0(x6)            x5:00070000  x6:1b204000  PA:1b204000
            14892500           14877 1c00210c 0e059163 bne              x11, x0, 226        x11:00000006
            14944500           14929 1c0021ee 1b204937 lui              x18, 0x1b204000     x18=1b204000
            14945500           14930 1c0021f2 f14029f3 csrrs            x19, x0, 0xf14      x19=00000046
            14946500           14931 1c0021f6 01f9f993 andi             x19, x19, 31        x19=00000006 x19:00000046
            14947500           14932 1c0021fa 00000a17 auipc            x20, 0x0            x20=1c0021fa
            14964500           14949 1c0021fe 012a0a13 addi             x20, x20, 18        x20=1c00220c x20:1c0021fa
            14965500           14950 1c002202 00000a97 auipc            x21, 0x0            x21=1c002202
            14966500           14951 1c002206 00ea8a93 addi             x21, x21, 14        x21=1c002210 x21:1c002202
            14967500           14952 1c00220a 0060006f jal              x0, 6              
            14986500           14971 1c002210 08096283 p.elw            x5, 128(x18)         x5=1c00222d x18:1b204000  PA:1b204080
            18321500           18306 1c002214 08096503 p.elw            x10, 128(x18)       x10=00000400 x18:1b204000  PA:1b204080
            18338500           18323 1c002218 0012f313 andi             x6, x5, 1            x6=00000001  x5:1c00222d
            18339500           18324 1c00221c 00031563 bne              x6, x0, 10           x6:00000001
            18361500           18346 1c002226 000a80b3 add              x1, x21, x0          x1=1c002210 x21:1c002210
            18362500           18347 1c00222a 00028067 jalr             x0, x5, 0            x5:1c00222d
            18364500           18349 1c00222c 08096283 p.elw            x5, 128(x18)         x5=108fe400 x18:1b204000  PA:1b204080
            18388500           18373 1c002230 02a98533 mul              x10, x19, x10       x10=00001800 x19:00000006 x10:00000400
            18389500           18374 1c002234 00550133 add              x2, x10, x5          x2=108ffc00 x10:00001800  x5:108fe400
            18390500           18375 1c002238 00008067 jalr             x0, x1, 0            x1:1c002210
            18392500           18377 1c002210 08096283 p.elw            x5, 128(x18)         x5=1c0009bc x18:1b204000  PA:1b204080
            18427500           18412 1c002214 08096503 p.elw            x10, 128(x18)       x10=00000000 x18:1b204000  PA:1b204080
            18435500           18420 1c002218 0012f313 andi             x6, x5, 1            x6=00000000  x5:1c0009bc
            18436500           18421 1c00221c 00031563 bne              x6, x0, 10           x6:00000000
            18437500           18422 1c002220 000a00b3 add              x1, x20, x0          x1=1c00220c x20:1c00220c
            18438500           18423 1c002224 00028067 jalr             x0, x5, 0            x5:1c0009bc
            18459500           18444 1c0009bc f1402673 csrrs            x12, x0, 0xf14      x12=00000046
            18476500           18461 1c0009c0 1c002537 lui              x10, 0x1c002000     x10=1c002000
            18477500           18462 1c0009c4 40565593 srai             x11, x12, 0x405     x11=00000002 x12:00000046
            18478500           18463 1c0009c8 f265b5b3 p.bclr           x11, x11, 25, 6     x11=00000002 x11:00000002
            18479500           18464 1c0009cc f4563633 p.bclr           x12, x12, 26, 5     x12=00000006 x12:00000046
            18480500           18465 1c0009d0 33c50513 addi             x10, x10, 828       x10=1c00233c x10:1c002000
            18481500           18466 1c0009d4 63d0006f jal              x0, 3644           
            18502500           18487 1c001810 fc010113 addi             x2, x2, -64          x2=108ffbc0  x2:108ffc00
            18503500           18488 1c001812 02b12223 sw               x11, 36(x2)         x11:00000002  x2:108ffbc0  PA:108ffbe4
            18509500           18494 1c001814 1c0015b7 lui              x11, 0x1c001000     x11=1c001000
            18510500           18495 1c001818 02c12423 sw               x12, 40(x2)         x12:00000006  x2:108ffbc0  PA:108ffbe8
            18511500           18496 1c00181a 02d12623 sw               x13, 44(x2)         x13:00000000  x2:108ffbc0  PA:108ffbec
            18512500           18497 1c00181c 00a00633 add              x12, x0, x10        x12=1c00233c x10:1c00233c
            18513500           18498 1c00181e 02410693 addi             x13, x2, 36         x13=108ffbe4  x2:108ffbc0
            18526500           18511 1c001820 00000513 addi             x10, x0, 0          x10=00000000
            18527500           18512 1c001822 77658593 addi             x11, x11, 1910      x11=1c001776 x11:1c001000
            18528500           18513 1c001826 00112e23 sw               x1, 28(x2)           x1:1c00220c  x2:108ffbc0  PA:108ffbdc
            18535500           18520 1c001828 02e12823 sw               x14, 48(x2)         x14:00000000  x2:108ffbc0  PA:108ffbf0
            18536500           18521 1c00182a 02f12a23 sw               x15, 52(x2)         x15:00000000  x2:108ffbc0  PA:108ffbf4
            18537500           18522 1c00182c 03012c23 sw               x16, 56(x2)         x16:00000000  x2:108ffbc0  PA:108ffbf8
            18538500           18523 1c00182e 03112e23 sw               x17, 60(x2)         x17:00000000  x2:108ffbc0  PA:108ffbfc
            18549500           18534 1c001830 00d12623 sw               x13, 12(x2)         x13:108ffbe4  x2:108ffbc0  PA:108ffbcc
            18556500           18541 1c001832 33e000ef jal              x1, 830              x1=1c001834
            18568500           18553 1c001b70 fa010113 addi             x2, x2, -96          x2=108ffb60  x2:108ffbc0
            18569500           18554 1c001b72 01810793 addi             x15, x2, 24         x15=108ffb78  x2:108ffb60
            18570500           18555 1c001b74 04812c23 sw               x8, 88(x2)           x8:00000000  x2:108ffb60  PA:108ffbb8
            18575500           18560 1c001b76 05212823 sw               x18, 80(x2)         x18:1b204000  x2:108ffb60  PA:108ffbb0
            18576500           18561 1c001b78 05312623 sw               x19, 76(x2)         x19:00000006  x2:108ffb60  PA:108ffbac
            18577500           18562 1c001b7a 05412423 sw               x20, 72(x2)         x20:1c00220c  x2:108ffb60  PA:108ffba8
            18578500           18563 1c001b7c 05512223 sw               x21, 68(x2)         x21:1c002210  x2:108ffb60  PA:108ffba4
            18579500           18564 1c001b7e 05612023 sw               x22, 64(x2)         x22:00000000  x2:108ffb60  PA:108ffba0
            18592500           18577 1c001b80 03712e23 sw               x23, 60(x2)         x23:00000000  x2:108ffb60  PA:108ffb9c
            18593500           18578 1c001b82 04112e23 sw               x1, 92(x2)           x1:1c001834  x2:108ffb60  PA:108ffbbc
            18594500           18579 1c001b84 04912a23 sw               x9, 84(x2)           x9:00000000  x2:108ffb60  PA:108ffbb4
            18595500           18580 1c001b86 03812c23 sw               x24, 56(x2)         x24:00000000  x2:108ffb60  PA:108ffb98
            18596500           18581 1c001b88 03912a23 sw               x25, 52(x2)         x25:00000000  x2:108ffb60  PA:108ffb94
            18597500           18582 1c001b8a 00a00933 add              x18, x0, x10        x18=00000000 x10:00000000
            18598500           18583 1c001b8c 00b009b3 add              x19, x0, x11        x19=1c001776 x11:1c001776
            18599500           18584 1c001b8e 00d00433 add              x8, x0, x13          x8=108ffbe4 x13:108ffbe4
            18616500           18601 1c001b90 00f12a23 sw               x15, 20(x2)         x15:108ffb78  x2:108ffb60  PA:108ffb74
            18622500           18607 1c001b92 02500a13 addi             x20, x0, 37         x20=00000025
            18623500           18608 1c001b96 02d00b93 addi             x23, x0, 45         x23=0000002d
            18624500           18609 1c001b9a 00100a93 addi             x21, x0, 1          x21=00000001
            18625500           18610 1c001b9c 00500b13 addi             x22, x0, 5          x22=00000005
            18638500           18623 1c001b9e 00064583 lbu              x11, 0(x12)         x11=00000048 x12:1c00233c  PA:1c00233c
            18665500           18650 1c001ba2 00160493 addi             x9, x12, 1           x9=1c00233d x12:1c00233c
            18666500           18651 1c001ba6 00059e63 bne              x11, x0, 28         x11:00000048
            18678500           18663 1c001bc2 01458563 beq              x11, x20, 10        x11:00000048 x20:00000025
            18679500           18664 1c001bc6 01200533 add              x10, x0, x18        x10=00000000 x18:00000000
            18680500           18665 1c001bc8 000980e7 jalr             x1, x19, 0           x1=1c001bca x19:1c001776
            18698500           18683 1c001776 00b00533 add              x10, x0, x11        x10=00000048 x11:00000048
            18699500           18684 1c001778 fddff06f jal              x0, -36            
            18718500           18703 1c001754 000026b7 lui              x13, 0x2000         x13=00002000
            18719500           18704 1c001756 f14027f3 csrrs            x15, x0, 0xf14      x15=00000046
            18720500           18705 1c00175a f8068693 addi             x13, x13, -128      x13=00001f80 x13:00002000
            18738500           18723 1c00175e 00379713 slli             x14, x15, 0x3       x14=00000230 x15:00000046
            18739500           18724 1c001762 00279793 slli             x15, x15, 0x2       x15=00000118 x15:00000046
            18740500           18725 1c001764 ee873733 p.bclr           x14, x14, 23, 8     x14=00000030 x14:00000230
            18741500           18726 1c001768 00d7f7b3 and              x15, x15, x13       x15=00000100 x15:00000118 x13:00001f80
            18742500           18727 1c00176a 00e787b3 add              x15, x15, x14       x15=00000130 x15:00000100 x14:00000030
            18743500           18728 1c00176c 1a104737 lui              x14, 0x1a104000     x14=1a104000
            18744500           18729 1c001770 00a767a3 p.sw             x10, x0(x14)        x10:00000048 x14:1a104000  PA:1a104130
            18748500           18733 1c001774 00008067 jalr             x0, x1, 0            x1:1c001bca
            18749500           18734 1c001bca 16a0006f jal              x0, 362            
            18768500           18753 1c001d34 00900633 add              x12, x0, x9         x12=1c00233d  x9:1c00233d
            18769500           18754 1c001d36 e69ff06f jal              x0, -408           
            18772500           18757 1c001b9e 00064583 lbu              x11, 0(x12)         x11=00000065 x12:1c00233d  PA:1c00233d
            18799500           18784 1c001ba2 00160493 addi             x9, x12, 1           x9=1c00233e x12:1c00233d
            18800500           18785 1c001ba6 00059e63 bne              x11, x0, 28         x11:00000065
            18803500           18788 1c001bc2 01458563 beq              x11, x20, 10        x11:00000065 x20:00000025
            18804500           18789 1c001bc6 01200533 add              x10, x0, x18        x10=00000000 x18:00000000
            18805500           18790 1c001bc8 000980e7 jalr             x1, x19, 0           x1=1c001bca x19:1c001776
            18807500           18792 1c001776 00b00533 add              x10, x0, x11        x10=00000065 x11:00000065
            18808500           18793 1c001778 fddff06f jal              x0, -36            
            18810500           18795 1c001754 000026b7 lui              x13, 0x2000         x13=00002000
            18811500           18796 1c001756 f14027f3 csrrs            x15, x0, 0xf14      x15=00000046
            18812500           18797 1c00175a f8068693 addi             x13, x13, -128      x13=00001f80 x13:00002000
            18813500           18798 1c00175e 00379713 slli             x14, x15, 0x3       x14=00000230 x15:00000046
            18814500           18799 1c001762 00279793 slli             x15, x15, 0x2       x15=00000118 x15:00000046
            18815500           18800 1c001764 ee873733 p.bclr           x14, x14, 23, 8     x14=00000030 x14:00000230
            18816500           18801 1c001768 00d7f7b3 and              x15, x15, x13       x15=00000100 x15:00000118 x13:00001f80
            18817500           18802 1c00176a 00e787b3 add              x15, x15, x14       x15=00000130 x15:00000100 x14:00000030
            18818500           18803 1c00176c 1a104737 lui              x14, 0x1a104000     x14=1a104000
            18819500           18804 1c001770 00a767a3 p.sw             x10, x0(x14)        x10:00000065 x14:1a104000  PA:1a104130
            18823500           18808 1c001774 00008067 jalr             x0, x1, 0            x1:1c001bca
            18824500           18809 1c001bca 16a0006f jal              x0, 362            
            18826500           18811 1c001d34 00900633 add              x12, x0, x9         x12=1c00233e  x9:1c00233e
            18827500           18812 1c001d36 e69ff06f jal              x0, -408           
            18830500           18815 1c001b9e 00064583 lbu              x11, 0(x12)         x11=00000079 x12:1c00233e  PA:1c00233e
            18844500           18829 1c001ba2 00160493 addi             x9, x12, 1           x9=1c00233f x12:1c00233e
            18845500           18830 1c001ba6 00059e63 bne              x11, x0, 28         x11:00000079
            18848500           18833 1c001bc2 01458563 beq              x11, x20, 10        x11:00000079 x20:00000025
            18849500           18834 1c001bc6 01200533 add              x10, x0, x18        x10=00000000 x18:00000000
            18850500           18835 1c001bc8 000980e7 jalr             x1, x19, 0           x1=1c001bca x19:1c001776
            18852500           18837 1c001776 00b00533 add              x10, x0, x11        x10=00000079 x11:00000079
            18853500           18838 1c001778 fddff06f jal              x0, -36            
            18855500           18840 1c001754 000026b7 lui              x13, 0x2000         x13=00002000
            18856500           18841 1c001756 f14027f3 csrrs            x15, x0, 0xf14      x15=00000046
            18857500           18842 1c00175a f8068693 addi             x13, x13, -128      x13=00001f80 x13:00002000
            18858500           18843 1c00175e 00379713 slli             x14, x15, 0x3       x14=00000230 x15:00000046
            18859500           18844 1c001762 00279793 slli             x15, x15, 0x2       x15=00000118 x15:00000046
            18860500           18845 1c001764 ee873733 p.bclr           x14, x14, 23, 8     x14=00000030 x14:00000230
            18861500           18846 1c001768 00d7f7b3 and              x15, x15, x13       x15=00000100 x15:00000118 x13:00001f80
            18862500           18847 1c00176a 00e787b3 add              x15, x15, x14       x15=00000130 x15:00000100 x14:00000030
            18863500           18848 1c00176c 1a104737 lui              x14, 0x1a104000     x14=1a104000
            18864500           18849 1c001770 00a767a3 p.sw             x10, x0(x14)        x10:00000079 x14:1a104000  PA:1a104130
            18868500           18853 1c001774 00008067 jalr             x0, x1, 0            x1:1c001bca
            18869500           18854 1c001bca 16a0006f jal              x0, 362            
            18871500           18856 1c001d34 00900633 add              x12, x0, x9         x12=1c00233f  x9:1c00233f
            18872500           18857 1c001d36 e69ff06f jal              x0, -408           
            18875500           18860 1c001b9e 00064583 lbu              x11, 0(x12)         x11=0000002c x12:1c00233f  PA:1c00233f
            18894500           18879 1c001ba2 00160493 addi             x9, x12, 1           x9=1c002340 x12:1c00233f
            18895500           18880 1c001ba6 00059e63 bne              x11, x0, 28         x11:0000002c
            18898500           18883 1c001bc2 01458563 beq              x11, x20, 10        x11:0000002c x20:00000025
            18899500           18884 1c001bc6 01200533 add              x10, x0, x18        x10=00000000 x18:00000000
            18900500           18885 1c001bc8 000980e7 jalr             x1, x19, 0           x1=1c001bca x19:1c001776
            18902500           18887 1c001776 00b00533 add              x10, x0, x11        x10=0000002c x11:0000002c
            18903500           18888 1c001778 fddff06f jal              x0, -36            
            18905500           18890 1c001754 000026b7 lui              x13, 0x2000         x13=00002000
            18906500           18891 1c001756 f14027f3 csrrs            x15, x0, 0xf14      x15=00000046
            18907500           18892 1c00175a f8068693 addi             x13, x13, -128      x13=00001f80 x13:00002000
            18908500           18893 1c00175e 00379713 slli             x14, x15, 0x3       x14=00000230 x15:00000046
            18909500           18894 1c001762 00279793 slli             x15, x15, 0x2       x15=00000118 x15:00000046
            18910500           18895 1c001764 ee873733 p.bclr           x14, x14, 23, 8     x14=00000030 x14:00000230
            18911500           18896 1c001768 00d7f7b3 and              x15, x15, x13       x15=00000100 x15:00000118 x13:00001f80
            18912500           18897 1c00176a 00e787b3 add              x15, x15, x14       x15=00000130 x15:00000100 x14:00000030
            18913500           18898 1c00176c 1a104737 lui              x14, 0x1a104000     x14=1a104000
            18914500           18899 1c001770 00a767a3 p.sw             x10, x0(x14)        x10:0000002c x14:1a104000  PA:1a104130
            18918500           18903 1c001774 00008067 jalr             x0, x1, 0            x1:1c001bca
            18919500           18904 1c001bca 16a0006f jal              x0, 362            
            18921500           18906 1c001d34 00900633 add              x12, x0, x9         x12=1c002340  x9:1c002340
            18922500           18907 1c001d36 e69ff06f jal              x0, -408           
            18925500           18910 1c001b9e 00064583 lbu              x11, 0(x12)         x11=00000020 x12:1c002340  PA:1c002340
            18941500           18926 1c001ba2 00160493 addi             x9, x12, 1           x9=1c002341 x12:1c002340
            18942500           18927 1c001ba6 00059e63 bne              x11, x0, 28         x11:00000020
            18945500           18930 1c001bc2 01458563 beq              x11, x20, 10        x11:00000020 x20:00000025
            18946500           18931 1c001bc6 01200533 add              x10, x0, x18        x10=00000000 x18:00000000
            18947500           18932 1c001bc8 000980e7 jalr             x1, x19, 0           x1=1c001bca x19:1c001776
            18949500           18934 1c001776 00b00533 add              x10, x0, x11        x10=00000020 x11:00000020
            18950500           18935 1c001778 fddff06f jal              x0, -36            
            18952500           18937 1c001754 000026b7 lui              x13, 0x2000         x13=00002000
            18953500           18938 1c001756 f14027f3 csrrs            x15, x0, 0xf14      x15=00000046
            18954500           18939 1c00175a f8068693 addi             x13, x13, -128      x13=00001f80 x13:00002000
            18955500           18940 1c00175e 00379713 slli             x14, x15, 0x3       x14=00000230 x15:00000046
            18956500           18941 1c001762 00279793 slli             x15, x15, 0x2       x15=00000118 x15:00000046
            18957500           18942 1c001764 ee873733 p.bclr           x14, x14, 23, 8     x14=00000030 x14:00000230
            18958500           18943 1c001768 00d7f7b3 and              x15, x15, x13       x15=00000100 x15:00000118 x13:00001f80
            18959500           18944 1c00176a 00e787b3 add              x15, x15, x14       x15=00000130 x15:00000100 x14:00000030
            18960500           18945 1c00176c 1a104737 lui              x14, 0x1a104000     x14=1a104000
            18961500           18946 1c001770 00a767a3 p.sw             x10, x0(x14)        x10:00000020 x14:1a104000  PA:1a104130
            18965500           18950 1c001774 00008067 jalr             x0, x1, 0            x1:1c001bca
            18966500           18951 1c001bca 16a0006f jal              x0, 362            
            18968500           18953 1c001d34 00900633 add              x12, x0, x9         x12=1c002341  x9:1c002341
            18969500           18954 1c001d36 e69ff06f jal              x0, -408           
            18972500           18957 1c001b9e 00064583 lbu              x11, 0(x12)         x11=00000049 x12:1c002341  PA:1c002341
            18989500           18974 1c001ba2 00160493 addi             x9, x12, 1           x9=1c002342 x12:1c002341
            18990500           18975 1c001ba6 00059e63 bne              x11, x0, 28         x11:00000049
            18993500           18978 1c001bc2 01458563 beq              x11, x20, 10        x11:00000049 x20:00000025
            18994500           18979 1c001bc6 01200533 add              x10, x0, x18        x10=00000000 x18:00000000
            18995500           18980 1c001bc8 000980e7 jalr             x1, x19, 0           x1=1c001bca x19:1c001776
            18997500           18982 1c001776 00b00533 add              x10, x0, x11        x10=00000049 x11:00000049
            18998500           18983 1c001778 fddff06f jal              x0, -36            
            19000500           18985 1c001754 000026b7 lui              x13, 0x2000         x13=00002000
            19001500           18986 1c001756 f14027f3 csrrs            x15, x0, 0xf14      x15=00000046
            19002500           18987 1c00175a f8068693 addi             x13, x13, -128      x13=00001f80 x13:00002000
            19003500           18988 1c00175e 00379713 slli             x14, x15, 0x3       x14=00000230 x15:00000046
            19004500           18989 1c001762 00279793 slli             x15, x15, 0x2       x15=00000118 x15:00000046
            19005500           18990 1c001764 ee873733 p.bclr           x14, x14, 23, 8     x14=00000030 x14:00000230
            19006500           18991 1c001768 00d7f7b3 and              x15, x15, x13       x15=00000100 x15:00000118 x13:00001f80
            19007500           18992 1c00176a 00e787b3 add              x15, x15, x14       x15=00000130 x15:00000100 x14:00000030
            19008500           18993 1c00176c 1a104737 lui              x14, 0x1a104000     x14=1a104000
            19009500           18994 1c001770 00a767a3 p.sw             x10, x0(x14)        x10:00000049 x14:1a104000  PA:1a104130
            19013500           18998 1c001774 00008067 jalr             x0, x1, 0            x1:1c001bca
            19014500           18999 1c001bca 16a0006f jal              x0, 362            
            19016500           19001 1c001d34 00900633 add              x12, x0, x9         x12=1c002342  x9:1c002342
            19017500           19002 1c001d36 e69ff06f jal              x0, -408           
            19020500           19005 1c001b9e 00064583 lbu              x11, 0(x12)         x11=00000027 x12:1c002342  PA:1c002342
            19036500           19021 1c001ba2 00160493 addi             x9, x12, 1           x9=1c002343 x12:1c002342
            19037500           19022 1c001ba6 00059e63 bne              x11, x0, 28         x11:00000027
            19040500           19025 1c001bc2 01458563 beq              x11, x20, 10        x11:00000027 x20:00000025
            19041500           19026 1c001bc6 01200533 add              x10, x0, x18        x10=00000000 x18:00000000
            19042500           19027 1c001bc8 000980e7 jalr             x1, x19, 0           x1=1c001bca x19:1c001776
            19044500           19029 1c001776 00b00533 add              x10, x0, x11        x10=00000027 x11:00000027
            19045500           19030 1c001778 fddff06f jal              x0, -36            
            19047500           19032 1c001754 000026b7 lui              x13, 0x2000         x13=00002000
            19048500           19033 1c001756 f14027f3 csrrs            x15, x0, 0xf14      x15=00000046
            19049500           19034 1c00175a f8068693 addi             x13, x13, -128      x13=00001f80 x13:00002000
            19050500           19035 1c00175e 00379713 slli             x14, x15, 0x3       x14=00000230 x15:00000046
            19051500           19036 1c001762 00279793 slli             x15, x15, 0x2       x15=00000118 x15:00000046
            19052500           19037 1c001764 ee873733 p.bclr           x14, x14, 23, 8     x14=00000030 x14:00000230
            19053500           19038 1c001768 00d7f7b3 and              x15, x15, x13       x15=00000100 x15:00000118 x13:00001f80
            19054500           19039 1c00176a 00e787b3 add              x15, x15, x14       x15=00000130 x15:00000100 x14:00000030
            19055500           19040 1c00176c 1a104737 lui              x14, 0x1a104000     x14=1a104000
            19056500           19041 1c001770 00a767a3 p.sw             x10, x0(x14)        x10:00000027 x14:1a104000  PA:1a104130
            19060500           19045 1c001774 00008067 jalr             x0, x1, 0            x1:1c001bca
            19061500           19046 1c001bca 16a0006f jal              x0, 362            
            19063500           19048 1c001d34 00900633 add              x12, x0, x9         x12=1c002343  x9:1c002343
            19064500           19049 1c001d36 e69ff06f jal              x0, -408           
            19067500           19052 1c001b9e 00064583 lbu              x11, 0(x12)         x11=0000006d x12:1c002343  PA:1c002343
            19083500           19068 1c001ba2 00160493 addi             x9, x12, 1           x9=1c002344 x12:1c002343
            19084500           19069 1c001ba6 00059e63 bne              x11, x0, 28         x11:0000006d
            19087500           19072 1c001bc2 01458563 beq              x11, x20, 10        x11:0000006d x20:00000025
            19088500           19073 1c001bc6 01200533 add              x10, x0, x18        x10=00000000 x18:00000000
            19089500           19074 1c001bc8 000980e7 jalr             x1, x19, 0           x1=1c001bca x19:1c001776
            19091500           19076 1c001776 00b00533 add              x10, x0, x11        x10=0000006d x11:0000006d
            19092500           19077 1c001778 fddff06f jal              x0, -36            
            19094500           19079 1c001754 000026b7 lui              x13, 0x2000         x13=00002000
            19095500           19080 1c001756 f14027f3 csrrs            x15, x0, 0xf14      x15=00000046
            19096500           19081 1c00175a f8068693 addi             x13, x13, -128      x13=00001f80 x13:00002000
            19097500           19082 1c00175e 00379713 slli             x14, x15, 0x3       x14=00000230 x15:00000046
            19098500           19083 1c001762 00279793 slli             x15, x15, 0x2       x15=00000118 x15:00000046
            19099500           19084 1c001764 ee873733 p.bclr           x14, x14, 23, 8     x14=00000030 x14:00000230
            19100500           19085 1c001768 00d7f7b3 and              x15, x15, x13       x15=00000100 x15:00000118 x13:00001f80
            19101500           19086 1c00176a 00e787b3 add              x15, x15, x14       x15=00000130 x15:00000100 x14:00000030
            19102500           19087 1c00176c 1a104737 lui              x14, 0x1a104000     x14=1a104000
            19103500           19088 1c001770 00a767a3 p.sw             x10, x0(x14)        x10:0000006d x14:1a104000  PA:1a104130
            19107500           19092 1c001774 00008067 jalr             x0, x1, 0            x1:1c001bca
            19108500           19093 1c001bca 16a0006f jal              x0, 362            
            19110500           19095 1c001d34 00900633 add              x12, x0, x9         x12=1c002344  x9:1c002344
            19111500           19096 1c001d36 e69ff06f jal              x0, -408           
            19114500           19099 1c001b9e 00064583 lbu              x11, 0(x12)         x11=00000020 x12:1c002344  PA:1c002344
            19130500           19115 1c001ba2 00160493 addi             x9, x12, 1           x9=1c002345 x12:1c002344
            19131500           19116 1c001ba6 00059e63 bne              x11, x0, 28         x11:00000020
            19134500           19119 1c001bc2 01458563 beq              x11, x20, 10        x11:00000020 x20:00000025
            19135500           19120 1c001bc6 01200533 add              x10, x0, x18        x10=00000000 x18:00000000
            19136500           19121 1c001bc8 000980e7 jalr             x1, x19, 0           x1=1c001bca x19:1c001776
            19138500           19123 1c001776 00b00533 add              x10, x0, x11        x10=00000020 x11:00000020
            19139500           19124 1c001778 fddff06f jal              x0, -36            
            19141500           19126 1c001754 000026b7 lui              x13, 0x2000         x13=00002000
            19142500           19127 1c001756 f14027f3 csrrs            x15, x0, 0xf14      x15=00000046
            19143500           19128 1c00175a f8068693 addi             x13, x13, -128      x13=00001f80 x13:00002000
            19144500           19129 1c00175e 00379713 slli             x14, x15, 0x3       x14=00000230 x15:00000046
            19145500           19130 1c001762 00279793 slli             x15, x15, 0x2       x15=00000118 x15:00000046
            19146500           19131 1c001764 ee873733 p.bclr           x14, x14, 23, 8     x14=00000030 x14:00000230
            19147500           19132 1c001768 00d7f7b3 and              x15, x15, x13       x15=00000100 x15:00000118 x13:00001f80
            19148500           19133 1c00176a 00e787b3 add              x15, x15, x14       x15=00000130 x15:00000100 x14:00000030
            19149500           19134 1c00176c 1a104737 lui              x14, 0x1a104000     x14=1a104000
            19150500           19135 1c001770 00a767a3 p.sw             x10, x0(x14)        x10:00000020 x14:1a104000  PA:1a104130
            19154500           19139 1c001774 00008067 jalr             x0, x1, 0            x1:1c001bca
            19155500           19140 1c001bca 16a0006f jal              x0, 362            
            19157500           19142 1c001d34 00900633 add              x12, x0, x9         x12=1c002345  x9:1c002345
            19158500           19143 1c001d36 e69ff06f jal              x0, -408           
            19161500           19146 1c001b9e 00064583 lbu              x11, 0(x12)         x11=00000063 x12:1c002345  PA:1c002345
            19191500           19176 1c001ba2 00160493 addi             x9, x12, 1           x9=1c002346 x12:1c002345
            19192500           19177 1c001ba6 00059e63 bne              x11, x0, 28         x11:00000063
            19195500           19180 1c001bc2 01458563 beq              x11, x20, 10        x11:00000063 x20:00000025
            19196500           19181 1c001bc6 01200533 add              x10, x0, x18        x10=00000000 x18:00000000
            19197500           19182 1c001bc8 000980e7 jalr             x1, x19, 0           x1=1c001bca x19:1c001776
            19199500           19184 1c001776 00b00533 add              x10, x0, x11        x10=00000063 x11:00000063
            19200500           19185 1c001778 fddff06f jal              x0, -36            
            19202500           19187 1c001754 000026b7 lui              x13, 0x2000         x13=00002000
            19203500           19188 1c001756 f14027f3 csrrs            x15, x0, 0xf14      x15=00000046
            19204500           19189 1c00175a f8068693 addi             x13, x13, -128      x13=00001f80 x13:00002000
            19205500           19190 1c00175e 00379713 slli             x14, x15, 0x3       x14=00000230 x15:00000046
            19206500           19191 1c001762 00279793 slli             x15, x15, 0x2       x15=00000118 x15:00000046
            19207500           19192 1c001764 ee873733 p.bclr           x14, x14, 23, 8     x14=00000030 x14:00000230
            19208500           19193 1c001768 00d7f7b3 and              x15, x15, x13       x15=00000100 x15:00000118 x13:00001f80
            19209500           19194 1c00176a 00e787b3 add              x15, x15, x14       x15=00000130 x15:00000100 x14:00000030
            19210500           19195 1c00176c 1a104737 lui              x14, 0x1a104000     x14=1a104000
            19211500           19196 1c001770 00a767a3 p.sw             x10, x0(x14)        x10:00000063 x14:1a104000  PA:1a104130
            19215500           19200 1c001774 00008067 jalr             x0, x1, 0            x1:1c001bca
            19216500           19201 1c001bca 16a0006f jal              x0, 362            
            19218500           19203 1c001d34 00900633 add              x12, x0, x9         x12=1c002346  x9:1c002346
            19219500           19204 1c001d36 e69ff06f jal              x0, -408           
            19222500           19207 1c001b9e 00064583 lbu              x11, 0(x12)         x11=0000006f x12:1c002346  PA:1c002346
            19241500           19226 1c001ba2 00160493 addi             x9, x12, 1           x9=1c002347 x12:1c002346
            19242500           19227 1c001ba6 00059e63 bne              x11, x0, 28         x11:0000006f
            19245500           19230 1c001bc2 01458563 beq              x11, x20, 10        x11:0000006f x20:00000025
            19246500           19231 1c001bc6 01200533 add              x10, x0, x18        x10=00000000 x18:00000000
            19247500           19232 1c001bc8 000980e7 jalr             x1, x19, 0           x1=1c001bca x19:1c001776
            19249500           19234 1c001776 00b00533 add              x10, x0, x11        x10=0000006f x11:0000006f
            19250500           19235 1c001778 fddff06f jal              x0, -36            
            19252500           19237 1c001754 000026b7 lui              x13, 0x2000         x13=00002000
            19253500           19238 1c001756 f14027f3 csrrs            x15, x0, 0xf14      x15=00000046
            19254500           19239 1c00175a f8068693 addi             x13, x13, -128      x13=00001f80 x13:00002000
            19255500           19240 1c00175e 00379713 slli             x14, x15, 0x3       x14=00000230 x15:00000046
            19256500           19241 1c001762 00279793 slli             x15, x15, 0x2       x15=00000118 x15:00000046
            19257500           19242 1c001764 ee873733 p.bclr           x14, x14, 23, 8     x14=00000030 x14:00000230
            19258500           19243 1c001768 00d7f7b3 and              x15, x15, x13       x15=00000100 x15:00000118 x13:00001f80
            19259500           19244 1c00176a 00e787b3 add              x15, x15, x14       x15=00000130 x15:00000100 x14:00000030
            19260500           19245 1c00176c 1a104737 lui              x14, 0x1a104000     x14=1a104000
            19261500           19246 1c001770 00a767a3 p.sw             x10, x0(x14)        x10:0000006f x14:1a104000  PA:1a104130
            19265500           19250 1c001774 00008067 jalr             x0, x1, 0            x1:1c001bca
            19266500           19251 1c001bca 16a0006f jal              x0, 362            
            19268500           19253 1c001d34 00900633 add              x12, x0, x9         x12=1c002347  x9:1c002347
            19269500           19254 1c001d36 e69ff06f jal              x0, -408           
            19272500           19257 1c001b9e 00064583 lbu              x11, 0(x12)         x11=00000072 x12:1c002347  PA:1c002347
            19288500           19273 1c001ba2 00160493 addi             x9, x12, 1           x9=1c002348 x12:1c002347
            19289500           19274 1c001ba6 00059e63 bne              x11, x0, 28         x11:00000072
            19292500           19277 1c001bc2 01458563 beq              x11, x20, 10        x11:00000072 x20:00000025
            19293500           19278 1c001bc6 01200533 add              x10, x0, x18        x10=00000000 x18:00000000
            19294500           19279 1c001bc8 000980e7 jalr             x1, x19, 0           x1=1c001bca x19:1c001776
            19296500           19281 1c001776 00b00533 add              x10, x0, x11        x10=00000072 x11:00000072
            19297500           19282 1c001778 fddff06f jal              x0, -36            
            19299500           19284 1c001754 000026b7 lui              x13, 0x2000         x13=00002000
            19300500           19285 1c001756 f14027f3 csrrs            x15, x0, 0xf14      x15=00000046
            19301500           19286 1c00175a f8068693 addi             x13, x13, -128      x13=00001f80 x13:00002000
            19302500           19287 1c00175e 00379713 slli             x14, x15, 0x3       x14=00000230 x15:00000046
            19303500           19288 1c001762 00279793 slli             x15, x15, 0x2       x15=00000118 x15:00000046
            19304500           19289 1c001764 ee873733 p.bclr           x14, x14, 23, 8     x14=00000030 x14:00000230
            19305500           19290 1c001768 00d7f7b3 and              x15, x15, x13       x15=00000100 x15:00000118 x13:00001f80
            19306500           19291 1c00176a 00e787b3 add              x15, x15, x14       x15=00000130 x15:00000100 x14:00000030
            19307500           19292 1c00176c 1a104737 lui              x14, 0x1a104000     x14=1a104000
            19308500           19293 1c001770 00a767a3 p.sw             x10, x0(x14)        x10:00000072 x14:1a104000  PA:1a104130
            19312500           19297 1c001774 00008067 jalr             x0, x1, 0            x1:1c001bca
            19313500           19298 1c001bca 16a0006f jal              x0, 362            
            19315500           19300 1c001d34 00900633 add              x12, x0, x9         x12=1c002348  x9:1c002348
            19316500           19301 1c001d36 e69ff06f jal              x0, -408           
            19319500           19304 1c001b9e 00064583 lbu              x11, 0(x12)         x11=00000065 x12:1c002348  PA:1c002348
            19336500           19321 1c001ba2 00160493 addi             x9, x12, 1           x9=1c002349 x12:1c002348
            19337500           19322 1c001ba6 00059e63 bne              x11, x0, 28         x11:00000065
            19340500           19325 1c001bc2 01458563 beq              x11, x20, 10        x11:00000065 x20:00000025
            19341500           19326 1c001bc6 01200533 add              x10, x0, x18        x10=00000000 x18:00000000
            19342500           19327 1c001bc8 000980e7 jalr             x1, x19, 0           x1=1c001bca x19:1c001776
            19344500           19329 1c001776 00b00533 add              x10, x0, x11        x10=00000065 x11:00000065
            19345500           19330 1c001778 fddff06f jal              x0, -36            
            19347500           19332 1c001754 000026b7 lui              x13, 0x2000         x13=00002000
            19348500           19333 1c001756 f14027f3 csrrs            x15, x0, 0xf14      x15=00000046
            19349500           19334 1c00175a f8068693 addi             x13, x13, -128      x13=00001f80 x13:00002000
            19350500           19335 1c00175e 00379713 slli             x14, x15, 0x3       x14=00000230 x15:00000046
            19351500           19336 1c001762 00279793 slli             x15, x15, 0x2       x15=00000118 x15:00000046
            19352500           19337 1c001764 ee873733 p.bclr           x14, x14, 23, 8     x14=00000030 x14:00000230
            19353500           19338 1c001768 00d7f7b3 and              x15, x15, x13       x15=00000100 x15:00000118 x13:00001f80
            19354500           19339 1c00176a 00e787b3 add              x15, x15, x14       x15=00000130 x15:00000100 x14:00000030
            19355500           19340 1c00176c 1a104737 lui              x14, 0x1a104000     x14=1a104000
            19356500           19341 1c001770 00a767a3 p.sw             x10, x0(x14)        x10:00000065 x14:1a104000  PA:1a104130
            19360500           19345 1c001774 00008067 jalr             x0, x1, 0            x1:1c001bca
            19361500           19346 1c001bca 16a0006f jal              x0, 362            
            19363500           19348 1c001d34 00900633 add              x12, x0, x9         x12=1c002349  x9:1c002349
            19364500           19349 1c001d36 e69ff06f jal              x0, -408           
            19367500           19352 1c001b9e 00064583 lbu              x11, 0(x12)         x11=00000020 x12:1c002349  PA:1c002349
            19387500           19372 1c001ba2 00160493 addi             x9, x12, 1           x9=1c00234a x12:1c002349
            19388500           19373 1c001ba6 00059e63 bne              x11, x0, 28         x11:00000020
            19391500           19376 1c001bc2 01458563 beq              x11, x20, 10        x11:00000020 x20:00000025
            19392500           19377 1c001bc6 01200533 add              x10, x0, x18        x10=00000000 x18:00000000
            19393500           19378 1c001bc8 000980e7 jalr             x1, x19, 0           x1=1c001bca x19:1c001776
            19395500           19380 1c001776 00b00533 add              x10, x0, x11        x10=00000020 x11:00000020
            19396500           19381 1c001778 fddff06f jal              x0, -36            
            19398500           19383 1c001754 000026b7 lui              x13, 0x2000         x13=00002000
            19399500           19384 1c001756 f14027f3 csrrs            x15, x0, 0xf14      x15=00000046
            19400500           19385 1c00175a f8068693 addi             x13, x13, -128      x13=00001f80 x13:00002000
            19401500           19386 1c00175e 00379713 slli             x14, x15, 0x3       x14=00000230 x15:00000046
            19402500           19387 1c001762 00279793 slli             x15, x15, 0x2       x15=00000118 x15:00000046
            19403500           19388 1c001764 ee873733 p.bclr           x14, x14, 23, 8     x14=00000030 x14:00000230
            19404500           19389 1c001768 00d7f7b3 and              x15, x15, x13       x15=00000100 x15:00000118 x13:00001f80
            19405500           19390 1c00176a 00e787b3 add              x15, x15, x14       x15=00000130 x15:00000100 x14:00000030
            19406500           19391 1c00176c 1a104737 lui              x14, 0x1a104000     x14=1a104000
            19407500           19392 1c001770 00a767a3 p.sw             x10, x0(x14)        x10:00000020 x14:1a104000  PA:1a104130
            19411500           19396 1c001774 00008067 jalr             x0, x1, 0            x1:1c001bca
            19412500           19397 1c001bca 16a0006f jal              x0, 362            
            19414500           19399 1c001d34 00900633 add              x12, x0, x9         x12=1c00234a  x9:1c00234a
            19415500           19400 1c001d36 e69ff06f jal              x0, -408           
            19418500           19403 1c001b9e 00064583 lbu              x11, 0(x12)         x11=00000028 x12:1c00234a  PA:1c00234a
            19436500           19421 1c001ba2 00160493 addi             x9, x12, 1           x9=1c00234b x12:1c00234a
            19437500           19422 1c001ba6 00059e63 bne              x11, x0, 28         x11:00000028
            19440500           19425 1c001bc2 01458563 beq              x11, x20, 10        x11:00000028 x20:00000025
            19441500           19426 1c001bc6 01200533 add              x10, x0, x18        x10=00000000 x18:00000000
            19442500           19427 1c001bc8 000980e7 jalr             x1, x19, 0           x1=1c001bca x19:1c001776
            19444500           19429 1c001776 00b00533 add              x10, x0, x11        x10=00000028 x11:00000028
            19445500           19430 1c001778 fddff06f jal              x0, -36            
            19447500           19432 1c001754 000026b7 lui              x13, 0x2000         x13=00002000
            19448500           19433 1c001756 f14027f3 csrrs            x15, x0, 0xf14      x15=00000046
            19449500           19434 1c00175a f8068693 addi             x13, x13, -128      x13=00001f80 x13:00002000
            19450500           19435 1c00175e 00379713 slli             x14, x15, 0x3       x14=00000230 x15:00000046
            19451500           19436 1c001762 00279793 slli             x15, x15, 0x2       x15=00000118 x15:00000046
            19452500           19437 1c001764 ee873733 p.bclr           x14, x14, 23, 8     x14=00000030 x14:00000230
            19453500           19438 1c001768 00d7f7b3 and              x15, x15, x13       x15=00000100 x15:00000118 x13:00001f80
            19454500           19439 1c00176a 00e787b3 add              x15, x15, x14       x15=00000130 x15:00000100 x14:00000030
            19455500           19440 1c00176c 1a104737 lui              x14, 0x1a104000     x14=1a104000
            19456500           19441 1c001770 00a767a3 p.sw             x10, x0(x14)        x10:00000028 x14:1a104000  PA:1a104130
            19460500           19445 1c001774 00008067 jalr             x0, x1, 0            x1:1c001bca
            19461500           19446 1c001bca 16a0006f jal              x0, 362            
            19463500           19448 1c001d34 00900633 add              x12, x0, x9         x12=1c00234b  x9:1c00234b
            19464500           19449 1c001d36 e69ff06f jal              x0, -408           
            19467500           19452 1c001b9e 00064583 lbu              x11, 0(x12)         x11=00000025 x12:1c00234b  PA:1c00234b
            19487500           19472 1c001ba2 00160493 addi             x9, x12, 1           x9=1c00234c x12:1c00234b
            19488500           19473 1c001ba6 00059e63 bne              x11, x0, 28         x11:00000025
            19491500           19476 1c001bc2 01458563 beq              x11, x20, 10        x11:00000025 x20:00000025
            19494500           19479 1c001bcc 00414783 lbu              x15, 4(x2)          x15=000000xx  x2:108ffb60  PA:108ffb64
            19495500           19480 1c001bd0 00012423 sw               x0, 8(x2)            x2:108ffb60  PA:108ffb68
            19496500           19481 1c001bd2 00010623 sb               x0, 12(x2)           x2:108ffb60  PA:108ffb6c
            19497500           19482 1c001bd6 c00027b3 p.insert         x15, x0, 0, 0       x15=000000xX x15:000000xx
            19498500           19483 1c001bda c01027b3 p.insert         x15, x0, 0, 1       x15=000000xX x15:000000xX
            19513500           19498 1c001bde c03027b3 p.insert         x15, x0, 0, 3       x15=000000xX x15:000000xX
            19514500           19499 1c001be2 00f10223 sb               x15, 4(x2)          x15:000000xX  x2:108ffb60  PA:108ffb64
            19519500           19504 1c001be6 00000713 addi             x14, x0, 0          x14=00000000
            19520500           19505 1c001be8 00000613 addi             x12, x0, 0          x12=00000000
            19521500           19506 1c001bea 00000693 addi             x13, x0, 0          x13=00000000
            19522500           19507 1c001bec 00000513 addi             x10, x0, 0          x10=00000000
            19523500           19508 1c001bee 00000593 addi             x11, x0, 0          x11=00000000
            19536500           19521 1c001bf0 03000813 addi             x16, x0, 48         x16=00000030
            19537500           19522 1c001bf4 02300893 addi             x17, x0, 35         x17=00000023
            19538500           19523 1c001bf8 0004c783 lbu              x15, 0(x9)          x15=00000069  x9:1c00234c  PA:1c00234c
            19569500           19554 1c001bfc 00148c13 addi             x24, x9, 1          x24=1c00234d  x9:1c00234c
            19570500           19555 1c001c00 04079163 bne              x15, x0, 66         x15:00000069
            19586500           19571 1c001c42 01778c63 beq              x15, x23, 24        x15:00000069 x23:0000002d
            19587500           19572 1c001c46 01078663 beq              x15, x16, 12        x15:00000069 x16:00000030
            19588500           19573 1c001c4a fb179ce3 bne              x15, x17, -72       x15:00000069 x17:00000023
            19611500           19596 1c001c02 00050763 beq              x10, x0, 14         x10:00000000
            19630500           19615 1c001c10 00060763 beq              x12, x0, 14         x12:00000000
            19633500           19618 1c001c1e 00070763 beq              x14, x0, 14         x14:00000000
            19656500           19641 1c001c2c fd078713 addi             x14, x15, -48       x14=00000039 x15:00000069
            19674500           19659 1c001c30 0ff77713 andi             x14, x14, 255       x14=00000039 x14:00000039
            19675500           19660 1c001c34 00900693 addi             x13, x0, 9          x13=00000009
            19676500           19661 1c001c36 04e6eb63 bltu             x13, x14, 86        x13:00000009 x14:00000039
            19696500           19681 1c001c8c 02e00713 addi             x14, x0, 46         x14=0000002e
            19714500           19699 1c001c90 02e79163 bne              x15, x14, 34        x15:00000069 x14:0000002e
            19733500           19718 1c001cb2 07a00713 addi             x14, x0, 122        x14=0000007a
            19734500           19719 1c001cb6 04e79263 bne              x15, x14, 68        x15:00000069 x14:0000007a
            19774500           19759 1c001cfa 06c00713 addi             x14, x0, 108        x14=0000006c
            19793500           19778 1c001cfe 20e79463 bne              x15, x14, 520       x15:00000069 x14:0000006c
            19816500           19801 1c001f06 06900713 addi             x14, x0, 105        x14=00000069
            19817500           19802 1c001f0a 02e78a63 beq              x15, x14, 52        x15:00000069 x14:00000069
            19856500           19841 1c001f3e 018004b3 add              x9, x0, x24          x9=1c00234d x24:1c00234d
            19880500           19865 1c001f40 00000793 addi             x15, x0, 0          x15=00000000
            19881500           19866 1c001f42 e09ff06f jal              x0, -504           
            19901500           19886 1c001d4a 00a00713 addi             x14, x0, 10         x14=0000000a
            19902500           19887 1c001d4c 00e12823 sw               x14, 16(x2)         x14:0000000a  x2:108ffb60  PA:108ffb70
            19921500           19906 1c001d4e 0e27b363 p.bneimm         x15, 230            x15:00000000
            19943500           19928 1c001e34 00440c13 addi             x24, x8, 4          x24=108ffbe8  x8:108ffbe4
            19944500           19929 1c001e38 00042503 lw               x10, 0(x8)          x10=00000002  x8:108ffbe4  PA:108ffbe4
            19951500           19936 1c001e3a 0017bd63 p.bneimm         x15, 26             x15:00000000
            19984500           19969 1c001e54 00055863 bge              x10, x0, 16         x10:00000002
            20003500           19988 1c001e64 00410593 addi             x11, x2, 4          x11=108ffb64  x2:108ffb60
            20004500           19989 1c001e66 b99ff0ef jal              x1, -1128            x1=1c001e68
            20024500           20009 1c0019fe 0105a683 lw               x13, 16(x11)        x13=108ffb78 x11:108ffb64  PA:108ffb74
            20041500           20026 1c001a00 00c5a703 lw               x14, 12(x11)        x14=0000000a x11:108ffb64  PA:108ffb70
            20047500           20032 1c001a02 00100793 addi             x15, x0, 1          x15=00000001
            20048500           20033 1c001a04 02f55633 divu             x12, x10, x15       x12=00000002 x10:00000002 x15:00000001
            20082500           20067 1c001a08 00e67863 bgeu             x12, x14, 16        x12:00000002 x14:0000000a
            20083500           20068 1c001a0c 00000613 addi             x12, x0, 0          x12=00000000
            20084500           20069 1c001a0e 00900313 addi             x6, x0, 9            x6=00000009
            20085500           20070 1c001a10 00079763 bne              x15, x0, 14         x15:00000001
            20088500           20073 1c001a1e 00c5a703 lw               x14, 12(x11)        x14=0000000a x11:108ffb64  PA:108ffb70
            20100500           20085 1c001a20 02f55833 divu             x16, x10, x15       x16=00000002 x10:00000002 x15:00000001
            20134500           20119 1c001a24 02f57533 remu             x10, x10, x15       x10=00000000 x10:00000002 x15:00000001
            20168500           20153 1c001a28 02e7d7b3 divu             x15, x15, x14       x15=00000000 x15:00000001 x14:0000000a
            20199500           20184 1c001a2c 00061763 bne              x12, x0, 14         x12:00000000
            20200500           20185 1c001a2e 01004663 blt              x0, x16, 12         x16:00000002
            20203500           20188 1c001a3a 03000713 addi             x14, x0, 48         x14=00000030
            20222500           20207 1c001a3e 01035c63 bge              x6, x16, 24          x6:00000009 x16:00000002
            20244500           20229 1c001a56 01070733 add              x14, x14, x16       x14=00000032 x14:00000030 x16:00000002
            20245500           20230 1c001a58 00e68023 sb               x14, 0(x13)         x14:00000032 x13:108ffb78  PA:108ffb78
            20251500           20236 1c001a5c 00160613 addi             x12, x12, 1         x12=00000001 x12:00000000
            20252500           20237 1c001a5e 00168693 addi             x13, x13, 1         x13=108ffb79 x13:108ffb78
            20263500           20248 1c001a60 fb1ff06f jal              x0, -80            
            20265500           20250 1c001a10 00079763 bne              x15, x0, 14         x15:00000000
            20266500           20251 1c001a12 00068023 sb               x0, 0(x13)          x13:108ffb79  PA:108ffb79
            20271500           20256 1c001a16 00008067 jalr             x0, x1, 0            x1:1c001e68
            20272500           20257 1c001e68 f17ff06f jal              x0, -234           
            20292500           20277 1c001d7e 00410613 addi             x12, x2, 4          x12=108ffb64  x2:108ffb60
            20310500           20295 1c001d80 013005b3 add              x11, x0, x19        x11=1c001776 x19:1c001776
            20311500           20296 1c001d82 01200533 add              x10, x0, x18        x10=00000000 x18:00000000
            20312500           20297 1c001d84 cdfff0ef jal              x1, -802             x1=1c001d86
            20314500           20299 1c001a62 fe010113 addi             x2, x2, -32          x2=108ffb40  x2:108ffb60
            20315500           20300 1c001a64 00812c23 sw               x8, 24(x2)           x8:108ffbe4  x2:108ffb40  PA:108ffb58
            20323500           20308 1c001a66 01062783 lw               x15, 16(x12)        x15=108ffb78 x12:108ffb64  PA:108ffb74
            20324500           20309 1c001a68 00462403 lw               x8, 4(x12)           x8=00000000 x12:108ffb64  PA:108ffb68
            20325500           20310 1c001a6a 00912a23 sw               x9, 20(x2)           x9:1c00234d  x2:108ffb40  PA:108ffb54
            20326500           20311 1c001a6c 01212823 sw               x18, 16(x2)         x18:00000000  x2:108ffb40  PA:108ffb50
            20327500           20312 1c001a6e 01312623 sw               x19, 12(x2)         x19:1c001776  x2:108ffb40  PA:108ffb4c
            20337500           20322 1c001a70 00112e23 sw               x1, 28(x2)           x1:1c001d86  x2:108ffb40  PA:108ffb5c
            20344500           20329 1c001a72 01412423 sw               x20, 8(x2)          x20:00000025  x2:108ffb40  PA:108ffb48
            20345500           20330 1c001a74 00a00933 add              x18, x0, x10        x18=00000000 x10:00000000
            20346500           20331 1c001a76 00b009b3 add              x19, x0, x11        x19=1c001776 x11:1c001776
            20347500           20332 1c001a78 00c004b3 add              x9, x0, x12          x9=108ffb64 x12:108ffb64
            20348500           20333 1c001a7a 0017c70b p.lbu            x14, 1(x15!)        x14=00000032 x15=108ffb79 x15:108ffb78  PA:108ffb78
            20350500           20335 1c001a7e 00070363 beq              x14, x0, 6          x14:00000032
            20360500           20345 1c001a80 08804863 blt              x0, x8, 144          x8:00000000
            20361500           20346 1c001a84 0084c783 lbu              x15, 8(x9)          x15=00000000  x9:108ffb64  PA:108ffb6c
            20366500           20351 1c001a88 00078263 beq              x15, x0, 4          x15:00000000
            20369500           20354 1c001a8c 0004c783 lbu              x15, 0(x9)          x15=000000xX  x9:108ffb64  PA:108ffb64
            20384500           20369 1c001a90 0027f713 andi             x14, x15, 2         x14=00000000 x15:000000xX
            20385500           20370 1c001a94 00070663 beq              x14, x0, 12         x14:00000000
            20404500           20389 1c001aa0 0097f793 andi             x15, x15, 9         x15=00000000 x15:000000xX
            20405500           20390 1c001aa2 00800a33 add              x20, x0, x8         x20=00000000  x8:00000000
            20406500           20391 1c001aa4 08078163 beq              x15, x0, 130        x15:00000000
            20426500           20411 1c001b26 ff404be3 blt              x0, x20, -10        x20:00000000
            20427500           20412 1c001b2a fff40793 addi             x15, x8, -1         x15=ffffffff  x8:00000000
            20444500           20429 1c001b2e 04046433 p.max            x8, x8, x0           x8=00000000  x8:00000000
            20445500           20430 1c001b32 40878433 sub              x8, x15, x8          x8=ffffffff x15:ffffffff  x8:00000000
            20446500           20431 1c001b36 f71ff06f jal              x0, -144           
            20448500           20433 1c001aa6 0084c583 lbu              x11, 8(x9)          x11=00000000  x9:108ffb64  PA:108ffb6c
            20456500           20441 1c001aaa 00058363 beq              x11, x0, 6          x11:00000000
            20468500           20453 1c001ab0 0004c783 lbu              x15, 0(x9)          x15=000000xX  x9:108ffb64  PA:108ffb64
            20474500           20459 1c001ab4 0027f793 andi             x15, x15, 2         x15=00000000 x15:000000xX
            20475500           20460 1c001ab6 02078363 beq              x15, x0, 38         x15:00000000
            20490500           20475 1c001adc 0004c783 lbu              x15, 0(x9)          x15=000000xX  x9:108ffb64  PA:108ffb64
            20507500           20492 1c001ae0 00800a33 add              x20, x0, x8         x20=ffffffff  x8:ffffffff
            20508500           20493 1c001ae2 fc17b7b3 p.bclr           x15, x15, 30, 1     x15=00000000 x15:000000xX
            20509500           20494 1c001ae6 06079363 bne              x15, x0, 102        x15:00000000
            20510500           20495 1c001ae8 0104aa03 lw               x20, 16(x9)         x20=108ffb78  x9:108ffb64  PA:108ffb74
            20516500           20501 1c001aec 001a458b p.lbu            x11, 1(x20!)        x11=00000032 x20=108ffb79 x20:108ffb78  PA:108ffb78
            20528500           20513 1c001af0 06059763 bne              x11, x0, 110        x11:00000032
            20547500           20532 1c001b5e 01200533 add              x10, x0, x18        x10=00000000 x18:00000000
            20564500           20549 1c001b60 000980e7 jalr             x1, x19, 0           x1=1c001b62 x19:1c001776
            20566500           20551 1c001776 00b00533 add              x10, x0, x11        x10=00000032 x11:00000032
            20567500           20552 1c001778 fddff06f jal              x0, -36            
            20569500           20554 1c001754 000026b7 lui              x13, 0x2000         x13=00002000
            20570500           20555 1c001756 f14027f3 csrrs            x15, x0, 0xf14      x15=00000046
            20571500           20556 1c00175a f8068693 addi             x13, x13, -128      x13=00001f80 x13:00002000
            20572500           20557 1c00175e 00379713 slli             x14, x15, 0x3       x14=00000230 x15:00000046
            20573500           20558 1c001762 00279793 slli             x15, x15, 0x2       x15=00000118 x15:00000046
            20574500           20559 1c001764 ee873733 p.bclr           x14, x14, 23, 8     x14=00000030 x14:00000230
            20575500           20560 1c001768 00d7f7b3 and              x15, x15, x13       x15=00000100 x15:00000118 x13:00001f80
            20576500           20561 1c00176a 00e787b3 add              x15, x15, x14       x15=00000130 x15:00000100 x14:00000030
            20577500           20562 1c00176c 1a104737 lui              x14, 0x1a104000     x14=1a104000
            20578500           20563 1c001770 00a767a3 p.sw             x10, x0(x14)        x10:00000032 x14:1a104000  PA:1a104130
            20582500           20567 1c001774 00008067 jalr             x0, x1, 0            x1:1c001b62
            20583500           20568 1c001b62 f8bff06f jal              x0, -118           
            20585500           20570 1c001aec 001a458b p.lbu            x11, 1(x20!)        x11=00000000 x20=108ffb7a x20:108ffb79  PA:108ffb79
            20593500           20578 1c001af0 06059763 bne              x11, x0, 110        x11:00000000
            20594500           20579 1c001af2 0004c783 lbu              x15, 0(x9)          x15=000000xX  x9:108ffb64  PA:108ffb64
            20596500           20581 1c001af6 0097f793 andi             x15, x15, 9         x15=00000000 x15:000000xX
            20597500           20582 1c001af8 0087b463 p.bneimm         x15, 8              x15:00000000
            20610500           20595 1c001b00 01c12083 lw               x1, 28(x2)           x1=1c001d86  x2:108ffb40  PA:108ffb5c
            20616500           20601 1c001b02 01812403 lw               x8, 24(x2)           x8=108ffbe4  x2:108ffb40  PA:108ffb58
            20617500           20602 1c001b04 01412483 lw               x9, 20(x2)           x9=1c00234d  x2:108ffb40  PA:108ffb54
            20618500           20603 1c001b06 01012903 lw               x18, 16(x2)         x18=00000000  x2:108ffb40  PA:108ffb50
            20619500           20604 1c001b08 00c12983 lw               x19, 12(x2)         x19=1c001776  x2:108ffb40  PA:108ffb4c
            20620500           20605 1c001b0a 00812a03 lw               x20, 8(x2)          x20=00000025  x2:108ffb40  PA:108ffb48
            20621500           20606 1c001b0c 02010113 addi             x2, x2, 32           x2=108ffb60  x2:108ffb40
            20622500           20607 1c001b0e 00008067 jalr             x0, x1, 0            x1:1c001d86
            20636500           20621 1c001d86 01800433 add              x8, x0, x24          x8=108ffbe8 x24:108ffbe8
            20637500           20622 1c001d88 fadff06f jal              x0, -84            
            20639500           20624 1c001d34 00900633 add              x12, x0, x9         x12=1c00234d  x9:1c00234d
            20640500           20625 1c001d36 e69ff06f jal              x0, -408           
            20643500           20628 1c001b9e 00064583 lbu              x11, 0(x12)         x11=0000002c x12:1c00234d  PA:1c00234d
            20674500           20659 1c001ba2 00160493 addi             x9, x12, 1           x9=1c00234e x12:1c00234d
            20675500           20660 1c001ba6 00059e63 bne              x11, x0, 28         x11:0000002c
            20678500           20663 1c001bc2 01458563 beq              x11, x20, 10        x11:0000002c x20:00000025
            20679500           20664 1c001bc6 01200533 add              x10, x0, x18        x10=00000000 x18:00000000
            20680500           20665 1c001bc8 000980e7 jalr             x1, x19, 0           x1=1c001bca x19:1c001776
            20682500           20667 1c001776 00b00533 add              x10, x0, x11        x10=0000002c x11:0000002c
            20683500           20668 1c001778 fddff06f jal              x0, -36            
            20685500           20670 1c001754 000026b7 lui              x13, 0x2000         x13=00002000
            20686500           20671 1c001756 f14027f3 csrrs            x15, x0, 0xf14      x15=00000046
            20687500           20672 1c00175a f8068693 addi             x13, x13, -128      x13=00001f80 x13:00002000
            20688500           20673 1c00175e 00379713 slli             x14, x15, 0x3       x14=00000230 x15:00000046
            20689500           20674 1c001762 00279793 slli             x15, x15, 0x2       x15=00000118 x15:00000046
            20690500           20675 1c001764 ee873733 p.bclr           x14, x14, 23, 8     x14=00000030 x14:00000230
            20691500           20676 1c001768 00d7f7b3 and              x15, x15, x13       x15=00000100 x15:00000118 x13:00001f80
            20692500           20677 1c00176a 00e787b3 add              x15, x15, x14       x15=00000130 x15:00000100 x14:00000030
            20693500           20678 1c00176c 1a104737 lui              x14, 0x1a104000     x14=1a104000
            20694500           20679 1c001770 00a767a3 p.sw             x10, x0(x14)        x10:0000002c x14:1a104000  PA:1a104130
            20698500           20683 1c001774 00008067 jalr             x0, x1, 0            x1:1c001bca
            20699500           20684 1c001bca 16a0006f jal              x0, 362            
            20701500           20686 1c001d34 00900633 add              x12, x0, x9         x12=1c00234e  x9:1c00234e
            20702500           20687 1c001d36 e69ff06f jal              x0, -408           
            20705500           20690 1c001b9e 00064583 lbu              x11, 0(x12)         x11=00000020 x12:1c00234e  PA:1c00234e
            20721500           20706 1c001ba2 00160493 addi             x9, x12, 1           x9=1c00234f x12:1c00234e
            20722500           20707 1c001ba6 00059e63 bne              x11, x0, 28         x11:00000020
            20725500           20710 1c001bc2 01458563 beq              x11, x20, 10        x11:00000020 x20:00000025
            20726500           20711 1c001bc6 01200533 add              x10, x0, x18        x10=00000000 x18:00000000
            20727500           20712 1c001bc8 000980e7 jalr             x1, x19, 0           x1=1c001bca x19:1c001776
            20729500           20714 1c001776 00b00533 add              x10, x0, x11        x10=00000020 x11:00000020
            20730500           20715 1c001778 fddff06f jal              x0, -36            
            20732500           20717 1c001754 000026b7 lui              x13, 0x2000         x13=00002000
            20733500           20718 1c001756 f14027f3 csrrs            x15, x0, 0xf14      x15=00000046
            20734500           20719 1c00175a f8068693 addi             x13, x13, -128      x13=00001f80 x13:00002000
            20735500           20720 1c00175e 00379713 slli             x14, x15, 0x3       x14=00000230 x15:00000046
            20736500           20721 1c001762 00279793 slli             x15, x15, 0x2       x15=00000118 x15:00000046
            20737500           20722 1c001764 ee873733 p.bclr           x14, x14, 23, 8     x14=00000030 x14:00000230
            20738500           20723 1c001768 00d7f7b3 and              x15, x15, x13       x15=00000100 x15:00000118 x13:00001f80
            20739500           20724 1c00176a 00e787b3 add              x15, x15, x14       x15=00000130 x15:00000100 x14:00000030
            20740500           20725 1c00176c 1a104737 lui              x14, 0x1a104000     x14=1a104000
            20741500           20726 1c001770 00a767a3 p.sw             x10, x0(x14)        x10:00000020 x14:1a104000  PA:1a104130
            20745500           20730 1c001774 00008067 jalr             x0, x1, 0            x1:1c001bca
            20746500           20731 1c001bca 16a0006f jal              x0, 362            
            20748500           20733 1c001d34 00900633 add              x12, x0, x9         x12=1c00234f  x9:1c00234f
            20749500           20734 1c001d36 e69ff06f jal              x0, -408           
            20752500           20737 1c001b9e 00064583 lbu              x11, 0(x12)         x11=00000025 x12:1c00234f  PA:1c00234f
            20766500           20751 1c001ba2 00160493 addi             x9, x12, 1           x9=1c002350 x12:1c00234f
            20767500           20752 1c001ba6 00059e63 bne              x11, x0, 28         x11:00000025
            20770500           20755 1c001bc2 01458563 beq              x11, x20, 10        x11:00000025 x20:00000025
            20773500           20758 1c001bcc 00414783 lbu              x15, 4(x2)          x15=000000xX  x2:108ffb60  PA:108ffb64
            20774500           20759 1c001bd0 00012423 sw               x0, 8(x2)            x2:108ffb60  PA:108ffb68
            20775500           20760 1c001bd2 00010623 sb               x0, 12(x2)           x2:108ffb60  PA:108ffb6c
            20776500           20761 1c001bd6 c00027b3 p.insert         x15, x0, 0, 0       x15=000000xX x15:000000xX
            20777500           20762 1c001bda c01027b3 p.insert         x15, x0, 0, 1       x15=000000xX x15:000000xX
            20778500           20763 1c001bde c03027b3 p.insert         x15, x0, 0, 3       x15=000000xX x15:000000xX
            20779500           20764 1c001be2 00f10223 sb               x15, 4(x2)          x15:000000xX  x2:108ffb60  PA:108ffb64
            20780500           20765 1c001be6 00000713 addi             x14, x0, 0          x14=00000000
            20781500           20766 1c001be8 00000613 addi             x12, x0, 0          x12=00000000
            20782500           20767 1c001bea 00000693 addi             x13, x0, 0          x13=00000000
            20783500           20768 1c001bec 00000513 addi             x10, x0, 0          x10=00000000
            20784500           20769 1c001bee 00000593 addi             x11, x0, 0          x11=00000000
            20785500           20770 1c001bf0 03000813 addi             x16, x0, 48         x16=00000030
            20786500           20771 1c001bf4 02300893 addi             x17, x0, 35         x17=00000023
            20787500           20772 1c001bf8 0004c783 lbu              x15, 0(x9)          x15=00000069  x9:1c002350  PA:1c002350
            20801500           20786 1c001bfc 00148c13 addi             x24, x9, 1          x24=1c002351  x9:1c002350
            20802500           20787 1c001c00 04079163 bne              x15, x0, 66         x15:00000069
            20805500           20790 1c001c42 01778c63 beq              x15, x23, 24        x15:00000069 x23:0000002d
            20806500           20791 1c001c46 01078663 beq              x15, x16, 12        x15:00000069 x16:00000030
            20807500           20792 1c001c4a fb179ce3 bne              x15, x17, -72       x15:00000069 x17:00000023
            20810500           20795 1c001c02 00050763 beq              x10, x0, 14         x10:00000000
            20813500           20798 1c001c10 00060763 beq              x12, x0, 14         x12:00000000
            20816500           20801 1c001c1e 00070763 beq              x14, x0, 14         x14:00000000
            20819500           20804 1c001c2c fd078713 addi             x14, x15, -48       x14=00000039 x15:00000069
            20820500           20805 1c001c30 0ff77713 andi             x14, x14, 255       x14=00000039 x14:00000039
            20821500           20806 1c001c34 00900693 addi             x13, x0, 9          x13=00000009
            20822500           20807 1c001c36 04e6eb63 bltu             x13, x14, 86        x13:00000009 x14:00000039
            20825500           20810 1c001c8c 02e00713 addi             x14, x0, 46         x14=0000002e
            20826500           20811 1c001c90 02e79163 bne              x15, x14, 34        x15:00000069 x14:0000002e
            20829500           20814 1c001cb2 07a00713 addi             x14, x0, 122        x14=0000007a
            20830500           20815 1c001cb6 04e79263 bne              x15, x14, 68        x15:00000069 x14:0000007a
            20833500           20818 1c001cfa 06c00713 addi             x14, x0, 108        x14=0000006c
            20835500           20820 1c001cfe 20e79463 bne              x15, x14, 520       x15:00000069 x14:0000006c
            20838500           20823 1c001f06 06900713 addi             x14, x0, 105        x14=00000069
            20839500           20824 1c001f0a 02e78a63 beq              x15, x14, 52        x15:00000069 x14:00000069
            20842500           20827 1c001f3e 018004b3 add              x9, x0, x24          x9=1c002351 x24:1c002351
            20843500           20828 1c001f40 00000793 addi             x15, x0, 0          x15=00000000
            20844500           20829 1c001f42 e09ff06f jal              x0, -504           
            20846500           20831 1c001d4a 00a00713 addi             x14, x0, 10         x14=0000000a
            20847500           20832 1c001d4c 00e12823 sw               x14, 16(x2)         x14:0000000a  x2:108ffb60  PA:108ffb70
            20848500           20833 1c001d4e 0e27b363 p.bneimm         x15, 230            x15:00000000
            20851500           20836 1c001e34 00440c13 addi             x24, x8, 4          x24=108ffbec  x8:108ffbe8
            20852500           20837 1c001e38 00042503 lw               x10, 0(x8)          x10=00000006  x8:108ffbe8  PA:108ffbe8
            20853500           20838 1c001e3a 0017bd63 p.bneimm         x15, 26             x15:00000000
            20856500           20841 1c001e54 00055863 bge              x10, x0, 16         x10:00000006
            20859500           20844 1c001e64 00410593 addi             x11, x2, 4          x11=108ffb64  x2:108ffb60
            20860500           20845 1c001e66 b99ff0ef jal              x1, -1128            x1=1c001e68
            20862500           20847 1c0019fe 0105a683 lw               x13, 16(x11)        x13=108ffb78 x11:108ffb64  PA:108ffb74
            20863500           20848 1c001a00 00c5a703 lw               x14, 12(x11)        x14=0000000a x11:108ffb64  PA:108ffb70
            20864500           20849 1c001a02 00100793 addi             x15, x0, 1          x15=00000001
            20865500           20850 1c001a04 02f55633 divu             x12, x10, x15       x12=00000006 x10:00000006 x15:00000001
            20899500           20884 1c001a08 00e67863 bgeu             x12, x14, 16        x12:00000006 x14:0000000a
            20900500           20885 1c001a0c 00000613 addi             x12, x0, 0          x12=00000000
            20901500           20886 1c001a0e 00900313 addi             x6, x0, 9            x6=00000009
            20902500           20887 1c001a10 00079763 bne              x15, x0, 14         x15:00000001
            20905500           20890 1c001a1e 00c5a703 lw               x14, 12(x11)        x14=0000000a x11:108ffb64  PA:108ffb70
            20906500           20891 1c001a20 02f55833 divu             x16, x10, x15       x16=00000006 x10:00000006 x15:00000001
            20940500           20925 1c001a24 02f57533 remu             x10, x10, x15       x10=00000000 x10:00000006 x15:00000001
            20974500           20959 1c001a28 02e7d7b3 divu             x15, x15, x14       x15=00000000 x15:00000001 x14:0000000a
            21005500           20990 1c001a2c 00061763 bne              x12, x0, 14         x12:00000000
            21006500           20991 1c001a2e 01004663 blt              x0, x16, 12         x16:00000006
            21009500           20994 1c001a3a 03000713 addi             x14, x0, 48         x14=00000030
            21011500           20996 1c001a3e 01035c63 bge              x6, x16, 24          x6:00000009 x16:00000006
            21014500           20999 1c001a56 01070733 add              x14, x14, x16       x14=00000036 x14:00000030 x16:00000006
            21015500           21000 1c001a58 00e68023 sb               x14, 0(x13)         x14:00000036 x13:108ffb78  PA:108ffb78
            21016500           21001 1c001a5c 00160613 addi             x12, x12, 1         x12=00000001 x12:00000000
            21017500           21002 1c001a5e 00168693 addi             x13, x13, 1         x13=108ffb79 x13:108ffb78
            21018500           21003 1c001a60 fb1ff06f jal              x0, -80            
            21020500           21005 1c001a10 00079763 bne              x15, x0, 14         x15:00000000
            21021500           21006 1c001a12 00068023 sb               x0, 0(x13)          x13:108ffb79  PA:108ffb79
            21022500           21007 1c001a16 00008067 jalr             x0, x1, 0            x1:1c001e68
            21024500           21009 1c001e68 f17ff06f jal              x0, -234           
            21026500           21011 1c001d7e 00410613 addi             x12, x2, 4          x12=108ffb64  x2:108ffb60
            21027500           21012 1c001d80 013005b3 add              x11, x0, x19        x11=1c001776 x19:1c001776
            21028500           21013 1c001d82 01200533 add              x10, x0, x18        x10=00000000 x18:00000000
            21029500           21014 1c001d84 cdfff0ef jal              x1, -802             x1=1c001d86
            21031500           21016 1c001a62 fe010113 addi             x2, x2, -32          x2=108ffb40  x2:108ffb60
            21032500           21017 1c001a64 00812c23 sw               x8, 24(x2)           x8:108ffbe8  x2:108ffb40  PA:108ffb58
            21033500           21018 1c001a66 01062783 lw               x15, 16(x12)        x15=108ffb78 x12:108ffb64  PA:108ffb74
            21034500           21019 1c001a68 00462403 lw               x8, 4(x12)           x8=00000000 x12:108ffb64  PA:108ffb68
            21035500           21020 1c001a6a 00912a23 sw               x9, 20(x2)           x9:1c002351  x2:108ffb40  PA:108ffb54
            21036500           21021 1c001a6c 01212823 sw               x18, 16(x2)         x18:00000000  x2:108ffb40  PA:108ffb50
            21037500           21022 1c001a6e 01312623 sw               x19, 12(x2)         x19:1c001776  x2:108ffb40  PA:108ffb4c
            21038500           21023 1c001a70 00112e23 sw               x1, 28(x2)           x1:1c001d86  x2:108ffb40  PA:108ffb5c
            21039500           21024 1c001a72 01412423 sw               x20, 8(x2)          x20:00000025  x2:108ffb40  PA:108ffb48
            21040500           21025 1c001a74 00a00933 add              x18, x0, x10        x18=00000000 x10:00000000
            21041500           21026 1c001a76 00b009b3 add              x19, x0, x11        x19=1c001776 x11:1c001776
            21042500           21027 1c001a78 00c004b3 add              x9, x0, x12          x9=108ffb64 x12:108ffb64
            21043500           21028 1c001a7a 0017c70b p.lbu            x14, 1(x15!)        x14=00000036 x15=108ffb79 x15:108ffb78  PA:108ffb78
            21045500           21030 1c001a7e 00070363 beq              x14, x0, 6          x14:00000036
            21046500           21031 1c001a80 08804863 blt              x0, x8, 144          x8:00000000
            21047500           21032 1c001a84 0084c783 lbu              x15, 8(x9)          x15=00000000  x9:108ffb64  PA:108ffb6c
            21049500           21034 1c001a88 00078263 beq              x15, x0, 4          x15:00000000
            21052500           21037 1c001a8c 0004c783 lbu              x15, 0(x9)          x15=000000xX  x9:108ffb64  PA:108ffb64
            21054500           21039 1c001a90 0027f713 andi             x14, x15, 2         x14=00000000 x15:000000xX
            21055500           21040 1c001a94 00070663 beq              x14, x0, 12         x14:00000000
            21058500           21043 1c001aa0 0097f793 andi             x15, x15, 9         x15=00000000 x15:000000xX
            21059500           21044 1c001aa2 00800a33 add              x20, x0, x8         x20=00000000  x8:00000000
            21060500           21045 1c001aa4 08078163 beq              x15, x0, 130        x15:00000000
            21063500           21048 1c001b26 ff404be3 blt              x0, x20, -10        x20:00000000
            21064500           21049 1c001b2a fff40793 addi             x15, x8, -1         x15=ffffffff  x8:00000000
            21065500           21050 1c001b2e 04046433 p.max            x8, x8, x0           x8=00000000  x8:00000000
            21066500           21051 1c001b32 40878433 sub              x8, x15, x8          x8=ffffffff x15:ffffffff  x8:00000000
            21067500           21052 1c001b36 f71ff06f jal              x0, -144           
            21069500           21054 1c001aa6 0084c583 lbu              x11, 8(x9)          x11=00000000  x9:108ffb64  PA:108ffb6c
            21071500           21056 1c001aaa 00058363 beq              x11, x0, 6          x11:00000000
            21074500           21059 1c001ab0 0004c783 lbu              x15, 0(x9)          x15=000000xX  x9:108ffb64  PA:108ffb64
            21076500           21061 1c001ab4 0027f793 andi             x15, x15, 2         x15=00000000 x15:000000xX
            21077500           21062 1c001ab6 02078363 beq              x15, x0, 38         x15:00000000
            21080500           21065 1c001adc 0004c783 lbu              x15, 0(x9)          x15=000000xX  x9:108ffb64  PA:108ffb64
            21081500           21066 1c001ae0 00800a33 add              x20, x0, x8         x20=ffffffff  x8:ffffffff
            21082500           21067 1c001ae2 fc17b7b3 p.bclr           x15, x15, 30, 1     x15=00000000 x15:000000xX
            21083500           21068 1c001ae6 06079363 bne              x15, x0, 102        x15:00000000
            21084500           21069 1c001ae8 0104aa03 lw               x20, 16(x9)         x20=108ffb78  x9:108ffb64  PA:108ffb74
            21086500           21071 1c001aec 001a458b p.lbu            x11, 1(x20!)        x11=00000036 x20=108ffb79 x20:108ffb78  PA:108ffb78
            21088500           21073 1c001af0 06059763 bne              x11, x0, 110        x11:00000036
            21091500           21076 1c001b5e 01200533 add              x10, x0, x18        x10=00000000 x18:00000000
            21092500           21077 1c001b60 000980e7 jalr             x1, x19, 0           x1=1c001b62 x19:1c001776
            21094500           21079 1c001776 00b00533 add              x10, x0, x11        x10=00000036 x11:00000036
            21095500           21080 1c001778 fddff06f jal              x0, -36            
            21097500           21082 1c001754 000026b7 lui              x13, 0x2000         x13=00002000
            21098500           21083 1c001756 f14027f3 csrrs            x15, x0, 0xf14      x15=00000046
            21099500           21084 1c00175a f8068693 addi             x13, x13, -128      x13=00001f80 x13:00002000
            21100500           21085 1c00175e 00379713 slli             x14, x15, 0x3       x14=00000230 x15:00000046
            21101500           21086 1c001762 00279793 slli             x15, x15, 0x2       x15=00000118 x15:00000046
            21102500           21087 1c001764 ee873733 p.bclr           x14, x14, 23, 8     x14=00000030 x14:00000230
            21103500           21088 1c001768 00d7f7b3 and              x15, x15, x13       x15=00000100 x15:00000118 x13:00001f80
            21104500           21089 1c00176a 00e787b3 add              x15, x15, x14       x15=00000130 x15:00000100 x14:00000030
            21105500           21090 1c00176c 1a104737 lui              x14, 0x1a104000     x14=1a104000
            21106500           21091 1c001770 00a767a3 p.sw             x10, x0(x14)        x10:00000036 x14:1a104000  PA:1a104130
            21110500           21095 1c001774 00008067 jalr             x0, x1, 0            x1:1c001b62
            21111500           21096 1c001b62 f8bff06f jal              x0, -118           
            21113500           21098 1c001aec 001a458b p.lbu            x11, 1(x20!)        x11=00000000 x20=108ffb7a x20:108ffb79  PA:108ffb79
            21115500           21100 1c001af0 06059763 bne              x11, x0, 110        x11:00000000
            21116500           21101 1c001af2 0004c783 lbu              x15, 0(x9)          x15=000000xX  x9:108ffb64  PA:108ffb64
            21118500           21103 1c001af6 0097f793 andi             x15, x15, 9         x15=00000000 x15:000000xX
            21119500           21104 1c001af8 0087b463 p.bneimm         x15, 8              x15:00000000
            21122500           21107 1c001b00 01c12083 lw               x1, 28(x2)           x1=1c001d86  x2:108ffb40  PA:108ffb5c
            21123500           21108 1c001b02 01812403 lw               x8, 24(x2)           x8=108ffbe8  x2:108ffb40  PA:108ffb58
            21124500           21109 1c001b04 01412483 lw               x9, 20(x2)           x9=1c002351  x2:108ffb40  PA:108ffb54
            21125500           21110 1c001b06 01012903 lw               x18, 16(x2)         x18=00000000  x2:108ffb40  PA:108ffb50
            21126500           21111 1c001b08 00c12983 lw               x19, 12(x2)         x19=1c001776  x2:108ffb40  PA:108ffb4c
            21127500           21112 1c001b0a 00812a03 lw               x20, 8(x2)          x20=00000025  x2:108ffb40  PA:108ffb48
            21128500           21113 1c001b0c 02010113 addi             x2, x2, 32           x2=108ffb60  x2:108ffb40
            21129500           21114 1c001b0e 00008067 jalr             x0, x1, 0            x1:1c001d86
            21131500           21116 1c001d86 01800433 add              x8, x0, x24          x8=108ffbec x24:108ffbec
            21132500           21117 1c001d88 fadff06f jal              x0, -84            
            21134500           21119 1c001d34 00900633 add              x12, x0, x9         x12=1c002351  x9:1c002351
            21135500           21120 1c001d36 e69ff06f jal              x0, -408           
            21138500           21123 1c001b9e 00064583 lbu              x11, 0(x12)         x11=00000029 x12:1c002351  PA:1c002351
            21161500           21146 1c001ba2 00160493 addi             x9, x12, 1           x9=1c002352 x12:1c002351
            21162500           21147 1c001ba6 00059e63 bne              x11, x0, 28         x11:00000029
            21165500           21150 1c001bc2 01458563 beq              x11, x20, 10        x11:00000029 x20:00000025
            21166500           21151 1c001bc6 01200533 add              x10, x0, x18        x10=00000000 x18:00000000
            21167500           21152 1c001bc8 000980e7 jalr             x1, x19, 0           x1=1c001bca x19:1c001776
            21169500           21154 1c001776 00b00533 add              x10, x0, x11        x10=00000029 x11:00000029
            21170500           21155 1c001778 fddff06f jal              x0, -36            
            21172500           21157 1c001754 000026b7 lui              x13, 0x2000         x13=00002000
            21173500           21158 1c001756 f14027f3 csrrs            x15, x0, 0xf14      x15=00000046
            21174500           21159 1c00175a f8068693 addi             x13, x13, -128      x13=00001f80 x13:00002000
            21175500           21160 1c00175e 00379713 slli             x14, x15, 0x3       x14=00000230 x15:00000046
            21176500           21161 1c001762 00279793 slli             x15, x15, 0x2       x15=00000118 x15:00000046
            21177500           21162 1c001764 ee873733 p.bclr           x14, x14, 23, 8     x14=00000030 x14:00000230
            21178500           21163 1c001768 00d7f7b3 and              x15, x15, x13       x15=00000100 x15:00000118 x13:00001f80
            21179500           21164 1c00176a 00e787b3 add              x15, x15, x14       x15=00000130 x15:00000100 x14:00000030
            21180500           21165 1c00176c 1a104737 lui              x14, 0x1a104000     x14=1a104000
            21181500           21166 1c001770 00a767a3 p.sw             x10, x0(x14)        x10:00000029 x14:1a104000  PA:1a104130
            21185500           21170 1c001774 00008067 jalr             x0, x1, 0            x1:1c001bca
            21186500           21171 1c001bca 16a0006f jal              x0, 362            
            21188500           21173 1c001d34 00900633 add              x12, x0, x9         x12=1c002352  x9:1c002352
            21189500           21174 1c001d36 e69ff06f jal              x0, -408           
            21192500           21177 1c001b9e 00064583 lbu              x11, 0(x12)         x11=00000021 x12:1c002352  PA:1c002352
            21213500           21198 1c001ba2 00160493 addi             x9, x12, 1           x9=1c002353 x12:1c002352
            21214500           21199 1c001ba6 00059e63 bne              x11, x0, 28         x11:00000021
            21217500           21202 1c001bc2 01458563 beq              x11, x20, 10        x11:00000021 x20:00000025
            21218500           21203 1c001bc6 01200533 add              x10, x0, x18        x10=00000000 x18:00000000
            21219500           21204 1c001bc8 000980e7 jalr             x1, x19, 0           x1=1c001bca x19:1c001776
            21221500           21206 1c001776 00b00533 add              x10, x0, x11        x10=00000021 x11:00000021
            21222500           21207 1c001778 fddff06f jal              x0, -36            
            21224500           21209 1c001754 000026b7 lui              x13, 0x2000         x13=00002000
            21225500           21210 1c001756 f14027f3 csrrs            x15, x0, 0xf14      x15=00000046
            21226500           21211 1c00175a f8068693 addi             x13, x13, -128      x13=00001f80 x13:00002000
            21227500           21212 1c00175e 00379713 slli             x14, x15, 0x3       x14=00000230 x15:00000046
            21228500           21213 1c001762 00279793 slli             x15, x15, 0x2       x15=00000118 x15:00000046
            21229500           21214 1c001764 ee873733 p.bclr           x14, x14, 23, 8     x14=00000030 x14:00000230
            21230500           21215 1c001768 00d7f7b3 and              x15, x15, x13       x15=00000100 x15:00000118 x13:00001f80
            21231500           21216 1c00176a 00e787b3 add              x15, x15, x14       x15=00000130 x15:00000100 x14:00000030
            21232500           21217 1c00176c 1a104737 lui              x14, 0x1a104000     x14=1a104000
            21233500           21218 1c001770 00a767a3 p.sw             x10, x0(x14)        x10:00000021 x14:1a104000  PA:1a104130
            21237500           21222 1c001774 00008067 jalr             x0, x1, 0            x1:1c001bca
            21238500           21223 1c001bca 16a0006f jal              x0, 362            
            21240500           21225 1c001d34 00900633 add              x12, x0, x9         x12=1c002353  x9:1c002353
            21241500           21226 1c001d36 e69ff06f jal              x0, -408           
            21244500           21229 1c001b9e 00064583 lbu              x11, 0(x12)         x11=0000000a x12:1c002353  PA:1c002353
            21258500           21243 1c001ba2 00160493 addi             x9, x12, 1           x9=1c002354 x12:1c002353
            21259500           21244 1c001ba6 00059e63 bne              x11, x0, 28         x11:0000000a
            21262500           21247 1c001bc2 01458563 beq              x11, x20, 10        x11:0000000a x20:00000025
            21263500           21248 1c001bc6 01200533 add              x10, x0, x18        x10=00000000 x18:00000000
            21264500           21249 1c001bc8 000980e7 jalr             x1, x19, 0           x1=1c001bca x19:1c001776
            21266500           21251 1c001776 00b00533 add              x10, x0, x11        x10=0000000a x11:0000000a
            21267500           21252 1c001778 fddff06f jal              x0, -36            
            21269500           21254 1c001754 000026b7 lui              x13, 0x2000         x13=00002000
            21270500           21255 1c001756 f14027f3 csrrs            x15, x0, 0xf14      x15=00000046
            21271500           21256 1c00175a f8068693 addi             x13, x13, -128      x13=00001f80 x13:00002000
            21272500           21257 1c00175e 00379713 slli             x14, x15, 0x3       x14=00000230 x15:00000046
            21273500           21258 1c001762 00279793 slli             x15, x15, 0x2       x15=00000118 x15:00000046
            21274500           21259 1c001764 ee873733 p.bclr           x14, x14, 23, 8     x14=00000030 x14:00000230
            21275500           21260 1c001768 00d7f7b3 and              x15, x15, x13       x15=00000100 x15:00000118 x13:00001f80
            21276500           21261 1c00176a 00e787b3 add              x15, x15, x14       x15=00000130 x15:00000100 x14:00000030
            21277500           21262 1c00176c 1a104737 lui              x14, 0x1a104000     x14=1a104000
            21278500           21263 1c001770 00a767a3 p.sw             x10, x0(x14)        x10:0000000a x14:1a104000  PA:1a104130
            21282500           21267 1c001774 00008067 jalr             x0, x1, 0            x1:1c001bca
            21283500           21268 1c001bca 16a0006f jal              x0, 362            
            21285500           21270 1c001d34 00900633 add              x12, x0, x9         x12=1c002354  x9:1c002354
            21286500           21271 1c001d36 e69ff06f jal              x0, -408           
            21289500           21274 1c001b9e 00064583 lbu              x11, 0(x12)         x11=00000000 x12:1c002354  PA:1c002354
            21306500           21291 1c001ba2 00160493 addi             x9, x12, 1           x9=1c002355 x12:1c002354
            21307500           21292 1c001ba6 00059e63 bne              x11, x0, 28         x11:00000000
            21308500           21293 1c001ba8 05c12083 lw               x1, 92(x2)           x1=1c001834  x2:108ffb60  PA:108ffbbc
            21309500           21294 1c001baa 05812403 lw               x8, 88(x2)           x8=00000000  x2:108ffb60  PA:108ffbb8
            21310500           21295 1c001bac 05412483 lw               x9, 84(x2)           x9=00000000  x2:108ffb60  PA:108ffbb4
            21311500           21296 1c001bae 05012903 lw               x18, 80(x2)         x18=1b204000  x2:108ffb60  PA:108ffbb0
            21312500           21297 1c001bb0 04c12983 lw               x19, 76(x2)         x19=00000006  x2:108ffb60  PA:108ffbac
            21313500           21298 1c001bb2 04812a03 lw               x20, 72(x2)         x20=1c00220c  x2:108ffb60  PA:108ffba8
            21314500           21299 1c001bb4 04412a83 lw               x21, 68(x2)         x21=1c002210  x2:108ffb60  PA:108ffba4
            21315500           21300 1c001bb6 04012b03 lw               x22, 64(x2)         x22=00000000  x2:108ffb60  PA:108ffba0
            21316500           21301 1c001bb8 03c12b83 lw               x23, 60(x2)         x23=00000000  x2:108ffb60  PA:108ffb9c
            21319500           21304 1c001bba 03812c03 lw               x24, 56(x2)         x24=00000000  x2:108ffb60  PA:108ffb98
            21320500           21305 1c001bbc 03412c83 lw               x25, 52(x2)         x25=00000000  x2:108ffb60  PA:108ffb94
            21321500           21306 1c001bbe 06010113 addi             x2, x2, 96           x2=108ffbc0  x2:108ffb60
            21322500           21307 1c001bc0 00008067 jalr             x0, x1, 0            x1:1c001834
            21324500           21309 1c001834 01c12083 lw               x1, 28(x2)           x1=1c00220c  x2:108ffbc0  PA:108ffbdc
            21325500           21310 1c001836 00000513 addi             x10, x0, 0          x10=00000000
            21326500           21311 1c001838 04010113 addi             x2, x2, 64           x2=108ffc00  x2:108ffbc0
            21327500           21312 1c00183a 00008067 jalr             x0, x1, 0            x1:1c00220c
            21329500           21314 1c00220c 21c96283 p.elw            x5, 540(x18)         x5=00000000 x18:1b204000  PA:1b20421c
