                Time          Cycles PC       Instr    Mnemonic
            12603500           12588 1c000080 0180006f jal              x0, 24             
            12621500           12606 1c000098 f1402573 csrrs            x10, x0, 0xf14      x10=00000026
            12622500           12607 1c00009c 01f57593 andi             x11, x10, 31        x11=00000006 x10:00000026
            12639500           12624 1c0000a0 00555513 srli             x10, x10, 0x5       x10=00000001 x10:00000026
            12640500           12625 1c0000a2 00058463 beq              x11, x0, 8          x11:00000006
            12641500           12626 1c0000a6 05a0206f jal              x0, 8282           
            12659500           12644 1c002100 000702b7 lui              x5, 0x70000          x5=00070000
            12660500           12645 1c002104 1b204337 lui              x6, 0x1b204000       x6=1b204000
            12661500           12646 1c002108 00532023 sw               x5, 0(x6)            x5:00070000  x6:1b204000  PA:1b204000
            12662500           12647 1c00210c 0e059163 bne              x11, x0, 226        x11:00000006
            12714500           12699 1c0021ee 1b204937 lui              x18, 0x1b204000     x18=1b204000
            12715500           12700 1c0021f2 f14029f3 csrrs            x19, x0, 0xf14      x19=00000026
            12716500           12701 1c0021f6 01f9f993 andi             x19, x19, 31        x19=00000006 x19:00000026
            12717500           12702 1c0021fa 00000a17 auipc            x20, 0x0            x20=1c0021fa
            12734500           12719 1c0021fe 012a0a13 addi             x20, x20, 18        x20=1c00220c x20:1c0021fa
            12735500           12720 1c002202 00000a97 auipc            x21, 0x0            x21=1c002202
            12736500           12721 1c002206 00ea8a93 addi             x21, x21, 14        x21=1c002210 x21:1c002202
            12737500           12722 1c00220a 0060006f jal              x0, 6              
            12757500           12742 1c002210 08096283 p.elw            x5, 128(x18)         x5=1c00222d x18:1b204000  PA:1b204080
            17807500           17792 1c002214 08096503 p.elw            x10, 128(x18)       x10=00000400 x18:1b204000  PA:1b204080
            17825500           17810 1c002218 0012f313 andi             x6, x5, 1            x6=00000001  x5:1c00222d
            17826500           17811 1c00221c 00031563 bne              x6, x0, 10           x6:00000001
            17844500           17829 1c002226 000a80b3 add              x1, x21, x0          x1=1c002210 x21:1c002210
            17845500           17830 1c00222a 00028067 jalr             x0, x5, 0            x5:1c00222d
            17847500           17832 1c00222c 08096283 p.elw            x5, 128(x18)         x5=104fe400 x18:1b204000  PA:1b204080
            17871500           17856 1c002230 02a98533 mul              x10, x19, x10       x10=00001800 x19:00000006 x10:00000400
            17872500           17857 1c002234 00550133 add              x2, x10, x5          x2=104ffc00 x10:00001800  x5:104fe400
            17873500           17858 1c002238 00008067 jalr             x0, x1, 0            x1:1c002210
            17875500           17860 1c002210 08096283 p.elw            x5, 128(x18)         x5=1c0009bc x18:1b204000  PA:1b204080
            17911500           17896 1c002214 08096503 p.elw            x10, 128(x18)       x10=00000000 x18:1b204000  PA:1b204080
            17919500           17904 1c002218 0012f313 andi             x6, x5, 1            x6=00000000  x5:1c0009bc
            17920500           17905 1c00221c 00031563 bne              x6, x0, 10           x6:00000000
            17921500           17906 1c002220 000a00b3 add              x1, x20, x0          x1=1c00220c x20:1c00220c
            17922500           17907 1c002224 00028067 jalr             x0, x5, 0            x5:1c0009bc
            17940500           17925 1c0009bc f1402673 csrrs            x12, x0, 0xf14      x12=00000026
            17957500           17942 1c0009c0 1c002537 lui              x10, 0x1c002000     x10=1c002000
            17958500           17943 1c0009c4 40565593 srai             x11, x12, 0x405     x11=00000001 x12:00000026
            17959500           17944 1c0009c8 f265b5b3 p.bclr           x11, x11, 25, 6     x11=00000001 x11:00000001
            17960500           17945 1c0009cc f4563633 p.bclr           x12, x12, 26, 5     x12=00000006 x12:00000026
            17961500           17946 1c0009d0 33c50513 addi             x10, x10, 828       x10=1c00233c x10:1c002000
            17962500           17947 1c0009d4 63d0006f jal              x0, 3644           
            17980500           17965 1c001810 fc010113 addi             x2, x2, -64          x2=104ffbc0  x2:104ffc00
            17981500           17966 1c001812 02b12223 sw               x11, 36(x2)         x11:00000001  x2:104ffbc0  PA:104ffbe4
            17987500           17972 1c001814 1c0015b7 lui              x11, 0x1c001000     x11=1c001000
            17988500           17973 1c001818 02c12423 sw               x12, 40(x2)         x12:00000006  x2:104ffbc0  PA:104ffbe8
            17989500           17974 1c00181a 02d12623 sw               x13, 44(x2)         x13:00000000  x2:104ffbc0  PA:104ffbec
            17990500           17975 1c00181c 00a00633 add              x12, x0, x10        x12=1c00233c x10:1c00233c
            17991500           17976 1c00181e 02410693 addi             x13, x2, 36         x13=104ffbe4  x2:104ffbc0
            18002500           17987 1c001820 00000513 addi             x10, x0, 0          x10=00000000
            18003500           17988 1c001822 77658593 addi             x11, x11, 1910      x11=1c001776 x11:1c001000
            18004500           17989 1c001826 00112e23 sw               x1, 28(x2)           x1:1c00220c  x2:104ffbc0  PA:104ffbdc
            18011500           17996 1c001828 02e12823 sw               x14, 48(x2)         x14:00000000  x2:104ffbc0  PA:104ffbf0
            18012500           17997 1c00182a 02f12a23 sw               x15, 52(x2)         x15:00000000  x2:104ffbc0  PA:104ffbf4
            18013500           17998 1c00182c 03012c23 sw               x16, 56(x2)         x16:00000000  x2:104ffbc0  PA:104ffbf8
            18014500           17999 1c00182e 03112e23 sw               x17, 60(x2)         x17:00000000  x2:104ffbc0  PA:104ffbfc
            18024500           18009 1c001830 00d12623 sw               x13, 12(x2)         x13:104ffbe4  x2:104ffbc0  PA:104ffbcc
            18031500           18016 1c001832 33e000ef jal              x1, 830              x1=1c001834
            18043500           18028 1c001b70 fa010113 addi             x2, x2, -96          x2=104ffb60  x2:104ffbc0
            18044500           18029 1c001b72 01810793 addi             x15, x2, 24         x15=104ffb78  x2:104ffb60
            18045500           18030 1c001b74 04812c23 sw               x8, 88(x2)           x8:00000000  x2:104ffb60  PA:104ffbb8
            18050500           18035 1c001b76 05212823 sw               x18, 80(x2)         x18:1b204000  x2:104ffb60  PA:104ffbb0
            18051500           18036 1c001b78 05312623 sw               x19, 76(x2)         x19:00000006  x2:104ffb60  PA:104ffbac
            18052500           18037 1c001b7a 05412423 sw               x20, 72(x2)         x20:1c00220c  x2:104ffb60  PA:104ffba8
            18053500           18038 1c001b7c 05512223 sw               x21, 68(x2)         x21:1c002210  x2:104ffb60  PA:104ffba4
            18054500           18039 1c001b7e 05612023 sw               x22, 64(x2)         x22:00000000  x2:104ffb60  PA:104ffba0
            18066500           18051 1c001b80 03712e23 sw               x23, 60(x2)         x23:00000000  x2:104ffb60  PA:104ffb9c
            18067500           18052 1c001b82 04112e23 sw               x1, 92(x2)           x1:1c001834  x2:104ffb60  PA:104ffbbc
            18068500           18053 1c001b84 04912a23 sw               x9, 84(x2)           x9:00000000  x2:104ffb60  PA:104ffbb4
            18069500           18054 1c001b86 03812c23 sw               x24, 56(x2)         x24:00000000  x2:104ffb60  PA:104ffb98
            18070500           18055 1c001b88 03912a23 sw               x25, 52(x2)         x25:00000000  x2:104ffb60  PA:104ffb94
            18071500           18056 1c001b8a 00a00933 add              x18, x0, x10        x18=00000000 x10:00000000
            18072500           18057 1c001b8c 00b009b3 add              x19, x0, x11        x19=1c001776 x11:1c001776
            18073500           18058 1c001b8e 00d00433 add              x8, x0, x13          x8=104ffbe4 x13:104ffbe4
            18089500           18074 1c001b90 00f12a23 sw               x15, 20(x2)         x15:104ffb78  x2:104ffb60  PA:104ffb74
            18095500           18080 1c001b92 02500a13 addi             x20, x0, 37         x20=00000025
            18096500           18081 1c001b96 02d00b93 addi             x23, x0, 45         x23=0000002d
            18097500           18082 1c001b9a 00100a93 addi             x21, x0, 1          x21=00000001
            18098500           18083 1c001b9c 00500b13 addi             x22, x0, 5          x22=00000005
            18110500           18095 1c001b9e 00064583 lbu              x11, 0(x12)         x11=00000048 x12:1c00233c  PA:1c00233c
            18136500           18121 1c001ba2 00160493 addi             x9, x12, 1           x9=1c00233d x12:1c00233c
            18137500           18122 1c001ba6 00059e63 bne              x11, x0, 28         x11:00000048
            18145500           18130 1c001bc2 01458563 beq              x11, x20, 10        x11:00000048 x20:00000025
            18146500           18131 1c001bc6 01200533 add              x10, x0, x18        x10=00000000 x18:00000000
            18147500           18132 1c001bc8 000980e7 jalr             x1, x19, 0           x1=1c001bca x19:1c001776
            18165500           18150 1c001776 00b00533 add              x10, x0, x11        x10=00000048 x11:00000048
            18166500           18151 1c001778 fddff06f jal              x0, -36            
            18184500           18169 1c001754 000026b7 lui              x13, 0x2000         x13=00002000
            18185500           18170 1c001756 f14027f3 csrrs            x15, x0, 0xf14      x15=00000026
            18186500           18171 1c00175a f8068693 addi             x13, x13, -128      x13=00001f80 x13:00002000
            18203500           18188 1c00175e 00379713 slli             x14, x15, 0x3       x14=00000130 x15:00000026
            18204500           18189 1c001762 00279793 slli             x15, x15, 0x2       x15=00000098 x15:00000026
            18205500           18190 1c001764 ee873733 p.bclr           x14, x14, 23, 8     x14=00000030 x14:00000130
            18206500           18191 1c001768 00d7f7b3 and              x15, x15, x13       x15=00000080 x15:00000098 x13:00001f80
            18207500           18192 1c00176a 00e787b3 add              x15, x15, x14       x15=000000b0 x15:00000080 x14:00000030
            18208500           18193 1c00176c 1a104737 lui              x14, 0x1a104000     x14=1a104000
            18209500           18194 1c001770 00a767a3 p.sw             x10, x0(x14)        x10:00000048 x14:1a104000  PA:1a1040b0
            18213500           18198 1c001774 00008067 jalr             x0, x1, 0            x1:1c001bca
            18214500           18199 1c001bca 16a0006f jal              x0, 362            
            18232500           18217 1c001d34 00900633 add              x12, x0, x9         x12=1c00233d  x9:1c00233d
            18233500           18218 1c001d36 e69ff06f jal              x0, -408           
            18236500           18221 1c001b9e 00064583 lbu              x11, 0(x12)         x11=00000065 x12:1c00233d  PA:1c00233d
            18263500           18248 1c001ba2 00160493 addi             x9, x12, 1           x9=1c00233e x12:1c00233d
            18264500           18249 1c001ba6 00059e63 bne              x11, x0, 28         x11:00000065
            18267500           18252 1c001bc2 01458563 beq              x11, x20, 10        x11:00000065 x20:00000025
            18268500           18253 1c001bc6 01200533 add              x10, x0, x18        x10=00000000 x18:00000000
            18269500           18254 1c001bc8 000980e7 jalr             x1, x19, 0           x1=1c001bca x19:1c001776
            18271500           18256 1c001776 00b00533 add              x10, x0, x11        x10=00000065 x11:00000065
            18272500           18257 1c001778 fddff06f jal              x0, -36            
            18274500           18259 1c001754 000026b7 lui              x13, 0x2000         x13=00002000
            18275500           18260 1c001756 f14027f3 csrrs            x15, x0, 0xf14      x15=00000026
            18276500           18261 1c00175a f8068693 addi             x13, x13, -128      x13=00001f80 x13:00002000
            18277500           18262 1c00175e 00379713 slli             x14, x15, 0x3       x14=00000130 x15:00000026
            18278500           18263 1c001762 00279793 slli             x15, x15, 0x2       x15=00000098 x15:00000026
            18279500           18264 1c001764 ee873733 p.bclr           x14, x14, 23, 8     x14=00000030 x14:00000130
            18280500           18265 1c001768 00d7f7b3 and              x15, x15, x13       x15=00000080 x15:00000098 x13:00001f80
            18281500           18266 1c00176a 00e787b3 add              x15, x15, x14       x15=000000b0 x15:00000080 x14:00000030
            18282500           18267 1c00176c 1a104737 lui              x14, 0x1a104000     x14=1a104000
            18283500           18268 1c001770 00a767a3 p.sw             x10, x0(x14)        x10:00000065 x14:1a104000  PA:1a1040b0
            18287500           18272 1c001774 00008067 jalr             x0, x1, 0            x1:1c001bca
            18288500           18273 1c001bca 16a0006f jal              x0, 362            
            18290500           18275 1c001d34 00900633 add              x12, x0, x9         x12=1c00233e  x9:1c00233e
            18291500           18276 1c001d36 e69ff06f jal              x0, -408           
            18294500           18279 1c001b9e 00064583 lbu              x11, 0(x12)         x11=00000079 x12:1c00233e  PA:1c00233e
            18311500           18296 1c001ba2 00160493 addi             x9, x12, 1           x9=1c00233f x12:1c00233e
            18312500           18297 1c001ba6 00059e63 bne              x11, x0, 28         x11:00000079
            18315500           18300 1c001bc2 01458563 beq              x11, x20, 10        x11:00000079 x20:00000025
            18316500           18301 1c001bc6 01200533 add              x10, x0, x18        x10=00000000 x18:00000000
            18317500           18302 1c001bc8 000980e7 jalr             x1, x19, 0           x1=1c001bca x19:1c001776
            18319500           18304 1c001776 00b00533 add              x10, x0, x11        x10=00000079 x11:00000079
            18320500           18305 1c001778 fddff06f jal              x0, -36            
            18322500           18307 1c001754 000026b7 lui              x13, 0x2000         x13=00002000
            18323500           18308 1c001756 f14027f3 csrrs            x15, x0, 0xf14      x15=00000026
            18324500           18309 1c00175a f8068693 addi             x13, x13, -128      x13=00001f80 x13:00002000
            18325500           18310 1c00175e 00379713 slli             x14, x15, 0x3       x14=00000130 x15:00000026
            18326500           18311 1c001762 00279793 slli             x15, x15, 0x2       x15=00000098 x15:00000026
            18327500           18312 1c001764 ee873733 p.bclr           x14, x14, 23, 8     x14=00000030 x14:00000130
            18328500           18313 1c001768 00d7f7b3 and              x15, x15, x13       x15=00000080 x15:00000098 x13:00001f80
            18329500           18314 1c00176a 00e787b3 add              x15, x15, x14       x15=000000b0 x15:00000080 x14:00000030
            18330500           18315 1c00176c 1a104737 lui              x14, 0x1a104000     x14=1a104000
            18331500           18316 1c001770 00a767a3 p.sw             x10, x0(x14)        x10:00000079 x14:1a104000  PA:1a1040b0
            18335500           18320 1c001774 00008067 jalr             x0, x1, 0            x1:1c001bca
            18336500           18321 1c001bca 16a0006f jal              x0, 362            
            18338500           18323 1c001d34 00900633 add              x12, x0, x9         x12=1c00233f  x9:1c00233f
            18339500           18324 1c001d36 e69ff06f jal              x0, -408           
            18342500           18327 1c001b9e 00064583 lbu              x11, 0(x12)         x11=0000002c x12:1c00233f  PA:1c00233f
            18361500           18346 1c001ba2 00160493 addi             x9, x12, 1           x9=1c002340 x12:1c00233f
            18362500           18347 1c001ba6 00059e63 bne              x11, x0, 28         x11:0000002c
            18365500           18350 1c001bc2 01458563 beq              x11, x20, 10        x11:0000002c x20:00000025
            18366500           18351 1c001bc6 01200533 add              x10, x0, x18        x10=00000000 x18:00000000
            18367500           18352 1c001bc8 000980e7 jalr             x1, x19, 0           x1=1c001bca x19:1c001776
            18369500           18354 1c001776 00b00533 add              x10, x0, x11        x10=0000002c x11:0000002c
            18370500           18355 1c001778 fddff06f jal              x0, -36            
            18372500           18357 1c001754 000026b7 lui              x13, 0x2000         x13=00002000
            18373500           18358 1c001756 f14027f3 csrrs            x15, x0, 0xf14      x15=00000026
            18374500           18359 1c00175a f8068693 addi             x13, x13, -128      x13=00001f80 x13:00002000
            18375500           18360 1c00175e 00379713 slli             x14, x15, 0x3       x14=00000130 x15:00000026
            18376500           18361 1c001762 00279793 slli             x15, x15, 0x2       x15=00000098 x15:00000026
            18377500           18362 1c001764 ee873733 p.bclr           x14, x14, 23, 8     x14=00000030 x14:00000130
            18378500           18363 1c001768 00d7f7b3 and              x15, x15, x13       x15=00000080 x15:00000098 x13:00001f80
            18379500           18364 1c00176a 00e787b3 add              x15, x15, x14       x15=000000b0 x15:00000080 x14:00000030
            18380500           18365 1c00176c 1a104737 lui              x14, 0x1a104000     x14=1a104000
            18381500           18366 1c001770 00a767a3 p.sw             x10, x0(x14)        x10:0000002c x14:1a104000  PA:1a1040b0
            18385500           18370 1c001774 00008067 jalr             x0, x1, 0            x1:1c001bca
            18386500           18371 1c001bca 16a0006f jal              x0, 362            
            18388500           18373 1c001d34 00900633 add              x12, x0, x9         x12=1c002340  x9:1c002340
            18389500           18374 1c001d36 e69ff06f jal              x0, -408           
            18392500           18377 1c001b9e 00064583 lbu              x11, 0(x12)         x11=00000020 x12:1c002340  PA:1c002340
            18406500           18391 1c001ba2 00160493 addi             x9, x12, 1           x9=1c002341 x12:1c002340
            18407500           18392 1c001ba6 00059e63 bne              x11, x0, 28         x11:00000020
            18410500           18395 1c001bc2 01458563 beq              x11, x20, 10        x11:00000020 x20:00000025
            18411500           18396 1c001bc6 01200533 add              x10, x0, x18        x10=00000000 x18:00000000
            18412500           18397 1c001bc8 000980e7 jalr             x1, x19, 0           x1=1c001bca x19:1c001776
            18414500           18399 1c001776 00b00533 add              x10, x0, x11        x10=00000020 x11:00000020
            18415500           18400 1c001778 fddff06f jal              x0, -36            
            18417500           18402 1c001754 000026b7 lui              x13, 0x2000         x13=00002000
            18418500           18403 1c001756 f14027f3 csrrs            x15, x0, 0xf14      x15=00000026
            18419500           18404 1c00175a f8068693 addi             x13, x13, -128      x13=00001f80 x13:00002000
            18420500           18405 1c00175e 00379713 slli             x14, x15, 0x3       x14=00000130 x15:00000026
            18421500           18406 1c001762 00279793 slli             x15, x15, 0x2       x15=00000098 x15:00000026
            18422500           18407 1c001764 ee873733 p.bclr           x14, x14, 23, 8     x14=00000030 x14:00000130
            18423500           18408 1c001768 00d7f7b3 and              x15, x15, x13       x15=00000080 x15:00000098 x13:00001f80
            18424500           18409 1c00176a 00e787b3 add              x15, x15, x14       x15=000000b0 x15:00000080 x14:00000030
            18425500           18410 1c00176c 1a104737 lui              x14, 0x1a104000     x14=1a104000
            18426500           18411 1c001770 00a767a3 p.sw             x10, x0(x14)        x10:00000020 x14:1a104000  PA:1a1040b0
            18430500           18415 1c001774 00008067 jalr             x0, x1, 0            x1:1c001bca
            18431500           18416 1c001bca 16a0006f jal              x0, 362            
            18433500           18418 1c001d34 00900633 add              x12, x0, x9         x12=1c002341  x9:1c002341
            18434500           18419 1c001d36 e69ff06f jal              x0, -408           
            18437500           18422 1c001b9e 00064583 lbu              x11, 0(x12)         x11=00000049 x12:1c002341  PA:1c002341
            18451500           18436 1c001ba2 00160493 addi             x9, x12, 1           x9=1c002342 x12:1c002341
            18452500           18437 1c001ba6 00059e63 bne              x11, x0, 28         x11:00000049
            18455500           18440 1c001bc2 01458563 beq              x11, x20, 10        x11:00000049 x20:00000025
            18456500           18441 1c001bc6 01200533 add              x10, x0, x18        x10=00000000 x18:00000000
            18457500           18442 1c001bc8 000980e7 jalr             x1, x19, 0           x1=1c001bca x19:1c001776
            18459500           18444 1c001776 00b00533 add              x10, x0, x11        x10=00000049 x11:00000049
            18460500           18445 1c001778 fddff06f jal              x0, -36            
            18462500           18447 1c001754 000026b7 lui              x13, 0x2000         x13=00002000
            18463500           18448 1c001756 f14027f3 csrrs            x15, x0, 0xf14      x15=00000026
            18464500           18449 1c00175a f8068693 addi             x13, x13, -128      x13=00001f80 x13:00002000
            18465500           18450 1c00175e 00379713 slli             x14, x15, 0x3       x14=00000130 x15:00000026
            18466500           18451 1c001762 00279793 slli             x15, x15, 0x2       x15=00000098 x15:00000026
            18467500           18452 1c001764 ee873733 p.bclr           x14, x14, 23, 8     x14=00000030 x14:00000130
            18468500           18453 1c001768 00d7f7b3 and              x15, x15, x13       x15=00000080 x15:00000098 x13:00001f80
            18469500           18454 1c00176a 00e787b3 add              x15, x15, x14       x15=000000b0 x15:00000080 x14:00000030
            18470500           18455 1c00176c 1a104737 lui              x14, 0x1a104000     x14=1a104000
            18471500           18456 1c001770 00a767a3 p.sw             x10, x0(x14)        x10:00000049 x14:1a104000  PA:1a1040b0
            18475500           18460 1c001774 00008067 jalr             x0, x1, 0            x1:1c001bca
            18476500           18461 1c001bca 16a0006f jal              x0, 362            
            18478500           18463 1c001d34 00900633 add              x12, x0, x9         x12=1c002342  x9:1c002342
            18479500           18464 1c001d36 e69ff06f jal              x0, -408           
            18482500           18467 1c001b9e 00064583 lbu              x11, 0(x12)         x11=00000027 x12:1c002342  PA:1c002342
            18497500           18482 1c001ba2 00160493 addi             x9, x12, 1           x9=1c002343 x12:1c002342
            18498500           18483 1c001ba6 00059e63 bne              x11, x0, 28         x11:00000027
            18501500           18486 1c001bc2 01458563 beq              x11, x20, 10        x11:00000027 x20:00000025
            18502500           18487 1c001bc6 01200533 add              x10, x0, x18        x10=00000000 x18:00000000
            18503500           18488 1c001bc8 000980e7 jalr             x1, x19, 0           x1=1c001bca x19:1c001776
            18505500           18490 1c001776 00b00533 add              x10, x0, x11        x10=00000027 x11:00000027
            18506500           18491 1c001778 fddff06f jal              x0, -36            
            18508500           18493 1c001754 000026b7 lui              x13, 0x2000         x13=00002000
            18509500           18494 1c001756 f14027f3 csrrs            x15, x0, 0xf14      x15=00000026
            18510500           18495 1c00175a f8068693 addi             x13, x13, -128      x13=00001f80 x13:00002000
            18511500           18496 1c00175e 00379713 slli             x14, x15, 0x3       x14=00000130 x15:00000026
            18512500           18497 1c001762 00279793 slli             x15, x15, 0x2       x15=00000098 x15:00000026
            18513500           18498 1c001764 ee873733 p.bclr           x14, x14, 23, 8     x14=00000030 x14:00000130
            18514500           18499 1c001768 00d7f7b3 and              x15, x15, x13       x15=00000080 x15:00000098 x13:00001f80
            18515500           18500 1c00176a 00e787b3 add              x15, x15, x14       x15=000000b0 x15:00000080 x14:00000030
            18516500           18501 1c00176c 1a104737 lui              x14, 0x1a104000     x14=1a104000
            18517500           18502 1c001770 00a767a3 p.sw             x10, x0(x14)        x10:00000027 x14:1a104000  PA:1a1040b0
            18521500           18506 1c001774 00008067 jalr             x0, x1, 0            x1:1c001bca
            18522500           18507 1c001bca 16a0006f jal              x0, 362            
            18524500           18509 1c001d34 00900633 add              x12, x0, x9         x12=1c002343  x9:1c002343
            18525500           18510 1c001d36 e69ff06f jal              x0, -408           
            18528500           18513 1c001b9e 00064583 lbu              x11, 0(x12)         x11=0000006d x12:1c002343  PA:1c002343
            18542500           18527 1c001ba2 00160493 addi             x9, x12, 1           x9=1c002344 x12:1c002343
            18543500           18528 1c001ba6 00059e63 bne              x11, x0, 28         x11:0000006d
            18546500           18531 1c001bc2 01458563 beq              x11, x20, 10        x11:0000006d x20:00000025
            18547500           18532 1c001bc6 01200533 add              x10, x0, x18        x10=00000000 x18:00000000
            18548500           18533 1c001bc8 000980e7 jalr             x1, x19, 0           x1=1c001bca x19:1c001776
            18550500           18535 1c001776 00b00533 add              x10, x0, x11        x10=0000006d x11:0000006d
            18551500           18536 1c001778 fddff06f jal              x0, -36            
            18553500           18538 1c001754 000026b7 lui              x13, 0x2000         x13=00002000
            18554500           18539 1c001756 f14027f3 csrrs            x15, x0, 0xf14      x15=00000026
            18555500           18540 1c00175a f8068693 addi             x13, x13, -128      x13=00001f80 x13:00002000
            18556500           18541 1c00175e 00379713 slli             x14, x15, 0x3       x14=00000130 x15:00000026
            18557500           18542 1c001762 00279793 slli             x15, x15, 0x2       x15=00000098 x15:00000026
            18558500           18543 1c001764 ee873733 p.bclr           x14, x14, 23, 8     x14=00000030 x14:00000130
            18559500           18544 1c001768 00d7f7b3 and              x15, x15, x13       x15=00000080 x15:00000098 x13:00001f80
            18560500           18545 1c00176a 00e787b3 add              x15, x15, x14       x15=000000b0 x15:00000080 x14:00000030
            18561500           18546 1c00176c 1a104737 lui              x14, 0x1a104000     x14=1a104000
            18562500           18547 1c001770 00a767a3 p.sw             x10, x0(x14)        x10:0000006d x14:1a104000  PA:1a1040b0
            18566500           18551 1c001774 00008067 jalr             x0, x1, 0            x1:1c001bca
            18567500           18552 1c001bca 16a0006f jal              x0, 362            
            18569500           18554 1c001d34 00900633 add              x12, x0, x9         x12=1c002344  x9:1c002344
            18570500           18555 1c001d36 e69ff06f jal              x0, -408           
            18573500           18558 1c001b9e 00064583 lbu              x11, 0(x12)         x11=00000020 x12:1c002344  PA:1c002344
            18588500           18573 1c001ba2 00160493 addi             x9, x12, 1           x9=1c002345 x12:1c002344
            18589500           18574 1c001ba6 00059e63 bne              x11, x0, 28         x11:00000020
            18592500           18577 1c001bc2 01458563 beq              x11, x20, 10        x11:00000020 x20:00000025
            18593500           18578 1c001bc6 01200533 add              x10, x0, x18        x10=00000000 x18:00000000
            18594500           18579 1c001bc8 000980e7 jalr             x1, x19, 0           x1=1c001bca x19:1c001776
            18596500           18581 1c001776 00b00533 add              x10, x0, x11        x10=00000020 x11:00000020
            18597500           18582 1c001778 fddff06f jal              x0, -36            
            18599500           18584 1c001754 000026b7 lui              x13, 0x2000         x13=00002000
            18600500           18585 1c001756 f14027f3 csrrs            x15, x0, 0xf14      x15=00000026
            18601500           18586 1c00175a f8068693 addi             x13, x13, -128      x13=00001f80 x13:00002000
            18602500           18587 1c00175e 00379713 slli             x14, x15, 0x3       x14=00000130 x15:00000026
            18603500           18588 1c001762 00279793 slli             x15, x15, 0x2       x15=00000098 x15:00000026
            18604500           18589 1c001764 ee873733 p.bclr           x14, x14, 23, 8     x14=00000030 x14:00000130
            18605500           18590 1c001768 00d7f7b3 and              x15, x15, x13       x15=00000080 x15:00000098 x13:00001f80
            18606500           18591 1c00176a 00e787b3 add              x15, x15, x14       x15=000000b0 x15:00000080 x14:00000030
            18607500           18592 1c00176c 1a104737 lui              x14, 0x1a104000     x14=1a104000
            18608500           18593 1c001770 00a767a3 p.sw             x10, x0(x14)        x10:00000020 x14:1a104000  PA:1a1040b0
            18612500           18597 1c001774 00008067 jalr             x0, x1, 0            x1:1c001bca
            18613500           18598 1c001bca 16a0006f jal              x0, 362            
            18615500           18600 1c001d34 00900633 add              x12, x0, x9         x12=1c002345  x9:1c002345
            18616500           18601 1c001d36 e69ff06f jal              x0, -408           
            18619500           18604 1c001b9e 00064583 lbu              x11, 0(x12)         x11=00000063 x12:1c002345  PA:1c002345
            18634500           18619 1c001ba2 00160493 addi             x9, x12, 1           x9=1c002346 x12:1c002345
            18635500           18620 1c001ba6 00059e63 bne              x11, x0, 28         x11:00000063
            18638500           18623 1c001bc2 01458563 beq              x11, x20, 10        x11:00000063 x20:00000025
            18639500           18624 1c001bc6 01200533 add              x10, x0, x18        x10=00000000 x18:00000000
            18640500           18625 1c001bc8 000980e7 jalr             x1, x19, 0           x1=1c001bca x19:1c001776
            18642500           18627 1c001776 00b00533 add              x10, x0, x11        x10=00000063 x11:00000063
            18643500           18628 1c001778 fddff06f jal              x0, -36            
            18645500           18630 1c001754 000026b7 lui              x13, 0x2000         x13=00002000
            18646500           18631 1c001756 f14027f3 csrrs            x15, x0, 0xf14      x15=00000026
            18647500           18632 1c00175a f8068693 addi             x13, x13, -128      x13=00001f80 x13:00002000
            18648500           18633 1c00175e 00379713 slli             x14, x15, 0x3       x14=00000130 x15:00000026
            18649500           18634 1c001762 00279793 slli             x15, x15, 0x2       x15=00000098 x15:00000026
            18650500           18635 1c001764 ee873733 p.bclr           x14, x14, 23, 8     x14=00000030 x14:00000130
            18651500           18636 1c001768 00d7f7b3 and              x15, x15, x13       x15=00000080 x15:00000098 x13:00001f80
            18652500           18637 1c00176a 00e787b3 add              x15, x15, x14       x15=000000b0 x15:00000080 x14:00000030
            18653500           18638 1c00176c 1a104737 lui              x14, 0x1a104000     x14=1a104000
            18654500           18639 1c001770 00a767a3 p.sw             x10, x0(x14)        x10:00000063 x14:1a104000  PA:1a1040b0
            18658500           18643 1c001774 00008067 jalr             x0, x1, 0            x1:1c001bca
            18659500           18644 1c001bca 16a0006f jal              x0, 362            
            18661500           18646 1c001d34 00900633 add              x12, x0, x9         x12=1c002346  x9:1c002346
            18662500           18647 1c001d36 e69ff06f jal              x0, -408           
            18665500           18650 1c001b9e 00064583 lbu              x11, 0(x12)         x11=0000006f x12:1c002346  PA:1c002346
            18681500           18666 1c001ba2 00160493 addi             x9, x12, 1           x9=1c002347 x12:1c002346
            18682500           18667 1c001ba6 00059e63 bne              x11, x0, 28         x11:0000006f
            18685500           18670 1c001bc2 01458563 beq              x11, x20, 10        x11:0000006f x20:00000025
            18686500           18671 1c001bc6 01200533 add              x10, x0, x18        x10=00000000 x18:00000000
            18687500           18672 1c001bc8 000980e7 jalr             x1, x19, 0           x1=1c001bca x19:1c001776
            18689500           18674 1c001776 00b00533 add              x10, x0, x11        x10=0000006f x11:0000006f
            18690500           18675 1c001778 fddff06f jal              x0, -36            
            18692500           18677 1c001754 000026b7 lui              x13, 0x2000         x13=00002000
            18693500           18678 1c001756 f14027f3 csrrs            x15, x0, 0xf14      x15=00000026
            18694500           18679 1c00175a f8068693 addi             x13, x13, -128      x13=00001f80 x13:00002000
            18695500           18680 1c00175e 00379713 slli             x14, x15, 0x3       x14=00000130 x15:00000026
            18696500           18681 1c001762 00279793 slli             x15, x15, 0x2       x15=00000098 x15:00000026
            18697500           18682 1c001764 ee873733 p.bclr           x14, x14, 23, 8     x14=00000030 x14:00000130
            18698500           18683 1c001768 00d7f7b3 and              x15, x15, x13       x15=00000080 x15:00000098 x13:00001f80
            18699500           18684 1c00176a 00e787b3 add              x15, x15, x14       x15=000000b0 x15:00000080 x14:00000030
            18700500           18685 1c00176c 1a104737 lui              x14, 0x1a104000     x14=1a104000
            18701500           18686 1c001770 00a767a3 p.sw             x10, x0(x14)        x10:0000006f x14:1a104000  PA:1a1040b0
            18705500           18690 1c001774 00008067 jalr             x0, x1, 0            x1:1c001bca
            18706500           18691 1c001bca 16a0006f jal              x0, 362            
            18708500           18693 1c001d34 00900633 add              x12, x0, x9         x12=1c002347  x9:1c002347
            18709500           18694 1c001d36 e69ff06f jal              x0, -408           
            18712500           18697 1c001b9e 00064583 lbu              x11, 0(x12)         x11=00000072 x12:1c002347  PA:1c002347
            18728500           18713 1c001ba2 00160493 addi             x9, x12, 1           x9=1c002348 x12:1c002347
            18729500           18714 1c001ba6 00059e63 bne              x11, x0, 28         x11:00000072
            18732500           18717 1c001bc2 01458563 beq              x11, x20, 10        x11:00000072 x20:00000025
            18733500           18718 1c001bc6 01200533 add              x10, x0, x18        x10=00000000 x18:00000000
            18734500           18719 1c001bc8 000980e7 jalr             x1, x19, 0           x1=1c001bca x19:1c001776
            18736500           18721 1c001776 00b00533 add              x10, x0, x11        x10=00000072 x11:00000072
            18737500           18722 1c001778 fddff06f jal              x0, -36            
            18739500           18724 1c001754 000026b7 lui              x13, 0x2000         x13=00002000
            18740500           18725 1c001756 f14027f3 csrrs            x15, x0, 0xf14      x15=00000026
            18741500           18726 1c00175a f8068693 addi             x13, x13, -128      x13=00001f80 x13:00002000
            18742500           18727 1c00175e 00379713 slli             x14, x15, 0x3       x14=00000130 x15:00000026
            18743500           18728 1c001762 00279793 slli             x15, x15, 0x2       x15=00000098 x15:00000026
            18744500           18729 1c001764 ee873733 p.bclr           x14, x14, 23, 8     x14=00000030 x14:00000130
            18745500           18730 1c001768 00d7f7b3 and              x15, x15, x13       x15=00000080 x15:00000098 x13:00001f80
            18746500           18731 1c00176a 00e787b3 add              x15, x15, x14       x15=000000b0 x15:00000080 x14:00000030
            18747500           18732 1c00176c 1a104737 lui              x14, 0x1a104000     x14=1a104000
            18748500           18733 1c001770 00a767a3 p.sw             x10, x0(x14)        x10:00000072 x14:1a104000  PA:1a1040b0
            18752500           18737 1c001774 00008067 jalr             x0, x1, 0            x1:1c001bca
            18753500           18738 1c001bca 16a0006f jal              x0, 362            
            18755500           18740 1c001d34 00900633 add              x12, x0, x9         x12=1c002348  x9:1c002348
            18756500           18741 1c001d36 e69ff06f jal              x0, -408           
            18759500           18744 1c001b9e 00064583 lbu              x11, 0(x12)         x11=00000065 x12:1c002348  PA:1c002348
            18777500           18762 1c001ba2 00160493 addi             x9, x12, 1           x9=1c002349 x12:1c002348
            18778500           18763 1c001ba6 00059e63 bne              x11, x0, 28         x11:00000065
            18781500           18766 1c001bc2 01458563 beq              x11, x20, 10        x11:00000065 x20:00000025
            18782500           18767 1c001bc6 01200533 add              x10, x0, x18        x10=00000000 x18:00000000
            18783500           18768 1c001bc8 000980e7 jalr             x1, x19, 0           x1=1c001bca x19:1c001776
            18785500           18770 1c001776 00b00533 add              x10, x0, x11        x10=00000065 x11:00000065
            18786500           18771 1c001778 fddff06f jal              x0, -36            
            18788500           18773 1c001754 000026b7 lui              x13, 0x2000         x13=00002000
            18789500           18774 1c001756 f14027f3 csrrs            x15, x0, 0xf14      x15=00000026
            18790500           18775 1c00175a f8068693 addi             x13, x13, -128      x13=00001f80 x13:00002000
            18791500           18776 1c00175e 00379713 slli             x14, x15, 0x3       x14=00000130 x15:00000026
            18792500           18777 1c001762 00279793 slli             x15, x15, 0x2       x15=00000098 x15:00000026
            18793500           18778 1c001764 ee873733 p.bclr           x14, x14, 23, 8     x14=00000030 x14:00000130
            18794500           18779 1c001768 00d7f7b3 and              x15, x15, x13       x15=00000080 x15:00000098 x13:00001f80
            18795500           18780 1c00176a 00e787b3 add              x15, x15, x14       x15=000000b0 x15:00000080 x14:00000030
            18796500           18781 1c00176c 1a104737 lui              x14, 0x1a104000     x14=1a104000
            18797500           18782 1c001770 00a767a3 p.sw             x10, x0(x14)        x10:00000065 x14:1a104000  PA:1a1040b0
            18801500           18786 1c001774 00008067 jalr             x0, x1, 0            x1:1c001bca
            18802500           18787 1c001bca 16a0006f jal              x0, 362            
            18804500           18789 1c001d34 00900633 add              x12, x0, x9         x12=1c002349  x9:1c002349
            18805500           18790 1c001d36 e69ff06f jal              x0, -408           
            18808500           18793 1c001b9e 00064583 lbu              x11, 0(x12)         x11=00000020 x12:1c002349  PA:1c002349
            18823500           18808 1c001ba2 00160493 addi             x9, x12, 1           x9=1c00234a x12:1c002349
            18824500           18809 1c001ba6 00059e63 bne              x11, x0, 28         x11:00000020
            18827500           18812 1c001bc2 01458563 beq              x11, x20, 10        x11:00000020 x20:00000025
            18828500           18813 1c001bc6 01200533 add              x10, x0, x18        x10=00000000 x18:00000000
            18829500           18814 1c001bc8 000980e7 jalr             x1, x19, 0           x1=1c001bca x19:1c001776
            18831500           18816 1c001776 00b00533 add              x10, x0, x11        x10=00000020 x11:00000020
            18832500           18817 1c001778 fddff06f jal              x0, -36            
            18834500           18819 1c001754 000026b7 lui              x13, 0x2000         x13=00002000
            18835500           18820 1c001756 f14027f3 csrrs            x15, x0, 0xf14      x15=00000026
            18836500           18821 1c00175a f8068693 addi             x13, x13, -128      x13=00001f80 x13:00002000
            18837500           18822 1c00175e 00379713 slli             x14, x15, 0x3       x14=00000130 x15:00000026
            18838500           18823 1c001762 00279793 slli             x15, x15, 0x2       x15=00000098 x15:00000026
            18839500           18824 1c001764 ee873733 p.bclr           x14, x14, 23, 8     x14=00000030 x14:00000130
            18840500           18825 1c001768 00d7f7b3 and              x15, x15, x13       x15=00000080 x15:00000098 x13:00001f80
            18841500           18826 1c00176a 00e787b3 add              x15, x15, x14       x15=000000b0 x15:00000080 x14:00000030
            18842500           18827 1c00176c 1a104737 lui              x14, 0x1a104000     x14=1a104000
            18843500           18828 1c001770 00a767a3 p.sw             x10, x0(x14)        x10:00000020 x14:1a104000  PA:1a1040b0
            18847500           18832 1c001774 00008067 jalr             x0, x1, 0            x1:1c001bca
            18848500           18833 1c001bca 16a0006f jal              x0, 362            
            18850500           18835 1c001d34 00900633 add              x12, x0, x9         x12=1c00234a  x9:1c00234a
            18851500           18836 1c001d36 e69ff06f jal              x0, -408           
            18854500           18839 1c001b9e 00064583 lbu              x11, 0(x12)         x11=00000028 x12:1c00234a  PA:1c00234a
            18872500           18857 1c001ba2 00160493 addi             x9, x12, 1           x9=1c00234b x12:1c00234a
            18873500           18858 1c001ba6 00059e63 bne              x11, x0, 28         x11:00000028
            18876500           18861 1c001bc2 01458563 beq              x11, x20, 10        x11:00000028 x20:00000025
            18877500           18862 1c001bc6 01200533 add              x10, x0, x18        x10=00000000 x18:00000000
            18878500           18863 1c001bc8 000980e7 jalr             x1, x19, 0           x1=1c001bca x19:1c001776
            18880500           18865 1c001776 00b00533 add              x10, x0, x11        x10=00000028 x11:00000028
            18881500           18866 1c001778 fddff06f jal              x0, -36            
            18883500           18868 1c001754 000026b7 lui              x13, 0x2000         x13=00002000
            18884500           18869 1c001756 f14027f3 csrrs            x15, x0, 0xf14      x15=00000026
            18885500           18870 1c00175a f8068693 addi             x13, x13, -128      x13=00001f80 x13:00002000
            18886500           18871 1c00175e 00379713 slli             x14, x15, 0x3       x14=00000130 x15:00000026
            18887500           18872 1c001762 00279793 slli             x15, x15, 0x2       x15=00000098 x15:00000026
            18888500           18873 1c001764 ee873733 p.bclr           x14, x14, 23, 8     x14=00000030 x14:00000130
            18889500           18874 1c001768 00d7f7b3 and              x15, x15, x13       x15=00000080 x15:00000098 x13:00001f80
            18890500           18875 1c00176a 00e787b3 add              x15, x15, x14       x15=000000b0 x15:00000080 x14:00000030
            18891500           18876 1c00176c 1a104737 lui              x14, 0x1a104000     x14=1a104000
            18892500           18877 1c001770 00a767a3 p.sw             x10, x0(x14)        x10:00000028 x14:1a104000  PA:1a1040b0
            18896500           18881 1c001774 00008067 jalr             x0, x1, 0            x1:1c001bca
            18897500           18882 1c001bca 16a0006f jal              x0, 362            
            18899500           18884 1c001d34 00900633 add              x12, x0, x9         x12=1c00234b  x9:1c00234b
            18900500           18885 1c001d36 e69ff06f jal              x0, -408           
            18903500           18888 1c001b9e 00064583 lbu              x11, 0(x12)         x11=00000025 x12:1c00234b  PA:1c00234b
            18917500           18902 1c001ba2 00160493 addi             x9, x12, 1           x9=1c00234c x12:1c00234b
            18918500           18903 1c001ba6 00059e63 bne              x11, x0, 28         x11:00000025
            18921500           18906 1c001bc2 01458563 beq              x11, x20, 10        x11:00000025 x20:00000025
            18924500           18909 1c001bcc 00414783 lbu              x15, 4(x2)          x15=000000xx  x2:104ffb60  PA:104ffb64
            18929500           18914 1c001bd0 00012423 sw               x0, 8(x2)            x2:104ffb60  PA:104ffb68
            18935500           18920 1c001bd2 00010623 sb               x0, 12(x2)           x2:104ffb60  PA:104ffb6c
            18936500           18921 1c001bd6 c00027b3 p.insert         x15, x0, 0, 0       x15=000000xX x15:000000xx
            18937500           18922 1c001bda c01027b3 p.insert         x15, x0, 0, 1       x15=000000xX x15:000000xX
            18952500           18937 1c001bde c03027b3 p.insert         x15, x0, 0, 3       x15=000000xX x15:000000xX
            18953500           18938 1c001be2 00f10223 sb               x15, 4(x2)          x15:000000xX  x2:104ffb60  PA:104ffb64
            18958500           18943 1c001be6 00000713 addi             x14, x0, 0          x14=00000000
            18959500           18944 1c001be8 00000613 addi             x12, x0, 0          x12=00000000
            18960500           18945 1c001bea 00000693 addi             x13, x0, 0          x13=00000000
            18961500           18946 1c001bec 00000513 addi             x10, x0, 0          x10=00000000
            18962500           18947 1c001bee 00000593 addi             x11, x0, 0          x11=00000000
            18974500           18959 1c001bf0 03000813 addi             x16, x0, 48         x16=00000030
            18975500           18960 1c001bf4 02300893 addi             x17, x0, 35         x17=00000023
            18976500           18961 1c001bf8 0004c783 lbu              x15, 0(x9)          x15=00000069  x9:1c00234c  PA:1c00234c
            19005500           18990 1c001bfc 00148c13 addi             x24, x9, 1          x24=1c00234d  x9:1c00234c
            19006500           18991 1c001c00 04079163 bne              x15, x0, 66         x15:00000069
            19021500           19006 1c001c42 01778c63 beq              x15, x23, 24        x15:00000069 x23:0000002d
            19022500           19007 1c001c46 01078663 beq              x15, x16, 12        x15:00000069 x16:00000030
            19023500           19008 1c001c4a fb179ce3 bne              x15, x17, -72       x15:00000069 x17:00000023
            19043500           19028 1c001c02 00050763 beq              x10, x0, 14         x10:00000000
            19066500           19051 1c001c10 00060763 beq              x12, x0, 14         x12:00000000
            19069500           19054 1c001c1e 00070763 beq              x14, x0, 14         x14:00000000
            19088500           19073 1c001c2c fd078713 addi             x14, x15, -48       x14=00000039 x15:00000069
            19105500           19090 1c001c30 0ff77713 andi             x14, x14, 255       x14=00000039 x14:00000039
            19106500           19091 1c001c34 00900693 addi             x13, x0, 9          x13=00000009
            19107500           19092 1c001c36 04e6eb63 bltu             x13, x14, 86        x13:00000009 x14:00000039
            19128500           19113 1c001c8c 02e00713 addi             x14, x0, 46         x14=0000002e
            19145500           19130 1c001c90 02e79163 bne              x15, x14, 34        x15:00000069 x14:0000002e
            19165500           19150 1c001cb2 07a00713 addi             x14, x0, 122        x14=0000007a
            19166500           19151 1c001cb6 04e79263 bne              x15, x14, 68        x15:00000069 x14:0000007a
            19214500           19199 1c001cfa 06c00713 addi             x14, x0, 108        x14=0000006c
            19242500           19227 1c001cfe 20e79463 bne              x15, x14, 520       x15:00000069 x14:0000006c
            19261500           19246 1c001f06 06900713 addi             x14, x0, 105        x14=00000069
            19262500           19247 1c001f0a 02e78a63 beq              x15, x14, 52        x15:00000069 x14:00000069
            19304500           19289 1c001f3e 018004b3 add              x9, x0, x24          x9=1c00234d x24:1c00234d
            19322500           19307 1c001f40 00000793 addi             x15, x0, 0          x15=00000000
            19323500           19308 1c001f42 e09ff06f jal              x0, -504           
            19345500           19330 1c001d4a 00a00713 addi             x14, x0, 10         x14=0000000a
            19346500           19331 1c001d4c 00e12823 sw               x14, 16(x2)         x14:0000000a  x2:104ffb60  PA:104ffb70
            19367500           19352 1c001d4e 0e27b363 p.bneimm         x15, 230            x15:00000000
            19397500           19382 1c001e34 00440c13 addi             x24, x8, 4          x24=104ffbe8  x8:104ffbe4
            19398500           19383 1c001e38 00042503 lw               x10, 0(x8)          x10=00000001  x8:104ffbe4  PA:104ffbe4
            19405500           19390 1c001e3a 0017bd63 p.bneimm         x15, 26             x15:00000000
            19453500           19438 1c001e54 00055863 bge              x10, x0, 16         x10:00000001
            19477500           19462 1c001e64 00410593 addi             x11, x2, 4          x11=104ffb64  x2:104ffb60
            19478500           19463 1c001e66 b99ff0ef jal              x1, -1128            x1=1c001e68
            19507500           19492 1c0019fe 0105a683 lw               x13, 16(x11)        x13=104ffb78 x11:104ffb64  PA:104ffb74
            19527500           19512 1c001a00 00c5a703 lw               x14, 12(x11)        x14=0000000a x11:104ffb64  PA:104ffb70
            19533500           19518 1c001a02 00100793 addi             x15, x0, 1          x15=00000001
            19534500           19519 1c001a04 02f55633 divu             x12, x10, x15       x12=00000001 x10:00000001 x15:00000001
            19568500           19553 1c001a08 00e67863 bgeu             x12, x14, 16        x12:00000001 x14:0000000a
            19569500           19554 1c001a0c 00000613 addi             x12, x0, 0          x12=00000000
            19570500           19555 1c001a0e 00900313 addi             x6, x0, 9            x6=00000009
            19571500           19556 1c001a10 00079763 bne              x15, x0, 14         x15:00000001
            19574500           19559 1c001a1e 00c5a703 lw               x14, 12(x11)        x14=0000000a x11:104ffb64  PA:104ffb70
            19594500           19579 1c001a20 02f55833 divu             x16, x10, x15       x16=00000001 x10:00000001 x15:00000001
            19628500           19613 1c001a24 02f57533 remu             x10, x10, x15       x10=00000000 x10:00000001 x15:00000001
            19662500           19647 1c001a28 02e7d7b3 divu             x15, x15, x14       x15=00000000 x15:00000001 x14:0000000a
            19693500           19678 1c001a2c 00061763 bne              x12, x0, 14         x12:00000000
            19694500           19679 1c001a2e 01004663 blt              x0, x16, 12         x16:00000001
            19697500           19682 1c001a3a 03000713 addi             x14, x0, 48         x14=00000030
            19719500           19704 1c001a3e 01035c63 bge              x6, x16, 24          x6:00000009 x16:00000001
            19740500           19725 1c001a56 01070733 add              x14, x14, x16       x14=00000031 x14:00000030 x16:00000001
            19741500           19726 1c001a58 00e68023 sb               x14, 0(x13)         x14:00000031 x13:104ffb78  PA:104ffb78
            19747500           19732 1c001a5c 00160613 addi             x12, x12, 1         x12=00000001 x12:00000000
            19748500           19733 1c001a5e 00168693 addi             x13, x13, 1         x13=104ffb79 x13:104ffb78
            19760500           19745 1c001a60 fb1ff06f jal              x0, -80            
            19762500           19747 1c001a10 00079763 bne              x15, x0, 14         x15:00000000
            19763500           19748 1c001a12 00068023 sb               x0, 0(x13)          x13:104ffb79  PA:104ffb79
            19768500           19753 1c001a16 00008067 jalr             x0, x1, 0            x1:1c001e68
            19769500           19754 1c001e68 f17ff06f jal              x0, -234           
            19786500           19771 1c001d7e 00410613 addi             x12, x2, 4          x12=104ffb64  x2:104ffb60
            19806500           19791 1c001d80 013005b3 add              x11, x0, x19        x11=1c001776 x19:1c001776
            19807500           19792 1c001d82 01200533 add              x10, x0, x18        x10=00000000 x18:00000000
            19808500           19793 1c001d84 cdfff0ef jal              x1, -802             x1=1c001d86
            19810500           19795 1c001a62 fe010113 addi             x2, x2, -32          x2=104ffb40  x2:104ffb60
            19811500           19796 1c001a64 00812c23 sw               x8, 24(x2)           x8:104ffbe4  x2:104ffb40  PA:104ffb58
            19819500           19804 1c001a66 01062783 lw               x15, 16(x12)        x15=104ffb78 x12:104ffb64  PA:104ffb74
            19820500           19805 1c001a68 00462403 lw               x8, 4(x12)           x8=00000000 x12:104ffb64  PA:104ffb68
            19821500           19806 1c001a6a 00912a23 sw               x9, 20(x2)           x9:1c00234d  x2:104ffb40  PA:104ffb54
            19822500           19807 1c001a6c 01212823 sw               x18, 16(x2)         x18:00000000  x2:104ffb40  PA:104ffb50
            19823500           19808 1c001a6e 01312623 sw               x19, 12(x2)         x19:1c001776  x2:104ffb40  PA:104ffb4c
            19835500           19820 1c001a70 00112e23 sw               x1, 28(x2)           x1:1c001d86  x2:104ffb40  PA:104ffb5c
            19842500           19827 1c001a72 01412423 sw               x20, 8(x2)          x20:00000025  x2:104ffb40  PA:104ffb48
            19843500           19828 1c001a74 00a00933 add              x18, x0, x10        x18=00000000 x10:00000000
            19844500           19829 1c001a76 00b009b3 add              x19, x0, x11        x19=1c001776 x11:1c001776
            19845500           19830 1c001a78 00c004b3 add              x9, x0, x12          x9=104ffb64 x12:104ffb64
            19846500           19831 1c001a7a 0017c70b p.lbu            x14, 1(x15!)        x14=00000031 x15=104ffb79 x15:104ffb78  PA:104ffb78
            19848500           19833 1c001a7e 00070363 beq              x14, x0, 6          x14:00000031
            19862500           19847 1c001a80 08804863 blt              x0, x8, 144          x8:00000000
            19863500           19848 1c001a84 0084c783 lbu              x15, 8(x9)          x15=00000000  x9:104ffb64  PA:104ffb6c
            19868500           19853 1c001a88 00078263 beq              x15, x0, 4          x15:00000000
            19871500           19856 1c001a8c 0004c783 lbu              x15, 0(x9)          x15=000000xX  x9:104ffb64  PA:104ffb64
            19886500           19871 1c001a90 0027f713 andi             x14, x15, 2         x14=00000000 x15:000000xX
            19887500           19872 1c001a94 00070663 beq              x14, x0, 12         x14:00000000
            19906500           19891 1c001aa0 0097f793 andi             x15, x15, 9         x15=00000000 x15:000000xX
            19907500           19892 1c001aa2 00800a33 add              x20, x0, x8         x20=00000000  x8:00000000
            19908500           19893 1c001aa4 08078163 beq              x15, x0, 130        x15:00000000
            19928500           19913 1c001b26 ff404be3 blt              x0, x20, -10        x20:00000000
            19929500           19914 1c001b2a fff40793 addi             x15, x8, -1         x15=ffffffff  x8:00000000
            19951500           19936 1c001b2e 04046433 p.max            x8, x8, x0           x8=00000000  x8:00000000
            19952500           19937 1c001b32 40878433 sub              x8, x15, x8          x8=ffffffff x15:ffffffff  x8:00000000
            19953500           19938 1c001b36 f71ff06f jal              x0, -144           
            19955500           19940 1c001aa6 0084c583 lbu              x11, 8(x9)          x11=00000000  x9:104ffb64  PA:104ffb6c
            19963500           19948 1c001aaa 00058363 beq              x11, x0, 6          x11:00000000
            19977500           19962 1c001ab0 0004c783 lbu              x15, 0(x9)          x15=000000xX  x9:104ffb64  PA:104ffb64
            19983500           19968 1c001ab4 0027f793 andi             x15, x15, 2         x15=00000000 x15:000000xX
            19984500           19969 1c001ab6 02078363 beq              x15, x0, 38         x15:00000000
            20000500           19985 1c001adc 0004c783 lbu              x15, 0(x9)          x15=000000xX  x9:104ffb64  PA:104ffb64
            20018500           20003 1c001ae0 00800a33 add              x20, x0, x8         x20=ffffffff  x8:ffffffff
            20019500           20004 1c001ae2 fc17b7b3 p.bclr           x15, x15, 30, 1     x15=00000000 x15:000000xX
            20020500           20005 1c001ae6 06079363 bne              x15, x0, 102        x15:00000000
            20021500           20006 1c001ae8 0104aa03 lw               x20, 16(x9)         x20=104ffb78  x9:104ffb64  PA:104ffb74
            20027500           20012 1c001aec 001a458b p.lbu            x11, 1(x20!)        x11=00000031 x20=104ffb79 x20:104ffb78  PA:104ffb78
            20039500           20024 1c001af0 06059763 bne              x11, x0, 110        x11:00000031
            20059500           20044 1c001b5e 01200533 add              x10, x0, x18        x10=00000000 x18:00000000
            20077500           20062 1c001b60 000980e7 jalr             x1, x19, 0           x1=1c001b62 x19:1c001776
            20079500           20064 1c001776 00b00533 add              x10, x0, x11        x10=00000031 x11:00000031
            20080500           20065 1c001778 fddff06f jal              x0, -36            
            20082500           20067 1c001754 000026b7 lui              x13, 0x2000         x13=00002000
            20083500           20068 1c001756 f14027f3 csrrs            x15, x0, 0xf14      x15=00000026
            20084500           20069 1c00175a f8068693 addi             x13, x13, -128      x13=00001f80 x13:00002000
            20085500           20070 1c00175e 00379713 slli             x14, x15, 0x3       x14=00000130 x15:00000026
            20086500           20071 1c001762 00279793 slli             x15, x15, 0x2       x15=00000098 x15:00000026
            20087500           20072 1c001764 ee873733 p.bclr           x14, x14, 23, 8     x14=00000030 x14:00000130
            20088500           20073 1c001768 00d7f7b3 and              x15, x15, x13       x15=00000080 x15:00000098 x13:00001f80
            20089500           20074 1c00176a 00e787b3 add              x15, x15, x14       x15=000000b0 x15:00000080 x14:00000030
            20090500           20075 1c00176c 1a104737 lui              x14, 0x1a104000     x14=1a104000
            20091500           20076 1c001770 00a767a3 p.sw             x10, x0(x14)        x10:00000031 x14:1a104000  PA:1a1040b0
            20095500           20080 1c001774 00008067 jalr             x0, x1, 0            x1:1c001b62
            20096500           20081 1c001b62 f8bff06f jal              x0, -118           
            20098500           20083 1c001aec 001a458b p.lbu            x11, 1(x20!)        x11=00000000 x20=104ffb7a x20:104ffb79  PA:104ffb79
            20106500           20091 1c001af0 06059763 bne              x11, x0, 110        x11:00000000
            20107500           20092 1c001af2 0004c783 lbu              x15, 0(x9)          x15=000000xX  x9:104ffb64  PA:104ffb64
            20109500           20094 1c001af6 0097f793 andi             x15, x15, 9         x15=00000000 x15:000000xX
            20110500           20095 1c001af8 0087b463 p.bneimm         x15, 8              x15:00000000
            20123500           20108 1c001b00 01c12083 lw               x1, 28(x2)           x1=1c001d86  x2:104ffb40  PA:104ffb5c
            20129500           20114 1c001b02 01812403 lw               x8, 24(x2)           x8=104ffbe4  x2:104ffb40  PA:104ffb58
            20130500           20115 1c001b04 01412483 lw               x9, 20(x2)           x9=1c00234d  x2:104ffb40  PA:104ffb54
            20131500           20116 1c001b06 01012903 lw               x18, 16(x2)         x18=00000000  x2:104ffb40  PA:104ffb50
            20132500           20117 1c001b08 00c12983 lw               x19, 12(x2)         x19=1c001776  x2:104ffb40  PA:104ffb4c
            20133500           20118 1c001b0a 00812a03 lw               x20, 8(x2)          x20=00000025  x2:104ffb40  PA:104ffb48
            20134500           20119 1c001b0c 02010113 addi             x2, x2, 32           x2=104ffb60  x2:104ffb40
            20135500           20120 1c001b0e 00008067 jalr             x0, x1, 0            x1:1c001d86
            20152500           20137 1c001d86 01800433 add              x8, x0, x24          x8=104ffbe8 x24:104ffbe8
            20153500           20138 1c001d88 fadff06f jal              x0, -84            
            20155500           20140 1c001d34 00900633 add              x12, x0, x9         x12=1c00234d  x9:1c00234d
            20156500           20141 1c001d36 e69ff06f jal              x0, -408           
            20159500           20144 1c001b9e 00064583 lbu              x11, 0(x12)         x11=0000002c x12:1c00234d  PA:1c00234d
            20186500           20171 1c001ba2 00160493 addi             x9, x12, 1           x9=1c00234e x12:1c00234d
            20187500           20172 1c001ba6 00059e63 bne              x11, x0, 28         x11:0000002c
            20190500           20175 1c001bc2 01458563 beq              x11, x20, 10        x11:0000002c x20:00000025
            20191500           20176 1c001bc6 01200533 add              x10, x0, x18        x10=00000000 x18:00000000
            20192500           20177 1c001bc8 000980e7 jalr             x1, x19, 0           x1=1c001bca x19:1c001776
            20194500           20179 1c001776 00b00533 add              x10, x0, x11        x10=0000002c x11:0000002c
            20195500           20180 1c001778 fddff06f jal              x0, -36            
            20197500           20182 1c001754 000026b7 lui              x13, 0x2000         x13=00002000
            20198500           20183 1c001756 f14027f3 csrrs            x15, x0, 0xf14      x15=00000026
            20199500           20184 1c00175a f8068693 addi             x13, x13, -128      x13=00001f80 x13:00002000
            20200500           20185 1c00175e 00379713 slli             x14, x15, 0x3       x14=00000130 x15:00000026
            20201500           20186 1c001762 00279793 slli             x15, x15, 0x2       x15=00000098 x15:00000026
            20202500           20187 1c001764 ee873733 p.bclr           x14, x14, 23, 8     x14=00000030 x14:00000130
            20203500           20188 1c001768 00d7f7b3 and              x15, x15, x13       x15=00000080 x15:00000098 x13:00001f80
            20204500           20189 1c00176a 00e787b3 add              x15, x15, x14       x15=000000b0 x15:00000080 x14:00000030
            20205500           20190 1c00176c 1a104737 lui              x14, 0x1a104000     x14=1a104000
            20206500           20191 1c001770 00a767a3 p.sw             x10, x0(x14)        x10:0000002c x14:1a104000  PA:1a1040b0
            20210500           20195 1c001774 00008067 jalr             x0, x1, 0            x1:1c001bca
            20211500           20196 1c001bca 16a0006f jal              x0, 362            
            20213500           20198 1c001d34 00900633 add              x12, x0, x9         x12=1c00234e  x9:1c00234e
            20214500           20199 1c001d36 e69ff06f jal              x0, -408           
            20217500           20202 1c001b9e 00064583 lbu              x11, 0(x12)         x11=00000020 x12:1c00234e  PA:1c00234e
            20234500           20219 1c001ba2 00160493 addi             x9, x12, 1           x9=1c00234f x12:1c00234e
            20235500           20220 1c001ba6 00059e63 bne              x11, x0, 28         x11:00000020
            20238500           20223 1c001bc2 01458563 beq              x11, x20, 10        x11:00000020 x20:00000025
            20239500           20224 1c001bc6 01200533 add              x10, x0, x18        x10=00000000 x18:00000000
            20240500           20225 1c001bc8 000980e7 jalr             x1, x19, 0           x1=1c001bca x19:1c001776
            20242500           20227 1c001776 00b00533 add              x10, x0, x11        x10=00000020 x11:00000020
            20243500           20228 1c001778 fddff06f jal              x0, -36            
            20245500           20230 1c001754 000026b7 lui              x13, 0x2000         x13=00002000
            20246500           20231 1c001756 f14027f3 csrrs            x15, x0, 0xf14      x15=00000026
            20247500           20232 1c00175a f8068693 addi             x13, x13, -128      x13=00001f80 x13:00002000
            20248500           20233 1c00175e 00379713 slli             x14, x15, 0x3       x14=00000130 x15:00000026
            20249500           20234 1c001762 00279793 slli             x15, x15, 0x2       x15=00000098 x15:00000026
            20250500           20235 1c001764 ee873733 p.bclr           x14, x14, 23, 8     x14=00000030 x14:00000130
            20251500           20236 1c001768 00d7f7b3 and              x15, x15, x13       x15=00000080 x15:00000098 x13:00001f80
            20252500           20237 1c00176a 00e787b3 add              x15, x15, x14       x15=000000b0 x15:00000080 x14:00000030
            20253500           20238 1c00176c 1a104737 lui              x14, 0x1a104000     x14=1a104000
            20254500           20239 1c001770 00a767a3 p.sw             x10, x0(x14)        x10:00000020 x14:1a104000  PA:1a1040b0
            20258500           20243 1c001774 00008067 jalr             x0, x1, 0            x1:1c001bca
            20259500           20244 1c001bca 16a0006f jal              x0, 362            
            20261500           20246 1c001d34 00900633 add              x12, x0, x9         x12=1c00234f  x9:1c00234f
            20262500           20247 1c001d36 e69ff06f jal              x0, -408           
            20265500           20250 1c001b9e 00064583 lbu              x11, 0(x12)         x11=00000025 x12:1c00234f  PA:1c00234f
            20283500           20268 1c001ba2 00160493 addi             x9, x12, 1           x9=1c002350 x12:1c00234f
            20284500           20269 1c001ba6 00059e63 bne              x11, x0, 28         x11:00000025
            20287500           20272 1c001bc2 01458563 beq              x11, x20, 10        x11:00000025 x20:00000025
            20290500           20275 1c001bcc 00414783 lbu              x15, 4(x2)          x15=000000xX  x2:104ffb60  PA:104ffb64
            20292500           20277 1c001bd0 00012423 sw               x0, 8(x2)            x2:104ffb60  PA:104ffb68
            20293500           20278 1c001bd2 00010623 sb               x0, 12(x2)           x2:104ffb60  PA:104ffb6c
            20294500           20279 1c001bd6 c00027b3 p.insert         x15, x0, 0, 0       x15=000000xX x15:000000xX
            20295500           20280 1c001bda c01027b3 p.insert         x15, x0, 0, 1       x15=000000xX x15:000000xX
            20296500           20281 1c001bde c03027b3 p.insert         x15, x0, 0, 3       x15=000000xX x15:000000xX
            20297500           20282 1c001be2 00f10223 sb               x15, 4(x2)          x15:000000xX  x2:104ffb60  PA:104ffb64
            20298500           20283 1c001be6 00000713 addi             x14, x0, 0          x14=00000000
            20299500           20284 1c001be8 00000613 addi             x12, x0, 0          x12=00000000
            20300500           20285 1c001bea 00000693 addi             x13, x0, 0          x13=00000000
            20301500           20286 1c001bec 00000513 addi             x10, x0, 0          x10=00000000
            20302500           20287 1c001bee 00000593 addi             x11, x0, 0          x11=00000000
            20303500           20288 1c001bf0 03000813 addi             x16, x0, 48         x16=00000030
            20304500           20289 1c001bf4 02300893 addi             x17, x0, 35         x17=00000023
            20305500           20290 1c001bf8 0004c783 lbu              x15, 0(x9)          x15=00000069  x9:1c002350  PA:1c002350
            20320500           20305 1c001bfc 00148c13 addi             x24, x9, 1          x24=1c002351  x9:1c002350
            20321500           20306 1c001c00 04079163 bne              x15, x0, 66         x15:00000069
            20324500           20309 1c001c42 01778c63 beq              x15, x23, 24        x15:00000069 x23:0000002d
            20325500           20310 1c001c46 01078663 beq              x15, x16, 12        x15:00000069 x16:00000030
            20326500           20311 1c001c4a fb179ce3 bne              x15, x17, -72       x15:00000069 x17:00000023
            20329500           20314 1c001c02 00050763 beq              x10, x0, 14         x10:00000000
            20332500           20317 1c001c10 00060763 beq              x12, x0, 14         x12:00000000
            20335500           20320 1c001c1e 00070763 beq              x14, x0, 14         x14:00000000
            20338500           20323 1c001c2c fd078713 addi             x14, x15, -48       x14=00000039 x15:00000069
            20339500           20324 1c001c30 0ff77713 andi             x14, x14, 255       x14=00000039 x14:00000039
            20340500           20325 1c001c34 00900693 addi             x13, x0, 9          x13=00000009
            20341500           20326 1c001c36 04e6eb63 bltu             x13, x14, 86        x13:00000009 x14:00000039
            20344500           20329 1c001c8c 02e00713 addi             x14, x0, 46         x14=0000002e
            20345500           20330 1c001c90 02e79163 bne              x15, x14, 34        x15:00000069 x14:0000002e
            20348500           20333 1c001cb2 07a00713 addi             x14, x0, 122        x14=0000007a
            20349500           20334 1c001cb6 04e79263 bne              x15, x14, 68        x15:00000069 x14:0000007a
            20352500           20337 1c001cfa 06c00713 addi             x14, x0, 108        x14=0000006c
            20354500           20339 1c001cfe 20e79463 bne              x15, x14, 520       x15:00000069 x14:0000006c
            20357500           20342 1c001f06 06900713 addi             x14, x0, 105        x14=00000069
            20358500           20343 1c001f0a 02e78a63 beq              x15, x14, 52        x15:00000069 x14:00000069
            20361500           20346 1c001f3e 018004b3 add              x9, x0, x24          x9=1c002351 x24:1c002351
            20362500           20347 1c001f40 00000793 addi             x15, x0, 0          x15=00000000
            20363500           20348 1c001f42 e09ff06f jal              x0, -504           
            20365500           20350 1c001d4a 00a00713 addi             x14, x0, 10         x14=0000000a
            20366500           20351 1c001d4c 00e12823 sw               x14, 16(x2)         x14:0000000a  x2:104ffb60  PA:104ffb70
            20367500           20352 1c001d4e 0e27b363 p.bneimm         x15, 230            x15:00000000
            20370500           20355 1c001e34 00440c13 addi             x24, x8, 4          x24=104ffbec  x8:104ffbe8
            20371500           20356 1c001e38 00042503 lw               x10, 0(x8)          x10=00000006  x8:104ffbe8  PA:104ffbe8
            20372500           20357 1c001e3a 0017bd63 p.bneimm         x15, 26             x15:00000000
            20375500           20360 1c001e54 00055863 bge              x10, x0, 16         x10:00000006
            20378500           20363 1c001e64 00410593 addi             x11, x2, 4          x11=104ffb64  x2:104ffb60
            20379500           20364 1c001e66 b99ff0ef jal              x1, -1128            x1=1c001e68
            20381500           20366 1c0019fe 0105a683 lw               x13, 16(x11)        x13=104ffb78 x11:104ffb64  PA:104ffb74
            20382500           20367 1c001a00 00c5a703 lw               x14, 12(x11)        x14=0000000a x11:104ffb64  PA:104ffb70
            20383500           20368 1c001a02 00100793 addi             x15, x0, 1          x15=00000001
            20384500           20369 1c001a04 02f55633 divu             x12, x10, x15       x12=00000006 x10:00000006 x15:00000001
            20418500           20403 1c001a08 00e67863 bgeu             x12, x14, 16        x12:00000006 x14:0000000a
            20419500           20404 1c001a0c 00000613 addi             x12, x0, 0          x12=00000000
            20420500           20405 1c001a0e 00900313 addi             x6, x0, 9            x6=00000009
            20421500           20406 1c001a10 00079763 bne              x15, x0, 14         x15:00000001
            20424500           20409 1c001a1e 00c5a703 lw               x14, 12(x11)        x14=0000000a x11:104ffb64  PA:104ffb70
            20425500           20410 1c001a20 02f55833 divu             x16, x10, x15       x16=00000006 x10:00000006 x15:00000001
            20459500           20444 1c001a24 02f57533 remu             x10, x10, x15       x10=00000000 x10:00000006 x15:00000001
            20493500           20478 1c001a28 02e7d7b3 divu             x15, x15, x14       x15=00000000 x15:00000001 x14:0000000a
            20524500           20509 1c001a2c 00061763 bne              x12, x0, 14         x12:00000000
            20525500           20510 1c001a2e 01004663 blt              x0, x16, 12         x16:00000006
            20528500           20513 1c001a3a 03000713 addi             x14, x0, 48         x14=00000030
            20530500           20515 1c001a3e 01035c63 bge              x6, x16, 24          x6:00000009 x16:00000006
            20533500           20518 1c001a56 01070733 add              x14, x14, x16       x14=00000036 x14:00000030 x16:00000006
            20534500           20519 1c001a58 00e68023 sb               x14, 0(x13)         x14:00000036 x13:104ffb78  PA:104ffb78
            20535500           20520 1c001a5c 00160613 addi             x12, x12, 1         x12=00000001 x12:00000000
            20536500           20521 1c001a5e 00168693 addi             x13, x13, 1         x13=104ffb79 x13:104ffb78
            20537500           20522 1c001a60 fb1ff06f jal              x0, -80            
            20539500           20524 1c001a10 00079763 bne              x15, x0, 14         x15:00000000
            20540500           20525 1c001a12 00068023 sb               x0, 0(x13)          x13:104ffb79  PA:104ffb79
            20541500           20526 1c001a16 00008067 jalr             x0, x1, 0            x1:1c001e68
            20543500           20528 1c001e68 f17ff06f jal              x0, -234           
            20545500           20530 1c001d7e 00410613 addi             x12, x2, 4          x12=104ffb64  x2:104ffb60
            20546500           20531 1c001d80 013005b3 add              x11, x0, x19        x11=1c001776 x19:1c001776
            20547500           20532 1c001d82 01200533 add              x10, x0, x18        x10=00000000 x18:00000000
            20548500           20533 1c001d84 cdfff0ef jal              x1, -802             x1=1c001d86
            20550500           20535 1c001a62 fe010113 addi             x2, x2, -32          x2=104ffb40  x2:104ffb60
            20551500           20536 1c001a64 00812c23 sw               x8, 24(x2)           x8:104ffbe8  x2:104ffb40  PA:104ffb58
            20552500           20537 1c001a66 01062783 lw               x15, 16(x12)        x15=104ffb78 x12:104ffb64  PA:104ffb74
            20553500           20538 1c001a68 00462403 lw               x8, 4(x12)           x8=00000000 x12:104ffb64  PA:104ffb68
            20554500           20539 1c001a6a 00912a23 sw               x9, 20(x2)           x9:1c002351  x2:104ffb40  PA:104ffb54
            20555500           20540 1c001a6c 01212823 sw               x18, 16(x2)         x18:00000000  x2:104ffb40  PA:104ffb50
            20556500           20541 1c001a6e 01312623 sw               x19, 12(x2)         x19:1c001776  x2:104ffb40  PA:104ffb4c
            20557500           20542 1c001a70 00112e23 sw               x1, 28(x2)           x1:1c001d86  x2:104ffb40  PA:104ffb5c
            20558500           20543 1c001a72 01412423 sw               x20, 8(x2)          x20:00000025  x2:104ffb40  PA:104ffb48
            20559500           20544 1c001a74 00a00933 add              x18, x0, x10        x18=00000000 x10:00000000
            20560500           20545 1c001a76 00b009b3 add              x19, x0, x11        x19=1c001776 x11:1c001776
            20561500           20546 1c001a78 00c004b3 add              x9, x0, x12          x9=104ffb64 x12:104ffb64
            20562500           20547 1c001a7a 0017c70b p.lbu            x14, 1(x15!)        x14=00000036 x15=104ffb79 x15:104ffb78  PA:104ffb78
            20564500           20549 1c001a7e 00070363 beq              x14, x0, 6          x14:00000036
            20565500           20550 1c001a80 08804863 blt              x0, x8, 144          x8:00000000
            20566500           20551 1c001a84 0084c783 lbu              x15, 8(x9)          x15=00000000  x9:104ffb64  PA:104ffb6c
            20568500           20553 1c001a88 00078263 beq              x15, x0, 4          x15:00000000
            20571500           20556 1c001a8c 0004c783 lbu              x15, 0(x9)          x15=000000xX  x9:104ffb64  PA:104ffb64
            20573500           20558 1c001a90 0027f713 andi             x14, x15, 2         x14=00000000 x15:000000xX
            20574500           20559 1c001a94 00070663 beq              x14, x0, 12         x14:00000000
            20577500           20562 1c001aa0 0097f793 andi             x15, x15, 9         x15=00000000 x15:000000xX
            20578500           20563 1c001aa2 00800a33 add              x20, x0, x8         x20=00000000  x8:00000000
            20579500           20564 1c001aa4 08078163 beq              x15, x0, 130        x15:00000000
            20582500           20567 1c001b26 ff404be3 blt              x0, x20, -10        x20:00000000
            20583500           20568 1c001b2a fff40793 addi             x15, x8, -1         x15=ffffffff  x8:00000000
            20584500           20569 1c001b2e 04046433 p.max            x8, x8, x0           x8=00000000  x8:00000000
            20585500           20570 1c001b32 40878433 sub              x8, x15, x8          x8=ffffffff x15:ffffffff  x8:00000000
            20586500           20571 1c001b36 f71ff06f jal              x0, -144           
            20588500           20573 1c001aa6 0084c583 lbu              x11, 8(x9)          x11=00000000  x9:104ffb64  PA:104ffb6c
            20590500           20575 1c001aaa 00058363 beq              x11, x0, 6          x11:00000000
            20593500           20578 1c001ab0 0004c783 lbu              x15, 0(x9)          x15=000000xX  x9:104ffb64  PA:104ffb64
            20595500           20580 1c001ab4 0027f793 andi             x15, x15, 2         x15=00000000 x15:000000xX
            20596500           20581 1c001ab6 02078363 beq              x15, x0, 38         x15:00000000
            20599500           20584 1c001adc 0004c783 lbu              x15, 0(x9)          x15=000000xX  x9:104ffb64  PA:104ffb64
            20600500           20585 1c001ae0 00800a33 add              x20, x0, x8         x20=ffffffff  x8:ffffffff
            20601500           20586 1c001ae2 fc17b7b3 p.bclr           x15, x15, 30, 1     x15=00000000 x15:000000xX
            20602500           20587 1c001ae6 06079363 bne              x15, x0, 102        x15:00000000
            20603500           20588 1c001ae8 0104aa03 lw               x20, 16(x9)         x20=104ffb78  x9:104ffb64  PA:104ffb74
            20605500           20590 1c001aec 001a458b p.lbu            x11, 1(x20!)        x11=00000036 x20=104ffb79 x20:104ffb78  PA:104ffb78
            20607500           20592 1c001af0 06059763 bne              x11, x0, 110        x11:00000036
            20610500           20595 1c001b5e 01200533 add              x10, x0, x18        x10=00000000 x18:00000000
            20611500           20596 1c001b60 000980e7 jalr             x1, x19, 0           x1=1c001b62 x19:1c001776
            20613500           20598 1c001776 00b00533 add              x10, x0, x11        x10=00000036 x11:00000036
            20614500           20599 1c001778 fddff06f jal              x0, -36            
            20616500           20601 1c001754 000026b7 lui              x13, 0x2000         x13=00002000
            20617500           20602 1c001756 f14027f3 csrrs            x15, x0, 0xf14      x15=00000026
            20618500           20603 1c00175a f8068693 addi             x13, x13, -128      x13=00001f80 x13:00002000
            20619500           20604 1c00175e 00379713 slli             x14, x15, 0x3       x14=00000130 x15:00000026
            20620500           20605 1c001762 00279793 slli             x15, x15, 0x2       x15=00000098 x15:00000026
            20621500           20606 1c001764 ee873733 p.bclr           x14, x14, 23, 8     x14=00000030 x14:00000130
            20622500           20607 1c001768 00d7f7b3 and              x15, x15, x13       x15=00000080 x15:00000098 x13:00001f80
            20623500           20608 1c00176a 00e787b3 add              x15, x15, x14       x15=000000b0 x15:00000080 x14:00000030
            20624500           20609 1c00176c 1a104737 lui              x14, 0x1a104000     x14=1a104000
            20625500           20610 1c001770 00a767a3 p.sw             x10, x0(x14)        x10:00000036 x14:1a104000  PA:1a1040b0
            20629500           20614 1c001774 00008067 jalr             x0, x1, 0            x1:1c001b62
            20630500           20615 1c001b62 f8bff06f jal              x0, -118           
            20632500           20617 1c001aec 001a458b p.lbu            x11, 1(x20!)        x11=00000000 x20=104ffb7a x20:104ffb79  PA:104ffb79
            20634500           20619 1c001af0 06059763 bne              x11, x0, 110        x11:00000000
            20635500           20620 1c001af2 0004c783 lbu              x15, 0(x9)          x15=000000xX  x9:104ffb64  PA:104ffb64
            20637500           20622 1c001af6 0097f793 andi             x15, x15, 9         x15=00000000 x15:000000xX
            20638500           20623 1c001af8 0087b463 p.bneimm         x15, 8              x15:00000000
            20641500           20626 1c001b00 01c12083 lw               x1, 28(x2)           x1=1c001d86  x2:104ffb40  PA:104ffb5c
            20642500           20627 1c001b02 01812403 lw               x8, 24(x2)           x8=104ffbe8  x2:104ffb40  PA:104ffb58
            20643500           20628 1c001b04 01412483 lw               x9, 20(x2)           x9=1c002351  x2:104ffb40  PA:104ffb54
            20644500           20629 1c001b06 01012903 lw               x18, 16(x2)         x18=00000000  x2:104ffb40  PA:104ffb50
            20645500           20630 1c001b08 00c12983 lw               x19, 12(x2)         x19=1c001776  x2:104ffb40  PA:104ffb4c
            20646500           20631 1c001b0a 00812a03 lw               x20, 8(x2)          x20=00000025  x2:104ffb40  PA:104ffb48
            20647500           20632 1c001b0c 02010113 addi             x2, x2, 32           x2=104ffb60  x2:104ffb40
            20648500           20633 1c001b0e 00008067 jalr             x0, x1, 0            x1:1c001d86
            20650500           20635 1c001d86 01800433 add              x8, x0, x24          x8=104ffbec x24:104ffbec
            20651500           20636 1c001d88 fadff06f jal              x0, -84            
            20653500           20638 1c001d34 00900633 add              x12, x0, x9         x12=1c002351  x9:1c002351
            20654500           20639 1c001d36 e69ff06f jal              x0, -408           
            20657500           20642 1c001b9e 00064583 lbu              x11, 0(x12)         x11=00000029 x12:1c002351  PA:1c002351
            20680500           20665 1c001ba2 00160493 addi             x9, x12, 1           x9=1c002352 x12:1c002351
            20681500           20666 1c001ba6 00059e63 bne              x11, x0, 28         x11:00000029
            20684500           20669 1c001bc2 01458563 beq              x11, x20, 10        x11:00000029 x20:00000025
            20685500           20670 1c001bc6 01200533 add              x10, x0, x18        x10=00000000 x18:00000000
            20686500           20671 1c001bc8 000980e7 jalr             x1, x19, 0           x1=1c001bca x19:1c001776
            20688500           20673 1c001776 00b00533 add              x10, x0, x11        x10=00000029 x11:00000029
            20689500           20674 1c001778 fddff06f jal              x0, -36            
            20691500           20676 1c001754 000026b7 lui              x13, 0x2000         x13=00002000
            20692500           20677 1c001756 f14027f3 csrrs            x15, x0, 0xf14      x15=00000026
            20693500           20678 1c00175a f8068693 addi             x13, x13, -128      x13=00001f80 x13:00002000
            20694500           20679 1c00175e 00379713 slli             x14, x15, 0x3       x14=00000130 x15:00000026
            20695500           20680 1c001762 00279793 slli             x15, x15, 0x2       x15=00000098 x15:00000026
            20696500           20681 1c001764 ee873733 p.bclr           x14, x14, 23, 8     x14=00000030 x14:00000130
            20697500           20682 1c001768 00d7f7b3 and              x15, x15, x13       x15=00000080 x15:00000098 x13:00001f80
            20698500           20683 1c00176a 00e787b3 add              x15, x15, x14       x15=000000b0 x15:00000080 x14:00000030
            20699500           20684 1c00176c 1a104737 lui              x14, 0x1a104000     x14=1a104000
            20700500           20685 1c001770 00a767a3 p.sw             x10, x0(x14)        x10:00000029 x14:1a104000  PA:1a1040b0
            20704500           20689 1c001774 00008067 jalr             x0, x1, 0            x1:1c001bca
            20705500           20690 1c001bca 16a0006f jal              x0, 362            
            20707500           20692 1c001d34 00900633 add              x12, x0, x9         x12=1c002352  x9:1c002352
            20708500           20693 1c001d36 e69ff06f jal              x0, -408           
            20711500           20696 1c001b9e 00064583 lbu              x11, 0(x12)         x11=00000021 x12:1c002352  PA:1c002352
            20727500           20712 1c001ba2 00160493 addi             x9, x12, 1           x9=1c002353 x12:1c002352
            20728500           20713 1c001ba6 00059e63 bne              x11, x0, 28         x11:00000021
            20731500           20716 1c001bc2 01458563 beq              x11, x20, 10        x11:00000021 x20:00000025
            20732500           20717 1c001bc6 01200533 add              x10, x0, x18        x10=00000000 x18:00000000
            20733500           20718 1c001bc8 000980e7 jalr             x1, x19, 0           x1=1c001bca x19:1c001776
            20735500           20720 1c001776 00b00533 add              x10, x0, x11        x10=00000021 x11:00000021
            20736500           20721 1c001778 fddff06f jal              x0, -36            
            20738500           20723 1c001754 000026b7 lui              x13, 0x2000         x13=00002000
            20739500           20724 1c001756 f14027f3 csrrs            x15, x0, 0xf14      x15=00000026
            20740500           20725 1c00175a f8068693 addi             x13, x13, -128      x13=00001f80 x13:00002000
            20741500           20726 1c00175e 00379713 slli             x14, x15, 0x3       x14=00000130 x15:00000026
            20742500           20727 1c001762 00279793 slli             x15, x15, 0x2       x15=00000098 x15:00000026
            20743500           20728 1c001764 ee873733 p.bclr           x14, x14, 23, 8     x14=00000030 x14:00000130
            20744500           20729 1c001768 00d7f7b3 and              x15, x15, x13       x15=00000080 x15:00000098 x13:00001f80
            20745500           20730 1c00176a 00e787b3 add              x15, x15, x14       x15=000000b0 x15:00000080 x14:00000030
            20746500           20731 1c00176c 1a104737 lui              x14, 0x1a104000     x14=1a104000
            20747500           20732 1c001770 00a767a3 p.sw             x10, x0(x14)        x10:00000021 x14:1a104000  PA:1a1040b0
            20751500           20736 1c001774 00008067 jalr             x0, x1, 0            x1:1c001bca
            20752500           20737 1c001bca 16a0006f jal              x0, 362            
            20754500           20739 1c001d34 00900633 add              x12, x0, x9         x12=1c002353  x9:1c002353
            20755500           20740 1c001d36 e69ff06f jal              x0, -408           
            20758500           20743 1c001b9e 00064583 lbu              x11, 0(x12)         x11=0000000a x12:1c002353  PA:1c002353
            20773500           20758 1c001ba2 00160493 addi             x9, x12, 1           x9=1c002354 x12:1c002353
            20774500           20759 1c001ba6 00059e63 bne              x11, x0, 28         x11:0000000a
            20777500           20762 1c001bc2 01458563 beq              x11, x20, 10        x11:0000000a x20:00000025
            20778500           20763 1c001bc6 01200533 add              x10, x0, x18        x10=00000000 x18:00000000
            20779500           20764 1c001bc8 000980e7 jalr             x1, x19, 0           x1=1c001bca x19:1c001776
            20781500           20766 1c001776 00b00533 add              x10, x0, x11        x10=0000000a x11:0000000a
            20782500           20767 1c001778 fddff06f jal              x0, -36            
            20784500           20769 1c001754 000026b7 lui              x13, 0x2000         x13=00002000
            20785500           20770 1c001756 f14027f3 csrrs            x15, x0, 0xf14      x15=00000026
            20786500           20771 1c00175a f8068693 addi             x13, x13, -128      x13=00001f80 x13:00002000
            20787500           20772 1c00175e 00379713 slli             x14, x15, 0x3       x14=00000130 x15:00000026
            20788500           20773 1c001762 00279793 slli             x15, x15, 0x2       x15=00000098 x15:00000026
            20789500           20774 1c001764 ee873733 p.bclr           x14, x14, 23, 8     x14=00000030 x14:00000130
            20790500           20775 1c001768 00d7f7b3 and              x15, x15, x13       x15=00000080 x15:00000098 x13:00001f80
            20791500           20776 1c00176a 00e787b3 add              x15, x15, x14       x15=000000b0 x15:00000080 x14:00000030
            20792500           20777 1c00176c 1a104737 lui              x14, 0x1a104000     x14=1a104000
            20793500           20778 1c001770 00a767a3 p.sw             x10, x0(x14)        x10:0000000a x14:1a104000  PA:1a1040b0
            20797500           20782 1c001774 00008067 jalr             x0, x1, 0            x1:1c001bca
            20798500           20783 1c001bca 16a0006f jal              x0, 362            
            20800500           20785 1c001d34 00900633 add              x12, x0, x9         x12=1c002354  x9:1c002354
            20801500           20786 1c001d36 e69ff06f jal              x0, -408           
            20804500           20789 1c001b9e 00064583 lbu              x11, 0(x12)         x11=00000000 x12:1c002354  PA:1c002354
            20818500           20803 1c001ba2 00160493 addi             x9, x12, 1           x9=1c002355 x12:1c002354
            20819500           20804 1c001ba6 00059e63 bne              x11, x0, 28         x11:00000000
            20820500           20805 1c001ba8 05c12083 lw               x1, 92(x2)           x1=1c001834  x2:104ffb60  PA:104ffbbc
            20821500           20806 1c001baa 05812403 lw               x8, 88(x2)           x8=00000000  x2:104ffb60  PA:104ffbb8
            20822500           20807 1c001bac 05412483 lw               x9, 84(x2)           x9=00000000  x2:104ffb60  PA:104ffbb4
            20823500           20808 1c001bae 05012903 lw               x18, 80(x2)         x18=1b204000  x2:104ffb60  PA:104ffbb0
            20824500           20809 1c001bb0 04c12983 lw               x19, 76(x2)         x19=00000006  x2:104ffb60  PA:104ffbac
            20825500           20810 1c001bb2 04812a03 lw               x20, 72(x2)         x20=1c00220c  x2:104ffb60  PA:104ffba8
            20826500           20811 1c001bb4 04412a83 lw               x21, 68(x2)         x21=1c002210  x2:104ffb60  PA:104ffba4
            20827500           20812 1c001bb6 04012b03 lw               x22, 64(x2)         x22=00000000  x2:104ffb60  PA:104ffba0
            20828500           20813 1c001bb8 03c12b83 lw               x23, 60(x2)         x23=00000000  x2:104ffb60  PA:104ffb9c
            20831500           20816 1c001bba 03812c03 lw               x24, 56(x2)         x24=00000000  x2:104ffb60  PA:104ffb98
            20832500           20817 1c001bbc 03412c83 lw               x25, 52(x2)         x25=00000000  x2:104ffb60  PA:104ffb94
            20833500           20818 1c001bbe 06010113 addi             x2, x2, 96           x2=104ffbc0  x2:104ffb60
            20834500           20819 1c001bc0 00008067 jalr             x0, x1, 0            x1:1c001834
            20836500           20821 1c001834 01c12083 lw               x1, 28(x2)           x1=1c00220c  x2:104ffbc0  PA:104ffbdc
            20837500           20822 1c001836 00000513 addi             x10, x0, 0          x10=00000000
            20838500           20823 1c001838 04010113 addi             x2, x2, 64           x2=104ffc00  x2:104ffbc0
            20839500           20824 1c00183a 00008067 jalr             x0, x1, 0            x1:1c00220c
            20841500           20826 1c00220c 21c96283 p.elw            x5, 540(x18)         x5=00000000 x18:1b204000  PA:1b20421c
