                Time          Cycles PC       Instr    Mnemonic
               94500              79 1c000080 0180006f jal              x0, 24             
              116500             101 1c000098 f1402573 csrrs            x10, x0, 0xf14      x10=00000000
              117500             102 1c00009c 01f57593 andi             x11, x10, 31        x11=00000000 x10:00000000
              140500             125 1c0000a0 00555513 srli             x10, x10, 0x5       x10=00000000 x10:00000000
              141500             126 1c0000a2 00058463 beq              x11, x0, 8          x11:00000000
              164500             149 1c0000aa 00050463 beq              x10, x0, 8          x10:00000000
              212500             197 1c0000b2 00002297 auipc            x5, 0x2000           x5=1c0020b2
              213500             198 1c0000b6 54628293 addi             x5, x5, 1350         x5=1c0025f8  x5:1c0020b2
              214500             199 1c0000ba 00002317 auipc            x6, 0x2000           x6=1c0020ba
              237500             222 1c0000be 5f230313 addi             x6, x6, 1522         x6=1c0026ac  x6:1c0020ba
              238500             223 1c0000c2 0002a023 sw               x0, 0(x5)            x5:1c0025f8  PA:1c0025f8
              256500             241 1c0000c6 00428293 addi             x5, x5, 4            x5=1c0025fc  x5:1c0025f8
              257500             242 1c0000c8 fe62ede3 bltu             x5, x6, -6           x5:1c0025fc  x6:1c0026ac
              296500             281 1c0000c2 0002a023 sw               x0, 0(x5)            x5:1c0025fc  PA:1c0025fc
              314500             299 1c0000c6 00428293 addi             x5, x5, 4            x5=1c002600  x5:1c0025fc
              315500             300 1c0000c8 fe62ede3 bltu             x5, x6, -6           x5:1c002600  x6:1c0026ac
              344500             329 1c0000c2 0002a023 sw               x0, 0(x5)            x5:1c002600  PA:1c002600
              362500             347 1c0000c6 00428293 addi             x5, x5, 4            x5=1c002604  x5:1c002600
              363500             348 1c0000c8 fe62ede3 bltu             x5, x6, -6           x5:1c002604  x6:1c0026ac
              392500             377 1c0000c2 0002a023 sw               x0, 0(x5)            x5:1c002604  PA:1c002604
              410500             395 1c0000c6 00428293 addi             x5, x5, 4            x5=1c002608  x5:1c002604
              411500             396 1c0000c8 fe62ede3 bltu             x5, x6, -6           x5:1c002608  x6:1c0026ac
              440500             425 1c0000c2 0002a023 sw               x0, 0(x5)            x5:1c002608  PA:1c002608
              458500             443 1c0000c6 00428293 addi             x5, x5, 4            x5=1c00260c  x5:1c002608
              459500             444 1c0000c8 fe62ede3 bltu             x5, x6, -6           x5:1c00260c  x6:1c0026ac
              488500             473 1c0000c2 0002a023 sw               x0, 0(x5)            x5:1c00260c  PA:1c00260c
              506500             491 1c0000c6 00428293 addi             x5, x5, 4            x5=1c002610  x5:1c00260c
              507500             492 1c0000c8 fe62ede3 bltu             x5, x6, -6           x5:1c002610  x6:1c0026ac
              536500             521 1c0000c2 0002a023 sw               x0, 0(x5)            x5:1c002610  PA:1c002610
              554500             539 1c0000c6 00428293 addi             x5, x5, 4            x5=1c002614  x5:1c002610
              555500             540 1c0000c8 fe62ede3 bltu             x5, x6, -6           x5:1c002614  x6:1c0026ac
              584500             569 1c0000c2 0002a023 sw               x0, 0(x5)            x5:1c002614  PA:1c002614
              602500             587 1c0000c6 00428293 addi             x5, x5, 4            x5=1c002618  x5:1c002614
              603500             588 1c0000c8 fe62ede3 bltu             x5, x6, -6           x5:1c002618  x6:1c0026ac
              632500             617 1c0000c2 0002a023 sw               x0, 0(x5)            x5:1c002618  PA:1c002618
              650500             635 1c0000c6 00428293 addi             x5, x5, 4            x5=1c00261c  x5:1c002618
              651500             636 1c0000c8 fe62ede3 bltu             x5, x6, -6           x5:1c00261c  x6:1c0026ac
              680500             665 1c0000c2 0002a023 sw               x0, 0(x5)            x5:1c00261c  PA:1c00261c
              698500             683 1c0000c6 00428293 addi             x5, x5, 4            x5=1c002620  x5:1c00261c
              699500             684 1c0000c8 fe62ede3 bltu             x5, x6, -6           x5:1c002620  x6:1c0026ac
              728500             713 1c0000c2 0002a023 sw               x0, 0(x5)            x5:1c002620  PA:1c002620
              746500             731 1c0000c6 00428293 addi             x5, x5, 4            x5=1c002624  x5:1c002620
              747500             732 1c0000c8 fe62ede3 bltu             x5, x6, -6           x5:1c002624  x6:1c0026ac
              776500             761 1c0000c2 0002a023 sw               x0, 0(x5)            x5:1c002624  PA:1c002624
              794500             779 1c0000c6 00428293 addi             x5, x5, 4            x5=1c002628  x5:1c002624
              795500             780 1c0000c8 fe62ede3 bltu             x5, x6, -6           x5:1c002628  x6:1c0026ac
              824500             809 1c0000c2 0002a023 sw               x0, 0(x5)            x5:1c002628  PA:1c002628
              842500             827 1c0000c6 00428293 addi             x5, x5, 4            x5=1c00262c  x5:1c002628
              843500             828 1c0000c8 fe62ede3 bltu             x5, x6, -6           x5:1c00262c  x6:1c0026ac
              872500             857 1c0000c2 0002a023 sw               x0, 0(x5)            x5:1c00262c  PA:1c00262c
              890500             875 1c0000c6 00428293 addi             x5, x5, 4            x5=1c002630  x5:1c00262c
              891500             876 1c0000c8 fe62ede3 bltu             x5, x6, -6           x5:1c002630  x6:1c0026ac
              920500             905 1c0000c2 0002a023 sw               x0, 0(x5)            x5:1c002630  PA:1c002630
              938500             923 1c0000c6 00428293 addi             x5, x5, 4            x5=1c002634  x5:1c002630
              939500             924 1c0000c8 fe62ede3 bltu             x5, x6, -6           x5:1c002634  x6:1c0026ac
              968500             953 1c0000c2 0002a023 sw               x0, 0(x5)            x5:1c002634  PA:1c002634
              986500             971 1c0000c6 00428293 addi             x5, x5, 4            x5=1c002638  x5:1c002634
              987500             972 1c0000c8 fe62ede3 bltu             x5, x6, -6           x5:1c002638  x6:1c0026ac
             1016500            1001 1c0000c2 0002a023 sw               x0, 0(x5)            x5:1c002638  PA:1c002638
             1034500            1019 1c0000c6 00428293 addi             x5, x5, 4            x5=1c00263c  x5:1c002638
             1035500            1020 1c0000c8 fe62ede3 bltu             x5, x6, -6           x5:1c00263c  x6:1c0026ac
             1064500            1049 1c0000c2 0002a023 sw               x0, 0(x5)            x5:1c00263c  PA:1c00263c
             1082500            1067 1c0000c6 00428293 addi             x5, x5, 4            x5=1c002640  x5:1c00263c
             1083500            1068 1c0000c8 fe62ede3 bltu             x5, x6, -6           x5:1c002640  x6:1c0026ac
             1112500            1097 1c0000c2 0002a023 sw               x0, 0(x5)            x5:1c002640  PA:1c002640
             1130500            1115 1c0000c6 00428293 addi             x5, x5, 4            x5=1c002644  x5:1c002640
             1131500            1116 1c0000c8 fe62ede3 bltu             x5, x6, -6           x5:1c002644  x6:1c0026ac
             1160500            1145 1c0000c2 0002a023 sw               x0, 0(x5)            x5:1c002644  PA:1c002644
             1178500            1163 1c0000c6 00428293 addi             x5, x5, 4            x5=1c002648  x5:1c002644
             1179500            1164 1c0000c8 fe62ede3 bltu             x5, x6, -6           x5:1c002648  x6:1c0026ac
             1208500            1193 1c0000c2 0002a023 sw               x0, 0(x5)            x5:1c002648  PA:1c002648
             1226500            1211 1c0000c6 00428293 addi             x5, x5, 4            x5=1c00264c  x5:1c002648
             1227500            1212 1c0000c8 fe62ede3 bltu             x5, x6, -6           x5:1c00264c  x6:1c0026ac
             1256500            1241 1c0000c2 0002a023 sw               x0, 0(x5)            x5:1c00264c  PA:1c00264c
             1274500            1259 1c0000c6 00428293 addi             x5, x5, 4            x5=1c002650  x5:1c00264c
             1275500            1260 1c0000c8 fe62ede3 bltu             x5, x6, -6           x5:1c002650  x6:1c0026ac
             1304500            1289 1c0000c2 0002a023 sw               x0, 0(x5)            x5:1c002650  PA:1c002650
             1322500            1307 1c0000c6 00428293 addi             x5, x5, 4            x5=1c002654  x5:1c002650
             1323500            1308 1c0000c8 fe62ede3 bltu             x5, x6, -6           x5:1c002654  x6:1c0026ac
             1352500            1337 1c0000c2 0002a023 sw               x0, 0(x5)            x5:1c002654  PA:1c002654
             1370500            1355 1c0000c6 00428293 addi             x5, x5, 4            x5=1c002658  x5:1c002654
             1371500            1356 1c0000c8 fe62ede3 bltu             x5, x6, -6           x5:1c002658  x6:1c0026ac
             1400500            1385 1c0000c2 0002a023 sw               x0, 0(x5)            x5:1c002658  PA:1c002658
             1418500            1403 1c0000c6 00428293 addi             x5, x5, 4            x5=1c00265c  x5:1c002658
             1419500            1404 1c0000c8 fe62ede3 bltu             x5, x6, -6           x5:1c00265c  x6:1c0026ac
             1448500            1433 1c0000c2 0002a023 sw               x0, 0(x5)            x5:1c00265c  PA:1c00265c
             1466500            1451 1c0000c6 00428293 addi             x5, x5, 4            x5=1c002660  x5:1c00265c
             1467500            1452 1c0000c8 fe62ede3 bltu             x5, x6, -6           x5:1c002660  x6:1c0026ac
             1496500            1481 1c0000c2 0002a023 sw               x0, 0(x5)            x5:1c002660  PA:1c002660
             1514500            1499 1c0000c6 00428293 addi             x5, x5, 4            x5=1c002664  x5:1c002660
             1515500            1500 1c0000c8 fe62ede3 bltu             x5, x6, -6           x5:1c002664  x6:1c0026ac
             1544500            1529 1c0000c2 0002a023 sw               x0, 0(x5)            x5:1c002664  PA:1c002664
             1562500            1547 1c0000c6 00428293 addi             x5, x5, 4            x5=1c002668  x5:1c002664
             1563500            1548 1c0000c8 fe62ede3 bltu             x5, x6, -6           x5:1c002668  x6:1c0026ac
             1592500            1577 1c0000c2 0002a023 sw               x0, 0(x5)            x5:1c002668  PA:1c002668
             1610500            1595 1c0000c6 00428293 addi             x5, x5, 4            x5=1c00266c  x5:1c002668
             1611500            1596 1c0000c8 fe62ede3 bltu             x5, x6, -6           x5:1c00266c  x6:1c0026ac
             1640500            1625 1c0000c2 0002a023 sw               x0, 0(x5)            x5:1c00266c  PA:1c00266c
             1658500            1643 1c0000c6 00428293 addi             x5, x5, 4            x5=1c002670  x5:1c00266c
             1659500            1644 1c0000c8 fe62ede3 bltu             x5, x6, -6           x5:1c002670  x6:1c0026ac
             1688500            1673 1c0000c2 0002a023 sw               x0, 0(x5)            x5:1c002670  PA:1c002670
             1706500            1691 1c0000c6 00428293 addi             x5, x5, 4            x5=1c002674  x5:1c002670
             1707500            1692 1c0000c8 fe62ede3 bltu             x5, x6, -6           x5:1c002674  x6:1c0026ac
             1736500            1721 1c0000c2 0002a023 sw               x0, 0(x5)            x5:1c002674  PA:1c002674
             1754500            1739 1c0000c6 00428293 addi             x5, x5, 4            x5=1c002678  x5:1c002674
             1755500            1740 1c0000c8 fe62ede3 bltu             x5, x6, -6           x5:1c002678  x6:1c0026ac
             1784500            1769 1c0000c2 0002a023 sw               x0, 0(x5)            x5:1c002678  PA:1c002678
             1802500            1787 1c0000c6 00428293 addi             x5, x5, 4            x5=1c00267c  x5:1c002678
             1803500            1788 1c0000c8 fe62ede3 bltu             x5, x6, -6           x5:1c00267c  x6:1c0026ac
             1832500            1817 1c0000c2 0002a023 sw               x0, 0(x5)            x5:1c00267c  PA:1c00267c
             1850500            1835 1c0000c6 00428293 addi             x5, x5, 4            x5=1c002680  x5:1c00267c
             1851500            1836 1c0000c8 fe62ede3 bltu             x5, x6, -6           x5:1c002680  x6:1c0026ac
             1880500            1865 1c0000c2 0002a023 sw               x0, 0(x5)            x5:1c002680  PA:1c002680
             1898500            1883 1c0000c6 00428293 addi             x5, x5, 4            x5=1c002684  x5:1c002680
             1899500            1884 1c0000c8 fe62ede3 bltu             x5, x6, -6           x5:1c002684  x6:1c0026ac
             1928500            1913 1c0000c2 0002a023 sw               x0, 0(x5)            x5:1c002684  PA:1c002684
             1946500            1931 1c0000c6 00428293 addi             x5, x5, 4            x5=1c002688  x5:1c002684
             1947500            1932 1c0000c8 fe62ede3 bltu             x5, x6, -6           x5:1c002688  x6:1c0026ac
             1976500            1961 1c0000c2 0002a023 sw               x0, 0(x5)            x5:1c002688  PA:1c002688
             1994500            1979 1c0000c6 00428293 addi             x5, x5, 4            x5=1c00268c  x5:1c002688
             1995500            1980 1c0000c8 fe62ede3 bltu             x5, x6, -6           x5:1c00268c  x6:1c0026ac
             2024500            2009 1c0000c2 0002a023 sw               x0, 0(x5)            x5:1c00268c  PA:1c00268c
             2042500            2027 1c0000c6 00428293 addi             x5, x5, 4            x5=1c002690  x5:1c00268c
             2043500            2028 1c0000c8 fe62ede3 bltu             x5, x6, -6           x5:1c002690  x6:1c0026ac
             2072500            2057 1c0000c2 0002a023 sw               x0, 0(x5)            x5:1c002690  PA:1c002690
             2090500            2075 1c0000c6 00428293 addi             x5, x5, 4            x5=1c002694  x5:1c002690
             2091500            2076 1c0000c8 fe62ede3 bltu             x5, x6, -6           x5:1c002694  x6:1c0026ac
             2120500            2105 1c0000c2 0002a023 sw               x0, 0(x5)            x5:1c002694  PA:1c002694
             2138500            2123 1c0000c6 00428293 addi             x5, x5, 4            x5=1c002698  x5:1c002694
             2139500            2124 1c0000c8 fe62ede3 bltu             x5, x6, -6           x5:1c002698  x6:1c0026ac
             2168500            2153 1c0000c2 0002a023 sw               x0, 0(x5)            x5:1c002698  PA:1c002698
             2186500            2171 1c0000c6 00428293 addi             x5, x5, 4            x5=1c00269c  x5:1c002698
             2187500            2172 1c0000c8 fe62ede3 bltu             x5, x6, -6           x5:1c00269c  x6:1c0026ac
             2216500            2201 1c0000c2 0002a023 sw               x0, 0(x5)            x5:1c00269c  PA:1c00269c
             2234500            2219 1c0000c6 00428293 addi             x5, x5, 4            x5=1c0026a0  x5:1c00269c
             2235500            2220 1c0000c8 fe62ede3 bltu             x5, x6, -6           x5:1c0026a0  x6:1c0026ac
             2264500            2249 1c0000c2 0002a023 sw               x0, 0(x5)            x5:1c0026a0  PA:1c0026a0
             2282500            2267 1c0000c6 00428293 addi             x5, x5, 4            x5=1c0026a4  x5:1c0026a0
             2283500            2268 1c0000c8 fe62ede3 bltu             x5, x6, -6           x5:1c0026a4  x6:1c0026ac
             2312500            2297 1c0000c2 0002a023 sw               x0, 0(x5)            x5:1c0026a4  PA:1c0026a4
             2330500            2315 1c0000c6 00428293 addi             x5, x5, 4            x5=1c0026a8  x5:1c0026a4
             2331500            2316 1c0000c8 fe62ede3 bltu             x5, x6, -6           x5:1c0026a8  x6:1c0026ac
             2360500            2345 1c0000c2 0002a023 sw               x0, 0(x5)            x5:1c0026a8  PA:1c0026a8
             2378500            2363 1c0000c6 00428293 addi             x5, x5, 4            x5=1c0026ac  x5:1c0026a8
             2379500            2364 1c0000c8 fe62ede3 bltu             x5, x6, -6           x5:1c0026ac  x6:1c0026ac
             2380500            2365 1c0000cc f4001117 auipc            x2, 0xf4001000       x2=100010cc
             2394500            2379 1c0000d0 8c410113 addi             x2, x2, -1852        x2=10000990  x2:100010cc
             2395500            2380 1c0000d4 3a1000ef jal              x1, 2976             x1=1c0000d8
             2410500            2395 1c000c74 fe010113 addi             x2, x2, -32          x2=10000970  x2:10000990
             2411500            2396 1c000c76 00112e23 sw               x1, 28(x2)           x1:1c0000d8  x2:10000970  PA:1000098c
             2412500            2397 1c000c78 00812c23 sw               x8, 24(x2)           x8:00000000  x2:10000970  PA:10000988
             2413500            2398 1c000c7a 00912a23 sw               x9, 20(x2)           x9:00000000  x2:10000970  PA:10000984
             2414500            2399 1c000c7c 02010413 addi             x8, x2, 32           x8=10000990  x2:10000970
             2415500            2400 1c000c7e 01212823 sw               x18, 16(x2)         x18:00000000  x2:10000970  PA:10000980
             2428500            2413 1c000c80 01312623 sw               x19, 12(x2)         x19:00000000  x2:10000970  PA:1000097c
             2429500            2414 1c000c82 01412423 sw               x20, 8(x2)          x20:00000000  x2:10000970  PA:10000978
             2430500            2415 1c000c84 1b2017b7 lui              x15, 0x1b201000     x15=1b201000
             2431500            2416 1c000c88 fff00713 addi             x14, x0, -1         x14=ffffffff
             2432500            2417 1c000c8a 40e7a023 sw               x14, 1024(x15)      x14:ffffffff x15:1b201000  PA:1b201400
             2450500            2435 1c000c8e 100004b7 lui              x9, 0x10000000       x9=10000000
             2451500            2436 1c000c92 156000ef jal              x1, 342              x1=1c000c94
             2526500            2511 1c000de8 1b2047b7 lui              x15, 0x1b204000     x15=1b204000
             2527500            2512 1c000dec fff00713 addi             x14, x0, -1         x14=ffffffff
             2528500            2513 1c000dee 00e7a823 sw               x14, 16(x15)        x14:ffffffff x15:1b204000  PA:1b204010
             2544500            2529 1c000df0 1c0007b7 lui              x15, 0x1c000000     x15=1c000000
             2545500            2530 1c000df4 1b200737 lui              x14, 0x1b200000     x14=1b200000
             2546500            2531 1c000df8 00078793 addi             x15, x15, 0         x15=1c000000 x15:1c000000
             2547500            2532 1c000dfc 04f72023 sw               x15, 64(x14)        x15:1c000000 x14:1b200000  PA:1b200040
             2551500            2536 1c000dfe 00008067 jalr             x0, x1, 0            x1:1c000c94
             2581500            2566 1c000c94 16848493 addi             x9, x9, 360          x9=10000168  x9:10000000
             2582500            2567 1c000c98 1d6000ef jal              x1, 470              x1=1c000c9a
             2617500            2602 1c000e6e 100007b7 lui              x15, 0x10000000     x15=10000000
             2618500            2603 1c000e72 05878793 addi             x15, x15, 88        x15=10000058 x15:10000000
             2619500            2604 1c000e76 0007a023 sw               x0, 0(x15)          x15:10000058  PA:10000058
             2620500            2605 1c000e7a 0007a223 sw               x0, 4(x15)          x15:10000058  PA:1000005c
             2637500            2622 1c000e7e 0007a423 sw               x0, 8(x15)          x15:10000058  PA:10000060
             2638500            2623 1c000e82 0007a623 sw               x0, 12(x15)         x15:10000058  PA:10000064
             2639500            2624 1c000e86 0007a823 sw               x0, 16(x15)         x15:10000058  PA:10000068
             2640500            2625 1c000e8a 0007aa23 sw               x0, 20(x15)         x15:10000058  PA:1000006c
             2641500            2626 1c000e8e 00008067 jalr             x0, x1, 0            x1:1c000c9a
             2659500            2644 1c000c9a 5d0000ef jal              x1, 1488             x1=1c000c9c
             2677500            2662 1c00126a ff010113 addi             x2, x2, -16          x2=10000960  x2:10000970
             2678500            2663 1c00126c 00812423 sw               x8, 8(x2)            x8:10000990  x2:10000960  PA:10000968
             2695500            2680 1c00126e 002ce437 lui              x8, 0x2ce000         x8=002ce000
             2696500            2681 1c001272 94c40413 addi             x8, x8, -1716        x8=002cd94c  x8:002ce000
             2697500            2682 1c001276 00912223 sw               x9, 4(x2)            x9:10000168  x2:10000960  PA:10000964
             2698500            2683 1c001278 1c002537 lui              x10, 0x1c002000     x10=1c002000
             2699500            2684 1c00127c 1c0024b7 lui              x9, 0x1c002000       x9=1c002000
             2716500            2701 1c001280 00800633 add              x12, x0, x8         x12=002cd94c  x8:002cd94c
             2717500            2702 1c001282 6b448593 addi             x11, x9, 1716       x11=1c0026b4  x9:1c002000
             2718500            2703 1c001286 6a050513 addi             x10, x10, 1696      x10=1c0026a0 x10:1c002000
             2719500            2704 1c00128a 00112623 sw               x1, 12(x2)           x1:1c000c9c  x2:10000960  PA:1000096c
             2720500            2705 1c00128c ea7ff0ef jal              x1, -346             x1=1c00128e
             2754500            2739 1c001132 00758793 addi             x15, x11, 7         x15=1c0026bb x11:1c0026b4
             2755500            2740 1c001136 c407b7b3 p.bclr           x15, x15, 2, 0      x15=1c0026b8 x15:1c0026bb
             2756500            2741 1c00113a 40b785b3 sub              x11, x15, x11       x11=00000004 x15:1c0026b8 x11:1c0026b4
             2757500            2742 1c00113e 00f52023 sw               x15, 0(x10)         x15:1c0026b8 x10:1c0026a0  PA:1c0026a0
             2776500            2761 1c001140 40b60633 sub              x12, x12, x11       x12=002cd948 x12:002cd94c x11:00000004
             2777500            2762 1c001142 00c05763 bge              x0, x12, 14         x12:002cd948
             2778500            2763 1c001146 c4063633 p.bclr           x12, x12, 2, 0      x12=002cd948 x12:002cd948
             2779500            2764 1c00114a 00c7a023 sw               x12, 0(x15)         x12:002cd948 x15:1c0026b8  PA:1c0026b8
             2797500            2782 1c00114c 0007a223 sw               x0, 4(x15)          x15:1c0026b8  PA:1c0026bc
             2815500            2800 1c001150 00008067 jalr             x0, x1, 0            x1:1c00128e
             2816500            2801 1c00128e 6b448593 addi             x11, x9, 1716       x11=1c0026b4  x9:1c002000
             2817500            2802 1c001292 008585b3 add              x11, x11, x8        x11=1c2d0000 x11:1c0026b4  x8:002cd94c
             2818500            2803 1c001294 1c002437 lui              x8, 0x1c002000       x8=1c002000
             2819500            2804 1c001298 00030637 lui              x12, 0x30000        x12=00030000
             2820500            2805 1c00129c 6a440513 addi             x10, x8, 1700       x10=1c0026a4  x8:1c002000
             2837500            2822 1c0012a0 e93ff0ef jal              x1, -366             x1=1c0012a2
             2839500            2824 1c001132 00758793 addi             x15, x11, 7         x15=1c2d0007 x11:1c2d0000
             2840500            2825 1c001136 c407b7b3 p.bclr           x15, x15, 2, 0      x15=1c2d0000 x15:1c2d0007
             2841500            2826 1c00113a 40b785b3 sub              x11, x15, x11       x11=00000000 x15:1c2d0000 x11:1c2d0000
             2842500            2827 1c00113e 00f52023 sw               x15, 0(x10)         x15:1c2d0000 x10:1c0026a4  PA:1c0026a4
             2860500            2845 1c001140 40b60633 sub              x12, x12, x11       x12=00030000 x12:00030000 x11:00000000
             2861500            2846 1c001142 00c05763 bge              x0, x12, 14         x12:00030000
             2862500            2847 1c001146 c4063633 p.bclr           x12, x12, 2, 0      x12=00030000 x12:00030000
             2863500            2848 1c00114a 00c7a023 sw               x12, 0(x15)         x12:00030000 x15:1c2d0000  PA:1c2d0000
             2881500            2866 1c00114c 0007a223 sw               x0, 4(x15)          x15:1c2d0000  PA:1c2d0004
             2899500            2884 1c001150 00008067 jalr             x0, x1, 0            x1:1c0012a2
             2900500            2885 1c0012a2 f14027f3 csrrs            x15, x0, 0xf14      x15=00000000
             2901500            2886 1c0012a6 ca5797b3 p.extractu       x15, x15, 5, 5      x15=00000000 x15:00000000
             2902500            2887 1c0012aa 00079763 bne              x15, x0, 14         x15:00000000
             2903500            2888 1c0012ac 00812403 lw               x8, 8(x2)            x8=10000990  x2:10000960  PA:10000968
             2904500            2889 1c0012ae 00c12083 lw               x1, 12(x2)           x1=1c000c9c  x2:10000960  PA:1000096c
             2920500            2905 1c0012b0 00412483 lw               x9, 4(x2)            x9=10000168  x2:10000960  PA:10000964
             2921500            2906 1c0012b2 00000513 addi             x10, x0, 0          x10=00000000
             2922500            2907 1c0012b4 01010113 addi             x2, x2, 16           x2=10000970  x2:10000960
             2923500            2908 1c0012b6 f83ff06f jal              x0, -126           
             2941500            2926 1c001238 100015b7 lui              x11, 0x10001000     x11=10001000
             2942500            2927 1c00123c 01651713 slli             x14, x10, 0x16      x14=00000000 x10:00000000
             2959500            2944 1c001240 99058593 addi             x11, x11, -1648     x11=10000990 x11:10001000
             2960500            2945 1c001244 00b706b3 add              x13, x14, x11       x13=10000990 x14:00000000 x11:10000990
             2961500            2946 1c001248 1c002637 lui              x12, 0x1c002000     x12=1c002000
             2962500            2947 1c00124c 00400793 addi             x15, x0, 4          x15=00000004
             2979500            2964 1c001250 00279793 slli             x15, x15, 0x2       x15=00000010 x15:00000004
             2980500            2965 1c001252 68d62e23 sw               x13, 1692(x12)      x13:10000990 x12:1c002000  PA:1c00269c
             2998500            2983 1c001256 000ff637 lui              x12, 0xff000        x12=000ff000
             2999500            2984 1c00125a 00f70733 add              x14, x14, x15       x14=00000010 x14:00000000 x15:00000010
             3000500            2985 1c00125c 00251513 slli             x10, x10, 0x2       x10=00000000 x10:00000000
             3001500            2986 1c00125e 67060613 addi             x12, x12, 1648      x12=000ff670 x12:000ff000
             3002500            2987 1c001262 40f60633 sub              x12, x12, x15       x12=000ff660 x12:000ff670 x15:00000010
             3003500            2988 1c001264 00e585b3 add              x11, x11, x14       x11=100009a0 x11:10000990 x14:00000010
             3004500            2989 1c001266 00d50533 add              x10, x10, x13       x10=10000990 x10:00000000 x13:10000990
             3005500            2990 1c001268 ecbff06f jal              x0, -310           
             3007500            2992 1c001132 00758793 addi             x15, x11, 7         x15=100009a7 x11:100009a0
             3008500            2993 1c001136 c407b7b3 p.bclr           x15, x15, 2, 0      x15=100009a0 x15:100009a7
             3009500            2994 1c00113a 40b785b3 sub              x11, x15, x11       x11=00000000 x15:100009a0 x11:100009a0
             3010500            2995 1c00113e 00f52023 sw               x15, 0(x10)         x15:100009a0 x10:10000990  PA:10000990
             3011500            2996 1c001140 40b60633 sub              x12, x12, x11       x12=000ff660 x12:000ff660 x11:00000000
             3012500            2997 1c001142 00c05763 bge              x0, x12, 14         x12:000ff660
             3013500            2998 1c001146 c4063633 p.bclr           x12, x12, 2, 0      x12=000ff660 x12:000ff660
             3014500            2999 1c00114a 00c7a023 sw               x12, 0(x15)         x12:000ff660 x15:100009a0  PA:100009a0
             3015500            3000 1c00114c 0007a223 sw               x0, 4(x15)          x15:100009a0  PA:100009a4
             3016500            3001 1c001150 00008067 jalr             x0, x1, 0            x1:1c000c9c
             3018500            3003 1c000c9c 0044a78b p.lw             x15, 4(x9!)         x15=1c001118  x9=1000016c  x9:10000168  PA:10000168
             3035500            3020 1c000ca0 06079363 bne              x15, x0, 102        x15:1c001118
             3054500            3039 1c000d06 000780e7 jalr             x1, x15, 0           x1=1c000d08 x15:1c001118
             3072500            3057 1c001118 10000537 lui              x10, 0x10000000     x10=10000000
             3073500            3058 1c00111c 13850513 addi             x10, x10, 312       x10=10000138 x10:10000000
             3090500            3075 1c001120 00052023 sw               x0, 0(x10)          x10:10000138  PA:10000138
             3091500            3076 1c001124 00052223 sw               x0, 4(x10)          x10:10000138  PA:1000013c
             3092500            3077 1c001128 00052823 sw               x0, 16(x10)         x10:10000138  PA:10000148
             3093500            3078 1c00112c 00100593 addi             x11, x0, 1          x11=00000001
             3094500            3079 1c00112e 00450513 addi             x10, x10, 4         x10=1000013c x10:10000138
             3095500            3080 1c001130 dd5ff06f jal              x0, -556           
             3113500            3098 1c000f04 fe010113 addi             x2, x2, -32          x2=10000950  x2:10000970
             3114500            3099 1c000f06 01312623 sw               x19, 12(x2)         x19:00000000  x2:10000950  PA:1000095c
             3115500            3100 1c000f08 00b009b3 add              x19, x0, x11        x19=00000001 x11:00000001
             3116500            3101 1c000f0a 00112e23 sw               x1, 28(x2)           x1:1c000d08  x2:10000950  PA:1000096c
             3117500            3102 1c000f0c 00812c23 sw               x8, 24(x2)           x8:10000990  x2:10000950  PA:10000968
             3118500            3103 1c000f0e 00912a23 sw               x9, 20(x2)           x9:1000016c  x2:10000950  PA:10000964
             3134500            3119 1c000f10 01212823 sw               x18, 16(x2)         x18:00000000  x2:10000950  PA:10000960
             3135500            3120 1c000f12 01412423 sw               x20, 8(x2)          x20:00000000  x2:10000950  PA:10000958
             3136500            3121 1c000f14 01512223 sw               x21, 4(x2)          x21:00000000  x2:10000950  PA:10000954
             3137500            3122 1c000f16 01612023 sw               x22, 0(x2)          x22:00000000  x2:10000950  PA:10000950
             3138500            3123 1c000f18 30047af3 csrrci           x21, 0x00000008, 0x300 x21=00001800
             3142500            3127 1c000f1c 00a00933 add              x18, x0, x10        x18=1000013c x10:1000013c
             3143500            3128 1c000f1e 00051763 bne              x10, x0, 14         x10:1000013c
             3157500            3142 1c000f2c 07000593 addi             x11, x0, 112        x11=00000070
             3174500            3159 1c000f30 02b985b3 mul              x11, x19, x11       x11=00000070 x19:00000001 x11:00000070
             3175500            3160 1c000f34 f1402573 csrrs            x10, x0, 0xf14      x10=00000000
             3176500            3161 1c000f38 40555513 srai             x10, x10, 0x405     x10=00000000 x10:00000000
             3177500            3162 1c000f3a f2653533 p.bclr           x10, x10, 25, 6     x10=00000000 x10:00000000
             3178500            3163 1c000f3e 00250513 addi             x10, x10, 2         x10=00000002 x10:00000000
             3195500            3180 1c000f40 290000ef jal              x1, 656              x1=1c000f42
             3213500            3198 1c0011d0 00100793 addi             x15, x0, 1          x15=00000001
             3214500            3199 1c0011d2 00a7fa63 bgeu             x15, x10, 20        x15:00000001 x10:00000002
             3215500            3200 1c0011d6 1c0027b7 lui              x15, 0x1c002000     x15=1c002000
             3216500            3201 1c0011da 69c7a783 lw               x15, 1692(x15)      x15=10000990 x15:1c002000  PA:1c00269c
             3231500            3216 1c0011de ffe50513 addi             x10, x10, -2        x10=00000000 x10:00000002
             3235500            3220 1c0011e0 00251513 slli             x10, x10, 0x2       x10=00000000 x10:00000000
             3236500            3221 1c0011e2 00f50533 add              x10, x10, x15       x10=10000990 x10:00000000 x15:10000990
             3237500            3222 1c0011e4 f6fff06f jal              x0, -146           
             3239500            3224 1c001152 00052783 lw               x15, 0(x10)         x15=100009a0 x10:10000990  PA:10000990
             3240500            3225 1c001154 00758593 addi             x11, x11, 7         x11=00000077 x11:00000070
             3241500            3226 1c001156 c405b5b3 p.bclr           x11, x11, 2, 0      x11=00000070 x11:00000077
             3242500            3227 1c00115a 00000693 addi             x13, x0, 0          x13=00000000
             3243500            3228 1c00115c 00078963 beq              x15, x0, 18         x15:100009a0
             3244500            3229 1c00115e 0007a703 lw               x14, 0(x15)         x14=000ff660 x15:100009a0  PA:100009a0
             3260500            3245 1c001160 00b74963 blt              x14, x11, 18        x14:000ff660 x11:00000070
             3261500            3246 1c001164 00b71c63 bne              x14, x11, 24        x14:000ff660 x11:00000070
             3280500            3265 1c00117c 40b70733 sub              x14, x14, x11       x14=000ff5f0 x14:000ff660 x11:00000070
             3281500            3266 1c00117e 00e7a023 sw               x14, 0(x15)         x14:000ff5f0 x15:100009a0  PA:100009a0
             3297500            3282 1c001180 00e787b3 add              x15, x15, x14       x15=100fff90 x15:100009a0 x14:000ff5f0
             3298500            3283 1c001182 fedff06f jal              x0, -20            
             3300500            3285 1c00116e 00f00533 add              x10, x0, x15        x10=100fff90 x15:100fff90
             3301500            3286 1c001170 00008067 jalr             x0, x1, 0            x1:1c000f42
             3303500            3288 1c000f42 00a00433 add              x8, x0, x10          x8=100fff90 x10:100fff90
             3304500            3289 1c000f44 fff00513 addi             x10, x0, -1         x10=ffffffff
             3305500            3290 1c000f46 00040c63 beq              x8, x0, 24           x8:100fff90
             3306500            3291 1c000f48 00840413 addi             x8, x8, 8            x8=100fff98  x8:100fff90
             3307500            3292 1c000f4a 00000493 addi             x9, x0, 0            x9=00000000
             3308500            3293 1c000f4c 10000b37 lui              x22, 0x10000000     x22=10000000
             3325500            3310 1c000f50 ff840a13 addi             x20, x8, -8         x20=100fff90  x8:100fff98
             3326500            3311 1c000f54 0134cf63 blt              x9, x19, 30          x9:00000000 x19:00000001
             3345500            3330 1c000f72 012005b3 add              x11, x0, x18        x11=1000013c x18:1000013c
             3346500            3331 1c000f74 01400533 add              x10, x0, x20        x10=100fff90 x20:100fff90
             3347500            3332 1c000f76 f43ff0ef jal              x1, -190             x1=1c000f78
             3365500            3350 1c000eb8 ff010113 addi             x2, x2, -16          x2=10000940  x2:10000950
             3366500            3351 1c000eba 00812423 sw               x8, 8(x2)            x8:100fff98  x2:10000940  PA:10000948
             3367500            3352 1c000ebc 00912223 sw               x9, 4(x2)            x9:00000000  x2:10000940  PA:10000944
             3368500            3353 1c000ebe 00112623 sw               x1, 12(x2)           x1:1c000f78  x2:10000940  PA:1000094c
             3384500            3369 1c000ec0 00a00433 add              x8, x0, x10          x8=100fff90 x10:100fff90
             3385500            3370 1c000ec2 00b004b3 add              x9, x0, x11          x9=1000013c x11:1000013c
             3386500            3371 1c000ec4 00052823 sw               x0, 16(x10)         x10:100fff90  PA:100fffa0
             3387500            3372 1c000ec8 00052a23 sw               x0, 20(x10)         x10:100fff90  PA:100fffa4
             3388500            3373 1c000ecc 01000593 addi             x11, x0, 16         x11=00000010
             3389500            3374 1c000ece 00000513 addi             x10, x0, 0          x10=00000000
             3405500            3390 1c000ed0 300000ef jal              x1, 768              x1=1c000ed2
             3407500            3392 1c0011d0 00100793 addi             x15, x0, 1          x15=00000001
             3408500            3393 1c0011d2 00a7fa63 bgeu             x15, x10, 20        x15:00000001 x10:00000000
             3411500            3396 1c0011e6 1c0027b7 lui              x15, 0x1c002000     x15=1c002000
             3412500            3397 1c0011ea 00251513 slli             x10, x10, 0x2       x10=00000000 x10:00000000
             3413500            3398 1c0011ec 6a078793 addi             x15, x15, 1696      x15=1c0026a0 x15:1c002000
             3430500            3415 1c0011f0 ff3ff06f jal              x0, -14            
             3432500            3417 1c0011e2 00f50533 add              x10, x10, x15       x10=1c0026a0 x10:00000000 x15:1c0026a0
             3433500            3418 1c0011e4 f6fff06f jal              x0, -146           
             3435500            3420 1c001152 00052783 lw               x15, 0(x10)         x15=1c0026b8 x10:1c0026a0  PA:1c0026a0
             3449500            3434 1c001154 00758593 addi             x11, x11, 7         x11=00000017 x11:00000010
             3450500            3435 1c001156 c405b5b3 p.bclr           x11, x11, 2, 0      x11=00000010 x11:00000017
             3451500            3436 1c00115a 00000693 addi             x13, x0, 0          x13=00000000
             3452500            3437 1c00115c 00078963 beq              x15, x0, 18         x15:1c0026b8
             3453500            3438 1c00115e 0007a703 lw               x14, 0(x15)         x14=002cd948 x15:1c0026b8  PA:1c0026b8
             3468500            3453 1c001160 00b74963 blt              x14, x11, 18        x14:002cd948 x11:00000010
             3469500            3454 1c001164 00b71c63 bne              x14, x11, 24        x14:002cd948 x11:00000010
             3472500            3457 1c00117c 40b70733 sub              x14, x14, x11       x14=002cd938 x14:002cd948 x11:00000010
             3473500            3458 1c00117e 00e7a023 sw               x14, 0(x15)         x14:002cd938 x15:1c0026b8  PA:1c0026b8
             3491500            3476 1c001180 00e787b3 add              x15, x15, x14       x15=1c2cfff0 x15:1c0026b8 x14:002cd938
             3492500            3477 1c001182 fedff06f jal              x0, -20            
             3494500            3479 1c00116e 00f00533 add              x10, x0, x15        x10=1c2cfff0 x15:1c2cfff0
             3495500            3480 1c001170 00008067 jalr             x0, x1, 0            x1:1c000ed2
             3497500            3482 1c000ed2 06a42623 sw               x10, 108(x8)        x10:1c2cfff0  x8:100fff90  PA:100ffffc
             3498500            3483 1c000ed4 00942623 sw               x9, 12(x8)           x9:1000013c  x8:100fff90  PA:100fff9c
             3499500            3484 1c000ed6 00042023 sw               x0, 0(x8)            x8:100fff90  PA:100fff90
             3500500            3485 1c000eda 00c12083 lw               x1, 12(x2)           x1=1c000f78  x2:10000940  PA:1000094c
             3501500            3486 1c000edc 00812403 lw               x8, 8(x2)            x8=100fff98  x2:10000940  PA:10000948
             3502500            3487 1c000ede 00412483 lw               x9, 4(x2)            x9=00000000  x2:10000940  PA:10000944
             3518500            3503 1c000ee0 01010113 addi             x2, x2, 16           x2=10000950  x2:10000940
             3519500            3504 1c000ee2 00008067 jalr             x0, x1, 0            x1:1c000f78
             3521500            3506 1c000f78 138b0793 addi             x15, x22, 312       x15=10000138 x22:10000000
             3522500            3507 1c000f7c 0007a703 lw               x14, 0(x15)         x14=00000000 x15:10000138  PA:10000138
             3523500            3508 1c000f7e 00148493 addi             x9, x9, 1            x9=00000001  x9:00000000
             3539500            3524 1c000f80 06e4282b p.sw             x14, 112(x8!)        x8=10100008 x14:00000000  x8:100fff98  PA:100fff98
             3540500            3525 1c000f84 0147a023 sw               x20, 0(x15)         x20:100fff90 x15:10000138  PA:10000138
             3541500            3526 1c000f88 fc9ff06f jal              x0, -56            
             3543500            3528 1c000f50 ff840a13 addi             x20, x8, -8         x20=10100000  x8:10100008
             3544500            3529 1c000f54 0134cf63 blt              x9, x19, 30          x9:00000001 x19:00000001
             3545500            3530 1c000f58 300a9073 csrrw            x0, x21, 0x300      x21:00001800
             3549500            3534 1c000f5c 00000513 addi             x10, x0, 0          x10=00000000
             3550500            3535 1c000f5e 01c12083 lw               x1, 28(x2)           x1=1c000d08  x2:10000950  PA:1000096c
             3563500            3548 1c000f60 01812403 lw               x8, 24(x2)           x8=10000990  x2:10000950  PA:10000968
             3564500            3549 1c000f62 01412483 lw               x9, 20(x2)           x9=1000016c  x2:10000950  PA:10000964
             3565500            3550 1c000f64 01012903 lw               x18, 16(x2)         x18=00000000  x2:10000950  PA:10000960
             3566500            3551 1c000f66 00c12983 lw               x19, 12(x2)         x19=00000000  x2:10000950  PA:1000095c
             3567500            3552 1c000f68 00812a03 lw               x20, 8(x2)          x20=00000000  x2:10000950  PA:10000958
             3568500            3553 1c000f6a 00412a83 lw               x21, 4(x2)          x21=00000000  x2:10000950  PA:10000954
             3569500            3554 1c000f6c 00012b03 lw               x22, 0(x2)          x22=00000000  x2:10000950  PA:10000950
             3570500            3555 1c000f6e 02010113 addi             x2, x2, 32           x2=10000970  x2:10000950
             3571500            3556 1c000f70 00008067 jalr             x0, x1, 0            x1:1c000d08
             3573500            3558 1c000d08 f95ff06f jal              x0, -108           
             3575500            3560 1c000c9c 0044a78b p.lw             x15, 4(x9!)         x15=1c0015b6  x9=10000170  x9:1000016c  PA:1000016c
             3577500            3562 1c000ca0 06079363 bne              x15, x0, 102        x15:1c0015b6
             3580500            3565 1c000d06 000780e7 jalr             x1, x15, 0           x1=1c000d08 x15:1c0015b6
             3598500            3583 1c0015b6 1c0015b7 lui              x11, 0x1c001000     x11=1c001000
             3599500            3584 1c0015ba ff010113 addi             x2, x2, -16          x2=10000960  x2:10000970
             3600500            3585 1c0015bc 00000613 addi             x12, x0, 0          x12=00000000
             3617500            3602 1c0015be 32458593 addi             x11, x11, 804       x11=1c001324 x11:1c001000
             3618500            3603 1c0015c2 00000513 addi             x10, x0, 0          x10=00000000
             3619500            3604 1c0015c4 00112623 sw               x1, 12(x2)           x1:1c000d08  x2:10000960  PA:1000096c
             3620500            3605 1c0015c6 83bff0ef jal              x1, -1990            x1=1c0015ca
             3622500            3607 1c000e00 fe010113 addi             x2, x2, -32          x2=10000940  x2:10000960
             3623500            3608 1c000e02 00812c23 sw               x8, 24(x2)           x8:10000990  x2:10000940  PA:10000958
             3624500            3609 1c000e04 00912a23 sw               x9, 20(x2)           x9:10000170  x2:10000940  PA:10000954
             3625500            3610 1c000e06 00a00433 add              x8, x0, x10          x8=00000000 x10:00000000
             3626500            3611 1c000e08 00b004b3 add              x9, x0, x11          x9=1c001324 x11:1c001324
             3627500            3612 1c000e0a 00100513 addi             x10, x0, 1          x10=00000001
             3628500            3613 1c000e0c 00c00593 addi             x11, x0, 12         x11=0000000c
             3629500            3614 1c000e0e 00c12623 sw               x12, 12(x2)         x12:00000000  x2:10000940  PA:1000094c
             3645500            3630 1c000e10 00112e23 sw               x1, 28(x2)           x1:1c0015ca  x2:10000940  PA:1000095c
             3646500            3631 1c000e12 3be000ef jal              x1, 958              x1=1c000e14
             3648500            3633 1c0011d0 00100793 addi             x15, x0, 1          x15=00000001
             3649500            3634 1c0011d2 00a7fa63 bgeu             x15, x10, 20        x15:00000001 x10:00000001
             3652500            3637 1c0011e6 1c0027b7 lui              x15, 0x1c002000     x15=1c002000
             3653500            3638 1c0011ea 00251513 slli             x10, x10, 0x2       x10=00000004 x10:00000001
             3654500            3639 1c0011ec 6a078793 addi             x15, x15, 1696      x15=1c0026a0 x15:1c002000
             3655500            3640 1c0011f0 ff3ff06f jal              x0, -14            
             3657500            3642 1c0011e2 00f50533 add              x10, x10, x15       x10=1c0026a4 x10:00000004 x15:1c0026a0
             3658500            3643 1c0011e4 f6fff06f jal              x0, -146           
             3660500            3645 1c001152 00052783 lw               x15, 0(x10)         x15=1c2d0000 x10:1c0026a4  PA:1c0026a4
             3674500            3659 1c001154 00758593 addi             x11, x11, 7         x11=00000013 x11:0000000c
             3675500            3660 1c001156 c405b5b3 p.bclr           x11, x11, 2, 0      x11=00000010 x11:00000013
             3676500            3661 1c00115a 00000693 addi             x13, x0, 0          x13=00000000
             3677500            3662 1c00115c 00078963 beq              x15, x0, 18         x15:1c2d0000
             3678500            3663 1c00115e 0007a703 lw               x14, 0(x15)         x14=00030000 x15:1c2d0000  PA:1c2d0000
             3693500            3678 1c001160 00b74963 blt              x14, x11, 18        x14:00030000 x11:00000010
             3694500            3679 1c001164 00b71c63 bne              x14, x11, 24        x14:00030000 x11:00000010
             3697500            3682 1c00117c 40b70733 sub              x14, x14, x11       x14=0002fff0 x14:00030000 x11:00000010
             3698500            3683 1c00117e 00e7a023 sw               x14, 0(x15)         x14:0002fff0 x15:1c2d0000  PA:1c2d0000
             3716500            3701 1c001180 00e787b3 add              x15, x15, x14       x15=1c2ffff0 x15:1c2d0000 x14:0002fff0
             3717500            3702 1c001182 fedff06f jal              x0, -20            
             3719500            3704 1c00116e 00f00533 add              x10, x0, x15        x10=1c2ffff0 x15:1c2ffff0
             3720500            3705 1c001170 00008067 jalr             x0, x1, 0            x1:1c000e14
             3722500            3707 1c000e14 00c12603 lw               x12, 12(x2)         x12=00000000  x2:10000940  PA:1000094c
             3723500            3708 1c000e16 02050263 beq              x10, x0, 36         x10:1c2ffff0
             3724500            3709 1c000e18 100007b7 lui              x15, 0x10000000     x15=10000000
             3725500            3710 1c000e1c 00241413 slli             x8, x8, 0x2          x8=00000000  x8:00000000
             3742500            3727 1c000e1e 05878793 addi             x15, x15, 88        x15=10000058 x15:10000000
             3743500            3728 1c000e22 008787b3 add              x15, x15, x8        x15=10000058 x15:10000058  x8:00000000
             3744500            3729 1c000e24 0007a703 lw               x14, 0(x15)         x14=00000000 x15:10000058  PA:10000058
             3745500            3730 1c000e26 00952023 sw               x9, 0(x10)           x9:1c001324 x10:1c2ffff0  PA:1c2ffff0
             3763500            3748 1c000e28 00c52223 sw               x12, 4(x10)         x12:00000000 x10:1c2ffff0  PA:1c2ffff4
             3781500            3766 1c000e2a 00e52423 sw               x14, 8(x10)         x14:00000000 x10:1c2ffff0  PA:1c2ffff8
             3799500            3784 1c000e2c 00a7a023 sw               x10, 0(x15)         x10:1c2ffff0 x15:10000058  PA:10000058
             3800500            3785 1c000e2e 00000513 addi             x10, x0, 0          x10=00000000
             3801500            3786 1c000e30 01c12083 lw               x1, 28(x2)           x1=1c0015ca  x2:10000940  PA:1000095c
             3802500            3787 1c000e32 01812403 lw               x8, 24(x2)           x8=10000990  x2:10000940  PA:10000958
             3803500            3788 1c000e34 01412483 lw               x9, 20(x2)           x9=10000170  x2:10000940  PA:10000954
             3804500            3789 1c000e36 02010113 addi             x2, x2, 32           x2=10000960  x2:10000940
             3805500            3790 1c000e38 00008067 jalr             x0, x1, 0            x1:1c0015ca
             3807500            3792 1c0015ca 00050f63 beq              x10, x0, 30         x10:00000000
             3842500            3827 1c0015e8 00c12083 lw               x1, 12(x2)           x1=1c000d08  x2:10000960  PA:1000096c
             3843500            3828 1c0015ea 01010113 addi             x2, x2, 16           x2=10000970  x2:10000960
             3845500            3830 1c0015ec 00008067 jalr             x0, x1, 0            x1:1c000d08
             3862500            3847 1c000d08 f95ff06f jal              x0, -108           
             3864500            3849 1c000c9c 0044a78b p.lw             x15, 4(x9!)         x15=1c0016da  x9=10000174  x9:10000170  PA:10000170
             3866500            3851 1c000ca0 06079363 bne              x15, x0, 102        x15:1c0016da
             3869500            3854 1c000d06 000780e7 jalr             x1, x15, 0           x1=1c000d08 x15:1c0016da
             3887500            3872 1c0016da ff010113 addi             x2, x2, -16          x2=10000960  x2:10000970
             3888500            3873 1c0016dc 00812423 sw               x8, 8(x2)            x8:10000990  x2:10000960  PA:10000968
             3905500            3890 1c0016de 1c0007b7 lui              x15, 0x1c000000     x15=1c000000
             3906500            3891 1c0016e2 10000437 lui              x8, 0x10000000       x8=10000000
             3907500            3892 1c0016e6 00912223 sw               x9, 4(x2)            x9:10000174  x2:10000960  PA:10000964
             3908500            3893 1c0016e8 01212023 sw               x18, 0(x2)          x18:00000000  x2:10000960  PA:10000960
             3909500            3894 1c0016ea 00112623 sw               x1, 12(x2)           x1:1c000d08  x2:10000960  PA:1000096c
             3910500            3895 1c0016ec 07040413 addi             x8, x8, 112          x8=10000070  x8:10000000
             3927500            3912 1c0016f0 29878793 addi             x15, x15, 664       x15=1c000298 x15:1c000000
             3928500            3913 1c0016f4 00f42023 sw               x15, 0(x8)          x15:1c000298  x8:10000070  PA:10000070
             3929500            3914 1c0016f6 1c0017b7 lui              x15, 0x1c001000     x15=1c001000
             3930500            3915 1c0016fa 6b278793 addi             x15, x15, 1714      x15=1c0016b2 x15:1c001000
             3947500            3932 1c0016fe 100005b7 lui              x11, 0x10000000     x11=10000000
             3948500            3933 1c001702 04840913 addi             x18, x8, 72         x18=100000b8  x8:10000070
             3949500            3934 1c001706 00f42623 sw               x15, 12(x8)         x15:1c0016b2  x8:10000070  PA:1000007c
             3950500            3935 1c001708 100004b7 lui              x9, 0x10000000       x9=10000000
             3951500            3936 1c00170c 13c58793 addi             x15, x11, 316       x15=1000013c x11:10000000
             3968500            3953 1c001710 15448493 addi             x9, x9, 340          x9=10000154  x9:10000000
             3969500            3954 1c001714 0af42c23 sw               x15, 184(x8)        x15:1000013c  x8:10000070  PA:10000128
             3970500            3955 1c001718 01200533 add              x10, x0, x18        x10=100000b8 x18:100000b8
             3971500            3956 1c00171a 00100793 addi             x15, x0, 1          x15=00000001
             3972500            3957 1c00171c 13c58593 addi             x11, x11, 316       x11=1000013c x11:10000000
             3989500            3974 1c001720 0af42e23 sw               x15, 188(x8)        x15:00000001  x8:10000070  PA:1000012c
             3990500            3975 1c001724 0004a023 sw               x0, 0(x9)            x9:10000154  PA:10000154
             3991500            3976 1c001728 02042a23 sw               x0, 52(x8)           x8:10000070  PA:100000a4
             3992500            3977 1c00172c 00042223 sw               x0, 4(x8)            x8:10000070  PA:10000074
             4009500            3994 1c001730 00042423 sw               x0, 8(x8)            x8:10000070  PA:10000078
             4010500            3995 1c001734 f84ff0ef jal              x1, -2172            x1=1c001738
             4012500            3997 1c000eb8 ff010113 addi             x2, x2, -16          x2=10000950  x2:10000960
             4013500            3998 1c000eba 00812423 sw               x8, 8(x2)            x8:10000070  x2:10000950  PA:10000958
             4014500            3999 1c000ebc 00912223 sw               x9, 4(x2)            x9:10000154  x2:10000950  PA:10000954
             4015500            4000 1c000ebe 00112623 sw               x1, 12(x2)           x1:1c001738  x2:10000950  PA:1000095c
             4016500            4001 1c000ec0 00a00433 add              x8, x0, x10          x8=100000b8 x10:100000b8
             4017500            4002 1c000ec2 00b004b3 add              x9, x0, x11          x9=1000013c x11:1000013c
             4018500            4003 1c000ec4 00052823 sw               x0, 16(x10)         x10:100000b8  PA:100000c8
             4019500            4004 1c000ec8 00052a23 sw               x0, 20(x10)         x10:100000b8  PA:100000cc
             4020500            4005 1c000ecc 01000593 addi             x11, x0, 16         x11=00000010
             4021500            4006 1c000ece 00000513 addi             x10, x0, 0          x10=00000000
             4022500            4007 1c000ed0 300000ef jal              x1, 768              x1=1c000ed2
             4024500            4009 1c0011d0 00100793 addi             x15, x0, 1          x15=00000001
             4025500            4010 1c0011d2 00a7fa63 bgeu             x15, x10, 20        x15:00000001 x10:00000000
             4028500            4013 1c0011e6 1c0027b7 lui              x15, 0x1c002000     x15=1c002000
             4029500            4014 1c0011ea 00251513 slli             x10, x10, 0x2       x10=00000000 x10:00000000
             4030500            4015 1c0011ec 6a078793 addi             x15, x15, 1696      x15=1c0026a0 x15:1c002000
             4031500            4016 1c0011f0 ff3ff06f jal              x0, -14            
             4033500            4018 1c0011e2 00f50533 add              x10, x10, x15       x10=1c0026a0 x10:00000000 x15:1c0026a0
             4034500            4019 1c0011e4 f6fff06f jal              x0, -146           
             4036500            4021 1c001152 00052783 lw               x15, 0(x10)         x15=1c0026b8 x10:1c0026a0  PA:1c0026a0
             4050500            4035 1c001154 00758593 addi             x11, x11, 7         x11=00000017 x11:00000010
             4051500            4036 1c001156 c405b5b3 p.bclr           x11, x11, 2, 0      x11=00000010 x11:00000017
             4052500            4037 1c00115a 00000693 addi             x13, x0, 0          x13=00000000
             4053500            4038 1c00115c 00078963 beq              x15, x0, 18         x15:1c0026b8
             4054500            4039 1c00115e 0007a703 lw               x14, 0(x15)         x14=002cd938 x15:1c0026b8  PA:1c0026b8
             4069500            4054 1c001160 00b74963 blt              x14, x11, 18        x14:002cd938 x11:00000010
             4070500            4055 1c001164 00b71c63 bne              x14, x11, 24        x14:002cd938 x11:00000010
             4073500            4058 1c00117c 40b70733 sub              x14, x14, x11       x14=002cd928 x14:002cd938 x11:00000010
             4074500            4059 1c00117e 00e7a023 sw               x14, 0(x15)         x14:002cd928 x15:1c0026b8  PA:1c0026b8
             4092500            4077 1c001180 00e787b3 add              x15, x15, x14       x15=1c2cffe0 x15:1c0026b8 x14:002cd928
             4093500            4078 1c001182 fedff06f jal              x0, -20            
             4095500            4080 1c00116e 00f00533 add              x10, x0, x15        x10=1c2cffe0 x15:1c2cffe0
             4096500            4081 1c001170 00008067 jalr             x0, x1, 0            x1:1c000ed2
             4098500            4083 1c000ed2 06a42623 sw               x10, 108(x8)        x10:1c2cffe0  x8:100000b8  PA:10000124
             4099500            4084 1c000ed4 00942623 sw               x9, 12(x8)           x9:1000013c  x8:100000b8  PA:100000c4
             4100500            4085 1c000ed6 00042023 sw               x0, 0(x8)            x8:100000b8  PA:100000b8
             4101500            4086 1c000eda 00c12083 lw               x1, 12(x2)           x1=1c001738  x2:10000950  PA:1000095c
             4102500            4087 1c000edc 00812403 lw               x8, 8(x2)            x8=10000070  x2:10000950  PA:10000958
             4103500            4088 1c000ede 00412483 lw               x9, 4(x2)            x9=10000154  x2:10000950  PA:10000954
             4104500            4089 1c000ee0 01010113 addi             x2, x2, 16           x2=10000960  x2:10000950
             4105500            4090 1c000ee2 00008067 jalr             x0, x1, 0            x1:1c001738
             4107500            4092 1c001738 100007b7 lui              x15, 0x10000000     x15=10000000
             4108500            4093 1c00173c 1387a703 lw               x14, 312(x15)       x14=100fff90 x15:10000000  PA:10000138
             4125500            4110 1c001740 0084a423 sw               x8, 8(x9)            x8:10000070  x9:10000154  PA:1000015c
             4126500            4111 1c001742 00c12083 lw               x1, 12(x2)           x1=1c000d08  x2:10000960  PA:1000096c
             4127500            4112 1c001744 04e42823 sw               x14, 80(x8)         x14:100fff90  x8:10000070  PA:100000c0
             4128500            4113 1c001746 00812403 lw               x8, 8(x2)            x8=10000990  x2:10000960  PA:10000968
             4129500            4114 1c001748 1327ac23 sw               x18, 312(x15)       x18:100000b8 x15:10000000  PA:10000138
             4130500            4115 1c00174c 00412483 lw               x9, 4(x2)            x9=10000174  x2:10000960  PA:10000964
             4131500            4116 1c00174e 00012903 lw               x18, 0(x2)          x18=00000000  x2:10000960  PA:10000960
             4147500            4132 1c001750 01010113 addi             x2, x2, 16           x2=10000970  x2:10000960
             4148500            4133 1c001752 00008067 jalr             x0, x1, 0            x1:1c000d08
             4150500            4135 1c000d08 f95ff06f jal              x0, -108           
             4152500            4137 1c000c9c 0044a78b p.lw             x15, 4(x9!)         x15=1c001874  x9=10000178  x9:10000174  PA:10000174
             4154500            4139 1c000ca0 06079363 bne              x15, x0, 102        x15:1c001874
             4157500            4142 1c000d06 000780e7 jalr             x1, x15, 0           x1=1c000d08 x15:1c001874
             4175500            4160 1c001874 1c0027b7 lui              x15, 0x1c002000     x15=1c002000
             4176500            4161 1c001878 6607ae23 sw               x0, 1660(x15)       x15:1c002000  PA:1c00267c
             4194500            4179 1c00187c 1c0027b7 lui              x15, 0x1c002000     x15=1c002000
             4195500            4180 1c001880 6607ac23 sw               x0, 1656(x15)       x15:1c002000  PA:1c002678
             4213500            4198 1c001884 00100793 addi             x15, x0, 1          x15=00000001
             4214500            4199 1c001888 0217b663 p.bneimm         x15, 44             x15:00000001
             4215500            4200 1c00188c 1c0015b7 lui              x11, 0x1c001000     x11=1c001000
             4232500            4217 1c001890 ff010113 addi             x2, x2, -16          x2=10000960  x2:10000970
             4233500            4218 1c001892 00000613 addi             x12, x0, 0          x12=00000000
             4234500            4219 1c001894 7b858593 addi             x11, x11, 1976      x11=1c0017b8 x11:1c001000
             4235500            4220 1c001898 00000513 addi             x10, x0, 0          x10=00000000
             4236500            4221 1c00189a 00112623 sw               x1, 12(x2)           x1:1c000d08  x2:10000960  PA:1000096c
             4237500            4222 1c00189c d64ff0ef jal              x1, -2716            x1=1c0018a0
             4255500            4240 1c000e00 fe010113 addi             x2, x2, -32          x2=10000940  x2:10000960
             4256500            4241 1c000e02 00812c23 sw               x8, 24(x2)           x8:10000990  x2:10000940  PA:10000958
             4257500            4242 1c000e04 00912a23 sw               x9, 20(x2)           x9:10000178  x2:10000940  PA:10000954
             4258500            4243 1c000e06 00a00433 add              x8, x0, x10          x8=00000000 x10:00000000
             4259500            4244 1c000e08 00b004b3 add              x9, x0, x11          x9=1c0017b8 x11:1c0017b8
             4260500            4245 1c000e0a 00100513 addi             x10, x0, 1          x10=00000001
             4261500            4246 1c000e0c 00c00593 addi             x11, x0, 12         x11=0000000c
             4262500            4247 1c000e0e 00c12623 sw               x12, 12(x2)         x12:00000000  x2:10000940  PA:1000094c
             4263500            4248 1c000e10 00112e23 sw               x1, 28(x2)           x1:1c0018a0  x2:10000940  PA:1000095c
             4264500            4249 1c000e12 3be000ef jal              x1, 958              x1=1c000e14
             4266500            4251 1c0011d0 00100793 addi             x15, x0, 1          x15=00000001
             4267500            4252 1c0011d2 00a7fa63 bgeu             x15, x10, 20        x15:00000001 x10:00000001
             4270500            4255 1c0011e6 1c0027b7 lui              x15, 0x1c002000     x15=1c002000
             4271500            4256 1c0011ea 00251513 slli             x10, x10, 0x2       x10=00000004 x10:00000001
             4272500            4257 1c0011ec 6a078793 addi             x15, x15, 1696      x15=1c0026a0 x15:1c002000
             4273500            4258 1c0011f0 ff3ff06f jal              x0, -14            
             4275500            4260 1c0011e2 00f50533 add              x10, x10, x15       x10=1c0026a4 x10:00000004 x15:1c0026a0
             4276500            4261 1c0011e4 f6fff06f jal              x0, -146           
             4278500            4263 1c001152 00052783 lw               x15, 0(x10)         x15=1c2d0000 x10:1c0026a4  PA:1c0026a4
             4292500            4277 1c001154 00758593 addi             x11, x11, 7         x11=00000013 x11:0000000c
             4293500            4278 1c001156 c405b5b3 p.bclr           x11, x11, 2, 0      x11=00000010 x11:00000013
             4294500            4279 1c00115a 00000693 addi             x13, x0, 0          x13=00000000
             4295500            4280 1c00115c 00078963 beq              x15, x0, 18         x15:1c2d0000
             4296500            4281 1c00115e 0007a703 lw               x14, 0(x15)         x14=0002fff0 x15:1c2d0000  PA:1c2d0000
             4311500            4296 1c001160 00b74963 blt              x14, x11, 18        x14:0002fff0 x11:00000010
             4312500            4297 1c001164 00b71c63 bne              x14, x11, 24        x14:0002fff0 x11:00000010
             4315500            4300 1c00117c 40b70733 sub              x14, x14, x11       x14=0002ffe0 x14:0002fff0 x11:00000010
             4316500            4301 1c00117e 00e7a023 sw               x14, 0(x15)         x14:0002ffe0 x15:1c2d0000  PA:1c2d0000
             4334500            4319 1c001180 00e787b3 add              x15, x15, x14       x15=1c2fffe0 x15:1c2d0000 x14:0002ffe0
             4335500            4320 1c001182 fedff06f jal              x0, -20            
             4337500            4322 1c00116e 00f00533 add              x10, x0, x15        x10=1c2fffe0 x15:1c2fffe0
             4338500            4323 1c001170 00008067 jalr             x0, x1, 0            x1:1c000e14
             4340500            4325 1c000e14 00c12603 lw               x12, 12(x2)         x12=00000000  x2:10000940  PA:1000094c
             4341500            4326 1c000e16 02050263 beq              x10, x0, 36         x10:1c2fffe0
             4342500            4327 1c000e18 100007b7 lui              x15, 0x10000000     x15=10000000
             4343500            4328 1c000e1c 00241413 slli             x8, x8, 0x2          x8=00000000  x8:00000000
             4344500            4329 1c000e1e 05878793 addi             x15, x15, 88        x15=10000058 x15:10000000
             4345500            4330 1c000e22 008787b3 add              x15, x15, x8        x15=10000058 x15:10000058  x8:00000000
             4346500            4331 1c000e24 0007a703 lw               x14, 0(x15)         x14=1c2ffff0 x15:10000058  PA:10000058
             4347500            4332 1c000e26 00952023 sw               x9, 0(x10)           x9:1c0017b8 x10:1c2fffe0  PA:1c2fffe0
             4365500            4350 1c000e28 00c52223 sw               x12, 4(x10)         x12:00000000 x10:1c2fffe0  PA:1c2fffe4
             4383500            4368 1c000e2a 00e52423 sw               x14, 8(x10)         x14:1c2ffff0 x10:1c2fffe0  PA:1c2fffe8
             4401500            4386 1c000e2c 00a7a023 sw               x10, 0(x15)         x10:1c2fffe0 x15:10000058  PA:10000058
             4402500            4387 1c000e2e 00000513 addi             x10, x0, 0          x10=00000000
             4403500            4388 1c000e30 01c12083 lw               x1, 28(x2)           x1=1c0018a0  x2:10000940  PA:1000095c
             4404500            4389 1c000e32 01812403 lw               x8, 24(x2)           x8=10000990  x2:10000940  PA:10000958
             4405500            4390 1c000e34 01412483 lw               x9, 20(x2)           x9=10000178  x2:10000940  PA:10000954
             4406500            4391 1c000e36 02010113 addi             x2, x2, 32           x2=10000960  x2:10000940
             4407500            4392 1c000e38 00008067 jalr             x0, x1, 0            x1:1c0018a0
             4409500            4394 1c0018a0 00c12083 lw               x1, 12(x2)           x1=1c000d08  x2:10000960  PA:1000096c
             4410500            4395 1c0018a2 1c0015b7 lui              x11, 0x1c001000     x11=1c001000
             4411500            4396 1c0018a6 00000613 addi             x12, x0, 0          x12=00000000
             4412500            4397 1c0018a8 79c58593 addi             x11, x11, 1948      x11=1c00179c x11:1c001000
             4413500            4398 1c0018ac 00100513 addi             x10, x0, 1          x10=00000001
             4414500            4399 1c0018ae 01010113 addi             x2, x2, 16           x2=10000970  x2:10000960
             4430500            4415 1c0018b0 d50ff06f jal              x0, -2736          
             4432500            4417 1c000e00 fe010113 addi             x2, x2, -32          x2=10000950  x2:10000970
             4433500            4418 1c000e02 00812c23 sw               x8, 24(x2)           x8:10000990  x2:10000950  PA:10000968
             4434500            4419 1c000e04 00912a23 sw               x9, 20(x2)           x9:10000178  x2:10000950  PA:10000964
             4435500            4420 1c000e06 00a00433 add              x8, x0, x10          x8=00000001 x10:00000001
             4436500            4421 1c000e08 00b004b3 add              x9, x0, x11          x9=1c00179c x11:1c00179c
             4437500            4422 1c000e0a 00100513 addi             x10, x0, 1          x10=00000001
             4438500            4423 1c000e0c 00c00593 addi             x11, x0, 12         x11=0000000c
             4439500            4424 1c000e0e 00c12623 sw               x12, 12(x2)         x12:00000000  x2:10000950  PA:1000095c
             4440500            4425 1c000e10 00112e23 sw               x1, 28(x2)           x1:1c000d08  x2:10000950  PA:1000096c
             4441500            4426 1c000e12 3be000ef jal              x1, 958              x1=1c000e14
             4443500            4428 1c0011d0 00100793 addi             x15, x0, 1          x15=00000001
             4444500            4429 1c0011d2 00a7fa63 bgeu             x15, x10, 20        x15:00000001 x10:00000001
             4447500            4432 1c0011e6 1c0027b7 lui              x15, 0x1c002000     x15=1c002000
             4448500            4433 1c0011ea 00251513 slli             x10, x10, 0x2       x10=00000004 x10:00000001
             4449500            4434 1c0011ec 6a078793 addi             x15, x15, 1696      x15=1c0026a0 x15:1c002000
             4450500            4435 1c0011f0 ff3ff06f jal              x0, -14            
             4452500            4437 1c0011e2 00f50533 add              x10, x10, x15       x10=1c0026a4 x10:00000004 x15:1c0026a0
             4453500            4438 1c0011e4 f6fff06f jal              x0, -146           
             4455500            4440 1c001152 00052783 lw               x15, 0(x10)         x15=1c2d0000 x10:1c0026a4  PA:1c0026a4
             4469500            4454 1c001154 00758593 addi             x11, x11, 7         x11=00000013 x11:0000000c
             4470500            4455 1c001156 c405b5b3 p.bclr           x11, x11, 2, 0      x11=00000010 x11:00000013
             4471500            4456 1c00115a 00000693 addi             x13, x0, 0          x13=00000000
             4472500            4457 1c00115c 00078963 beq              x15, x0, 18         x15:1c2d0000
             4473500            4458 1c00115e 0007a703 lw               x14, 0(x15)         x14=0002ffe0 x15:1c2d0000  PA:1c2d0000
             4488500            4473 1c001160 00b74963 blt              x14, x11, 18        x14:0002ffe0 x11:00000010
             4489500            4474 1c001164 00b71c63 bne              x14, x11, 24        x14:0002ffe0 x11:00000010
             4492500            4477 1c00117c 40b70733 sub              x14, x14, x11       x14=0002ffd0 x14:0002ffe0 x11:00000010
             4493500            4478 1c00117e 00e7a023 sw               x14, 0(x15)         x14:0002ffd0 x15:1c2d0000  PA:1c2d0000
             4511500            4496 1c001180 00e787b3 add              x15, x15, x14       x15=1c2fffd0 x15:1c2d0000 x14:0002ffd0
             4512500            4497 1c001182 fedff06f jal              x0, -20            
             4514500            4499 1c00116e 00f00533 add              x10, x0, x15        x10=1c2fffd0 x15:1c2fffd0
             4515500            4500 1c001170 00008067 jalr             x0, x1, 0            x1:1c000e14
             4517500            4502 1c000e14 00c12603 lw               x12, 12(x2)         x12=00000000  x2:10000950  PA:1000095c
             4518500            4503 1c000e16 02050263 beq              x10, x0, 36         x10:1c2fffd0
             4519500            4504 1c000e18 100007b7 lui              x15, 0x10000000     x15=10000000
             4520500            4505 1c000e1c 00241413 slli             x8, x8, 0x2          x8=00000004  x8:00000001
             4521500            4506 1c000e1e 05878793 addi             x15, x15, 88        x15=10000058 x15:10000000
             4522500            4507 1c000e22 008787b3 add              x15, x15, x8        x15=1000005c x15:10000058  x8:00000004
             4523500            4508 1c000e24 0007a703 lw               x14, 0(x15)         x14=00000000 x15:1000005c  PA:1000005c
             4524500            4509 1c000e26 00952023 sw               x9, 0(x10)           x9:1c00179c x10:1c2fffd0  PA:1c2fffd0
             4542500            4527 1c000e28 00c52223 sw               x12, 4(x10)         x12:00000000 x10:1c2fffd0  PA:1c2fffd4
             4560500            4545 1c000e2a 00e52423 sw               x14, 8(x10)         x14:00000000 x10:1c2fffd0  PA:1c2fffd8
             4578500            4563 1c000e2c 00a7a023 sw               x10, 0(x15)         x10:1c2fffd0 x15:1000005c  PA:1000005c
             4579500            4564 1c000e2e 00000513 addi             x10, x0, 0          x10=00000000
             4580500            4565 1c000e30 01c12083 lw               x1, 28(x2)           x1=1c000d08  x2:10000950  PA:1000096c
             4581500            4566 1c000e32 01812403 lw               x8, 24(x2)           x8=10000990  x2:10000950  PA:10000968
             4582500            4567 1c000e34 01412483 lw               x9, 20(x2)           x9=10000178  x2:10000950  PA:10000964
             4583500            4568 1c000e36 02010113 addi             x2, x2, 32           x2=10000970  x2:10000950
             4584500            4569 1c000e38 00008067 jalr             x0, x1, 0            x1:1c000d08
             4586500            4571 1c000d08 f95ff06f jal              x0, -108           
             4588500            4573 1c000c9c 0044a78b p.lw             x15, 4(x9!)         x15=1c0020a4  x9=1000017c  x9:10000178  PA:10000178
             4590500            4575 1c000ca0 06079363 bne              x15, x0, 102        x15:1c0020a4
             4593500            4578 1c000d06 000780e7 jalr             x1, x15, 0           x1=1c000d08 x15:1c0020a4
             4611500            4596 1c0020a4 1c0025b7 lui              x11, 0x1c002000     x11=1c002000
             4612500            4597 1c0020a8 ff010113 addi             x2, x2, -16          x2=10000960  x2:10000970
             4613500            4598 1c0020aa 00000613 addi             x12, x0, 0          x12=00000000
             4614500            4599 1c0020ac 00458593 addi             x11, x11, 4         x11=1c002004 x11:1c002000
             4631500            4616 1c0020b0 00400513 addi             x10, x0, 4          x10=00000004
             4632500            4617 1c0020b2 00112623 sw               x1, 12(x2)           x1:1c000d08  x2:10000960  PA:1000096c
             4633500            4618 1c0020b4 00812423 sw               x8, 8(x2)            x8:10000990  x2:10000960  PA:10000968
             4634500            4619 1c0020b6 d4bfe0ef jal              x1, -4790            x1=1c0020ba
             4636500            4621 1c000e00 fe010113 addi             x2, x2, -32          x2=10000940  x2:10000960
             4637500            4622 1c000e02 00812c23 sw               x8, 24(x2)           x8:10000990  x2:10000940  PA:10000958
             4638500            4623 1c000e04 00912a23 sw               x9, 20(x2)           x9:1000017c  x2:10000940  PA:10000954
             4639500            4624 1c000e06 00a00433 add              x8, x0, x10          x8=00000004 x10:00000004
             4640500            4625 1c000e08 00b004b3 add              x9, x0, x11          x9=1c002004 x11:1c002004
             4641500            4626 1c000e0a 00100513 addi             x10, x0, 1          x10=00000001
             4642500            4627 1c000e0c 00c00593 addi             x11, x0, 12         x11=0000000c
             4643500            4628 1c000e0e 00c12623 sw               x12, 12(x2)         x12:00000000  x2:10000940  PA:1000094c
             4644500            4629 1c000e10 00112e23 sw               x1, 28(x2)           x1:1c0020ba  x2:10000940  PA:1000095c
             4645500            4630 1c000e12 3be000ef jal              x1, 958              x1=1c000e14
             4647500            4632 1c0011d0 00100793 addi             x15, x0, 1          x15=00000001
             4648500            4633 1c0011d2 00a7fa63 bgeu             x15, x10, 20        x15:00000001 x10:00000001
             4651500            4636 1c0011e6 1c0027b7 lui              x15, 0x1c002000     x15=1c002000
             4652500            4637 1c0011ea 00251513 slli             x10, x10, 0x2       x10=00000004 x10:00000001
             4653500            4638 1c0011ec 6a078793 addi             x15, x15, 1696      x15=1c0026a0 x15:1c002000
             4654500            4639 1c0011f0 ff3ff06f jal              x0, -14            
             4656500            4641 1c0011e2 00f50533 add              x10, x10, x15       x10=1c0026a4 x10:00000004 x15:1c0026a0
             4657500            4642 1c0011e4 f6fff06f jal              x0, -146           
             4659500            4644 1c001152 00052783 lw               x15, 0(x10)         x15=1c2d0000 x10:1c0026a4  PA:1c0026a4
             4673500            4658 1c001154 00758593 addi             x11, x11, 7         x11=00000013 x11:0000000c
             4674500            4659 1c001156 c405b5b3 p.bclr           x11, x11, 2, 0      x11=00000010 x11:00000013
             4675500            4660 1c00115a 00000693 addi             x13, x0, 0          x13=00000000
             4676500            4661 1c00115c 00078963 beq              x15, x0, 18         x15:1c2d0000
             4677500            4662 1c00115e 0007a703 lw               x14, 0(x15)         x14=0002ffd0 x15:1c2d0000  PA:1c2d0000
             4692500            4677 1c001160 00b74963 blt              x14, x11, 18        x14:0002ffd0 x11:00000010
             4693500            4678 1c001164 00b71c63 bne              x14, x11, 24        x14:0002ffd0 x11:00000010
             4696500            4681 1c00117c 40b70733 sub              x14, x14, x11       x14=0002ffc0 x14:0002ffd0 x11:00000010
             4697500            4682 1c00117e 00e7a023 sw               x14, 0(x15)         x14:0002ffc0 x15:1c2d0000  PA:1c2d0000
             4715500            4700 1c001180 00e787b3 add              x15, x15, x14       x15=1c2fffc0 x15:1c2d0000 x14:0002ffc0
             4716500            4701 1c001182 fedff06f jal              x0, -20            
             4718500            4703 1c00116e 00f00533 add              x10, x0, x15        x10=1c2fffc0 x15:1c2fffc0
             4719500            4704 1c001170 00008067 jalr             x0, x1, 0            x1:1c000e14
             4721500            4706 1c000e14 00c12603 lw               x12, 12(x2)         x12=00000000  x2:10000940  PA:1000094c
             4722500            4707 1c000e16 02050263 beq              x10, x0, 36         x10:1c2fffc0
             4723500            4708 1c000e18 100007b7 lui              x15, 0x10000000     x15=10000000
             4724500            4709 1c000e1c 00241413 slli             x8, x8, 0x2          x8=00000010  x8:00000004
             4725500            4710 1c000e1e 05878793 addi             x15, x15, 88        x15=10000058 x15:10000000
             4726500            4711 1c000e22 008787b3 add              x15, x15, x8        x15=10000068 x15:10000058  x8:00000010
             4727500            4712 1c000e24 0007a703 lw               x14, 0(x15)         x14=00000000 x15:10000068  PA:10000068
             4728500            4713 1c000e26 00952023 sw               x9, 0(x10)           x9:1c002004 x10:1c2fffc0  PA:1c2fffc0
             4746500            4731 1c000e28 00c52223 sw               x12, 4(x10)         x12:00000000 x10:1c2fffc0  PA:1c2fffc4
             4764500            4749 1c000e2a 00e52423 sw               x14, 8(x10)         x14:00000000 x10:1c2fffc0  PA:1c2fffc8
             4782500            4767 1c000e2c 00a7a023 sw               x10, 0(x15)         x10:1c2fffc0 x15:10000068  PA:10000068
             4783500            4768 1c000e2e 00000513 addi             x10, x0, 0          x10=00000000
             4784500            4769 1c000e30 01c12083 lw               x1, 28(x2)           x1=1c0020ba  x2:10000940  PA:1000095c
             4785500            4770 1c000e32 01812403 lw               x8, 24(x2)           x8=10000990  x2:10000940  PA:10000958
             4786500            4771 1c000e34 01412483 lw               x9, 20(x2)           x9=1000017c  x2:10000940  PA:10000954
             4787500            4772 1c000e36 02010113 addi             x2, x2, 32           x2=10000960  x2:10000940
             4788500            4773 1c000e38 00008067 jalr             x0, x1, 0            x1:1c0020ba
             4790500            4775 1c0020ba 1c0025b7 lui              x11, 0x1c002000     x11=1c002000
             4791500            4776 1c0020be 00a00433 add              x8, x0, x10          x8=00000000 x10:00000000
             4808500            4793 1c0020c0 00000613 addi             x12, x0, 0          x12=00000000
             4809500            4794 1c0020c2 fe458593 addi             x11, x11, -28       x11=1c001fe4 x11:1c002000
             4810500            4795 1c0020c6 00500513 addi             x10, x0, 5          x10=00000005
             4811500            4796 1c0020c8 d39fe0ef jal              x1, -4808            x1=1c0020cc
             4813500            4798 1c000e00 fe010113 addi             x2, x2, -32          x2=10000940  x2:10000960
             4814500            4799 1c000e02 00812c23 sw               x8, 24(x2)           x8:00000000  x2:10000940  PA:10000958
             4815500            4800 1c000e04 00912a23 sw               x9, 20(x2)           x9:1000017c  x2:10000940  PA:10000954
             4816500            4801 1c000e06 00a00433 add              x8, x0, x10          x8=00000005 x10:00000005
             4817500            4802 1c000e08 00b004b3 add              x9, x0, x11          x9=1c001fe4 x11:1c001fe4
             4818500            4803 1c000e0a 00100513 addi             x10, x0, 1          x10=00000001
             4819500            4804 1c000e0c 00c00593 addi             x11, x0, 12         x11=0000000c
             4820500            4805 1c000e0e 00c12623 sw               x12, 12(x2)         x12:00000000  x2:10000940  PA:1000094c
             4821500            4806 1c000e10 00112e23 sw               x1, 28(x2)           x1:1c0020cc  x2:10000940  PA:1000095c
             4822500            4807 1c000e12 3be000ef jal              x1, 958              x1=1c000e14
             4824500            4809 1c0011d0 00100793 addi             x15, x0, 1          x15=00000001
             4825500            4810 1c0011d2 00a7fa63 bgeu             x15, x10, 20        x15:00000001 x10:00000001
             4828500            4813 1c0011e6 1c0027b7 lui              x15, 0x1c002000     x15=1c002000
             4829500            4814 1c0011ea 00251513 slli             x10, x10, 0x2       x10=00000004 x10:00000001
             4830500            4815 1c0011ec 6a078793 addi             x15, x15, 1696      x15=1c0026a0 x15:1c002000
             4831500            4816 1c0011f0 ff3ff06f jal              x0, -14            
             4833500            4818 1c0011e2 00f50533 add              x10, x10, x15       x10=1c0026a4 x10:00000004 x15:1c0026a0
             4834500            4819 1c0011e4 f6fff06f jal              x0, -146           
             4836500            4821 1c001152 00052783 lw               x15, 0(x10)         x15=1c2d0000 x10:1c0026a4  PA:1c0026a4
             4850500            4835 1c001154 00758593 addi             x11, x11, 7         x11=00000013 x11:0000000c
             4851500            4836 1c001156 c405b5b3 p.bclr           x11, x11, 2, 0      x11=00000010 x11:00000013
             4852500            4837 1c00115a 00000693 addi             x13, x0, 0          x13=00000000
             4853500            4838 1c00115c 00078963 beq              x15, x0, 18         x15:1c2d0000
             4854500            4839 1c00115e 0007a703 lw               x14, 0(x15)         x14=0002ffc0 x15:1c2d0000  PA:1c2d0000
             4869500            4854 1c001160 00b74963 blt              x14, x11, 18        x14:0002ffc0 x11:00000010
             4870500            4855 1c001164 00b71c63 bne              x14, x11, 24        x14:0002ffc0 x11:00000010
             4873500            4858 1c00117c 40b70733 sub              x14, x14, x11       x14=0002ffb0 x14:0002ffc0 x11:00000010
             4874500            4859 1c00117e 00e7a023 sw               x14, 0(x15)         x14:0002ffb0 x15:1c2d0000  PA:1c2d0000
             4892500            4877 1c001180 00e787b3 add              x15, x15, x14       x15=1c2fffb0 x15:1c2d0000 x14:0002ffb0
             4893500            4878 1c001182 fedff06f jal              x0, -20            
             4895500            4880 1c00116e 00f00533 add              x10, x0, x15        x10=1c2fffb0 x15:1c2fffb0
             4896500            4881 1c001170 00008067 jalr             x0, x1, 0            x1:1c000e14
             4898500            4883 1c000e14 00c12603 lw               x12, 12(x2)         x12=00000000  x2:10000940  PA:1000094c
             4899500            4884 1c000e16 02050263 beq              x10, x0, 36         x10:1c2fffb0
             4900500            4885 1c000e18 100007b7 lui              x15, 0x10000000     x15=10000000
             4901500            4886 1c000e1c 00241413 slli             x8, x8, 0x2          x8=00000014  x8:00000005
             4902500            4887 1c000e1e 05878793 addi             x15, x15, 88        x15=10000058 x15:10000000
             4903500            4888 1c000e22 008787b3 add              x15, x15, x8        x15=1000006c x15:10000058  x8:00000014
             4904500            4889 1c000e24 0007a703 lw               x14, 0(x15)         x14=00000000 x15:1000006c  PA:1000006c
             4905500            4890 1c000e26 00952023 sw               x9, 0(x10)           x9:1c001fe4 x10:1c2fffb0  PA:1c2fffb0
             4923500            4908 1c000e28 00c52223 sw               x12, 4(x10)         x12:00000000 x10:1c2fffb0  PA:1c2fffb4
             4941500            4926 1c000e2a 00e52423 sw               x14, 8(x10)         x14:00000000 x10:1c2fffb0  PA:1c2fffb8
             4959500            4944 1c000e2c 00a7a023 sw               x10, 0(x15)         x10:1c2fffb0 x15:1000006c  PA:1000006c
             4960500            4945 1c000e2e 00000513 addi             x10, x0, 0          x10=00000000
             4961500            4946 1c000e30 01c12083 lw               x1, 28(x2)           x1=1c0020cc  x2:10000940  PA:1000095c
             4962500            4947 1c000e32 01812403 lw               x8, 24(x2)           x8=00000000  x2:10000940  PA:10000958
             4963500            4948 1c000e34 01412483 lw               x9, 20(x2)           x9=1000017c  x2:10000940  PA:10000954
             4964500            4949 1c000e36 02010113 addi             x2, x2, 32           x2=10000960  x2:10000940
             4965500            4950 1c000e38 00008067 jalr             x0, x1, 0            x1:1c0020cc
             4967500            4952 1c0020cc 1c0027b7 lui              x15, 0x1c002000     x15=1c002000
             4984500            4969 1c0020d0 6607a423 sw               x0, 1640(x15)       x15:1c002000  PA:1c002668
             5002500            4987 1c0020d4 00856533 or               x10, x10, x8        x10=00000000 x10:00000000  x8:00000000
             5003500            4988 1c0020d6 02050163 beq              x10, x0, 34         x10:00000000
             5022500            5007 1c0020f8 00c12083 lw               x1, 12(x2)           x1=1c000d08  x2:10000960  PA:1000096c
             5023500            5008 1c0020fa 00812403 lw               x8, 8(x2)            x8=10000990  x2:10000960  PA:10000968
             5024500            5009 1c0020fc 01010113 addi             x2, x2, 16           x2=10000970  x2:10000960
             5025500            5010 1c0020fe 00008067 jalr             x0, x1, 0            x1:1c000d08
             5042500            5027 1c000d08 f95ff06f jal              x0, -108           
             5044500            5029 1c000c9c 0044a78b p.lw             x15, 4(x9!)         x15=00000000  x9=10000180  x9:1000017c  PA:1000017c
             5046500            5031 1c000ca0 06079363 bne              x15, x0, 102        x15:00000000
             5047500            5032 1c000ca2 30045073 csrrwi           x0, 0x00000008, 0x300
             5051500            5036 1c000ca6 00000513 addi             x10, x0, 0          x10=00000000
             5052500            5037 1c000ca8 196000ef jal              x1, 406              x1=1c000caa
             5054500            5039 1c000e3e ff010113 addi             x2, x2, -16          x2=10000960  x2:10000970
             5071500            5056 1c000e40 00812423 sw               x8, 8(x2)            x8:10000990  x2:10000960  PA:10000968
             5072500            5057 1c000e42 10000437 lui              x8, 0x10000000       x8=10000000
             5073500            5058 1c000e46 00251513 slli             x10, x10, 0x2       x10=00000000 x10:00000000
             5074500            5059 1c000e48 05840413 addi             x8, x8, 88           x8=10000058  x8:10000000
             5075500            5060 1c000e4c 20a47403 lw               x8, x10(x8)          x8=1c2fffe0 x10:00000000  x8:10000058  PA:10000058
             5092500            5077 1c000e50 00112623 sw               x1, 12(x2)           x1:1c000caa  x2:10000960  PA:1000096c
             5093500            5078 1c000e52 00041663 bne              x8, x0, 12           x8:1c2fffe0
             5096500            5081 1c000e5e 00042783 lw               x15, 0(x8)          x15=1c0017b8  x8:1c2fffe0  PA:1c2fffe0
             5110500            5095 1c000e60 00442503 lw               x10, 4(x8)          x10=00000000  x8:1c2fffe0  PA:1c2fffe4
             5124500            5109 1c000e62 000780e7 jalr             x1, x15, 0           x1=1c000e64 x15:1c0017b8
             5130500            5115 1c0017b8 fe010113 addi             x2, x2, -32          x2=10000940  x2:10000960
             5131500            5116 1c0017ba 00810513 addi             x10, x2, 8          x10=10000948  x2:10000940
             5132500            5117 1c0017bc 00112e23 sw               x1, 28(x2)           x1:1c000e64  x2:10000940  PA:1000095c
             5149500            5134 1c0017be 061000ef jal              x1, 2144             x1=1c0017c2
             5167500            5152 1c00201e 0001c7b7 lui              x15, 0x1c000        x15=0001c000
             5184500            5169 1c002020 20078793 addi             x15, x15, 512       x15=0001c200 x15:0001c000
             5185500            5170 1c002024 00f52023 sw               x15, 0(x10)         x15:0001c200 x10:10000948  PA:10000948
             5186500            5171 1c002026 00008067 jalr             x0, x1, 0            x1:1c0017c2
             5188500            5173 1c0017c2 0001c7b7 lui              x15, 0x1c000        x15=0001c000
             5189500            5174 1c0017c6 20078793 addi             x15, x15, 512       x15=0001c200 x15:0001c000
             5190500            5175 1c0017ca 00f12423 sw               x15, 8(x2)          x15:0001c200  x2:10000940  PA:10000948
             5191500            5176 1c0017cc 100007b7 lui              x15, 0x10000000     x15=10000000
             5208500            5193 1c0017d0 15c7a783 lw               x15, 348(x15)       x15=10000070 x15:10000000  PA:1000015c
             5209500            5194 1c0017d4 1c002537 lui              x10, 0x1c002000     x10=1c002000
             5210500            5195 1c0017d8 5f850513 addi             x10, x10, 1528      x10=1c0025f8 x10:1c002000
             5211500            5196 1c0017dc 0b87a583 lw               x11, 184(x15)       x11=1000013c x15:10000070  PA:10000128
             5228500            5213 1c0017e0 ed8ff0ef jal              x1, -2344            x1=1c0017e4
             5230500            5215 1c000eb8 ff010113 addi             x2, x2, -16          x2=10000930  x2:10000940
             5231500            5216 1c000eba 00812423 sw               x8, 8(x2)            x8:1c2fffe0  x2:10000930  PA:10000938
             5232500            5217 1c000ebc 00912223 sw               x9, 4(x2)            x9:10000180  x2:10000930  PA:10000934
             5233500            5218 1c000ebe 00112623 sw               x1, 12(x2)           x1:1c0017e4  x2:10000930  PA:1000093c
             5234500            5219 1c000ec0 00a00433 add              x8, x0, x10          x8=1c0025f8 x10:1c0025f8
             5235500            5220 1c000ec2 00b004b3 add              x9, x0, x11          x9=1000013c x11:1000013c
             5236500            5221 1c000ec4 00052823 sw               x0, 16(x10)         x10:1c0025f8  PA:1c002608
             5254500            5239 1c000ec8 00052a23 sw               x0, 20(x10)         x10:1c0025f8  PA:1c00260c
             5272500            5257 1c000ecc 01000593 addi             x11, x0, 16         x11=00000010
             5273500            5258 1c000ece 00000513 addi             x10, x0, 0          x10=00000000
             5274500            5259 1c000ed0 300000ef jal              x1, 768              x1=1c000ed2
             5276500            5261 1c0011d0 00100793 addi             x15, x0, 1          x15=00000001
             5277500            5262 1c0011d2 00a7fa63 bgeu             x15, x10, 20        x15:00000001 x10:00000000
             5280500            5265 1c0011e6 1c0027b7 lui              x15, 0x1c002000     x15=1c002000
             5281500            5266 1c0011ea 00251513 slli             x10, x10, 0x2       x10=00000000 x10:00000000
             5282500            5267 1c0011ec 6a078793 addi             x15, x15, 1696      x15=1c0026a0 x15:1c002000
             5283500            5268 1c0011f0 ff3ff06f jal              x0, -14            
             5285500            5270 1c0011e2 00f50533 add              x10, x10, x15       x10=1c0026a0 x10:00000000 x15:1c0026a0
             5286500            5271 1c0011e4 f6fff06f jal              x0, -146           
             5288500            5273 1c001152 00052783 lw               x15, 0(x10)         x15=1c0026b8 x10:1c0026a0  PA:1c0026a0
             5302500            5287 1c001154 00758593 addi             x11, x11, 7         x11=00000017 x11:00000010
             5303500            5288 1c001156 c405b5b3 p.bclr           x11, x11, 2, 0      x11=00000010 x11:00000017
             5304500            5289 1c00115a 00000693 addi             x13, x0, 0          x13=00000000
             5305500            5290 1c00115c 00078963 beq              x15, x0, 18         x15:1c0026b8
             5306500            5291 1c00115e 0007a703 lw               x14, 0(x15)         x14=002cd928 x15:1c0026b8  PA:1c0026b8
             5321500            5306 1c001160 00b74963 blt              x14, x11, 18        x14:002cd928 x11:00000010
             5322500            5307 1c001164 00b71c63 bne              x14, x11, 24        x14:002cd928 x11:00000010
             5325500            5310 1c00117c 40b70733 sub              x14, x14, x11       x14=002cd918 x14:002cd928 x11:00000010
             5326500            5311 1c00117e 00e7a023 sw               x14, 0(x15)         x14:002cd918 x15:1c0026b8  PA:1c0026b8
             5344500            5329 1c001180 00e787b3 add              x15, x15, x14       x15=1c2cffd0 x15:1c0026b8 x14:002cd918
             5345500            5330 1c001182 fedff06f jal              x0, -20            
             5347500            5332 1c00116e 00f00533 add              x10, x0, x15        x10=1c2cffd0 x15:1c2cffd0
             5348500            5333 1c001170 00008067 jalr             x0, x1, 0            x1:1c000ed2
             5350500            5335 1c000ed2 06a42623 sw               x10, 108(x8)        x10:1c2cffd0  x8:1c0025f8  PA:1c002664
             5368500            5353 1c000ed4 00942623 sw               x9, 12(x8)           x9:1000013c  x8:1c0025f8  PA:1c002604
             5386500            5371 1c000ed6 00042023 sw               x0, 0(x8)            x8:1c0025f8  PA:1c0025f8
             5404500            5389 1c000eda 00c12083 lw               x1, 12(x2)           x1=1c0017e4  x2:10000930  PA:1000093c
             5405500            5390 1c000edc 00812403 lw               x8, 8(x2)            x8=1c2fffe0  x2:10000930  PA:10000938
             5406500            5391 1c000ede 00412483 lw               x9, 4(x2)            x9=10000180  x2:10000930  PA:10000934
             5407500            5392 1c000ee0 01010113 addi             x2, x2, 16           x2=10000940  x2:10000930
             5408500            5393 1c000ee2 00008067 jalr             x0, x1, 0            x1:1c0017e4
             5410500            5395 1c0017e4 00810593 addi             x11, x2, 8          x11=10000948  x2:10000940
             5411500            5396 1c0017e6 00000693 addi             x13, x0, 0          x13=00000000
             5412500            5397 1c0017e8 00000613 addi             x12, x0, 0          x12=00000000
             5413500            5398 1c0017ea 00000513 addi             x10, x0, 0          x10=00000000
             5414500            5399 1c0017ec 03d000ef jal              x1, 2108             x1=1c0017f0
             5432500            5417 1c002028 ff010113 addi             x2, x2, -16          x2=10000930  x2:10000940
             5433500            5418 1c00202a 00112623 sw               x1, 12(x2)           x1:1c0017f0  x2:10000930  PA:1000093c
             5434500            5419 1c00202c 00812423 sw               x8, 8(x2)            x8:1c2fffe0  x2:10000930  PA:10000938
             5435500            5420 1c00202e 00912223 sw               x9, 4(x2)            x9:10000180  x2:10000930  PA:10000934
             5451500            5436 1c002030 300474f3 csrrci           x9, 0x00000008, 0x300  x9=00001808
             5455500            5440 1c002034 02058a63 beq              x11, x0, 52         x11:10000948
             5456500            5441 1c002036 0005a503 lw               x10, 0(x11)         x10=0001c200 x11:10000948  PA:10000948
             5457500            5442 1c002038 1c002437 lui              x8, 0x1c002000       x8=1c002000
             5458500            5443 1c00203c 66840793 addi             x15, x8, 1640       x15=1c002668  x8:1c002000
             5475500            5460 1c002040 0007a703 lw               x14, 0(x15)         x14=00000000 x15:1c002668  PA:1c002668
             5489500            5474 1c002042 008006b3 add              x13, x0, x8         x13=1c002000  x8:1c002000
             5490500            5475 1c002044 66840613 addi             x12, x8, 1640       x12=1c002668  x8:1c002000
             5491500            5476 1c002048 02070463 beq              x14, x0, 40         x14:00000000
             5510500            5495 1c002070 00100713 addi             x14, x0, 1          x14=00000001
             5511500            5496 1c002072 00e7a023 sw               x14, 0(x15)         x14:00000001 x15:1c002668  PA:1c002668
             5529500            5514 1c002074 00a7a423 sw               x10, 8(x15)         x10:0001c200 x15:1c002668  PA:1c002670
             5547500            5532 1c002076 00e7a623 sw               x14, 12(x15)        x14:00000001 x15:1c002668  PA:1c002674
             5565500            5550 1c002078 f17ff0ef jal              x1, -234             x1=1c00207a
             5583500            5568 1c001f8e 02faf7b7 lui              x15, 0x2faf000      x15=02faf000
             5584500            5569 1c001f92 08078793 addi             x15, x15, 128       x15=02faf080 x15:02faf000
             5585500            5570 1c001f96 02a7d533 divu             x10, x15, x10       x10=000001b2 x15:02faf000 x10:0001c200
             5603500            5588 1c001f9a 1a1027b7 lui              x15, 0x1a102000     x15=1a102000
             5604500            5589 1c001f9e 00c78613 addi             x12, x15, 12        x12=1a10200c x15:1a102000
             5605500            5590 1c001fa2 08300713 addi             x14, x0, 131        x14=00000083
             5606500            5591 1c001fa6 00e62023 sw               x14, 0(x12)         x14:00000083 x12:1a10200c  PA:1a10200c
             5626500            5611 1c001fa8 00478693 addi             x13, x15, 4         x13=1a102004 x15:1a102000
             5627500            5612 1c001fac 0a700593 addi             x11, x0, 167        x11=000000a7
             5628500            5613 1c001fb0 00455513 srli             x10, x10, 0x4       x10=0000001b x10:000001b2
             5629500            5614 1c001fb2 fff50513 addi             x10, x10, -1        x10=0000001a x10:0000001b
             5630500            5615 1c001fb4 40855713 srai             x14, x10, 0x408     x14=00000000 x10:0000001a
             5631500            5616 1c001fb8 ee873733 p.bclr           x14, x14, 23, 8     x14=00000000 x14:00000000
             5632500            5617 1c001fbc 00e6a023 sw               x14, 0(x13)         x14:00000000 x13:1a102004  PA:1a102004
             5653500            5638 1c001fbe ee853533 p.bclr           x10, x10, 23, 8     x10=0000001a x10:0000001a
             5654500            5639 1c001fc2 00f00733 add              x14, x0, x15        x14=1a102000 x15:1a102000
             5655500            5640 1c001fc4 00a7242b p.sw             x10, 8(x14!)        x14=1a102008 x10:0000001a x14:1a102000  PA:1a102000
             5675500            5660 1c001fc8 00b72023 sw               x11, 0(x14)         x11:000000a7 x14:1a102008  PA:1a102008
             5695500            5680 1c001fca 00300713 addi             x14, x0, 3          x14=00000003
             5696500            5681 1c001fcc 00e62023 sw               x14, 0(x12)         x14:00000003 x12:1a10200c  PA:1a10200c
             5716500            5701 1c001fce 0006a703 lw               x14, 0(x13)         x14=00000000 x13:1a102004  PA:1a102004
             5733500            5718 1c001fd0 01078793 addi             x15, x15, 16        x15=1a102010 x15:1a102000
             5734500            5719 1c001fd2 0f077713 andi             x14, x14, 240       x14=00000000 x14:00000000
             5735500            5720 1c001fd6 c0174733 p.bset           x14, x14, 0, 1      x14=00000002 x14:00000000
             5736500            5721 1c001fda 00e6a023 sw               x14, 0(x13)         x14:00000002 x13:1a102004  PA:1a102004
             5756500            5741 1c001fdc 02000713 addi             x14, x0, 32         x14=00000020
             5757500            5742 1c001fe0 00e7a023 sw               x14, 0(x15)         x14:00000020 x15:1a102010  PA:1a102010
             5777500            5762 1c001fe2 00008067 jalr             x0, x1, 0            x1:1c00207a
             5778500            5763 1c00207a 30049073 csrrw            x0, x9, 0x300        x9:00001808
             5795500            5780 1c00207e 66840513 addi             x10, x8, 1640       x10=1c002668  x8:1c002000
             5796500            5781 1c002082 fddff06f jal              x0, -36            
             5814500            5799 1c00205e 00c12083 lw               x1, 12(x2)           x1=1c0017f0  x2:10000930  PA:1000093c
             5831500            5816 1c002060 00812403 lw               x8, 8(x2)            x8=1c2fffe0  x2:10000930  PA:10000938
             5832500            5817 1c002062 00412483 lw               x9, 4(x2)            x9=10000180  x2:10000930  PA:10000934
             5833500            5818 1c002064 01010113 addi             x2, x2, 16           x2=10000940  x2:10000930
             5834500            5819 1c002066 00008067 jalr             x0, x1, 0            x1:1c0017f0
             5836500            5821 1c0017f0 01c12083 lw               x1, 28(x2)           x1=1c000e64  x2:10000940  PA:1000095c
             5837500            5822 1c0017f2 1c0027b7 lui              x15, 0x1c002000     x15=1c002000
             5838500            5823 1c0017f6 66a7ae23 sw               x10, 1660(x15)      x10:1c002668 x15:1c002000  PA:1c00267c
             5856500            5841 1c0017fa 00000513 addi             x10, x0, 0          x10=00000000
             5857500            5842 1c0017fc 02010113 addi             x2, x2, 32           x2=10000960  x2:10000940
             5858500            5843 1c0017fe 00008067 jalr             x0, x1, 0            x1:1c000e64
             5860500            5845 1c000e64 00051363 bne              x10, x0, 6          x10:00000000
             5861500            5846 1c000e66 00842403 lw               x8, 8(x8)            x8=1c2ffff0  x8:1c2fffe0  PA:1c2fffe8
             5875500            5860 1c000e68 febff06f jal              x0, -22            
             5876500            5861 1c000e52 00041663 bne              x8, x0, 12           x8:1c2ffff0
             5879500            5864 1c000e5e 00042783 lw               x15, 0(x8)          x15=1c001324  x8:1c2ffff0  PA:1c2ffff0
             5893500            5878 1c000e60 00442503 lw               x10, 4(x8)          x10=00000000  x8:1c2ffff0  PA:1c2ffff4
             5907500            5892 1c000e62 000780e7 jalr             x1, x15, 0           x1=1c000e64 x15:1c001324
             5913500            5898 1c001324 00400793 addi             x15, x0, 4          x15=00000004
             5914500            5899 1c001328 01800613 addi             x12, x0, 24         x12=00000018
             5915500            5900 1c00132a 02f60633 mul              x12, x12, x15       x12=00000060 x12:00000018 x15:00000004
             5916500            5901 1c00132e fe010113 addi             x2, x2, -32          x2=10000940  x2:10000960
             5933500            5918 1c001330 00100513 addi             x10, x0, 1          x10=00000001
             5934500            5919 1c001332 00112e23 sw               x1, 28(x2)           x1:1c000e64  x2:10000940  PA:1000095c
             5935500            5920 1c001334 00812c23 sw               x8, 24(x2)           x8:1c2ffff0  x2:10000940  PA:10000958
             5936500            5921 1c001336 00912a23 sw               x9, 20(x2)           x9:10000180  x2:10000940  PA:10000954
             5937500            5922 1c001338 00c005b3 add              x11, x0, x12        x11=00000060 x12:00000060
             5938500            5923 1c00133a 00c12623 sw               x12, 12(x2)         x12:00000060  x2:10000940  PA:1000094c
             5939500            5924 1c00133c e95ff0ef jal              x1, -364             x1=1c00133e
             5957500            5942 1c0011d0 00100793 addi             x15, x0, 1          x15=00000001
             5958500            5943 1c0011d2 00a7fa63 bgeu             x15, x10, 20        x15:00000001 x10:00000001
             5961500            5946 1c0011e6 1c0027b7 lui              x15, 0x1c002000     x15=1c002000
             5962500            5947 1c0011ea 00251513 slli             x10, x10, 0x2       x10=00000004 x10:00000001
             5963500            5948 1c0011ec 6a078793 addi             x15, x15, 1696      x15=1c0026a0 x15:1c002000
             5964500            5949 1c0011f0 ff3ff06f jal              x0, -14            
             5966500            5951 1c0011e2 00f50533 add              x10, x10, x15       x10=1c0026a4 x10:00000004 x15:1c0026a0
             5967500            5952 1c0011e4 f6fff06f jal              x0, -146           
             5969500            5954 1c001152 00052783 lw               x15, 0(x10)         x15=1c2d0000 x10:1c0026a4  PA:1c0026a4
             5983500            5968 1c001154 00758593 addi             x11, x11, 7         x11=00000067 x11:00000060
             5984500            5969 1c001156 c405b5b3 p.bclr           x11, x11, 2, 0      x11=00000060 x11:00000067
             5985500            5970 1c00115a 00000693 addi             x13, x0, 0          x13=00000000
             5986500            5971 1c00115c 00078963 beq              x15, x0, 18         x15:1c2d0000
             5987500            5972 1c00115e 0007a703 lw               x14, 0(x15)         x14=0002ffb0 x15:1c2d0000  PA:1c2d0000
             6002500            5987 1c001160 00b74963 blt              x14, x11, 18        x14:0002ffb0 x11:00000060
             6003500            5988 1c001164 00b71c63 bne              x14, x11, 24        x14:0002ffb0 x11:00000060
             6006500            5991 1c00117c 40b70733 sub              x14, x14, x11       x14=0002ff50 x14:0002ffb0 x11:00000060
             6007500            5992 1c00117e 00e7a023 sw               x14, 0(x15)         x14:0002ff50 x15:1c2d0000  PA:1c2d0000
             6025500            6010 1c001180 00e787b3 add              x15, x15, x14       x15=1c2fff50 x15:1c2d0000 x14:0002ff50
             6026500            6011 1c001182 fedff06f jal              x0, -20            
             6028500            6013 1c00116e 00f00533 add              x10, x0, x15        x10=1c2fff50 x15:1c2fff50
             6029500            6014 1c001170 00008067 jalr             x0, x1, 0            x1:1c00133e
             6032500            6017 1c00133e 1c002737 lui              x14, 0x1c002000     x14=1c002000
             6033500            6018 1c001342 6aa72423 sw               x10, 1704(x14)      x10:1c2fff50 x14:1c002000  PA:1c0026a8
             6051500            6036 1c001346 00c12603 lw               x12, 12(x2)         x12=00000060  x2:10000940  PA:1000094c
             6052500            6037 1c001348 00051f63 bne              x10, x0, 30         x10:1c2fff50
             6087500            6072 1c001366 00000593 addi             x11, x0, 0          x11=00000000
             6088500            6073 1c001368 498000ef jal              x1, 1176             x1=1c00136a
             6090500            6075 1c001800 00a60633 add              x12, x12, x10       x12=1c2fffb0 x12:00000060 x10:1c2fff50
             6091500            6076 1c001802 00a007b3 add              x15, x0, x10        x15=1c2fff50 x10:1c2fff50
             6092500            6077 1c001804 00c79363 bne              x15, x12, 6         x15:1c2fff50 x12:1c2fffb0
             6095500            6080 1c00180a 00b780ab p.sb             x11, 1(x15!)        x15=1c2fff51 x11:00000000 x15:1c2fff50  PA:1c2fff50
             6113500            6098 1c00180e ff7ff06f jal              x0, -10            
             6114500            6099 1c001804 00c79363 bne              x15, x12, 6         x15:1c2fff51 x12:1c2fffb0
             6117500            6102 1c00180a 00b780ab p.sb             x11, 1(x15!)        x15=1c2fff52 x11:00000000 x15:1c2fff51  PA:1c2fff51
             6135500            6120 1c00180e ff7ff06f jal              x0, -10            
             6136500            6121 1c001804 00c79363 bne              x15, x12, 6         x15:1c2fff52 x12:1c2fffb0
             6139500            6124 1c00180a 00b780ab p.sb             x11, 1(x15!)        x15=1c2fff53 x11:00000000 x15:1c2fff52  PA:1c2fff52
             6157500            6142 1c00180e ff7ff06f jal              x0, -10            
             6158500            6143 1c001804 00c79363 bne              x15, x12, 6         x15:1c2fff53 x12:1c2fffb0
             6161500            6146 1c00180a 00b780ab p.sb             x11, 1(x15!)        x15=1c2fff54 x11:00000000 x15:1c2fff53  PA:1c2fff53
             6179500            6164 1c00180e ff7ff06f jal              x0, -10            
             6180500            6165 1c001804 00c79363 bne              x15, x12, 6         x15:1c2fff54 x12:1c2fffb0
             6183500            6168 1c00180a 00b780ab p.sb             x11, 1(x15!)        x15=1c2fff55 x11:00000000 x15:1c2fff54  PA:1c2fff54
             6201500            6186 1c00180e ff7ff06f jal              x0, -10            
             6202500            6187 1c001804 00c79363 bne              x15, x12, 6         x15:1c2fff55 x12:1c2fffb0
             6205500            6190 1c00180a 00b780ab p.sb             x11, 1(x15!)        x15=1c2fff56 x11:00000000 x15:1c2fff55  PA:1c2fff55
             6223500            6208 1c00180e ff7ff06f jal              x0, -10            
             6224500            6209 1c001804 00c79363 bne              x15, x12, 6         x15:1c2fff56 x12:1c2fffb0
             6227500            6212 1c00180a 00b780ab p.sb             x11, 1(x15!)        x15=1c2fff57 x11:00000000 x15:1c2fff56  PA:1c2fff56
             6245500            6230 1c00180e ff7ff06f jal              x0, -10            
             6246500            6231 1c001804 00c79363 bne              x15, x12, 6         x15:1c2fff57 x12:1c2fffb0
             6249500            6234 1c00180a 00b780ab p.sb             x11, 1(x15!)        x15=1c2fff58 x11:00000000 x15:1c2fff57  PA:1c2fff57
             6267500            6252 1c00180e ff7ff06f jal              x0, -10            
             6268500            6253 1c001804 00c79363 bne              x15, x12, 6         x15:1c2fff58 x12:1c2fffb0
             6271500            6256 1c00180a 00b780ab p.sb             x11, 1(x15!)        x15=1c2fff59 x11:00000000 x15:1c2fff58  PA:1c2fff58
             6289500            6274 1c00180e ff7ff06f jal              x0, -10            
             6290500            6275 1c001804 00c79363 bne              x15, x12, 6         x15:1c2fff59 x12:1c2fffb0
             6293500            6278 1c00180a 00b780ab p.sb             x11, 1(x15!)        x15=1c2fff5a x11:00000000 x15:1c2fff59  PA:1c2fff59
             6311500            6296 1c00180e ff7ff06f jal              x0, -10            
             6312500            6297 1c001804 00c79363 bne              x15, x12, 6         x15:1c2fff5a x12:1c2fffb0
             6315500            6300 1c00180a 00b780ab p.sb             x11, 1(x15!)        x15=1c2fff5b x11:00000000 x15:1c2fff5a  PA:1c2fff5a
             6333500            6318 1c00180e ff7ff06f jal              x0, -10            
             6334500            6319 1c001804 00c79363 bne              x15, x12, 6         x15:1c2fff5b x12:1c2fffb0
             6337500            6322 1c00180a 00b780ab p.sb             x11, 1(x15!)        x15=1c2fff5c x11:00000000 x15:1c2fff5b  PA:1c2fff5b
             6355500            6340 1c00180e ff7ff06f jal              x0, -10            
             6356500            6341 1c001804 00c79363 bne              x15, x12, 6         x15:1c2fff5c x12:1c2fffb0
             6359500            6344 1c00180a 00b780ab p.sb             x11, 1(x15!)        x15=1c2fff5d x11:00000000 x15:1c2fff5c  PA:1c2fff5c
             6377500            6362 1c00180e ff7ff06f jal              x0, -10            
             6378500            6363 1c001804 00c79363 bne              x15, x12, 6         x15:1c2fff5d x12:1c2fffb0
             6381500            6366 1c00180a 00b780ab p.sb             x11, 1(x15!)        x15=1c2fff5e x11:00000000 x15:1c2fff5d  PA:1c2fff5d
             6399500            6384 1c00180e ff7ff06f jal              x0, -10            
             6400500            6385 1c001804 00c79363 bne              x15, x12, 6         x15:1c2fff5e x12:1c2fffb0
             6403500            6388 1c00180a 00b780ab p.sb             x11, 1(x15!)        x15=1c2fff5f x11:00000000 x15:1c2fff5e  PA:1c2fff5e
             6421500            6406 1c00180e ff7ff06f jal              x0, -10            
             6422500            6407 1c001804 00c79363 bne              x15, x12, 6         x15:1c2fff5f x12:1c2fffb0
             6425500            6410 1c00180a 00b780ab p.sb             x11, 1(x15!)        x15=1c2fff60 x11:00000000 x15:1c2fff5f  PA:1c2fff5f
             6443500            6428 1c00180e ff7ff06f jal              x0, -10            
             6444500            6429 1c001804 00c79363 bne              x15, x12, 6         x15:1c2fff60 x12:1c2fffb0
             6447500            6432 1c00180a 00b780ab p.sb             x11, 1(x15!)        x15=1c2fff61 x11:00000000 x15:1c2fff60  PA:1c2fff60
             6465500            6450 1c00180e ff7ff06f jal              x0, -10            
             6466500            6451 1c001804 00c79363 bne              x15, x12, 6         x15:1c2fff61 x12:1c2fffb0
             6469500            6454 1c00180a 00b780ab p.sb             x11, 1(x15!)        x15=1c2fff62 x11:00000000 x15:1c2fff61  PA:1c2fff61
             6487500            6472 1c00180e ff7ff06f jal              x0, -10            
             6488500            6473 1c001804 00c79363 bne              x15, x12, 6         x15:1c2fff62 x12:1c2fffb0
             6491500            6476 1c00180a 00b780ab p.sb             x11, 1(x15!)        x15=1c2fff63 x11:00000000 x15:1c2fff62  PA:1c2fff62
             6509500            6494 1c00180e ff7ff06f jal              x0, -10            
             6510500            6495 1c001804 00c79363 bne              x15, x12, 6         x15:1c2fff63 x12:1c2fffb0
             6513500            6498 1c00180a 00b780ab p.sb             x11, 1(x15!)        x15=1c2fff64 x11:00000000 x15:1c2fff63  PA:1c2fff63
             6531500            6516 1c00180e ff7ff06f jal              x0, -10            
             6532500            6517 1c001804 00c79363 bne              x15, x12, 6         x15:1c2fff64 x12:1c2fffb0
             6535500            6520 1c00180a 00b780ab p.sb             x11, 1(x15!)        x15=1c2fff65 x11:00000000 x15:1c2fff64  PA:1c2fff64
             6553500            6538 1c00180e ff7ff06f jal              x0, -10            
             6554500            6539 1c001804 00c79363 bne              x15, x12, 6         x15:1c2fff65 x12:1c2fffb0
             6557500            6542 1c00180a 00b780ab p.sb             x11, 1(x15!)        x15=1c2fff66 x11:00000000 x15:1c2fff65  PA:1c2fff65
             6575500            6560 1c00180e ff7ff06f jal              x0, -10            
             6576500            6561 1c001804 00c79363 bne              x15, x12, 6         x15:1c2fff66 x12:1c2fffb0
             6579500            6564 1c00180a 00b780ab p.sb             x11, 1(x15!)        x15=1c2fff67 x11:00000000 x15:1c2fff66  PA:1c2fff66
             6597500            6582 1c00180e ff7ff06f jal              x0, -10            
             6598500            6583 1c001804 00c79363 bne              x15, x12, 6         x15:1c2fff67 x12:1c2fffb0
             6601500            6586 1c00180a 00b780ab p.sb             x11, 1(x15!)        x15=1c2fff68 x11:00000000 x15:1c2fff67  PA:1c2fff67
             6619500            6604 1c00180e ff7ff06f jal              x0, -10            
             6620500            6605 1c001804 00c79363 bne              x15, x12, 6         x15:1c2fff68 x12:1c2fffb0
             6623500            6608 1c00180a 00b780ab p.sb             x11, 1(x15!)        x15=1c2fff69 x11:00000000 x15:1c2fff68  PA:1c2fff68
             6641500            6626 1c00180e ff7ff06f jal              x0, -10            
             6642500            6627 1c001804 00c79363 bne              x15, x12, 6         x15:1c2fff69 x12:1c2fffb0
             6645500            6630 1c00180a 00b780ab p.sb             x11, 1(x15!)        x15=1c2fff6a x11:00000000 x15:1c2fff69  PA:1c2fff69
             6663500            6648 1c00180e ff7ff06f jal              x0, -10            
             6664500            6649 1c001804 00c79363 bne              x15, x12, 6         x15:1c2fff6a x12:1c2fffb0
             6667500            6652 1c00180a 00b780ab p.sb             x11, 1(x15!)        x15=1c2fff6b x11:00000000 x15:1c2fff6a  PA:1c2fff6a
             6685500            6670 1c00180e ff7ff06f jal              x0, -10            
             6686500            6671 1c001804 00c79363 bne              x15, x12, 6         x15:1c2fff6b x12:1c2fffb0
             6689500            6674 1c00180a 00b780ab p.sb             x11, 1(x15!)        x15=1c2fff6c x11:00000000 x15:1c2fff6b  PA:1c2fff6b
             6707500            6692 1c00180e ff7ff06f jal              x0, -10            
             6708500            6693 1c001804 00c79363 bne              x15, x12, 6         x15:1c2fff6c x12:1c2fffb0
             6711500            6696 1c00180a 00b780ab p.sb             x11, 1(x15!)        x15=1c2fff6d x11:00000000 x15:1c2fff6c  PA:1c2fff6c
             6729500            6714 1c00180e ff7ff06f jal              x0, -10            
             6730500            6715 1c001804 00c79363 bne              x15, x12, 6         x15:1c2fff6d x12:1c2fffb0
             6733500            6718 1c00180a 00b780ab p.sb             x11, 1(x15!)        x15=1c2fff6e x11:00000000 x15:1c2fff6d  PA:1c2fff6d
             6751500            6736 1c00180e ff7ff06f jal              x0, -10            
             6752500            6737 1c001804 00c79363 bne              x15, x12, 6         x15:1c2fff6e x12:1c2fffb0
             6755500            6740 1c00180a 00b780ab p.sb             x11, 1(x15!)        x15=1c2fff6f x11:00000000 x15:1c2fff6e  PA:1c2fff6e
             6773500            6758 1c00180e ff7ff06f jal              x0, -10            
             6774500            6759 1c001804 00c79363 bne              x15, x12, 6         x15:1c2fff6f x12:1c2fffb0
             6777500            6762 1c00180a 00b780ab p.sb             x11, 1(x15!)        x15=1c2fff70 x11:00000000 x15:1c2fff6f  PA:1c2fff6f
             6795500            6780 1c00180e ff7ff06f jal              x0, -10            
             6796500            6781 1c001804 00c79363 bne              x15, x12, 6         x15:1c2fff70 x12:1c2fffb0
             6799500            6784 1c00180a 00b780ab p.sb             x11, 1(x15!)        x15=1c2fff71 x11:00000000 x15:1c2fff70  PA:1c2fff70
             6817500            6802 1c00180e ff7ff06f jal              x0, -10            
             6818500            6803 1c001804 00c79363 bne              x15, x12, 6         x15:1c2fff71 x12:1c2fffb0
             6821500            6806 1c00180a 00b780ab p.sb             x11, 1(x15!)        x15=1c2fff72 x11:00000000 x15:1c2fff71  PA:1c2fff71
             6839500            6824 1c00180e ff7ff06f jal              x0, -10            
             6840500            6825 1c001804 00c79363 bne              x15, x12, 6         x15:1c2fff72 x12:1c2fffb0
             6843500            6828 1c00180a 00b780ab p.sb             x11, 1(x15!)        x15=1c2fff73 x11:00000000 x15:1c2fff72  PA:1c2fff72
             6861500            6846 1c00180e ff7ff06f jal              x0, -10            
             6862500            6847 1c001804 00c79363 bne              x15, x12, 6         x15:1c2fff73 x12:1c2fffb0
             6865500            6850 1c00180a 00b780ab p.sb             x11, 1(x15!)        x15=1c2fff74 x11:00000000 x15:1c2fff73  PA:1c2fff73
             6883500            6868 1c00180e ff7ff06f jal              x0, -10            
             6884500            6869 1c001804 00c79363 bne              x15, x12, 6         x15:1c2fff74 x12:1c2fffb0
             6887500            6872 1c00180a 00b780ab p.sb             x11, 1(x15!)        x15=1c2fff75 x11:00000000 x15:1c2fff74  PA:1c2fff74
             6905500            6890 1c00180e ff7ff06f jal              x0, -10            
             6906500            6891 1c001804 00c79363 bne              x15, x12, 6         x15:1c2fff75 x12:1c2fffb0
             6909500            6894 1c00180a 00b780ab p.sb             x11, 1(x15!)        x15=1c2fff76 x11:00000000 x15:1c2fff75  PA:1c2fff75
             6927500            6912 1c00180e ff7ff06f jal              x0, -10            
             6928500            6913 1c001804 00c79363 bne              x15, x12, 6         x15:1c2fff76 x12:1c2fffb0
             6931500            6916 1c00180a 00b780ab p.sb             x11, 1(x15!)        x15=1c2fff77 x11:00000000 x15:1c2fff76  PA:1c2fff76
             6949500            6934 1c00180e ff7ff06f jal              x0, -10            
             6950500            6935 1c001804 00c79363 bne              x15, x12, 6         x15:1c2fff77 x12:1c2fffb0
             6953500            6938 1c00180a 00b780ab p.sb             x11, 1(x15!)        x15=1c2fff78 x11:00000000 x15:1c2fff77  PA:1c2fff77
             6971500            6956 1c00180e ff7ff06f jal              x0, -10            
             6972500            6957 1c001804 00c79363 bne              x15, x12, 6         x15:1c2fff78 x12:1c2fffb0
             6975500            6960 1c00180a 00b780ab p.sb             x11, 1(x15!)        x15=1c2fff79 x11:00000000 x15:1c2fff78  PA:1c2fff78
             6993500            6978 1c00180e ff7ff06f jal              x0, -10            
             6994500            6979 1c001804 00c79363 bne              x15, x12, 6         x15:1c2fff79 x12:1c2fffb0
             6997500            6982 1c00180a 00b780ab p.sb             x11, 1(x15!)        x15=1c2fff7a x11:00000000 x15:1c2fff79  PA:1c2fff79
             7015500            7000 1c00180e ff7ff06f jal              x0, -10            
             7016500            7001 1c001804 00c79363 bne              x15, x12, 6         x15:1c2fff7a x12:1c2fffb0
             7019500            7004 1c00180a 00b780ab p.sb             x11, 1(x15!)        x15=1c2fff7b x11:00000000 x15:1c2fff7a  PA:1c2fff7a
             7037500            7022 1c00180e ff7ff06f jal              x0, -10            
             7038500            7023 1c001804 00c79363 bne              x15, x12, 6         x15:1c2fff7b x12:1c2fffb0
             7041500            7026 1c00180a 00b780ab p.sb             x11, 1(x15!)        x15=1c2fff7c x11:00000000 x15:1c2fff7b  PA:1c2fff7b
             7059500            7044 1c00180e ff7ff06f jal              x0, -10            
             7060500            7045 1c001804 00c79363 bne              x15, x12, 6         x15:1c2fff7c x12:1c2fffb0
             7063500            7048 1c00180a 00b780ab p.sb             x11, 1(x15!)        x15=1c2fff7d x11:00000000 x15:1c2fff7c  PA:1c2fff7c
             7081500            7066 1c00180e ff7ff06f jal              x0, -10            
             7082500            7067 1c001804 00c79363 bne              x15, x12, 6         x15:1c2fff7d x12:1c2fffb0
             7085500            7070 1c00180a 00b780ab p.sb             x11, 1(x15!)        x15=1c2fff7e x11:00000000 x15:1c2fff7d  PA:1c2fff7d
             7103500            7088 1c00180e ff7ff06f jal              x0, -10            
             7104500            7089 1c001804 00c79363 bne              x15, x12, 6         x15:1c2fff7e x12:1c2fffb0
             7107500            7092 1c00180a 00b780ab p.sb             x11, 1(x15!)        x15=1c2fff7f x11:00000000 x15:1c2fff7e  PA:1c2fff7e
             7125500            7110 1c00180e ff7ff06f jal              x0, -10            
             7126500            7111 1c001804 00c79363 bne              x15, x12, 6         x15:1c2fff7f x12:1c2fffb0
             7129500            7114 1c00180a 00b780ab p.sb             x11, 1(x15!)        x15=1c2fff80 x11:00000000 x15:1c2fff7f  PA:1c2fff7f
             7147500            7132 1c00180e ff7ff06f jal              x0, -10            
             7148500            7133 1c001804 00c79363 bne              x15, x12, 6         x15:1c2fff80 x12:1c2fffb0
             7151500            7136 1c00180a 00b780ab p.sb             x11, 1(x15!)        x15=1c2fff81 x11:00000000 x15:1c2fff80  PA:1c2fff80
             7169500            7154 1c00180e ff7ff06f jal              x0, -10            
             7170500            7155 1c001804 00c79363 bne              x15, x12, 6         x15:1c2fff81 x12:1c2fffb0
             7173500            7158 1c00180a 00b780ab p.sb             x11, 1(x15!)        x15=1c2fff82 x11:00000000 x15:1c2fff81  PA:1c2fff81
             7191500            7176 1c00180e ff7ff06f jal              x0, -10            
             7192500            7177 1c001804 00c79363 bne              x15, x12, 6         x15:1c2fff82 x12:1c2fffb0
             7195500            7180 1c00180a 00b780ab p.sb             x11, 1(x15!)        x15=1c2fff83 x11:00000000 x15:1c2fff82  PA:1c2fff82
             7213500            7198 1c00180e ff7ff06f jal              x0, -10            
             7214500            7199 1c001804 00c79363 bne              x15, x12, 6         x15:1c2fff83 x12:1c2fffb0
             7217500            7202 1c00180a 00b780ab p.sb             x11, 1(x15!)        x15=1c2fff84 x11:00000000 x15:1c2fff83  PA:1c2fff83
             7235500            7220 1c00180e ff7ff06f jal              x0, -10            
             7236500            7221 1c001804 00c79363 bne              x15, x12, 6         x15:1c2fff84 x12:1c2fffb0
             7239500            7224 1c00180a 00b780ab p.sb             x11, 1(x15!)        x15=1c2fff85 x11:00000000 x15:1c2fff84  PA:1c2fff84
             7257500            7242 1c00180e ff7ff06f jal              x0, -10            
             7258500            7243 1c001804 00c79363 bne              x15, x12, 6         x15:1c2fff85 x12:1c2fffb0
             7261500            7246 1c00180a 00b780ab p.sb             x11, 1(x15!)        x15=1c2fff86 x11:00000000 x15:1c2fff85  PA:1c2fff85
             7279500            7264 1c00180e ff7ff06f jal              x0, -10            
             7280500            7265 1c001804 00c79363 bne              x15, x12, 6         x15:1c2fff86 x12:1c2fffb0
             7283500            7268 1c00180a 00b780ab p.sb             x11, 1(x15!)        x15=1c2fff87 x11:00000000 x15:1c2fff86  PA:1c2fff86
             7301500            7286 1c00180e ff7ff06f jal              x0, -10            
             7302500            7287 1c001804 00c79363 bne              x15, x12, 6         x15:1c2fff87 x12:1c2fffb0
             7305500            7290 1c00180a 00b780ab p.sb             x11, 1(x15!)        x15=1c2fff88 x11:00000000 x15:1c2fff87  PA:1c2fff87
             7323500            7308 1c00180e ff7ff06f jal              x0, -10            
             7324500            7309 1c001804 00c79363 bne              x15, x12, 6         x15:1c2fff88 x12:1c2fffb0
             7327500            7312 1c00180a 00b780ab p.sb             x11, 1(x15!)        x15=1c2fff89 x11:00000000 x15:1c2fff88  PA:1c2fff88
             7345500            7330 1c00180e ff7ff06f jal              x0, -10            
             7346500            7331 1c001804 00c79363 bne              x15, x12, 6         x15:1c2fff89 x12:1c2fffb0
             7349500            7334 1c00180a 00b780ab p.sb             x11, 1(x15!)        x15=1c2fff8a x11:00000000 x15:1c2fff89  PA:1c2fff89
             7367500            7352 1c00180e ff7ff06f jal              x0, -10            
             7368500            7353 1c001804 00c79363 bne              x15, x12, 6         x15:1c2fff8a x12:1c2fffb0
             7371500            7356 1c00180a 00b780ab p.sb             x11, 1(x15!)        x15=1c2fff8b x11:00000000 x15:1c2fff8a  PA:1c2fff8a
             7389500            7374 1c00180e ff7ff06f jal              x0, -10            
             7390500            7375 1c001804 00c79363 bne              x15, x12, 6         x15:1c2fff8b x12:1c2fffb0
             7393500            7378 1c00180a 00b780ab p.sb             x11, 1(x15!)        x15=1c2fff8c x11:00000000 x15:1c2fff8b  PA:1c2fff8b
             7411500            7396 1c00180e ff7ff06f jal              x0, -10            
             7412500            7397 1c001804 00c79363 bne              x15, x12, 6         x15:1c2fff8c x12:1c2fffb0
             7415500            7400 1c00180a 00b780ab p.sb             x11, 1(x15!)        x15=1c2fff8d x11:00000000 x15:1c2fff8c  PA:1c2fff8c
             7433500            7418 1c00180e ff7ff06f jal              x0, -10            
             7434500            7419 1c001804 00c79363 bne              x15, x12, 6         x15:1c2fff8d x12:1c2fffb0
             7437500            7422 1c00180a 00b780ab p.sb             x11, 1(x15!)        x15=1c2fff8e x11:00000000 x15:1c2fff8d  PA:1c2fff8d
             7455500            7440 1c00180e ff7ff06f jal              x0, -10            
             7456500            7441 1c001804 00c79363 bne              x15, x12, 6         x15:1c2fff8e x12:1c2fffb0
             7459500            7444 1c00180a 00b780ab p.sb             x11, 1(x15!)        x15=1c2fff8f x11:00000000 x15:1c2fff8e  PA:1c2fff8e
             7477500            7462 1c00180e ff7ff06f jal              x0, -10            
             7478500            7463 1c001804 00c79363 bne              x15, x12, 6         x15:1c2fff8f x12:1c2fffb0
             7481500            7466 1c00180a 00b780ab p.sb             x11, 1(x15!)        x15=1c2fff90 x11:00000000 x15:1c2fff8f  PA:1c2fff8f
             7499500            7484 1c00180e ff7ff06f jal              x0, -10            
             7500500            7485 1c001804 00c79363 bne              x15, x12, 6         x15:1c2fff90 x12:1c2fffb0
             7503500            7488 1c00180a 00b780ab p.sb             x11, 1(x15!)        x15=1c2fff91 x11:00000000 x15:1c2fff90  PA:1c2fff90
             7521500            7506 1c00180e ff7ff06f jal              x0, -10            
             7522500            7507 1c001804 00c79363 bne              x15, x12, 6         x15:1c2fff91 x12:1c2fffb0
             7525500            7510 1c00180a 00b780ab p.sb             x11, 1(x15!)        x15=1c2fff92 x11:00000000 x15:1c2fff91  PA:1c2fff91
             7543500            7528 1c00180e ff7ff06f jal              x0, -10            
             7544500            7529 1c001804 00c79363 bne              x15, x12, 6         x15:1c2fff92 x12:1c2fffb0
             7547500            7532 1c00180a 00b780ab p.sb             x11, 1(x15!)        x15=1c2fff93 x11:00000000 x15:1c2fff92  PA:1c2fff92
             7565500            7550 1c00180e ff7ff06f jal              x0, -10            
             7566500            7551 1c001804 00c79363 bne              x15, x12, 6         x15:1c2fff93 x12:1c2fffb0
             7569500            7554 1c00180a 00b780ab p.sb             x11, 1(x15!)        x15=1c2fff94 x11:00000000 x15:1c2fff93  PA:1c2fff93
             7587500            7572 1c00180e ff7ff06f jal              x0, -10            
             7588500            7573 1c001804 00c79363 bne              x15, x12, 6         x15:1c2fff94 x12:1c2fffb0
             7591500            7576 1c00180a 00b780ab p.sb             x11, 1(x15!)        x15=1c2fff95 x11:00000000 x15:1c2fff94  PA:1c2fff94
             7609500            7594 1c00180e ff7ff06f jal              x0, -10            
             7610500            7595 1c001804 00c79363 bne              x15, x12, 6         x15:1c2fff95 x12:1c2fffb0
             7613500            7598 1c00180a 00b780ab p.sb             x11, 1(x15!)        x15=1c2fff96 x11:00000000 x15:1c2fff95  PA:1c2fff95
             7631500            7616 1c00180e ff7ff06f jal              x0, -10            
             7632500            7617 1c001804 00c79363 bne              x15, x12, 6         x15:1c2fff96 x12:1c2fffb0
             7635500            7620 1c00180a 00b780ab p.sb             x11, 1(x15!)        x15=1c2fff97 x11:00000000 x15:1c2fff96  PA:1c2fff96
             7653500            7638 1c00180e ff7ff06f jal              x0, -10            
             7654500            7639 1c001804 00c79363 bne              x15, x12, 6         x15:1c2fff97 x12:1c2fffb0
             7657500            7642 1c00180a 00b780ab p.sb             x11, 1(x15!)        x15=1c2fff98 x11:00000000 x15:1c2fff97  PA:1c2fff97
             7675500            7660 1c00180e ff7ff06f jal              x0, -10            
             7676500            7661 1c001804 00c79363 bne              x15, x12, 6         x15:1c2fff98 x12:1c2fffb0
             7679500            7664 1c00180a 00b780ab p.sb             x11, 1(x15!)        x15=1c2fff99 x11:00000000 x15:1c2fff98  PA:1c2fff98
             7697500            7682 1c00180e ff7ff06f jal              x0, -10            
             7698500            7683 1c001804 00c79363 bne              x15, x12, 6         x15:1c2fff99 x12:1c2fffb0
             7701500            7686 1c00180a 00b780ab p.sb             x11, 1(x15!)        x15=1c2fff9a x11:00000000 x15:1c2fff99  PA:1c2fff99
             7719500            7704 1c00180e ff7ff06f jal              x0, -10            
             7720500            7705 1c001804 00c79363 bne              x15, x12, 6         x15:1c2fff9a x12:1c2fffb0
             7723500            7708 1c00180a 00b780ab p.sb             x11, 1(x15!)        x15=1c2fff9b x11:00000000 x15:1c2fff9a  PA:1c2fff9a
             7741500            7726 1c00180e ff7ff06f jal              x0, -10            
             7742500            7727 1c001804 00c79363 bne              x15, x12, 6         x15:1c2fff9b x12:1c2fffb0
             7745500            7730 1c00180a 00b780ab p.sb             x11, 1(x15!)        x15=1c2fff9c x11:00000000 x15:1c2fff9b  PA:1c2fff9b
             7763500            7748 1c00180e ff7ff06f jal              x0, -10            
             7764500            7749 1c001804 00c79363 bne              x15, x12, 6         x15:1c2fff9c x12:1c2fffb0
             7767500            7752 1c00180a 00b780ab p.sb             x11, 1(x15!)        x15=1c2fff9d x11:00000000 x15:1c2fff9c  PA:1c2fff9c
             7785500            7770 1c00180e ff7ff06f jal              x0, -10            
             7786500            7771 1c001804 00c79363 bne              x15, x12, 6         x15:1c2fff9d x12:1c2fffb0
             7789500            7774 1c00180a 00b780ab p.sb             x11, 1(x15!)        x15=1c2fff9e x11:00000000 x15:1c2fff9d  PA:1c2fff9d
             7807500            7792 1c00180e ff7ff06f jal              x0, -10            
             7808500            7793 1c001804 00c79363 bne              x15, x12, 6         x15:1c2fff9e x12:1c2fffb0
             7811500            7796 1c00180a 00b780ab p.sb             x11, 1(x15!)        x15=1c2fff9f x11:00000000 x15:1c2fff9e  PA:1c2fff9e
             7829500            7814 1c00180e ff7ff06f jal              x0, -10            
             7830500            7815 1c001804 00c79363 bne              x15, x12, 6         x15:1c2fff9f x12:1c2fffb0
             7833500            7818 1c00180a 00b780ab p.sb             x11, 1(x15!)        x15=1c2fffa0 x11:00000000 x15:1c2fff9f  PA:1c2fff9f
             7851500            7836 1c00180e ff7ff06f jal              x0, -10            
             7852500            7837 1c001804 00c79363 bne              x15, x12, 6         x15:1c2fffa0 x12:1c2fffb0
             7855500            7840 1c00180a 00b780ab p.sb             x11, 1(x15!)        x15=1c2fffa1 x11:00000000 x15:1c2fffa0  PA:1c2fffa0
             7873500            7858 1c00180e ff7ff06f jal              x0, -10            
             7874500            7859 1c001804 00c79363 bne              x15, x12, 6         x15:1c2fffa1 x12:1c2fffb0
             7877500            7862 1c00180a 00b780ab p.sb             x11, 1(x15!)        x15=1c2fffa2 x11:00000000 x15:1c2fffa1  PA:1c2fffa1
             7895500            7880 1c00180e ff7ff06f jal              x0, -10            
             7896500            7881 1c001804 00c79363 bne              x15, x12, 6         x15:1c2fffa2 x12:1c2fffb0
             7899500            7884 1c00180a 00b780ab p.sb             x11, 1(x15!)        x15=1c2fffa3 x11:00000000 x15:1c2fffa2  PA:1c2fffa2
             7917500            7902 1c00180e ff7ff06f jal              x0, -10            
             7918500            7903 1c001804 00c79363 bne              x15, x12, 6         x15:1c2fffa3 x12:1c2fffb0
             7921500            7906 1c00180a 00b780ab p.sb             x11, 1(x15!)        x15=1c2fffa4 x11:00000000 x15:1c2fffa3  PA:1c2fffa3
             7939500            7924 1c00180e ff7ff06f jal              x0, -10            
             7940500            7925 1c001804 00c79363 bne              x15, x12, 6         x15:1c2fffa4 x12:1c2fffb0
             7943500            7928 1c00180a 00b780ab p.sb             x11, 1(x15!)        x15=1c2fffa5 x11:00000000 x15:1c2fffa4  PA:1c2fffa4
             7961500            7946 1c00180e ff7ff06f jal              x0, -10            
             7962500            7947 1c001804 00c79363 bne              x15, x12, 6         x15:1c2fffa5 x12:1c2fffb0
             7965500            7950 1c00180a 00b780ab p.sb             x11, 1(x15!)        x15=1c2fffa6 x11:00000000 x15:1c2fffa5  PA:1c2fffa5
             7983500            7968 1c00180e ff7ff06f jal              x0, -10            
             7984500            7969 1c001804 00c79363 bne              x15, x12, 6         x15:1c2fffa6 x12:1c2fffb0
             7987500            7972 1c00180a 00b780ab p.sb             x11, 1(x15!)        x15=1c2fffa7 x11:00000000 x15:1c2fffa6  PA:1c2fffa6
             8005500            7990 1c00180e ff7ff06f jal              x0, -10            
             8006500            7991 1c001804 00c79363 bne              x15, x12, 6         x15:1c2fffa7 x12:1c2fffb0
             8009500            7994 1c00180a 00b780ab p.sb             x11, 1(x15!)        x15=1c2fffa8 x11:00000000 x15:1c2fffa7  PA:1c2fffa7
             8027500            8012 1c00180e ff7ff06f jal              x0, -10            
             8028500            8013 1c001804 00c79363 bne              x15, x12, 6         x15:1c2fffa8 x12:1c2fffb0
             8031500            8016 1c00180a 00b780ab p.sb             x11, 1(x15!)        x15=1c2fffa9 x11:00000000 x15:1c2fffa8  PA:1c2fffa8
             8049500            8034 1c00180e ff7ff06f jal              x0, -10            
             8050500            8035 1c001804 00c79363 bne              x15, x12, 6         x15:1c2fffa9 x12:1c2fffb0
             8053500            8038 1c00180a 00b780ab p.sb             x11, 1(x15!)        x15=1c2fffaa x11:00000000 x15:1c2fffa9  PA:1c2fffa9
             8071500            8056 1c00180e ff7ff06f jal              x0, -10            
             8072500            8057 1c001804 00c79363 bne              x15, x12, 6         x15:1c2fffaa x12:1c2fffb0
             8075500            8060 1c00180a 00b780ab p.sb             x11, 1(x15!)        x15=1c2fffab x11:00000000 x15:1c2fffaa  PA:1c2fffaa
             8093500            8078 1c00180e ff7ff06f jal              x0, -10            
             8094500            8079 1c001804 00c79363 bne              x15, x12, 6         x15:1c2fffab x12:1c2fffb0
             8097500            8082 1c00180a 00b780ab p.sb             x11, 1(x15!)        x15=1c2fffac x11:00000000 x15:1c2fffab  PA:1c2fffab
             8115500            8100 1c00180e ff7ff06f jal              x0, -10            
             8116500            8101 1c001804 00c79363 bne              x15, x12, 6         x15:1c2fffac x12:1c2fffb0
             8119500            8104 1c00180a 00b780ab p.sb             x11, 1(x15!)        x15=1c2fffad x11:00000000 x15:1c2fffac  PA:1c2fffac
             8137500            8122 1c00180e ff7ff06f jal              x0, -10            
             8138500            8123 1c001804 00c79363 bne              x15, x12, 6         x15:1c2fffad x12:1c2fffb0
             8141500            8126 1c00180a 00b780ab p.sb             x11, 1(x15!)        x15=1c2fffae x11:00000000 x15:1c2fffad  PA:1c2fffad
             8159500            8144 1c00180e ff7ff06f jal              x0, -10            
             8160500            8145 1c001804 00c79363 bne              x15, x12, 6         x15:1c2fffae x12:1c2fffb0
             8163500            8148 1c00180a 00b780ab p.sb             x11, 1(x15!)        x15=1c2fffaf x11:00000000 x15:1c2fffae  PA:1c2fffae
             8181500            8166 1c00180e ff7ff06f jal              x0, -10            
             8182500            8167 1c001804 00c79363 bne              x15, x12, 6         x15:1c2fffaf x12:1c2fffb0
             8185500            8170 1c00180a 00b780ab p.sb             x11, 1(x15!)        x15=1c2fffb0 x11:00000000 x15:1c2fffaf  PA:1c2fffaf
             8203500            8188 1c00180e ff7ff06f jal              x0, -10            
             8204500            8189 1c001804 00c79363 bne              x15, x12, 6         x15:1c2fffb0 x12:1c2fffb0
             8205500            8190 1c001808 00008067 jalr             x0, x1, 0            x1:1c00136a
             8207500            8192 1c00136a 1c0005b7 lui              x11, 0x1c000000     x11=1c000000
             8225500            8210 1c00136e 17258593 addi             x11, x11, 370       x11=1c000172 x11:1c000000
             8226500            8211 1c001372 00100513 addi             x10, x0, 1          x10=00000001
             8227500            8212 1c001374 9edff0ef jal              x1, -1556            x1=1c001376
             8245500            8230 1c000d60 1b2007b7 lui              x15, 0x1b200000     x15=1b200000
             8246500            8231 1c000d64 0407a703 lw               x14, 64(x15)        x14=1c000000 x15:1b200000  PA:1b200040
             8250500            8235 1c000d66 00251513 slli             x10, x10, 0x2       x10=00000004 x10:00000001
             8251500            8236 1c000d68 06f00793 addi             x15, x0, 111        x15=0000006f
             8252500            8237 1c000d6c 40e585b3 sub              x11, x11, x14       x11=00000172 x11:1c000172 x14:1c000000
             8253500            8238 1c000d6e 40a585b3 sub              x11, x11, x10       x11=0000016e x11:00000172 x10:00000004
             8269500            8254 1c000d70 c14586b3 p.extract        x13, x11, 0, 20     x13=00000000 x11:0000016e
             8270500            8255 1c000d74 c1f6a7b3 p.insert         x15, x13, 0, 31     x15=0000006f x15:0000006f x13:00000000
             8271500            8256 1c000d78 d21586b3 p.extract        x13, x11, 9, 1      x13=000000b7 x11:0000016e
             8272500            8257 1c000d7c d356a7b3 p.insert         x15, x13, 9, 21     x15=16e0006f x15:0000006f x13:000000b7
             8289500            8274 1c000d80 c0b586b3 p.extract        x13, x11, 0, 11     x13=00000000 x11:0000016e
             8290500            8275 1c000d84 c146a7b3 p.insert         x15, x13, 0, 20     x15=16e0006f x15:16e0006f x13:00000000
             8291500            8276 1c000d88 cec585b3 p.extract        x11, x11, 7, 12     x11=00000000 x11:0000016e
             8292500            8277 1c000d8c cec5a7b3 p.insert         x15, x11, 7, 12     x15=16e0006f x15:16e0006f x11:00000000
             8309500            8294 1c000d90 00f56723 p.sw             x15, x0(x10)        x15:16e0006f x10:00000004  PA:1c000004
             8327500            8312 1c000d94 00008067 jalr             x0, x1, 0            x1:1c001376
             8328500            8313 1c001376 1b204437 lui              x8, 0x1b204000       x8=1b204000
             8329500            8314 1c00137a 01440493 addi             x9, x8, 20           x9=1b204014  x8:1b204000
             8330500            8315 1c00137e 00200793 addi             x15, x0, 2          x15=00000002
             8347500            8332 1c001380 00f4a023 sw               x15, 0(x9)          x15:00000002  x9:1b204014  PA:1b204014
             8348500            8333 1c001382 00f42423 sw               x15, 8(x8)          x15:00000002  x8:1b204000  PA:1b204008
             8349500            8334 1c001384 1c0005b7 lui              x11, 0x1c000000     x11=1c000000
             8350500            8335 1c001388 13a58593 addi             x11, x11, 314       x11=1c00013a x11:1c000000
             8351500            8336 1c00138c 00400513 addi             x10, x0, 4          x10=00000004
             8352500            8337 1c00138e 9d3ff0ef jal              x1, -1582            x1=1c001390
             8369500            8354 1c000d60 1b2007b7 lui              x15, 0x1b200000     x15=1b200000
             8370500            8355 1c000d64 0407a703 lw               x14, 64(x15)        x14=1c000000 x15:1b200000  PA:1b200040
             8374500            8359 1c000d66 00251513 slli             x10, x10, 0x2       x10=00000010 x10:00000004
             8375500            8360 1c000d68 06f00793 addi             x15, x0, 111        x15=0000006f
             8376500            8361 1c000d6c 40e585b3 sub              x11, x11, x14       x11=0000013a x11:1c00013a x14:1c000000
             8377500            8362 1c000d6e 40a585b3 sub              x11, x11, x10       x11=0000012a x11:0000013a x10:00000010
             8378500            8363 1c000d70 c14586b3 p.extract        x13, x11, 0, 20     x13=00000000 x11:0000012a
             8379500            8364 1c000d74 c1f6a7b3 p.insert         x15, x13, 0, 31     x15=0000006f x15:0000006f x13:00000000
             8380500            8365 1c000d78 d21586b3 p.extract        x13, x11, 9, 1      x13=00000095 x11:0000012a
             8381500            8366 1c000d7c d356a7b3 p.insert         x15, x13, 9, 21     x15=12a0006f x15:0000006f x13:00000095
             8382500            8367 1c000d80 c0b586b3 p.extract        x13, x11, 0, 11     x13=00000000 x11:0000012a
             8383500            8368 1c000d84 c146a7b3 p.insert         x15, x13, 0, 20     x15=12a0006f x15:12a0006f x13:00000000
             8384500            8369 1c000d88 cec585b3 p.extract        x11, x11, 7, 12     x11=00000000 x11:0000012a
             8385500            8370 1c000d8c cec5a7b3 p.insert         x15, x11, 7, 12     x15=12a0006f x15:12a0006f x11:00000000
             8386500            8371 1c000d90 00f56723 p.sw             x15, x0(x10)        x15:12a0006f x10:00000010  PA:1c000010
             8404500            8389 1c000d94 00008067 jalr             x0, x1, 0            x1:1c001390
             8405500            8390 1c001390 01000793 addi             x15, x0, 16         x15=00000010
             8406500            8391 1c001392 00f4a023 sw               x15, 0(x9)          x15:00000010  x9:1b204014  PA:1b204014
             8407500            8392 1c001394 00f42423 sw               x15, 8(x8)          x15:00000010  x8:1b204000  PA:1b204008
             8408500            8393 1c001396 01c12083 lw               x1, 28(x2)           x1=1c000e64  x2:10000940  PA:1000095c
             8409500            8394 1c001398 01812403 lw               x8, 24(x2)           x8=1c2ffff0  x2:10000940  PA:10000958
             8410500            8395 1c00139a 01412483 lw               x9, 20(x2)           x9=10000180  x2:10000940  PA:10000954
             8411500            8396 1c00139c 00000513 addi             x10, x0, 0          x10=00000000
             8412500            8397 1c00139e 02010113 addi             x2, x2, 32           x2=10000960  x2:10000940
             8428500            8413 1c0013a0 00008067 jalr             x0, x1, 0            x1:1c000e64
             8430500            8415 1c000e64 00051363 bne              x10, x0, 6          x10:00000000
             8431500            8416 1c000e66 00842403 lw               x8, 8(x8)            x8=00000000  x8:1c2ffff0  PA:1c2ffff8
             8445500            8430 1c000e68 febff06f jal              x0, -22            
             8446500            8431 1c000e52 00041663 bne              x8, x0, 12           x8:00000000
             8447500            8432 1c000e54 00000513 addi             x10, x0, 0          x10=00000000
             8448500            8433 1c000e56 00c12083 lw               x1, 12(x2)           x1=1c000caa  x2:10000960  PA:1000096c
             8449500            8434 1c000e58 00812403 lw               x8, 8(x2)            x8=10000990  x2:10000960  PA:10000968
             8450500            8435 1c000e5a 01010113 addi             x2, x2, 16           x2=10000970  x2:10000960
             8451500            8436 1c000e5c 00008067 jalr             x0, x1, 0            x1:1c000caa
             8453500            8438 1c000caa 02051e63 bne              x10, x0, 60         x10:00000000
             8454500            8439 1c000cac 00000793 addi             x15, x0, 0          x15=00000000
             8471500            8456 1c000cb0 fc17b7b3 p.bclr           x15, x15, 30, 1     x15=00000000 x15:00000000
             8472500            8457 1c000cb4 06078763 beq              x15, x0, 110        x15:00000000
             8491500            8476 1c000d22 00000593 addi             x11, x0, 0          x11=00000000
             8492500            8477 1c000d24 e7fff0ef jal              x1, -386             x1=1c000d26
             8510500            8495 1c000ba2 fd010113 addi             x2, x2, -48          x2=10000940  x2:10000970
             8511500            8496 1c000ba4 02812423 sw               x8, 40(x2)           x8:10000990  x2:10000940  PA:10000968
             8512500            8497 1c000ba6 02912223 sw               x9, 36(x2)           x9:10000180  x2:10000940  PA:10000964
             8513500            8498 1c000ba8 03212023 sw               x18, 32(x2)         x18:00000000  x2:10000940  PA:10000960
             8514500            8499 1c000baa 01312e23 sw               x19, 28(x2)         x19:00000000  x2:10000940  PA:1000095c
             8515500            8500 1c000bac 01412c23 sw               x20, 24(x2)         x20:00000000  x2:10000940  PA:10000958
             8516500            8501 1c000bae 01512a23 sw               x21, 20(x2)         x21:00000000  x2:10000940  PA:10000954
             8532500            8517 1c000bb0 f1402773 csrrs            x14, x0, 0xf14      x14=00000000
             8533500            8518 1c000bb4 000019b7 lui              x19, 0x1000         x19=00001000
             8534500            8519 1c000bb6 02112623 sw               x1, 44(x2)           x1:1c000d26  x2:10000940  PA:1000096c
             8535500            8520 1c000bb8 01612823 sw               x22, 16(x2)         x22:00000000  x2:10000940  PA:10000950
             8536500            8521 1c000bba ca571733 p.extractu       x14, x14, 5, 5      x14=00000000 x14:00000000
             8537500            8522 1c000bbe 00a00433 add              x8, x0, x10          x8=00000000 x10:00000000
             8554500            8539 1c000bc0 00250a13 addi             x20, x10, 2         x20=00000002 x10:00000000
             8555500            8540 1c000bc4 80098493 addi             x9, x19, -2048       x9=00000800 x19:00001000
             8556500            8541 1c000bc8 00800913 addi             x18, x0, 8          x18=00000008
             8557500            8542 1c000bcc 04a70f63 beq              x14, x10, 94        x14:00000000 x10:00000000
             8591500            8576 1c000c2a 00a005b3 add              x11, x0, x10        x11=00000000 x10:00000000
             8592500            8577 1c000c2c 00000693 addi             x13, x0, 0          x13=00000000
             8593500            8578 1c000c2e 00100513 addi             x10, x0, 1          x10=00000001
             8609500            8594 1c000c30 00000613 addi             x12, x0, 0          x12=00000000
             8610500            8595 1c000c32 770000ef jal              x1, 1904             x1=1c000c36
             8612500            8597 1c0013a2 fd010113 addi             x2, x2, -48          x2=10000910  x2:10000940
             8613500            8598 1c0013a4 02812423 sw               x8, 40(x2)           x8:00000000  x2:10000910  PA:10000938
             8614500            8599 1c0013a6 00b00433 add              x8, x0, x11          x8=00000000 x11:00000000
             8615500            8600 1c0013a8 02112623 sw               x1, 44(x2)           x1:1c000c36  x2:10000910  PA:1000093c
             8616500            8601 1c0013aa 02912223 sw               x9, 36(x2)           x9:00000800  x2:10000910  PA:10000934
             8617500            8602 1c0013ac 03212023 sw               x18, 32(x2)         x18:00000008  x2:10000910  PA:10000930
             8618500            8603 1c0013ae 01312e23 sw               x19, 28(x2)         x19:00001000  x2:10000910  PA:1000092c
             8634500            8619 1c0013b0 01412c23 sw               x20, 24(x2)         x20:00000002  x2:10000910  PA:10000928
             8635500            8620 1c0013b2 01512a23 sw               x21, 20(x2)         x21:00000000  x2:10000910  PA:10000924
             8636500            8621 1c0013b4 30047973 csrrci           x18, 0x00000008, 0x300 x18=00001808
             8640500            8625 1c0013b8 01800a13 addi             x20, x0, 24         x20=00000018
             8641500            8626 1c0013ba 03458a33 mul              x20, x11, x20       x20=00000000 x11:00000000 x20:00000018
             8658500            8643 1c0013be 1c002737 lui              x14, 0x1c002000     x14=1c002000
             8659500            8644 1c0013c2 6a872783 lw               x15, 1704(x14)      x15=1c2fff50 x14:1c002000  PA:1c0026a8
             8673500            8658 1c0013c6 00e00ab3 add              x21, x0, x14        x21=1c002000 x14:1c002000
             8674500            8659 1c0013c8 014787b3 add              x15, x15, x20       x15=1c2fff50 x15:1c2fff50 x20:00000000
             8675500            8660 1c0013ca 0007a703 lw               x14, 0(x15)         x14=00000000 x15:1c2fff50  PA:1c2fff50
             8690500            8675 1c0013cc 02050363 beq              x10, x0, 38         x10:00000001
             8691500            8676 1c0013ce 00170713 addi             x14, x14, 1         x14=00000001 x14:00000000
             8694500            8679 1c0013d0 00e7a023 sw               x14, 0(x15)         x14:00000001 x15:1c2fff50  PA:1c2fff50
             8712500            8697 1c0013d2 0007a483 lw               x9, 0(x15)           x9=00000001 x15:1c2fff50  PA:1c2fff50
             8727500            8712 1c0013d4 02049163 bne              x9, x0, 34           x9:00000001
             8746500            8731 1c0013f6 fe14b3e3 p.bneimm         x9, -26              x9:00000001
             8747500            8732 1c0013fa 00800993 addi             x19, x0, 8          x19=00000008
             8748500            8733 1c0013fe 04040f63 beq              x8, x0, 94           x8:00000000
             8782500            8767 1c00145c 00000513 addi             x10, x0, 0          x10=00000000
             8783500            8768 1c00145e e79ff0ef jal              x1, -392             x1=1c001460
             8816500            8801 1c0012d6 ff010113 addi             x2, x2, -16          x2=10000900  x2:10000910
             8817500            8802 1c0012d8 00812423 sw               x8, 8(x2)            x8:00000000  x2:10000900  PA:10000908
             8818500            8803 1c0012da 00912223 sw               x9, 4(x2)            x9:00000001  x2:10000900  PA:10000904
             8819500            8804 1c0012dc 04050413 addi             x8, x10, 64          x8=00000040 x10:00000000
             8836500            8821 1c0012e0 00a004b3 add              x9, x0, x10          x9=00000000 x10:00000000
             8837500            8822 1c0012e2 1b000537 lui              x10, 0x1b000000     x10=1b000000
             8838500            8823 1c0012e6 00850513 addi             x10, x10, 8         x10=1b000008 x10:1b000000
             8839500            8824 1c0012ea 01641413 slli             x8, x8, 0x16         x8=10000000  x8:00000040
             8840500            8825 1c0012ec e6c53533 p.bclr           x10, x10, 19, 12    x10=00000008 x10:1b000008
             8857500            8842 1c0012f0 00850533 add              x10, x10, x8        x10=10000008 x10:00000008  x8:10000000
             8858500            8843 1c0012f2 04000613 addi             x12, x0, 64         x12=00000040
             8859500            8844 1c0012f6 00000593 addi             x11, x0, 0          x11=00000000
             8860500            8845 1c0012f8 00112623 sw               x1, 12(x2)           x1:1c001460  x2:10000900  PA:1000090c
             8861500            8846 1c0012fa 506000ef jal              x1, 1286             x1=1c0012fc
             8863500            8848 1c001800 00a60633 add              x12, x12, x10       x12=10000048 x12:00000040 x10:10000008
             8864500            8849 1c001802 00a007b3 add              x15, x0, x10        x15=10000008 x10:10000008
             8865500            8850 1c001804 00c79363 bne              x15, x12, 6         x15:10000008 x12:10000048
             8868500            8853 1c00180a 00b780ab p.sb             x11, 1(x15!)        x15=10000009 x11:00000000 x15:10000008  PA:10000008
             8869500            8854 1c00180e ff7ff06f jal              x0, -10            
             8871500            8856 1c001804 00c79363 bne              x15, x12, 6         x15:10000009 x12:10000048
             8874500            8859 1c00180a 00b780ab p.sb             x11, 1(x15!)        x15=1000000a x11:00000000 x15:10000009  PA:10000009
             8875500            8860 1c00180e ff7ff06f jal              x0, -10            
             8877500            8862 1c001804 00c79363 bne              x15, x12, 6         x15:1000000a x12:10000048
             8880500            8865 1c00180a 00b780ab p.sb             x11, 1(x15!)        x15=1000000b x11:00000000 x15:1000000a  PA:1000000a
             8881500            8866 1c00180e ff7ff06f jal              x0, -10            
             8883500            8868 1c001804 00c79363 bne              x15, x12, 6         x15:1000000b x12:10000048
             8886500            8871 1c00180a 00b780ab p.sb             x11, 1(x15!)        x15=1000000c x11:00000000 x15:1000000b  PA:1000000b
             8887500            8872 1c00180e ff7ff06f jal              x0, -10            
             8889500            8874 1c001804 00c79363 bne              x15, x12, 6         x15:1000000c x12:10000048
             8892500            8877 1c00180a 00b780ab p.sb             x11, 1(x15!)        x15=1000000d x11:00000000 x15:1000000c  PA:1000000c
             8893500            8878 1c00180e ff7ff06f jal              x0, -10            
             8895500            8880 1c001804 00c79363 bne              x15, x12, 6         x15:1000000d x12:10000048
             8898500            8883 1c00180a 00b780ab p.sb             x11, 1(x15!)        x15=1000000e x11:00000000 x15:1000000d  PA:1000000d
             8899500            8884 1c00180e ff7ff06f jal              x0, -10            
             8901500            8886 1c001804 00c79363 bne              x15, x12, 6         x15:1000000e x12:10000048
             8904500            8889 1c00180a 00b780ab p.sb             x11, 1(x15!)        x15=1000000f x11:00000000 x15:1000000e  PA:1000000e
             8905500            8890 1c00180e ff7ff06f jal              x0, -10            
             8907500            8892 1c001804 00c79363 bne              x15, x12, 6         x15:1000000f x12:10000048
             8910500            8895 1c00180a 00b780ab p.sb             x11, 1(x15!)        x15=10000010 x11:00000000 x15:1000000f  PA:1000000f
             8911500            8896 1c00180e ff7ff06f jal              x0, -10            
             8913500            8898 1c001804 00c79363 bne              x15, x12, 6         x15:10000010 x12:10000048
             8916500            8901 1c00180a 00b780ab p.sb             x11, 1(x15!)        x15=10000011 x11:00000000 x15:10000010  PA:10000010
             8917500            8902 1c00180e ff7ff06f jal              x0, -10            
             8919500            8904 1c001804 00c79363 bne              x15, x12, 6         x15:10000011 x12:10000048
             8922500            8907 1c00180a 00b780ab p.sb             x11, 1(x15!)        x15=10000012 x11:00000000 x15:10000011  PA:10000011
             8923500            8908 1c00180e ff7ff06f jal              x0, -10            
             8925500            8910 1c001804 00c79363 bne              x15, x12, 6         x15:10000012 x12:10000048
             8928500            8913 1c00180a 00b780ab p.sb             x11, 1(x15!)        x15=10000013 x11:00000000 x15:10000012  PA:10000012
             8929500            8914 1c00180e ff7ff06f jal              x0, -10            
             8931500            8916 1c001804 00c79363 bne              x15, x12, 6         x15:10000013 x12:10000048
             8934500            8919 1c00180a 00b780ab p.sb             x11, 1(x15!)        x15=10000014 x11:00000000 x15:10000013  PA:10000013
             8935500            8920 1c00180e ff7ff06f jal              x0, -10            
             8937500            8922 1c001804 00c79363 bne              x15, x12, 6         x15:10000014 x12:10000048
             8940500            8925 1c00180a 00b780ab p.sb             x11, 1(x15!)        x15=10000015 x11:00000000 x15:10000014  PA:10000014
             8941500            8926 1c00180e ff7ff06f jal              x0, -10            
             8943500            8928 1c001804 00c79363 bne              x15, x12, 6         x15:10000015 x12:10000048
             8946500            8931 1c00180a 00b780ab p.sb             x11, 1(x15!)        x15=10000016 x11:00000000 x15:10000015  PA:10000015
             8947500            8932 1c00180e ff7ff06f jal              x0, -10            
             8949500            8934 1c001804 00c79363 bne              x15, x12, 6         x15:10000016 x12:10000048
             8952500            8937 1c00180a 00b780ab p.sb             x11, 1(x15!)        x15=10000017 x11:00000000 x15:10000016  PA:10000016
             8953500            8938 1c00180e ff7ff06f jal              x0, -10            
             8955500            8940 1c001804 00c79363 bne              x15, x12, 6         x15:10000017 x12:10000048
             8958500            8943 1c00180a 00b780ab p.sb             x11, 1(x15!)        x15=10000018 x11:00000000 x15:10000017  PA:10000017
             8959500            8944 1c00180e ff7ff06f jal              x0, -10            
             8961500            8946 1c001804 00c79363 bne              x15, x12, 6         x15:10000018 x12:10000048
             8964500            8949 1c00180a 00b780ab p.sb             x11, 1(x15!)        x15=10000019 x11:00000000 x15:10000018  PA:10000018
             8965500            8950 1c00180e ff7ff06f jal              x0, -10            
             8967500            8952 1c001804 00c79363 bne              x15, x12, 6         x15:10000019 x12:10000048
             8970500            8955 1c00180a 00b780ab p.sb             x11, 1(x15!)        x15=1000001a x11:00000000 x15:10000019  PA:10000019
             8971500            8956 1c00180e ff7ff06f jal              x0, -10            
             8973500            8958 1c001804 00c79363 bne              x15, x12, 6         x15:1000001a x12:10000048
             8976500            8961 1c00180a 00b780ab p.sb             x11, 1(x15!)        x15=1000001b x11:00000000 x15:1000001a  PA:1000001a
             8977500            8962 1c00180e ff7ff06f jal              x0, -10            
             8979500            8964 1c001804 00c79363 bne              x15, x12, 6         x15:1000001b x12:10000048
             8982500            8967 1c00180a 00b780ab p.sb             x11, 1(x15!)        x15=1000001c x11:00000000 x15:1000001b  PA:1000001b
             8983500            8968 1c00180e ff7ff06f jal              x0, -10            
             8985500            8970 1c001804 00c79363 bne              x15, x12, 6         x15:1000001c x12:10000048
             8988500            8973 1c00180a 00b780ab p.sb             x11, 1(x15!)        x15=1000001d x11:00000000 x15:1000001c  PA:1000001c
             8989500            8974 1c00180e ff7ff06f jal              x0, -10            
             8991500            8976 1c001804 00c79363 bne              x15, x12, 6         x15:1000001d x12:10000048
             8994500            8979 1c00180a 00b780ab p.sb             x11, 1(x15!)        x15=1000001e x11:00000000 x15:1000001d  PA:1000001d
             8995500            8980 1c00180e ff7ff06f jal              x0, -10            
             8997500            8982 1c001804 00c79363 bne              x15, x12, 6         x15:1000001e x12:10000048
             9000500            8985 1c00180a 00b780ab p.sb             x11, 1(x15!)        x15=1000001f x11:00000000 x15:1000001e  PA:1000001e
             9001500            8986 1c00180e ff7ff06f jal              x0, -10            
             9003500            8988 1c001804 00c79363 bne              x15, x12, 6         x15:1000001f x12:10000048
             9006500            8991 1c00180a 00b780ab p.sb             x11, 1(x15!)        x15=10000020 x11:00000000 x15:1000001f  PA:1000001f
             9007500            8992 1c00180e ff7ff06f jal              x0, -10            
             9009500            8994 1c001804 00c79363 bne              x15, x12, 6         x15:10000020 x12:10000048
             9012500            8997 1c00180a 00b780ab p.sb             x11, 1(x15!)        x15=10000021 x11:00000000 x15:10000020  PA:10000020
             9013500            8998 1c00180e ff7ff06f jal              x0, -10            
             9015500            9000 1c001804 00c79363 bne              x15, x12, 6         x15:10000021 x12:10000048
             9018500            9003 1c00180a 00b780ab p.sb             x11, 1(x15!)        x15=10000022 x11:00000000 x15:10000021  PA:10000021
             9019500            9004 1c00180e ff7ff06f jal              x0, -10            
             9021500            9006 1c001804 00c79363 bne              x15, x12, 6         x15:10000022 x12:10000048
             9024500            9009 1c00180a 00b780ab p.sb             x11, 1(x15!)        x15=10000023 x11:00000000 x15:10000022  PA:10000022
             9025500            9010 1c00180e ff7ff06f jal              x0, -10            
             9027500            9012 1c001804 00c79363 bne              x15, x12, 6         x15:10000023 x12:10000048
             9030500            9015 1c00180a 00b780ab p.sb             x11, 1(x15!)        x15=10000024 x11:00000000 x15:10000023  PA:10000023
             9031500            9016 1c00180e ff7ff06f jal              x0, -10            
             9033500            9018 1c001804 00c79363 bne              x15, x12, 6         x15:10000024 x12:10000048
             9036500            9021 1c00180a 00b780ab p.sb             x11, 1(x15!)        x15=10000025 x11:00000000 x15:10000024  PA:10000024
             9037500            9022 1c00180e ff7ff06f jal              x0, -10            
             9039500            9024 1c001804 00c79363 bne              x15, x12, 6         x15:10000025 x12:10000048
             9042500            9027 1c00180a 00b780ab p.sb             x11, 1(x15!)        x15=10000026 x11:00000000 x15:10000025  PA:10000025
             9043500            9028 1c00180e ff7ff06f jal              x0, -10            
             9045500            9030 1c001804 00c79363 bne              x15, x12, 6         x15:10000026 x12:10000048
             9048500            9033 1c00180a 00b780ab p.sb             x11, 1(x15!)        x15=10000027 x11:00000000 x15:10000026  PA:10000026
             9049500            9034 1c00180e ff7ff06f jal              x0, -10            
             9051500            9036 1c001804 00c79363 bne              x15, x12, 6         x15:10000027 x12:10000048
             9054500            9039 1c00180a 00b780ab p.sb             x11, 1(x15!)        x15=10000028 x11:00000000 x15:10000027  PA:10000027
             9055500            9040 1c00180e ff7ff06f jal              x0, -10            
             9057500            9042 1c001804 00c79363 bne              x15, x12, 6         x15:10000028 x12:10000048
             9060500            9045 1c00180a 00b780ab p.sb             x11, 1(x15!)        x15=10000029 x11:00000000 x15:10000028  PA:10000028
             9061500            9046 1c00180e ff7ff06f jal              x0, -10            
             9063500            9048 1c001804 00c79363 bne              x15, x12, 6         x15:10000029 x12:10000048
             9066500            9051 1c00180a 00b780ab p.sb             x11, 1(x15!)        x15=1000002a x11:00000000 x15:10000029  PA:10000029
             9067500            9052 1c00180e ff7ff06f jal              x0, -10            
             9069500            9054 1c001804 00c79363 bne              x15, x12, 6         x15:1000002a x12:10000048
             9072500            9057 1c00180a 00b780ab p.sb             x11, 1(x15!)        x15=1000002b x11:00000000 x15:1000002a  PA:1000002a
             9073500            9058 1c00180e ff7ff06f jal              x0, -10            
             9075500            9060 1c001804 00c79363 bne              x15, x12, 6         x15:1000002b x12:10000048
             9078500            9063 1c00180a 00b780ab p.sb             x11, 1(x15!)        x15=1000002c x11:00000000 x15:1000002b  PA:1000002b
             9079500            9064 1c00180e ff7ff06f jal              x0, -10            
             9081500            9066 1c001804 00c79363 bne              x15, x12, 6         x15:1000002c x12:10000048
             9084500            9069 1c00180a 00b780ab p.sb             x11, 1(x15!)        x15=1000002d x11:00000000 x15:1000002c  PA:1000002c
             9085500            9070 1c00180e ff7ff06f jal              x0, -10            
             9087500            9072 1c001804 00c79363 bne              x15, x12, 6         x15:1000002d x12:10000048
             9090500            9075 1c00180a 00b780ab p.sb             x11, 1(x15!)        x15=1000002e x11:00000000 x15:1000002d  PA:1000002d
             9091500            9076 1c00180e ff7ff06f jal              x0, -10            
             9093500            9078 1c001804 00c79363 bne              x15, x12, 6         x15:1000002e x12:10000048
             9096500            9081 1c00180a 00b780ab p.sb             x11, 1(x15!)        x15=1000002f x11:00000000 x15:1000002e  PA:1000002e
             9097500            9082 1c00180e ff7ff06f jal              x0, -10            
             9099500            9084 1c001804 00c79363 bne              x15, x12, 6         x15:1000002f x12:10000048
             9102500            9087 1c00180a 00b780ab p.sb             x11, 1(x15!)        x15=10000030 x11:00000000 x15:1000002f  PA:1000002f
             9103500            9088 1c00180e ff7ff06f jal              x0, -10            
             9105500            9090 1c001804 00c79363 bne              x15, x12, 6         x15:10000030 x12:10000048
             9108500            9093 1c00180a 00b780ab p.sb             x11, 1(x15!)        x15=10000031 x11:00000000 x15:10000030  PA:10000030
             9109500            9094 1c00180e ff7ff06f jal              x0, -10            
             9111500            9096 1c001804 00c79363 bne              x15, x12, 6         x15:10000031 x12:10000048
             9114500            9099 1c00180a 00b780ab p.sb             x11, 1(x15!)        x15=10000032 x11:00000000 x15:10000031  PA:10000031
             9115500            9100 1c00180e ff7ff06f jal              x0, -10            
             9117500            9102 1c001804 00c79363 bne              x15, x12, 6         x15:10000032 x12:10000048
             9120500            9105 1c00180a 00b780ab p.sb             x11, 1(x15!)        x15=10000033 x11:00000000 x15:10000032  PA:10000032
             9121500            9106 1c00180e ff7ff06f jal              x0, -10            
             9123500            9108 1c001804 00c79363 bne              x15, x12, 6         x15:10000033 x12:10000048
             9126500            9111 1c00180a 00b780ab p.sb             x11, 1(x15!)        x15=10000034 x11:00000000 x15:10000033  PA:10000033
             9127500            9112 1c00180e ff7ff06f jal              x0, -10            
             9129500            9114 1c001804 00c79363 bne              x15, x12, 6         x15:10000034 x12:10000048
             9132500            9117 1c00180a 00b780ab p.sb             x11, 1(x15!)        x15=10000035 x11:00000000 x15:10000034  PA:10000034
             9133500            9118 1c00180e ff7ff06f jal              x0, -10            
             9135500            9120 1c001804 00c79363 bne              x15, x12, 6         x15:10000035 x12:10000048
             9138500            9123 1c00180a 00b780ab p.sb             x11, 1(x15!)        x15=10000036 x11:00000000 x15:10000035  PA:10000035
             9139500            9124 1c00180e ff7ff06f jal              x0, -10            
             9141500            9126 1c001804 00c79363 bne              x15, x12, 6         x15:10000036 x12:10000048
             9144500            9129 1c00180a 00b780ab p.sb             x11, 1(x15!)        x15=10000037 x11:00000000 x15:10000036  PA:10000036
             9145500            9130 1c00180e ff7ff06f jal              x0, -10            
             9147500            9132 1c001804 00c79363 bne              x15, x12, 6         x15:10000037 x12:10000048
             9150500            9135 1c00180a 00b780ab p.sb             x11, 1(x15!)        x15=10000038 x11:00000000 x15:10000037  PA:10000037
             9151500            9136 1c00180e ff7ff06f jal              x0, -10            
             9153500            9138 1c001804 00c79363 bne              x15, x12, 6         x15:10000038 x12:10000048
             9156500            9141 1c00180a 00b780ab p.sb             x11, 1(x15!)        x15=10000039 x11:00000000 x15:10000038  PA:10000038
             9157500            9142 1c00180e ff7ff06f jal              x0, -10            
             9159500            9144 1c001804 00c79363 bne              x15, x12, 6         x15:10000039 x12:10000048
             9162500            9147 1c00180a 00b780ab p.sb             x11, 1(x15!)        x15=1000003a x11:00000000 x15:10000039  PA:10000039
             9163500            9148 1c00180e ff7ff06f jal              x0, -10            
             9165500            9150 1c001804 00c79363 bne              x15, x12, 6         x15:1000003a x12:10000048
             9168500            9153 1c00180a 00b780ab p.sb             x11, 1(x15!)        x15=1000003b x11:00000000 x15:1000003a  PA:1000003a
             9169500            9154 1c00180e ff7ff06f jal              x0, -10            
             9171500            9156 1c001804 00c79363 bne              x15, x12, 6         x15:1000003b x12:10000048
             9174500            9159 1c00180a 00b780ab p.sb             x11, 1(x15!)        x15=1000003c x11:00000000 x15:1000003b  PA:1000003b
             9175500            9160 1c00180e ff7ff06f jal              x0, -10            
             9177500            9162 1c001804 00c79363 bne              x15, x12, 6         x15:1000003c x12:10000048
             9180500            9165 1c00180a 00b780ab p.sb             x11, 1(x15!)        x15=1000003d x11:00000000 x15:1000003c  PA:1000003c
             9181500            9166 1c00180e ff7ff06f jal              x0, -10            
             9183500            9168 1c001804 00c79363 bne              x15, x12, 6         x15:1000003d x12:10000048
             9186500            9171 1c00180a 00b780ab p.sb             x11, 1(x15!)        x15=1000003e x11:00000000 x15:1000003d  PA:1000003d
             9187500            9172 1c00180e ff7ff06f jal              x0, -10            
             9189500            9174 1c001804 00c79363 bne              x15, x12, 6         x15:1000003e x12:10000048
             9192500            9177 1c00180a 00b780ab p.sb             x11, 1(x15!)        x15=1000003f x11:00000000 x15:1000003e  PA:1000003e
             9193500            9178 1c00180e ff7ff06f jal              x0, -10            
             9195500            9180 1c001804 00c79363 bne              x15, x12, 6         x15:1000003f x12:10000048
             9198500            9183 1c00180a 00b780ab p.sb             x11, 1(x15!)        x15=10000040 x11:00000000 x15:1000003f  PA:1000003f
             9199500            9184 1c00180e ff7ff06f jal              x0, -10            
             9201500            9186 1c001804 00c79363 bne              x15, x12, 6         x15:10000040 x12:10000048
             9204500            9189 1c00180a 00b780ab p.sb             x11, 1(x15!)        x15=10000041 x11:00000000 x15:10000040  PA:10000040
             9205500            9190 1c00180e ff7ff06f jal              x0, -10            
             9207500            9192 1c001804 00c79363 bne              x15, x12, 6         x15:10000041 x12:10000048
             9210500            9195 1c00180a 00b780ab p.sb             x11, 1(x15!)        x15=10000042 x11:00000000 x15:10000041  PA:10000041
             9211500            9196 1c00180e ff7ff06f jal              x0, -10            
             9213500            9198 1c001804 00c79363 bne              x15, x12, 6         x15:10000042 x12:10000048
             9216500            9201 1c00180a 00b780ab p.sb             x11, 1(x15!)        x15=10000043 x11:00000000 x15:10000042  PA:10000042
             9217500            9202 1c00180e ff7ff06f jal              x0, -10            
             9219500            9204 1c001804 00c79363 bne              x15, x12, 6         x15:10000043 x12:10000048
             9222500            9207 1c00180a 00b780ab p.sb             x11, 1(x15!)        x15=10000044 x11:00000000 x15:10000043  PA:10000043
             9223500            9208 1c00180e ff7ff06f jal              x0, -10            
             9225500            9210 1c001804 00c79363 bne              x15, x12, 6         x15:10000044 x12:10000048
             9228500            9213 1c00180a 00b780ab p.sb             x11, 1(x15!)        x15=10000045 x11:00000000 x15:10000044  PA:10000044
             9229500            9214 1c00180e ff7ff06f jal              x0, -10            
             9231500            9216 1c001804 00c79363 bne              x15, x12, 6         x15:10000045 x12:10000048
             9234500            9219 1c00180a 00b780ab p.sb             x11, 1(x15!)        x15=10000046 x11:00000000 x15:10000045  PA:10000045
             9235500            9220 1c00180e ff7ff06f jal              x0, -10            
             9237500            9222 1c001804 00c79363 bne              x15, x12, 6         x15:10000046 x12:10000048
             9240500            9225 1c00180a 00b780ab p.sb             x11, 1(x15!)        x15=10000047 x11:00000000 x15:10000046  PA:10000046
             9241500            9226 1c00180e ff7ff06f jal              x0, -10            
             9243500            9228 1c001804 00c79363 bne              x15, x12, 6         x15:10000047 x12:10000048
             9246500            9231 1c00180a 00b780ab p.sb             x11, 1(x15!)        x15=10000048 x11:00000000 x15:10000047  PA:10000047
             9247500            9232 1c00180e ff7ff06f jal              x0, -10            
             9249500            9234 1c001804 00c79363 bne              x15, x12, 6         x15:10000048 x12:10000048
             9250500            9235 1c001808 00008067 jalr             x0, x1, 0            x1:1c0012fc
             9252500            9237 1c0012fc 1c0027b7 lui              x15, 0x1c002000     x15=1c002000
             9269500            9254 1c001300 6a87a783 lw               x15, 1704(x15)      x15=1c2fff50 x15:1c002000  PA:1c0026a8
             9283500            9268 1c001304 01800713 addi             x14, x0, 24         x14=00000018
             9284500            9269 1c001306 00c12083 lw               x1, 12(x2)           x1=1c001460  x2:10000900  PA:1000090c
             9285500            9270 1c001308 42e487b3 p.mac            x15, x9, x14        x15=1c2fff50 x15:1c2fff50  x9:00000000 x14:00000018
             9286500            9271 1c00130c 00201737 lui              x14, 0x201000       x14=00201000
             9303500            9288 1c001310 e0470713 addi             x14, x14, -508      x14=00200e04 x14:00201000
             9304500            9289 1c001314 00e40433 add              x8, x8, x14          x8=10200e04  x8:10000000 x14:00200e04
             9305500            9290 1c001316 00412483 lw               x9, 4(x2)            x9=00000001  x2:10000900  PA:10000904
             9306500            9291 1c001318 0087aa23 sw               x8, 20(x15)          x8:10200e04 x15:1c2fff50  PA:1c2fff64
             9324500            9309 1c00131a 00812403 lw               x8, 8(x2)            x8=00000000  x2:10000900  PA:10000908
             9325500            9310 1c00131c 0007a623 sw               x0, 12(x15)         x15:1c2fff50  PA:1c2fff5c
             9343500            9328 1c001320 01010113 addi             x2, x2, 16           x2=10000910  x2:10000900
             9344500            9329 1c001322 00008067 jalr             x0, x1, 0            x1:1c001460
             9346500            9331 1c001460 102017b7 lui              x15, 0x10201000     x15=10201000
             9347500            9332 1c001464 fff00713 addi             x14, x0, -1         x14=ffffffff
             9348500            9333 1c001466 40e7a023 sw               x14, 1024(x15)      x14:ffffffff x15:10201000  PA:10201400
             9353500            9338 1c00146a 1c0007b7 lui              x15, 0x1c000000     x15=1c000000
             9366500            9351 1c00146e 08078793 addi             x15, x15, 128       x15=1c000080 x15:1c000000
             9367500            9352 1c001472 06c80737 lui              x14, 0x6c80000      x14=06c80000
             9368500            9353 1c001476 ce07b7b3 p.bclr           x15, x15, 7, 0      x15=1c000000 x15:1c000080
             9369500            9354 1c00147a 01070713 addi             x14, x14, 16        x14=06c80010 x14:06c80000
             9370500            9355 1c00147c 0134c763 blt              x9, x19, 14          x9:00000001 x19:00000008
             9388500            9373 1c00148a 00e486b3 add              x13, x9, x14        x13=06c80011  x9:00000001 x14:06c80010
             9389500            9374 1c00148e 00269693 slli             x13, x13, 0x2       x13=1b200044 x13:06c80011
             9406500            9391 1c001490 00f6a023 sw               x15, 0(x13)         x15:1c000000 x13:1b200044  PA:1b200044
             9410500            9395 1c001492 00148493 addi             x9, x9, 1            x9=00000002  x9:00000001
             9411500            9396 1c001494 fe9ff06f jal              x0, -24            
             9413500            9398 1c00147c 0134c763 blt              x9, x19, 14          x9:00000002 x19:00000008
             9416500            9401 1c00148a 00e486b3 add              x13, x9, x14        x13=06c80012  x9:00000002 x14:06c80010
             9417500            9402 1c00148e 00269693 slli             x13, x13, 0x2       x13=1b200048 x13:06c80012
             9418500            9403 1c001490 00f6a023 sw               x15, 0(x13)         x15:1c000000 x13:1b200048  PA:1b200048
             9422500            9407 1c001492 00148493 addi             x9, x9, 1            x9=00000003  x9:00000002
             9423500            9408 1c001494 fe9ff06f jal              x0, -24            
             9425500            9410 1c00147c 0134c763 blt              x9, x19, 14          x9:00000003 x19:00000008
             9428500            9413 1c00148a 00e486b3 add              x13, x9, x14        x13=06c80013  x9:00000003 x14:06c80010
             9429500            9414 1c00148e 00269693 slli             x13, x13, 0x2       x13=1b20004c x13:06c80013
             9430500            9415 1c001490 00f6a023 sw               x15, 0(x13)         x15:1c000000 x13:1b20004c  PA:1b20004c
             9434500            9419 1c001492 00148493 addi             x9, x9, 1            x9=00000004  x9:00000003
             9435500            9420 1c001494 fe9ff06f jal              x0, -24            
             9437500            9422 1c00147c 0134c763 blt              x9, x19, 14          x9:00000004 x19:00000008
             9440500            9425 1c00148a 00e486b3 add              x13, x9, x14        x13=06c80014  x9:00000004 x14:06c80010
             9441500            9426 1c00148e 00269693 slli             x13, x13, 0x2       x13=1b200050 x13:06c80014
             9442500            9427 1c001490 00f6a023 sw               x15, 0(x13)         x15:1c000000 x13:1b200050  PA:1b200050
             9446500            9431 1c001492 00148493 addi             x9, x9, 1            x9=00000005  x9:00000004
             9447500            9432 1c001494 fe9ff06f jal              x0, -24            
             9449500            9434 1c00147c 0134c763 blt              x9, x19, 14          x9:00000005 x19:00000008
             9452500            9437 1c00148a 00e486b3 add              x13, x9, x14        x13=06c80015  x9:00000005 x14:06c80010
             9453500            9438 1c00148e 00269693 slli             x13, x13, 0x2       x13=1b200054 x13:06c80015
             9454500            9439 1c001490 00f6a023 sw               x15, 0(x13)         x15:1c000000 x13:1b200054  PA:1b200054
             9458500            9443 1c001492 00148493 addi             x9, x9, 1            x9=00000006  x9:00000005
             9459500            9444 1c001494 fe9ff06f jal              x0, -24            
             9461500            9446 1c00147c 0134c763 blt              x9, x19, 14          x9:00000006 x19:00000008
             9464500            9449 1c00148a 00e486b3 add              x13, x9, x14        x13=06c80016  x9:00000006 x14:06c80010
             9465500            9450 1c00148e 00269693 slli             x13, x13, 0x2       x13=1b200058 x13:06c80016
             9466500            9451 1c001490 00f6a023 sw               x15, 0(x13)         x15:1c000000 x13:1b200058  PA:1b200058
             9470500            9455 1c001492 00148493 addi             x9, x9, 1            x9=00000007  x9:00000006
             9471500            9456 1c001494 fe9ff06f jal              x0, -24            
             9473500            9458 1c00147c 0134c763 blt              x9, x19, 14          x9:00000007 x19:00000008
             9476500            9461 1c00148a 00e486b3 add              x13, x9, x14        x13=06c80017  x9:00000007 x14:06c80010
             9477500            9462 1c00148e 00269693 slli             x13, x13, 0x2       x13=1b20005c x13:06c80017
             9478500            9463 1c001490 00f6a023 sw               x15, 0(x13)         x15:1c000000 x13:1b20005c  PA:1b20005c
             9482500            9467 1c001492 00148493 addi             x9, x9, 1            x9=00000008  x9:00000007
             9483500            9468 1c001494 fe9ff06f jal              x0, -24            
             9485500            9470 1c00147c 0134c763 blt              x9, x19, 14          x9:00000008 x19:00000008
             9486500            9471 1c001480 102007b7 lui              x15, 0x10200000     x15=10200000
             9487500            9472 1c001484 fff00713 addi             x14, x0, -1         x14=ffffffff
             9488500            9473 1c001486 00e7a423 sw               x14, 8(x15)         x14:ffffffff x15:10200000  PA:10200008
             9492500            9477 1c001488 f55ff06f jal              x0, -172           
             9493500            9478 1c0013dc 30091073 csrrw            x0, x18, 0x300      x18:00001808
             9508500            9493 1c0013e0 02c12083 lw               x1, 44(x2)           x1=1c000c36  x2:10000910  PA:1000093c
             9509500            9494 1c0013e2 02812403 lw               x8, 40(x2)           x8=00000000  x2:10000910  PA:10000938
             9510500            9495 1c0013e4 02412483 lw               x9, 36(x2)           x9=00000800  x2:10000910  PA:10000934
             9511500            9496 1c0013e6 02012903 lw               x18, 32(x2)         x18=00000008  x2:10000910  PA:10000930
             9512500            9497 1c0013e8 01c12983 lw               x19, 28(x2)         x19=00001000  x2:10000910  PA:1000092c
             9513500            9498 1c0013ea 01812a03 lw               x20, 24(x2)         x20=00000002  x2:10000910  PA:10000928
             9514500            9499 1c0013ec 01412a83 lw               x21, 20(x2)         x21=00000000  x2:10000910  PA:10000924
             9515500            9500 1c0013ee 03010113 addi             x2, x2, 48           x2=10000940  x2:10000910
             9516500            9501 1c0013f0 00008067 jalr             x0, x1, 0            x1:1c000c36
             9518500            9503 1c000c36 fff90593 addi             x11, x18, -1        x11=00000007 x18:00000008
             9519500            9504 1c000c3a 029585b3 mul              x11, x11, x9        x11=00003800 x11:00000007  x9:00000800
             9520500            9505 1c000c3e 01400533 add              x10, x0, x20        x10=00000002 x20:00000002
             9537500            9522 1c000c40 590000ef jal              x1, 1424             x1=1c000c42
             9539500            9524 1c0011d0 00100793 addi             x15, x0, 1          x15=00000001
             9540500            9525 1c0011d2 00a7fa63 bgeu             x15, x10, 20        x15:00000001 x10:00000002
             9541500            9526 1c0011d6 1c0027b7 lui              x15, 0x1c002000     x15=1c002000
             9542500            9527 1c0011da 69c7a783 lw               x15, 1692(x15)      x15=10000990 x15:1c002000  PA:1c00269c
             9556500            9541 1c0011de ffe50513 addi             x10, x10, -2        x10=00000000 x10:00000002
             9557500            9542 1c0011e0 00251513 slli             x10, x10, 0x2       x10=00000000 x10:00000000
             9558500            9543 1c0011e2 00f50533 add              x10, x10, x15       x10=10000990 x10:00000000 x15:10000990
             9559500            9544 1c0011e4 f6fff06f jal              x0, -146           
             9561500            9546 1c001152 00052783 lw               x15, 0(x10)         x15=100009a0 x10:10000990  PA:10000990
             9562500            9547 1c001154 00758593 addi             x11, x11, 7         x11=00003807 x11:00003800
             9563500            9548 1c001156 c405b5b3 p.bclr           x11, x11, 2, 0      x11=00003800 x11:00003807
             9564500            9549 1c00115a 00000693 addi             x13, x0, 0          x13=00000000
             9565500            9550 1c00115c 00078963 beq              x15, x0, 18         x15:100009a0
             9566500            9551 1c00115e 0007a703 lw               x14, 0(x15)         x14=000ff5f0 x15:100009a0  PA:100009a0
             9568500            9553 1c001160 00b74963 blt              x14, x11, 18        x14:000ff5f0 x11:00003800
             9569500            9554 1c001164 00b71c63 bne              x14, x11, 24        x14:000ff5f0 x11:00003800
             9572500            9557 1c00117c 40b70733 sub              x14, x14, x11       x14=000fbdf0 x14:000ff5f0 x11:00003800
             9573500            9558 1c00117e 00e7a023 sw               x14, 0(x15)         x14:000fbdf0 x15:100009a0  PA:100009a0
             9574500            9559 1c001180 00e787b3 add              x15, x15, x14       x15=100fc790 x15:100009a0 x14:000fbdf0
             9575500            9560 1c001182 fedff06f jal              x0, -20            
             9577500            9562 1c00116e 00f00533 add              x10, x0, x15        x10=100fc790 x15:100fc790
             9578500            9563 1c001170 00008067 jalr             x0, x1, 0            x1:1c000c42
             9580500            9565 1c000c42 fa0504e3 beq              x10, x0, -88        x10:100fc790
             9581500            9566 1c000c44 00100793 addi             x15, x0, 1          x15=00000001
             9582500            9567 1c000c46 012797b3 sll              x15, x15, x18       x15=00000100 x15:00000001 x18:00000008
             9583500            9568 1c000c4a fff78793 addi             x15, x15, -1        x15=000000ff x15:00000100
             9584500            9569 1c000c4c 1b204737 lui              x14, 0x1b204000     x14=1b204000
             9601500            9586 1c000c50 08f72223 sw               x15, 132(x14)       x15:000000ff x14:1b204000  PA:1b204084
             9602500            9587 1c000c54 1c0027b7 lui              x15, 0x1c002000     x15=1c002000
             9603500            9588 1c000c58 22c78793 addi             x15, x15, 556       x15=1c00222c x15:1c002000
             9604500            9589 1c000c5c c007c7b3 p.bset           x15, x15, 0, 0      x15=1c00222d x15:1c00222c
             9621500            9606 1c000c60 08f72023 sw               x15, 128(x14)       x15:1c00222d x14:1b204000  PA:1b204080
             9622500            9607 1c000c64 08972023 sw               x9, 128(x14)         x9:00000800 x14:1b204000  PA:1b204080
             9623500            9608 1c000c68 08a72023 sw               x10, 128(x14)       x10:100fc790 x14:1b204000  PA:1b204080
             9624500            9609 1c000c6c 00000513 addi             x10, x0, 0          x10=00000000
             9625500            9610 1c000c6e ea5ff0ef jal              x1, -348             x1=1c000c70
             9661500            9646 1c000b12 1b2047b7 lui              x15, 0x1b204000     x15=1b204000
             9662500            9647 1c000b16 00070737 lui              x14, 0x70000        x14=00070000
             9663500            9648 1c000b1a 00e7a423 sw               x14, 8(x15)         x14:00070000 x15:1b204000  PA:1b204008
             9664500            9649 1c000b1c 00000713 addi             x14, x0, 0          x14=00000000
             9682500            9667 1c000b20 fc173733 p.bclr           x14, x14, 30, 1     x14=00000000 x14:00000000
             9683500            9668 1c000b24 04070e63 beq              x14, x0, 92         x14:00000000
             9703500            9688 1c000b80 00800693 addi             x13, x0, 8          x13=00000008
             9704500            9689 1c000b84 00100713 addi             x14, x0, 1          x14=00000001
             9705500            9690 1c000b86 00d71733 sll              x14, x14, x13       x14=00000100 x14:00000001 x13:00000008
             9706500            9691 1c000b8a fff70713 addi             x14, x14, -1        x14=000000ff x14:00000100
             9707500            9692 1c000b8c 1b2046b7 lui              x13, 0x1b204000     x13=1b204000
             9724500            9709 1c000b90 08e6a223 sw               x14, 132(x13)       x14:000000ff x13:1b204000  PA:1b204084
             9725500            9710 1c000b94 20078693 addi             x13, x15, 512       x13=1b204200 x15:1b204000
             9726500            9711 1c000b98 00e6a023 sw               x14, 0(x13)         x14:000000ff x13:1b204200  PA:1b204200
             9727500            9712 1c000b9a 20c78793 addi             x15, x15, 524       x15=1b20420c x15:1b204000
             9728500            9713 1c000b9e 00e7a023 sw               x14, 0(x15)         x14:000000ff x15:1b20420c  PA:1b20420c
             9729500            9714 1c000ba0 00008067 jalr             x0, x1, 0            x1:1c000c70
             9731500            9716 1c000c70 00000513 addi             x10, x0, 0          x10=00000000
             9732500            9717 1c000c72 f7bff06f jal              x0, -134           
             9750500            9735 1c000bec 02c12083 lw               x1, 44(x2)           x1=1c000d26  x2:10000940  PA:1000096c
             9751500            9736 1c000bee 02812403 lw               x8, 40(x2)           x8=10000990  x2:10000940  PA:10000968
             9767500            9752 1c000bf0 02412483 lw               x9, 36(x2)           x9=10000180  x2:10000940  PA:10000964
             9768500            9753 1c000bf2 02012903 lw               x18, 32(x2)         x18=00000000  x2:10000940  PA:10000960
             9769500            9754 1c000bf4 01c12983 lw               x19, 28(x2)         x19=00000000  x2:10000940  PA:1000095c
             9770500            9755 1c000bf6 01812a03 lw               x20, 24(x2)         x20=00000000  x2:10000940  PA:10000958
             9771500            9756 1c000bf8 01412a83 lw               x21, 20(x2)         x21=00000000  x2:10000940  PA:10000954
             9772500            9757 1c000bfa 01012b03 lw               x22, 16(x2)         x22=00000000  x2:10000940  PA:10000950
             9773500            9758 1c000bfc 03010113 addi             x2, x2, 48           x2=10000970  x2:10000940
             9774500            9759 1c000bfe 00008067 jalr             x0, x1, 0            x1:1c000d26
             9791500            9776 1c000d26 fc0510e3 bne              x10, x0, -64        x10:00000000
             9792500            9777 1c000d28 fe040113 addi             x2, x8, -32          x2=10000970  x8:10000990
             9793500            9778 1c000d2c 01c12083 lw               x1, 28(x2)           x1=1c0000d8  x2:10000970  PA:1000098c
             9794500            9779 1c000d2e 01812403 lw               x8, 24(x2)           x8=00000000  x2:10000970  PA:10000988
             9810500            9795 1c000d30 01412483 lw               x9, 20(x2)           x9=00000000  x2:10000970  PA:10000984
             9811500            9796 1c000d32 01012903 lw               x18, 16(x2)         x18=00000000  x2:10000970  PA:10000980
             9812500            9797 1c000d34 00c12983 lw               x19, 12(x2)         x19=00000000  x2:10000970  PA:1000097c
             9813500            9798 1c000d36 00812a03 lw               x20, 8(x2)          x20=00000000  x2:10000970  PA:10000978
             9814500            9799 1c000d38 02010113 addi             x2, x2, 32           x2=10000990  x2:10000970
             9815500            9800 1c000d3a 00008067 jalr             x0, x1, 0            x1:1c0000d8
             9833500            9818 1c0000d8 00000513 addi             x10, x0, 0          x10=00000000
             9834500            9819 1c0000dc 00000593 addi             x11, x0, 0          x11=00000000
             9851500            9836 1c0000e0 00001397 auipc            x7, 0x1000           x7=1c0010e0
             9852500            9837 1c0000e4 96c38393 addi             x7, x7, -1684        x7=1c000a4c  x7:1c0010e0
             9854500            9839 1c0000e8 000380e7 jalr             x1, x7, 0            x1=1c0000ec  x7:1c000a4c
             9888500            9873 1c000a4c fe010113 addi             x2, x2, -32          x2=10000970  x2:10000990
             9889500            9874 1c000a4e 00100593 addi             x11, x0, 1          x11=00000001
             9905500            9890 1c000a50 00000513 addi             x10, x0, 0          x10=00000000
             9906500            9891 1c000a52 00112e23 sw               x1, 28(x2)           x1:1c0000ec  x2:10000970  PA:1000098c
             9907500            9892 1c000a54 00812c23 sw               x8, 24(x2)           x8:00000000  x2:10000970  PA:10000988
             9908500            9893 1c000a56 00912a23 sw               x9, 20(x2)           x9:00000000  x2:10000970  PA:10000984
             9909500            9894 1c000a58 01212823 sw               x18, 16(x2)         x18:00000000  x2:10000970  PA:10000980
             9910500            9895 1c000a5a 4aa000ef jal              x1, 1194             x1=1c000a5c
             9912500            9897 1c000f04 fe010113 addi             x2, x2, -32          x2=10000950  x2:10000970
             9913500            9898 1c000f06 01312623 sw               x19, 12(x2)         x19:00000000  x2:10000950  PA:1000095c
             9914500            9899 1c000f08 00b009b3 add              x19, x0, x11        x19=00000001 x11:00000001
             9915500            9900 1c000f0a 00112e23 sw               x1, 28(x2)           x1:1c000a5c  x2:10000950  PA:1000096c
             9916500            9901 1c000f0c 00812c23 sw               x8, 24(x2)           x8:00000000  x2:10000950  PA:10000968
             9917500            9902 1c000f0e 00912a23 sw               x9, 20(x2)           x9:00000000  x2:10000950  PA:10000964
             9918500            9903 1c000f10 01212823 sw               x18, 16(x2)         x18:00000000  x2:10000950  PA:10000960
             9919500            9904 1c000f12 01412423 sw               x20, 8(x2)          x20:00000000  x2:10000950  PA:10000958
             9920500            9905 1c000f14 01512223 sw               x21, 4(x2)          x21:00000000  x2:10000950  PA:10000954
             9921500            9906 1c000f16 01612023 sw               x22, 0(x2)          x22:00000000  x2:10000950  PA:10000950
             9922500            9907 1c000f18 30047af3 csrrci           x21, 0x00000008, 0x300 x21=00001808
             9926500            9911 1c000f1c 00a00933 add              x18, x0, x10        x18=00000000 x10:00000000
             9927500            9912 1c000f1e 00051763 bne              x10, x0, 14         x10:00000000
             9928500            9913 1c000f20 100007b7 lui              x15, 0x10000000     x15=10000000
             9929500            9914 1c000f24 15c7a783 lw               x15, 348(x15)       x15=10000070 x15:10000000  PA:1000015c
             9931500            9916 1c000f28 0b87a903 lw               x18, 184(x15)       x18=1000013c x15:10000070  PA:10000128
             9932500            9917 1c000f2c 07000593 addi             x11, x0, 112        x11=00000070
             9933500            9918 1c000f30 02b985b3 mul              x11, x19, x11       x11=00000070 x19:00000001 x11:00000070
             9934500            9919 1c000f34 f1402573 csrrs            x10, x0, 0xf14      x10=00000000
             9935500            9920 1c000f38 40555513 srai             x10, x10, 0x405     x10=00000000 x10:00000000
             9936500            9921 1c000f3a f2653533 p.bclr           x10, x10, 25, 6     x10=00000000 x10:00000000
             9937500            9922 1c000f3e 00250513 addi             x10, x10, 2         x10=00000002 x10:00000000
             9938500            9923 1c000f40 290000ef jal              x1, 656              x1=1c000f42
             9940500            9925 1c0011d0 00100793 addi             x15, x0, 1          x15=00000001
             9941500            9926 1c0011d2 00a7fa63 bgeu             x15, x10, 20        x15:00000001 x10:00000002
             9942500            9927 1c0011d6 1c0027b7 lui              x15, 0x1c002000     x15=1c002000
             9943500            9928 1c0011da 69c7a783 lw               x15, 1692(x15)      x15=10000990 x15:1c002000  PA:1c00269c
             9957500            9942 1c0011de ffe50513 addi             x10, x10, -2        x10=00000000 x10:00000002
             9958500            9943 1c0011e0 00251513 slli             x10, x10, 0x2       x10=00000000 x10:00000000
             9959500            9944 1c0011e2 00f50533 add              x10, x10, x15       x10=10000990 x10:00000000 x15:10000990
             9960500            9945 1c0011e4 f6fff06f jal              x0, -146           
             9962500            9947 1c001152 00052783 lw               x15, 0(x10)         x15=100009a0 x10:10000990  PA:10000990
             9963500            9948 1c001154 00758593 addi             x11, x11, 7         x11=00000077 x11:00000070
             9964500            9949 1c001156 c405b5b3 p.bclr           x11, x11, 2, 0      x11=00000070 x11:00000077
             9965500            9950 1c00115a 00000693 addi             x13, x0, 0          x13=00000000
             9966500            9951 1c00115c 00078963 beq              x15, x0, 18         x15:100009a0
             9967500            9952 1c00115e 0007a703 lw               x14, 0(x15)         x14=000fbdf0 x15:100009a0  PA:100009a0
             9969500            9954 1c001160 00b74963 blt              x14, x11, 18        x14:000fbdf0 x11:00000070
             9970500            9955 1c001164 00b71c63 bne              x14, x11, 24        x14:000fbdf0 x11:00000070
             9973500            9958 1c00117c 40b70733 sub              x14, x14, x11       x14=000fbd80 x14:000fbdf0 x11:00000070
             9974500            9959 1c00117e 00e7a023 sw               x14, 0(x15)         x14:000fbd80 x15:100009a0  PA:100009a0
             9975500            9960 1c001180 00e787b3 add              x15, x15, x14       x15=100fc720 x15:100009a0 x14:000fbd80
             9976500            9961 1c001182 fedff06f jal              x0, -20            
             9978500            9963 1c00116e 00f00533 add              x10, x0, x15        x10=100fc720 x15:100fc720
             9979500            9964 1c001170 00008067 jalr             x0, x1, 0            x1:1c000f42
             9981500            9966 1c000f42 00a00433 add              x8, x0, x10          x8=100fc720 x10:100fc720
             9982500            9967 1c000f44 fff00513 addi             x10, x0, -1         x10=ffffffff
             9983500            9968 1c000f46 00040c63 beq              x8, x0, 24           x8:100fc720
             9984500            9969 1c000f48 00840413 addi             x8, x8, 8            x8=100fc728  x8:100fc720
             9985500            9970 1c000f4a 00000493 addi             x9, x0, 0            x9=00000000
             9986500            9971 1c000f4c 10000b37 lui              x22, 0x10000000     x22=10000000
             9987500            9972 1c000f50 ff840a13 addi             x20, x8, -8         x20=100fc720  x8:100fc728
             9988500            9973 1c000f54 0134cf63 blt              x9, x19, 30          x9:00000000 x19:00000001
             9991500            9976 1c000f72 012005b3 add              x11, x0, x18        x11=1000013c x18:1000013c
             9992500            9977 1c000f74 01400533 add              x10, x0, x20        x10=100fc720 x20:100fc720
             9993500            9978 1c000f76 f43ff0ef jal              x1, -190             x1=1c000f78
             9995500            9980 1c000eb8 ff010113 addi             x2, x2, -16          x2=10000940  x2:10000950
             9996500            9981 1c000eba 00812423 sw               x8, 8(x2)            x8:100fc728  x2:10000940  PA:10000948
             9997500            9982 1c000ebc 00912223 sw               x9, 4(x2)            x9:00000000  x2:10000940  PA:10000944
             9998500            9983 1c000ebe 00112623 sw               x1, 12(x2)           x1:1c000f78  x2:10000940  PA:1000094c
             9999500            9984 1c000ec0 00a00433 add              x8, x0, x10          x8=100fc720 x10:100fc720
            10000500            9985 1c000ec2 00b004b3 add              x9, x0, x11          x9=1000013c x11:1000013c
            10001500            9986 1c000ec4 00052823 sw               x0, 16(x10)         x10:100fc720  PA:100fc730
            10002500            9987 1c000ec8 00052a23 sw               x0, 20(x10)         x10:100fc720  PA:100fc734
            10003500            9988 1c000ecc 01000593 addi             x11, x0, 16         x11=00000010
            10004500            9989 1c000ece 00000513 addi             x10, x0, 0          x10=00000000
            10005500            9990 1c000ed0 300000ef jal              x1, 768              x1=1c000ed2
            10007500            9992 1c0011d0 00100793 addi             x15, x0, 1          x15=00000001
            10008500            9993 1c0011d2 00a7fa63 bgeu             x15, x10, 20        x15:00000001 x10:00000000
            10011500            9996 1c0011e6 1c0027b7 lui              x15, 0x1c002000     x15=1c002000
            10012500            9997 1c0011ea 00251513 slli             x10, x10, 0x2       x10=00000000 x10:00000000
            10013500            9998 1c0011ec 6a078793 addi             x15, x15, 1696      x15=1c0026a0 x15:1c002000
            10014500            9999 1c0011f0 ff3ff06f jal              x0, -14            
            10016500           10001 1c0011e2 00f50533 add              x10, x10, x15       x10=1c0026a0 x10:00000000 x15:1c0026a0
            10017500           10002 1c0011e4 f6fff06f jal              x0, -146           
            10019500           10004 1c001152 00052783 lw               x15, 0(x10)         x15=1c0026b8 x10:1c0026a0  PA:1c0026a0
            10033500           10018 1c001154 00758593 addi             x11, x11, 7         x11=00000017 x11:00000010
            10034500           10019 1c001156 c405b5b3 p.bclr           x11, x11, 2, 0      x11=00000010 x11:00000017
            10035500           10020 1c00115a 00000693 addi             x13, x0, 0          x13=00000000
            10036500           10021 1c00115c 00078963 beq              x15, x0, 18         x15:1c0026b8
            10037500           10022 1c00115e 0007a703 lw               x14, 0(x15)         x14=002cd918 x15:1c0026b8  PA:1c0026b8
            10052500           10037 1c001160 00b74963 blt              x14, x11, 18        x14:002cd918 x11:00000010
            10053500           10038 1c001164 00b71c63 bne              x14, x11, 24        x14:002cd918 x11:00000010
            10056500           10041 1c00117c 40b70733 sub              x14, x14, x11       x14=002cd908 x14:002cd918 x11:00000010
            10057500           10042 1c00117e 00e7a023 sw               x14, 0(x15)         x14:002cd908 x15:1c0026b8  PA:1c0026b8
            10075500           10060 1c001180 00e787b3 add              x15, x15, x14       x15=1c2cffc0 x15:1c0026b8 x14:002cd908
            10076500           10061 1c001182 fedff06f jal              x0, -20            
            10078500           10063 1c00116e 00f00533 add              x10, x0, x15        x10=1c2cffc0 x15:1c2cffc0
            10079500           10064 1c001170 00008067 jalr             x0, x1, 0            x1:1c000ed2
            10081500           10066 1c000ed2 06a42623 sw               x10, 108(x8)        x10:1c2cffc0  x8:100fc720  PA:100fc78c
            10082500           10067 1c000ed4 00942623 sw               x9, 12(x8)           x9:1000013c  x8:100fc720  PA:100fc72c
            10083500           10068 1c000ed6 00042023 sw               x0, 0(x8)            x8:100fc720  PA:100fc720
            10084500           10069 1c000eda 00c12083 lw               x1, 12(x2)           x1=1c000f78  x2:10000940  PA:1000094c
            10085500           10070 1c000edc 00812403 lw               x8, 8(x2)            x8=100fc728  x2:10000940  PA:10000948
            10086500           10071 1c000ede 00412483 lw               x9, 4(x2)            x9=00000000  x2:10000940  PA:10000944
            10087500           10072 1c000ee0 01010113 addi             x2, x2, 16           x2=10000950  x2:10000940
            10088500           10073 1c000ee2 00008067 jalr             x0, x1, 0            x1:1c000f78
            10090500           10075 1c000f78 138b0793 addi             x15, x22, 312       x15=10000138 x22:10000000
            10091500           10076 1c000f7c 0007a703 lw               x14, 0(x15)         x14=100000b8 x15:10000138  PA:10000138
            10092500           10077 1c000f7e 00148493 addi             x9, x9, 1            x9=00000001  x9:00000000
            10093500           10078 1c000f80 06e4282b p.sw             x14, 112(x8!)        x8=100fc798 x14:100000b8  x8:100fc728  PA:100fc728
            10094500           10079 1c000f84 0147a023 sw               x20, 0(x15)         x20:100fc720 x15:10000138  PA:10000138
            10095500           10080 1c000f88 fc9ff06f jal              x0, -56            
            10097500           10082 1c000f50 ff840a13 addi             x20, x8, -8         x20=100fc790  x8:100fc798
            10098500           10083 1c000f54 0134cf63 blt              x9, x19, 30          x9:00000001 x19:00000001
            10099500           10084 1c000f58 300a9073 csrrw            x0, x21, 0x300      x21:00001808
            10103500           10088 1c000f5c 00000513 addi             x10, x0, 0          x10=00000000
            10104500           10089 1c000f5e 01c12083 lw               x1, 28(x2)           x1=1c000a5c  x2:10000950  PA:1000096c
            10105500           10090 1c000f60 01812403 lw               x8, 24(x2)           x8=00000000  x2:10000950  PA:10000968
            10106500           10091 1c000f62 01412483 lw               x9, 20(x2)           x9=00000000  x2:10000950  PA:10000964
            10107500           10092 1c000f64 01012903 lw               x18, 16(x2)         x18=00000000  x2:10000950  PA:10000960
            10108500           10093 1c000f66 00c12983 lw               x19, 12(x2)         x19=00000000  x2:10000950  PA:1000095c
            10109500           10094 1c000f68 00812a03 lw               x20, 8(x2)          x20=00000000  x2:10000950  PA:10000958
            10110500           10095 1c000f6a 00412a83 lw               x21, 4(x2)          x21=00000000  x2:10000950  PA:10000954
            10111500           10096 1c000f6c 00012b03 lw               x22, 0(x2)          x22=00000000  x2:10000950  PA:10000950
            10112500           10097 1c000f6e 02010113 addi             x2, x2, 32           x2=10000970  x2:10000950
            10113500           10098 1c000f70 00008067 jalr             x0, x1, 0            x1:1c000a5c
            10115500           10100 1c000a5c 1c0015b7 lui              x11, 0x1c001000     x11=1c001000
            10132500           10117 1c000a60 00000613 addi             x12, x0, 0          x12=00000000
            10133500           10118 1c000a62 9ba58593 addi             x11, x11, -1606     x11=1c0009ba x11:1c001000
            10134500           10119 1c000a66 00000513 addi             x10, x0, 0          x10=00000000
            10135500           10120 1c000a68 522000ef jal              x1, 1314             x1=1c000a6a
            10137500           10122 1c000f8a 300476f3 csrrci           x13, 0x00000008, 0x300 x13=00001808
            10141500           10126 1c000f8e 00051763 bne              x10, x0, 14         x10:00000000
            10155500           10140 1c000f90 100007b7 lui              x15, 0x10000000     x15=10000000
            10156500           10141 1c000f94 15c7a783 lw               x15, 348(x15)       x15=10000070 x15:10000000  PA:1000015c
            10158500           10143 1c000f98 0b87a503 lw               x10, 184(x15)       x10=1000013c x15:10000070  PA:10000128
            10159500           10144 1c000f9c 10000737 lui              x14, 0x10000000     x14=10000000
            10175500           10160 1c000fa0 13870713 addi             x14, x14, 312       x14=10000138 x14:10000000
            10176500           10161 1c000fa4 00072783 lw               x15, 0(x14)         x15=100fc720 x14:10000138  PA:10000138
            10178500           10163 1c000fa6 00078863 beq              x15, x0, 16         x15:100fc720
            10179500           10164 1c000fa8 0087a803 lw               x16, 8(x15)         x16=100000b8 x15:100fc720  PA:100fc728
            10180500           10165 1c000fac 00c7a223 sw               x12, 4(x15)         x12:00000000 x15:100fc720  PA:100fc724
            10181500           10166 1c000fae 00a7a623 sw               x10, 12(x15)        x10:1000013c x15:100fc720  PA:100fc72c
            10197500           10182 1c000fb0 01072023 sw               x16, 0(x14)         x16:100000b8 x14:10000138  PA:10000138
            10198500           10183 1c000fb4 00b7a023 sw               x11, 0(x15)         x11:1c0009ba x15:100fc720  PA:100fc720
            10199500           10184 1c000fb6 30069073 csrrw            x0, x13, 0x300      x13:00001808
            10203500           10188 1c000fba 00f00533 add              x10, x0, x15        x10=100fc720 x15:100fc720
            10204500           10189 1c000fbc 00008067 jalr             x0, x1, 0            x1:1c000a6a
            10222500           10207 1c000a6a 00a004b3 add              x9, x0, x10          x9=100fc720 x10:100fc720
            10223500           10208 1c000a6c 00000413 addi             x8, x0, 0            x8=00000000
            10224500           10209 1c000a6e 008005b3 add              x11, x0, x8         x11=00000000  x8:00000000
            10240500           10225 1c000a70 009006b3 add              x13, x0, x9         x13=100fc720  x9:100fc720
            10241500           10226 1c000a72 00140413 addi             x8, x8, 1            x8=00000001  x8:00000000
            10242500           10227 1c000a74 00000613 addi             x12, x0, 0          x12=00000000
            10243500           10228 1c000a76 00100513 addi             x10, x0, 1          x10=00000001
            10244500           10229 1c000a78 12b000ef jal              x1, 2346             x1=1c000a7c
            10246500           10231 1c0013a2 fd010113 addi             x2, x2, -48          x2=10000940  x2:10000970
            10247500           10232 1c0013a4 02812423 sw               x8, 40(x2)           x8:00000001  x2:10000940  PA:10000968
            10248500           10233 1c0013a6 00b00433 add              x8, x0, x11          x8=00000000 x11:00000000
            10249500           10234 1c0013a8 02112623 sw               x1, 44(x2)           x1:1c000a7c  x2:10000940  PA:1000096c
            10250500           10235 1c0013aa 02912223 sw               x9, 36(x2)           x9:100fc720  x2:10000940  PA:10000964
            10251500           10236 1c0013ac 03212023 sw               x18, 32(x2)         x18:00000000  x2:10000940  PA:10000960
            10252500           10237 1c0013ae 01312e23 sw               x19, 28(x2)         x19:00000000  x2:10000940  PA:1000095c
            10268500           10253 1c0013b0 01412c23 sw               x20, 24(x2)         x20:00000000  x2:10000940  PA:10000958
            10269500           10254 1c0013b2 01512a23 sw               x21, 20(x2)         x21:00000000  x2:10000940  PA:10000954
            10270500           10255 1c0013b4 30047973 csrrci           x18, 0x00000008, 0x300 x18=00001808
            10274500           10259 1c0013b8 01800a13 addi             x20, x0, 24         x20=00000018
            10275500           10260 1c0013ba 03458a33 mul              x20, x11, x20       x20=00000000 x11:00000000 x20:00000018
            10292500           10277 1c0013be 1c002737 lui              x14, 0x1c002000     x14=1c002000
            10293500           10278 1c0013c2 6a872783 lw               x15, 1704(x14)      x15=1c2fff50 x14:1c002000  PA:1c0026a8
            10307500           10292 1c0013c6 00e00ab3 add              x21, x0, x14        x21=1c002000 x14:1c002000
            10308500           10293 1c0013c8 014787b3 add              x15, x15, x20       x15=1c2fff50 x15:1c2fff50 x20:00000000
            10309500           10294 1c0013ca 0007a703 lw               x14, 0(x15)         x14=00000001 x15:1c2fff50  PA:1c2fff50
            10323500           10308 1c0013cc 02050363 beq              x10, x0, 38         x10:00000001
            10324500           10309 1c0013ce 00170713 addi             x14, x14, 1         x14=00000002 x14:00000001
            10325500           10310 1c0013d0 00e7a023 sw               x14, 0(x15)         x14:00000002 x15:1c2fff50  PA:1c2fff50
            10343500           10328 1c0013d2 0007a483 lw               x9, 0(x15)           x9=00000002 x15:1c2fff50  PA:1c2fff50
            10358500           10343 1c0013d4 02049163 bne              x9, x0, 34           x9:00000002
            10361500           10346 1c0013f6 fe14b3e3 p.bneimm         x9, -26              x9:00000002
            10364500           10349 1c0013dc 30091073 csrrw            x0, x18, 0x300      x18:00001808
            10368500           10353 1c0013e0 02c12083 lw               x1, 44(x2)           x1=1c000a7c  x2:10000940  PA:1000096c
            10369500           10354 1c0013e2 02812403 lw               x8, 40(x2)           x8=00000001  x2:10000940  PA:10000968
            10370500           10355 1c0013e4 02412483 lw               x9, 36(x2)           x9=100fc720  x2:10000940  PA:10000964
            10371500           10356 1c0013e6 02012903 lw               x18, 32(x2)         x18=00000000  x2:10000940  PA:10000960
            10372500           10357 1c0013e8 01c12983 lw               x19, 28(x2)         x19=00000000  x2:10000940  PA:1000095c
            10373500           10358 1c0013ea 01812a03 lw               x20, 24(x2)         x20=00000000  x2:10000940  PA:10000958
            10374500           10359 1c0013ec 01412a83 lw               x21, 20(x2)         x21=00000000  x2:10000940  PA:10000954
            10375500           10360 1c0013ee 03010113 addi             x2, x2, 48           x2=10000970  x2:10000940
            10376500           10361 1c0013f0 00008067 jalr             x0, x1, 0            x1:1c000a7c
            10378500           10363 1c000a7c fe4439e3 p.bneimm         x8, -14              x8:00000001
            10396500           10381 1c000a6e 008005b3 add              x11, x0, x8         x11=00000001  x8:00000001
            10397500           10382 1c000a70 009006b3 add              x13, x0, x9         x13=100fc720  x9:100fc720
            10398500           10383 1c000a72 00140413 addi             x8, x8, 1            x8=00000002  x8:00000001
            10399500           10384 1c000a74 00000613 addi             x12, x0, 0          x12=00000000
            10400500           10385 1c000a76 00100513 addi             x10, x0, 1          x10=00000001
            10401500           10386 1c000a78 12b000ef jal              x1, 2346             x1=1c000a7c
            10403500           10388 1c0013a2 fd010113 addi             x2, x2, -48          x2=10000940  x2:10000970
            10404500           10389 1c0013a4 02812423 sw               x8, 40(x2)           x8:00000002  x2:10000940  PA:10000968
            10405500           10390 1c0013a6 00b00433 add              x8, x0, x11          x8=00000001 x11:00000001
            10406500           10391 1c0013a8 02112623 sw               x1, 44(x2)           x1:1c000a7c  x2:10000940  PA:1000096c
            10407500           10392 1c0013aa 02912223 sw               x9, 36(x2)           x9:100fc720  x2:10000940  PA:10000964
            10408500           10393 1c0013ac 03212023 sw               x18, 32(x2)         x18:00000000  x2:10000940  PA:10000960
            10409500           10394 1c0013ae 01312e23 sw               x19, 28(x2)         x19:00000000  x2:10000940  PA:1000095c
            10410500           10395 1c0013b0 01412c23 sw               x20, 24(x2)         x20:00000000  x2:10000940  PA:10000958
            10411500           10396 1c0013b2 01512a23 sw               x21, 20(x2)         x21:00000000  x2:10000940  PA:10000954
            10412500           10397 1c0013b4 30047973 csrrci           x18, 0x00000008, 0x300 x18=00001808
            10416500           10401 1c0013b8 01800a13 addi             x20, x0, 24         x20=00000018
            10417500           10402 1c0013ba 03458a33 mul              x20, x11, x20       x20=00000018 x11:00000001 x20:00000018
            10418500           10403 1c0013be 1c002737 lui              x14, 0x1c002000     x14=1c002000
            10419500           10404 1c0013c2 6a872783 lw               x15, 1704(x14)      x15=1c2fff50 x14:1c002000  PA:1c0026a8
            10433500           10418 1c0013c6 00e00ab3 add              x21, x0, x14        x21=1c002000 x14:1c002000
            10434500           10419 1c0013c8 014787b3 add              x15, x15, x20       x15=1c2fff68 x15:1c2fff50 x20:00000018
            10435500           10420 1c0013ca 0007a703 lw               x14, 0(x15)         x14=00000000 x15:1c2fff68  PA:1c2fff68
            10449500           10434 1c0013cc 02050363 beq              x10, x0, 38         x10:00000001
            10450500           10435 1c0013ce 00170713 addi             x14, x14, 1         x14=00000001 x14:00000000
            10451500           10436 1c0013d0 00e7a023 sw               x14, 0(x15)         x14:00000001 x15:1c2fff68  PA:1c2fff68
            10469500           10454 1c0013d2 0007a483 lw               x9, 0(x15)           x9=00000001 x15:1c2fff68  PA:1c2fff68
            10484500           10469 1c0013d4 02049163 bne              x9, x0, 34           x9:00000001
            10487500           10472 1c0013f6 fe14b3e3 p.bneimm         x9, -26              x9:00000001
            10488500           10473 1c0013fa 00800993 addi             x19, x0, 8          x19=00000008
            10489500           10474 1c0013fe 04040f63 beq              x8, x0, 94           x8:00000001
            10490500           10475 1c001400 00800533 add              x10, x0, x8         x10=00000001  x8:00000001
            10491500           10476 1c001402 00d12623 sw               x13, 12(x2)         x13:100fc720  x2:10000940  PA:1000094c
            10492500           10477 1c001404 ed3ff0ef jal              x1, -302             x1=1c001406
            10494500           10479 1c0012d6 ff010113 addi             x2, x2, -16          x2=10000930  x2:10000940
            10495500           10480 1c0012d8 00812423 sw               x8, 8(x2)            x8:00000001  x2:10000930  PA:10000938
            10496500           10481 1c0012da 00912223 sw               x9, 4(x2)            x9:00000001  x2:10000930  PA:10000934
            10497500           10482 1c0012dc 04050413 addi             x8, x10, 64          x8=00000041 x10:00000001
            10498500           10483 1c0012e0 00a004b3 add              x9, x0, x10          x9=00000001 x10:00000001
            10499500           10484 1c0012e2 1b000537 lui              x10, 0x1b000000     x10=1b000000
            10500500           10485 1c0012e6 00850513 addi             x10, x10, 8         x10=1b000008 x10:1b000000
            10501500           10486 1c0012ea 01641413 slli             x8, x8, 0x16         x8=10400000  x8:00000041
            10502500           10487 1c0012ec e6c53533 p.bclr           x10, x10, 19, 12    x10=00000008 x10:1b000008
            10503500           10488 1c0012f0 00850533 add              x10, x10, x8        x10=10400008 x10:00000008  x8:10400000
            10504500           10489 1c0012f2 04000613 addi             x12, x0, 64         x12=00000040
            10505500           10490 1c0012f6 00000593 addi             x11, x0, 0          x11=00000000
            10506500           10491 1c0012f8 00112623 sw               x1, 12(x2)           x1:1c001406  x2:10000930  PA:1000093c
            10507500           10492 1c0012fa 506000ef jal              x1, 1286             x1=1c0012fc
            10509500           10494 1c001800 00a60633 add              x12, x12, x10       x12=10400048 x12:00000040 x10:10400008
            10510500           10495 1c001802 00a007b3 add              x15, x0, x10        x15=10400008 x10:10400008
            10511500           10496 1c001804 00c79363 bne              x15, x12, 6         x15:10400008 x12:10400048
            10514500           10499 1c00180a 00b780ab p.sb             x11, 1(x15!)        x15=10400009 x11:00000000 x15:10400008  PA:10400008
            10534500           10519 1c00180e ff7ff06f jal              x0, -10            
            10535500           10520 1c001804 00c79363 bne              x15, x12, 6         x15:10400009 x12:10400048
            10538500           10523 1c00180a 00b780ab p.sb             x11, 1(x15!)        x15=1040000a x11:00000000 x15:10400009  PA:10400009
            10558500           10543 1c00180e ff7ff06f jal              x0, -10            
            10559500           10544 1c001804 00c79363 bne              x15, x12, 6         x15:1040000a x12:10400048
            10562500           10547 1c00180a 00b780ab p.sb             x11, 1(x15!)        x15=1040000b x11:00000000 x15:1040000a  PA:1040000a
            10582500           10567 1c00180e ff7ff06f jal              x0, -10            
            10583500           10568 1c001804 00c79363 bne              x15, x12, 6         x15:1040000b x12:10400048
            10586500           10571 1c00180a 00b780ab p.sb             x11, 1(x15!)        x15=1040000c x11:00000000 x15:1040000b  PA:1040000b
            10606500           10591 1c00180e ff7ff06f jal              x0, -10            
            10607500           10592 1c001804 00c79363 bne              x15, x12, 6         x15:1040000c x12:10400048
            10610500           10595 1c00180a 00b780ab p.sb             x11, 1(x15!)        x15=1040000d x11:00000000 x15:1040000c  PA:1040000c
            10630500           10615 1c00180e ff7ff06f jal              x0, -10            
            10631500           10616 1c001804 00c79363 bne              x15, x12, 6         x15:1040000d x12:10400048
            10634500           10619 1c00180a 00b780ab p.sb             x11, 1(x15!)        x15=1040000e x11:00000000 x15:1040000d  PA:1040000d
            10654500           10639 1c00180e ff7ff06f jal              x0, -10            
            10655500           10640 1c001804 00c79363 bne              x15, x12, 6         x15:1040000e x12:10400048
            10658500           10643 1c00180a 00b780ab p.sb             x11, 1(x15!)        x15=1040000f x11:00000000 x15:1040000e  PA:1040000e
            10678500           10663 1c00180e ff7ff06f jal              x0, -10            
            10679500           10664 1c001804 00c79363 bne              x15, x12, 6         x15:1040000f x12:10400048
            10682500           10667 1c00180a 00b780ab p.sb             x11, 1(x15!)        x15=10400010 x11:00000000 x15:1040000f  PA:1040000f
            10702500           10687 1c00180e ff7ff06f jal              x0, -10            
            10703500           10688 1c001804 00c79363 bne              x15, x12, 6         x15:10400010 x12:10400048
            10706500           10691 1c00180a 00b780ab p.sb             x11, 1(x15!)        x15=10400011 x11:00000000 x15:10400010  PA:10400010
            10726500           10711 1c00180e ff7ff06f jal              x0, -10            
            10727500           10712 1c001804 00c79363 bne              x15, x12, 6         x15:10400011 x12:10400048
            10730500           10715 1c00180a 00b780ab p.sb             x11, 1(x15!)        x15=10400012 x11:00000000 x15:10400011  PA:10400011
            10750500           10735 1c00180e ff7ff06f jal              x0, -10            
            10751500           10736 1c001804 00c79363 bne              x15, x12, 6         x15:10400012 x12:10400048
            10754500           10739 1c00180a 00b780ab p.sb             x11, 1(x15!)        x15=10400013 x11:00000000 x15:10400012  PA:10400012
            10774500           10759 1c00180e ff7ff06f jal              x0, -10            
            10775500           10760 1c001804 00c79363 bne              x15, x12, 6         x15:10400013 x12:10400048
            10778500           10763 1c00180a 00b780ab p.sb             x11, 1(x15!)        x15=10400014 x11:00000000 x15:10400013  PA:10400013
            10798500           10783 1c00180e ff7ff06f jal              x0, -10            
            10799500           10784 1c001804 00c79363 bne              x15, x12, 6         x15:10400014 x12:10400048
            10802500           10787 1c00180a 00b780ab p.sb             x11, 1(x15!)        x15=10400015 x11:00000000 x15:10400014  PA:10400014
            10822500           10807 1c00180e ff7ff06f jal              x0, -10            
            10823500           10808 1c001804 00c79363 bne              x15, x12, 6         x15:10400015 x12:10400048
            10826500           10811 1c00180a 00b780ab p.sb             x11, 1(x15!)        x15=10400016 x11:00000000 x15:10400015  PA:10400015
            10846500           10831 1c00180e ff7ff06f jal              x0, -10            
            10847500           10832 1c001804 00c79363 bne              x15, x12, 6         x15:10400016 x12:10400048
            10850500           10835 1c00180a 00b780ab p.sb             x11, 1(x15!)        x15=10400017 x11:00000000 x15:10400016  PA:10400016
            10870500           10855 1c00180e ff7ff06f jal              x0, -10            
            10871500           10856 1c001804 00c79363 bne              x15, x12, 6         x15:10400017 x12:10400048
            10874500           10859 1c00180a 00b780ab p.sb             x11, 1(x15!)        x15=10400018 x11:00000000 x15:10400017  PA:10400017
            10894500           10879 1c00180e ff7ff06f jal              x0, -10            
            10895500           10880 1c001804 00c79363 bne              x15, x12, 6         x15:10400018 x12:10400048
            10898500           10883 1c00180a 00b780ab p.sb             x11, 1(x15!)        x15=10400019 x11:00000000 x15:10400018  PA:10400018
            10918500           10903 1c00180e ff7ff06f jal              x0, -10            
            10919500           10904 1c001804 00c79363 bne              x15, x12, 6         x15:10400019 x12:10400048
            10922500           10907 1c00180a 00b780ab p.sb             x11, 1(x15!)        x15=1040001a x11:00000000 x15:10400019  PA:10400019
            10942500           10927 1c00180e ff7ff06f jal              x0, -10            
            10943500           10928 1c001804 00c79363 bne              x15, x12, 6         x15:1040001a x12:10400048
            10946500           10931 1c00180a 00b780ab p.sb             x11, 1(x15!)        x15=1040001b x11:00000000 x15:1040001a  PA:1040001a
            10966500           10951 1c00180e ff7ff06f jal              x0, -10            
            10967500           10952 1c001804 00c79363 bne              x15, x12, 6         x15:1040001b x12:10400048
            10970500           10955 1c00180a 00b780ab p.sb             x11, 1(x15!)        x15=1040001c x11:00000000 x15:1040001b  PA:1040001b
            10990500           10975 1c00180e ff7ff06f jal              x0, -10            
            10991500           10976 1c001804 00c79363 bne              x15, x12, 6         x15:1040001c x12:10400048
            10994500           10979 1c00180a 00b780ab p.sb             x11, 1(x15!)        x15=1040001d x11:00000000 x15:1040001c  PA:1040001c
            11014500           10999 1c00180e ff7ff06f jal              x0, -10            
            11015500           11000 1c001804 00c79363 bne              x15, x12, 6         x15:1040001d x12:10400048
            11018500           11003 1c00180a 00b780ab p.sb             x11, 1(x15!)        x15=1040001e x11:00000000 x15:1040001d  PA:1040001d
            11038500           11023 1c00180e ff7ff06f jal              x0, -10            
            11039500           11024 1c001804 00c79363 bne              x15, x12, 6         x15:1040001e x12:10400048
            11042500           11027 1c00180a 00b780ab p.sb             x11, 1(x15!)        x15=1040001f x11:00000000 x15:1040001e  PA:1040001e
            11062500           11047 1c00180e ff7ff06f jal              x0, -10            
            11063500           11048 1c001804 00c79363 bne              x15, x12, 6         x15:1040001f x12:10400048
            11066500           11051 1c00180a 00b780ab p.sb             x11, 1(x15!)        x15=10400020 x11:00000000 x15:1040001f  PA:1040001f
            11086500           11071 1c00180e ff7ff06f jal              x0, -10            
            11087500           11072 1c001804 00c79363 bne              x15, x12, 6         x15:10400020 x12:10400048
            11090500           11075 1c00180a 00b780ab p.sb             x11, 1(x15!)        x15=10400021 x11:00000000 x15:10400020  PA:10400020
            11110500           11095 1c00180e ff7ff06f jal              x0, -10            
            11111500           11096 1c001804 00c79363 bne              x15, x12, 6         x15:10400021 x12:10400048
            11114500           11099 1c00180a 00b780ab p.sb             x11, 1(x15!)        x15=10400022 x11:00000000 x15:10400021  PA:10400021
            11134500           11119 1c00180e ff7ff06f jal              x0, -10            
            11135500           11120 1c001804 00c79363 bne              x15, x12, 6         x15:10400022 x12:10400048
            11138500           11123 1c00180a 00b780ab p.sb             x11, 1(x15!)        x15=10400023 x11:00000000 x15:10400022  PA:10400022
            11158500           11143 1c00180e ff7ff06f jal              x0, -10            
            11159500           11144 1c001804 00c79363 bne              x15, x12, 6         x15:10400023 x12:10400048
            11162500           11147 1c00180a 00b780ab p.sb             x11, 1(x15!)        x15=10400024 x11:00000000 x15:10400023  PA:10400023
            11182500           11167 1c00180e ff7ff06f jal              x0, -10            
            11183500           11168 1c001804 00c79363 bne              x15, x12, 6         x15:10400024 x12:10400048
            11186500           11171 1c00180a 00b780ab p.sb             x11, 1(x15!)        x15=10400025 x11:00000000 x15:10400024  PA:10400024
            11206500           11191 1c00180e ff7ff06f jal              x0, -10            
            11207500           11192 1c001804 00c79363 bne              x15, x12, 6         x15:10400025 x12:10400048
            11210500           11195 1c00180a 00b780ab p.sb             x11, 1(x15!)        x15=10400026 x11:00000000 x15:10400025  PA:10400025
            11230500           11215 1c00180e ff7ff06f jal              x0, -10            
            11231500           11216 1c001804 00c79363 bne              x15, x12, 6         x15:10400026 x12:10400048
            11234500           11219 1c00180a 00b780ab p.sb             x11, 1(x15!)        x15=10400027 x11:00000000 x15:10400026  PA:10400026
            11254500           11239 1c00180e ff7ff06f jal              x0, -10            
            11255500           11240 1c001804 00c79363 bne              x15, x12, 6         x15:10400027 x12:10400048
            11258500           11243 1c00180a 00b780ab p.sb             x11, 1(x15!)        x15=10400028 x11:00000000 x15:10400027  PA:10400027
            11278500           11263 1c00180e ff7ff06f jal              x0, -10            
            11279500           11264 1c001804 00c79363 bne              x15, x12, 6         x15:10400028 x12:10400048
            11282500           11267 1c00180a 00b780ab p.sb             x11, 1(x15!)        x15=10400029 x11:00000000 x15:10400028  PA:10400028
            11302500           11287 1c00180e ff7ff06f jal              x0, -10            
            11303500           11288 1c001804 00c79363 bne              x15, x12, 6         x15:10400029 x12:10400048
            11306500           11291 1c00180a 00b780ab p.sb             x11, 1(x15!)        x15=1040002a x11:00000000 x15:10400029  PA:10400029
            11326500           11311 1c00180e ff7ff06f jal              x0, -10            
            11327500           11312 1c001804 00c79363 bne              x15, x12, 6         x15:1040002a x12:10400048
            11330500           11315 1c00180a 00b780ab p.sb             x11, 1(x15!)        x15=1040002b x11:00000000 x15:1040002a  PA:1040002a
            11350500           11335 1c00180e ff7ff06f jal              x0, -10            
            11351500           11336 1c001804 00c79363 bne              x15, x12, 6         x15:1040002b x12:10400048
            11354500           11339 1c00180a 00b780ab p.sb             x11, 1(x15!)        x15=1040002c x11:00000000 x15:1040002b  PA:1040002b
            11374500           11359 1c00180e ff7ff06f jal              x0, -10            
            11375500           11360 1c001804 00c79363 bne              x15, x12, 6         x15:1040002c x12:10400048
            11378500           11363 1c00180a 00b780ab p.sb             x11, 1(x15!)        x15=1040002d x11:00000000 x15:1040002c  PA:1040002c
            11398500           11383 1c00180e ff7ff06f jal              x0, -10            
            11399500           11384 1c001804 00c79363 bne              x15, x12, 6         x15:1040002d x12:10400048
            11402500           11387 1c00180a 00b780ab p.sb             x11, 1(x15!)        x15=1040002e x11:00000000 x15:1040002d  PA:1040002d
            11422500           11407 1c00180e ff7ff06f jal              x0, -10            
            11423500           11408 1c001804 00c79363 bne              x15, x12, 6         x15:1040002e x12:10400048
            11426500           11411 1c00180a 00b780ab p.sb             x11, 1(x15!)        x15=1040002f x11:00000000 x15:1040002e  PA:1040002e
            11446500           11431 1c00180e ff7ff06f jal              x0, -10            
            11447500           11432 1c001804 00c79363 bne              x15, x12, 6         x15:1040002f x12:10400048
            11450500           11435 1c00180a 00b780ab p.sb             x11, 1(x15!)        x15=10400030 x11:00000000 x15:1040002f  PA:1040002f
            11470500           11455 1c00180e ff7ff06f jal              x0, -10            
            11471500           11456 1c001804 00c79363 bne              x15, x12, 6         x15:10400030 x12:10400048
            11474500           11459 1c00180a 00b780ab p.sb             x11, 1(x15!)        x15=10400031 x11:00000000 x15:10400030  PA:10400030
            11494500           11479 1c00180e ff7ff06f jal              x0, -10            
            11495500           11480 1c001804 00c79363 bne              x15, x12, 6         x15:10400031 x12:10400048
            11498500           11483 1c00180a 00b780ab p.sb             x11, 1(x15!)        x15=10400032 x11:00000000 x15:10400031  PA:10400031
            11518500           11503 1c00180e ff7ff06f jal              x0, -10            
            11519500           11504 1c001804 00c79363 bne              x15, x12, 6         x15:10400032 x12:10400048
            11522500           11507 1c00180a 00b780ab p.sb             x11, 1(x15!)        x15=10400033 x11:00000000 x15:10400032  PA:10400032
            11542500           11527 1c00180e ff7ff06f jal              x0, -10            
            11543500           11528 1c001804 00c79363 bne              x15, x12, 6         x15:10400033 x12:10400048
            11546500           11531 1c00180a 00b780ab p.sb             x11, 1(x15!)        x15=10400034 x11:00000000 x15:10400033  PA:10400033
            11566500           11551 1c00180e ff7ff06f jal              x0, -10            
            11567500           11552 1c001804 00c79363 bne              x15, x12, 6         x15:10400034 x12:10400048
            11570500           11555 1c00180a 00b780ab p.sb             x11, 1(x15!)        x15=10400035 x11:00000000 x15:10400034  PA:10400034
            11590500           11575 1c00180e ff7ff06f jal              x0, -10            
            11591500           11576 1c001804 00c79363 bne              x15, x12, 6         x15:10400035 x12:10400048
            11594500           11579 1c00180a 00b780ab p.sb             x11, 1(x15!)        x15=10400036 x11:00000000 x15:10400035  PA:10400035
            11614500           11599 1c00180e ff7ff06f jal              x0, -10            
            11615500           11600 1c001804 00c79363 bne              x15, x12, 6         x15:10400036 x12:10400048
            11618500           11603 1c00180a 00b780ab p.sb             x11, 1(x15!)        x15=10400037 x11:00000000 x15:10400036  PA:10400036
            11638500           11623 1c00180e ff7ff06f jal              x0, -10            
            11639500           11624 1c001804 00c79363 bne              x15, x12, 6         x15:10400037 x12:10400048
            11642500           11627 1c00180a 00b780ab p.sb             x11, 1(x15!)        x15=10400038 x11:00000000 x15:10400037  PA:10400037
            11662500           11647 1c00180e ff7ff06f jal              x0, -10            
            11663500           11648 1c001804 00c79363 bne              x15, x12, 6         x15:10400038 x12:10400048
            11666500           11651 1c00180a 00b780ab p.sb             x11, 1(x15!)        x15=10400039 x11:00000000 x15:10400038  PA:10400038
            11686500           11671 1c00180e ff7ff06f jal              x0, -10            
            11687500           11672 1c001804 00c79363 bne              x15, x12, 6         x15:10400039 x12:10400048
            11690500           11675 1c00180a 00b780ab p.sb             x11, 1(x15!)        x15=1040003a x11:00000000 x15:10400039  PA:10400039
            11710500           11695 1c00180e ff7ff06f jal              x0, -10            
            11711500           11696 1c001804 00c79363 bne              x15, x12, 6         x15:1040003a x12:10400048
            11714500           11699 1c00180a 00b780ab p.sb             x11, 1(x15!)        x15=1040003b x11:00000000 x15:1040003a  PA:1040003a
            11734500           11719 1c00180e ff7ff06f jal              x0, -10            
            11735500           11720 1c001804 00c79363 bne              x15, x12, 6         x15:1040003b x12:10400048
            11738500           11723 1c00180a 00b780ab p.sb             x11, 1(x15!)        x15=1040003c x11:00000000 x15:1040003b  PA:1040003b
            11758500           11743 1c00180e ff7ff06f jal              x0, -10            
            11759500           11744 1c001804 00c79363 bne              x15, x12, 6         x15:1040003c x12:10400048
            11762500           11747 1c00180a 00b780ab p.sb             x11, 1(x15!)        x15=1040003d x11:00000000 x15:1040003c  PA:1040003c
            11782500           11767 1c00180e ff7ff06f jal              x0, -10            
            11783500           11768 1c001804 00c79363 bne              x15, x12, 6         x15:1040003d x12:10400048
            11786500           11771 1c00180a 00b780ab p.sb             x11, 1(x15!)        x15=1040003e x11:00000000 x15:1040003d  PA:1040003d
            11806500           11791 1c00180e ff7ff06f jal              x0, -10            
            11807500           11792 1c001804 00c79363 bne              x15, x12, 6         x15:1040003e x12:10400048
            11810500           11795 1c00180a 00b780ab p.sb             x11, 1(x15!)        x15=1040003f x11:00000000 x15:1040003e  PA:1040003e
            11830500           11815 1c00180e ff7ff06f jal              x0, -10            
            11831500           11816 1c001804 00c79363 bne              x15, x12, 6         x15:1040003f x12:10400048
            11834500           11819 1c00180a 00b780ab p.sb             x11, 1(x15!)        x15=10400040 x11:00000000 x15:1040003f  PA:1040003f
            11854500           11839 1c00180e ff7ff06f jal              x0, -10            
            11855500           11840 1c001804 00c79363 bne              x15, x12, 6         x15:10400040 x12:10400048
            11858500           11843 1c00180a 00b780ab p.sb             x11, 1(x15!)        x15=10400041 x11:00000000 x15:10400040  PA:10400040
            11878500           11863 1c00180e ff7ff06f jal              x0, -10            
            11879500           11864 1c001804 00c79363 bne              x15, x12, 6         x15:10400041 x12:10400048
            11882500           11867 1c00180a 00b780ab p.sb             x11, 1(x15!)        x15=10400042 x11:00000000 x15:10400041  PA:10400041
            11902500           11887 1c00180e ff7ff06f jal              x0, -10            
            11903500           11888 1c001804 00c79363 bne              x15, x12, 6         x15:10400042 x12:10400048
            11906500           11891 1c00180a 00b780ab p.sb             x11, 1(x15!)        x15=10400043 x11:00000000 x15:10400042  PA:10400042
            11926500           11911 1c00180e ff7ff06f jal              x0, -10            
            11927500           11912 1c001804 00c79363 bne              x15, x12, 6         x15:10400043 x12:10400048
            11930500           11915 1c00180a 00b780ab p.sb             x11, 1(x15!)        x15=10400044 x11:00000000 x15:10400043  PA:10400043
            11950500           11935 1c00180e ff7ff06f jal              x0, -10            
            11951500           11936 1c001804 00c79363 bne              x15, x12, 6         x15:10400044 x12:10400048
            11954500           11939 1c00180a 00b780ab p.sb             x11, 1(x15!)        x15=10400045 x11:00000000 x15:10400044  PA:10400044
            11974500           11959 1c00180e ff7ff06f jal              x0, -10            
            11975500           11960 1c001804 00c79363 bne              x15, x12, 6         x15:10400045 x12:10400048
            11978500           11963 1c00180a 00b780ab p.sb             x11, 1(x15!)        x15=10400046 x11:00000000 x15:10400045  PA:10400045
            11998500           11983 1c00180e ff7ff06f jal              x0, -10            
            11999500           11984 1c001804 00c79363 bne              x15, x12, 6         x15:10400046 x12:10400048
            12002500           11987 1c00180a 00b780ab p.sb             x11, 1(x15!)        x15=10400047 x11:00000000 x15:10400046  PA:10400046
            12022500           12007 1c00180e ff7ff06f jal              x0, -10            
            12023500           12008 1c001804 00c79363 bne              x15, x12, 6         x15:10400047 x12:10400048
            12026500           12011 1c00180a 00b780ab p.sb             x11, 1(x15!)        x15=10400048 x11:00000000 x15:10400047  PA:10400047
            12046500           12031 1c00180e ff7ff06f jal              x0, -10            
            12047500           12032 1c001804 00c79363 bne              x15, x12, 6         x15:10400048 x12:10400048
            12048500           12033 1c001808 00008067 jalr             x0, x1, 0            x1:1c0012fc
            12050500           12035 1c0012fc 1c0027b7 lui              x15, 0x1c002000     x15=1c002000
            12051500           12036 1c001300 6a87a783 lw               x15, 1704(x15)      x15=1c2fff50 x15:1c002000  PA:1c0026a8
            12065500           12050 1c001304 01800713 addi             x14, x0, 24         x14=00000018
            12066500           12051 1c001306 00c12083 lw               x1, 12(x2)           x1=1c001406  x2:10000930  PA:1000093c
            12067500           12052 1c001308 42e487b3 p.mac            x15, x9, x14        x15=1c2fff68 x15:1c2fff50  x9:00000001 x14:00000018
            12068500           12053 1c00130c 00201737 lui              x14, 0x201000       x14=00201000
            12069500           12054 1c001310 e0470713 addi             x14, x14, -508      x14=00200e04 x14:00201000
            12070500           12055 1c001314 00e40433 add              x8, x8, x14          x8=10600e04  x8:10400000 x14:00200e04
            12071500           12056 1c001316 00412483 lw               x9, 4(x2)            x9=00000001  x2:10000930  PA:10000934
            12072500           12057 1c001318 0087aa23 sw               x8, 20(x15)          x8:10600e04 x15:1c2fff68  PA:1c2fff7c
            12090500           12075 1c00131a 00812403 lw               x8, 8(x2)            x8=00000001  x2:10000930  PA:10000938
            12091500           12076 1c00131c 0007a623 sw               x0, 12(x15)         x15:1c2fff68  PA:1c2fff74
            12109500           12094 1c001320 01010113 addi             x2, x2, 16           x2=10000940  x2:10000930
            12110500           12095 1c001322 00008067 jalr             x0, x1, 0            x1:1c001406
            12112500           12097 1c001406 00800533 add              x10, x0, x8         x10=00000001  x8:00000001
            12113500           12098 1c001408 e0dff0ef jal              x1, -500             x1=1c00140a
            12131500           12116 1c001214 1c0027b7 lui              x15, 0x1c002000     x15=1c002000
            12132500           12117 1c001218 69c7a703 lw               x14, 1692(x15)      x14=10000990 x15:1c002000  PA:1c00269c
            12147500           12132 1c00121c 100017b7 lui              x15, 0x10001000     x15=10001000
            12151500           12136 1c001220 01651593 slli             x11, x10, 0x16      x11=00400000 x10:00000001
            12152500           12137 1c001224 000ff637 lui              x12, 0xff000        x12=000ff000
            12153500           12138 1c001228 00251513 slli             x10, x10, 0x2       x10=00000004 x10:00000001
            12154500           12139 1c00122a 99078793 addi             x15, x15, -1648     x15=10000990 x15:10001000
            12155500           12140 1c00122e 67060613 addi             x12, x12, 1648      x12=000ff670 x12:000ff000
            12156500           12141 1c001232 00f585b3 add              x11, x11, x15       x11=10400990 x11:00400000 x15:10000990
            12157500           12142 1c001234 00e50533 add              x10, x10, x14       x10=10000994 x10:00000004 x14:10000990
            12158500           12143 1c001236 efdff06f jal              x0, -260           
            12160500           12145 1c001132 00758793 addi             x15, x11, 7         x15=10400997 x11:10400990
            12161500           12146 1c001136 c407b7b3 p.bclr           x15, x15, 2, 0      x15=10400990 x15:10400997
            12162500           12147 1c00113a 40b785b3 sub              x11, x15, x11       x11=00000000 x15:10400990 x11:10400990
            12163500           12148 1c00113e 00f52023 sw               x15, 0(x10)         x15:10400990 x10:10000994  PA:10000994
            12164500           12149 1c001140 40b60633 sub              x12, x12, x11       x12=000ff670 x12:000ff670 x11:00000000
            12165500           12150 1c001142 00c05763 bge              x0, x12, 14         x12:000ff670
            12166500           12151 1c001146 c4063633 p.bclr           x12, x12, 2, 0      x12=000ff670 x12:000ff670
            12167500           12152 1c00114a 00c7a023 sw               x12, 0(x15)         x12:000ff670 x15:10400990  PA:10400990
            12187500           12172 1c00114c 0007a223 sw               x0, 4(x15)          x15:10400990  PA:10400994
            12207500           12192 1c001150 00008067 jalr             x0, x1, 0            x1:1c00140a
            12208500           12193 1c00140a 6a8aa783 lw               x15, 1704(x21)      x15=1c2fff50 x21:1c002000  PA:1c0026a8
            12227500           12212 1c00140e 04040413 addi             x8, x8, 64           x8=00000041  x8:00000001
            12228500           12213 1c001412 01641413 slli             x8, x8, 0x16         x8=10400000  x8:00000041
            12229500           12214 1c001414 00fa0a33 add              x20, x20, x15       x20=1c2fff68 x20:00000018 x15:1c2fff50
            12230500           12215 1c001416 002017b7 lui              x15, 0x201000       x15=00201000
            12231500           12216 1c00141a 40078793 addi             x15, x15, 1024      x15=00201400 x15:00201000
            12232500           12217 1c00141e fff00713 addi             x14, x0, -1         x14=ffffffff
            12249500           12234 1c001420 000a2223 sw               x0, 4(x20)          x20:1c2fff68  PA:1c2fff6c
            12267500           12252 1c001424 00e467a3 p.sw             x14, x0(x8)         x14:ffffffff  x8:10400000  PA:10601400
            12293500           12278 1c001428 00c12683 lw               x13, 12(x2)         x13=100fc720  x2:10000940  PA:1000094c
            12294500           12279 1c00142a 002007b7 lui              x15, 0x200000       x15=00200000
            12311500           12296 1c00142e 1c000737 lui              x14, 0x1c000000     x14=1c000000
            12312500           12297 1c001432 04078793 addi             x15, x15, 64        x15=00200040 x15:00200000
            12313500           12298 1c001436 08070713 addi             x14, x14, 128       x14=1c000080 x14:1c000000
            12314500           12299 1c00143a 008787b3 add              x15, x15, x8        x15=10600040 x15:00200040  x8:10400000
            12315500           12300 1c00143c 00000613 addi             x12, x0, 0          x12=00000000
            12332500           12317 1c00143e ce073733 p.bclr           x14, x14, 7, 0      x14=1c000000 x14:1c000080
            12333500           12318 1c001442 01364963 blt              x12, x19, 18        x12:00000000 x19:00000008
            12336500           12321 1c001454 00e7a22b p.sw             x14, 4(x15!)        x15=10600044 x14:1c000000 x15:10600040  PA:10600040
            12359500           12344 1c001458 00160613 addi             x12, x12, 1         x12=00000001 x12:00000000
            12360500           12345 1c00145a fe9ff06f jal              x0, -24            
            12362500           12347 1c001442 01364963 blt              x12, x19, 18        x12:00000001 x19:00000008
            12365500           12350 1c001454 00e7a22b p.sw             x14, 4(x15!)        x15=10600048 x14:1c000000 x15:10600044  PA:10600044
            12388500           12373 1c001458 00160613 addi             x12, x12, 1         x12=00000002 x12:00000001
            12389500           12374 1c00145a fe9ff06f jal              x0, -24            
            12391500           12376 1c001442 01364963 blt              x12, x19, 18        x12:00000002 x19:00000008
            12394500           12379 1c001454 00e7a22b p.sw             x14, 4(x15!)        x15=1060004c x14:1c000000 x15:10600048  PA:10600048
            12417500           12402 1c001458 00160613 addi             x12, x12, 1         x12=00000003 x12:00000002
            12418500           12403 1c00145a fe9ff06f jal              x0, -24            
            12420500           12405 1c001442 01364963 blt              x12, x19, 18        x12:00000003 x19:00000008
            12423500           12408 1c001454 00e7a22b p.sw             x14, 4(x15!)        x15=10600050 x14:1c000000 x15:1060004c  PA:1060004c
            12446500           12431 1c001458 00160613 addi             x12, x12, 1         x12=00000004 x12:00000003
            12447500           12432 1c00145a fe9ff06f jal              x0, -24            
            12449500           12434 1c001442 01364963 blt              x12, x19, 18        x12:00000004 x19:00000008
            12452500           12437 1c001454 00e7a22b p.sw             x14, 4(x15!)        x15=10600054 x14:1c000000 x15:10600050  PA:10600050
            12475500           12460 1c001458 00160613 addi             x12, x12, 1         x12=00000005 x12:00000004
            12476500           12461 1c00145a fe9ff06f jal              x0, -24            
            12478500           12463 1c001442 01364963 blt              x12, x19, 18        x12:00000005 x19:00000008
            12481500           12466 1c001454 00e7a22b p.sw             x14, 4(x15!)        x15=10600058 x14:1c000000 x15:10600054  PA:10600054
            12504500           12489 1c001458 00160613 addi             x12, x12, 1         x12=00000006 x12:00000005
            12505500           12490 1c00145a fe9ff06f jal              x0, -24            
            12507500           12492 1c001442 01364963 blt              x12, x19, 18        x12:00000006 x19:00000008
            12510500           12495 1c001454 00e7a22b p.sw             x14, 4(x15!)        x15=1060005c x14:1c000000 x15:10600058  PA:10600058
            12533500           12518 1c001458 00160613 addi             x12, x12, 1         x12=00000007 x12:00000006
            12534500           12519 1c00145a fe9ff06f jal              x0, -24            
            12536500           12521 1c001442 01364963 blt              x12, x19, 18        x12:00000007 x19:00000008
            12539500           12524 1c001454 00e7a22b p.sw             x14, 4(x15!)        x15=10600060 x14:1c000000 x15:1060005c  PA:1060005c
            12562500           12547 1c001458 00160613 addi             x12, x12, 1         x12=00000008 x12:00000007
            12563500           12548 1c00145a fe9ff06f jal              x0, -24            
            12565500           12550 1c001442 01364963 blt              x12, x19, 18        x12:00000008 x19:00000008
            12566500           12551 1c001446 002007b7 lui              x15, 0x200000       x15=00200000
            12567500           12552 1c00144a 00878793 addi             x15, x15, 8         x15=00200008 x15:00200000
            12568500           12553 1c00144c fff00713 addi             x14, x0, -1         x14=ffffffff
            12569500           12554 1c00144e 00e467a3 p.sw             x14, x0(x8)         x14:ffffffff  x8:10400000  PA:10600008
            12592500           12577 1c001452 f85ff06f jal              x0, -124           
            12593500           12578 1c0013d6 00068363 beq              x13, x0, 6          x13:100fc720
            12594500           12579 1c0013d8 00d00533 add              x10, x0, x13        x10=100fc720 x13:100fc720
            12595500           12580 1c0013da c1dff0ef jal              x1, -996             x1=1c0013dc
            12613500           12598 1c000ff6 ff010113 addi             x2, x2, -16          x2=10000930  x2:10000940
            12614500           12599 1c000ff8 00112623 sw               x1, 12(x2)           x1:1c0013dc  x2:10000930  PA:1000093c
            12615500           12600 1c000ffa 00812423 sw               x8, 8(x2)            x8:10400000  x2:10000930  PA:10000938
            12616500           12601 1c000ffc 30047473 csrrci           x8, 0x00000008, 0x300  x8=00001800
            12633500           12618 1c001000 00c52783 lw               x15, 12(x10)        x15=1000013c x10:100fc720  PA:100fc72c
            12634500           12619 1c001002 00052423 sw               x0, 8(x10)          x10:100fc720  PA:100fc728
            12635500           12620 1c001006 0007a703 lw               x14, 0(x15)         x14=00000000 x15:1000013c  PA:1000013c
            12637500           12622 1c001008 00071e63 bne              x14, x0, 28         x14:00000000
            12638500           12623 1c00100a 00a7a023 sw               x10, 0(x15)         x10:100fc720 x15:1000013c  PA:1000013c
            12639500           12624 1c00100c 00a7a223 sw               x10, 4(x15)         x10:100fc720 x15:1000013c  PA:10000140
            12640500           12625 1c00100e 00c7a503 lw               x10, 12(x15)        x10=00000000 x15:1000013c  PA:10000148
            12656500           12641 1c001010 00050463 beq              x10, x0, 8          x10:00000000
            12659500           12644 1c001018 30041073 csrrw            x0, x8, 0x300        x8:00001800
            12663500           12648 1c00101c 00c12083 lw               x1, 12(x2)           x1=1c0013dc  x2:10000930  PA:1000093c
            12664500           12649 1c00101e 00812403 lw               x8, 8(x2)            x8=10400000  x2:10000930  PA:10000938
            12677500           12662 1c001020 01010113 addi             x2, x2, 16           x2=10000940  x2:10000930
            12678500           12663 1c001022 00008067 jalr             x0, x1, 0            x1:1c0013dc
            12680500           12665 1c0013dc 30091073 csrrw            x0, x18, 0x300      x18:00001808
            12684500           12669 1c0013e0 02c12083 lw               x1, 44(x2)           x1=1c000a7c  x2:10000940  PA:1000096c
            12685500           12670 1c0013e2 02812403 lw               x8, 40(x2)           x8=00000002  x2:10000940  PA:10000968
            12686500           12671 1c0013e4 02412483 lw               x9, 36(x2)           x9=100fc720  x2:10000940  PA:10000964
            12687500           12672 1c0013e6 02012903 lw               x18, 32(x2)         x18=00000000  x2:10000940  PA:10000960
            12688500           12673 1c0013e8 01c12983 lw               x19, 28(x2)         x19=00000000  x2:10000940  PA:1000095c
            12689500           12674 1c0013ea 01812a03 lw               x20, 24(x2)         x20=00000000  x2:10000940  PA:10000958
            12690500           12675 1c0013ec 01412a83 lw               x21, 20(x2)         x21=00000000  x2:10000940  PA:10000954
            12691500           12676 1c0013ee 03010113 addi             x2, x2, 48           x2=10000970  x2:10000940
            12692500           12677 1c0013f0 00008067 jalr             x0, x1, 0            x1:1c000a7c
            12694500           12679 1c000a7c fe4439e3 p.bneimm         x8, -14              x8:00000002
            12697500           12682 1c000a6e 008005b3 add              x11, x0, x8         x11=00000002  x8:00000002
            12698500           12683 1c000a70 009006b3 add              x13, x0, x9         x13=100fc720  x9:100fc720
            12699500           12684 1c000a72 00140413 addi             x8, x8, 1            x8=00000003  x8:00000002
            12700500           12685 1c000a74 00000613 addi             x12, x0, 0          x12=00000000
            12701500           12686 1c000a76 00100513 addi             x10, x0, 1          x10=00000001
            12702500           12687 1c000a78 12b000ef jal              x1, 2346             x1=1c000a7c
            12704500           12689 1c0013a2 fd010113 addi             x2, x2, -48          x2=10000940  x2:10000970
            12705500           12690 1c0013a4 02812423 sw               x8, 40(x2)           x8:00000003  x2:10000940  PA:10000968
            12706500           12691 1c0013a6 00b00433 add              x8, x0, x11          x8=00000002 x11:00000002
            12707500           12692 1c0013a8 02112623 sw               x1, 44(x2)           x1:1c000a7c  x2:10000940  PA:1000096c
            12708500           12693 1c0013aa 02912223 sw               x9, 36(x2)           x9:100fc720  x2:10000940  PA:10000964
            12709500           12694 1c0013ac 03212023 sw               x18, 32(x2)         x18:00000000  x2:10000940  PA:10000960
            12710500           12695 1c0013ae 01312e23 sw               x19, 28(x2)         x19:00000000  x2:10000940  PA:1000095c
            12711500           12696 1c0013b0 01412c23 sw               x20, 24(x2)         x20:00000000  x2:10000940  PA:10000958
            12712500           12697 1c0013b2 01512a23 sw               x21, 20(x2)         x21:00000000  x2:10000940  PA:10000954
            12713500           12698 1c0013b4 30047973 csrrci           x18, 0x00000008, 0x300 x18=00001808
            12717500           12702 1c0013b8 01800a13 addi             x20, x0, 24         x20=00000018
            12718500           12703 1c0013ba 03458a33 mul              x20, x11, x20       x20=00000030 x11:00000002 x20:00000018
            12719500           12704 1c0013be 1c002737 lui              x14, 0x1c002000     x14=1c002000
            12720500           12705 1c0013c2 6a872783 lw               x15, 1704(x14)      x15=1c2fff50 x14:1c002000  PA:1c0026a8
            12735500           12720 1c0013c6 00e00ab3 add              x21, x0, x14        x21=1c002000 x14:1c002000
            12736500           12721 1c0013c8 014787b3 add              x15, x15, x20       x15=1c2fff80 x15:1c2fff50 x20:00000030
            12737500           12722 1c0013ca 0007a703 lw               x14, 0(x15)         x14=00000000 x15:1c2fff80  PA:1c2fff80
            12752500           12737 1c0013cc 02050363 beq              x10, x0, 38         x10:00000001
            12753500           12738 1c0013ce 00170713 addi             x14, x14, 1         x14=00000001 x14:00000000
            12754500           12739 1c0013d0 00e7a023 sw               x14, 0(x15)         x14:00000001 x15:1c2fff80  PA:1c2fff80
            12772500           12757 1c0013d2 0007a483 lw               x9, 0(x15)           x9=00000001 x15:1c2fff80  PA:1c2fff80
            12787500           12772 1c0013d4 02049163 bne              x9, x0, 34           x9:00000001
            12790500           12775 1c0013f6 fe14b3e3 p.bneimm         x9, -26              x9:00000001
            12791500           12776 1c0013fa 00800993 addi             x19, x0, 8          x19=00000008
            12792500           12777 1c0013fe 04040f63 beq              x8, x0, 94           x8:00000002
            12793500           12778 1c001400 00800533 add              x10, x0, x8         x10=00000002  x8:00000002
            12794500           12779 1c001402 00d12623 sw               x13, 12(x2)         x13:100fc720  x2:10000940  PA:1000094c
            12795500           12780 1c001404 ed3ff0ef jal              x1, -302             x1=1c001406
            12797500           12782 1c0012d6 ff010113 addi             x2, x2, -16          x2=10000930  x2:10000940
            12798500           12783 1c0012d8 00812423 sw               x8, 8(x2)            x8:00000002  x2:10000930  PA:10000938
            12799500           12784 1c0012da 00912223 sw               x9, 4(x2)            x9:00000001  x2:10000930  PA:10000934
            12800500           12785 1c0012dc 04050413 addi             x8, x10, 64          x8=00000042 x10:00000002
            12801500           12786 1c0012e0 00a004b3 add              x9, x0, x10          x9=00000002 x10:00000002
            12802500           12787 1c0012e2 1b000537 lui              x10, 0x1b000000     x10=1b000000
            12803500           12788 1c0012e6 00850513 addi             x10, x10, 8         x10=1b000008 x10:1b000000
            12804500           12789 1c0012ea 01641413 slli             x8, x8, 0x16         x8=10800000  x8:00000042
            12805500           12790 1c0012ec e6c53533 p.bclr           x10, x10, 19, 12    x10=00000008 x10:1b000008
            12806500           12791 1c0012f0 00850533 add              x10, x10, x8        x10=10800008 x10:00000008  x8:10800000
            12807500           12792 1c0012f2 04000613 addi             x12, x0, 64         x12=00000040
            12808500           12793 1c0012f6 00000593 addi             x11, x0, 0          x11=00000000
            12809500           12794 1c0012f8 00112623 sw               x1, 12(x2)           x1:1c001406  x2:10000930  PA:1000093c
            12810500           12795 1c0012fa 506000ef jal              x1, 1286             x1=1c0012fc
            12812500           12797 1c001800 00a60633 add              x12, x12, x10       x12=10800048 x12:00000040 x10:10800008
            12813500           12798 1c001802 00a007b3 add              x15, x0, x10        x15=10800008 x10:10800008
            12814500           12799 1c001804 00c79363 bne              x15, x12, 6         x15:10800008 x12:10800048
            12817500           12802 1c00180a 00b780ab p.sb             x11, 1(x15!)        x15=10800009 x11:00000000 x15:10800008  PA:10800008
            12837500           12822 1c00180e ff7ff06f jal              x0, -10            
            12838500           12823 1c001804 00c79363 bne              x15, x12, 6         x15:10800009 x12:10800048
            12841500           12826 1c00180a 00b780ab p.sb             x11, 1(x15!)        x15=1080000a x11:00000000 x15:10800009  PA:10800009
            12861500           12846 1c00180e ff7ff06f jal              x0, -10            
            12862500           12847 1c001804 00c79363 bne              x15, x12, 6         x15:1080000a x12:10800048
            12865500           12850 1c00180a 00b780ab p.sb             x11, 1(x15!)        x15=1080000b x11:00000000 x15:1080000a  PA:1080000a
            12885500           12870 1c00180e ff7ff06f jal              x0, -10            
            12886500           12871 1c001804 00c79363 bne              x15, x12, 6         x15:1080000b x12:10800048
            12889500           12874 1c00180a 00b780ab p.sb             x11, 1(x15!)        x15=1080000c x11:00000000 x15:1080000b  PA:1080000b
            12909500           12894 1c00180e ff7ff06f jal              x0, -10            
            12910500           12895 1c001804 00c79363 bne              x15, x12, 6         x15:1080000c x12:10800048
            12913500           12898 1c00180a 00b780ab p.sb             x11, 1(x15!)        x15=1080000d x11:00000000 x15:1080000c  PA:1080000c
            12933500           12918 1c00180e ff7ff06f jal              x0, -10            
            12934500           12919 1c001804 00c79363 bne              x15, x12, 6         x15:1080000d x12:10800048
            12937500           12922 1c00180a 00b780ab p.sb             x11, 1(x15!)        x15=1080000e x11:00000000 x15:1080000d  PA:1080000d
            12957500           12942 1c00180e ff7ff06f jal              x0, -10            
            12958500           12943 1c001804 00c79363 bne              x15, x12, 6         x15:1080000e x12:10800048
            12961500           12946 1c00180a 00b780ab p.sb             x11, 1(x15!)        x15=1080000f x11:00000000 x15:1080000e  PA:1080000e
            12981500           12966 1c00180e ff7ff06f jal              x0, -10            
            12982500           12967 1c001804 00c79363 bne              x15, x12, 6         x15:1080000f x12:10800048
            12985500           12970 1c00180a 00b780ab p.sb             x11, 1(x15!)        x15=10800010 x11:00000000 x15:1080000f  PA:1080000f
            13005500           12990 1c00180e ff7ff06f jal              x0, -10            
            13006500           12991 1c001804 00c79363 bne              x15, x12, 6         x15:10800010 x12:10800048
            13009500           12994 1c00180a 00b780ab p.sb             x11, 1(x15!)        x15=10800011 x11:00000000 x15:10800010  PA:10800010
            13029500           13014 1c00180e ff7ff06f jal              x0, -10            
            13030500           13015 1c001804 00c79363 bne              x15, x12, 6         x15:10800011 x12:10800048
            13033500           13018 1c00180a 00b780ab p.sb             x11, 1(x15!)        x15=10800012 x11:00000000 x15:10800011  PA:10800011
            13053500           13038 1c00180e ff7ff06f jal              x0, -10            
            13054500           13039 1c001804 00c79363 bne              x15, x12, 6         x15:10800012 x12:10800048
            13057500           13042 1c00180a 00b780ab p.sb             x11, 1(x15!)        x15=10800013 x11:00000000 x15:10800012  PA:10800012
            13077500           13062 1c00180e ff7ff06f jal              x0, -10            
            13078500           13063 1c001804 00c79363 bne              x15, x12, 6         x15:10800013 x12:10800048
            13081500           13066 1c00180a 00b780ab p.sb             x11, 1(x15!)        x15=10800014 x11:00000000 x15:10800013  PA:10800013
            13101500           13086 1c00180e ff7ff06f jal              x0, -10            
            13102500           13087 1c001804 00c79363 bne              x15, x12, 6         x15:10800014 x12:10800048
            13105500           13090 1c00180a 00b780ab p.sb             x11, 1(x15!)        x15=10800015 x11:00000000 x15:10800014  PA:10800014
            13125500           13110 1c00180e ff7ff06f jal              x0, -10            
            13126500           13111 1c001804 00c79363 bne              x15, x12, 6         x15:10800015 x12:10800048
            13129500           13114 1c00180a 00b780ab p.sb             x11, 1(x15!)        x15=10800016 x11:00000000 x15:10800015  PA:10800015
            13149500           13134 1c00180e ff7ff06f jal              x0, -10            
            13150500           13135 1c001804 00c79363 bne              x15, x12, 6         x15:10800016 x12:10800048
            13153500           13138 1c00180a 00b780ab p.sb             x11, 1(x15!)        x15=10800017 x11:00000000 x15:10800016  PA:10800016
            13173500           13158 1c00180e ff7ff06f jal              x0, -10            
            13174500           13159 1c001804 00c79363 bne              x15, x12, 6         x15:10800017 x12:10800048
            13177500           13162 1c00180a 00b780ab p.sb             x11, 1(x15!)        x15=10800018 x11:00000000 x15:10800017  PA:10800017
            13197500           13182 1c00180e ff7ff06f jal              x0, -10            
            13198500           13183 1c001804 00c79363 bne              x15, x12, 6         x15:10800018 x12:10800048
            13201500           13186 1c00180a 00b780ab p.sb             x11, 1(x15!)        x15=10800019 x11:00000000 x15:10800018  PA:10800018
            13221500           13206 1c00180e ff7ff06f jal              x0, -10            
            13222500           13207 1c001804 00c79363 bne              x15, x12, 6         x15:10800019 x12:10800048
            13225500           13210 1c00180a 00b780ab p.sb             x11, 1(x15!)        x15=1080001a x11:00000000 x15:10800019  PA:10800019
            13245500           13230 1c00180e ff7ff06f jal              x0, -10            
            13246500           13231 1c001804 00c79363 bne              x15, x12, 6         x15:1080001a x12:10800048
            13249500           13234 1c00180a 00b780ab p.sb             x11, 1(x15!)        x15=1080001b x11:00000000 x15:1080001a  PA:1080001a
            13269500           13254 1c00180e ff7ff06f jal              x0, -10            
            13270500           13255 1c001804 00c79363 bne              x15, x12, 6         x15:1080001b x12:10800048
            13273500           13258 1c00180a 00b780ab p.sb             x11, 1(x15!)        x15=1080001c x11:00000000 x15:1080001b  PA:1080001b
            13293500           13278 1c00180e ff7ff06f jal              x0, -10            
            13294500           13279 1c001804 00c79363 bne              x15, x12, 6         x15:1080001c x12:10800048
            13297500           13282 1c00180a 00b780ab p.sb             x11, 1(x15!)        x15=1080001d x11:00000000 x15:1080001c  PA:1080001c
            13317500           13302 1c00180e ff7ff06f jal              x0, -10            
            13318500           13303 1c001804 00c79363 bne              x15, x12, 6         x15:1080001d x12:10800048
            13321500           13306 1c00180a 00b780ab p.sb             x11, 1(x15!)        x15=1080001e x11:00000000 x15:1080001d  PA:1080001d
            13341500           13326 1c00180e ff7ff06f jal              x0, -10            
            13342500           13327 1c001804 00c79363 bne              x15, x12, 6         x15:1080001e x12:10800048
            13345500           13330 1c00180a 00b780ab p.sb             x11, 1(x15!)        x15=1080001f x11:00000000 x15:1080001e  PA:1080001e
            13365500           13350 1c00180e ff7ff06f jal              x0, -10            
            13366500           13351 1c001804 00c79363 bne              x15, x12, 6         x15:1080001f x12:10800048
            13369500           13354 1c00180a 00b780ab p.sb             x11, 1(x15!)        x15=10800020 x11:00000000 x15:1080001f  PA:1080001f
            13389500           13374 1c00180e ff7ff06f jal              x0, -10            
            13390500           13375 1c001804 00c79363 bne              x15, x12, 6         x15:10800020 x12:10800048
            13393500           13378 1c00180a 00b780ab p.sb             x11, 1(x15!)        x15=10800021 x11:00000000 x15:10800020  PA:10800020
            13413500           13398 1c00180e ff7ff06f jal              x0, -10            
            13414500           13399 1c001804 00c79363 bne              x15, x12, 6         x15:10800021 x12:10800048
            13417500           13402 1c00180a 00b780ab p.sb             x11, 1(x15!)        x15=10800022 x11:00000000 x15:10800021  PA:10800021
            13437500           13422 1c00180e ff7ff06f jal              x0, -10            
            13438500           13423 1c001804 00c79363 bne              x15, x12, 6         x15:10800022 x12:10800048
            13441500           13426 1c00180a 00b780ab p.sb             x11, 1(x15!)        x15=10800023 x11:00000000 x15:10800022  PA:10800022
            13461500           13446 1c00180e ff7ff06f jal              x0, -10            
            13462500           13447 1c001804 00c79363 bne              x15, x12, 6         x15:10800023 x12:10800048
            13465500           13450 1c00180a 00b780ab p.sb             x11, 1(x15!)        x15=10800024 x11:00000000 x15:10800023  PA:10800023
            13485500           13470 1c00180e ff7ff06f jal              x0, -10            
            13486500           13471 1c001804 00c79363 bne              x15, x12, 6         x15:10800024 x12:10800048
            13489500           13474 1c00180a 00b780ab p.sb             x11, 1(x15!)        x15=10800025 x11:00000000 x15:10800024  PA:10800024
            13509500           13494 1c00180e ff7ff06f jal              x0, -10            
            13510500           13495 1c001804 00c79363 bne              x15, x12, 6         x15:10800025 x12:10800048
            13513500           13498 1c00180a 00b780ab p.sb             x11, 1(x15!)        x15=10800026 x11:00000000 x15:10800025  PA:10800025
            13533500           13518 1c00180e ff7ff06f jal              x0, -10            
            13534500           13519 1c001804 00c79363 bne              x15, x12, 6         x15:10800026 x12:10800048
            13537500           13522 1c00180a 00b780ab p.sb             x11, 1(x15!)        x15=10800027 x11:00000000 x15:10800026  PA:10800026
            13557500           13542 1c00180e ff7ff06f jal              x0, -10            
            13558500           13543 1c001804 00c79363 bne              x15, x12, 6         x15:10800027 x12:10800048
            13561500           13546 1c00180a 00b780ab p.sb             x11, 1(x15!)        x15=10800028 x11:00000000 x15:10800027  PA:10800027
            13581500           13566 1c00180e ff7ff06f jal              x0, -10            
            13582500           13567 1c001804 00c79363 bne              x15, x12, 6         x15:10800028 x12:10800048
            13585500           13570 1c00180a 00b780ab p.sb             x11, 1(x15!)        x15=10800029 x11:00000000 x15:10800028  PA:10800028
            13605500           13590 1c00180e ff7ff06f jal              x0, -10            
            13606500           13591 1c001804 00c79363 bne              x15, x12, 6         x15:10800029 x12:10800048
            13609500           13594 1c00180a 00b780ab p.sb             x11, 1(x15!)        x15=1080002a x11:00000000 x15:10800029  PA:10800029
            13629500           13614 1c00180e ff7ff06f jal              x0, -10            
            13630500           13615 1c001804 00c79363 bne              x15, x12, 6         x15:1080002a x12:10800048
            13633500           13618 1c00180a 00b780ab p.sb             x11, 1(x15!)        x15=1080002b x11:00000000 x15:1080002a  PA:1080002a
            13653500           13638 1c00180e ff7ff06f jal              x0, -10            
            13654500           13639 1c001804 00c79363 bne              x15, x12, 6         x15:1080002b x12:10800048
            13657500           13642 1c00180a 00b780ab p.sb             x11, 1(x15!)        x15=1080002c x11:00000000 x15:1080002b  PA:1080002b
            13677500           13662 1c00180e ff7ff06f jal              x0, -10            
            13678500           13663 1c001804 00c79363 bne              x15, x12, 6         x15:1080002c x12:10800048
            13681500           13666 1c00180a 00b780ab p.sb             x11, 1(x15!)        x15=1080002d x11:00000000 x15:1080002c  PA:1080002c
            13701500           13686 1c00180e ff7ff06f jal              x0, -10            
            13702500           13687 1c001804 00c79363 bne              x15, x12, 6         x15:1080002d x12:10800048
            13705500           13690 1c00180a 00b780ab p.sb             x11, 1(x15!)        x15=1080002e x11:00000000 x15:1080002d  PA:1080002d
            13725500           13710 1c00180e ff7ff06f jal              x0, -10            
            13726500           13711 1c001804 00c79363 bne              x15, x12, 6         x15:1080002e x12:10800048
            13729500           13714 1c00180a 00b780ab p.sb             x11, 1(x15!)        x15=1080002f x11:00000000 x15:1080002e  PA:1080002e
            13749500           13734 1c00180e ff7ff06f jal              x0, -10            
            13750500           13735 1c001804 00c79363 bne              x15, x12, 6         x15:1080002f x12:10800048
            13753500           13738 1c00180a 00b780ab p.sb             x11, 1(x15!)        x15=10800030 x11:00000000 x15:1080002f  PA:1080002f
            13773500           13758 1c00180e ff7ff06f jal              x0, -10            
            13774500           13759 1c001804 00c79363 bne              x15, x12, 6         x15:10800030 x12:10800048
            13777500           13762 1c00180a 00b780ab p.sb             x11, 1(x15!)        x15=10800031 x11:00000000 x15:10800030  PA:10800030
            13797500           13782 1c00180e ff7ff06f jal              x0, -10            
            13798500           13783 1c001804 00c79363 bne              x15, x12, 6         x15:10800031 x12:10800048
            13801500           13786 1c00180a 00b780ab p.sb             x11, 1(x15!)        x15=10800032 x11:00000000 x15:10800031  PA:10800031
            13821500           13806 1c00180e ff7ff06f jal              x0, -10            
            13822500           13807 1c001804 00c79363 bne              x15, x12, 6         x15:10800032 x12:10800048
            13825500           13810 1c00180a 00b780ab p.sb             x11, 1(x15!)        x15=10800033 x11:00000000 x15:10800032  PA:10800032
            13845500           13830 1c00180e ff7ff06f jal              x0, -10            
            13846500           13831 1c001804 00c79363 bne              x15, x12, 6         x15:10800033 x12:10800048
            13849500           13834 1c00180a 00b780ab p.sb             x11, 1(x15!)        x15=10800034 x11:00000000 x15:10800033  PA:10800033
            13869500           13854 1c00180e ff7ff06f jal              x0, -10            
            13870500           13855 1c001804 00c79363 bne              x15, x12, 6         x15:10800034 x12:10800048
            13873500           13858 1c00180a 00b780ab p.sb             x11, 1(x15!)        x15=10800035 x11:00000000 x15:10800034  PA:10800034
            13893500           13878 1c00180e ff7ff06f jal              x0, -10            
            13894500           13879 1c001804 00c79363 bne              x15, x12, 6         x15:10800035 x12:10800048
            13897500           13882 1c00180a 00b780ab p.sb             x11, 1(x15!)        x15=10800036 x11:00000000 x15:10800035  PA:10800035
            13917500           13902 1c00180e ff7ff06f jal              x0, -10            
            13918500           13903 1c001804 00c79363 bne              x15, x12, 6         x15:10800036 x12:10800048
            13921500           13906 1c00180a 00b780ab p.sb             x11, 1(x15!)        x15=10800037 x11:00000000 x15:10800036  PA:10800036
            13941500           13926 1c00180e ff7ff06f jal              x0, -10            
            13942500           13927 1c001804 00c79363 bne              x15, x12, 6         x15:10800037 x12:10800048
            13945500           13930 1c00180a 00b780ab p.sb             x11, 1(x15!)        x15=10800038 x11:00000000 x15:10800037  PA:10800037
            13965500           13950 1c00180e ff7ff06f jal              x0, -10            
            13966500           13951 1c001804 00c79363 bne              x15, x12, 6         x15:10800038 x12:10800048
            13969500           13954 1c00180a 00b780ab p.sb             x11, 1(x15!)        x15=10800039 x11:00000000 x15:10800038  PA:10800038
            13989500           13974 1c00180e ff7ff06f jal              x0, -10            
            13990500           13975 1c001804 00c79363 bne              x15, x12, 6         x15:10800039 x12:10800048
            13993500           13978 1c00180a 00b780ab p.sb             x11, 1(x15!)        x15=1080003a x11:00000000 x15:10800039  PA:10800039
            14013500           13998 1c00180e ff7ff06f jal              x0, -10            
            14014500           13999 1c001804 00c79363 bne              x15, x12, 6         x15:1080003a x12:10800048
            14017500           14002 1c00180a 00b780ab p.sb             x11, 1(x15!)        x15=1080003b x11:00000000 x15:1080003a  PA:1080003a
            14037500           14022 1c00180e ff7ff06f jal              x0, -10            
            14038500           14023 1c001804 00c79363 bne              x15, x12, 6         x15:1080003b x12:10800048
            14041500           14026 1c00180a 00b780ab p.sb             x11, 1(x15!)        x15=1080003c x11:00000000 x15:1080003b  PA:1080003b
            14061500           14046 1c00180e ff7ff06f jal              x0, -10            
            14062500           14047 1c001804 00c79363 bne              x15, x12, 6         x15:1080003c x12:10800048
            14065500           14050 1c00180a 00b780ab p.sb             x11, 1(x15!)        x15=1080003d x11:00000000 x15:1080003c  PA:1080003c
            14085500           14070 1c00180e ff7ff06f jal              x0, -10            
            14086500           14071 1c001804 00c79363 bne              x15, x12, 6         x15:1080003d x12:10800048
            14089500           14074 1c00180a 00b780ab p.sb             x11, 1(x15!)        x15=1080003e x11:00000000 x15:1080003d  PA:1080003d
            14109500           14094 1c00180e ff7ff06f jal              x0, -10            
            14110500           14095 1c001804 00c79363 bne              x15, x12, 6         x15:1080003e x12:10800048
            14113500           14098 1c00180a 00b780ab p.sb             x11, 1(x15!)        x15=1080003f x11:00000000 x15:1080003e  PA:1080003e
            14133500           14118 1c00180e ff7ff06f jal              x0, -10            
            14134500           14119 1c001804 00c79363 bne              x15, x12, 6         x15:1080003f x12:10800048
            14137500           14122 1c00180a 00b780ab p.sb             x11, 1(x15!)        x15=10800040 x11:00000000 x15:1080003f  PA:1080003f
            14157500           14142 1c00180e ff7ff06f jal              x0, -10            
            14158500           14143 1c001804 00c79363 bne              x15, x12, 6         x15:10800040 x12:10800048
            14161500           14146 1c00180a 00b780ab p.sb             x11, 1(x15!)        x15=10800041 x11:00000000 x15:10800040  PA:10800040
            14181500           14166 1c00180e ff7ff06f jal              x0, -10            
            14182500           14167 1c001804 00c79363 bne              x15, x12, 6         x15:10800041 x12:10800048
            14185500           14170 1c00180a 00b780ab p.sb             x11, 1(x15!)        x15=10800042 x11:00000000 x15:10800041  PA:10800041
            14205500           14190 1c00180e ff7ff06f jal              x0, -10            
            14206500           14191 1c001804 00c79363 bne              x15, x12, 6         x15:10800042 x12:10800048
            14209500           14194 1c00180a 00b780ab p.sb             x11, 1(x15!)        x15=10800043 x11:00000000 x15:10800042  PA:10800042
            14229500           14214 1c00180e ff7ff06f jal              x0, -10            
            14230500           14215 1c001804 00c79363 bne              x15, x12, 6         x15:10800043 x12:10800048
            14233500           14218 1c00180a 00b780ab p.sb             x11, 1(x15!)        x15=10800044 x11:00000000 x15:10800043  PA:10800043
            14253500           14238 1c00180e ff7ff06f jal              x0, -10            
            14254500           14239 1c001804 00c79363 bne              x15, x12, 6         x15:10800044 x12:10800048
            14257500           14242 1c00180a 00b780ab p.sb             x11, 1(x15!)        x15=10800045 x11:00000000 x15:10800044  PA:10800044
            14277500           14262 1c00180e ff7ff06f jal              x0, -10            
            14278500           14263 1c001804 00c79363 bne              x15, x12, 6         x15:10800045 x12:10800048
            14281500           14266 1c00180a 00b780ab p.sb             x11, 1(x15!)        x15=10800046 x11:00000000 x15:10800045  PA:10800045
            14301500           14286 1c00180e ff7ff06f jal              x0, -10            
            14302500           14287 1c001804 00c79363 bne              x15, x12, 6         x15:10800046 x12:10800048
            14305500           14290 1c00180a 00b780ab p.sb             x11, 1(x15!)        x15=10800047 x11:00000000 x15:10800046  PA:10800046
            14325500           14310 1c00180e ff7ff06f jal              x0, -10            
            14326500           14311 1c001804 00c79363 bne              x15, x12, 6         x15:10800047 x12:10800048
            14329500           14314 1c00180a 00b780ab p.sb             x11, 1(x15!)        x15=10800048 x11:00000000 x15:10800047  PA:10800047
            14349500           14334 1c00180e ff7ff06f jal              x0, -10            
            14350500           14335 1c001804 00c79363 bne              x15, x12, 6         x15:10800048 x12:10800048
            14351500           14336 1c001808 00008067 jalr             x0, x1, 0            x1:1c0012fc
            14353500           14338 1c0012fc 1c0027b7 lui              x15, 0x1c002000     x15=1c002000
            14354500           14339 1c001300 6a87a783 lw               x15, 1704(x15)      x15=1c2fff50 x15:1c002000  PA:1c0026a8
            14368500           14353 1c001304 01800713 addi             x14, x0, 24         x14=00000018
            14369500           14354 1c001306 00c12083 lw               x1, 12(x2)           x1=1c001406  x2:10000930  PA:1000093c
            14370500           14355 1c001308 42e487b3 p.mac            x15, x9, x14        x15=1c2fff80 x15:1c2fff50  x9:00000002 x14:00000018
            14371500           14356 1c00130c 00201737 lui              x14, 0x201000       x14=00201000
            14372500           14357 1c001310 e0470713 addi             x14, x14, -508      x14=00200e04 x14:00201000
            14373500           14358 1c001314 00e40433 add              x8, x8, x14          x8=10a00e04  x8:10800000 x14:00200e04
            14374500           14359 1c001316 00412483 lw               x9, 4(x2)            x9=00000001  x2:10000930  PA:10000934
            14375500           14360 1c001318 0087aa23 sw               x8, 20(x15)          x8:10a00e04 x15:1c2fff80  PA:1c2fff94
            14393500           14378 1c00131a 00812403 lw               x8, 8(x2)            x8=00000002  x2:10000930  PA:10000938
            14394500           14379 1c00131c 0007a623 sw               x0, 12(x15)         x15:1c2fff80  PA:1c2fff8c
            14412500           14397 1c001320 01010113 addi             x2, x2, 16           x2=10000940  x2:10000930
            14413500           14398 1c001322 00008067 jalr             x0, x1, 0            x1:1c001406
            14415500           14400 1c001406 00800533 add              x10, x0, x8         x10=00000002  x8:00000002
            14416500           14401 1c001408 e0dff0ef jal              x1, -500             x1=1c00140a
            14418500           14403 1c001214 1c0027b7 lui              x15, 0x1c002000     x15=1c002000
            14419500           14404 1c001218 69c7a703 lw               x14, 1692(x15)      x14=10000990 x15:1c002000  PA:1c00269c
            14433500           14418 1c00121c 100017b7 lui              x15, 0x10001000     x15=10001000
            14434500           14419 1c001220 01651593 slli             x11, x10, 0x16      x11=00800000 x10:00000002
            14435500           14420 1c001224 000ff637 lui              x12, 0xff000        x12=000ff000
            14436500           14421 1c001228 00251513 slli             x10, x10, 0x2       x10=00000008 x10:00000002
            14437500           14422 1c00122a 99078793 addi             x15, x15, -1648     x15=10000990 x15:10001000
            14438500           14423 1c00122e 67060613 addi             x12, x12, 1648      x12=000ff670 x12:000ff000
            14439500           14424 1c001232 00f585b3 add              x11, x11, x15       x11=10800990 x11:00800000 x15:10000990
            14440500           14425 1c001234 00e50533 add              x10, x10, x14       x10=10000998 x10:00000008 x14:10000990
            14441500           14426 1c001236 efdff06f jal              x0, -260           
            14443500           14428 1c001132 00758793 addi             x15, x11, 7         x15=10800997 x11:10800990
            14444500           14429 1c001136 c407b7b3 p.bclr           x15, x15, 2, 0      x15=10800990 x15:10800997
            14445500           14430 1c00113a 40b785b3 sub              x11, x15, x11       x11=00000000 x15:10800990 x11:10800990
            14446500           14431 1c00113e 00f52023 sw               x15, 0(x10)         x15:10800990 x10:10000998  PA:10000998
            14447500           14432 1c001140 40b60633 sub              x12, x12, x11       x12=000ff670 x12:000ff670 x11:00000000
            14448500           14433 1c001142 00c05763 bge              x0, x12, 14         x12:000ff670
            14449500           14434 1c001146 c4063633 p.bclr           x12, x12, 2, 0      x12=000ff670 x12:000ff670
            14450500           14435 1c00114a 00c7a023 sw               x12, 0(x15)         x12:000ff670 x15:10800990  PA:10800990
            14470500           14455 1c00114c 0007a223 sw               x0, 4(x15)          x15:10800990  PA:10800994
            14490500           14475 1c001150 00008067 jalr             x0, x1, 0            x1:1c00140a
            14491500           14476 1c00140a 6a8aa783 lw               x15, 1704(x21)      x15=1c2fff50 x21:1c002000  PA:1c0026a8
            14505500           14490 1c00140e 04040413 addi             x8, x8, 64           x8=00000042  x8:00000002
            14506500           14491 1c001412 01641413 slli             x8, x8, 0x16         x8=10800000  x8:00000042
            14507500           14492 1c001414 00fa0a33 add              x20, x20, x15       x20=1c2fff80 x20:00000030 x15:1c2fff50
            14508500           14493 1c001416 002017b7 lui              x15, 0x201000       x15=00201000
            14509500           14494 1c00141a 40078793 addi             x15, x15, 1024      x15=00201400 x15:00201000
            14510500           14495 1c00141e fff00713 addi             x14, x0, -1         x14=ffffffff
            14511500           14496 1c001420 000a2223 sw               x0, 4(x20)          x20:1c2fff80  PA:1c2fff84
            14529500           14514 1c001424 00e467a3 p.sw             x14, x0(x8)         x14:ffffffff  x8:10800000  PA:10a01400
            14555500           14540 1c001428 00c12683 lw               x13, 12(x2)         x13=100fc720  x2:10000940  PA:1000094c
            14556500           14541 1c00142a 002007b7 lui              x15, 0x200000       x15=00200000
            14557500           14542 1c00142e 1c000737 lui              x14, 0x1c000000     x14=1c000000
            14558500           14543 1c001432 04078793 addi             x15, x15, 64        x15=00200040 x15:00200000
            14559500           14544 1c001436 08070713 addi             x14, x14, 128       x14=1c000080 x14:1c000000
            14560500           14545 1c00143a 008787b3 add              x15, x15, x8        x15=10a00040 x15:00200040  x8:10800000
            14561500           14546 1c00143c 00000613 addi             x12, x0, 0          x12=00000000
            14562500           14547 1c00143e ce073733 p.bclr           x14, x14, 7, 0      x14=1c000000 x14:1c000080
            14563500           14548 1c001442 01364963 blt              x12, x19, 18        x12:00000000 x19:00000008
            14566500           14551 1c001454 00e7a22b p.sw             x14, 4(x15!)        x15=10a00044 x14:1c000000 x15:10a00040  PA:10a00040
            14589500           14574 1c001458 00160613 addi             x12, x12, 1         x12=00000001 x12:00000000
            14590500           14575 1c00145a fe9ff06f jal              x0, -24            
            14592500           14577 1c001442 01364963 blt              x12, x19, 18        x12:00000001 x19:00000008
            14595500           14580 1c001454 00e7a22b p.sw             x14, 4(x15!)        x15=10a00048 x14:1c000000 x15:10a00044  PA:10a00044
            14618500           14603 1c001458 00160613 addi             x12, x12, 1         x12=00000002 x12:00000001
            14619500           14604 1c00145a fe9ff06f jal              x0, -24            
            14621500           14606 1c001442 01364963 blt              x12, x19, 18        x12:00000002 x19:00000008
            14624500           14609 1c001454 00e7a22b p.sw             x14, 4(x15!)        x15=10a0004c x14:1c000000 x15:10a00048  PA:10a00048
            14647500           14632 1c001458 00160613 addi             x12, x12, 1         x12=00000003 x12:00000002
            14648500           14633 1c00145a fe9ff06f jal              x0, -24            
            14650500           14635 1c001442 01364963 blt              x12, x19, 18        x12:00000003 x19:00000008
            14653500           14638 1c001454 00e7a22b p.sw             x14, 4(x15!)        x15=10a00050 x14:1c000000 x15:10a0004c  PA:10a0004c
            14676500           14661 1c001458 00160613 addi             x12, x12, 1         x12=00000004 x12:00000003
            14677500           14662 1c00145a fe9ff06f jal              x0, -24            
            14679500           14664 1c001442 01364963 blt              x12, x19, 18        x12:00000004 x19:00000008
            14682500           14667 1c001454 00e7a22b p.sw             x14, 4(x15!)        x15=10a00054 x14:1c000000 x15:10a00050  PA:10a00050
            14705500           14690 1c001458 00160613 addi             x12, x12, 1         x12=00000005 x12:00000004
            14706500           14691 1c00145a fe9ff06f jal              x0, -24            
            14708500           14693 1c001442 01364963 blt              x12, x19, 18        x12:00000005 x19:00000008
            14711500           14696 1c001454 00e7a22b p.sw             x14, 4(x15!)        x15=10a00058 x14:1c000000 x15:10a00054  PA:10a00054
            14734500           14719 1c001458 00160613 addi             x12, x12, 1         x12=00000006 x12:00000005
            14735500           14720 1c00145a fe9ff06f jal              x0, -24            
            14737500           14722 1c001442 01364963 blt              x12, x19, 18        x12:00000006 x19:00000008
            14740500           14725 1c001454 00e7a22b p.sw             x14, 4(x15!)        x15=10a0005c x14:1c000000 x15:10a00058  PA:10a00058
            14763500           14748 1c001458 00160613 addi             x12, x12, 1         x12=00000007 x12:00000006
            14764500           14749 1c00145a fe9ff06f jal              x0, -24            
            14766500           14751 1c001442 01364963 blt              x12, x19, 18        x12:00000007 x19:00000008
            14769500           14754 1c001454 00e7a22b p.sw             x14, 4(x15!)        x15=10a00060 x14:1c000000 x15:10a0005c  PA:10a0005c
            14792500           14777 1c001458 00160613 addi             x12, x12, 1         x12=00000008 x12:00000007
            14793500           14778 1c00145a fe9ff06f jal              x0, -24            
            14795500           14780 1c001442 01364963 blt              x12, x19, 18        x12:00000008 x19:00000008
            14796500           14781 1c001446 002007b7 lui              x15, 0x200000       x15=00200000
            14797500           14782 1c00144a 00878793 addi             x15, x15, 8         x15=00200008 x15:00200000
            14798500           14783 1c00144c fff00713 addi             x14, x0, -1         x14=ffffffff
            14799500           14784 1c00144e 00e467a3 p.sw             x14, x0(x8)         x14:ffffffff  x8:10800000  PA:10a00008
            14822500           14807 1c001452 f85ff06f jal              x0, -124           
            14823500           14808 1c0013d6 00068363 beq              x13, x0, 6          x13:100fc720
            14824500           14809 1c0013d8 00d00533 add              x10, x0, x13        x10=100fc720 x13:100fc720
            14825500           14810 1c0013da c1dff0ef jal              x1, -996             x1=1c0013dc
            14827500           14812 1c000ff6 ff010113 addi             x2, x2, -16          x2=10000930  x2:10000940
            14828500           14813 1c000ff8 00112623 sw               x1, 12(x2)           x1:1c0013dc  x2:10000930  PA:1000093c
            14829500           14814 1c000ffa 00812423 sw               x8, 8(x2)            x8:10800000  x2:10000930  PA:10000938
            14830500           14815 1c000ffc 30047473 csrrci           x8, 0x00000008, 0x300  x8=00001800
            14834500           14819 1c001000 00c52783 lw               x15, 12(x10)        x15=1000013c x10:100fc720  PA:100fc72c
            14835500           14820 1c001002 00052423 sw               x0, 8(x10)          x10:100fc720  PA:100fc728
            14836500           14821 1c001006 0007a703 lw               x14, 0(x15)         x14=100fc720 x15:1000013c  PA:1000013c
            14838500           14823 1c001008 00071e63 bne              x14, x0, 28         x14:100fc720
            14841500           14826 1c001024 0047a703 lw               x14, 4(x15)         x14=100fc720 x15:1000013c  PA:10000140
            14843500           14828 1c001026 00a72423 sw               x10, 8(x14)         x10:100fc720 x14:100fc720  PA:100fc728
            14844500           14829 1c001028 fe5ff06f jal              x0, -28            
            14846500           14831 1c00100c 00a7a223 sw               x10, 4(x15)         x10:100fc720 x15:1000013c  PA:10000140
            14847500           14832 1c00100e 00c7a503 lw               x10, 12(x15)        x10=00000000 x15:1000013c  PA:10000148
            14849500           14834 1c001010 00050463 beq              x10, x0, 8          x10:00000000
            14852500           14837 1c001018 30041073 csrrw            x0, x8, 0x300        x8:00001800
            14856500           14841 1c00101c 00c12083 lw               x1, 12(x2)           x1=1c0013dc  x2:10000930  PA:1000093c
            14857500           14842 1c00101e 00812403 lw               x8, 8(x2)            x8=10800000  x2:10000930  PA:10000938
            14858500           14843 1c001020 01010113 addi             x2, x2, 16           x2=10000940  x2:10000930
            14859500           14844 1c001022 00008067 jalr             x0, x1, 0            x1:1c0013dc
            14861500           14846 1c0013dc 30091073 csrrw            x0, x18, 0x300      x18:00001808
            14865500           14850 1c0013e0 02c12083 lw               x1, 44(x2)           x1=1c000a7c  x2:10000940  PA:1000096c
            14866500           14851 1c0013e2 02812403 lw               x8, 40(x2)           x8=00000003  x2:10000940  PA:10000968
            14867500           14852 1c0013e4 02412483 lw               x9, 36(x2)           x9=100fc720  x2:10000940  PA:10000964
            14868500           14853 1c0013e6 02012903 lw               x18, 32(x2)         x18=00000000  x2:10000940  PA:10000960
            14869500           14854 1c0013e8 01c12983 lw               x19, 28(x2)         x19=00000000  x2:10000940  PA:1000095c
            14870500           14855 1c0013ea 01812a03 lw               x20, 24(x2)         x20=00000000  x2:10000940  PA:10000958
            14871500           14856 1c0013ec 01412a83 lw               x21, 20(x2)         x21=00000000  x2:10000940  PA:10000954
            14872500           14857 1c0013ee 03010113 addi             x2, x2, 48           x2=10000970  x2:10000940
            14873500           14858 1c0013f0 00008067 jalr             x0, x1, 0            x1:1c000a7c
            14875500           14860 1c000a7c fe4439e3 p.bneimm         x8, -14              x8:00000003
            14878500           14863 1c000a6e 008005b3 add              x11, x0, x8         x11=00000003  x8:00000003
            14879500           14864 1c000a70 009006b3 add              x13, x0, x9         x13=100fc720  x9:100fc720
            14880500           14865 1c000a72 00140413 addi             x8, x8, 1            x8=00000004  x8:00000003
            14881500           14866 1c000a74 00000613 addi             x12, x0, 0          x12=00000000
            14882500           14867 1c000a76 00100513 addi             x10, x0, 1          x10=00000001
            14883500           14868 1c000a78 12b000ef jal              x1, 2346             x1=1c000a7c
            14885500           14870 1c0013a2 fd010113 addi             x2, x2, -48          x2=10000940  x2:10000970
            14886500           14871 1c0013a4 02812423 sw               x8, 40(x2)           x8:00000004  x2:10000940  PA:10000968
            14887500           14872 1c0013a6 00b00433 add              x8, x0, x11          x8=00000003 x11:00000003
            14888500           14873 1c0013a8 02112623 sw               x1, 44(x2)           x1:1c000a7c  x2:10000940  PA:1000096c
            14889500           14874 1c0013aa 02912223 sw               x9, 36(x2)           x9:100fc720  x2:10000940  PA:10000964
            14890500           14875 1c0013ac 03212023 sw               x18, 32(x2)         x18:00000000  x2:10000940  PA:10000960
            14891500           14876 1c0013ae 01312e23 sw               x19, 28(x2)         x19:00000000  x2:10000940  PA:1000095c
            14892500           14877 1c0013b0 01412c23 sw               x20, 24(x2)         x20:00000000  x2:10000940  PA:10000958
            14893500           14878 1c0013b2 01512a23 sw               x21, 20(x2)         x21:00000000  x2:10000940  PA:10000954
            14894500           14879 1c0013b4 30047973 csrrci           x18, 0x00000008, 0x300 x18=00001808
            14898500           14883 1c0013b8 01800a13 addi             x20, x0, 24         x20=00000018
            14899500           14884 1c0013ba 03458a33 mul              x20, x11, x20       x20=00000048 x11:00000003 x20:00000018
            14900500           14885 1c0013be 1c002737 lui              x14, 0x1c002000     x14=1c002000
            14901500           14886 1c0013c2 6a872783 lw               x15, 1704(x14)      x15=1c2fff50 x14:1c002000  PA:1c0026a8
            14915500           14900 1c0013c6 00e00ab3 add              x21, x0, x14        x21=1c002000 x14:1c002000
            14916500           14901 1c0013c8 014787b3 add              x15, x15, x20       x15=1c2fff98 x15:1c2fff50 x20:00000048
            14917500           14902 1c0013ca 0007a703 lw               x14, 0(x15)         x14=00000000 x15:1c2fff98  PA:1c2fff98
            14931500           14916 1c0013cc 02050363 beq              x10, x0, 38         x10:00000001
            14932500           14917 1c0013ce 00170713 addi             x14, x14, 1         x14=00000001 x14:00000000
            14933500           14918 1c0013d0 00e7a023 sw               x14, 0(x15)         x14:00000001 x15:1c2fff98  PA:1c2fff98
            14951500           14936 1c0013d2 0007a483 lw               x9, 0(x15)           x9=00000001 x15:1c2fff98  PA:1c2fff98
            14968500           14953 1c0013d4 02049163 bne              x9, x0, 34           x9:00000001
            14971500           14956 1c0013f6 fe14b3e3 p.bneimm         x9, -26              x9:00000001
            14972500           14957 1c0013fa 00800993 addi             x19, x0, 8          x19=00000008
            14973500           14958 1c0013fe 04040f63 beq              x8, x0, 94           x8:00000003
            14974500           14959 1c001400 00800533 add              x10, x0, x8         x10=00000003  x8:00000003
            14975500           14960 1c001402 00d12623 sw               x13, 12(x2)         x13:100fc720  x2:10000940  PA:1000094c
            14976500           14961 1c001404 ed3ff0ef jal              x1, -302             x1=1c001406
            14978500           14963 1c0012d6 ff010113 addi             x2, x2, -16          x2=10000930  x2:10000940
            14979500           14964 1c0012d8 00812423 sw               x8, 8(x2)            x8:00000003  x2:10000930  PA:10000938
            14980500           14965 1c0012da 00912223 sw               x9, 4(x2)            x9:00000001  x2:10000930  PA:10000934
            14981500           14966 1c0012dc 04050413 addi             x8, x10, 64          x8=00000043 x10:00000003
            14982500           14967 1c0012e0 00a004b3 add              x9, x0, x10          x9=00000003 x10:00000003
            14983500           14968 1c0012e2 1b000537 lui              x10, 0x1b000000     x10=1b000000
            14984500           14969 1c0012e6 00850513 addi             x10, x10, 8         x10=1b000008 x10:1b000000
            14985500           14970 1c0012ea 01641413 slli             x8, x8, 0x16         x8=10c00000  x8:00000043
            14986500           14971 1c0012ec e6c53533 p.bclr           x10, x10, 19, 12    x10=00000008 x10:1b000008
            14987500           14972 1c0012f0 00850533 add              x10, x10, x8        x10=10c00008 x10:00000008  x8:10c00000
            14988500           14973 1c0012f2 04000613 addi             x12, x0, 64         x12=00000040
            14989500           14974 1c0012f6 00000593 addi             x11, x0, 0          x11=00000000
            14990500           14975 1c0012f8 00112623 sw               x1, 12(x2)           x1:1c001406  x2:10000930  PA:1000093c
            14991500           14976 1c0012fa 506000ef jal              x1, 1286             x1=1c0012fc
            14993500           14978 1c001800 00a60633 add              x12, x12, x10       x12=10c00048 x12:00000040 x10:10c00008
            14994500           14979 1c001802 00a007b3 add              x15, x0, x10        x15=10c00008 x10:10c00008
            14995500           14980 1c001804 00c79363 bne              x15, x12, 6         x15:10c00008 x12:10c00048
            14998500           14983 1c00180a 00b780ab p.sb             x11, 1(x15!)        x15=10c00009 x11:00000000 x15:10c00008  PA:10c00008
            15018500           15003 1c00180e ff7ff06f jal              x0, -10            
            15019500           15004 1c001804 00c79363 bne              x15, x12, 6         x15:10c00009 x12:10c00048
            15022500           15007 1c00180a 00b780ab p.sb             x11, 1(x15!)        x15=10c0000a x11:00000000 x15:10c00009  PA:10c00009
            15042500           15027 1c00180e ff7ff06f jal              x0, -10            
            15043500           15028 1c001804 00c79363 bne              x15, x12, 6         x15:10c0000a x12:10c00048
            15046500           15031 1c00180a 00b780ab p.sb             x11, 1(x15!)        x15=10c0000b x11:00000000 x15:10c0000a  PA:10c0000a
            15066500           15051 1c00180e ff7ff06f jal              x0, -10            
            15067500           15052 1c001804 00c79363 bne              x15, x12, 6         x15:10c0000b x12:10c00048
            15070500           15055 1c00180a 00b780ab p.sb             x11, 1(x15!)        x15=10c0000c x11:00000000 x15:10c0000b  PA:10c0000b
            15090500           15075 1c00180e ff7ff06f jal              x0, -10            
            15091500           15076 1c001804 00c79363 bne              x15, x12, 6         x15:10c0000c x12:10c00048
            15094500           15079 1c00180a 00b780ab p.sb             x11, 1(x15!)        x15=10c0000d x11:00000000 x15:10c0000c  PA:10c0000c
            15114500           15099 1c00180e ff7ff06f jal              x0, -10            
            15115500           15100 1c001804 00c79363 bne              x15, x12, 6         x15:10c0000d x12:10c00048
            15118500           15103 1c00180a 00b780ab p.sb             x11, 1(x15!)        x15=10c0000e x11:00000000 x15:10c0000d  PA:10c0000d
            15138500           15123 1c00180e ff7ff06f jal              x0, -10            
            15139500           15124 1c001804 00c79363 bne              x15, x12, 6         x15:10c0000e x12:10c00048
            15142500           15127 1c00180a 00b780ab p.sb             x11, 1(x15!)        x15=10c0000f x11:00000000 x15:10c0000e  PA:10c0000e
            15162500           15147 1c00180e ff7ff06f jal              x0, -10            
            15163500           15148 1c001804 00c79363 bne              x15, x12, 6         x15:10c0000f x12:10c00048
            15166500           15151 1c00180a 00b780ab p.sb             x11, 1(x15!)        x15=10c00010 x11:00000000 x15:10c0000f  PA:10c0000f
            15186500           15171 1c00180e ff7ff06f jal              x0, -10            
            15187500           15172 1c001804 00c79363 bne              x15, x12, 6         x15:10c00010 x12:10c00048
            15190500           15175 1c00180a 00b780ab p.sb             x11, 1(x15!)        x15=10c00011 x11:00000000 x15:10c00010  PA:10c00010
            15210500           15195 1c00180e ff7ff06f jal              x0, -10            
            15211500           15196 1c001804 00c79363 bne              x15, x12, 6         x15:10c00011 x12:10c00048
            15214500           15199 1c00180a 00b780ab p.sb             x11, 1(x15!)        x15=10c00012 x11:00000000 x15:10c00011  PA:10c00011
            15234500           15219 1c00180e ff7ff06f jal              x0, -10            
            15235500           15220 1c001804 00c79363 bne              x15, x12, 6         x15:10c00012 x12:10c00048
            15238500           15223 1c00180a 00b780ab p.sb             x11, 1(x15!)        x15=10c00013 x11:00000000 x15:10c00012  PA:10c00012
            15258500           15243 1c00180e ff7ff06f jal              x0, -10            
            15259500           15244 1c001804 00c79363 bne              x15, x12, 6         x15:10c00013 x12:10c00048
            15262500           15247 1c00180a 00b780ab p.sb             x11, 1(x15!)        x15=10c00014 x11:00000000 x15:10c00013  PA:10c00013
            15282500           15267 1c00180e ff7ff06f jal              x0, -10            
            15283500           15268 1c001804 00c79363 bne              x15, x12, 6         x15:10c00014 x12:10c00048
            15286500           15271 1c00180a 00b780ab p.sb             x11, 1(x15!)        x15=10c00015 x11:00000000 x15:10c00014  PA:10c00014
            15306500           15291 1c00180e ff7ff06f jal              x0, -10            
            15307500           15292 1c001804 00c79363 bne              x15, x12, 6         x15:10c00015 x12:10c00048
            15310500           15295 1c00180a 00b780ab p.sb             x11, 1(x15!)        x15=10c00016 x11:00000000 x15:10c00015  PA:10c00015
            15330500           15315 1c00180e ff7ff06f jal              x0, -10            
            15331500           15316 1c001804 00c79363 bne              x15, x12, 6         x15:10c00016 x12:10c00048
            15334500           15319 1c00180a 00b780ab p.sb             x11, 1(x15!)        x15=10c00017 x11:00000000 x15:10c00016  PA:10c00016
            15354500           15339 1c00180e ff7ff06f jal              x0, -10            
            15355500           15340 1c001804 00c79363 bne              x15, x12, 6         x15:10c00017 x12:10c00048
            15358500           15343 1c00180a 00b780ab p.sb             x11, 1(x15!)        x15=10c00018 x11:00000000 x15:10c00017  PA:10c00017
            15378500           15363 1c00180e ff7ff06f jal              x0, -10            
            15379500           15364 1c001804 00c79363 bne              x15, x12, 6         x15:10c00018 x12:10c00048
            15382500           15367 1c00180a 00b780ab p.sb             x11, 1(x15!)        x15=10c00019 x11:00000000 x15:10c00018  PA:10c00018
            15402500           15387 1c00180e ff7ff06f jal              x0, -10            
            15403500           15388 1c001804 00c79363 bne              x15, x12, 6         x15:10c00019 x12:10c00048
            15406500           15391 1c00180a 00b780ab p.sb             x11, 1(x15!)        x15=10c0001a x11:00000000 x15:10c00019  PA:10c00019
            15426500           15411 1c00180e ff7ff06f jal              x0, -10            
            15427500           15412 1c001804 00c79363 bne              x15, x12, 6         x15:10c0001a x12:10c00048
            15430500           15415 1c00180a 00b780ab p.sb             x11, 1(x15!)        x15=10c0001b x11:00000000 x15:10c0001a  PA:10c0001a
            15450500           15435 1c00180e ff7ff06f jal              x0, -10            
            15451500           15436 1c001804 00c79363 bne              x15, x12, 6         x15:10c0001b x12:10c00048
            15454500           15439 1c00180a 00b780ab p.sb             x11, 1(x15!)        x15=10c0001c x11:00000000 x15:10c0001b  PA:10c0001b
            15474500           15459 1c00180e ff7ff06f jal              x0, -10            
            15475500           15460 1c001804 00c79363 bne              x15, x12, 6         x15:10c0001c x12:10c00048
            15478500           15463 1c00180a 00b780ab p.sb             x11, 1(x15!)        x15=10c0001d x11:00000000 x15:10c0001c  PA:10c0001c
            15498500           15483 1c00180e ff7ff06f jal              x0, -10            
            15499500           15484 1c001804 00c79363 bne              x15, x12, 6         x15:10c0001d x12:10c00048
            15502500           15487 1c00180a 00b780ab p.sb             x11, 1(x15!)        x15=10c0001e x11:00000000 x15:10c0001d  PA:10c0001d
            15522500           15507 1c00180e ff7ff06f jal              x0, -10            
            15523500           15508 1c001804 00c79363 bne              x15, x12, 6         x15:10c0001e x12:10c00048
            15526500           15511 1c00180a 00b780ab p.sb             x11, 1(x15!)        x15=10c0001f x11:00000000 x15:10c0001e  PA:10c0001e
            15546500           15531 1c00180e ff7ff06f jal              x0, -10            
            15547500           15532 1c001804 00c79363 bne              x15, x12, 6         x15:10c0001f x12:10c00048
            15550500           15535 1c00180a 00b780ab p.sb             x11, 1(x15!)        x15=10c00020 x11:00000000 x15:10c0001f  PA:10c0001f
            15570500           15555 1c00180e ff7ff06f jal              x0, -10            
            15571500           15556 1c001804 00c79363 bne              x15, x12, 6         x15:10c00020 x12:10c00048
            15574500           15559 1c00180a 00b780ab p.sb             x11, 1(x15!)        x15=10c00021 x11:00000000 x15:10c00020  PA:10c00020
            15594500           15579 1c00180e ff7ff06f jal              x0, -10            
            15595500           15580 1c001804 00c79363 bne              x15, x12, 6         x15:10c00021 x12:10c00048
            15598500           15583 1c00180a 00b780ab p.sb             x11, 1(x15!)        x15=10c00022 x11:00000000 x15:10c00021  PA:10c00021
            15618500           15603 1c00180e ff7ff06f jal              x0, -10            
            15619500           15604 1c001804 00c79363 bne              x15, x12, 6         x15:10c00022 x12:10c00048
            15622500           15607 1c00180a 00b780ab p.sb             x11, 1(x15!)        x15=10c00023 x11:00000000 x15:10c00022  PA:10c00022
            15642500           15627 1c00180e ff7ff06f jal              x0, -10            
            15643500           15628 1c001804 00c79363 bne              x15, x12, 6         x15:10c00023 x12:10c00048
            15646500           15631 1c00180a 00b780ab p.sb             x11, 1(x15!)        x15=10c00024 x11:00000000 x15:10c00023  PA:10c00023
            15666500           15651 1c00180e ff7ff06f jal              x0, -10            
            15667500           15652 1c001804 00c79363 bne              x15, x12, 6         x15:10c00024 x12:10c00048
            15670500           15655 1c00180a 00b780ab p.sb             x11, 1(x15!)        x15=10c00025 x11:00000000 x15:10c00024  PA:10c00024
            15690500           15675 1c00180e ff7ff06f jal              x0, -10            
            15691500           15676 1c001804 00c79363 bne              x15, x12, 6         x15:10c00025 x12:10c00048
            15694500           15679 1c00180a 00b780ab p.sb             x11, 1(x15!)        x15=10c00026 x11:00000000 x15:10c00025  PA:10c00025
            15714500           15699 1c00180e ff7ff06f jal              x0, -10            
            15715500           15700 1c001804 00c79363 bne              x15, x12, 6         x15:10c00026 x12:10c00048
            15718500           15703 1c00180a 00b780ab p.sb             x11, 1(x15!)        x15=10c00027 x11:00000000 x15:10c00026  PA:10c00026
            15738500           15723 1c00180e ff7ff06f jal              x0, -10            
            15739500           15724 1c001804 00c79363 bne              x15, x12, 6         x15:10c00027 x12:10c00048
            15742500           15727 1c00180a 00b780ab p.sb             x11, 1(x15!)        x15=10c00028 x11:00000000 x15:10c00027  PA:10c00027
            15762500           15747 1c00180e ff7ff06f jal              x0, -10            
            15763500           15748 1c001804 00c79363 bne              x15, x12, 6         x15:10c00028 x12:10c00048
            15766500           15751 1c00180a 00b780ab p.sb             x11, 1(x15!)        x15=10c00029 x11:00000000 x15:10c00028  PA:10c00028
            15786500           15771 1c00180e ff7ff06f jal              x0, -10            
            15787500           15772 1c001804 00c79363 bne              x15, x12, 6         x15:10c00029 x12:10c00048
            15790500           15775 1c00180a 00b780ab p.sb             x11, 1(x15!)        x15=10c0002a x11:00000000 x15:10c00029  PA:10c00029
            15810500           15795 1c00180e ff7ff06f jal              x0, -10            
            15811500           15796 1c001804 00c79363 bne              x15, x12, 6         x15:10c0002a x12:10c00048
            15814500           15799 1c00180a 00b780ab p.sb             x11, 1(x15!)        x15=10c0002b x11:00000000 x15:10c0002a  PA:10c0002a
            15834500           15819 1c00180e ff7ff06f jal              x0, -10            
            15835500           15820 1c001804 00c79363 bne              x15, x12, 6         x15:10c0002b x12:10c00048
            15838500           15823 1c00180a 00b780ab p.sb             x11, 1(x15!)        x15=10c0002c x11:00000000 x15:10c0002b  PA:10c0002b
            15858500           15843 1c00180e ff7ff06f jal              x0, -10            
            15859500           15844 1c001804 00c79363 bne              x15, x12, 6         x15:10c0002c x12:10c00048
            15862500           15847 1c00180a 00b780ab p.sb             x11, 1(x15!)        x15=10c0002d x11:00000000 x15:10c0002c  PA:10c0002c
            15882500           15867 1c00180e ff7ff06f jal              x0, -10            
            15883500           15868 1c001804 00c79363 bne              x15, x12, 6         x15:10c0002d x12:10c00048
            15886500           15871 1c00180a 00b780ab p.sb             x11, 1(x15!)        x15=10c0002e x11:00000000 x15:10c0002d  PA:10c0002d
            15906500           15891 1c00180e ff7ff06f jal              x0, -10            
            15907500           15892 1c001804 00c79363 bne              x15, x12, 6         x15:10c0002e x12:10c00048
            15910500           15895 1c00180a 00b780ab p.sb             x11, 1(x15!)        x15=10c0002f x11:00000000 x15:10c0002e  PA:10c0002e
            15930500           15915 1c00180e ff7ff06f jal              x0, -10            
            15931500           15916 1c001804 00c79363 bne              x15, x12, 6         x15:10c0002f x12:10c00048
            15934500           15919 1c00180a 00b780ab p.sb             x11, 1(x15!)        x15=10c00030 x11:00000000 x15:10c0002f  PA:10c0002f
            15954500           15939 1c00180e ff7ff06f jal              x0, -10            
            15955500           15940 1c001804 00c79363 bne              x15, x12, 6         x15:10c00030 x12:10c00048
            15958500           15943 1c00180a 00b780ab p.sb             x11, 1(x15!)        x15=10c00031 x11:00000000 x15:10c00030  PA:10c00030
            15978500           15963 1c00180e ff7ff06f jal              x0, -10            
            15979500           15964 1c001804 00c79363 bne              x15, x12, 6         x15:10c00031 x12:10c00048
            15982500           15967 1c00180a 00b780ab p.sb             x11, 1(x15!)        x15=10c00032 x11:00000000 x15:10c00031  PA:10c00031
            16002500           15987 1c00180e ff7ff06f jal              x0, -10            
            16003500           15988 1c001804 00c79363 bne              x15, x12, 6         x15:10c00032 x12:10c00048
            16006500           15991 1c00180a 00b780ab p.sb             x11, 1(x15!)        x15=10c00033 x11:00000000 x15:10c00032  PA:10c00032
            16026500           16011 1c00180e ff7ff06f jal              x0, -10            
            16027500           16012 1c001804 00c79363 bne              x15, x12, 6         x15:10c00033 x12:10c00048
            16030500           16015 1c00180a 00b780ab p.sb             x11, 1(x15!)        x15=10c00034 x11:00000000 x15:10c00033  PA:10c00033
            16050500           16035 1c00180e ff7ff06f jal              x0, -10            
            16051500           16036 1c001804 00c79363 bne              x15, x12, 6         x15:10c00034 x12:10c00048
            16054500           16039 1c00180a 00b780ab p.sb             x11, 1(x15!)        x15=10c00035 x11:00000000 x15:10c00034  PA:10c00034
            16074500           16059 1c00180e ff7ff06f jal              x0, -10            
            16075500           16060 1c001804 00c79363 bne              x15, x12, 6         x15:10c00035 x12:10c00048
            16078500           16063 1c00180a 00b780ab p.sb             x11, 1(x15!)        x15=10c00036 x11:00000000 x15:10c00035  PA:10c00035
            16098500           16083 1c00180e ff7ff06f jal              x0, -10            
            16099500           16084 1c001804 00c79363 bne              x15, x12, 6         x15:10c00036 x12:10c00048
            16102500           16087 1c00180a 00b780ab p.sb             x11, 1(x15!)        x15=10c00037 x11:00000000 x15:10c00036  PA:10c00036
            16122500           16107 1c00180e ff7ff06f jal              x0, -10            
            16123500           16108 1c001804 00c79363 bne              x15, x12, 6         x15:10c00037 x12:10c00048
            16126500           16111 1c00180a 00b780ab p.sb             x11, 1(x15!)        x15=10c00038 x11:00000000 x15:10c00037  PA:10c00037
            16146500           16131 1c00180e ff7ff06f jal              x0, -10            
            16147500           16132 1c001804 00c79363 bne              x15, x12, 6         x15:10c00038 x12:10c00048
            16150500           16135 1c00180a 00b780ab p.sb             x11, 1(x15!)        x15=10c00039 x11:00000000 x15:10c00038  PA:10c00038
            16170500           16155 1c00180e ff7ff06f jal              x0, -10            
            16171500           16156 1c001804 00c79363 bne              x15, x12, 6         x15:10c00039 x12:10c00048
            16174500           16159 1c00180a 00b780ab p.sb             x11, 1(x15!)        x15=10c0003a x11:00000000 x15:10c00039  PA:10c00039
            16194500           16179 1c00180e ff7ff06f jal              x0, -10            
            16195500           16180 1c001804 00c79363 bne              x15, x12, 6         x15:10c0003a x12:10c00048
            16198500           16183 1c00180a 00b780ab p.sb             x11, 1(x15!)        x15=10c0003b x11:00000000 x15:10c0003a  PA:10c0003a
            16218500           16203 1c00180e ff7ff06f jal              x0, -10            
            16219500           16204 1c001804 00c79363 bne              x15, x12, 6         x15:10c0003b x12:10c00048
            16222500           16207 1c00180a 00b780ab p.sb             x11, 1(x15!)        x15=10c0003c x11:00000000 x15:10c0003b  PA:10c0003b
            16242500           16227 1c00180e ff7ff06f jal              x0, -10            
            16243500           16228 1c001804 00c79363 bne              x15, x12, 6         x15:10c0003c x12:10c00048
            16246500           16231 1c00180a 00b780ab p.sb             x11, 1(x15!)        x15=10c0003d x11:00000000 x15:10c0003c  PA:10c0003c
            16266500           16251 1c00180e ff7ff06f jal              x0, -10            
            16267500           16252 1c001804 00c79363 bne              x15, x12, 6         x15:10c0003d x12:10c00048
            16270500           16255 1c00180a 00b780ab p.sb             x11, 1(x15!)        x15=10c0003e x11:00000000 x15:10c0003d  PA:10c0003d
            16290500           16275 1c00180e ff7ff06f jal              x0, -10            
            16291500           16276 1c001804 00c79363 bne              x15, x12, 6         x15:10c0003e x12:10c00048
            16294500           16279 1c00180a 00b780ab p.sb             x11, 1(x15!)        x15=10c0003f x11:00000000 x15:10c0003e  PA:10c0003e
            16314500           16299 1c00180e ff7ff06f jal              x0, -10            
            16315500           16300 1c001804 00c79363 bne              x15, x12, 6         x15:10c0003f x12:10c00048
            16318500           16303 1c00180a 00b780ab p.sb             x11, 1(x15!)        x15=10c00040 x11:00000000 x15:10c0003f  PA:10c0003f
            16338500           16323 1c00180e ff7ff06f jal              x0, -10            
            16339500           16324 1c001804 00c79363 bne              x15, x12, 6         x15:10c00040 x12:10c00048
            16342500           16327 1c00180a 00b780ab p.sb             x11, 1(x15!)        x15=10c00041 x11:00000000 x15:10c00040  PA:10c00040
            16362500           16347 1c00180e ff7ff06f jal              x0, -10            
            16363500           16348 1c001804 00c79363 bne              x15, x12, 6         x15:10c00041 x12:10c00048
            16366500           16351 1c00180a 00b780ab p.sb             x11, 1(x15!)        x15=10c00042 x11:00000000 x15:10c00041  PA:10c00041
            16386500           16371 1c00180e ff7ff06f jal              x0, -10            
            16387500           16372 1c001804 00c79363 bne              x15, x12, 6         x15:10c00042 x12:10c00048
            16390500           16375 1c00180a 00b780ab p.sb             x11, 1(x15!)        x15=10c00043 x11:00000000 x15:10c00042  PA:10c00042
            16410500           16395 1c00180e ff7ff06f jal              x0, -10            
            16411500           16396 1c001804 00c79363 bne              x15, x12, 6         x15:10c00043 x12:10c00048
            16414500           16399 1c00180a 00b780ab p.sb             x11, 1(x15!)        x15=10c00044 x11:00000000 x15:10c00043  PA:10c00043
            16434500           16419 1c00180e ff7ff06f jal              x0, -10            
            16435500           16420 1c001804 00c79363 bne              x15, x12, 6         x15:10c00044 x12:10c00048
            16438500           16423 1c00180a 00b780ab p.sb             x11, 1(x15!)        x15=10c00045 x11:00000000 x15:10c00044  PA:10c00044
            16458500           16443 1c00180e ff7ff06f jal              x0, -10            
            16459500           16444 1c001804 00c79363 bne              x15, x12, 6         x15:10c00045 x12:10c00048
            16462500           16447 1c00180a 00b780ab p.sb             x11, 1(x15!)        x15=10c00046 x11:00000000 x15:10c00045  PA:10c00045
            16482500           16467 1c00180e ff7ff06f jal              x0, -10            
            16483500           16468 1c001804 00c79363 bne              x15, x12, 6         x15:10c00046 x12:10c00048
            16486500           16471 1c00180a 00b780ab p.sb             x11, 1(x15!)        x15=10c00047 x11:00000000 x15:10c00046  PA:10c00046
            16506500           16491 1c00180e ff7ff06f jal              x0, -10            
            16507500           16492 1c001804 00c79363 bne              x15, x12, 6         x15:10c00047 x12:10c00048
            16510500           16495 1c00180a 00b780ab p.sb             x11, 1(x15!)        x15=10c00048 x11:00000000 x15:10c00047  PA:10c00047
            16530500           16515 1c00180e ff7ff06f jal              x0, -10            
            16531500           16516 1c001804 00c79363 bne              x15, x12, 6         x15:10c00048 x12:10c00048
            16532500           16517 1c001808 00008067 jalr             x0, x1, 0            x1:1c0012fc
            16534500           16519 1c0012fc 1c0027b7 lui              x15, 0x1c002000     x15=1c002000
            16535500           16520 1c001300 6a87a783 lw               x15, 1704(x15)      x15=1c2fff50 x15:1c002000  PA:1c0026a8
            16549500           16534 1c001304 01800713 addi             x14, x0, 24         x14=00000018
            16550500           16535 1c001306 00c12083 lw               x1, 12(x2)           x1=1c001406  x2:10000930  PA:1000093c
            16551500           16536 1c001308 42e487b3 p.mac            x15, x9, x14        x15=1c2fff98 x15:1c2fff50  x9:00000003 x14:00000018
            16552500           16537 1c00130c 00201737 lui              x14, 0x201000       x14=00201000
            16553500           16538 1c001310 e0470713 addi             x14, x14, -508      x14=00200e04 x14:00201000
            16554500           16539 1c001314 00e40433 add              x8, x8, x14          x8=10e00e04  x8:10c00000 x14:00200e04
            16555500           16540 1c001316 00412483 lw               x9, 4(x2)            x9=00000001  x2:10000930  PA:10000934
            16556500           16541 1c001318 0087aa23 sw               x8, 20(x15)          x8:10e00e04 x15:1c2fff98  PA:1c2fffac
            16574500           16559 1c00131a 00812403 lw               x8, 8(x2)            x8=00000003  x2:10000930  PA:10000938
            16575500           16560 1c00131c 0007a623 sw               x0, 12(x15)         x15:1c2fff98  PA:1c2fffa4
            16593500           16578 1c001320 01010113 addi             x2, x2, 16           x2=10000940  x2:10000930
            16594500           16579 1c001322 00008067 jalr             x0, x1, 0            x1:1c001406
            16596500           16581 1c001406 00800533 add              x10, x0, x8         x10=00000003  x8:00000003
            16597500           16582 1c001408 e0dff0ef jal              x1, -500             x1=1c00140a
            16599500           16584 1c001214 1c0027b7 lui              x15, 0x1c002000     x15=1c002000
            16600500           16585 1c001218 69c7a703 lw               x14, 1692(x15)      x14=10000990 x15:1c002000  PA:1c00269c
            16614500           16599 1c00121c 100017b7 lui              x15, 0x10001000     x15=10001000
            16615500           16600 1c001220 01651593 slli             x11, x10, 0x16      x11=00c00000 x10:00000003
            16616500           16601 1c001224 000ff637 lui              x12, 0xff000        x12=000ff000
            16617500           16602 1c001228 00251513 slli             x10, x10, 0x2       x10=0000000c x10:00000003
            16618500           16603 1c00122a 99078793 addi             x15, x15, -1648     x15=10000990 x15:10001000
            16619500           16604 1c00122e 67060613 addi             x12, x12, 1648      x12=000ff670 x12:000ff000
            16620500           16605 1c001232 00f585b3 add              x11, x11, x15       x11=10c00990 x11:00c00000 x15:10000990
            16621500           16606 1c001234 00e50533 add              x10, x10, x14       x10=1000099c x10:0000000c x14:10000990
            16622500           16607 1c001236 efdff06f jal              x0, -260           
            16624500           16609 1c001132 00758793 addi             x15, x11, 7         x15=10c00997 x11:10c00990
            16625500           16610 1c001136 c407b7b3 p.bclr           x15, x15, 2, 0      x15=10c00990 x15:10c00997
            16626500           16611 1c00113a 40b785b3 sub              x11, x15, x11       x11=00000000 x15:10c00990 x11:10c00990
            16627500           16612 1c00113e 00f52023 sw               x15, 0(x10)         x15:10c00990 x10:1000099c  PA:1000099c
            16628500           16613 1c001140 40b60633 sub              x12, x12, x11       x12=000ff670 x12:000ff670 x11:00000000
            16629500           16614 1c001142 00c05763 bge              x0, x12, 14         x12:000ff670
            16630500           16615 1c001146 c4063633 p.bclr           x12, x12, 2, 0      x12=000ff670 x12:000ff670
            16631500           16616 1c00114a 00c7a023 sw               x12, 0(x15)         x12:000ff670 x15:10c00990  PA:10c00990
            16651500           16636 1c00114c 0007a223 sw               x0, 4(x15)          x15:10c00990  PA:10c00994
            16671500           16656 1c001150 00008067 jalr             x0, x1, 0            x1:1c00140a
            16672500           16657 1c00140a 6a8aa783 lw               x15, 1704(x21)      x15=1c2fff50 x21:1c002000  PA:1c0026a8
            16686500           16671 1c00140e 04040413 addi             x8, x8, 64           x8=00000043  x8:00000003
            16687500           16672 1c001412 01641413 slli             x8, x8, 0x16         x8=10c00000  x8:00000043
            16688500           16673 1c001414 00fa0a33 add              x20, x20, x15       x20=1c2fff98 x20:00000048 x15:1c2fff50
            16689500           16674 1c001416 002017b7 lui              x15, 0x201000       x15=00201000
            16690500           16675 1c00141a 40078793 addi             x15, x15, 1024      x15=00201400 x15:00201000
            16691500           16676 1c00141e fff00713 addi             x14, x0, -1         x14=ffffffff
            16692500           16677 1c001420 000a2223 sw               x0, 4(x20)          x20:1c2fff98  PA:1c2fff9c
            16710500           16695 1c001424 00e467a3 p.sw             x14, x0(x8)         x14:ffffffff  x8:10c00000  PA:10e01400
            16736500           16721 1c001428 00c12683 lw               x13, 12(x2)         x13=100fc720  x2:10000940  PA:1000094c
            16737500           16722 1c00142a 002007b7 lui              x15, 0x200000       x15=00200000
            16738500           16723 1c00142e 1c000737 lui              x14, 0x1c000000     x14=1c000000
            16739500           16724 1c001432 04078793 addi             x15, x15, 64        x15=00200040 x15:00200000
            16740500           16725 1c001436 08070713 addi             x14, x14, 128       x14=1c000080 x14:1c000000
            16741500           16726 1c00143a 008787b3 add              x15, x15, x8        x15=10e00040 x15:00200040  x8:10c00000
            16742500           16727 1c00143c 00000613 addi             x12, x0, 0          x12=00000000
            16743500           16728 1c00143e ce073733 p.bclr           x14, x14, 7, 0      x14=1c000000 x14:1c000080
            16744500           16729 1c001442 01364963 blt              x12, x19, 18        x12:00000000 x19:00000008
            16747500           16732 1c001454 00e7a22b p.sw             x14, 4(x15!)        x15=10e00044 x14:1c000000 x15:10e00040  PA:10e00040
            16770500           16755 1c001458 00160613 addi             x12, x12, 1         x12=00000001 x12:00000000
            16771500           16756 1c00145a fe9ff06f jal              x0, -24            
            16773500           16758 1c001442 01364963 blt              x12, x19, 18        x12:00000001 x19:00000008
            16776500           16761 1c001454 00e7a22b p.sw             x14, 4(x15!)        x15=10e00048 x14:1c000000 x15:10e00044  PA:10e00044
            16799500           16784 1c001458 00160613 addi             x12, x12, 1         x12=00000002 x12:00000001
            16800500           16785 1c00145a fe9ff06f jal              x0, -24            
            16802500           16787 1c001442 01364963 blt              x12, x19, 18        x12:00000002 x19:00000008
            16805500           16790 1c001454 00e7a22b p.sw             x14, 4(x15!)        x15=10e0004c x14:1c000000 x15:10e00048  PA:10e00048
            16828500           16813 1c001458 00160613 addi             x12, x12, 1         x12=00000003 x12:00000002
            16829500           16814 1c00145a fe9ff06f jal              x0, -24            
            16831500           16816 1c001442 01364963 blt              x12, x19, 18        x12:00000003 x19:00000008
            16834500           16819 1c001454 00e7a22b p.sw             x14, 4(x15!)        x15=10e00050 x14:1c000000 x15:10e0004c  PA:10e0004c
            16857500           16842 1c001458 00160613 addi             x12, x12, 1         x12=00000004 x12:00000003
            16858500           16843 1c00145a fe9ff06f jal              x0, -24            
            16860500           16845 1c001442 01364963 blt              x12, x19, 18        x12:00000004 x19:00000008
            16863500           16848 1c001454 00e7a22b p.sw             x14, 4(x15!)        x15=10e00054 x14:1c000000 x15:10e00050  PA:10e00050
            16886500           16871 1c001458 00160613 addi             x12, x12, 1         x12=00000005 x12:00000004
            16887500           16872 1c00145a fe9ff06f jal              x0, -24            
            16889500           16874 1c001442 01364963 blt              x12, x19, 18        x12:00000005 x19:00000008
            16892500           16877 1c001454 00e7a22b p.sw             x14, 4(x15!)        x15=10e00058 x14:1c000000 x15:10e00054  PA:10e00054
            16915500           16900 1c001458 00160613 addi             x12, x12, 1         x12=00000006 x12:00000005
            16916500           16901 1c00145a fe9ff06f jal              x0, -24            
            16918500           16903 1c001442 01364963 blt              x12, x19, 18        x12:00000006 x19:00000008
            16921500           16906 1c001454 00e7a22b p.sw             x14, 4(x15!)        x15=10e0005c x14:1c000000 x15:10e00058  PA:10e00058
            16944500           16929 1c001458 00160613 addi             x12, x12, 1         x12=00000007 x12:00000006
            16945500           16930 1c00145a fe9ff06f jal              x0, -24            
            16947500           16932 1c001442 01364963 blt              x12, x19, 18        x12:00000007 x19:00000008
            16950500           16935 1c001454 00e7a22b p.sw             x14, 4(x15!)        x15=10e00060 x14:1c000000 x15:10e0005c  PA:10e0005c
            16973500           16958 1c001458 00160613 addi             x12, x12, 1         x12=00000008 x12:00000007
            16974500           16959 1c00145a fe9ff06f jal              x0, -24            
            16976500           16961 1c001442 01364963 blt              x12, x19, 18        x12:00000008 x19:00000008
            16977500           16962 1c001446 002007b7 lui              x15, 0x200000       x15=00200000
            16978500           16963 1c00144a 00878793 addi             x15, x15, 8         x15=00200008 x15:00200000
            16979500           16964 1c00144c fff00713 addi             x14, x0, -1         x14=ffffffff
            16980500           16965 1c00144e 00e467a3 p.sw             x14, x0(x8)         x14:ffffffff  x8:10c00000  PA:10e00008
            17003500           16988 1c001452 f85ff06f jal              x0, -124           
            17004500           16989 1c0013d6 00068363 beq              x13, x0, 6          x13:100fc720
            17005500           16990 1c0013d8 00d00533 add              x10, x0, x13        x10=100fc720 x13:100fc720
            17006500           16991 1c0013da c1dff0ef jal              x1, -996             x1=1c0013dc
            17008500           16993 1c000ff6 ff010113 addi             x2, x2, -16          x2=10000930  x2:10000940
            17009500           16994 1c000ff8 00112623 sw               x1, 12(x2)           x1:1c0013dc  x2:10000930  PA:1000093c
            17010500           16995 1c000ffa 00812423 sw               x8, 8(x2)            x8:10c00000  x2:10000930  PA:10000938
            17011500           16996 1c000ffc 30047473 csrrci           x8, 0x00000008, 0x300  x8=00001800
            17015500           17000 1c001000 00c52783 lw               x15, 12(x10)        x15=1000013c x10:100fc720  PA:100fc72c
            17016500           17001 1c001002 00052423 sw               x0, 8(x10)          x10:100fc720  PA:100fc728
            17017500           17002 1c001006 0007a703 lw               x14, 0(x15)         x14=100fc720 x15:1000013c  PA:1000013c
            17019500           17004 1c001008 00071e63 bne              x14, x0, 28         x14:100fc720
            17022500           17007 1c001024 0047a703 lw               x14, 4(x15)         x14=100fc720 x15:1000013c  PA:10000140
            17024500           17009 1c001026 00a72423 sw               x10, 8(x14)         x10:100fc720 x14:100fc720  PA:100fc728
            17025500           17010 1c001028 fe5ff06f jal              x0, -28            
            17027500           17012 1c00100c 00a7a223 sw               x10, 4(x15)         x10:100fc720 x15:1000013c  PA:10000140
            17028500           17013 1c00100e 00c7a503 lw               x10, 12(x15)        x10=00000000 x15:1000013c  PA:10000148
            17030500           17015 1c001010 00050463 beq              x10, x0, 8          x10:00000000
            17033500           17018 1c001018 30041073 csrrw            x0, x8, 0x300        x8:00001800
            17037500           17022 1c00101c 00c12083 lw               x1, 12(x2)           x1=1c0013dc  x2:10000930  PA:1000093c
            17038500           17023 1c00101e 00812403 lw               x8, 8(x2)            x8=10c00000  x2:10000930  PA:10000938
            17039500           17024 1c001020 01010113 addi             x2, x2, 16           x2=10000940  x2:10000930
            17040500           17025 1c001022 00008067 jalr             x0, x1, 0            x1:1c0013dc
            17042500           17027 1c0013dc 30091073 csrrw            x0, x18, 0x300      x18:00001808
            17046500           17031 1c0013e0 02c12083 lw               x1, 44(x2)           x1=1c000a7c  x2:10000940  PA:1000096c
            17047500           17032 1c0013e2 02812403 lw               x8, 40(x2)           x8=00000004  x2:10000940  PA:10000968
            17048500           17033 1c0013e4 02412483 lw               x9, 36(x2)           x9=100fc720  x2:10000940  PA:10000964
            17049500           17034 1c0013e6 02012903 lw               x18, 32(x2)         x18=00000000  x2:10000940  PA:10000960
            17050500           17035 1c0013e8 01c12983 lw               x19, 28(x2)         x19=00000000  x2:10000940  PA:1000095c
            17051500           17036 1c0013ea 01812a03 lw               x20, 24(x2)         x20=00000000  x2:10000940  PA:10000958
            17052500           17037 1c0013ec 01412a83 lw               x21, 20(x2)         x21=00000000  x2:10000940  PA:10000954
            17053500           17038 1c0013ee 03010113 addi             x2, x2, 48           x2=10000970  x2:10000940
            17054500           17039 1c0013f0 00008067 jalr             x0, x1, 0            x1:1c000a7c
            17056500           17041 1c000a7c fe4439e3 p.bneimm         x8, -14              x8:00000004
            17057500           17042 1c000a80 00100413 addi             x8, x0, 1            x8=00000001
            17058500           17043 1c000a82 1c001937 lui              x18, 0x1c001000     x18=1c001000
            17059500           17044 1c000a86 008005b3 add              x11, x0, x8         x11=00000001  x8:00000001
            17060500           17045 1c000a88 00912023 sw               x9, 0(x2)            x9:100fc720  x2:10000970  PA:10000970
            17061500           17046 1c000a8a 00140413 addi             x8, x8, 1            x8=00000002  x8:00000001
            17062500           17047 1c000a8c 00800893 addi             x17, x0, 8          x17=00000008
            17063500           17048 1c000a8e 00000813 addi             x16, x0, 0          x16=00000000
            17079500           17064 1c000a90 00000793 addi             x15, x0, 0          x15=00000000
            17080500           17065 1c000a92 00000713 addi             x14, x0, 0          x14=00000000
            17081500           17066 1c000a94 00000693 addi             x13, x0, 0          x13=00000000
            17082500           17067 1c000a96 9d890613 addi             x12, x18, -1576     x12=1c0009d8 x18:1c001000
            17083500           17068 1c000a9a 00000513 addi             x10, x0, 0          x10=00000000
            17084500           17069 1c000a9c 1fb000ef jal              x1, 2554             x1=1c000aa0
            17102500           17087 1c001496 fb010113 addi             x2, x2, -80          x2=10000920  x2:10000970
            17103500           17088 1c001498 03512a23 sw               x21, 52(x2)         x21:00000000  x2:10000920  PA:10000954
            17104500           17089 1c00149a 05012a83 lw               x21, 80(x2)         x21=100fc720  x2:10000920  PA:10000970
            17105500           17090 1c00149c 04912223 sw               x9, 68(x2)           x9:100fc720  x2:10000920  PA:10000964
            17106500           17091 1c00149e 03312e23 sw               x19, 60(x2)         x19:00000000  x2:10000920  PA:1000095c
            17122500           17107 1c0014a0 03712623 sw               x23, 44(x2)         x23:00000000  x2:10000920  PA:1000094c
            17123500           17108 1c0014a2 03812423 sw               x24, 40(x2)         x24:00000000  x2:10000920  PA:10000948
            17124500           17109 1c0014a4 03a12023 sw               x26, 32(x2)         x26:00000000  x2:10000920  PA:10000940
            17125500           17110 1c0014a6 01b12e23 sw               x27, 28(x2)         x27:00000000  x2:10000920  PA:1000093c
            17126500           17111 1c0014a8 00c00c33 add              x24, x0, x12        x24=1c0009d8 x12:1c0009d8
            17127500           17112 1c0014aa 00b00db3 add              x27, x0, x11        x27=00000001 x11:00000001
            17128500           17113 1c0014ac 00d00bb3 add              x23, x0, x13        x23=00000000 x13:00000000
            17129500           17114 1c0014ae 00e00d33 add              x26, x0, x14        x26=00000000 x14:00000000
            17146500           17131 1c0014b0 00f004b3 add              x9, x0, x15          x9=00000000 x15:00000000
            17147500           17132 1c0014b2 010009b3 add              x19, x0, x16        x19=00000000 x16:00000000
            17148500           17133 1c0014b4 04112623 sw               x1, 76(x2)           x1:1c000aa0  x2:10000920  PA:1000096c
            17149500           17134 1c0014b6 04812423 sw               x8, 72(x2)           x8:00000002  x2:10000920  PA:10000968
            17150500           17135 1c0014b8 05212023 sw               x18, 64(x2)         x18:1c001000  x2:10000920  PA:10000960
            17151500           17136 1c0014ba 03412c23 sw               x20, 56(x2)         x20:00000000  x2:10000920  PA:10000958
            17152500           17137 1c0014bc 03612823 sw               x22, 48(x2)         x22:00000000  x2:10000920  PA:10000950
            17153500           17138 1c0014be 03912223 sw               x25, 36(x2)         x25:00000000  x2:10000920  PA:10000944
            17170500           17155 1c0014c0 30047b73 csrrci           x22, 0x00000008, 0x300 x22=00001808
            17174500           17159 1c0014c4 01100933 add              x18, x0, x17        x18=00000008 x17:00000008
            17175500           17160 1c0014c6 00089463 bne              x17, x0, 8          x17:00000008
            17195500           17180 1c0014ce 1c0027b7 lui              x15, 0x1c002000     x15=1c002000
            17196500           17181 1c0014d2 6a87ac83 lw               x25, 1704(x15)      x25=1c2fff50 x15:1c002000  PA:1c0026a8
            17210500           17195 1c0014d6 01800793 addi             x15, x0, 24         x15=00000018
            17211500           17196 1c0014d8 040d8a13 addi             x20, x27, 64        x20=00000041 x27:00000001
            17212500           17197 1c0014dc 42fd8cb3 p.mac            x25, x27, x15       x25=1c2fff68 x25:1c2fff50 x27:00000001 x15:00000018
            17229500           17214 1c0014e0 1b000737 lui              x14, 0x1b000000     x14=1b000000
            17230500           17215 1c0014e4 000016b7 lui              x13, 0x1000         x13=00001000
            17231500           17216 1c0014e6 016a1a13 slli             x20, x20, 0x16      x20=10400000 x20:00000041
            17232500           17217 1c0014e8 00870713 addi             x14, x14, 8         x14=1b000008 x14:1b000000
            17233500           17218 1c0014ec fff68693 addi             x13, x13, -1        x13=00000fff x13:00001000
            17250500           17235 1c0014ee 004ca783 lw               x15, 4(x25)         x15=00000000 x25:1c2fff68  PA:1c2fff6c
            17265500           17250 1c0014f2 00579413 slli             x8, x15, 0x5         x8=00000000 x15:00000000
            17266500           17251 1c0014f6 00e40433 add              x8, x8, x14          x8=1b000008  x8:00000000 x14:1b000008
            17267500           17252 1c0014f8 00d47433 and              x8, x8, x13          x8=00000008  x8:1b000008 x13:00000fff
            17268500           17253 1c0014fa 01440433 add              x8, x8, x20          x8=10400008  x8:00000008 x20:10400000
            17269500           17254 1c0014fc 00042603 lw               x12, 0(x8)          x12=00000000  x8:10400008  PA:10400008
            17288500           17273 1c0014fe 00060763 beq              x12, x0, 14         x12:00000000
            17291500           17276 1c00150c 00cca583 lw               x11, 12(x25)        x11=00000000 x25:1c2fff68  PA:1c2fff74
            17310500           17295 1c001510 0017c793 xori             x15, x15, 1         x15=00000001 x15:00000000
            17311500           17296 1c001514 00fca223 sw               x15, 4(x25)         x15:00000001 x25:1c2fff68  PA:1c2fff6c
            17329500           17314 1c001518 00058863 beq              x11, x0, 16         x11:00000000
            17348500           17333 1c001528 00049363 bne              x9, x0, 6            x9:00000000
            17349500           17334 1c00152a 40000493 addi             x9, x0, 1024         x9=00000400
            17366500           17351 1c00152e 00099463 bne              x19, x0, 8          x19:00000000
            17367500           17352 1c001532 40000993 addi             x19, x0, 1024       x19=00000400
            17368500           17353 1c001536 020d1163 bne              x26, x0, 34         x26:00000000
            17369500           17354 1c00153a fff90793 addi             x15, x18, -1        x15=00000007 x18:00000008
            17370500           17355 1c00153e 009005b3 add              x11, x0, x9         x11=00000400  x9:00000400
            17387500           17372 1c001540 433785b3 p.mac            x11, x15, x19       x11=00002000 x11:00000400 x15:00000007 x19:00000400
            17388500           17373 1c001544 002d8513 addi             x10, x27, 2         x10=00000003 x27:00000001
            17389500           17374 1c001548 fff00d93 addi             x27, x0, -1         x27=ffffffff
            17390500           17375 1c00154a 00bca823 sw               x11, 16(x25)        x11:00002000 x25:1c2fff68  PA:1c2fff78
            17408500           17393 1c00154e c83ff0ef jal              x1, -894             x1=1c001550
            17409500           17394 1c0011d0 00100793 addi             x15, x0, 1          x15=00000001
            17410500           17395 1c0011d2 00a7fa63 bgeu             x15, x10, 20        x15:00000001 x10:00000003
            17411500           17396 1c0011d6 1c0027b7 lui              x15, 0x1c002000     x15=1c002000
            17412500           17397 1c0011da 69c7a783 lw               x15, 1692(x15)      x15=10000990 x15:1c002000  PA:1c00269c
            17426500           17411 1c0011de ffe50513 addi             x10, x10, -2        x10=00000001 x10:00000003
            17427500           17412 1c0011e0 00251513 slli             x10, x10, 0x2       x10=00000004 x10:00000001
            17428500           17413 1c0011e2 00f50533 add              x10, x10, x15       x10=10000994 x10:00000004 x15:10000990
            17429500           17414 1c0011e4 f6fff06f jal              x0, -146           
            17431500           17416 1c001152 00052783 lw               x15, 0(x10)         x15=10400990 x10:10000994  PA:10000994
            17432500           17417 1c001154 00758593 addi             x11, x11, 7         x11=00002007 x11:00002000
            17433500           17418 1c001156 c405b5b3 p.bclr           x11, x11, 2, 0      x11=00002000 x11:00002007
            17434500           17419 1c00115a 00000693 addi             x13, x0, 0          x13=00000000
            17435500           17420 1c00115c 00078963 beq              x15, x0, 18         x15:10400990
            17436500           17421 1c00115e 0007a703 lw               x14, 0(x15)         x14=000ff670 x15:10400990  PA:10400990
            17454500           17439 1c001160 00b74963 blt              x14, x11, 18        x14:000ff670 x11:00002000
            17455500           17440 1c001164 00b71c63 bne              x14, x11, 24        x14:000ff670 x11:00002000
            17458500           17443 1c00117c 40b70733 sub              x14, x14, x11       x14=000fd670 x14:000ff670 x11:00002000
            17459500           17444 1c00117e 00e7a023 sw               x14, 0(x15)         x14:000fd670 x15:10400990  PA:10400990
            17479500           17464 1c001180 00e787b3 add              x15, x15, x14       x15=104fe000 x15:10400990 x14:000fd670
            17480500           17465 1c001182 fedff06f jal              x0, -20            
            17482500           17467 1c00116e 00f00533 add              x10, x0, x15        x10=104fe000 x15:104fe000
            17483500           17468 1c001170 00008067 jalr             x0, x1, 0            x1:1c001550
            17485500           17470 1c001550 00a00d33 add              x26, x0, x10        x26=104fe000 x10:104fe000
            17486500           17471 1c001552 04050063 beq              x10, x0, 64         x10:104fe000
            17487500           17472 1c001554 00aca623 sw               x10, 12(x25)        x10:104fe000 x25:1c2fff68  PA:1c2fff74
            17505500           17490 1c001558 01500533 add              x10, x0, x21        x10=100fc720 x21:100fc720
            17506500           17491 1c00155a 000a9363 bne              x21, x0, 6          x21:100fc720
            17525500           17510 1c001560 00c52783 lw               x15, 12(x10)        x15=1000013c x10:100fc720  PA:100fc72c
            17526500           17511 1c001562 009d0733 add              x14, x26, x9        x14=104fe400 x26:104fe000  x9:00000400
            17527500           17512 1c001566 01842223 sw               x24, 4(x8)          x24:1c0009d8  x8:10400008  PA:1040000c
            17547500           17532 1c00156a 01742423 sw               x23, 8(x8)          x23:00000000  x8:10400008  PA:10400010
            17567500           17552 1c00156e 00e42623 sw               x14, 12(x8)         x14:104fe400  x8:10400008  PA:10400014
            17587500           17572 1c001570 00942823 sw               x9, 16(x8)           x9:00000400  x8:10400008  PA:10400018
            17607500           17592 1c001572 01342a23 sw               x19, 20(x8)         x19:00000400  x8:10400008  PA:1040001c
            17627500           17612 1c001576 00a42c23 sw               x10, 24(x8)         x10:100fc720  x8:10400008  PA:10400020
            17647500           17632 1c001578 00f42e23 sw               x15, 28(x8)         x15:1000013c  x8:10400008  PA:10400024
            17667500           17652 1c00157a 002017b7 lui              x15, 0x201000       x15=00201000
            17668500           17653 1c00157e 01242023 sw               x18, 0(x8)          x18:00000008  x8:10400008  PA:10400008
            17688500           17673 1c001582 e0478793 addi             x15, x15, -508      x15=00200e04 x15:00201000
            17689500           17674 1c001586 000a67a3 p.sw             x0, x0(x20)         x20:10400000  PA:10600e04
            17712500           17697 1c00158a 00000d93 addi             x27, x0, 0          x27=00000000
            17713500           17698 1c00158c 000a9363 bne              x21, x0, 6          x21:100fc720
            17716500           17701 1c001592 300b1073 csrrw            x0, x22, 0x300      x22:00001808
            17720500           17705 1c001596 04c12083 lw               x1, 76(x2)           x1=1c000aa0  x2:10000920  PA:1000096c
            17721500           17706 1c001598 04812403 lw               x8, 72(x2)           x8=00000002  x2:10000920  PA:10000968
            17722500           17707 1c00159a 01b00533 add              x10, x0, x27        x10=00000000 x27:00000000
            17723500           17708 1c00159c 04412483 lw               x9, 68(x2)           x9=100fc720  x2:10000920  PA:10000964
            17724500           17709 1c00159e 04012903 lw               x18, 64(x2)         x18=1c001000  x2:10000920  PA:10000960
            17740500           17725 1c0015a0 03c12983 lw               x19, 60(x2)         x19=00000000  x2:10000920  PA:1000095c
            17741500           17726 1c0015a2 03812a03 lw               x20, 56(x2)         x20=00000000  x2:10000920  PA:10000958
            17742500           17727 1c0015a4 03412a83 lw               x21, 52(x2)         x21=00000000  x2:10000920  PA:10000954
            17743500           17728 1c0015a6 03012b03 lw               x22, 48(x2)         x22=00000000  x2:10000920  PA:10000950
            17744500           17729 1c0015a8 02c12b83 lw               x23, 44(x2)         x23=00000000  x2:10000920  PA:1000094c
            17745500           17730 1c0015aa 02812c03 lw               x24, 40(x2)         x24=00000000  x2:10000920  PA:10000948
            17746500           17731 1c0015ac 02412c83 lw               x25, 36(x2)         x25=00000000  x2:10000920  PA:10000944
            17747500           17732 1c0015ae 02012d03 lw               x26, 32(x2)         x26=00000000  x2:10000920  PA:10000940
            17748500           17733 1c0015b0 01c12d83 lw               x27, 28(x2)         x27=00000000  x2:10000920  PA:1000093c
            17749500           17734 1c0015b2 05010113 addi             x2, x2, 80           x2=10000970  x2:10000920
            17750500           17735 1c0015b4 00008067 jalr             x0, x1, 0            x1:1c000aa0
            17752500           17737 1c000aa0 fe4433e3 p.bneimm         x8, -26              x8:00000002
            17755500           17740 1c000a86 008005b3 add              x11, x0, x8         x11=00000002  x8:00000002
            17756500           17741 1c000a88 00912023 sw               x9, 0(x2)            x9:100fc720  x2:10000970  PA:10000970
            17757500           17742 1c000a8a 00140413 addi             x8, x8, 1            x8=00000003  x8:00000002
            17758500           17743 1c000a8c 00800893 addi             x17, x0, 8          x17=00000008
            17759500           17744 1c000a8e 00000813 addi             x16, x0, 0          x16=00000000
            17760500           17745 1c000a90 00000793 addi             x15, x0, 0          x15=00000000
            17761500           17746 1c000a92 00000713 addi             x14, x0, 0          x14=00000000
            17762500           17747 1c000a94 00000693 addi             x13, x0, 0          x13=00000000
            17763500           17748 1c000a96 9d890613 addi             x12, x18, -1576     x12=1c0009d8 x18:1c001000
            17764500           17749 1c000a9a 00000513 addi             x10, x0, 0          x10=00000000
            17765500           17750 1c000a9c 1fb000ef jal              x1, 2554             x1=1c000aa0
            17767500           17752 1c001496 fb010113 addi             x2, x2, -80          x2=10000920  x2:10000970
            17768500           17753 1c001498 03512a23 sw               x21, 52(x2)         x21:00000000  x2:10000920  PA:10000954
            17769500           17754 1c00149a 05012a83 lw               x21, 80(x2)         x21=100fc720  x2:10000920  PA:10000970
            17770500           17755 1c00149c 04912223 sw               x9, 68(x2)           x9:100fc720  x2:10000920  PA:10000964
            17771500           17756 1c00149e 03312e23 sw               x19, 60(x2)         x19:00000000  x2:10000920  PA:1000095c
            17772500           17757 1c0014a0 03712623 sw               x23, 44(x2)         x23:00000000  x2:10000920  PA:1000094c
            17773500           17758 1c0014a2 03812423 sw               x24, 40(x2)         x24:00000000  x2:10000920  PA:10000948
            17774500           17759 1c0014a4 03a12023 sw               x26, 32(x2)         x26:00000000  x2:10000920  PA:10000940
            17775500           17760 1c0014a6 01b12e23 sw               x27, 28(x2)         x27:00000000  x2:10000920  PA:1000093c
            17776500           17761 1c0014a8 00c00c33 add              x24, x0, x12        x24=1c0009d8 x12:1c0009d8
            17777500           17762 1c0014aa 00b00db3 add              x27, x0, x11        x27=00000002 x11:00000002
            17778500           17763 1c0014ac 00d00bb3 add              x23, x0, x13        x23=00000000 x13:00000000
            17779500           17764 1c0014ae 00e00d33 add              x26, x0, x14        x26=00000000 x14:00000000
            17780500           17765 1c0014b0 00f004b3 add              x9, x0, x15          x9=00000000 x15:00000000
            17781500           17766 1c0014b2 010009b3 add              x19, x0, x16        x19=00000000 x16:00000000
            17782500           17767 1c0014b4 04112623 sw               x1, 76(x2)           x1:1c000aa0  x2:10000920  PA:1000096c
            17783500           17768 1c0014b6 04812423 sw               x8, 72(x2)           x8:00000003  x2:10000920  PA:10000968
            17784500           17769 1c0014b8 05212023 sw               x18, 64(x2)         x18:1c001000  x2:10000920  PA:10000960
            17785500           17770 1c0014ba 03412c23 sw               x20, 56(x2)         x20:00000000  x2:10000920  PA:10000958
            17786500           17771 1c0014bc 03612823 sw               x22, 48(x2)         x22:00000000  x2:10000920  PA:10000950
            17787500           17772 1c0014be 03912223 sw               x25, 36(x2)         x25:00000000  x2:10000920  PA:10000944
            17788500           17773 1c0014c0 30047b73 csrrci           x22, 0x00000008, 0x300 x22=00001808
            17792500           17777 1c0014c4 01100933 add              x18, x0, x17        x18=00000008 x17:00000008
            17793500           17778 1c0014c6 00089463 bne              x17, x0, 8          x17:00000008
            17797500           17782 1c0014ce 1c0027b7 lui              x15, 0x1c002000     x15=1c002000
            17798500           17783 1c0014d2 6a87ac83 lw               x25, 1704(x15)      x25=1c2fff50 x15:1c002000  PA:1c0026a8
            17813500           17798 1c0014d6 01800793 addi             x15, x0, 24         x15=00000018
            17814500           17799 1c0014d8 040d8a13 addi             x20, x27, 64        x20=00000042 x27:00000002
            17815500           17800 1c0014dc 42fd8cb3 p.mac            x25, x27, x15       x25=1c2fff80 x25:1c2fff50 x27:00000002 x15:00000018
            17816500           17801 1c0014e0 1b000737 lui              x14, 0x1b000000     x14=1b000000
            17817500           17802 1c0014e4 000016b7 lui              x13, 0x1000         x13=00001000
            17818500           17803 1c0014e6 016a1a13 slli             x20, x20, 0x16      x20=10800000 x20:00000042
            17819500           17804 1c0014e8 00870713 addi             x14, x14, 8         x14=1b000008 x14:1b000000
            17820500           17805 1c0014ec fff68693 addi             x13, x13, -1        x13=00000fff x13:00001000
            17821500           17806 1c0014ee 004ca783 lw               x15, 4(x25)         x15=00000000 x25:1c2fff80  PA:1c2fff84
            17836500           17821 1c0014f2 00579413 slli             x8, x15, 0x5         x8=00000000 x15:00000000
            17837500           17822 1c0014f6 00e40433 add              x8, x8, x14          x8=1b000008  x8:00000000 x14:1b000008
            17838500           17823 1c0014f8 00d47433 and              x8, x8, x13          x8=00000008  x8:1b000008 x13:00000fff
            17839500           17824 1c0014fa 01440433 add              x8, x8, x20          x8=10800008  x8:00000008 x20:10800000
            17840500           17825 1c0014fc 00042603 lw               x12, 0(x8)          x12=00000000  x8:10800008  PA:10800008
            17858500           17843 1c0014fe 00060763 beq              x12, x0, 14         x12:00000000
            17861500           17846 1c00150c 00cca583 lw               x11, 12(x25)        x11=00000000 x25:1c2fff80  PA:1c2fff8c
            17875500           17860 1c001510 0017c793 xori             x15, x15, 1         x15=00000001 x15:00000000
            17876500           17861 1c001514 00fca223 sw               x15, 4(x25)         x15:00000001 x25:1c2fff80  PA:1c2fff84
            17894500           17879 1c001518 00058863 beq              x11, x0, 16         x11:00000000
            17897500           17882 1c001528 00049363 bne              x9, x0, 6            x9:00000000
            17898500           17883 1c00152a 40000493 addi             x9, x0, 1024         x9=00000400
            17899500           17884 1c00152e 00099463 bne              x19, x0, 8          x19:00000000
            17900500           17885 1c001532 40000993 addi             x19, x0, 1024       x19=00000400
            17901500           17886 1c001536 020d1163 bne              x26, x0, 34         x26:00000000
            17902500           17887 1c00153a fff90793 addi             x15, x18, -1        x15=00000007 x18:00000008
            17903500           17888 1c00153e 009005b3 add              x11, x0, x9         x11=00000400  x9:00000400
            17904500           17889 1c001540 433785b3 p.mac            x11, x15, x19       x11=00002000 x11:00000400 x15:00000007 x19:00000400
            17905500           17890 1c001544 002d8513 addi             x10, x27, 2         x10=00000004 x27:00000002
            17906500           17891 1c001548 fff00d93 addi             x27, x0, -1         x27=ffffffff
            17907500           17892 1c00154a 00bca823 sw               x11, 16(x25)        x11:00002000 x25:1c2fff80  PA:1c2fff90
            17925500           17910 1c00154e c83ff0ef jal              x1, -894             x1=1c001550
            17926500           17911 1c0011d0 00100793 addi             x15, x0, 1          x15=00000001
            17927500           17912 1c0011d2 00a7fa63 bgeu             x15, x10, 20        x15:00000001 x10:00000004
            17928500           17913 1c0011d6 1c0027b7 lui              x15, 0x1c002000     x15=1c002000
            17929500           17914 1c0011da 69c7a783 lw               x15, 1692(x15)      x15=10000990 x15:1c002000  PA:1c00269c
            17944500           17929 1c0011de ffe50513 addi             x10, x10, -2        x10=00000002 x10:00000004
            17945500           17930 1c0011e0 00251513 slli             x10, x10, 0x2       x10=00000008 x10:00000002
            17946500           17931 1c0011e2 00f50533 add              x10, x10, x15       x10=10000998 x10:00000008 x15:10000990
            17947500           17932 1c0011e4 f6fff06f jal              x0, -146           
            17949500           17934 1c001152 00052783 lw               x15, 0(x10)         x15=10800990 x10:10000998  PA:10000998
            17950500           17935 1c001154 00758593 addi             x11, x11, 7         x11=00002007 x11:00002000
            17951500           17936 1c001156 c405b5b3 p.bclr           x11, x11, 2, 0      x11=00002000 x11:00002007
            17952500           17937 1c00115a 00000693 addi             x13, x0, 0          x13=00000000
            17953500           17938 1c00115c 00078963 beq              x15, x0, 18         x15:10800990
            17954500           17939 1c00115e 0007a703 lw               x14, 0(x15)         x14=000ff670 x15:10800990  PA:10800990
            17972500           17957 1c001160 00b74963 blt              x14, x11, 18        x14:000ff670 x11:00002000
            17973500           17958 1c001164 00b71c63 bne              x14, x11, 24        x14:000ff670 x11:00002000
            17976500           17961 1c00117c 40b70733 sub              x14, x14, x11       x14=000fd670 x14:000ff670 x11:00002000
            17977500           17962 1c00117e 00e7a023 sw               x14, 0(x15)         x14:000fd670 x15:10800990  PA:10800990
            17997500           17982 1c001180 00e787b3 add              x15, x15, x14       x15=108fe000 x15:10800990 x14:000fd670
            17998500           17983 1c001182 fedff06f jal              x0, -20            
            18000500           17985 1c00116e 00f00533 add              x10, x0, x15        x10=108fe000 x15:108fe000
            18001500           17986 1c001170 00008067 jalr             x0, x1, 0            x1:1c001550
            18003500           17988 1c001550 00a00d33 add              x26, x0, x10        x26=108fe000 x10:108fe000
            18004500           17989 1c001552 04050063 beq              x10, x0, 64         x10:108fe000
            18005500           17990 1c001554 00aca623 sw               x10, 12(x25)        x10:108fe000 x25:1c2fff80  PA:1c2fff8c
            18023500           18008 1c001558 01500533 add              x10, x0, x21        x10=100fc720 x21:100fc720
            18024500           18009 1c00155a 000a9363 bne              x21, x0, 6          x21:100fc720
            18027500           18012 1c001560 00c52783 lw               x15, 12(x10)        x15=1000013c x10:100fc720  PA:100fc72c
            18028500           18013 1c001562 009d0733 add              x14, x26, x9        x14=108fe400 x26:108fe000  x9:00000400
            18029500           18014 1c001566 01842223 sw               x24, 4(x8)          x24:1c0009d8  x8:10800008  PA:1080000c
            18049500           18034 1c00156a 01742423 sw               x23, 8(x8)          x23:00000000  x8:10800008  PA:10800010
            18069500           18054 1c00156e 00e42623 sw               x14, 12(x8)         x14:108fe400  x8:10800008  PA:10800014
            18089500           18074 1c001570 00942823 sw               x9, 16(x8)           x9:00000400  x8:10800008  PA:10800018
            18109500           18094 1c001572 01342a23 sw               x19, 20(x8)         x19:00000400  x8:10800008  PA:1080001c
            18129500           18114 1c001576 00a42c23 sw               x10, 24(x8)         x10:100fc720  x8:10800008  PA:10800020
            18149500           18134 1c001578 00f42e23 sw               x15, 28(x8)         x15:1000013c  x8:10800008  PA:10800024
            18169500           18154 1c00157a 002017b7 lui              x15, 0x201000       x15=00201000
            18170500           18155 1c00157e 01242023 sw               x18, 0(x8)          x18:00000008  x8:10800008  PA:10800008
            18190500           18175 1c001582 e0478793 addi             x15, x15, -508      x15=00200e04 x15:00201000
            18191500           18176 1c001586 000a67a3 p.sw             x0, x0(x20)         x20:10800000  PA:10a00e04
            18214500           18199 1c00158a 00000d93 addi             x27, x0, 0          x27=00000000
            18215500           18200 1c00158c 000a9363 bne              x21, x0, 6          x21:100fc720
            18218500           18203 1c001592 300b1073 csrrw            x0, x22, 0x300      x22:00001808
            18222500           18207 1c001596 04c12083 lw               x1, 76(x2)           x1=1c000aa0  x2:10000920  PA:1000096c
            18223500           18208 1c001598 04812403 lw               x8, 72(x2)           x8=00000003  x2:10000920  PA:10000968
            18224500           18209 1c00159a 01b00533 add              x10, x0, x27        x10=00000000 x27:00000000
            18225500           18210 1c00159c 04412483 lw               x9, 68(x2)           x9=100fc720  x2:10000920  PA:10000964
            18226500           18211 1c00159e 04012903 lw               x18, 64(x2)         x18=1c001000  x2:10000920  PA:10000960
            18227500           18212 1c0015a0 03c12983 lw               x19, 60(x2)         x19=00000000  x2:10000920  PA:1000095c
            18228500           18213 1c0015a2 03812a03 lw               x20, 56(x2)         x20=00000000  x2:10000920  PA:10000958
            18229500           18214 1c0015a4 03412a83 lw               x21, 52(x2)         x21=00000000  x2:10000920  PA:10000954
            18230500           18215 1c0015a6 03012b03 lw               x22, 48(x2)         x22=00000000  x2:10000920  PA:10000950
            18231500           18216 1c0015a8 02c12b83 lw               x23, 44(x2)         x23=00000000  x2:10000920  PA:1000094c
            18232500           18217 1c0015aa 02812c03 lw               x24, 40(x2)         x24=00000000  x2:10000920  PA:10000948
            18233500           18218 1c0015ac 02412c83 lw               x25, 36(x2)         x25=00000000  x2:10000920  PA:10000944
            18234500           18219 1c0015ae 02012d03 lw               x26, 32(x2)         x26=00000000  x2:10000920  PA:10000940
            18235500           18220 1c0015b0 01c12d83 lw               x27, 28(x2)         x27=00000000  x2:10000920  PA:1000093c
            18236500           18221 1c0015b2 05010113 addi             x2, x2, 80           x2=10000970  x2:10000920
            18237500           18222 1c0015b4 00008067 jalr             x0, x1, 0            x1:1c000aa0
            18239500           18224 1c000aa0 fe4433e3 p.bneimm         x8, -26              x8:00000003
            18242500           18227 1c000a86 008005b3 add              x11, x0, x8         x11=00000003  x8:00000003
            18243500           18228 1c000a88 00912023 sw               x9, 0(x2)            x9:100fc720  x2:10000970  PA:10000970
            18244500           18229 1c000a8a 00140413 addi             x8, x8, 1            x8=00000004  x8:00000003
            18245500           18230 1c000a8c 00800893 addi             x17, x0, 8          x17=00000008
            18246500           18231 1c000a8e 00000813 addi             x16, x0, 0          x16=00000000
            18247500           18232 1c000a90 00000793 addi             x15, x0, 0          x15=00000000
            18248500           18233 1c000a92 00000713 addi             x14, x0, 0          x14=00000000
            18249500           18234 1c000a94 00000693 addi             x13, x0, 0          x13=00000000
            18250500           18235 1c000a96 9d890613 addi             x12, x18, -1576     x12=1c0009d8 x18:1c001000
            18251500           18236 1c000a9a 00000513 addi             x10, x0, 0          x10=00000000
            18252500           18237 1c000a9c 1fb000ef jal              x1, 2554             x1=1c000aa0
            18254500           18239 1c001496 fb010113 addi             x2, x2, -80          x2=10000920  x2:10000970
            18255500           18240 1c001498 03512a23 sw               x21, 52(x2)         x21:00000000  x2:10000920  PA:10000954
            18256500           18241 1c00149a 05012a83 lw               x21, 80(x2)         x21=100fc720  x2:10000920  PA:10000970
            18257500           18242 1c00149c 04912223 sw               x9, 68(x2)           x9:100fc720  x2:10000920  PA:10000964
            18258500           18243 1c00149e 03312e23 sw               x19, 60(x2)         x19:00000000  x2:10000920  PA:1000095c
            18259500           18244 1c0014a0 03712623 sw               x23, 44(x2)         x23:00000000  x2:10000920  PA:1000094c
            18260500           18245 1c0014a2 03812423 sw               x24, 40(x2)         x24:00000000  x2:10000920  PA:10000948
            18261500           18246 1c0014a4 03a12023 sw               x26, 32(x2)         x26:00000000  x2:10000920  PA:10000940
            18262500           18247 1c0014a6 01b12e23 sw               x27, 28(x2)         x27:00000000  x2:10000920  PA:1000093c
            18263500           18248 1c0014a8 00c00c33 add              x24, x0, x12        x24=1c0009d8 x12:1c0009d8
            18264500           18249 1c0014aa 00b00db3 add              x27, x0, x11        x27=00000003 x11:00000003
            18265500           18250 1c0014ac 00d00bb3 add              x23, x0, x13        x23=00000000 x13:00000000
            18266500           18251 1c0014ae 00e00d33 add              x26, x0, x14        x26=00000000 x14:00000000
            18267500           18252 1c0014b0 00f004b3 add              x9, x0, x15          x9=00000000 x15:00000000
            18268500           18253 1c0014b2 010009b3 add              x19, x0, x16        x19=00000000 x16:00000000
            18269500           18254 1c0014b4 04112623 sw               x1, 76(x2)           x1:1c000aa0  x2:10000920  PA:1000096c
            18270500           18255 1c0014b6 04812423 sw               x8, 72(x2)           x8:00000004  x2:10000920  PA:10000968
            18271500           18256 1c0014b8 05212023 sw               x18, 64(x2)         x18:1c001000  x2:10000920  PA:10000960
            18272500           18257 1c0014ba 03412c23 sw               x20, 56(x2)         x20:00000000  x2:10000920  PA:10000958
            18273500           18258 1c0014bc 03612823 sw               x22, 48(x2)         x22:00000000  x2:10000920  PA:10000950
            18274500           18259 1c0014be 03912223 sw               x25, 36(x2)         x25:00000000  x2:10000920  PA:10000944
            18275500           18260 1c0014c0 30047b73 csrrci           x22, 0x00000008, 0x300 x22=00001808
            18279500           18264 1c0014c4 01100933 add              x18, x0, x17        x18=00000008 x17:00000008
            18280500           18265 1c0014c6 00089463 bne              x17, x0, 8          x17:00000008
            18284500           18269 1c0014ce 1c0027b7 lui              x15, 0x1c002000     x15=1c002000
            18285500           18270 1c0014d2 6a87ac83 lw               x25, 1704(x15)      x25=1c2fff50 x15:1c002000  PA:1c0026a8
            18301500           18286 1c0014d6 01800793 addi             x15, x0, 24         x15=00000018
            18302500           18287 1c0014d8 040d8a13 addi             x20, x27, 64        x20=00000043 x27:00000003
            18303500           18288 1c0014dc 42fd8cb3 p.mac            x25, x27, x15       x25=1c2fff98 x25:1c2fff50 x27:00000003 x15:00000018
            18304500           18289 1c0014e0 1b000737 lui              x14, 0x1b000000     x14=1b000000
            18305500           18290 1c0014e4 000016b7 lui              x13, 0x1000         x13=00001000
            18306500           18291 1c0014e6 016a1a13 slli             x20, x20, 0x16      x20=10c00000 x20:00000043
            18307500           18292 1c0014e8 00870713 addi             x14, x14, 8         x14=1b000008 x14:1b000000
            18308500           18293 1c0014ec fff68693 addi             x13, x13, -1        x13=00000fff x13:00001000
            18309500           18294 1c0014ee 004ca783 lw               x15, 4(x25)         x15=00000000 x25:1c2fff98  PA:1c2fff9c
            18324500           18309 1c0014f2 00579413 slli             x8, x15, 0x5         x8=00000000 x15:00000000
            18325500           18310 1c0014f6 00e40433 add              x8, x8, x14          x8=1b000008  x8:00000000 x14:1b000008
            18326500           18311 1c0014f8 00d47433 and              x8, x8, x13          x8=00000008  x8:1b000008 x13:00000fff
            18327500           18312 1c0014fa 01440433 add              x8, x8, x20          x8=10c00008  x8:00000008 x20:10c00000
            18328500           18313 1c0014fc 00042603 lw               x12, 0(x8)          x12=00000000  x8:10c00008  PA:10c00008
            18346500           18331 1c0014fe 00060763 beq              x12, x0, 14         x12:00000000
            18349500           18334 1c00150c 00cca583 lw               x11, 12(x25)        x11=00000000 x25:1c2fff98  PA:1c2fffa4
            18366500           18351 1c001510 0017c793 xori             x15, x15, 1         x15=00000001 x15:00000000
            18367500           18352 1c001514 00fca223 sw               x15, 4(x25)         x15:00000001 x25:1c2fff98  PA:1c2fff9c
            18385500           18370 1c001518 00058863 beq              x11, x0, 16         x11:00000000
            18388500           18373 1c001528 00049363 bne              x9, x0, 6            x9:00000000
            18389500           18374 1c00152a 40000493 addi             x9, x0, 1024         x9=00000400
            18390500           18375 1c00152e 00099463 bne              x19, x0, 8          x19:00000000
            18391500           18376 1c001532 40000993 addi             x19, x0, 1024       x19=00000400
            18392500           18377 1c001536 020d1163 bne              x26, x0, 34         x26:00000000
            18393500           18378 1c00153a fff90793 addi             x15, x18, -1        x15=00000007 x18:00000008
            18394500           18379 1c00153e 009005b3 add              x11, x0, x9         x11=00000400  x9:00000400
            18395500           18380 1c001540 433785b3 p.mac            x11, x15, x19       x11=00002000 x11:00000400 x15:00000007 x19:00000400
            18396500           18381 1c001544 002d8513 addi             x10, x27, 2         x10=00000005 x27:00000003
            18397500           18382 1c001548 fff00d93 addi             x27, x0, -1         x27=ffffffff
            18398500           18383 1c00154a 00bca823 sw               x11, 16(x25)        x11:00002000 x25:1c2fff98  PA:1c2fffa8
            18416500           18401 1c00154e c83ff0ef jal              x1, -894             x1=1c001550
            18417500           18402 1c0011d0 00100793 addi             x15, x0, 1          x15=00000001
            18418500           18403 1c0011d2 00a7fa63 bgeu             x15, x10, 20        x15:00000001 x10:00000005
            18419500           18404 1c0011d6 1c0027b7 lui              x15, 0x1c002000     x15=1c002000
            18420500           18405 1c0011da 69c7a783 lw               x15, 1692(x15)      x15=10000990 x15:1c002000  PA:1c00269c
            18435500           18420 1c0011de ffe50513 addi             x10, x10, -2        x10=00000003 x10:00000005
            18436500           18421 1c0011e0 00251513 slli             x10, x10, 0x2       x10=0000000c x10:00000003
            18437500           18422 1c0011e2 00f50533 add              x10, x10, x15       x10=1000099c x10:0000000c x15:10000990
            18438500           18423 1c0011e4 f6fff06f jal              x0, -146           
            18440500           18425 1c001152 00052783 lw               x15, 0(x10)         x15=10c00990 x10:1000099c  PA:1000099c
            18441500           18426 1c001154 00758593 addi             x11, x11, 7         x11=00002007 x11:00002000
            18442500           18427 1c001156 c405b5b3 p.bclr           x11, x11, 2, 0      x11=00002000 x11:00002007
            18443500           18428 1c00115a 00000693 addi             x13, x0, 0          x13=00000000
            18444500           18429 1c00115c 00078963 beq              x15, x0, 18         x15:10c00990
            18445500           18430 1c00115e 0007a703 lw               x14, 0(x15)         x14=000ff670 x15:10c00990  PA:10c00990
            18463500           18448 1c001160 00b74963 blt              x14, x11, 18        x14:000ff670 x11:00002000
            18464500           18449 1c001164 00b71c63 bne              x14, x11, 24        x14:000ff670 x11:00002000
            18467500           18452 1c00117c 40b70733 sub              x14, x14, x11       x14=000fd670 x14:000ff670 x11:00002000
            18468500           18453 1c00117e 00e7a023 sw               x14, 0(x15)         x14:000fd670 x15:10c00990  PA:10c00990
            18488500           18473 1c001180 00e787b3 add              x15, x15, x14       x15=10cfe000 x15:10c00990 x14:000fd670
            18489500           18474 1c001182 fedff06f jal              x0, -20            
            18491500           18476 1c00116e 00f00533 add              x10, x0, x15        x10=10cfe000 x15:10cfe000
            18492500           18477 1c001170 00008067 jalr             x0, x1, 0            x1:1c001550
            18494500           18479 1c001550 00a00d33 add              x26, x0, x10        x26=10cfe000 x10:10cfe000
            18495500           18480 1c001552 04050063 beq              x10, x0, 64         x10:10cfe000
            18496500           18481 1c001554 00aca623 sw               x10, 12(x25)        x10:10cfe000 x25:1c2fff98  PA:1c2fffa4
            18514500           18499 1c001558 01500533 add              x10, x0, x21        x10=100fc720 x21:100fc720
            18515500           18500 1c00155a 000a9363 bne              x21, x0, 6          x21:100fc720
            18518500           18503 1c001560 00c52783 lw               x15, 12(x10)        x15=1000013c x10:100fc720  PA:100fc72c
            18519500           18504 1c001562 009d0733 add              x14, x26, x9        x14=10cfe400 x26:10cfe000  x9:00000400
            18520500           18505 1c001566 01842223 sw               x24, 4(x8)          x24:1c0009d8  x8:10c00008  PA:10c0000c
            18540500           18525 1c00156a 01742423 sw               x23, 8(x8)          x23:00000000  x8:10c00008  PA:10c00010
            18560500           18545 1c00156e 00e42623 sw               x14, 12(x8)         x14:10cfe400  x8:10c00008  PA:10c00014
            18580500           18565 1c001570 00942823 sw               x9, 16(x8)           x9:00000400  x8:10c00008  PA:10c00018
            18600500           18585 1c001572 01342a23 sw               x19, 20(x8)         x19:00000400  x8:10c00008  PA:10c0001c
            18620500           18605 1c001576 00a42c23 sw               x10, 24(x8)         x10:100fc720  x8:10c00008  PA:10c00020
            18640500           18625 1c001578 00f42e23 sw               x15, 28(x8)         x15:1000013c  x8:10c00008  PA:10c00024
            18660500           18645 1c00157a 002017b7 lui              x15, 0x201000       x15=00201000
            18661500           18646 1c00157e 01242023 sw               x18, 0(x8)          x18:00000008  x8:10c00008  PA:10c00008
            18681500           18666 1c001582 e0478793 addi             x15, x15, -508      x15=00200e04 x15:00201000
            18682500           18667 1c001586 000a67a3 p.sw             x0, x0(x20)         x20:10c00000  PA:10e00e04
            18705500           18690 1c00158a 00000d93 addi             x27, x0, 0          x27=00000000
            18706500           18691 1c00158c 000a9363 bne              x21, x0, 6          x21:100fc720
            18709500           18694 1c001592 300b1073 csrrw            x0, x22, 0x300      x22:00001808
            18713500           18698 1c001596 04c12083 lw               x1, 76(x2)           x1=1c000aa0  x2:10000920  PA:1000096c
            18714500           18699 1c001598 04812403 lw               x8, 72(x2)           x8=00000004  x2:10000920  PA:10000968
            18715500           18700 1c00159a 01b00533 add              x10, x0, x27        x10=00000000 x27:00000000
            18716500           18701 1c00159c 04412483 lw               x9, 68(x2)           x9=100fc720  x2:10000920  PA:10000964
            18717500           18702 1c00159e 04012903 lw               x18, 64(x2)         x18=1c001000  x2:10000920  PA:10000960
            18718500           18703 1c0015a0 03c12983 lw               x19, 60(x2)         x19=00000000  x2:10000920  PA:1000095c
            18719500           18704 1c0015a2 03812a03 lw               x20, 56(x2)         x20=00000000  x2:10000920  PA:10000958
            18720500           18705 1c0015a4 03412a83 lw               x21, 52(x2)         x21=00000000  x2:10000920  PA:10000954
            18721500           18706 1c0015a6 03012b03 lw               x22, 48(x2)         x22=00000000  x2:10000920  PA:10000950
            18722500           18707 1c0015a8 02c12b83 lw               x23, 44(x2)         x23=00000000  x2:10000920  PA:1000094c
            18723500           18708 1c0015aa 02812c03 lw               x24, 40(x2)         x24=00000000  x2:10000920  PA:10000948
            18724500           18709 1c0015ac 02412c83 lw               x25, 36(x2)         x25=00000000  x2:10000920  PA:10000944
            18725500           18710 1c0015ae 02012d03 lw               x26, 32(x2)         x26=00000000  x2:10000920  PA:10000940
            18726500           18711 1c0015b0 01c12d83 lw               x27, 28(x2)         x27=00000000  x2:10000920  PA:1000093c
            18727500           18712 1c0015b2 05010113 addi             x2, x2, 80           x2=10000970  x2:10000920
            18728500           18713 1c0015b4 00008067 jalr             x0, x1, 0            x1:1c000aa0
            18730500           18715 1c000aa0 fe4433e3 p.bneimm         x8, -26              x8:00000004
            18731500           18716 1c000aa4 00000513 addi             x10, x0, 0          x10=00000000
            18732500           18717 1c000aa6 1c002937 lui              x18, 0x1c002000     x18=1c002000
            18733500           18718 1c000aaa f2fff0ef jal              x1, -210             x1=1c000aac
            18752500           18737 1c0009d8 ff010113 addi             x2, x2, -16          x2=10000960  x2:10000970
            18753500           18738 1c0009da 0ff00713 addi             x14, x0, 255        x14=000000ff
            18772500           18757 1c0009de 1b2047b7 lui              x15, 0x1b204000     x15=1b204000
            18773500           18758 1c0009e2 00112623 sw               x1, 12(x2)           x1:1c000aac  x2:10000960  PA:1000096c
            18774500           18759 1c0009e4 00812423 sw               x8, 8(x2)            x8:00000004  x2:10000960  PA:10000968
            18775500           18760 1c0009e6 00912223 sw               x9, 4(x2)            x9:100fc720  x2:10000960  PA:10000964
            18776500           18761 1c0009e8 08e7a223 sw               x14, 132(x15)       x14:000000ff x15:1b204000  PA:1b204084
            18777500           18762 1c0009ec 20078493 addi             x9, x15, 512         x9=1b204200 x15:1b204000
            18798500           18783 1c0009f0 00e4a023 sw               x14, 0(x9)          x14:000000ff  x9:1b204200  PA:1b204200
            18799500           18784 1c0009f2 20c78793 addi             x15, x15, 524       x15=1b20420c x15:1b204000
            18800500           18785 1c0009f6 00e7a023 sw               x14, 0(x15)         x14:000000ff x15:1b20420c  PA:1b20420c
            18801500           18786 1c0009f8 1c0017b7 lui              x15, 0x1c001000     x15=1c001000
            18802500           18787 1c0009fc 9bc78793 addi             x15, x15, -1604     x15=1c0009bc x15:1c001000
            18820500           18805 1c000a00 1b204737 lui              x14, 0x1b204000     x14=1b204000
            18821500           18806 1c000a04 08f72023 sw               x15, 128(x14)       x15:1c0009bc x14:1b204000  PA:1b204080
            18822500           18807 1c000a08 1b2047b7 lui              x15, 0x1b204000     x15=1b204000
            18823500           18808 1c000a0c 08a7a023 sw               x10, 128(x15)       x10:00000000 x15:1b204000  PA:1b204080
            18842500           18827 1c000a10 f1402673 csrrs            x12, x0, 0xf14      x12=00000000
            18843500           18828 1c000a14 40565413 srai             x8, x12, 0x405       x8=00000000 x12:00000000
            18844500           18829 1c000a18 f2643433 p.bclr           x8, x8, 25, 6        x8=00000000  x8:00000000
            18845500           18830 1c000a1c 1c002537 lui              x10, 0x1c002000     x10=1c002000
            18867500           18852 1c000a20 f4563633 p.bclr           x12, x12, 26, 5     x12=00000000 x12:00000000
            18868500           18853 1c000a24 008005b3 add              x11, x0, x8         x11=00000000  x8:00000000
            18869500           18854 1c000a26 33c50513 addi             x10, x10, 828       x10=1c00233c x10:1c002000
            18870500           18855 1c000a2a 5e7000ef jal              x1, 3558             x1=1c000a2e
            18892500           18877 1c001810 fc010113 addi             x2, x2, -64          x2=10000920  x2:10000960
            18893500           18878 1c001812 02b12223 sw               x11, 36(x2)         x11:00000000  x2:10000920  PA:10000944
            18894500           18879 1c001814 1c0015b7 lui              x11, 0x1c001000     x11=1c001000
            18895500           18880 1c001818 02c12423 sw               x12, 40(x2)         x12:00000000  x2:10000920  PA:10000948
            18896500           18881 1c00181a 02d12623 sw               x13, 44(x2)         x13:00000000  x2:10000920  PA:1000094c
            18897500           18882 1c00181c 00a00633 add              x12, x0, x10        x12=1c00233c x10:1c00233c
            18898500           18883 1c00181e 02410693 addi             x13, x2, 36         x13=10000944  x2:10000920
            18912500           18897 1c001820 00000513 addi             x10, x0, 0          x10=00000000
            18913500           18898 1c001822 77658593 addi             x11, x11, 1910      x11=1c001776 x11:1c001000
            18914500           18899 1c001826 00112e23 sw               x1, 28(x2)           x1:1c000a2e  x2:10000920  PA:1000093c
            18915500           18900 1c001828 02e12823 sw               x14, 48(x2)         x14:1b204000  x2:10000920  PA:10000950
            18916500           18901 1c00182a 02f12a23 sw               x15, 52(x2)         x15:1b204000  x2:10000920  PA:10000954
            18917500           18902 1c00182c 03012c23 sw               x16, 56(x2)         x16:00000000  x2:10000920  PA:10000958
            18918500           18903 1c00182e 03112e23 sw               x17, 60(x2)         x17:00000008  x2:10000920  PA:1000095c
            18936500           18921 1c001830 00d12623 sw               x13, 12(x2)         x13:10000944  x2:10000920  PA:1000092c
            18937500           18922 1c001832 33e000ef jal              x1, 830              x1=1c001834
            18955500           18940 1c001b70 fa010113 addi             x2, x2, -96          x2=100008c0  x2:10000920
            18956500           18941 1c001b72 01810793 addi             x15, x2, 24         x15=100008d8  x2:100008c0
            18957500           18942 1c001b74 04812c23 sw               x8, 88(x2)           x8:00000000  x2:100008c0  PA:10000918
            18958500           18943 1c001b76 05212823 sw               x18, 80(x2)         x18:1c002000  x2:100008c0  PA:10000910
            18959500           18944 1c001b78 05312623 sw               x19, 76(x2)         x19:00000000  x2:100008c0  PA:1000090c
            18960500           18945 1c001b7a 05412423 sw               x20, 72(x2)         x20:00000000  x2:100008c0  PA:10000908
            18962500           18947 1c001b7c 05512223 sw               x21, 68(x2)         x21:00000000  x2:100008c0  PA:10000904
            18963500           18948 1c001b7e 05612023 sw               x22, 64(x2)         x22:00000000  x2:100008c0  PA:10000900
            18982500           18967 1c001b80 03712e23 sw               x23, 60(x2)         x23:00000000  x2:100008c0  PA:100008fc
            18983500           18968 1c001b82 04112e23 sw               x1, 92(x2)           x1:1c001834  x2:100008c0  PA:1000091c
            18984500           18969 1c001b84 04912a23 sw               x9, 84(x2)           x9:1b204200  x2:100008c0  PA:10000914
            18985500           18970 1c001b86 03812c23 sw               x24, 56(x2)         x24:00000000  x2:100008c0  PA:100008f8
            18986500           18971 1c001b88 03912a23 sw               x25, 52(x2)         x25:00000000  x2:100008c0  PA:100008f4
            18987500           18972 1c001b8a 00a00933 add              x18, x0, x10        x18=00000000 x10:00000000
            18988500           18973 1c001b8c 00b009b3 add              x19, x0, x11        x19=1c001776 x11:1c001776
            18989500           18974 1c001b8e 00d00433 add              x8, x0, x13          x8=10000944 x13:10000944
            19012500           18997 1c001b90 00f12a23 sw               x15, 20(x2)         x15:100008d8  x2:100008c0  PA:100008d4
            19013500           18998 1c001b92 02500a13 addi             x20, x0, 37         x20=00000025
            19014500           18999 1c001b96 02d00b93 addi             x23, x0, 45         x23=0000002d
            19015500           19000 1c001b9a 00100a93 addi             x21, x0, 1          x21=00000001
            19016500           19001 1c001b9c 00500b13 addi             x22, x0, 5          x22=00000005
            19036500           19021 1c001b9e 00064583 lbu              x11, 0(x12)         x11=00000048 x12:1c00233c  PA:1c00233c
            19051500           19036 1c001ba2 00160493 addi             x9, x12, 1           x9=1c00233d x12:1c00233c
            19052500           19037 1c001ba6 00059e63 bne              x11, x0, 28         x11:00000048
            19078500           19063 1c001bc2 01458563 beq              x11, x20, 10        x11:00000048 x20:00000025
            19079500           19064 1c001bc6 01200533 add              x10, x0, x18        x10=00000000 x18:00000000
            19080500           19065 1c001bc8 000980e7 jalr             x1, x19, 0           x1=1c001bca x19:1c001776
            19098500           19083 1c001776 00b00533 add              x10, x0, x11        x10=00000048 x11:00000048
            19099500           19084 1c001778 fddff06f jal              x0, -36            
            19101500           19086 1c001754 000026b7 lui              x13, 0x2000         x13=00002000
            19102500           19087 1c001756 f14027f3 csrrs            x15, x0, 0xf14      x15=00000000
            19103500           19088 1c00175a f8068693 addi             x13, x13, -128      x13=00001f80 x13:00002000
            19121500           19106 1c00175e 00379713 slli             x14, x15, 0x3       x14=00000000 x15:00000000
            19122500           19107 1c001762 00279793 slli             x15, x15, 0x2       x15=00000000 x15:00000000
            19123500           19108 1c001764 ee873733 p.bclr           x14, x14, 23, 8     x14=00000000 x14:00000000
            19124500           19109 1c001768 00d7f7b3 and              x15, x15, x13       x15=00000000 x15:00000000 x13:00001f80
            19125500           19110 1c00176a 00e787b3 add              x15, x15, x14       x15=00000000 x15:00000000 x14:00000000
            19126500           19111 1c00176c 1a104737 lui              x14, 0x1a104000     x14=1a104000
            19127500           19112 1c001770 00a767a3 p.sw             x10, x0(x14)        x10:00000048 x14:1a104000  PA:1a104000
            19131500           19116 1c001774 00008067 jalr             x0, x1, 0            x1:1c001bca
            19132500           19117 1c001bca 16a0006f jal              x0, 362            
            19150500           19135 1c001d34 00900633 add              x12, x0, x9         x12=1c00233d  x9:1c00233d
            19151500           19136 1c001d36 e69ff06f jal              x0, -408           
            19154500           19139 1c001b9e 00064583 lbu              x11, 0(x12)         x11=00000065 x12:1c00233d  PA:1c00233d
            19171500           19156 1c001ba2 00160493 addi             x9, x12, 1           x9=1c00233e x12:1c00233d
            19172500           19157 1c001ba6 00059e63 bne              x11, x0, 28         x11:00000065
            19175500           19160 1c001bc2 01458563 beq              x11, x20, 10        x11:00000065 x20:00000025
            19176500           19161 1c001bc6 01200533 add              x10, x0, x18        x10=00000000 x18:00000000
            19177500           19162 1c001bc8 000980e7 jalr             x1, x19, 0           x1=1c001bca x19:1c001776
            19179500           19164 1c001776 00b00533 add              x10, x0, x11        x10=00000065 x11:00000065
            19180500           19165 1c001778 fddff06f jal              x0, -36            
            19182500           19167 1c001754 000026b7 lui              x13, 0x2000         x13=00002000
            19183500           19168 1c001756 f14027f3 csrrs            x15, x0, 0xf14      x15=00000000
            19184500           19169 1c00175a f8068693 addi             x13, x13, -128      x13=00001f80 x13:00002000
            19185500           19170 1c00175e 00379713 slli             x14, x15, 0x3       x14=00000000 x15:00000000
            19186500           19171 1c001762 00279793 slli             x15, x15, 0x2       x15=00000000 x15:00000000
            19187500           19172 1c001764 ee873733 p.bclr           x14, x14, 23, 8     x14=00000000 x14:00000000
            19188500           19173 1c001768 00d7f7b3 and              x15, x15, x13       x15=00000000 x15:00000000 x13:00001f80
            19189500           19174 1c00176a 00e787b3 add              x15, x15, x14       x15=00000000 x15:00000000 x14:00000000
            19190500           19175 1c00176c 1a104737 lui              x14, 0x1a104000     x14=1a104000
            19191500           19176 1c001770 00a767a3 p.sw             x10, x0(x14)        x10:00000065 x14:1a104000  PA:1a104000
            19195500           19180 1c001774 00008067 jalr             x0, x1, 0            x1:1c001bca
            19196500           19181 1c001bca 16a0006f jal              x0, 362            
            19198500           19183 1c001d34 00900633 add              x12, x0, x9         x12=1c00233e  x9:1c00233e
            19199500           19184 1c001d36 e69ff06f jal              x0, -408           
            19202500           19187 1c001b9e 00064583 lbu              x11, 0(x12)         x11=00000079 x12:1c00233e  PA:1c00233e
            19221500           19206 1c001ba2 00160493 addi             x9, x12, 1           x9=1c00233f x12:1c00233e
            19222500           19207 1c001ba6 00059e63 bne              x11, x0, 28         x11:00000079
            19225500           19210 1c001bc2 01458563 beq              x11, x20, 10        x11:00000079 x20:00000025
            19226500           19211 1c001bc6 01200533 add              x10, x0, x18        x10=00000000 x18:00000000
            19227500           19212 1c001bc8 000980e7 jalr             x1, x19, 0           x1=1c001bca x19:1c001776
            19229500           19214 1c001776 00b00533 add              x10, x0, x11        x10=00000079 x11:00000079
            19230500           19215 1c001778 fddff06f jal              x0, -36            
            19232500           19217 1c001754 000026b7 lui              x13, 0x2000         x13=00002000
            19233500           19218 1c001756 f14027f3 csrrs            x15, x0, 0xf14      x15=00000000
            19234500           19219 1c00175a f8068693 addi             x13, x13, -128      x13=00001f80 x13:00002000
            19235500           19220 1c00175e 00379713 slli             x14, x15, 0x3       x14=00000000 x15:00000000
            19236500           19221 1c001762 00279793 slli             x15, x15, 0x2       x15=00000000 x15:00000000
            19237500           19222 1c001764 ee873733 p.bclr           x14, x14, 23, 8     x14=00000000 x14:00000000
            19238500           19223 1c001768 00d7f7b3 and              x15, x15, x13       x15=00000000 x15:00000000 x13:00001f80
            19239500           19224 1c00176a 00e787b3 add              x15, x15, x14       x15=00000000 x15:00000000 x14:00000000
            19240500           19225 1c00176c 1a104737 lui              x14, 0x1a104000     x14=1a104000
            19241500           19226 1c001770 00a767a3 p.sw             x10, x0(x14)        x10:00000079 x14:1a104000  PA:1a104000
            19245500           19230 1c001774 00008067 jalr             x0, x1, 0            x1:1c001bca
            19246500           19231 1c001bca 16a0006f jal              x0, 362            
            19248500           19233 1c001d34 00900633 add              x12, x0, x9         x12=1c00233f  x9:1c00233f
            19249500           19234 1c001d36 e69ff06f jal              x0, -408           
            19252500           19237 1c001b9e 00064583 lbu              x11, 0(x12)         x11=0000002c x12:1c00233f  PA:1c00233f
            19267500           19252 1c001ba2 00160493 addi             x9, x12, 1           x9=1c002340 x12:1c00233f
            19268500           19253 1c001ba6 00059e63 bne              x11, x0, 28         x11:0000002c
            19271500           19256 1c001bc2 01458563 beq              x11, x20, 10        x11:0000002c x20:00000025
            19272500           19257 1c001bc6 01200533 add              x10, x0, x18        x10=00000000 x18:00000000
            19273500           19258 1c001bc8 000980e7 jalr             x1, x19, 0           x1=1c001bca x19:1c001776
            19275500           19260 1c001776 00b00533 add              x10, x0, x11        x10=0000002c x11:0000002c
            19276500           19261 1c001778 fddff06f jal              x0, -36            
            19278500           19263 1c001754 000026b7 lui              x13, 0x2000         x13=00002000
            19279500           19264 1c001756 f14027f3 csrrs            x15, x0, 0xf14      x15=00000000
            19280500           19265 1c00175a f8068693 addi             x13, x13, -128      x13=00001f80 x13:00002000
            19281500           19266 1c00175e 00379713 slli             x14, x15, 0x3       x14=00000000 x15:00000000
            19282500           19267 1c001762 00279793 slli             x15, x15, 0x2       x15=00000000 x15:00000000
            19283500           19268 1c001764 ee873733 p.bclr           x14, x14, 23, 8     x14=00000000 x14:00000000
            19284500           19269 1c001768 00d7f7b3 and              x15, x15, x13       x15=00000000 x15:00000000 x13:00001f80
            19285500           19270 1c00176a 00e787b3 add              x15, x15, x14       x15=00000000 x15:00000000 x14:00000000
            19286500           19271 1c00176c 1a104737 lui              x14, 0x1a104000     x14=1a104000
            19287500           19272 1c001770 00a767a3 p.sw             x10, x0(x14)        x10:0000002c x14:1a104000  PA:1a104000
            19291500           19276 1c001774 00008067 jalr             x0, x1, 0            x1:1c001bca
            19292500           19277 1c001bca 16a0006f jal              x0, 362            
            19294500           19279 1c001d34 00900633 add              x12, x0, x9         x12=1c002340  x9:1c002340
            19295500           19280 1c001d36 e69ff06f jal              x0, -408           
            19298500           19283 1c001b9e 00064583 lbu              x11, 0(x12)         x11=00000020 x12:1c002340  PA:1c002340
            19313500           19298 1c001ba2 00160493 addi             x9, x12, 1           x9=1c002341 x12:1c002340
            19314500           19299 1c001ba6 00059e63 bne              x11, x0, 28         x11:00000020
            19317500           19302 1c001bc2 01458563 beq              x11, x20, 10        x11:00000020 x20:00000025
            19318500           19303 1c001bc6 01200533 add              x10, x0, x18        x10=00000000 x18:00000000
            19319500           19304 1c001bc8 000980e7 jalr             x1, x19, 0           x1=1c001bca x19:1c001776
            19321500           19306 1c001776 00b00533 add              x10, x0, x11        x10=00000020 x11:00000020
            19322500           19307 1c001778 fddff06f jal              x0, -36            
            19324500           19309 1c001754 000026b7 lui              x13, 0x2000         x13=00002000
            19325500           19310 1c001756 f14027f3 csrrs            x15, x0, 0xf14      x15=00000000
            19326500           19311 1c00175a f8068693 addi             x13, x13, -128      x13=00001f80 x13:00002000
            19327500           19312 1c00175e 00379713 slli             x14, x15, 0x3       x14=00000000 x15:00000000
            19328500           19313 1c001762 00279793 slli             x15, x15, 0x2       x15=00000000 x15:00000000
            19329500           19314 1c001764 ee873733 p.bclr           x14, x14, 23, 8     x14=00000000 x14:00000000
            19330500           19315 1c001768 00d7f7b3 and              x15, x15, x13       x15=00000000 x15:00000000 x13:00001f80
            19331500           19316 1c00176a 00e787b3 add              x15, x15, x14       x15=00000000 x15:00000000 x14:00000000
            19332500           19317 1c00176c 1a104737 lui              x14, 0x1a104000     x14=1a104000
            19333500           19318 1c001770 00a767a3 p.sw             x10, x0(x14)        x10:00000020 x14:1a104000  PA:1a104000
            19337500           19322 1c001774 00008067 jalr             x0, x1, 0            x1:1c001bca
            19338500           19323 1c001bca 16a0006f jal              x0, 362            
            19340500           19325 1c001d34 00900633 add              x12, x0, x9         x12=1c002341  x9:1c002341
            19341500           19326 1c001d36 e69ff06f jal              x0, -408           
            19344500           19329 1c001b9e 00064583 lbu              x11, 0(x12)         x11=00000049 x12:1c002341  PA:1c002341
            19362500           19347 1c001ba2 00160493 addi             x9, x12, 1           x9=1c002342 x12:1c002341
            19363500           19348 1c001ba6 00059e63 bne              x11, x0, 28         x11:00000049
            19366500           19351 1c001bc2 01458563 beq              x11, x20, 10        x11:00000049 x20:00000025
            19367500           19352 1c001bc6 01200533 add              x10, x0, x18        x10=00000000 x18:00000000
            19368500           19353 1c001bc8 000980e7 jalr             x1, x19, 0           x1=1c001bca x19:1c001776
            19370500           19355 1c001776 00b00533 add              x10, x0, x11        x10=00000049 x11:00000049
            19371500           19356 1c001778 fddff06f jal              x0, -36            
            19373500           19358 1c001754 000026b7 lui              x13, 0x2000         x13=00002000
            19374500           19359 1c001756 f14027f3 csrrs            x15, x0, 0xf14      x15=00000000
            19375500           19360 1c00175a f8068693 addi             x13, x13, -128      x13=00001f80 x13:00002000
            19376500           19361 1c00175e 00379713 slli             x14, x15, 0x3       x14=00000000 x15:00000000
            19377500           19362 1c001762 00279793 slli             x15, x15, 0x2       x15=00000000 x15:00000000
            19378500           19363 1c001764 ee873733 p.bclr           x14, x14, 23, 8     x14=00000000 x14:00000000
            19379500           19364 1c001768 00d7f7b3 and              x15, x15, x13       x15=00000000 x15:00000000 x13:00001f80
            19380500           19365 1c00176a 00e787b3 add              x15, x15, x14       x15=00000000 x15:00000000 x14:00000000
            19381500           19366 1c00176c 1a104737 lui              x14, 0x1a104000     x14=1a104000
            19382500           19367 1c001770 00a767a3 p.sw             x10, x0(x14)        x10:00000049 x14:1a104000  PA:1a104000
            19386500           19371 1c001774 00008067 jalr             x0, x1, 0            x1:1c001bca
            19387500           19372 1c001bca 16a0006f jal              x0, 362            
            19389500           19374 1c001d34 00900633 add              x12, x0, x9         x12=1c002342  x9:1c002342
            19390500           19375 1c001d36 e69ff06f jal              x0, -408           
            19393500           19378 1c001b9e 00064583 lbu              x11, 0(x12)         x11=00000027 x12:1c002342  PA:1c002342
            19412500           19397 1c001ba2 00160493 addi             x9, x12, 1           x9=1c002343 x12:1c002342
            19413500           19398 1c001ba6 00059e63 bne              x11, x0, 28         x11:00000027
            19416500           19401 1c001bc2 01458563 beq              x11, x20, 10        x11:00000027 x20:00000025
            19417500           19402 1c001bc6 01200533 add              x10, x0, x18        x10=00000000 x18:00000000
            19418500           19403 1c001bc8 000980e7 jalr             x1, x19, 0           x1=1c001bca x19:1c001776
            19420500           19405 1c001776 00b00533 add              x10, x0, x11        x10=00000027 x11:00000027
            19421500           19406 1c001778 fddff06f jal              x0, -36            
            19423500           19408 1c001754 000026b7 lui              x13, 0x2000         x13=00002000
            19424500           19409 1c001756 f14027f3 csrrs            x15, x0, 0xf14      x15=00000000
            19425500           19410 1c00175a f8068693 addi             x13, x13, -128      x13=00001f80 x13:00002000
            19426500           19411 1c00175e 00379713 slli             x14, x15, 0x3       x14=00000000 x15:00000000
            19427500           19412 1c001762 00279793 slli             x15, x15, 0x2       x15=00000000 x15:00000000
            19428500           19413 1c001764 ee873733 p.bclr           x14, x14, 23, 8     x14=00000000 x14:00000000
            19429500           19414 1c001768 00d7f7b3 and              x15, x15, x13       x15=00000000 x15:00000000 x13:00001f80
            19430500           19415 1c00176a 00e787b3 add              x15, x15, x14       x15=00000000 x15:00000000 x14:00000000
            19431500           19416 1c00176c 1a104737 lui              x14, 0x1a104000     x14=1a104000
            19432500           19417 1c001770 00a767a3 p.sw             x10, x0(x14)        x10:00000027 x14:1a104000  PA:1a104000
            19436500           19421 1c001774 00008067 jalr             x0, x1, 0            x1:1c001bca
            19437500           19422 1c001bca 16a0006f jal              x0, 362            
            19439500           19424 1c001d34 00900633 add              x12, x0, x9         x12=1c002343  x9:1c002343
            19440500           19425 1c001d36 e69ff06f jal              x0, -408           
            19443500           19428 1c001b9e 00064583 lbu              x11, 0(x12)         x11=0000006d x12:1c002343  PA:1c002343
            19462500           19447 1c001ba2 00160493 addi             x9, x12, 1           x9=1c002344 x12:1c002343
            19463500           19448 1c001ba6 00059e63 bne              x11, x0, 28         x11:0000006d
            19466500           19451 1c001bc2 01458563 beq              x11, x20, 10        x11:0000006d x20:00000025
            19467500           19452 1c001bc6 01200533 add              x10, x0, x18        x10=00000000 x18:00000000
            19468500           19453 1c001bc8 000980e7 jalr             x1, x19, 0           x1=1c001bca x19:1c001776
            19470500           19455 1c001776 00b00533 add              x10, x0, x11        x10=0000006d x11:0000006d
            19471500           19456 1c001778 fddff06f jal              x0, -36            
            19473500           19458 1c001754 000026b7 lui              x13, 0x2000         x13=00002000
            19474500           19459 1c001756 f14027f3 csrrs            x15, x0, 0xf14      x15=00000000
            19475500           19460 1c00175a f8068693 addi             x13, x13, -128      x13=00001f80 x13:00002000
            19476500           19461 1c00175e 00379713 slli             x14, x15, 0x3       x14=00000000 x15:00000000
            19477500           19462 1c001762 00279793 slli             x15, x15, 0x2       x15=00000000 x15:00000000
            19478500           19463 1c001764 ee873733 p.bclr           x14, x14, 23, 8     x14=00000000 x14:00000000
            19479500           19464 1c001768 00d7f7b3 and              x15, x15, x13       x15=00000000 x15:00000000 x13:00001f80
            19480500           19465 1c00176a 00e787b3 add              x15, x15, x14       x15=00000000 x15:00000000 x14:00000000
            19481500           19466 1c00176c 1a104737 lui              x14, 0x1a104000     x14=1a104000
            19482500           19467 1c001770 00a767a3 p.sw             x10, x0(x14)        x10:0000006d x14:1a104000  PA:1a104000
            19486500           19471 1c001774 00008067 jalr             x0, x1, 0            x1:1c001bca
            19487500           19472 1c001bca 16a0006f jal              x0, 362            
            19489500           19474 1c001d34 00900633 add              x12, x0, x9         x12=1c002344  x9:1c002344
            19490500           19475 1c001d36 e69ff06f jal              x0, -408           
            19493500           19478 1c001b9e 00064583 lbu              x11, 0(x12)         x11=00000020 x12:1c002344  PA:1c002344
            19512500           19497 1c001ba2 00160493 addi             x9, x12, 1           x9=1c002345 x12:1c002344
            19513500           19498 1c001ba6 00059e63 bne              x11, x0, 28         x11:00000020
            19516500           19501 1c001bc2 01458563 beq              x11, x20, 10        x11:00000020 x20:00000025
            19517500           19502 1c001bc6 01200533 add              x10, x0, x18        x10=00000000 x18:00000000
            19518500           19503 1c001bc8 000980e7 jalr             x1, x19, 0           x1=1c001bca x19:1c001776
            19520500           19505 1c001776 00b00533 add              x10, x0, x11        x10=00000020 x11:00000020
            19521500           19506 1c001778 fddff06f jal              x0, -36            
            19523500           19508 1c001754 000026b7 lui              x13, 0x2000         x13=00002000
            19524500           19509 1c001756 f14027f3 csrrs            x15, x0, 0xf14      x15=00000000
            19525500           19510 1c00175a f8068693 addi             x13, x13, -128      x13=00001f80 x13:00002000
            19526500           19511 1c00175e 00379713 slli             x14, x15, 0x3       x14=00000000 x15:00000000
            19527500           19512 1c001762 00279793 slli             x15, x15, 0x2       x15=00000000 x15:00000000
            19528500           19513 1c001764 ee873733 p.bclr           x14, x14, 23, 8     x14=00000000 x14:00000000
            19529500           19514 1c001768 00d7f7b3 and              x15, x15, x13       x15=00000000 x15:00000000 x13:00001f80
            19530500           19515 1c00176a 00e787b3 add              x15, x15, x14       x15=00000000 x15:00000000 x14:00000000
            19531500           19516 1c00176c 1a104737 lui              x14, 0x1a104000     x14=1a104000
            19532500           19517 1c001770 00a767a3 p.sw             x10, x0(x14)        x10:00000020 x14:1a104000  PA:1a104000
            19536500           19521 1c001774 00008067 jalr             x0, x1, 0            x1:1c001bca
            19537500           19522 1c001bca 16a0006f jal              x0, 362            
            19539500           19524 1c001d34 00900633 add              x12, x0, x9         x12=1c002345  x9:1c002345
            19540500           19525 1c001d36 e69ff06f jal              x0, -408           
            19543500           19528 1c001b9e 00064583 lbu              x11, 0(x12)         x11=00000063 x12:1c002345  PA:1c002345
            19567500           19552 1c001ba2 00160493 addi             x9, x12, 1           x9=1c002346 x12:1c002345
            19568500           19553 1c001ba6 00059e63 bne              x11, x0, 28         x11:00000063
            19571500           19556 1c001bc2 01458563 beq              x11, x20, 10        x11:00000063 x20:00000025
            19572500           19557 1c001bc6 01200533 add              x10, x0, x18        x10=00000000 x18:00000000
            19573500           19558 1c001bc8 000980e7 jalr             x1, x19, 0           x1=1c001bca x19:1c001776
            19575500           19560 1c001776 00b00533 add              x10, x0, x11        x10=00000063 x11:00000063
            19576500           19561 1c001778 fddff06f jal              x0, -36            
            19578500           19563 1c001754 000026b7 lui              x13, 0x2000         x13=00002000
            19579500           19564 1c001756 f14027f3 csrrs            x15, x0, 0xf14      x15=00000000
            19580500           19565 1c00175a f8068693 addi             x13, x13, -128      x13=00001f80 x13:00002000
            19581500           19566 1c00175e 00379713 slli             x14, x15, 0x3       x14=00000000 x15:00000000
            19582500           19567 1c001762 00279793 slli             x15, x15, 0x2       x15=00000000 x15:00000000
            19583500           19568 1c001764 ee873733 p.bclr           x14, x14, 23, 8     x14=00000000 x14:00000000
            19584500           19569 1c001768 00d7f7b3 and              x15, x15, x13       x15=00000000 x15:00000000 x13:00001f80
            19585500           19570 1c00176a 00e787b3 add              x15, x15, x14       x15=00000000 x15:00000000 x14:00000000
            19586500           19571 1c00176c 1a104737 lui              x14, 0x1a104000     x14=1a104000
            19587500           19572 1c001770 00a767a3 p.sw             x10, x0(x14)        x10:00000063 x14:1a104000  PA:1a104000
            19591500           19576 1c001774 00008067 jalr             x0, x1, 0            x1:1c001bca
            19592500           19577 1c001bca 16a0006f jal              x0, 362            
            19594500           19579 1c001d34 00900633 add              x12, x0, x9         x12=1c002346  x9:1c002346
            19595500           19580 1c001d36 e69ff06f jal              x0, -408           
            19598500           19583 1c001b9e 00064583 lbu              x11, 0(x12)         x11=0000006f x12:1c002346  PA:1c002346
            19614500           19599 1c001ba2 00160493 addi             x9, x12, 1           x9=1c002347 x12:1c002346
            19615500           19600 1c001ba6 00059e63 bne              x11, x0, 28         x11:0000006f
            19618500           19603 1c001bc2 01458563 beq              x11, x20, 10        x11:0000006f x20:00000025
            19619500           19604 1c001bc6 01200533 add              x10, x0, x18        x10=00000000 x18:00000000
            19620500           19605 1c001bc8 000980e7 jalr             x1, x19, 0           x1=1c001bca x19:1c001776
            19622500           19607 1c001776 00b00533 add              x10, x0, x11        x10=0000006f x11:0000006f
            19623500           19608 1c001778 fddff06f jal              x0, -36            
            19625500           19610 1c001754 000026b7 lui              x13, 0x2000         x13=00002000
            19626500           19611 1c001756 f14027f3 csrrs            x15, x0, 0xf14      x15=00000000
            19627500           19612 1c00175a f8068693 addi             x13, x13, -128      x13=00001f80 x13:00002000
            19628500           19613 1c00175e 00379713 slli             x14, x15, 0x3       x14=00000000 x15:00000000
            19629500           19614 1c001762 00279793 slli             x15, x15, 0x2       x15=00000000 x15:00000000
            19630500           19615 1c001764 ee873733 p.bclr           x14, x14, 23, 8     x14=00000000 x14:00000000
            19631500           19616 1c001768 00d7f7b3 and              x15, x15, x13       x15=00000000 x15:00000000 x13:00001f80
            19632500           19617 1c00176a 00e787b3 add              x15, x15, x14       x15=00000000 x15:00000000 x14:00000000
            19633500           19618 1c00176c 1a104737 lui              x14, 0x1a104000     x14=1a104000
            19634500           19619 1c001770 00a767a3 p.sw             x10, x0(x14)        x10:0000006f x14:1a104000  PA:1a104000
            19638500           19623 1c001774 00008067 jalr             x0, x1, 0            x1:1c001bca
            19639500           19624 1c001bca 16a0006f jal              x0, 362            
            19641500           19626 1c001d34 00900633 add              x12, x0, x9         x12=1c002347  x9:1c002347
            19642500           19627 1c001d36 e69ff06f jal              x0, -408           
            19645500           19630 1c001b9e 00064583 lbu              x11, 0(x12)         x11=00000072 x12:1c002347  PA:1c002347
            19661500           19646 1c001ba2 00160493 addi             x9, x12, 1           x9=1c002348 x12:1c002347
            19662500           19647 1c001ba6 00059e63 bne              x11, x0, 28         x11:00000072
            19665500           19650 1c001bc2 01458563 beq              x11, x20, 10        x11:00000072 x20:00000025
            19666500           19651 1c001bc6 01200533 add              x10, x0, x18        x10=00000000 x18:00000000
            19667500           19652 1c001bc8 000980e7 jalr             x1, x19, 0           x1=1c001bca x19:1c001776
            19669500           19654 1c001776 00b00533 add              x10, x0, x11        x10=00000072 x11:00000072
            19670500           19655 1c001778 fddff06f jal              x0, -36            
            19672500           19657 1c001754 000026b7 lui              x13, 0x2000         x13=00002000
            19673500           19658 1c001756 f14027f3 csrrs            x15, x0, 0xf14      x15=00000000
            19674500           19659 1c00175a f8068693 addi             x13, x13, -128      x13=00001f80 x13:00002000
            19675500           19660 1c00175e 00379713 slli             x14, x15, 0x3       x14=00000000 x15:00000000
            19676500           19661 1c001762 00279793 slli             x15, x15, 0x2       x15=00000000 x15:00000000
            19677500           19662 1c001764 ee873733 p.bclr           x14, x14, 23, 8     x14=00000000 x14:00000000
            19678500           19663 1c001768 00d7f7b3 and              x15, x15, x13       x15=00000000 x15:00000000 x13:00001f80
            19679500           19664 1c00176a 00e787b3 add              x15, x15, x14       x15=00000000 x15:00000000 x14:00000000
            19680500           19665 1c00176c 1a104737 lui              x14, 0x1a104000     x14=1a104000
            19681500           19666 1c001770 00a767a3 p.sw             x10, x0(x14)        x10:00000072 x14:1a104000  PA:1a104000
            19685500           19670 1c001774 00008067 jalr             x0, x1, 0            x1:1c001bca
            19686500           19671 1c001bca 16a0006f jal              x0, 362            
            19688500           19673 1c001d34 00900633 add              x12, x0, x9         x12=1c002348  x9:1c002348
            19689500           19674 1c001d36 e69ff06f jal              x0, -408           
            19692500           19677 1c001b9e 00064583 lbu              x11, 0(x12)         x11=00000065 x12:1c002348  PA:1c002348
            19707500           19692 1c001ba2 00160493 addi             x9, x12, 1           x9=1c002349 x12:1c002348
            19708500           19693 1c001ba6 00059e63 bne              x11, x0, 28         x11:00000065
            19711500           19696 1c001bc2 01458563 beq              x11, x20, 10        x11:00000065 x20:00000025
            19712500           19697 1c001bc6 01200533 add              x10, x0, x18        x10=00000000 x18:00000000
            19713500           19698 1c001bc8 000980e7 jalr             x1, x19, 0           x1=1c001bca x19:1c001776
            19715500           19700 1c001776 00b00533 add              x10, x0, x11        x10=00000065 x11:00000065
            19716500           19701 1c001778 fddff06f jal              x0, -36            
            19718500           19703 1c001754 000026b7 lui              x13, 0x2000         x13=00002000
            19719500           19704 1c001756 f14027f3 csrrs            x15, x0, 0xf14      x15=00000000
            19720500           19705 1c00175a f8068693 addi             x13, x13, -128      x13=00001f80 x13:00002000
            19721500           19706 1c00175e 00379713 slli             x14, x15, 0x3       x14=00000000 x15:00000000
            19722500           19707 1c001762 00279793 slli             x15, x15, 0x2       x15=00000000 x15:00000000
            19723500           19708 1c001764 ee873733 p.bclr           x14, x14, 23, 8     x14=00000000 x14:00000000
            19724500           19709 1c001768 00d7f7b3 and              x15, x15, x13       x15=00000000 x15:00000000 x13:00001f80
            19725500           19710 1c00176a 00e787b3 add              x15, x15, x14       x15=00000000 x15:00000000 x14:00000000
            19726500           19711 1c00176c 1a104737 lui              x14, 0x1a104000     x14=1a104000
            19727500           19712 1c001770 00a767a3 p.sw             x10, x0(x14)        x10:00000065 x14:1a104000  PA:1a104000
            19731500           19716 1c001774 00008067 jalr             x0, x1, 0            x1:1c001bca
            19732500           19717 1c001bca 16a0006f jal              x0, 362            
            19734500           19719 1c001d34 00900633 add              x12, x0, x9         x12=1c002349  x9:1c002349
            19735500           19720 1c001d36 e69ff06f jal              x0, -408           
            19738500           19723 1c001b9e 00064583 lbu              x11, 0(x12)         x11=00000020 x12:1c002349  PA:1c002349
            19755500           19740 1c001ba2 00160493 addi             x9, x12, 1           x9=1c00234a x12:1c002349
            19756500           19741 1c001ba6 00059e63 bne              x11, x0, 28         x11:00000020
            19759500           19744 1c001bc2 01458563 beq              x11, x20, 10        x11:00000020 x20:00000025
            19760500           19745 1c001bc6 01200533 add              x10, x0, x18        x10=00000000 x18:00000000
            19761500           19746 1c001bc8 000980e7 jalr             x1, x19, 0           x1=1c001bca x19:1c001776
            19763500           19748 1c001776 00b00533 add              x10, x0, x11        x10=00000020 x11:00000020
            19764500           19749 1c001778 fddff06f jal              x0, -36            
            19766500           19751 1c001754 000026b7 lui              x13, 0x2000         x13=00002000
            19767500           19752 1c001756 f14027f3 csrrs            x15, x0, 0xf14      x15=00000000
            19768500           19753 1c00175a f8068693 addi             x13, x13, -128      x13=00001f80 x13:00002000
            19769500           19754 1c00175e 00379713 slli             x14, x15, 0x3       x14=00000000 x15:00000000
            19770500           19755 1c001762 00279793 slli             x15, x15, 0x2       x15=00000000 x15:00000000
            19771500           19756 1c001764 ee873733 p.bclr           x14, x14, 23, 8     x14=00000000 x14:00000000
            19772500           19757 1c001768 00d7f7b3 and              x15, x15, x13       x15=00000000 x15:00000000 x13:00001f80
            19773500           19758 1c00176a 00e787b3 add              x15, x15, x14       x15=00000000 x15:00000000 x14:00000000
            19774500           19759 1c00176c 1a104737 lui              x14, 0x1a104000     x14=1a104000
            19775500           19760 1c001770 00a767a3 p.sw             x10, x0(x14)        x10:00000020 x14:1a104000  PA:1a104000
            19779500           19764 1c001774 00008067 jalr             x0, x1, 0            x1:1c001bca
            19780500           19765 1c001bca 16a0006f jal              x0, 362            
            19782500           19767 1c001d34 00900633 add              x12, x0, x9         x12=1c00234a  x9:1c00234a
            19783500           19768 1c001d36 e69ff06f jal              x0, -408           
            19786500           19771 1c001b9e 00064583 lbu              x11, 0(x12)         x11=00000028 x12:1c00234a  PA:1c00234a
            19802500           19787 1c001ba2 00160493 addi             x9, x12, 1           x9=1c00234b x12:1c00234a
            19803500           19788 1c001ba6 00059e63 bne              x11, x0, 28         x11:00000028
            19806500           19791 1c001bc2 01458563 beq              x11, x20, 10        x11:00000028 x20:00000025
            19807500           19792 1c001bc6 01200533 add              x10, x0, x18        x10=00000000 x18:00000000
            19808500           19793 1c001bc8 000980e7 jalr             x1, x19, 0           x1=1c001bca x19:1c001776
            19810500           19795 1c001776 00b00533 add              x10, x0, x11        x10=00000028 x11:00000028
            19811500           19796 1c001778 fddff06f jal              x0, -36            
            19813500           19798 1c001754 000026b7 lui              x13, 0x2000         x13=00002000
            19814500           19799 1c001756 f14027f3 csrrs            x15, x0, 0xf14      x15=00000000
            19815500           19800 1c00175a f8068693 addi             x13, x13, -128      x13=00001f80 x13:00002000
            19816500           19801 1c00175e 00379713 slli             x14, x15, 0x3       x14=00000000 x15:00000000
            19817500           19802 1c001762 00279793 slli             x15, x15, 0x2       x15=00000000 x15:00000000
            19818500           19803 1c001764 ee873733 p.bclr           x14, x14, 23, 8     x14=00000000 x14:00000000
            19819500           19804 1c001768 00d7f7b3 and              x15, x15, x13       x15=00000000 x15:00000000 x13:00001f80
            19820500           19805 1c00176a 00e787b3 add              x15, x15, x14       x15=00000000 x15:00000000 x14:00000000
            19821500           19806 1c00176c 1a104737 lui              x14, 0x1a104000     x14=1a104000
            19822500           19807 1c001770 00a767a3 p.sw             x10, x0(x14)        x10:00000028 x14:1a104000  PA:1a104000
            19826500           19811 1c001774 00008067 jalr             x0, x1, 0            x1:1c001bca
            19827500           19812 1c001bca 16a0006f jal              x0, 362            
            19829500           19814 1c001d34 00900633 add              x12, x0, x9         x12=1c00234b  x9:1c00234b
            19830500           19815 1c001d36 e69ff06f jal              x0, -408           
            19833500           19818 1c001b9e 00064583 lbu              x11, 0(x12)         x11=00000025 x12:1c00234b  PA:1c00234b
            19848500           19833 1c001ba2 00160493 addi             x9, x12, 1           x9=1c00234c x12:1c00234b
            19849500           19834 1c001ba6 00059e63 bne              x11, x0, 28         x11:00000025
            19852500           19837 1c001bc2 01458563 beq              x11, x20, 10        x11:00000025 x20:00000025
            19855500           19840 1c001bcc 00414783 lbu              x15, 4(x2)          x15=000000xx  x2:100008c0  PA:100008c4
            19876500           19861 1c001bd0 00012423 sw               x0, 8(x2)            x2:100008c0  PA:100008c8
            19877500           19862 1c001bd2 00010623 sb               x0, 12(x2)           x2:100008c0  PA:100008cc
            19878500           19863 1c001bd6 c00027b3 p.insert         x15, x0, 0, 0       x15=000000xX x15:000000xx
            19879500           19864 1c001bda c01027b3 p.insert         x15, x0, 0, 1       x15=000000xX x15:000000xX
            19896500           19881 1c001bde c03027b3 p.insert         x15, x0, 0, 3       x15=000000xX x15:000000xX
            19897500           19882 1c001be2 00f10223 sb               x15, 4(x2)          x15:000000xX  x2:100008c0  PA:100008c4
            19898500           19883 1c001be6 00000713 addi             x14, x0, 0          x14=00000000
            19899500           19884 1c001be8 00000613 addi             x12, x0, 0          x12=00000000
            19900500           19885 1c001bea 00000693 addi             x13, x0, 0          x13=00000000
            19901500           19886 1c001bec 00000513 addi             x10, x0, 0          x10=00000000
            19902500           19887 1c001bee 00000593 addi             x11, x0, 0          x11=00000000
            19919500           19904 1c001bf0 03000813 addi             x16, x0, 48         x16=00000030
            19920500           19905 1c001bf4 02300893 addi             x17, x0, 35         x17=00000023
            19921500           19906 1c001bf8 0004c783 lbu              x15, 0(x9)          x15=00000069  x9:1c00234c  PA:1c00234c
            19936500           19921 1c001bfc 00148c13 addi             x24, x9, 1          x24=1c00234d  x9:1c00234c
            19947500           19932 1c001c00 04079163 bne              x15, x0, 66         x15:00000069
            19971500           19956 1c001c42 01778c63 beq              x15, x23, 24        x15:00000069 x23:0000002d
            19972500           19957 1c001c46 01078663 beq              x15, x16, 12        x15:00000069 x16:00000030
            19973500           19958 1c001c4a fb179ce3 bne              x15, x17, -72       x15:00000069 x17:00000023
            19993500           19978 1c001c02 00050763 beq              x10, x0, 14         x10:00000000
            20012500           19997 1c001c10 00060763 beq              x12, x0, 14         x12:00000000
            20015500           20000 1c001c1e 00070763 beq              x14, x0, 14         x14:00000000
            20033500           20018 1c001c2c fd078713 addi             x14, x15, -48       x14=00000039 x15:00000069
            20050500           20035 1c001c30 0ff77713 andi             x14, x14, 255       x14=00000039 x14:00000039
            20051500           20036 1c001c34 00900693 addi             x13, x0, 9          x13=00000009
            20052500           20037 1c001c36 04e6eb63 bltu             x13, x14, 86        x13:00000009 x14:00000039
            20072500           20057 1c001c8c 02e00713 addi             x14, x0, 46         x14=0000002e
            20090500           20075 1c001c90 02e79163 bne              x15, x14, 34        x15:00000069 x14:0000002e
            20109500           20094 1c001cb2 07a00713 addi             x14, x0, 122        x14=0000007a
            20110500           20095 1c001cb6 04e79263 bne              x15, x14, 68        x15:00000069 x14:0000007a
            20149500           20134 1c001cfa 06c00713 addi             x14, x0, 108        x14=0000006c
            20167500           20152 1c001cfe 20e79463 bne              x15, x14, 520       x15:00000069 x14:0000006c
            20191500           20176 1c001f06 06900713 addi             x14, x0, 105        x14=00000069
            20192500           20177 1c001f0a 02e78a63 beq              x15, x14, 52        x15:00000069 x14:00000069
            20229500           20214 1c001f3e 018004b3 add              x9, x0, x24          x9=1c00234d x24:1c00234d
            20246500           20231 1c001f40 00000793 addi             x15, x0, 0          x15=00000000
            20247500           20232 1c001f42 e09ff06f jal              x0, -504           
            20265500           20250 1c001d4a 00a00713 addi             x14, x0, 10         x14=0000000a
            20266500           20251 1c001d4c 00e12823 sw               x14, 16(x2)         x14:0000000a  x2:100008c0  PA:100008d0
            20288500           20273 1c001d4e 0e27b363 p.bneimm         x15, 230            x15:00000000
            20307500           20292 1c001e34 00440c13 addi             x24, x8, 4          x24=10000948  x8:10000944
            20308500           20293 1c001e38 00042503 lw               x10, 0(x8)          x10=00000000  x8:10000944  PA:10000944
            20309500           20294 1c001e3a 0017bd63 p.bneimm         x15, 26             x15:00000000
            20345500           20330 1c001e54 00055863 bge              x10, x0, 16         x10:00000000
            20364500           20349 1c001e64 00410593 addi             x11, x2, 4          x11=100008c4  x2:100008c0
            20365500           20350 1c001e66 b99ff0ef jal              x1, -1128            x1=1c001e68
            20385500           20370 1c0019fe 0105a683 lw               x13, 16(x11)        x13=100008d8 x11:100008c4  PA:100008d4
            20402500           20387 1c001a00 00c5a703 lw               x14, 12(x11)        x14=0000000a x11:100008c4  PA:100008d0
            20403500           20388 1c001a02 00100793 addi             x15, x0, 1          x15=00000001
            20404500           20389 1c001a04 02f55633 divu             x12, x10, x15       x12=00000000 x10:00000000 x15:00000001
            20438500           20423 1c001a08 00e67863 bgeu             x12, x14, 16        x12:00000000 x14:0000000a
            20439500           20424 1c001a0c 00000613 addi             x12, x0, 0          x12=00000000
            20440500           20425 1c001a0e 00900313 addi             x6, x0, 9            x6=00000009
            20441500           20426 1c001a10 00079763 bne              x15, x0, 14         x15:00000001
            20444500           20429 1c001a1e 00c5a703 lw               x14, 12(x11)        x14=0000000a x11:100008c4  PA:100008d0
            20461500           20446 1c001a20 02f55833 divu             x16, x10, x15       x16=00000000 x10:00000000 x15:00000001
            20495500           20480 1c001a24 02f57533 remu             x10, x10, x15       x10=00000000 x10:00000000 x15:00000001
            20529500           20514 1c001a28 02e7d7b3 divu             x15, x15, x14       x15=00000000 x15:00000001 x14:0000000a
            20560500           20545 1c001a2c 00061763 bne              x12, x0, 14         x12:00000000
            20561500           20546 1c001a2e 01004663 blt              x0, x16, 12         x16:00000000
            20562500           20547 1c001a32 fc079fe3 bne              x15, x0, -34        x15:00000000
            20563500           20548 1c001a34 03000713 addi             x14, x0, 48         x14=00000030
            20564500           20549 1c001a38 01e0006f jal              x0, 30             
            20582500           20567 1c001a56 01070733 add              x14, x14, x16       x14=00000030 x14:00000030 x16:00000000
            20583500           20568 1c001a58 00e68023 sb               x14, 0(x13)         x14:00000030 x13:100008d8  PA:100008d8
            20584500           20569 1c001a5c 00160613 addi             x12, x12, 1         x12=00000001 x12:00000000
            20585500           20570 1c001a5e 00168693 addi             x13, x13, 1         x13=100008d9 x13:100008d8
            20601500           20586 1c001a60 fb1ff06f jal              x0, -80            
            20603500           20588 1c001a10 00079763 bne              x15, x0, 14         x15:00000000
            20604500           20589 1c001a12 00068023 sb               x0, 0(x13)          x13:100008d9  PA:100008d9
            20605500           20590 1c001a16 00008067 jalr             x0, x1, 0            x1:1c001e68
            20607500           20592 1c001e68 f17ff06f jal              x0, -234           
            20625500           20610 1c001d7e 00410613 addi             x12, x2, 4          x12=100008c4  x2:100008c0
            20642500           20627 1c001d80 013005b3 add              x11, x0, x19        x11=1c001776 x19:1c001776
            20643500           20628 1c001d82 01200533 add              x10, x0, x18        x10=00000000 x18:00000000
            20644500           20629 1c001d84 cdfff0ef jal              x1, -802             x1=1c001d86
            20646500           20631 1c001a62 fe010113 addi             x2, x2, -32          x2=100008a0  x2:100008c0
            20647500           20632 1c001a64 00812c23 sw               x8, 24(x2)           x8:10000944  x2:100008a0  PA:100008b8
            20648500           20633 1c001a66 01062783 lw               x15, 16(x12)        x15=100008d8 x12:100008c4  PA:100008d4
            20649500           20634 1c001a68 00462403 lw               x8, 4(x12)           x8=00000000 x12:100008c4  PA:100008c8
            20650500           20635 1c001a6a 00912a23 sw               x9, 20(x2)           x9:1c00234d  x2:100008a0  PA:100008b4
            20651500           20636 1c001a6c 01212823 sw               x18, 16(x2)         x18:00000000  x2:100008a0  PA:100008b0
            20652500           20637 1c001a6e 01312623 sw               x19, 12(x2)         x19:1c001776  x2:100008a0  PA:100008ac
            20673500           20658 1c001a70 00112e23 sw               x1, 28(x2)           x1:1c001d86  x2:100008a0  PA:100008bc
            20674500           20659 1c001a72 01412423 sw               x20, 8(x2)          x20:00000025  x2:100008a0  PA:100008a8
            20675500           20660 1c001a74 00a00933 add              x18, x0, x10        x18=00000000 x10:00000000
            20676500           20661 1c001a76 00b009b3 add              x19, x0, x11        x19=1c001776 x11:1c001776
            20677500           20662 1c001a78 00c004b3 add              x9, x0, x12          x9=100008c4 x12:100008c4
            20678500           20663 1c001a7a 0017c70b p.lbu            x14, 1(x15!)        x14=00000030 x15=100008d9 x15:100008d8  PA:100008d8
            20680500           20665 1c001a7e 00070363 beq              x14, x0, 6          x14:00000030
            20696500           20681 1c001a80 08804863 blt              x0, x8, 144          x8:00000000
            20697500           20682 1c001a84 0084c783 lbu              x15, 8(x9)          x15=00000000  x9:100008c4  PA:100008cc
            20699500           20684 1c001a88 00078263 beq              x15, x0, 4          x15:00000000
            20702500           20687 1c001a8c 0004c783 lbu              x15, 0(x9)          x15=000000xX  x9:100008c4  PA:100008c4
            20720500           20705 1c001a90 0027f713 andi             x14, x15, 2         x14=00000000 x15:000000xX
            20721500           20706 1c001a94 00070663 beq              x14, x0, 12         x14:00000000
            20740500           20725 1c001aa0 0097f793 andi             x15, x15, 9         x15=00000000 x15:000000xX
            20741500           20726 1c001aa2 00800a33 add              x20, x0, x8         x20=00000000  x8:00000000
            20742500           20727 1c001aa4 08078163 beq              x15, x0, 130        x15:00000000
            20764500           20749 1c001b26 ff404be3 blt              x0, x20, -10        x20:00000000
            20765500           20750 1c001b2a fff40793 addi             x15, x8, -1         x15=ffffffff  x8:00000000
            20788500           20773 1c001b2e 04046433 p.max            x8, x8, x0           x8=00000000  x8:00000000
            20789500           20774 1c001b32 40878433 sub              x8, x15, x8          x8=ffffffff x15:ffffffff  x8:00000000
            20790500           20775 1c001b36 f71ff06f jal              x0, -144           
            20792500           20777 1c001aa6 0084c583 lbu              x11, 8(x9)          x11=00000000  x9:100008c4  PA:100008cc
            20794500           20779 1c001aaa 00058363 beq              x11, x0, 6          x11:00000000
            20813500           20798 1c001ab0 0004c783 lbu              x15, 0(x9)          x15=000000xX  x9:100008c4  PA:100008c4
            20815500           20800 1c001ab4 0027f793 andi             x15, x15, 2         x15=00000000 x15:000000xX
            20816500           20801 1c001ab6 02078363 beq              x15, x0, 38         x15:00000000
            20835500           20820 1c001adc 0004c783 lbu              x15, 0(x9)          x15=000000xX  x9:100008c4  PA:100008c4
            20852500           20837 1c001ae0 00800a33 add              x20, x0, x8         x20=ffffffff  x8:ffffffff
            20853500           20838 1c001ae2 fc17b7b3 p.bclr           x15, x15, 30, 1     x15=00000000 x15:000000xX
            20854500           20839 1c001ae6 06079363 bne              x15, x0, 102        x15:00000000
            20855500           20840 1c001ae8 0104aa03 lw               x20, 16(x9)         x20=100008d8  x9:100008c4  PA:100008d4
            20857500           20842 1c001aec 001a458b p.lbu            x11, 1(x20!)        x11=00000030 x20=100008d9 x20:100008d8  PA:100008d8
            20873500           20858 1c001af0 06059763 bne              x11, x0, 110        x11:00000030
            20893500           20878 1c001b5e 01200533 add              x10, x0, x18        x10=00000000 x18:00000000
            20910500           20895 1c001b60 000980e7 jalr             x1, x19, 0           x1=1c001b62 x19:1c001776
            20912500           20897 1c001776 00b00533 add              x10, x0, x11        x10=00000030 x11:00000030
            20913500           20898 1c001778 fddff06f jal              x0, -36            
            20915500           20900 1c001754 000026b7 lui              x13, 0x2000         x13=00002000
            20916500           20901 1c001756 f14027f3 csrrs            x15, x0, 0xf14      x15=00000000
            20917500           20902 1c00175a f8068693 addi             x13, x13, -128      x13=00001f80 x13:00002000
            20918500           20903 1c00175e 00379713 slli             x14, x15, 0x3       x14=00000000 x15:00000000
            20919500           20904 1c001762 00279793 slli             x15, x15, 0x2       x15=00000000 x15:00000000
            20920500           20905 1c001764 ee873733 p.bclr           x14, x14, 23, 8     x14=00000000 x14:00000000
            20921500           20906 1c001768 00d7f7b3 and              x15, x15, x13       x15=00000000 x15:00000000 x13:00001f80
            20922500           20907 1c00176a 00e787b3 add              x15, x15, x14       x15=00000000 x15:00000000 x14:00000000
            20923500           20908 1c00176c 1a104737 lui              x14, 0x1a104000     x14=1a104000
            20924500           20909 1c001770 00a767a3 p.sw             x10, x0(x14)        x10:00000030 x14:1a104000  PA:1a104000
            20928500           20913 1c001774 00008067 jalr             x0, x1, 0            x1:1c001b62
            20929500           20914 1c001b62 f8bff06f jal              x0, -118           
            20931500           20916 1c001aec 001a458b p.lbu            x11, 1(x20!)        x11=00000000 x20=100008da x20:100008d9  PA:100008d9
            20933500           20918 1c001af0 06059763 bne              x11, x0, 110        x11:00000000
            20934500           20919 1c001af2 0004c783 lbu              x15, 0(x9)          x15=000000xX  x9:100008c4  PA:100008c4
            20936500           20921 1c001af6 0097f793 andi             x15, x15, 9         x15=00000000 x15:000000xX
            20937500           20922 1c001af8 0087b463 p.bneimm         x15, 8              x15:00000000
            20957500           20942 1c001b00 01c12083 lw               x1, 28(x2)           x1=1c001d86  x2:100008a0  PA:100008bc
            20958500           20943 1c001b02 01812403 lw               x8, 24(x2)           x8=10000944  x2:100008a0  PA:100008b8
            20959500           20944 1c001b04 01412483 lw               x9, 20(x2)           x9=1c00234d  x2:100008a0  PA:100008b4
            20960500           20945 1c001b06 01012903 lw               x18, 16(x2)         x18=00000000  x2:100008a0  PA:100008b0
            20961500           20946 1c001b08 00c12983 lw               x19, 12(x2)         x19=1c001776  x2:100008a0  PA:100008ac
            20962500           20947 1c001b0a 00812a03 lw               x20, 8(x2)          x20=00000025  x2:100008a0  PA:100008a8
            20963500           20948 1c001b0c 02010113 addi             x2, x2, 32           x2=100008c0  x2:100008a0
            20964500           20949 1c001b0e 00008067 jalr             x0, x1, 0            x1:1c001d86
            20981500           20966 1c001d86 01800433 add              x8, x0, x24          x8=10000948 x24:10000948
            20982500           20967 1c001d88 fadff06f jal              x0, -84            
            20984500           20969 1c001d34 00900633 add              x12, x0, x9         x12=1c00234d  x9:1c00234d
            20985500           20970 1c001d36 e69ff06f jal              x0, -408           
            20988500           20973 1c001b9e 00064583 lbu              x11, 0(x12)         x11=0000002c x12:1c00234d  PA:1c00234d
            21003500           20988 1c001ba2 00160493 addi             x9, x12, 1           x9=1c00234e x12:1c00234d
            21004500           20989 1c001ba6 00059e63 bne              x11, x0, 28         x11:0000002c
            21007500           20992 1c001bc2 01458563 beq              x11, x20, 10        x11:0000002c x20:00000025
            21008500           20993 1c001bc6 01200533 add              x10, x0, x18        x10=00000000 x18:00000000
            21009500           20994 1c001bc8 000980e7 jalr             x1, x19, 0           x1=1c001bca x19:1c001776
            21011500           20996 1c001776 00b00533 add              x10, x0, x11        x10=0000002c x11:0000002c
            21012500           20997 1c001778 fddff06f jal              x0, -36            
            21014500           20999 1c001754 000026b7 lui              x13, 0x2000         x13=00002000
            21015500           21000 1c001756 f14027f3 csrrs            x15, x0, 0xf14      x15=00000000
            21016500           21001 1c00175a f8068693 addi             x13, x13, -128      x13=00001f80 x13:00002000
            21017500           21002 1c00175e 00379713 slli             x14, x15, 0x3       x14=00000000 x15:00000000
            21018500           21003 1c001762 00279793 slli             x15, x15, 0x2       x15=00000000 x15:00000000
            21019500           21004 1c001764 ee873733 p.bclr           x14, x14, 23, 8     x14=00000000 x14:00000000
            21020500           21005 1c001768 00d7f7b3 and              x15, x15, x13       x15=00000000 x15:00000000 x13:00001f80
            21021500           21006 1c00176a 00e787b3 add              x15, x15, x14       x15=00000000 x15:00000000 x14:00000000
            21022500           21007 1c00176c 1a104737 lui              x14, 0x1a104000     x14=1a104000
            21023500           21008 1c001770 00a767a3 p.sw             x10, x0(x14)        x10:0000002c x14:1a104000  PA:1a104000
            21027500           21012 1c001774 00008067 jalr             x0, x1, 0            x1:1c001bca
            21028500           21013 1c001bca 16a0006f jal              x0, 362            
            21030500           21015 1c001d34 00900633 add              x12, x0, x9         x12=1c00234e  x9:1c00234e
            21031500           21016 1c001d36 e69ff06f jal              x0, -408           
            21034500           21019 1c001b9e 00064583 lbu              x11, 0(x12)         x11=00000020 x12:1c00234e  PA:1c00234e
            21048500           21033 1c001ba2 00160493 addi             x9, x12, 1           x9=1c00234f x12:1c00234e
            21049500           21034 1c001ba6 00059e63 bne              x11, x0, 28         x11:00000020
            21052500           21037 1c001bc2 01458563 beq              x11, x20, 10        x11:00000020 x20:00000025
            21053500           21038 1c001bc6 01200533 add              x10, x0, x18        x10=00000000 x18:00000000
            21054500           21039 1c001bc8 000980e7 jalr             x1, x19, 0           x1=1c001bca x19:1c001776
            21056500           21041 1c001776 00b00533 add              x10, x0, x11        x10=00000020 x11:00000020
            21057500           21042 1c001778 fddff06f jal              x0, -36            
            21059500           21044 1c001754 000026b7 lui              x13, 0x2000         x13=00002000
            21060500           21045 1c001756 f14027f3 csrrs            x15, x0, 0xf14      x15=00000000
            21061500           21046 1c00175a f8068693 addi             x13, x13, -128      x13=00001f80 x13:00002000
            21062500           21047 1c00175e 00379713 slli             x14, x15, 0x3       x14=00000000 x15:00000000
            21063500           21048 1c001762 00279793 slli             x15, x15, 0x2       x15=00000000 x15:00000000
            21064500           21049 1c001764 ee873733 p.bclr           x14, x14, 23, 8     x14=00000000 x14:00000000
            21065500           21050 1c001768 00d7f7b3 and              x15, x15, x13       x15=00000000 x15:00000000 x13:00001f80
            21066500           21051 1c00176a 00e787b3 add              x15, x15, x14       x15=00000000 x15:00000000 x14:00000000
            21067500           21052 1c00176c 1a104737 lui              x14, 0x1a104000     x14=1a104000
            21068500           21053 1c001770 00a767a3 p.sw             x10, x0(x14)        x10:00000020 x14:1a104000  PA:1a104000
            21072500           21057 1c001774 00008067 jalr             x0, x1, 0            x1:1c001bca
            21073500           21058 1c001bca 16a0006f jal              x0, 362            
            21075500           21060 1c001d34 00900633 add              x12, x0, x9         x12=1c00234f  x9:1c00234f
            21076500           21061 1c001d36 e69ff06f jal              x0, -408           
            21079500           21064 1c001b9e 00064583 lbu              x11, 0(x12)         x11=00000025 x12:1c00234f  PA:1c00234f
            21094500           21079 1c001ba2 00160493 addi             x9, x12, 1           x9=1c002350 x12:1c00234f
            21095500           21080 1c001ba6 00059e63 bne              x11, x0, 28         x11:00000025
            21098500           21083 1c001bc2 01458563 beq              x11, x20, 10        x11:00000025 x20:00000025
            21101500           21086 1c001bcc 00414783 lbu              x15, 4(x2)          x15=000000xX  x2:100008c0  PA:100008c4
            21102500           21087 1c001bd0 00012423 sw               x0, 8(x2)            x2:100008c0  PA:100008c8
            21103500           21088 1c001bd2 00010623 sb               x0, 12(x2)           x2:100008c0  PA:100008cc
            21104500           21089 1c001bd6 c00027b3 p.insert         x15, x0, 0, 0       x15=000000xX x15:000000xX
            21105500           21090 1c001bda c01027b3 p.insert         x15, x0, 0, 1       x15=000000xX x15:000000xX
            21106500           21091 1c001bde c03027b3 p.insert         x15, x0, 0, 3       x15=000000xX x15:000000xX
            21107500           21092 1c001be2 00f10223 sb               x15, 4(x2)          x15:000000xX  x2:100008c0  PA:100008c4
            21108500           21093 1c001be6 00000713 addi             x14, x0, 0          x14=00000000
            21109500           21094 1c001be8 00000613 addi             x12, x0, 0          x12=00000000
            21110500           21095 1c001bea 00000693 addi             x13, x0, 0          x13=00000000
            21111500           21096 1c001bec 00000513 addi             x10, x0, 0          x10=00000000
            21112500           21097 1c001bee 00000593 addi             x11, x0, 0          x11=00000000
            21113500           21098 1c001bf0 03000813 addi             x16, x0, 48         x16=00000030
            21114500           21099 1c001bf4 02300893 addi             x17, x0, 35         x17=00000023
            21115500           21100 1c001bf8 0004c783 lbu              x15, 0(x9)          x15=00000069  x9:1c002350  PA:1c002350
            21130500           21115 1c001bfc 00148c13 addi             x24, x9, 1          x24=1c002351  x9:1c002350
            21131500           21116 1c001c00 04079163 bne              x15, x0, 66         x15:00000069
            21134500           21119 1c001c42 01778c63 beq              x15, x23, 24        x15:00000069 x23:0000002d
            21135500           21120 1c001c46 01078663 beq              x15, x16, 12        x15:00000069 x16:00000030
            21136500           21121 1c001c4a fb179ce3 bne              x15, x17, -72       x15:00000069 x17:00000023
            21139500           21124 1c001c02 00050763 beq              x10, x0, 14         x10:00000000
            21142500           21127 1c001c10 00060763 beq              x12, x0, 14         x12:00000000
            21145500           21130 1c001c1e 00070763 beq              x14, x0, 14         x14:00000000
            21148500           21133 1c001c2c fd078713 addi             x14, x15, -48       x14=00000039 x15:00000069
            21149500           21134 1c001c30 0ff77713 andi             x14, x14, 255       x14=00000039 x14:00000039
            21150500           21135 1c001c34 00900693 addi             x13, x0, 9          x13=00000009
            21151500           21136 1c001c36 04e6eb63 bltu             x13, x14, 86        x13:00000009 x14:00000039
            21154500           21139 1c001c8c 02e00713 addi             x14, x0, 46         x14=0000002e
            21155500           21140 1c001c90 02e79163 bne              x15, x14, 34        x15:00000069 x14:0000002e
            21158500           21143 1c001cb2 07a00713 addi             x14, x0, 122        x14=0000007a
            21159500           21144 1c001cb6 04e79263 bne              x15, x14, 68        x15:00000069 x14:0000007a
            21162500           21147 1c001cfa 06c00713 addi             x14, x0, 108        x14=0000006c
            21164500           21149 1c001cfe 20e79463 bne              x15, x14, 520       x15:00000069 x14:0000006c
            21167500           21152 1c001f06 06900713 addi             x14, x0, 105        x14=00000069
            21168500           21153 1c001f0a 02e78a63 beq              x15, x14, 52        x15:00000069 x14:00000069
            21171500           21156 1c001f3e 018004b3 add              x9, x0, x24          x9=1c002351 x24:1c002351
            21172500           21157 1c001f40 00000793 addi             x15, x0, 0          x15=00000000
            21173500           21158 1c001f42 e09ff06f jal              x0, -504           
            21175500           21160 1c001d4a 00a00713 addi             x14, x0, 10         x14=0000000a
            21176500           21161 1c001d4c 00e12823 sw               x14, 16(x2)         x14:0000000a  x2:100008c0  PA:100008d0
            21177500           21162 1c001d4e 0e27b363 p.bneimm         x15, 230            x15:00000000
            21180500           21165 1c001e34 00440c13 addi             x24, x8, 4          x24=1000094c  x8:10000948
            21181500           21166 1c001e38 00042503 lw               x10, 0(x8)          x10=00000000  x8:10000948  PA:10000948
            21182500           21167 1c001e3a 0017bd63 p.bneimm         x15, 26             x15:00000000
            21185500           21170 1c001e54 00055863 bge              x10, x0, 16         x10:00000000
            21188500           21173 1c001e64 00410593 addi             x11, x2, 4          x11=100008c4  x2:100008c0
            21189500           21174 1c001e66 b99ff0ef jal              x1, -1128            x1=1c001e68
            21191500           21176 1c0019fe 0105a683 lw               x13, 16(x11)        x13=100008d8 x11:100008c4  PA:100008d4
            21192500           21177 1c001a00 00c5a703 lw               x14, 12(x11)        x14=0000000a x11:100008c4  PA:100008d0
            21193500           21178 1c001a02 00100793 addi             x15, x0, 1          x15=00000001
            21194500           21179 1c001a04 02f55633 divu             x12, x10, x15       x12=00000000 x10:00000000 x15:00000001
            21228500           21213 1c001a08 00e67863 bgeu             x12, x14, 16        x12:00000000 x14:0000000a
            21229500           21214 1c001a0c 00000613 addi             x12, x0, 0          x12=00000000
            21230500           21215 1c001a0e 00900313 addi             x6, x0, 9            x6=00000009
            21231500           21216 1c001a10 00079763 bne              x15, x0, 14         x15:00000001
            21234500           21219 1c001a1e 00c5a703 lw               x14, 12(x11)        x14=0000000a x11:100008c4  PA:100008d0
            21235500           21220 1c001a20 02f55833 divu             x16, x10, x15       x16=00000000 x10:00000000 x15:00000001
            21269500           21254 1c001a24 02f57533 remu             x10, x10, x15       x10=00000000 x10:00000000 x15:00000001
            21303500           21288 1c001a28 02e7d7b3 divu             x15, x15, x14       x15=00000000 x15:00000001 x14:0000000a
            21334500           21319 1c001a2c 00061763 bne              x12, x0, 14         x12:00000000
            21335500           21320 1c001a2e 01004663 blt              x0, x16, 12         x16:00000000
            21336500           21321 1c001a32 fc079fe3 bne              x15, x0, -34        x15:00000000
            21337500           21322 1c001a34 03000713 addi             x14, x0, 48         x14=00000030
            21338500           21323 1c001a38 01e0006f jal              x0, 30             
            21340500           21325 1c001a56 01070733 add              x14, x14, x16       x14=00000030 x14:00000030 x16:00000000
            21341500           21326 1c001a58 00e68023 sb               x14, 0(x13)         x14:00000030 x13:100008d8  PA:100008d8
            21342500           21327 1c001a5c 00160613 addi             x12, x12, 1         x12=00000001 x12:00000000
            21343500           21328 1c001a5e 00168693 addi             x13, x13, 1         x13=100008d9 x13:100008d8
            21344500           21329 1c001a60 fb1ff06f jal              x0, -80            
            21346500           21331 1c001a10 00079763 bne              x15, x0, 14         x15:00000000
            21347500           21332 1c001a12 00068023 sb               x0, 0(x13)          x13:100008d9  PA:100008d9
            21348500           21333 1c001a16 00008067 jalr             x0, x1, 0            x1:1c001e68
            21350500           21335 1c001e68 f17ff06f jal              x0, -234           
            21352500           21337 1c001d7e 00410613 addi             x12, x2, 4          x12=100008c4  x2:100008c0
            21353500           21338 1c001d80 013005b3 add              x11, x0, x19        x11=1c001776 x19:1c001776
            21354500           21339 1c001d82 01200533 add              x10, x0, x18        x10=00000000 x18:00000000
            21355500           21340 1c001d84 cdfff0ef jal              x1, -802             x1=1c001d86
            21357500           21342 1c001a62 fe010113 addi             x2, x2, -32          x2=100008a0  x2:100008c0
            21358500           21343 1c001a64 00812c23 sw               x8, 24(x2)           x8:10000948  x2:100008a0  PA:100008b8
            21359500           21344 1c001a66 01062783 lw               x15, 16(x12)        x15=100008d8 x12:100008c4  PA:100008d4
            21360500           21345 1c001a68 00462403 lw               x8, 4(x12)           x8=00000000 x12:100008c4  PA:100008c8
            21361500           21346 1c001a6a 00912a23 sw               x9, 20(x2)           x9:1c002351  x2:100008a0  PA:100008b4
            21362500           21347 1c001a6c 01212823 sw               x18, 16(x2)         x18:00000000  x2:100008a0  PA:100008b0
            21363500           21348 1c001a6e 01312623 sw               x19, 12(x2)         x19:1c001776  x2:100008a0  PA:100008ac
            21364500           21349 1c001a70 00112e23 sw               x1, 28(x2)           x1:1c001d86  x2:100008a0  PA:100008bc
            21365500           21350 1c001a72 01412423 sw               x20, 8(x2)          x20:00000025  x2:100008a0  PA:100008a8
            21366500           21351 1c001a74 00a00933 add              x18, x0, x10        x18=00000000 x10:00000000
            21367500           21352 1c001a76 00b009b3 add              x19, x0, x11        x19=1c001776 x11:1c001776
            21368500           21353 1c001a78 00c004b3 add              x9, x0, x12          x9=100008c4 x12:100008c4
            21369500           21354 1c001a7a 0017c70b p.lbu            x14, 1(x15!)        x14=00000030 x15=100008d9 x15:100008d8  PA:100008d8
            21371500           21356 1c001a7e 00070363 beq              x14, x0, 6          x14:00000030
            21372500           21357 1c001a80 08804863 blt              x0, x8, 144          x8:00000000
            21373500           21358 1c001a84 0084c783 lbu              x15, 8(x9)          x15=00000000  x9:100008c4  PA:100008cc
            21375500           21360 1c001a88 00078263 beq              x15, x0, 4          x15:00000000
            21378500           21363 1c001a8c 0004c783 lbu              x15, 0(x9)          x15=000000xX  x9:100008c4  PA:100008c4
            21380500           21365 1c001a90 0027f713 andi             x14, x15, 2         x14=00000000 x15:000000xX
            21381500           21366 1c001a94 00070663 beq              x14, x0, 12         x14:00000000
            21384500           21369 1c001aa0 0097f793 andi             x15, x15, 9         x15=00000000 x15:000000xX
            21385500           21370 1c001aa2 00800a33 add              x20, x0, x8         x20=00000000  x8:00000000
            21386500           21371 1c001aa4 08078163 beq              x15, x0, 130        x15:00000000
            21389500           21374 1c001b26 ff404be3 blt              x0, x20, -10        x20:00000000
            21390500           21375 1c001b2a fff40793 addi             x15, x8, -1         x15=ffffffff  x8:00000000
            21391500           21376 1c001b2e 04046433 p.max            x8, x8, x0           x8=00000000  x8:00000000
            21392500           21377 1c001b32 40878433 sub              x8, x15, x8          x8=ffffffff x15:ffffffff  x8:00000000
            21393500           21378 1c001b36 f71ff06f jal              x0, -144           
            21395500           21380 1c001aa6 0084c583 lbu              x11, 8(x9)          x11=00000000  x9:100008c4  PA:100008cc
            21397500           21382 1c001aaa 00058363 beq              x11, x0, 6          x11:00000000
            21400500           21385 1c001ab0 0004c783 lbu              x15, 0(x9)          x15=000000xX  x9:100008c4  PA:100008c4
            21402500           21387 1c001ab4 0027f793 andi             x15, x15, 2         x15=00000000 x15:000000xX
            21403500           21388 1c001ab6 02078363 beq              x15, x0, 38         x15:00000000
            21406500           21391 1c001adc 0004c783 lbu              x15, 0(x9)          x15=000000xX  x9:100008c4  PA:100008c4
            21407500           21392 1c001ae0 00800a33 add              x20, x0, x8         x20=ffffffff  x8:ffffffff
            21408500           21393 1c001ae2 fc17b7b3 p.bclr           x15, x15, 30, 1     x15=00000000 x15:000000xX
            21409500           21394 1c001ae6 06079363 bne              x15, x0, 102        x15:00000000
            21410500           21395 1c001ae8 0104aa03 lw               x20, 16(x9)         x20=100008d8  x9:100008c4  PA:100008d4
            21412500           21397 1c001aec 001a458b p.lbu            x11, 1(x20!)        x11=00000030 x20=100008d9 x20:100008d8  PA:100008d8
            21414500           21399 1c001af0 06059763 bne              x11, x0, 110        x11:00000030
            21417500           21402 1c001b5e 01200533 add              x10, x0, x18        x10=00000000 x18:00000000
            21418500           21403 1c001b60 000980e7 jalr             x1, x19, 0           x1=1c001b62 x19:1c001776
            21420500           21405 1c001776 00b00533 add              x10, x0, x11        x10=00000030 x11:00000030
            21421500           21406 1c001778 fddff06f jal              x0, -36            
            21423500           21408 1c001754 000026b7 lui              x13, 0x2000         x13=00002000
            21424500           21409 1c001756 f14027f3 csrrs            x15, x0, 0xf14      x15=00000000
            21425500           21410 1c00175a f8068693 addi             x13, x13, -128      x13=00001f80 x13:00002000
            21426500           21411 1c00175e 00379713 slli             x14, x15, 0x3       x14=00000000 x15:00000000
            21427500           21412 1c001762 00279793 slli             x15, x15, 0x2       x15=00000000 x15:00000000
            21428500           21413 1c001764 ee873733 p.bclr           x14, x14, 23, 8     x14=00000000 x14:00000000
            21429500           21414 1c001768 00d7f7b3 and              x15, x15, x13       x15=00000000 x15:00000000 x13:00001f80
            21430500           21415 1c00176a 00e787b3 add              x15, x15, x14       x15=00000000 x15:00000000 x14:00000000
            21431500           21416 1c00176c 1a104737 lui              x14, 0x1a104000     x14=1a104000
            21432500           21417 1c001770 00a767a3 p.sw             x10, x0(x14)        x10:00000030 x14:1a104000  PA:1a104000
            21436500           21421 1c001774 00008067 jalr             x0, x1, 0            x1:1c001b62
            21437500           21422 1c001b62 f8bff06f jal              x0, -118           
            21439500           21424 1c001aec 001a458b p.lbu            x11, 1(x20!)        x11=00000000 x20=100008da x20:100008d9  PA:100008d9
            21441500           21426 1c001af0 06059763 bne              x11, x0, 110        x11:00000000
            21442500           21427 1c001af2 0004c783 lbu              x15, 0(x9)          x15=000000xX  x9:100008c4  PA:100008c4
            21444500           21429 1c001af6 0097f793 andi             x15, x15, 9         x15=00000000 x15:000000xX
            21445500           21430 1c001af8 0087b463 p.bneimm         x15, 8              x15:00000000
            21448500           21433 1c001b00 01c12083 lw               x1, 28(x2)           x1=1c001d86  x2:100008a0  PA:100008bc
            21449500           21434 1c001b02 01812403 lw               x8, 24(x2)           x8=10000948  x2:100008a0  PA:100008b8
            21450500           21435 1c001b04 01412483 lw               x9, 20(x2)           x9=1c002351  x2:100008a0  PA:100008b4
            21451500           21436 1c001b06 01012903 lw               x18, 16(x2)         x18=00000000  x2:100008a0  PA:100008b0
            21452500           21437 1c001b08 00c12983 lw               x19, 12(x2)         x19=1c001776  x2:100008a0  PA:100008ac
            21453500           21438 1c001b0a 00812a03 lw               x20, 8(x2)          x20=00000025  x2:100008a0  PA:100008a8
            21454500           21439 1c001b0c 02010113 addi             x2, x2, 32           x2=100008c0  x2:100008a0
            21455500           21440 1c001b0e 00008067 jalr             x0, x1, 0            x1:1c001d86
            21457500           21442 1c001d86 01800433 add              x8, x0, x24          x8=1000094c x24:1000094c
            21458500           21443 1c001d88 fadff06f jal              x0, -84            
            21460500           21445 1c001d34 00900633 add              x12, x0, x9         x12=1c002351  x9:1c002351
            21461500           21446 1c001d36 e69ff06f jal              x0, -408           
            21464500           21449 1c001b9e 00064583 lbu              x11, 0(x12)         x11=00000029 x12:1c002351  PA:1c002351
            21478500           21463 1c001ba2 00160493 addi             x9, x12, 1           x9=1c002352 x12:1c002351
            21479500           21464 1c001ba6 00059e63 bne              x11, x0, 28         x11:00000029
            21482500           21467 1c001bc2 01458563 beq              x11, x20, 10        x11:00000029 x20:00000025
            21483500           21468 1c001bc6 01200533 add              x10, x0, x18        x10=00000000 x18:00000000
            21484500           21469 1c001bc8 000980e7 jalr             x1, x19, 0           x1=1c001bca x19:1c001776
            21486500           21471 1c001776 00b00533 add              x10, x0, x11        x10=00000029 x11:00000029
            21487500           21472 1c001778 fddff06f jal              x0, -36            
            21489500           21474 1c001754 000026b7 lui              x13, 0x2000         x13=00002000
            21490500           21475 1c001756 f14027f3 csrrs            x15, x0, 0xf14      x15=00000000
            21491500           21476 1c00175a f8068693 addi             x13, x13, -128      x13=00001f80 x13:00002000
            21492500           21477 1c00175e 00379713 slli             x14, x15, 0x3       x14=00000000 x15:00000000
            21493500           21478 1c001762 00279793 slli             x15, x15, 0x2       x15=00000000 x15:00000000
            21494500           21479 1c001764 ee873733 p.bclr           x14, x14, 23, 8     x14=00000000 x14:00000000
            21495500           21480 1c001768 00d7f7b3 and              x15, x15, x13       x15=00000000 x15:00000000 x13:00001f80
            21496500           21481 1c00176a 00e787b3 add              x15, x15, x14       x15=00000000 x15:00000000 x14:00000000
            21497500           21482 1c00176c 1a104737 lui              x14, 0x1a104000     x14=1a104000
            21498500           21483 1c001770 00a767a3 p.sw             x10, x0(x14)        x10:00000029 x14:1a104000  PA:1a104000
            21502500           21487 1c001774 00008067 jalr             x0, x1, 0            x1:1c001bca
            21503500           21488 1c001bca 16a0006f jal              x0, 362            
            21505500           21490 1c001d34 00900633 add              x12, x0, x9         x12=1c002352  x9:1c002352
            21506500           21491 1c001d36 e69ff06f jal              x0, -408           
            21509500           21494 1c001b9e 00064583 lbu              x11, 0(x12)         x11=00000021 x12:1c002352  PA:1c002352
            21523500           21508 1c001ba2 00160493 addi             x9, x12, 1           x9=1c002353 x12:1c002352
            21524500           21509 1c001ba6 00059e63 bne              x11, x0, 28         x11:00000021
            21527500           21512 1c001bc2 01458563 beq              x11, x20, 10        x11:00000021 x20:00000025
            21528500           21513 1c001bc6 01200533 add              x10, x0, x18        x10=00000000 x18:00000000
            21529500           21514 1c001bc8 000980e7 jalr             x1, x19, 0           x1=1c001bca x19:1c001776
            21531500           21516 1c001776 00b00533 add              x10, x0, x11        x10=00000021 x11:00000021
            21532500           21517 1c001778 fddff06f jal              x0, -36            
            21534500           21519 1c001754 000026b7 lui              x13, 0x2000         x13=00002000
            21535500           21520 1c001756 f14027f3 csrrs            x15, x0, 0xf14      x15=00000000
            21536500           21521 1c00175a f8068693 addi             x13, x13, -128      x13=00001f80 x13:00002000
            21537500           21522 1c00175e 00379713 slli             x14, x15, 0x3       x14=00000000 x15:00000000
            21538500           21523 1c001762 00279793 slli             x15, x15, 0x2       x15=00000000 x15:00000000
            21539500           21524 1c001764 ee873733 p.bclr           x14, x14, 23, 8     x14=00000000 x14:00000000
            21540500           21525 1c001768 00d7f7b3 and              x15, x15, x13       x15=00000000 x15:00000000 x13:00001f80
            21541500           21526 1c00176a 00e787b3 add              x15, x15, x14       x15=00000000 x15:00000000 x14:00000000
            21542500           21527 1c00176c 1a104737 lui              x14, 0x1a104000     x14=1a104000
            21543500           21528 1c001770 00a767a3 p.sw             x10, x0(x14)        x10:00000021 x14:1a104000  PA:1a104000
            21547500           21532 1c001774 00008067 jalr             x0, x1, 0            x1:1c001bca
            21548500           21533 1c001bca 16a0006f jal              x0, 362            
            21550500           21535 1c001d34 00900633 add              x12, x0, x9         x12=1c002353  x9:1c002353
            21551500           21536 1c001d36 e69ff06f jal              x0, -408           
            21554500           21539 1c001b9e 00064583 lbu              x11, 0(x12)         x11=0000000a x12:1c002353  PA:1c002353
            21568500           21553 1c001ba2 00160493 addi             x9, x12, 1           x9=1c002354 x12:1c002353
            21569500           21554 1c001ba6 00059e63 bne              x11, x0, 28         x11:0000000a
            21572500           21557 1c001bc2 01458563 beq              x11, x20, 10        x11:0000000a x20:00000025
            21573500           21558 1c001bc6 01200533 add              x10, x0, x18        x10=00000000 x18:00000000
            21574500           21559 1c001bc8 000980e7 jalr             x1, x19, 0           x1=1c001bca x19:1c001776
            21576500           21561 1c001776 00b00533 add              x10, x0, x11        x10=0000000a x11:0000000a
            21577500           21562 1c001778 fddff06f jal              x0, -36            
            21579500           21564 1c001754 000026b7 lui              x13, 0x2000         x13=00002000
            21580500           21565 1c001756 f14027f3 csrrs            x15, x0, 0xf14      x15=00000000
            21581500           21566 1c00175a f8068693 addi             x13, x13, -128      x13=00001f80 x13:00002000
            21582500           21567 1c00175e 00379713 slli             x14, x15, 0x3       x14=00000000 x15:00000000
            21583500           21568 1c001762 00279793 slli             x15, x15, 0x2       x15=00000000 x15:00000000
            21584500           21569 1c001764 ee873733 p.bclr           x14, x14, 23, 8     x14=00000000 x14:00000000
            21585500           21570 1c001768 00d7f7b3 and              x15, x15, x13       x15=00000000 x15:00000000 x13:00001f80
            21586500           21571 1c00176a 00e787b3 add              x15, x15, x14       x15=00000000 x15:00000000 x14:00000000
            21587500           21572 1c00176c 1a104737 lui              x14, 0x1a104000     x14=1a104000
            21588500           21573 1c001770 00a767a3 p.sw             x10, x0(x14)        x10:0000000a x14:1a104000  PA:1a104000
            21592500           21577 1c001774 00008067 jalr             x0, x1, 0            x1:1c001bca
            21593500           21578 1c001bca 16a0006f jal              x0, 362            
            21595500           21580 1c001d34 00900633 add              x12, x0, x9         x12=1c002354  x9:1c002354
            21596500           21581 1c001d36 e69ff06f jal              x0, -408           
            21599500           21584 1c001b9e 00064583 lbu              x11, 0(x12)         x11=00000000 x12:1c002354  PA:1c002354
            21613500           21598 1c001ba2 00160493 addi             x9, x12, 1           x9=1c002355 x12:1c002354
            21614500           21599 1c001ba6 00059e63 bne              x11, x0, 28         x11:00000000
            21615500           21600 1c001ba8 05c12083 lw               x1, 92(x2)           x1=1c001834  x2:100008c0  PA:1000091c
            21616500           21601 1c001baa 05812403 lw               x8, 88(x2)           x8=00000000  x2:100008c0  PA:10000918
            21617500           21602 1c001bac 05412483 lw               x9, 84(x2)           x9=1b204200  x2:100008c0  PA:10000914
            21618500           21603 1c001bae 05012903 lw               x18, 80(x2)         x18=1c002000  x2:100008c0  PA:10000910
            21634500           21619 1c001bb0 04c12983 lw               x19, 76(x2)         x19=00000000  x2:100008c0  PA:1000090c
            21635500           21620 1c001bb2 04812a03 lw               x20, 72(x2)         x20=00000000  x2:100008c0  PA:10000908
            21636500           21621 1c001bb4 04412a83 lw               x21, 68(x2)         x21=00000000  x2:100008c0  PA:10000904
            21637500           21622 1c001bb6 04012b03 lw               x22, 64(x2)         x22=00000000  x2:100008c0  PA:10000900
            21638500           21623 1c001bb8 03c12b83 lw               x23, 60(x2)         x23=00000000  x2:100008c0  PA:100008fc
            21639500           21624 1c001bba 03812c03 lw               x24, 56(x2)         x24=00000000  x2:100008c0  PA:100008f8
            21640500           21625 1c001bbc 03412c83 lw               x25, 52(x2)         x25=00000000  x2:100008c0  PA:100008f4
            21641500           21626 1c001bbe 06010113 addi             x2, x2, 96           x2=10000920  x2:100008c0
            21642500           21627 1c001bc0 00008067 jalr             x0, x1, 0            x1:1c001834
            21644500           21629 1c001834 01c12083 lw               x1, 28(x2)           x1=1c000a2e  x2:10000920  PA:1000093c
            21645500           21630 1c001836 00000513 addi             x10, x0, 0          x10=00000000
            21646500           21631 1c001838 04010113 addi             x2, x2, 64           x2=10000960  x2:10000920
            21647500           21632 1c00183a 00008067 jalr             x0, x1, 0            x1:1c000a2e
            21685500           21670 1c000a2e 01c4e783 p.elw            x15, 28(x9)         x15=00000000  x9:1b204200  PA:1b20421c
            21694500           21679 1c000a32 1c0027b7 lui              x15, 0x1c002000     x15=1c002000
            21695500           21680 1c000a36 00241413 slli             x8, x8, 0x2          x8=00000000  x8:00000000
            21696500           21681 1c000a38 68478793 addi             x15, x15, 1668      x15=1c002684 x15:1c002000
            21697500           21682 1c000a3c 00100713 addi             x14, x0, 1          x14=00000001
            21714500           21699 1c000a3e 00e7e423 p.sw             x14, x0(x15)        x14:00000001 x15:1c002684  PA:1c002684
            21733500           21718 1c000a42 00c12083 lw               x1, 12(x2)           x1=1c000aac  x2:10000960  PA:1000096c
            21734500           21719 1c000a44 00812403 lw               x8, 8(x2)            x8=00000004  x2:10000960  PA:10000968
            21735500           21720 1c000a46 00412483 lw               x9, 4(x2)            x9=100fc720  x2:10000960  PA:10000964
            21736500           21721 1c000a48 01010113 addi             x2, x2, 16           x2=10000970  x2:10000960
            21737500           21722 1c000a4a 00008067 jalr             x0, x1, 0            x1:1c000aac
            21739500           21724 1c000aac 00100493 addi             x9, x0, 1            x9=00000001
            21756500           21741 1c000aae 68490913 addi             x18, x18, 1668      x18=1c002684 x18:1c002000
            21757500           21742 1c000ab2 10000413 addi             x8, x0, 256          x8=00000100
            21758500           21743 1c000ab6 00249713 slli             x14, x9, 0x2        x14=00000004  x9:00000001
            21759500           21744 1c000aba 01270733 add              x14, x14, x18       x14=1c002688 x14:00000004 x18:1c002684
            21760500           21745 1c000abc 00072783 lw               x15, 0(x14)         x15=00000001 x14:1c002688  PA:1c002688
            21776500           21761 1c000abe 00079a63 bne              x15, x0, 20         x15:00000001
            21798500           21783 1c000ad2 009005b3 add              x11, x0, x9         x11=00000001  x9:00000001
            21799500           21784 1c000ad4 00000693 addi             x13, x0, 0          x13=00000000
            21800500           21785 1c000ad6 00148493 addi             x9, x9, 1            x9=00000002  x9:00000001
            21801500           21786 1c000ad8 00000613 addi             x12, x0, 0          x12=00000000
            21802500           21787 1c000ada 00000513 addi             x10, x0, 0          x10=00000000
            21803500           21788 1c000adc 0c7000ef jal              x1, 2246             x1=1c000ae0
            21822500           21807 1c0013a2 fd010113 addi             x2, x2, -48          x2=10000940  x2:10000970
            21823500           21808 1c0013a4 02812423 sw               x8, 40(x2)           x8:00000100  x2:10000940  PA:10000968
            21824500           21809 1c0013a6 00b00433 add              x8, x0, x11          x8=00000001 x11:00000001
            21825500           21810 1c0013a8 02112623 sw               x1, 44(x2)           x1:1c000ae0  x2:10000940  PA:1000096c
            21826500           21811 1c0013aa 02912223 sw               x9, 36(x2)           x9:00000002  x2:10000940  PA:10000964
            21827500           21812 1c0013ac 03212023 sw               x18, 32(x2)         x18:1c002684  x2:10000940  PA:10000960
            21828500           21813 1c0013ae 01312e23 sw               x19, 28(x2)         x19:00000000  x2:10000940  PA:1000095c
            21845500           21830 1c0013b0 01412c23 sw               x20, 24(x2)         x20:00000000  x2:10000940  PA:10000958
            21846500           21831 1c0013b2 01512a23 sw               x21, 20(x2)         x21:00000000  x2:10000940  PA:10000954
            21847500           21832 1c0013b4 30047973 csrrci           x18, 0x00000008, 0x300 x18=00001808
            21851500           21836 1c0013b8 01800a13 addi             x20, x0, 24         x20=00000018
            21852500           21837 1c0013ba 03458a33 mul              x20, x11, x20       x20=00000018 x11:00000001 x20:00000018
            21869500           21854 1c0013be 1c002737 lui              x14, 0x1c002000     x14=1c002000
            21870500           21855 1c0013c2 6a872783 lw               x15, 1704(x14)      x15=1c2fff50 x14:1c002000  PA:1c0026a8
            21884500           21869 1c0013c6 00e00ab3 add              x21, x0, x14        x21=1c002000 x14:1c002000
            21885500           21870 1c0013c8 014787b3 add              x15, x15, x20       x15=1c2fff68 x15:1c2fff50 x20:00000018
            21886500           21871 1c0013ca 0007a703 lw               x14, 0(x15)         x14=00000001 x15:1c2fff68  PA:1c2fff68
            21900500           21885 1c0013cc 02050363 beq              x10, x0, 38         x10:00000000
            21919500           21904 1c0013f2 fff70713 addi             x14, x14, -1        x14=00000000 x14:00000001
            21920500           21905 1c0013f4 fddff06f jal              x0, -36            
            21922500           21907 1c0013d0 00e7a023 sw               x14, 0(x15)         x14:00000000 x15:1c2fff68  PA:1c2fff68
            21940500           21925 1c0013d2 0007a483 lw               x9, 0(x15)           x9=00000000 x15:1c2fff68  PA:1c2fff68
            21955500           21940 1c0013d4 02049163 bne              x9, x0, 34           x9:00000000
            21956500           21941 1c0013d6 00068363 beq              x13, x0, 6          x13:00000000
            21959500           21944 1c0013dc 30091073 csrrw            x0, x18, 0x300      x18:00001808
            21976500           21961 1c0013e0 02c12083 lw               x1, 44(x2)           x1=1c000ae0  x2:10000940  PA:1000096c
            21977500           21962 1c0013e2 02812403 lw               x8, 40(x2)           x8=00000100  x2:10000940  PA:10000968
            21978500           21963 1c0013e4 02412483 lw               x9, 36(x2)           x9=00000002  x2:10000940  PA:10000964
            21979500           21964 1c0013e6 02012903 lw               x18, 32(x2)         x18=1c002684  x2:10000940  PA:10000960
            21980500           21965 1c0013e8 01c12983 lw               x19, 28(x2)         x19=00000000  x2:10000940  PA:1000095c
            21981500           21966 1c0013ea 01812a03 lw               x20, 24(x2)         x20=00000000  x2:10000940  PA:10000958
            21982500           21967 1c0013ec 01412a83 lw               x21, 20(x2)         x21=00000000  x2:10000940  PA:10000954
            21983500           21968 1c0013ee 03010113 addi             x2, x2, 48           x2=10000970  x2:10000940
            21984500           21969 1c0013f0 00008067 jalr             x0, x1, 0            x1:1c000ae0
            21986500           21971 1c000ae0 fc44bbe3 p.bneimm         x9, -42              x9:00000002
            21989500           21974 1c000ab6 00249713 slli             x14, x9, 0x2        x14=00000008  x9:00000002
            21990500           21975 1c000aba 01270733 add              x14, x14, x18       x14=1c00268c x14:00000008 x18:1c002684
            21991500           21976 1c000abc 00072783 lw               x15, 0(x14)         x15=00000001 x14:1c00268c  PA:1c00268c
            22006500           21991 1c000abe 00079a63 bne              x15, x0, 20         x15:00000001
            22009500           21994 1c000ad2 009005b3 add              x11, x0, x9         x11=00000002  x9:00000002
            22010500           21995 1c000ad4 00000693 addi             x13, x0, 0          x13=00000000
            22011500           21996 1c000ad6 00148493 addi             x9, x9, 1            x9=00000003  x9:00000002
            22012500           21997 1c000ad8 00000613 addi             x12, x0, 0          x12=00000000
            22013500           21998 1c000ada 00000513 addi             x10, x0, 0          x10=00000000
            22014500           21999 1c000adc 0c7000ef jal              x1, 2246             x1=1c000ae0
            22016500           22001 1c0013a2 fd010113 addi             x2, x2, -48          x2=10000940  x2:10000970
            22017500           22002 1c0013a4 02812423 sw               x8, 40(x2)           x8:00000100  x2:10000940  PA:10000968
            22018500           22003 1c0013a6 00b00433 add              x8, x0, x11          x8=00000002 x11:00000002
            22019500           22004 1c0013a8 02112623 sw               x1, 44(x2)           x1:1c000ae0  x2:10000940  PA:1000096c
            22020500           22005 1c0013aa 02912223 sw               x9, 36(x2)           x9:00000003  x2:10000940  PA:10000964
            22021500           22006 1c0013ac 03212023 sw               x18, 32(x2)         x18:1c002684  x2:10000940  PA:10000960
            22022500           22007 1c0013ae 01312e23 sw               x19, 28(x2)         x19:00000000  x2:10000940  PA:1000095c
            22023500           22008 1c0013b0 01412c23 sw               x20, 24(x2)         x20:00000000  x2:10000940  PA:10000958
            22024500           22009 1c0013b2 01512a23 sw               x21, 20(x2)         x21:00000000  x2:10000940  PA:10000954
            22025500           22010 1c0013b4 30047973 csrrci           x18, 0x00000008, 0x300 x18=00001808
            22029500           22014 1c0013b8 01800a13 addi             x20, x0, 24         x20=00000018
            22030500           22015 1c0013ba 03458a33 mul              x20, x11, x20       x20=00000030 x11:00000002 x20:00000018
            22031500           22016 1c0013be 1c002737 lui              x14, 0x1c002000     x14=1c002000
            22032500           22017 1c0013c2 6a872783 lw               x15, 1704(x14)      x15=1c2fff50 x14:1c002000  PA:1c0026a8
            22046500           22031 1c0013c6 00e00ab3 add              x21, x0, x14        x21=1c002000 x14:1c002000
            22047500           22032 1c0013c8 014787b3 add              x15, x15, x20       x15=1c2fff80 x15:1c2fff50 x20:00000030
            22048500           22033 1c0013ca 0007a703 lw               x14, 0(x15)         x14=00000001 x15:1c2fff80  PA:1c2fff80
            22062500           22047 1c0013cc 02050363 beq              x10, x0, 38         x10:00000000
            22065500           22050 1c0013f2 fff70713 addi             x14, x14, -1        x14=00000000 x14:00000001
            22066500           22051 1c0013f4 fddff06f jal              x0, -36            
            22068500           22053 1c0013d0 00e7a023 sw               x14, 0(x15)         x14:00000000 x15:1c2fff80  PA:1c2fff80
            22086500           22071 1c0013d2 0007a483 lw               x9, 0(x15)           x9=00000000 x15:1c2fff80  PA:1c2fff80
            22101500           22086 1c0013d4 02049163 bne              x9, x0, 34           x9:00000000
            22102500           22087 1c0013d6 00068363 beq              x13, x0, 6          x13:00000000
            22105500           22090 1c0013dc 30091073 csrrw            x0, x18, 0x300      x18:00001808
            22109500           22094 1c0013e0 02c12083 lw               x1, 44(x2)           x1=1c000ae0  x2:10000940  PA:1000096c
            22110500           22095 1c0013e2 02812403 lw               x8, 40(x2)           x8=00000100  x2:10000940  PA:10000968
            22111500           22096 1c0013e4 02412483 lw               x9, 36(x2)           x9=00000003  x2:10000940  PA:10000964
            22112500           22097 1c0013e6 02012903 lw               x18, 32(x2)         x18=1c002684  x2:10000940  PA:10000960
            22113500           22098 1c0013e8 01c12983 lw               x19, 28(x2)         x19=00000000  x2:10000940  PA:1000095c
            22114500           22099 1c0013ea 01812a03 lw               x20, 24(x2)         x20=00000000  x2:10000940  PA:10000958
            22115500           22100 1c0013ec 01412a83 lw               x21, 20(x2)         x21=00000000  x2:10000940  PA:10000954
            22116500           22101 1c0013ee 03010113 addi             x2, x2, 48           x2=10000970  x2:10000940
            22117500           22102 1c0013f0 00008067 jalr             x0, x1, 0            x1:1c000ae0
            22119500           22104 1c000ae0 fc44bbe3 p.bneimm         x9, -42              x9:00000003
            22122500           22107 1c000ab6 00249713 slli             x14, x9, 0x2        x14=0000000c  x9:00000003
            22123500           22108 1c000aba 01270733 add              x14, x14, x18       x14=1c002690 x14:0000000c x18:1c002684
            22124500           22109 1c000abc 00072783 lw               x15, 0(x14)         x15=00000001 x14:1c002690  PA:1c002690
            22139500           22124 1c000abe 00079a63 bne              x15, x0, 20         x15:00000001
            22142500           22127 1c000ad2 009005b3 add              x11, x0, x9         x11=00000003  x9:00000003
            22143500           22128 1c000ad4 00000693 addi             x13, x0, 0          x13=00000000
            22144500           22129 1c000ad6 00148493 addi             x9, x9, 1            x9=00000004  x9:00000003
            22145500           22130 1c000ad8 00000613 addi             x12, x0, 0          x12=00000000
            22146500           22131 1c000ada 00000513 addi             x10, x0, 0          x10=00000000
            22147500           22132 1c000adc 0c7000ef jal              x1, 2246             x1=1c000ae0
            22149500           22134 1c0013a2 fd010113 addi             x2, x2, -48          x2=10000940  x2:10000970
            22150500           22135 1c0013a4 02812423 sw               x8, 40(x2)           x8:00000100  x2:10000940  PA:10000968
            22151500           22136 1c0013a6 00b00433 add              x8, x0, x11          x8=00000003 x11:00000003
            22152500           22137 1c0013a8 02112623 sw               x1, 44(x2)           x1:1c000ae0  x2:10000940  PA:1000096c
            22153500           22138 1c0013aa 02912223 sw               x9, 36(x2)           x9:00000004  x2:10000940  PA:10000964
            22154500           22139 1c0013ac 03212023 sw               x18, 32(x2)         x18:1c002684  x2:10000940  PA:10000960
            22155500           22140 1c0013ae 01312e23 sw               x19, 28(x2)         x19:00000000  x2:10000940  PA:1000095c
            22156500           22141 1c0013b0 01412c23 sw               x20, 24(x2)         x20:00000000  x2:10000940  PA:10000958
            22157500           22142 1c0013b2 01512a23 sw               x21, 20(x2)         x21:00000000  x2:10000940  PA:10000954
            22158500           22143 1c0013b4 30047973 csrrci           x18, 0x00000008, 0x300 x18=00001808
            22162500           22147 1c0013b8 01800a13 addi             x20, x0, 24         x20=00000018
            22163500           22148 1c0013ba 03458a33 mul              x20, x11, x20       x20=00000048 x11:00000003 x20:00000018
            22164500           22149 1c0013be 1c002737 lui              x14, 0x1c002000     x14=1c002000
            22165500           22150 1c0013c2 6a872783 lw               x15, 1704(x14)      x15=1c2fff50 x14:1c002000  PA:1c0026a8
            22179500           22164 1c0013c6 00e00ab3 add              x21, x0, x14        x21=1c002000 x14:1c002000
            22180500           22165 1c0013c8 014787b3 add              x15, x15, x20       x15=1c2fff98 x15:1c2fff50 x20:00000048
            22181500           22166 1c0013ca 0007a703 lw               x14, 0(x15)         x14=00000001 x15:1c2fff98  PA:1c2fff98
            22195500           22180 1c0013cc 02050363 beq              x10, x0, 38         x10:00000000
            22198500           22183 1c0013f2 fff70713 addi             x14, x14, -1        x14=00000000 x14:00000001
            22199500           22184 1c0013f4 fddff06f jal              x0, -36            
            22201500           22186 1c0013d0 00e7a023 sw               x14, 0(x15)         x14:00000000 x15:1c2fff98  PA:1c2fff98
            22219500           22204 1c0013d2 0007a483 lw               x9, 0(x15)           x9=00000000 x15:1c2fff98  PA:1c2fff98
            22234500           22219 1c0013d4 02049163 bne              x9, x0, 34           x9:00000000
            22235500           22220 1c0013d6 00068363 beq              x13, x0, 6          x13:00000000
            22238500           22223 1c0013dc 30091073 csrrw            x0, x18, 0x300      x18:00001808
            22242500           22227 1c0013e0 02c12083 lw               x1, 44(x2)           x1=1c000ae0  x2:10000940  PA:1000096c
            22243500           22228 1c0013e2 02812403 lw               x8, 40(x2)           x8=00000100  x2:10000940  PA:10000968
            22244500           22229 1c0013e4 02412483 lw               x9, 36(x2)           x9=00000004  x2:10000940  PA:10000964
            22245500           22230 1c0013e6 02012903 lw               x18, 32(x2)         x18=1c002684  x2:10000940  PA:10000960
            22246500           22231 1c0013e8 01c12983 lw               x19, 28(x2)         x19=00000000  x2:10000940  PA:1000095c
            22247500           22232 1c0013ea 01812a03 lw               x20, 24(x2)         x20=00000000  x2:10000940  PA:10000958
            22248500           22233 1c0013ec 01412a83 lw               x21, 20(x2)         x21=00000000  x2:10000940  PA:10000954
            22249500           22234 1c0013ee 03010113 addi             x2, x2, 48           x2=10000970  x2:10000940
            22250500           22235 1c0013f0 00008067 jalr             x0, x1, 0            x1:1c000ae0
            22252500           22237 1c000ae0 fc44bbe3 p.bneimm         x9, -42              x9:00000004
            22253500           22238 1c000ae4 01c12083 lw               x1, 28(x2)           x1=1c0000ec  x2:10000970  PA:1000098c
            22254500           22239 1c000ae6 01812403 lw               x8, 24(x2)           x8=00000000  x2:10000970  PA:10000988
            22255500           22240 1c000ae8 1b2007b7 lui              x15, 0x1b200000     x15=1b200000
            22256500           22241 1c000aec 00100713 addi             x14, x0, 1          x14=00000001
            22257500           22242 1c000aee 00e7a023 sw               x14, 0(x15)         x14:00000001 x15:1b200000  PA:1b200000
            22273500           22258 1c000af0 01412483 lw               x9, 20(x2)           x9=00000000  x2:10000970  PA:10000984
            22274500           22259 1c000af2 01012903 lw               x18, 16(x2)         x18=00000000  x2:10000970  PA:10000980
            22275500           22260 1c000af4 00000513 addi             x10, x0, 0          x10=00000000
            22276500           22261 1c000af6 02010113 addi             x2, x2, 32           x2=10000990  x2:10000970
            22277500           22262 1c000af8 00008067 jalr             x0, x1, 0            x1:1c0000ec
            22279500           22264 1c0000ec 00a00433 add              x8, x0, x10          x8=00000000 x10:00000000
            22280500           22265 1c0000ee 44f000ef jal              x1, 3150             x1=1c0000f2
            22282500           22267 1c000d3c ff010113 addi             x2, x2, -16          x2=10000980  x2:10000990
            22283500           22268 1c000d3e 00812423 sw               x8, 8(x2)            x8:00000000  x2:10000980  PA:10000988
            22299500           22284 1c000d40 00100513 addi             x10, x0, 1          x10=00000001
            22300500           22285 1c000d42 10000437 lui              x8, 0x10000000       x8=10000000
            22301500           22286 1c000d46 00112623 sw               x1, 12(x2)           x1:1c0000f2  x2:10000980  PA:1000098c
            22302500           22287 1c000d48 18840413 addi             x8, x8, 392          x8=10000188  x8:10000000
            22303500           22288 1c000d4c 0f2000ef jal              x1, 242              x1=1c000d4e
            22337500           22322 1c000e3e ff010113 addi             x2, x2, -16          x2=10000970  x2:10000980
            22354500           22339 1c000e40 00812423 sw               x8, 8(x2)            x8:10000188  x2:10000970  PA:10000978
            22355500           22340 1c000e42 10000437 lui              x8, 0x10000000       x8=10000000
            22356500           22341 1c000e46 00251513 slli             x10, x10, 0x2       x10=00000004 x10:00000001
            22357500           22342 1c000e48 05840413 addi             x8, x8, 88           x8=10000058  x8:10000000
            22358500           22343 1c000e4c 20a47403 lw               x8, x10(x8)          x8=1c2fffd0 x10:00000004  x8:10000058  PA:1000005c
            22359500           22344 1c000e50 00112623 sw               x1, 12(x2)           x1:1c000d4e  x2:10000970  PA:1000097c
            22360500           22345 1c000e52 00041663 bne              x8, x0, 12           x8:1c2fffd0
            22363500           22348 1c000e5e 00042783 lw               x15, 0(x8)          x15=1c00179c  x8:1c2fffd0  PA:1c2fffd0
            22377500           22362 1c000e60 00442503 lw               x10, 4(x8)          x10=00000000  x8:1c2fffd0  PA:1c2fffd4
            22391500           22376 1c000e62 000780e7 jalr             x1, x15, 0           x1=1c000e64 x15:1c00179c
            22397500           22382 1c00179c ff010113 addi             x2, x2, -16          x2=10000960  x2:10000970
            22398500           22383 1c00179e 00112623 sw               x1, 12(x2)           x1:1c000e64  x2:10000960  PA:1000096c
            22414500           22399 1c0017a0 fdbff0ef jal              x1, -38              x1=1c0017a2
            22416500           22401 1c00177a ff010113 addi             x2, x2, -16          x2=10000950  x2:10000960
            22417500           22402 1c00177c 00812423 sw               x8, 8(x2)            x8:1c2fffd0  x2:10000950  PA:10000958
            22434500           22419 1c00177e 1c002437 lui              x8, 0x1c002000       x8=1c002000
            22435500           22420 1c001782 67840413 addi             x8, x8, 1656         x8=1c002678  x8:1c002000
            22436500           22421 1c001786 00042503 lw               x10, 0(x8)          x10=00000000  x8:1c002678  PA:1c002678
            22450500           22435 1c001788 00112623 sw               x1, 12(x2)           x1:1c0017a2  x2:10000950  PA:1000095c
            22451500           22436 1c00178a 00050563 beq              x10, x0, 10         x10:00000000
            22454500           22439 1c001794 00c12083 lw               x1, 12(x2)           x1=1c0017a2  x2:10000950  PA:1000095c
            22455500           22440 1c001796 00812403 lw               x8, 8(x2)            x8=1c2fffd0  x2:10000950  PA:10000958
            22456500           22441 1c001798 01010113 addi             x2, x2, 16           x2=10000960  x2:10000950
            22457500           22442 1c00179a 00008067 jalr             x0, x1, 0            x1:1c0017a2
            22459500           22444 1c0017a2 1c0027b7 lui              x15, 0x1c002000     x15=1c002000
            22460500           22445 1c0017a6 67c7a503 lw               x10, 1660(x15)      x10=1c002668 x15:1c002000  PA:1c00267c
            22474500           22459 1c0017aa 00000593 addi             x11, x0, 0          x11=00000000
            22475500           22460 1c0017ac 0d9000ef jal              x1, 2264             x1=1c0017b0
            22477500           22462 1c002084 300476f3 csrrci           x13, 0x00000008, 0x300 x13=00001808
            22481500           22466 1c002088 00052783 lw               x15, 0(x10)         x15=00000001 x10:1c002668  PA:1c002668
            22496500           22481 1c00208a fff78793 addi             x15, x15, -1        x15=00000000 x15:00000001
            22497500           22482 1c00208c 00f52023 sw               x15, 0(x10)         x15:00000000 x10:1c002668  PA:1c002668
            22515500           22500 1c00208e 00079863 bne              x15, x0, 16         x15:00000000
            22516500           22501 1c002090 1a102737 lui              x14, 0x1a102000     x14=1a102000
            22517500           22502 1c002094 01470713 addi             x14, x14, 20        x14=1a102014 x14:1a102000
            22518500           22503 1c002096 00072783 lw               x15, 0(x14)         x15=00000000 x14:1a102014  PA:1a102014
            22536500           22521 1c002098 0407f793 andi             x15, x15, 64        x15=00000000 x15:00000000
            22537500           22522 1c00209c fe078de3 beq              x15, x0, -6         x15:00000000
            22540500           22525 1c002096 00072783 lw               x15, 0(x14)         x15=00000000 x14:1a102014  PA:1a102014
            22558500           22543 1c002098 0407f793 andi             x15, x15, 64        x15=00000000 x15:00000000
            22559500           22544 1c00209c fe078de3 beq              x15, x0, -6         x15:00000000
            22562500           22547 1c002096 00072783 lw               x15, 0(x14)         x15=00000000 x14:1a102014  PA:1a102014
            22580500           22565 1c002098 0407f793 andi             x15, x15, 64        x15=00000000 x15:00000000
            22581500           22566 1c00209c fe078de3 beq              x15, x0, -6         x15:00000000
            22584500           22569 1c002096 00072783 lw               x15, 0(x14)         x15=00000000 x14:1a102014  PA:1a102014
            22602500           22587 1c002098 0407f793 andi             x15, x15, 64        x15=00000000 x15:00000000
            22603500           22588 1c00209c fe078de3 beq              x15, x0, -6         x15:00000000
            22606500           22591 1c002096 00072783 lw               x15, 0(x14)         x15=00000000 x14:1a102014  PA:1a102014
            22624500           22609 1c002098 0407f793 andi             x15, x15, 64        x15=00000000 x15:00000000
            22625500           22610 1c00209c fe078de3 beq              x15, x0, -6         x15:00000000
            22628500           22613 1c002096 00072783 lw               x15, 0(x14)         x15=00000000 x14:1a102014  PA:1a102014
            22646500           22631 1c002098 0407f793 andi             x15, x15, 64        x15=00000000 x15:00000000
            22647500           22632 1c00209c fe078de3 beq              x15, x0, -6         x15:00000000
            22650500           22635 1c002096 00072783 lw               x15, 0(x14)         x15=00000000 x14:1a102014  PA:1a102014
            22668500           22653 1c002098 0407f793 andi             x15, x15, 64        x15=00000000 x15:00000000
            22669500           22654 1c00209c fe078de3 beq              x15, x0, -6         x15:00000000
            22672500           22657 1c002096 00072783 lw               x15, 0(x14)         x15=00000000 x14:1a102014  PA:1a102014
            22690500           22675 1c002098 0407f793 andi             x15, x15, 64        x15=00000000 x15:00000000
            22691500           22676 1c00209c fe078de3 beq              x15, x0, -6         x15:00000000
            22694500           22679 1c002096 00072783 lw               x15, 0(x14)         x15=00000000 x14:1a102014  PA:1a102014
            22712500           22697 1c002098 0407f793 andi             x15, x15, 64        x15=00000000 x15:00000000
            22713500           22698 1c00209c fe078de3 beq              x15, x0, -6         x15:00000000
            22716500           22701 1c002096 00072783 lw               x15, 0(x14)         x15=00000000 x14:1a102014  PA:1a102014
            22734500           22719 1c002098 0407f793 andi             x15, x15, 64        x15=00000000 x15:00000000
            22735500           22720 1c00209c fe078de3 beq              x15, x0, -6         x15:00000000
            22738500           22723 1c002096 00072783 lw               x15, 0(x14)         x15=00000000 x14:1a102014  PA:1a102014
            22756500           22741 1c002098 0407f793 andi             x15, x15, 64        x15=00000000 x15:00000000
            22757500           22742 1c00209c fe078de3 beq              x15, x0, -6         x15:00000000
            22760500           22745 1c002096 00072783 lw               x15, 0(x14)         x15=00000000 x14:1a102014  PA:1a102014
            22778500           22763 1c002098 0407f793 andi             x15, x15, 64        x15=00000000 x15:00000000
            22779500           22764 1c00209c fe078de3 beq              x15, x0, -6         x15:00000000
            22782500           22767 1c002096 00072783 lw               x15, 0(x14)         x15=00000000 x14:1a102014  PA:1a102014
            22800500           22785 1c002098 0407f793 andi             x15, x15, 64        x15=00000000 x15:00000000
            22801500           22786 1c00209c fe078de3 beq              x15, x0, -6         x15:00000000
            22804500           22789 1c002096 00072783 lw               x15, 0(x14)         x15=00000000 x14:1a102014  PA:1a102014
            22822500           22807 1c002098 0407f793 andi             x15, x15, 64        x15=00000000 x15:00000000
            22823500           22808 1c00209c fe078de3 beq              x15, x0, -6         x15:00000000
            22826500           22811 1c002096 00072783 lw               x15, 0(x14)         x15=00000000 x14:1a102014  PA:1a102014
            22844500           22829 1c002098 0407f793 andi             x15, x15, 64        x15=00000000 x15:00000000
            22845500           22830 1c00209c fe078de3 beq              x15, x0, -6         x15:00000000
            22848500           22833 1c002096 00072783 lw               x15, 0(x14)         x15=00000000 x14:1a102014  PA:1a102014
            22866500           22851 1c002098 0407f793 andi             x15, x15, 64        x15=00000000 x15:00000000
            22867500           22852 1c00209c fe078de3 beq              x15, x0, -6         x15:00000000
            22870500           22855 1c002096 00072783 lw               x15, 0(x14)         x15=00000000 x14:1a102014  PA:1a102014
            22888500           22873 1c002098 0407f793 andi             x15, x15, 64        x15=00000000 x15:00000000
            22889500           22874 1c00209c fe078de3 beq              x15, x0, -6         x15:00000000
            22892500           22877 1c002096 00072783 lw               x15, 0(x14)         x15=00000000 x14:1a102014  PA:1a102014
            22910500           22895 1c002098 0407f793 andi             x15, x15, 64        x15=00000000 x15:00000000
            22911500           22896 1c00209c fe078de3 beq              x15, x0, -6         x15:00000000
            22914500           22899 1c002096 00072783 lw               x15, 0(x14)         x15=00000000 x14:1a102014  PA:1a102014
            22932500           22917 1c002098 0407f793 andi             x15, x15, 64        x15=00000000 x15:00000000
            22933500           22918 1c00209c fe078de3 beq              x15, x0, -6         x15:00000000
            22936500           22921 1c002096 00072783 lw               x15, 0(x14)         x15=00000000 x14:1a102014  PA:1a102014
            22954500           22939 1c002098 0407f793 andi             x15, x15, 64        x15=00000000 x15:00000000
            22955500           22940 1c00209c fe078de3 beq              x15, x0, -6         x15:00000000
            22958500           22943 1c002096 00072783 lw               x15, 0(x14)         x15=00000000 x14:1a102014  PA:1a102014
            22976500           22961 1c002098 0407f793 andi             x15, x15, 64        x15=00000000 x15:00000000
            22977500           22962 1c00209c fe078de3 beq              x15, x0, -6         x15:00000000
            22980500           22965 1c002096 00072783 lw               x15, 0(x14)         x15=00000000 x14:1a102014  PA:1a102014
            22998500           22983 1c002098 0407f793 andi             x15, x15, 64        x15=00000000 x15:00000000
            22999500           22984 1c00209c fe078de3 beq              x15, x0, -6         x15:00000000
            23002500           22987 1c002096 00072783 lw               x15, 0(x14)         x15=00000000 x14:1a102014  PA:1a102014
            23020500           23005 1c002098 0407f793 andi             x15, x15, 64        x15=00000000 x15:00000000
            23021500           23006 1c00209c fe078de3 beq              x15, x0, -6         x15:00000000
            23024500           23009 1c002096 00072783 lw               x15, 0(x14)         x15=00000000 x14:1a102014  PA:1a102014
            23042500           23027 1c002098 0407f793 andi             x15, x15, 64        x15=00000000 x15:00000000
            23043500           23028 1c00209c fe078de3 beq              x15, x0, -6         x15:00000000
            23046500           23031 1c002096 00072783 lw               x15, 0(x14)         x15=00000000 x14:1a102014  PA:1a102014
            23064500           23049 1c002098 0407f793 andi             x15, x15, 64        x15=00000000 x15:00000000
            23065500           23050 1c00209c fe078de3 beq              x15, x0, -6         x15:00000000
            23068500           23053 1c002096 00072783 lw               x15, 0(x14)         x15=00000000 x14:1a102014  PA:1a102014
            23086500           23071 1c002098 0407f793 andi             x15, x15, 64        x15=00000000 x15:00000000
            23087500           23072 1c00209c fe078de3 beq              x15, x0, -6         x15:00000000
            23090500           23075 1c002096 00072783 lw               x15, 0(x14)         x15=00000000 x14:1a102014  PA:1a102014
            23108500           23093 1c002098 0407f793 andi             x15, x15, 64        x15=00000000 x15:00000000
            23109500           23094 1c00209c fe078de3 beq              x15, x0, -6         x15:00000000
            23112500           23097 1c002096 00072783 lw               x15, 0(x14)         x15=00000000 x14:1a102014  PA:1a102014
            23130500           23115 1c002098 0407f793 andi             x15, x15, 64        x15=00000000 x15:00000000
            23131500           23116 1c00209c fe078de3 beq              x15, x0, -6         x15:00000000
            23134500           23119 1c002096 00072783 lw               x15, 0(x14)         x15=00000000 x14:1a102014  PA:1a102014
            23152500           23137 1c002098 0407f793 andi             x15, x15, 64        x15=00000000 x15:00000000
            23153500           23138 1c00209c fe078de3 beq              x15, x0, -6         x15:00000000
            23156500           23141 1c002096 00072783 lw               x15, 0(x14)         x15=00000000 x14:1a102014  PA:1a102014
            23174500           23159 1c002098 0407f793 andi             x15, x15, 64        x15=00000000 x15:00000000
            23175500           23160 1c00209c fe078de3 beq              x15, x0, -6         x15:00000000
            23178500           23163 1c002096 00072783 lw               x15, 0(x14)         x15=00000000 x14:1a102014  PA:1a102014
            23196500           23181 1c002098 0407f793 andi             x15, x15, 64        x15=00000000 x15:00000000
            23197500           23182 1c00209c fe078de3 beq              x15, x0, -6         x15:00000000
            23200500           23185 1c002096 00072783 lw               x15, 0(x14)         x15=00000000 x14:1a102014  PA:1a102014
            23218500           23203 1c002098 0407f793 andi             x15, x15, 64        x15=00000000 x15:00000000
            23219500           23204 1c00209c fe078de3 beq              x15, x0, -6         x15:00000000
            23222500           23207 1c002096 00072783 lw               x15, 0(x14)         x15=00000000 x14:1a102014  PA:1a102014
            23240500           23225 1c002098 0407f793 andi             x15, x15, 64        x15=00000000 x15:00000000
            23241500           23226 1c00209c fe078de3 beq              x15, x0, -6         x15:00000000
