                Time          Cycles PC       Instr    Mnemonic
            14833500           14818 1c000080 0180006f jal              x0, 24             
            14851500           14836 1c000098 f1402573 csrrs            x10, x0, 0xf14      x10=00000043
            14852500           14837 1c00009c 01f57593 andi             x11, x10, 31        x11=00000003 x10:00000043
            14869500           14854 1c0000a0 00555513 srli             x10, x10, 0x5       x10=00000002 x10:00000043
            14870500           14855 1c0000a2 00058463 beq              x11, x0, 8          x11:00000003
            14871500           14856 1c0000a6 05a0206f jal              x0, 8282           
            14889500           14874 1c002100 000702b7 lui              x5, 0x70000          x5=00070000
            14890500           14875 1c002104 1b204337 lui              x6, 0x1b204000       x6=1b204000
            14891500           14876 1c002108 00532023 sw               x5, 0(x6)            x5:00070000  x6:1b204000  PA:1b204000
            14892500           14877 1c00210c 0e059163 bne              x11, x0, 226        x11:00000003
            14944500           14929 1c0021ee 1b204937 lui              x18, 0x1b204000     x18=1b204000
            14945500           14930 1c0021f2 f14029f3 csrrs            x19, x0, 0xf14      x19=00000043
            14946500           14931 1c0021f6 01f9f993 andi             x19, x19, 31        x19=00000003 x19:00000043
            14947500           14932 1c0021fa 00000a17 auipc            x20, 0x0            x20=1c0021fa
            14964500           14949 1c0021fe 012a0a13 addi             x20, x20, 18        x20=1c00220c x20:1c0021fa
            14965500           14950 1c002202 00000a97 auipc            x21, 0x0            x21=1c002202
            14966500           14951 1c002206 00ea8a93 addi             x21, x21, 14        x21=1c002210 x21:1c002202
            14967500           14952 1c00220a 0060006f jal              x0, 6              
            14986500           14971 1c002210 08096283 p.elw            x5, 128(x18)         x5=1c00222d x18:1b204000  PA:1b204080
            18321500           18306 1c002214 08096503 p.elw            x10, 128(x18)       x10=00000400 x18:1b204000  PA:1b204080
            18338500           18323 1c002218 0012f313 andi             x6, x5, 1            x6=00000001  x5:1c00222d
            18339500           18324 1c00221c 00031563 bne              x6, x0, 10           x6:00000001
            18361500           18346 1c002226 000a80b3 add              x1, x21, x0          x1=1c002210 x21:1c002210
            18362500           18347 1c00222a 00028067 jalr             x0, x5, 0            x5:1c00222d
            18364500           18349 1c00222c 08096283 p.elw            x5, 128(x18)         x5=108fe400 x18:1b204000  PA:1b204080
            18388500           18373 1c002230 02a98533 mul              x10, x19, x10       x10=00000c00 x19:00000003 x10:00000400
            18389500           18374 1c002234 00550133 add              x2, x10, x5          x2=108ff000 x10:00000c00  x5:108fe400
            18390500           18375 1c002238 00008067 jalr             x0, x1, 0            x1:1c002210
            18392500           18377 1c002210 08096283 p.elw            x5, 128(x18)         x5=1c0009bc x18:1b204000  PA:1b204080
            18427500           18412 1c002214 08096503 p.elw            x10, 128(x18)       x10=00000000 x18:1b204000  PA:1b204080
            18435500           18420 1c002218 0012f313 andi             x6, x5, 1            x6=00000000  x5:1c0009bc
            18436500           18421 1c00221c 00031563 bne              x6, x0, 10           x6:00000000
            18437500           18422 1c002220 000a00b3 add              x1, x20, x0          x1=1c00220c x20:1c00220c
            18438500           18423 1c002224 00028067 jalr             x0, x5, 0            x5:1c0009bc
            18459500           18444 1c0009bc f1402673 csrrs            x12, x0, 0xf14      x12=00000043
            18476500           18461 1c0009c0 1c002537 lui              x10, 0x1c002000     x10=1c002000
            18477500           18462 1c0009c4 40565593 srai             x11, x12, 0x405     x11=00000002 x12:00000043
            18478500           18463 1c0009c8 f265b5b3 p.bclr           x11, x11, 25, 6     x11=00000002 x11:00000002
            18479500           18464 1c0009cc f4563633 p.bclr           x12, x12, 26, 5     x12=00000003 x12:00000043
            18480500           18465 1c0009d0 33c50513 addi             x10, x10, 828       x10=1c00233c x10:1c002000
            18481500           18466 1c0009d4 63d0006f jal              x0, 3644           
            18502500           18487 1c001810 fc010113 addi             x2, x2, -64          x2=108fefc0  x2:108ff000
            18503500           18488 1c001812 02b12223 sw               x11, 36(x2)         x11:00000002  x2:108fefc0  PA:108fefe4
            18504500           18489 1c001814 1c0015b7 lui              x11, 0x1c001000     x11=1c001000
            18505500           18490 1c001818 02c12423 sw               x12, 40(x2)         x12:00000003  x2:108fefc0  PA:108fefe8
            18506500           18491 1c00181a 02d12623 sw               x13, 44(x2)         x13:00000000  x2:108fefc0  PA:108fefec
            18507500           18492 1c00181c 00a00633 add              x12, x0, x10        x12=1c00233c x10:1c00233c
            18508500           18493 1c00181e 02410693 addi             x13, x2, 36         x13=108fefe4  x2:108fefc0
            18526500           18511 1c001820 00000513 addi             x10, x0, 0          x10=00000000
            18527500           18512 1c001822 77658593 addi             x11, x11, 1910      x11=1c001776 x11:1c001000
            18528500           18513 1c001826 00112e23 sw               x1, 28(x2)           x1:1c00220c  x2:108fefc0  PA:108fefdc
            18532500           18517 1c001828 02e12823 sw               x14, 48(x2)         x14:00000000  x2:108fefc0  PA:108feff0
            18533500           18518 1c00182a 02f12a23 sw               x15, 52(x2)         x15:00000000  x2:108fefc0  PA:108feff4
            18534500           18519 1c00182c 03012c23 sw               x16, 56(x2)         x16:00000000  x2:108fefc0  PA:108feff8
            18535500           18520 1c00182e 03112e23 sw               x17, 60(x2)         x17:00000000  x2:108fefc0  PA:108feffc
            18549500           18534 1c001830 00d12623 sw               x13, 12(x2)         x13:108fefe4  x2:108fefc0  PA:108fefcc
            18552500           18537 1c001832 33e000ef jal              x1, 830              x1=1c001834
            18568500           18553 1c001b70 fa010113 addi             x2, x2, -96          x2=108fef60  x2:108fefc0
            18569500           18554 1c001b72 01810793 addi             x15, x2, 24         x15=108fef78  x2:108fef60
            18570500           18555 1c001b74 04812c23 sw               x8, 88(x2)           x8:00000000  x2:108fef60  PA:108fefb8
            18572500           18557 1c001b76 05212823 sw               x18, 80(x2)         x18:1b204000  x2:108fef60  PA:108fefb0
            18573500           18558 1c001b78 05312623 sw               x19, 76(x2)         x19:00000003  x2:108fef60  PA:108fefac
            18574500           18559 1c001b7a 05412423 sw               x20, 72(x2)         x20:1c00220c  x2:108fef60  PA:108fefa8
            18575500           18560 1c001b7c 05512223 sw               x21, 68(x2)         x21:1c002210  x2:108fef60  PA:108fefa4
            18576500           18561 1c001b7e 05612023 sw               x22, 64(x2)         x22:00000000  x2:108fef60  PA:108fefa0
            18592500           18577 1c001b80 03712e23 sw               x23, 60(x2)         x23:00000000  x2:108fef60  PA:108fef9c
            18596500           18581 1c001b82 04112e23 sw               x1, 92(x2)           x1:1c001834  x2:108fef60  PA:108fefbc
            18597500           18582 1c001b84 04912a23 sw               x9, 84(x2)           x9:00000000  x2:108fef60  PA:108fefb4
            18598500           18583 1c001b86 03812c23 sw               x24, 56(x2)         x24:00000000  x2:108fef60  PA:108fef98
            18599500           18584 1c001b88 03912a23 sw               x25, 52(x2)         x25:00000000  x2:108fef60  PA:108fef94
            18600500           18585 1c001b8a 00a00933 add              x18, x0, x10        x18=00000000 x10:00000000
            18601500           18586 1c001b8c 00b009b3 add              x19, x0, x11        x19=1c001776 x11:1c001776
            18602500           18587 1c001b8e 00d00433 add              x8, x0, x13          x8=108fefe4 x13:108fefe4
            18616500           18601 1c001b90 00f12a23 sw               x15, 20(x2)         x15:108fef78  x2:108fef60  PA:108fef74
            18619500           18604 1c001b92 02500a13 addi             x20, x0, 37         x20=00000025
            18620500           18605 1c001b96 02d00b93 addi             x23, x0, 45         x23=0000002d
            18621500           18606 1c001b9a 00100a93 addi             x21, x0, 1          x21=00000001
            18622500           18607 1c001b9c 00500b13 addi             x22, x0, 5          x22=00000005
            18638500           18623 1c001b9e 00064583 lbu              x11, 0(x12)         x11=00000048 x12:1c00233c  PA:1c00233c
            18657500           18642 1c001ba2 00160493 addi             x9, x12, 1           x9=1c00233d x12:1c00233c
            18658500           18643 1c001ba6 00059e63 bne              x11, x0, 28         x11:00000048
            18678500           18663 1c001bc2 01458563 beq              x11, x20, 10        x11:00000048 x20:00000025
            18679500           18664 1c001bc6 01200533 add              x10, x0, x18        x10=00000000 x18:00000000
            18680500           18665 1c001bc8 000980e7 jalr             x1, x19, 0           x1=1c001bca x19:1c001776
            18698500           18683 1c001776 00b00533 add              x10, x0, x11        x10=00000048 x11:00000048
            18699500           18684 1c001778 fddff06f jal              x0, -36            
            18718500           18703 1c001754 000026b7 lui              x13, 0x2000         x13=00002000
            18719500           18704 1c001756 f14027f3 csrrs            x15, x0, 0xf14      x15=00000043
            18720500           18705 1c00175a f8068693 addi             x13, x13, -128      x13=00001f80 x13:00002000
            18738500           18723 1c00175e 00379713 slli             x14, x15, 0x3       x14=00000218 x15:00000043
            18739500           18724 1c001762 00279793 slli             x15, x15, 0x2       x15=0000010c x15:00000043
            18740500           18725 1c001764 ee873733 p.bclr           x14, x14, 23, 8     x14=00000018 x14:00000218
            18741500           18726 1c001768 00d7f7b3 and              x15, x15, x13       x15=00000100 x15:0000010c x13:00001f80
            18742500           18727 1c00176a 00e787b3 add              x15, x15, x14       x15=00000118 x15:00000100 x14:00000018
            18743500           18728 1c00176c 1a104737 lui              x14, 0x1a104000     x14=1a104000
            18744500           18729 1c001770 00a767a3 p.sw             x10, x0(x14)        x10:00000048 x14:1a104000  PA:1a104118
            18748500           18733 1c001774 00008067 jalr             x0, x1, 0            x1:1c001bca
            18749500           18734 1c001bca 16a0006f jal              x0, 362            
            18768500           18753 1c001d34 00900633 add              x12, x0, x9         x12=1c00233d  x9:1c00233d
            18769500           18754 1c001d36 e69ff06f jal              x0, -408           
            18772500           18757 1c001b9e 00064583 lbu              x11, 0(x12)         x11=00000065 x12:1c00233d  PA:1c00233d
            18791500           18776 1c001ba2 00160493 addi             x9, x12, 1           x9=1c00233e x12:1c00233d
            18792500           18777 1c001ba6 00059e63 bne              x11, x0, 28         x11:00000065
            18795500           18780 1c001bc2 01458563 beq              x11, x20, 10        x11:00000065 x20:00000025
            18796500           18781 1c001bc6 01200533 add              x10, x0, x18        x10=00000000 x18:00000000
            18797500           18782 1c001bc8 000980e7 jalr             x1, x19, 0           x1=1c001bca x19:1c001776
            18799500           18784 1c001776 00b00533 add              x10, x0, x11        x10=00000065 x11:00000065
            18800500           18785 1c001778 fddff06f jal              x0, -36            
            18802500           18787 1c001754 000026b7 lui              x13, 0x2000         x13=00002000
            18803500           18788 1c001756 f14027f3 csrrs            x15, x0, 0xf14      x15=00000043
            18804500           18789 1c00175a f8068693 addi             x13, x13, -128      x13=00001f80 x13:00002000
            18805500           18790 1c00175e 00379713 slli             x14, x15, 0x3       x14=00000218 x15:00000043
            18806500           18791 1c001762 00279793 slli             x15, x15, 0x2       x15=0000010c x15:00000043
            18807500           18792 1c001764 ee873733 p.bclr           x14, x14, 23, 8     x14=00000018 x14:00000218
            18808500           18793 1c001768 00d7f7b3 and              x15, x15, x13       x15=00000100 x15:0000010c x13:00001f80
            18809500           18794 1c00176a 00e787b3 add              x15, x15, x14       x15=00000118 x15:00000100 x14:00000018
            18810500           18795 1c00176c 1a104737 lui              x14, 0x1a104000     x14=1a104000
            18811500           18796 1c001770 00a767a3 p.sw             x10, x0(x14)        x10:00000065 x14:1a104000  PA:1a104118
            18815500           18800 1c001774 00008067 jalr             x0, x1, 0            x1:1c001bca
            18816500           18801 1c001bca 16a0006f jal              x0, 362            
            18818500           18803 1c001d34 00900633 add              x12, x0, x9         x12=1c00233e  x9:1c00233e
            18819500           18804 1c001d36 e69ff06f jal              x0, -408           
            18822500           18807 1c001b9e 00064583 lbu              x11, 0(x12)         x11=00000079 x12:1c00233e  PA:1c00233e
            18838500           18823 1c001ba2 00160493 addi             x9, x12, 1           x9=1c00233f x12:1c00233e
            18839500           18824 1c001ba6 00059e63 bne              x11, x0, 28         x11:00000079
            18842500           18827 1c001bc2 01458563 beq              x11, x20, 10        x11:00000079 x20:00000025
            18843500           18828 1c001bc6 01200533 add              x10, x0, x18        x10=00000000 x18:00000000
            18844500           18829 1c001bc8 000980e7 jalr             x1, x19, 0           x1=1c001bca x19:1c001776
            18846500           18831 1c001776 00b00533 add              x10, x0, x11        x10=00000079 x11:00000079
            18847500           18832 1c001778 fddff06f jal              x0, -36            
            18849500           18834 1c001754 000026b7 lui              x13, 0x2000         x13=00002000
            18850500           18835 1c001756 f14027f3 csrrs            x15, x0, 0xf14      x15=00000043
            18851500           18836 1c00175a f8068693 addi             x13, x13, -128      x13=00001f80 x13:00002000
            18852500           18837 1c00175e 00379713 slli             x14, x15, 0x3       x14=00000218 x15:00000043
            18853500           18838 1c001762 00279793 slli             x15, x15, 0x2       x15=0000010c x15:00000043
            18854500           18839 1c001764 ee873733 p.bclr           x14, x14, 23, 8     x14=00000018 x14:00000218
            18855500           18840 1c001768 00d7f7b3 and              x15, x15, x13       x15=00000100 x15:0000010c x13:00001f80
            18856500           18841 1c00176a 00e787b3 add              x15, x15, x14       x15=00000118 x15:00000100 x14:00000018
            18857500           18842 1c00176c 1a104737 lui              x14, 0x1a104000     x14=1a104000
            18858500           18843 1c001770 00a767a3 p.sw             x10, x0(x14)        x10:00000079 x14:1a104000  PA:1a104118
            18862500           18847 1c001774 00008067 jalr             x0, x1, 0            x1:1c001bca
            18863500           18848 1c001bca 16a0006f jal              x0, 362            
            18865500           18850 1c001d34 00900633 add              x12, x0, x9         x12=1c00233f  x9:1c00233f
            18866500           18851 1c001d36 e69ff06f jal              x0, -408           
            18869500           18854 1c001b9e 00064583 lbu              x11, 0(x12)         x11=0000002c x12:1c00233f  PA:1c00233f
            18886500           18871 1c001ba2 00160493 addi             x9, x12, 1           x9=1c002340 x12:1c00233f
            18887500           18872 1c001ba6 00059e63 bne              x11, x0, 28         x11:0000002c
            18890500           18875 1c001bc2 01458563 beq              x11, x20, 10        x11:0000002c x20:00000025
            18891500           18876 1c001bc6 01200533 add              x10, x0, x18        x10=00000000 x18:00000000
            18892500           18877 1c001bc8 000980e7 jalr             x1, x19, 0           x1=1c001bca x19:1c001776
            18894500           18879 1c001776 00b00533 add              x10, x0, x11        x10=0000002c x11:0000002c
            18895500           18880 1c001778 fddff06f jal              x0, -36            
            18897500           18882 1c001754 000026b7 lui              x13, 0x2000         x13=00002000
            18898500           18883 1c001756 f14027f3 csrrs            x15, x0, 0xf14      x15=00000043
            18899500           18884 1c00175a f8068693 addi             x13, x13, -128      x13=00001f80 x13:00002000
            18900500           18885 1c00175e 00379713 slli             x14, x15, 0x3       x14=00000218 x15:00000043
            18901500           18886 1c001762 00279793 slli             x15, x15, 0x2       x15=0000010c x15:00000043
            18902500           18887 1c001764 ee873733 p.bclr           x14, x14, 23, 8     x14=00000018 x14:00000218
            18903500           18888 1c001768 00d7f7b3 and              x15, x15, x13       x15=00000100 x15:0000010c x13:00001f80
            18904500           18889 1c00176a 00e787b3 add              x15, x15, x14       x15=00000118 x15:00000100 x14:00000018
            18905500           18890 1c00176c 1a104737 lui              x14, 0x1a104000     x14=1a104000
            18906500           18891 1c001770 00a767a3 p.sw             x10, x0(x14)        x10:0000002c x14:1a104000  PA:1a104118
            18910500           18895 1c001774 00008067 jalr             x0, x1, 0            x1:1c001bca
            18911500           18896 1c001bca 16a0006f jal              x0, 362            
            18913500           18898 1c001d34 00900633 add              x12, x0, x9         x12=1c002340  x9:1c002340
            18914500           18899 1c001d36 e69ff06f jal              x0, -408           
            18917500           18902 1c001b9e 00064583 lbu              x11, 0(x12)         x11=00000020 x12:1c002340  PA:1c002340
            18933500           18918 1c001ba2 00160493 addi             x9, x12, 1           x9=1c002341 x12:1c002340
            18934500           18919 1c001ba6 00059e63 bne              x11, x0, 28         x11:00000020
            18937500           18922 1c001bc2 01458563 beq              x11, x20, 10        x11:00000020 x20:00000025
            18938500           18923 1c001bc6 01200533 add              x10, x0, x18        x10=00000000 x18:00000000
            18939500           18924 1c001bc8 000980e7 jalr             x1, x19, 0           x1=1c001bca x19:1c001776
            18941500           18926 1c001776 00b00533 add              x10, x0, x11        x10=00000020 x11:00000020
            18942500           18927 1c001778 fddff06f jal              x0, -36            
            18944500           18929 1c001754 000026b7 lui              x13, 0x2000         x13=00002000
            18945500           18930 1c001756 f14027f3 csrrs            x15, x0, 0xf14      x15=00000043
            18946500           18931 1c00175a f8068693 addi             x13, x13, -128      x13=00001f80 x13:00002000
            18947500           18932 1c00175e 00379713 slli             x14, x15, 0x3       x14=00000218 x15:00000043
            18948500           18933 1c001762 00279793 slli             x15, x15, 0x2       x15=0000010c x15:00000043
            18949500           18934 1c001764 ee873733 p.bclr           x14, x14, 23, 8     x14=00000018 x14:00000218
            18950500           18935 1c001768 00d7f7b3 and              x15, x15, x13       x15=00000100 x15:0000010c x13:00001f80
            18951500           18936 1c00176a 00e787b3 add              x15, x15, x14       x15=00000118 x15:00000100 x14:00000018
            18952500           18937 1c00176c 1a104737 lui              x14, 0x1a104000     x14=1a104000
            18953500           18938 1c001770 00a767a3 p.sw             x10, x0(x14)        x10:00000020 x14:1a104000  PA:1a104118
            18957500           18942 1c001774 00008067 jalr             x0, x1, 0            x1:1c001bca
            18958500           18943 1c001bca 16a0006f jal              x0, 362            
            18960500           18945 1c001d34 00900633 add              x12, x0, x9         x12=1c002341  x9:1c002341
            18961500           18946 1c001d36 e69ff06f jal              x0, -408           
            18964500           18949 1c001b9e 00064583 lbu              x11, 0(x12)         x11=00000049 x12:1c002341  PA:1c002341
            18982500           18967 1c001ba2 00160493 addi             x9, x12, 1           x9=1c002342 x12:1c002341
            18983500           18968 1c001ba6 00059e63 bne              x11, x0, 28         x11:00000049
            18986500           18971 1c001bc2 01458563 beq              x11, x20, 10        x11:00000049 x20:00000025
            18987500           18972 1c001bc6 01200533 add              x10, x0, x18        x10=00000000 x18:00000000
            18988500           18973 1c001bc8 000980e7 jalr             x1, x19, 0           x1=1c001bca x19:1c001776
            18990500           18975 1c001776 00b00533 add              x10, x0, x11        x10=00000049 x11:00000049
            18991500           18976 1c001778 fddff06f jal              x0, -36            
            18993500           18978 1c001754 000026b7 lui              x13, 0x2000         x13=00002000
            18994500           18979 1c001756 f14027f3 csrrs            x15, x0, 0xf14      x15=00000043
            18995500           18980 1c00175a f8068693 addi             x13, x13, -128      x13=00001f80 x13:00002000
            18996500           18981 1c00175e 00379713 slli             x14, x15, 0x3       x14=00000218 x15:00000043
            18997500           18982 1c001762 00279793 slli             x15, x15, 0x2       x15=0000010c x15:00000043
            18998500           18983 1c001764 ee873733 p.bclr           x14, x14, 23, 8     x14=00000018 x14:00000218
            18999500           18984 1c001768 00d7f7b3 and              x15, x15, x13       x15=00000100 x15:0000010c x13:00001f80
            19000500           18985 1c00176a 00e787b3 add              x15, x15, x14       x15=00000118 x15:00000100 x14:00000018
            19001500           18986 1c00176c 1a104737 lui              x14, 0x1a104000     x14=1a104000
            19002500           18987 1c001770 00a767a3 p.sw             x10, x0(x14)        x10:00000049 x14:1a104000  PA:1a104118
            19006500           18991 1c001774 00008067 jalr             x0, x1, 0            x1:1c001bca
            19007500           18992 1c001bca 16a0006f jal              x0, 362            
            19009500           18994 1c001d34 00900633 add              x12, x0, x9         x12=1c002342  x9:1c002342
            19010500           18995 1c001d36 e69ff06f jal              x0, -408           
            19013500           18998 1c001b9e 00064583 lbu              x11, 0(x12)         x11=00000027 x12:1c002342  PA:1c002342
            19028500           19013 1c001ba2 00160493 addi             x9, x12, 1           x9=1c002343 x12:1c002342
            19029500           19014 1c001ba6 00059e63 bne              x11, x0, 28         x11:00000027
            19032500           19017 1c001bc2 01458563 beq              x11, x20, 10        x11:00000027 x20:00000025
            19033500           19018 1c001bc6 01200533 add              x10, x0, x18        x10=00000000 x18:00000000
            19034500           19019 1c001bc8 000980e7 jalr             x1, x19, 0           x1=1c001bca x19:1c001776
            19036500           19021 1c001776 00b00533 add              x10, x0, x11        x10=00000027 x11:00000027
            19037500           19022 1c001778 fddff06f jal              x0, -36            
            19039500           19024 1c001754 000026b7 lui              x13, 0x2000         x13=00002000
            19040500           19025 1c001756 f14027f3 csrrs            x15, x0, 0xf14      x15=00000043
            19041500           19026 1c00175a f8068693 addi             x13, x13, -128      x13=00001f80 x13:00002000
            19042500           19027 1c00175e 00379713 slli             x14, x15, 0x3       x14=00000218 x15:00000043
            19043500           19028 1c001762 00279793 slli             x15, x15, 0x2       x15=0000010c x15:00000043
            19044500           19029 1c001764 ee873733 p.bclr           x14, x14, 23, 8     x14=00000018 x14:00000218
            19045500           19030 1c001768 00d7f7b3 and              x15, x15, x13       x15=00000100 x15:0000010c x13:00001f80
            19046500           19031 1c00176a 00e787b3 add              x15, x15, x14       x15=00000118 x15:00000100 x14:00000018
            19047500           19032 1c00176c 1a104737 lui              x14, 0x1a104000     x14=1a104000
            19048500           19033 1c001770 00a767a3 p.sw             x10, x0(x14)        x10:00000027 x14:1a104000  PA:1a104118
            19052500           19037 1c001774 00008067 jalr             x0, x1, 0            x1:1c001bca
            19053500           19038 1c001bca 16a0006f jal              x0, 362            
            19055500           19040 1c001d34 00900633 add              x12, x0, x9         x12=1c002343  x9:1c002343
            19056500           19041 1c001d36 e69ff06f jal              x0, -408           
            19059500           19044 1c001b9e 00064583 lbu              x11, 0(x12)         x11=0000006d x12:1c002343  PA:1c002343
            19077500           19062 1c001ba2 00160493 addi             x9, x12, 1           x9=1c002344 x12:1c002343
            19078500           19063 1c001ba6 00059e63 bne              x11, x0, 28         x11:0000006d
            19081500           19066 1c001bc2 01458563 beq              x11, x20, 10        x11:0000006d x20:00000025
            19082500           19067 1c001bc6 01200533 add              x10, x0, x18        x10=00000000 x18:00000000
            19083500           19068 1c001bc8 000980e7 jalr             x1, x19, 0           x1=1c001bca x19:1c001776
            19085500           19070 1c001776 00b00533 add              x10, x0, x11        x10=0000006d x11:0000006d
            19086500           19071 1c001778 fddff06f jal              x0, -36            
            19088500           19073 1c001754 000026b7 lui              x13, 0x2000         x13=00002000
            19089500           19074 1c001756 f14027f3 csrrs            x15, x0, 0xf14      x15=00000043
            19090500           19075 1c00175a f8068693 addi             x13, x13, -128      x13=00001f80 x13:00002000
            19091500           19076 1c00175e 00379713 slli             x14, x15, 0x3       x14=00000218 x15:00000043
            19092500           19077 1c001762 00279793 slli             x15, x15, 0x2       x15=0000010c x15:00000043
            19093500           19078 1c001764 ee873733 p.bclr           x14, x14, 23, 8     x14=00000018 x14:00000218
            19094500           19079 1c001768 00d7f7b3 and              x15, x15, x13       x15=00000100 x15:0000010c x13:00001f80
            19095500           19080 1c00176a 00e787b3 add              x15, x15, x14       x15=00000118 x15:00000100 x14:00000018
            19096500           19081 1c00176c 1a104737 lui              x14, 0x1a104000     x14=1a104000
            19097500           19082 1c001770 00a767a3 p.sw             x10, x0(x14)        x10:0000006d x14:1a104000  PA:1a104118
            19101500           19086 1c001774 00008067 jalr             x0, x1, 0            x1:1c001bca
            19102500           19087 1c001bca 16a0006f jal              x0, 362            
            19104500           19089 1c001d34 00900633 add              x12, x0, x9         x12=1c002344  x9:1c002344
            19105500           19090 1c001d36 e69ff06f jal              x0, -408           
            19108500           19093 1c001b9e 00064583 lbu              x11, 0(x12)         x11=00000020 x12:1c002344  PA:1c002344
            19123500           19108 1c001ba2 00160493 addi             x9, x12, 1           x9=1c002345 x12:1c002344
            19124500           19109 1c001ba6 00059e63 bne              x11, x0, 28         x11:00000020
            19127500           19112 1c001bc2 01458563 beq              x11, x20, 10        x11:00000020 x20:00000025
            19128500           19113 1c001bc6 01200533 add              x10, x0, x18        x10=00000000 x18:00000000
            19129500           19114 1c001bc8 000980e7 jalr             x1, x19, 0           x1=1c001bca x19:1c001776
            19131500           19116 1c001776 00b00533 add              x10, x0, x11        x10=00000020 x11:00000020
            19132500           19117 1c001778 fddff06f jal              x0, -36            
            19134500           19119 1c001754 000026b7 lui              x13, 0x2000         x13=00002000
            19135500           19120 1c001756 f14027f3 csrrs            x15, x0, 0xf14      x15=00000043
            19136500           19121 1c00175a f8068693 addi             x13, x13, -128      x13=00001f80 x13:00002000
            19137500           19122 1c00175e 00379713 slli             x14, x15, 0x3       x14=00000218 x15:00000043
            19138500           19123 1c001762 00279793 slli             x15, x15, 0x2       x15=0000010c x15:00000043
            19139500           19124 1c001764 ee873733 p.bclr           x14, x14, 23, 8     x14=00000018 x14:00000218
            19140500           19125 1c001768 00d7f7b3 and              x15, x15, x13       x15=00000100 x15:0000010c x13:00001f80
            19141500           19126 1c00176a 00e787b3 add              x15, x15, x14       x15=00000118 x15:00000100 x14:00000018
            19142500           19127 1c00176c 1a104737 lui              x14, 0x1a104000     x14=1a104000
            19143500           19128 1c001770 00a767a3 p.sw             x10, x0(x14)        x10:00000020 x14:1a104000  PA:1a104118
            19147500           19132 1c001774 00008067 jalr             x0, x1, 0            x1:1c001bca
            19148500           19133 1c001bca 16a0006f jal              x0, 362            
            19150500           19135 1c001d34 00900633 add              x12, x0, x9         x12=1c002345  x9:1c002345
            19151500           19136 1c001d36 e69ff06f jal              x0, -408           
            19154500           19139 1c001b9e 00064583 lbu              x11, 0(x12)         x11=00000063 x12:1c002345  PA:1c002345
            19169500           19154 1c001ba2 00160493 addi             x9, x12, 1           x9=1c002346 x12:1c002345
            19170500           19155 1c001ba6 00059e63 bne              x11, x0, 28         x11:00000063
            19173500           19158 1c001bc2 01458563 beq              x11, x20, 10        x11:00000063 x20:00000025
            19174500           19159 1c001bc6 01200533 add              x10, x0, x18        x10=00000000 x18:00000000
            19175500           19160 1c001bc8 000980e7 jalr             x1, x19, 0           x1=1c001bca x19:1c001776
            19177500           19162 1c001776 00b00533 add              x10, x0, x11        x10=00000063 x11:00000063
            19178500           19163 1c001778 fddff06f jal              x0, -36            
            19180500           19165 1c001754 000026b7 lui              x13, 0x2000         x13=00002000
            19181500           19166 1c001756 f14027f3 csrrs            x15, x0, 0xf14      x15=00000043
            19182500           19167 1c00175a f8068693 addi             x13, x13, -128      x13=00001f80 x13:00002000
            19183500           19168 1c00175e 00379713 slli             x14, x15, 0x3       x14=00000218 x15:00000043
            19184500           19169 1c001762 00279793 slli             x15, x15, 0x2       x15=0000010c x15:00000043
            19185500           19170 1c001764 ee873733 p.bclr           x14, x14, 23, 8     x14=00000018 x14:00000218
            19186500           19171 1c001768 00d7f7b3 and              x15, x15, x13       x15=00000100 x15:0000010c x13:00001f80
            19187500           19172 1c00176a 00e787b3 add              x15, x15, x14       x15=00000118 x15:00000100 x14:00000018
            19188500           19173 1c00176c 1a104737 lui              x14, 0x1a104000     x14=1a104000
            19189500           19174 1c001770 00a767a3 p.sw             x10, x0(x14)        x10:00000063 x14:1a104000  PA:1a104118
            19193500           19178 1c001774 00008067 jalr             x0, x1, 0            x1:1c001bca
            19194500           19179 1c001bca 16a0006f jal              x0, 362            
            19196500           19181 1c001d34 00900633 add              x12, x0, x9         x12=1c002346  x9:1c002346
            19197500           19182 1c001d36 e69ff06f jal              x0, -408           
            19200500           19185 1c001b9e 00064583 lbu              x11, 0(x12)         x11=0000006f x12:1c002346  PA:1c002346
            19220500           19205 1c001ba2 00160493 addi             x9, x12, 1           x9=1c002347 x12:1c002346
            19221500           19206 1c001ba6 00059e63 bne              x11, x0, 28         x11:0000006f
            19224500           19209 1c001bc2 01458563 beq              x11, x20, 10        x11:0000006f x20:00000025
            19225500           19210 1c001bc6 01200533 add              x10, x0, x18        x10=00000000 x18:00000000
            19226500           19211 1c001bc8 000980e7 jalr             x1, x19, 0           x1=1c001bca x19:1c001776
            19228500           19213 1c001776 00b00533 add              x10, x0, x11        x10=0000006f x11:0000006f
            19229500           19214 1c001778 fddff06f jal              x0, -36            
            19231500           19216 1c001754 000026b7 lui              x13, 0x2000         x13=00002000
            19232500           19217 1c001756 f14027f3 csrrs            x15, x0, 0xf14      x15=00000043
            19233500           19218 1c00175a f8068693 addi             x13, x13, -128      x13=00001f80 x13:00002000
            19234500           19219 1c00175e 00379713 slli             x14, x15, 0x3       x14=00000218 x15:00000043
            19235500           19220 1c001762 00279793 slli             x15, x15, 0x2       x15=0000010c x15:00000043
            19236500           19221 1c001764 ee873733 p.bclr           x14, x14, 23, 8     x14=00000018 x14:00000218
            19237500           19222 1c001768 00d7f7b3 and              x15, x15, x13       x15=00000100 x15:0000010c x13:00001f80
            19238500           19223 1c00176a 00e787b3 add              x15, x15, x14       x15=00000118 x15:00000100 x14:00000018
            19239500           19224 1c00176c 1a104737 lui              x14, 0x1a104000     x14=1a104000
            19240500           19225 1c001770 00a767a3 p.sw             x10, x0(x14)        x10:0000006f x14:1a104000  PA:1a104118
            19244500           19229 1c001774 00008067 jalr             x0, x1, 0            x1:1c001bca
            19245500           19230 1c001bca 16a0006f jal              x0, 362            
            19247500           19232 1c001d34 00900633 add              x12, x0, x9         x12=1c002347  x9:1c002347
            19248500           19233 1c001d36 e69ff06f jal              x0, -408           
            19251500           19236 1c001b9e 00064583 lbu              x11, 0(x12)         x11=00000072 x12:1c002347  PA:1c002347
            19266500           19251 1c001ba2 00160493 addi             x9, x12, 1           x9=1c002348 x12:1c002347
            19267500           19252 1c001ba6 00059e63 bne              x11, x0, 28         x11:00000072
            19270500           19255 1c001bc2 01458563 beq              x11, x20, 10        x11:00000072 x20:00000025
            19271500           19256 1c001bc6 01200533 add              x10, x0, x18        x10=00000000 x18:00000000
            19272500           19257 1c001bc8 000980e7 jalr             x1, x19, 0           x1=1c001bca x19:1c001776
            19274500           19259 1c001776 00b00533 add              x10, x0, x11        x10=00000072 x11:00000072
            19275500           19260 1c001778 fddff06f jal              x0, -36            
            19277500           19262 1c001754 000026b7 lui              x13, 0x2000         x13=00002000
            19278500           19263 1c001756 f14027f3 csrrs            x15, x0, 0xf14      x15=00000043
            19279500           19264 1c00175a f8068693 addi             x13, x13, -128      x13=00001f80 x13:00002000
            19280500           19265 1c00175e 00379713 slli             x14, x15, 0x3       x14=00000218 x15:00000043
            19281500           19266 1c001762 00279793 slli             x15, x15, 0x2       x15=0000010c x15:00000043
            19282500           19267 1c001764 ee873733 p.bclr           x14, x14, 23, 8     x14=00000018 x14:00000218
            19283500           19268 1c001768 00d7f7b3 and              x15, x15, x13       x15=00000100 x15:0000010c x13:00001f80
            19284500           19269 1c00176a 00e787b3 add              x15, x15, x14       x15=00000118 x15:00000100 x14:00000018
            19285500           19270 1c00176c 1a104737 lui              x14, 0x1a104000     x14=1a104000
            19286500           19271 1c001770 00a767a3 p.sw             x10, x0(x14)        x10:00000072 x14:1a104000  PA:1a104118
            19290500           19275 1c001774 00008067 jalr             x0, x1, 0            x1:1c001bca
            19291500           19276 1c001bca 16a0006f jal              x0, 362            
            19293500           19278 1c001d34 00900633 add              x12, x0, x9         x12=1c002348  x9:1c002348
            19294500           19279 1c001d36 e69ff06f jal              x0, -408           
            19297500           19282 1c001b9e 00064583 lbu              x11, 0(x12)         x11=00000065 x12:1c002348  PA:1c002348
            19312500           19297 1c001ba2 00160493 addi             x9, x12, 1           x9=1c002349 x12:1c002348
            19313500           19298 1c001ba6 00059e63 bne              x11, x0, 28         x11:00000065
            19316500           19301 1c001bc2 01458563 beq              x11, x20, 10        x11:00000065 x20:00000025
            19317500           19302 1c001bc6 01200533 add              x10, x0, x18        x10=00000000 x18:00000000
            19318500           19303 1c001bc8 000980e7 jalr             x1, x19, 0           x1=1c001bca x19:1c001776
            19320500           19305 1c001776 00b00533 add              x10, x0, x11        x10=00000065 x11:00000065
            19321500           19306 1c001778 fddff06f jal              x0, -36            
            19323500           19308 1c001754 000026b7 lui              x13, 0x2000         x13=00002000
            19324500           19309 1c001756 f14027f3 csrrs            x15, x0, 0xf14      x15=00000043
            19325500           19310 1c00175a f8068693 addi             x13, x13, -128      x13=00001f80 x13:00002000
            19326500           19311 1c00175e 00379713 slli             x14, x15, 0x3       x14=00000218 x15:00000043
            19327500           19312 1c001762 00279793 slli             x15, x15, 0x2       x15=0000010c x15:00000043
            19328500           19313 1c001764 ee873733 p.bclr           x14, x14, 23, 8     x14=00000018 x14:00000218
            19329500           19314 1c001768 00d7f7b3 and              x15, x15, x13       x15=00000100 x15:0000010c x13:00001f80
            19330500           19315 1c00176a 00e787b3 add              x15, x15, x14       x15=00000118 x15:00000100 x14:00000018
            19331500           19316 1c00176c 1a104737 lui              x14, 0x1a104000     x14=1a104000
            19332500           19317 1c001770 00a767a3 p.sw             x10, x0(x14)        x10:00000065 x14:1a104000  PA:1a104118
            19336500           19321 1c001774 00008067 jalr             x0, x1, 0            x1:1c001bca
            19337500           19322 1c001bca 16a0006f jal              x0, 362            
            19339500           19324 1c001d34 00900633 add              x12, x0, x9         x12=1c002349  x9:1c002349
            19340500           19325 1c001d36 e69ff06f jal              x0, -408           
            19343500           19328 1c001b9e 00064583 lbu              x11, 0(x12)         x11=00000020 x12:1c002349  PA:1c002349
            19366500           19351 1c001ba2 00160493 addi             x9, x12, 1           x9=1c00234a x12:1c002349
            19367500           19352 1c001ba6 00059e63 bne              x11, x0, 28         x11:00000020
            19370500           19355 1c001bc2 01458563 beq              x11, x20, 10        x11:00000020 x20:00000025
            19371500           19356 1c001bc6 01200533 add              x10, x0, x18        x10=00000000 x18:00000000
            19372500           19357 1c001bc8 000980e7 jalr             x1, x19, 0           x1=1c001bca x19:1c001776
            19374500           19359 1c001776 00b00533 add              x10, x0, x11        x10=00000020 x11:00000020
            19375500           19360 1c001778 fddff06f jal              x0, -36            
            19377500           19362 1c001754 000026b7 lui              x13, 0x2000         x13=00002000
            19378500           19363 1c001756 f14027f3 csrrs            x15, x0, 0xf14      x15=00000043
            19379500           19364 1c00175a f8068693 addi             x13, x13, -128      x13=00001f80 x13:00002000
            19380500           19365 1c00175e 00379713 slli             x14, x15, 0x3       x14=00000218 x15:00000043
            19381500           19366 1c001762 00279793 slli             x15, x15, 0x2       x15=0000010c x15:00000043
            19382500           19367 1c001764 ee873733 p.bclr           x14, x14, 23, 8     x14=00000018 x14:00000218
            19383500           19368 1c001768 00d7f7b3 and              x15, x15, x13       x15=00000100 x15:0000010c x13:00001f80
            19384500           19369 1c00176a 00e787b3 add              x15, x15, x14       x15=00000118 x15:00000100 x14:00000018
            19385500           19370 1c00176c 1a104737 lui              x14, 0x1a104000     x14=1a104000
            19386500           19371 1c001770 00a767a3 p.sw             x10, x0(x14)        x10:00000020 x14:1a104000  PA:1a104118
            19390500           19375 1c001774 00008067 jalr             x0, x1, 0            x1:1c001bca
            19391500           19376 1c001bca 16a0006f jal              x0, 362            
            19393500           19378 1c001d34 00900633 add              x12, x0, x9         x12=1c00234a  x9:1c00234a
            19394500           19379 1c001d36 e69ff06f jal              x0, -408           
            19397500           19382 1c001b9e 00064583 lbu              x11, 0(x12)         x11=00000028 x12:1c00234a  PA:1c00234a
            19416500           19401 1c001ba2 00160493 addi             x9, x12, 1           x9=1c00234b x12:1c00234a
            19417500           19402 1c001ba6 00059e63 bne              x11, x0, 28         x11:00000028
            19420500           19405 1c001bc2 01458563 beq              x11, x20, 10        x11:00000028 x20:00000025
            19421500           19406 1c001bc6 01200533 add              x10, x0, x18        x10=00000000 x18:00000000
            19422500           19407 1c001bc8 000980e7 jalr             x1, x19, 0           x1=1c001bca x19:1c001776
            19424500           19409 1c001776 00b00533 add              x10, x0, x11        x10=00000028 x11:00000028
            19425500           19410 1c001778 fddff06f jal              x0, -36            
            19427500           19412 1c001754 000026b7 lui              x13, 0x2000         x13=00002000
            19428500           19413 1c001756 f14027f3 csrrs            x15, x0, 0xf14      x15=00000043
            19429500           19414 1c00175a f8068693 addi             x13, x13, -128      x13=00001f80 x13:00002000
            19430500           19415 1c00175e 00379713 slli             x14, x15, 0x3       x14=00000218 x15:00000043
            19431500           19416 1c001762 00279793 slli             x15, x15, 0x2       x15=0000010c x15:00000043
            19432500           19417 1c001764 ee873733 p.bclr           x14, x14, 23, 8     x14=00000018 x14:00000218
            19433500           19418 1c001768 00d7f7b3 and              x15, x15, x13       x15=00000100 x15:0000010c x13:00001f80
            19434500           19419 1c00176a 00e787b3 add              x15, x15, x14       x15=00000118 x15:00000100 x14:00000018
            19435500           19420 1c00176c 1a104737 lui              x14, 0x1a104000     x14=1a104000
            19436500           19421 1c001770 00a767a3 p.sw             x10, x0(x14)        x10:00000028 x14:1a104000  PA:1a104118
            19440500           19425 1c001774 00008067 jalr             x0, x1, 0            x1:1c001bca
            19441500           19426 1c001bca 16a0006f jal              x0, 362            
            19443500           19428 1c001d34 00900633 add              x12, x0, x9         x12=1c00234b  x9:1c00234b
            19444500           19429 1c001d36 e69ff06f jal              x0, -408           
            19447500           19432 1c001b9e 00064583 lbu              x11, 0(x12)         x11=00000025 x12:1c00234b  PA:1c00234b
            19466500           19451 1c001ba2 00160493 addi             x9, x12, 1           x9=1c00234c x12:1c00234b
            19467500           19452 1c001ba6 00059e63 bne              x11, x0, 28         x11:00000025
            19470500           19455 1c001bc2 01458563 beq              x11, x20, 10        x11:00000025 x20:00000025
            19473500           19458 1c001bcc 00414783 lbu              x15, 4(x2)          x15=000000xx  x2:108fef60  PA:108fef64
            19488500           19473 1c001bd0 00012423 sw               x0, 8(x2)            x2:108fef60  PA:108fef68
            19490500           19475 1c001bd2 00010623 sb               x0, 12(x2)           x2:108fef60  PA:108fef6c
            19491500           19476 1c001bd6 c00027b3 p.insert         x15, x0, 0, 0       x15=000000xX x15:000000xx
            19492500           19477 1c001bda c01027b3 p.insert         x15, x0, 0, 1       x15=000000xX x15:000000xX
            19513500           19498 1c001bde c03027b3 p.insert         x15, x0, 0, 3       x15=000000xX x15:000000xX
            19514500           19499 1c001be2 00f10223 sb               x15, 4(x2)          x15:000000xX  x2:108fef60  PA:108fef64
            19517500           19502 1c001be6 00000713 addi             x14, x0, 0          x14=00000000
            19518500           19503 1c001be8 00000613 addi             x12, x0, 0          x12=00000000
            19519500           19504 1c001bea 00000693 addi             x13, x0, 0          x13=00000000
            19520500           19505 1c001bec 00000513 addi             x10, x0, 0          x10=00000000
            19521500           19506 1c001bee 00000593 addi             x11, x0, 0          x11=00000000
            19536500           19521 1c001bf0 03000813 addi             x16, x0, 48         x16=00000030
            19537500           19522 1c001bf4 02300893 addi             x17, x0, 35         x17=00000023
            19538500           19523 1c001bf8 0004c783 lbu              x15, 0(x9)          x15=00000069  x9:1c00234c  PA:1c00234c
            19561500           19546 1c001bfc 00148c13 addi             x24, x9, 1          x24=1c00234d  x9:1c00234c
            19562500           19547 1c001c00 04079163 bne              x15, x0, 66         x15:00000069
            19586500           19571 1c001c42 01778c63 beq              x15, x23, 24        x15:00000069 x23:0000002d
            19587500           19572 1c001c46 01078663 beq              x15, x16, 12        x15:00000069 x16:00000030
            19588500           19573 1c001c4a fb179ce3 bne              x15, x17, -72       x15:00000069 x17:00000023
            19611500           19596 1c001c02 00050763 beq              x10, x0, 14         x10:00000000
            19630500           19615 1c001c10 00060763 beq              x12, x0, 14         x12:00000000
            19633500           19618 1c001c1e 00070763 beq              x14, x0, 14         x14:00000000
            19656500           19641 1c001c2c fd078713 addi             x14, x15, -48       x14=00000039 x15:00000069
            19674500           19659 1c001c30 0ff77713 andi             x14, x14, 255       x14=00000039 x14:00000039
            19675500           19660 1c001c34 00900693 addi             x13, x0, 9          x13=00000009
            19676500           19661 1c001c36 04e6eb63 bltu             x13, x14, 86        x13:00000009 x14:00000039
            19696500           19681 1c001c8c 02e00713 addi             x14, x0, 46         x14=0000002e
            19714500           19699 1c001c90 02e79163 bne              x15, x14, 34        x15:00000069 x14:0000002e
            19733500           19718 1c001cb2 07a00713 addi             x14, x0, 122        x14=0000007a
            19734500           19719 1c001cb6 04e79263 bne              x15, x14, 68        x15:00000069 x14:0000007a
            19774500           19759 1c001cfa 06c00713 addi             x14, x0, 108        x14=0000006c
            19793500           19778 1c001cfe 20e79463 bne              x15, x14, 520       x15:00000069 x14:0000006c
            19816500           19801 1c001f06 06900713 addi             x14, x0, 105        x14=00000069
            19817500           19802 1c001f0a 02e78a63 beq              x15, x14, 52        x15:00000069 x14:00000069
            19856500           19841 1c001f3e 018004b3 add              x9, x0, x24          x9=1c00234d x24:1c00234d
            19880500           19865 1c001f40 00000793 addi             x15, x0, 0          x15=00000000
            19881500           19866 1c001f42 e09ff06f jal              x0, -504           
            19901500           19886 1c001d4a 00a00713 addi             x14, x0, 10         x14=0000000a
            19902500           19887 1c001d4c 00e12823 sw               x14, 16(x2)         x14:0000000a  x2:108fef60  PA:108fef70
            19921500           19906 1c001d4e 0e27b363 p.bneimm         x15, 230            x15:00000000
            19943500           19928 1c001e34 00440c13 addi             x24, x8, 4          x24=108fefe8  x8:108fefe4
            19944500           19929 1c001e38 00042503 lw               x10, 0(x8)          x10=00000002  x8:108fefe4  PA:108fefe4
            19946500           19931 1c001e3a 0017bd63 p.bneimm         x15, 26             x15:00000000
            19984500           19969 1c001e54 00055863 bge              x10, x0, 16         x10:00000002
            20003500           19988 1c001e64 00410593 addi             x11, x2, 4          x11=108fef64  x2:108fef60
            20004500           19989 1c001e66 b99ff0ef jal              x1, -1128            x1=1c001e68
            20024500           20009 1c0019fe 0105a683 lw               x13, 16(x11)        x13=108fef78 x11:108fef64  PA:108fef74
            20041500           20026 1c001a00 00c5a703 lw               x14, 12(x11)        x14=0000000a x11:108fef64  PA:108fef70
            20044500           20029 1c001a02 00100793 addi             x15, x0, 1          x15=00000001
            20045500           20030 1c001a04 02f55633 divu             x12, x10, x15       x12=00000002 x10:00000002 x15:00000001
            20079500           20064 1c001a08 00e67863 bgeu             x12, x14, 16        x12:00000002 x14:0000000a
            20080500           20065 1c001a0c 00000613 addi             x12, x0, 0          x12=00000000
            20081500           20066 1c001a0e 00900313 addi             x6, x0, 9            x6=00000009
            20082500           20067 1c001a10 00079763 bne              x15, x0, 14         x15:00000001
            20085500           20070 1c001a1e 00c5a703 lw               x14, 12(x11)        x14=0000000a x11:108fef64  PA:108fef70
            20100500           20085 1c001a20 02f55833 divu             x16, x10, x15       x16=00000002 x10:00000002 x15:00000001
            20134500           20119 1c001a24 02f57533 remu             x10, x10, x15       x10=00000000 x10:00000002 x15:00000001
            20168500           20153 1c001a28 02e7d7b3 divu             x15, x15, x14       x15=00000000 x15:00000001 x14:0000000a
            20199500           20184 1c001a2c 00061763 bne              x12, x0, 14         x12:00000000
            20200500           20185 1c001a2e 01004663 blt              x0, x16, 12         x16:00000002
            20203500           20188 1c001a3a 03000713 addi             x14, x0, 48         x14=00000030
            20222500           20207 1c001a3e 01035c63 bge              x6, x16, 24          x6:00000009 x16:00000002
            20244500           20229 1c001a56 01070733 add              x14, x14, x16       x14=00000032 x14:00000030 x16:00000002
            20245500           20230 1c001a58 00e68023 sb               x14, 0(x13)         x14:00000032 x13:108fef78  PA:108fef78
            20248500           20233 1c001a5c 00160613 addi             x12, x12, 1         x12=00000001 x12:00000000
            20249500           20234 1c001a5e 00168693 addi             x13, x13, 1         x13=108fef79 x13:108fef78
            20263500           20248 1c001a60 fb1ff06f jal              x0, -80            
            20265500           20250 1c001a10 00079763 bne              x15, x0, 14         x15:00000000
            20266500           20251 1c001a12 00068023 sb               x0, 0(x13)          x13:108fef79  PA:108fef79
            20268500           20253 1c001a16 00008067 jalr             x0, x1, 0            x1:1c001e68
            20269500           20254 1c001e68 f17ff06f jal              x0, -234           
            20292500           20277 1c001d7e 00410613 addi             x12, x2, 4          x12=108fef64  x2:108fef60
            20310500           20295 1c001d80 013005b3 add              x11, x0, x19        x11=1c001776 x19:1c001776
            20311500           20296 1c001d82 01200533 add              x10, x0, x18        x10=00000000 x18:00000000
            20312500           20297 1c001d84 cdfff0ef jal              x1, -802             x1=1c001d86
            20314500           20299 1c001a62 fe010113 addi             x2, x2, -32          x2=108fef40  x2:108fef60
            20315500           20300 1c001a64 00812c23 sw               x8, 24(x2)           x8:108fefe4  x2:108fef40  PA:108fef58
            20320500           20305 1c001a66 01062783 lw               x15, 16(x12)        x15=108fef78 x12:108fef64  PA:108fef74
            20321500           20306 1c001a68 00462403 lw               x8, 4(x12)           x8=00000000 x12:108fef64  PA:108fef68
            20322500           20307 1c001a6a 00912a23 sw               x9, 20(x2)           x9:1c00234d  x2:108fef40  PA:108fef54
            20323500           20308 1c001a6c 01212823 sw               x18, 16(x2)         x18:00000000  x2:108fef40  PA:108fef50
            20324500           20309 1c001a6e 01312623 sw               x19, 12(x2)         x19:1c001776  x2:108fef40  PA:108fef4c
            20337500           20322 1c001a70 00112e23 sw               x1, 28(x2)           x1:1c001d86  x2:108fef40  PA:108fef5c
            20339500           20324 1c001a72 01412423 sw               x20, 8(x2)          x20:00000025  x2:108fef40  PA:108fef48
            20340500           20325 1c001a74 00a00933 add              x18, x0, x10        x18=00000000 x10:00000000
            20341500           20326 1c001a76 00b009b3 add              x19, x0, x11        x19=1c001776 x11:1c001776
            20342500           20327 1c001a78 00c004b3 add              x9, x0, x12          x9=108fef64 x12:108fef64
            20343500           20328 1c001a7a 0017c70b p.lbu            x14, 1(x15!)        x14=00000032 x15=108fef79 x15:108fef78  PA:108fef78
            20345500           20330 1c001a7e 00070363 beq              x14, x0, 6          x14:00000032
            20360500           20345 1c001a80 08804863 blt              x0, x8, 144          x8:00000000
            20361500           20346 1c001a84 0084c783 lbu              x15, 8(x9)          x15=00000000  x9:108fef64  PA:108fef6c
            20363500           20348 1c001a88 00078263 beq              x15, x0, 4          x15:00000000
            20366500           20351 1c001a8c 0004c783 lbu              x15, 0(x9)          x15=000000xX  x9:108fef64  PA:108fef64
            20384500           20369 1c001a90 0027f713 andi             x14, x15, 2         x14=00000000 x15:000000xX
            20385500           20370 1c001a94 00070663 beq              x14, x0, 12         x14:00000000
            20404500           20389 1c001aa0 0097f793 andi             x15, x15, 9         x15=00000000 x15:000000xX
            20405500           20390 1c001aa2 00800a33 add              x20, x0, x8         x20=00000000  x8:00000000
            20406500           20391 1c001aa4 08078163 beq              x15, x0, 130        x15:00000000
            20426500           20411 1c001b26 ff404be3 blt              x0, x20, -10        x20:00000000
            20427500           20412 1c001b2a fff40793 addi             x15, x8, -1         x15=ffffffff  x8:00000000
            20444500           20429 1c001b2e 04046433 p.max            x8, x8, x0           x8=00000000  x8:00000000
            20445500           20430 1c001b32 40878433 sub              x8, x15, x8          x8=ffffffff x15:ffffffff  x8:00000000
            20446500           20431 1c001b36 f71ff06f jal              x0, -144           
            20448500           20433 1c001aa6 0084c583 lbu              x11, 8(x9)          x11=00000000  x9:108fef64  PA:108fef6c
            20451500           20436 1c001aaa 00058363 beq              x11, x0, 6          x11:00000000
            20468500           20453 1c001ab0 0004c783 lbu              x15, 0(x9)          x15=000000xX  x9:108fef64  PA:108fef64
            20471500           20456 1c001ab4 0027f793 andi             x15, x15, 2         x15=00000000 x15:000000xX
            20472500           20457 1c001ab6 02078363 beq              x15, x0, 38         x15:00000000
            20490500           20475 1c001adc 0004c783 lbu              x15, 0(x9)          x15=000000xX  x9:108fef64  PA:108fef64
            20507500           20492 1c001ae0 00800a33 add              x20, x0, x8         x20=ffffffff  x8:ffffffff
            20508500           20493 1c001ae2 fc17b7b3 p.bclr           x15, x15, 30, 1     x15=00000000 x15:000000xX
            20509500           20494 1c001ae6 06079363 bne              x15, x0, 102        x15:00000000
            20510500           20495 1c001ae8 0104aa03 lw               x20, 16(x9)         x20=108fef78  x9:108fef64  PA:108fef74
            20513500           20498 1c001aec 001a458b p.lbu            x11, 1(x20!)        x11=00000032 x20=108fef79 x20:108fef78  PA:108fef78
            20528500           20513 1c001af0 06059763 bne              x11, x0, 110        x11:00000032
            20547500           20532 1c001b5e 01200533 add              x10, x0, x18        x10=00000000 x18:00000000
            20564500           20549 1c001b60 000980e7 jalr             x1, x19, 0           x1=1c001b62 x19:1c001776
            20566500           20551 1c001776 00b00533 add              x10, x0, x11        x10=00000032 x11:00000032
            20567500           20552 1c001778 fddff06f jal              x0, -36            
            20569500           20554 1c001754 000026b7 lui              x13, 0x2000         x13=00002000
            20570500           20555 1c001756 f14027f3 csrrs            x15, x0, 0xf14      x15=00000043
            20571500           20556 1c00175a f8068693 addi             x13, x13, -128      x13=00001f80 x13:00002000
            20572500           20557 1c00175e 00379713 slli             x14, x15, 0x3       x14=00000218 x15:00000043
            20573500           20558 1c001762 00279793 slli             x15, x15, 0x2       x15=0000010c x15:00000043
            20574500           20559 1c001764 ee873733 p.bclr           x14, x14, 23, 8     x14=00000018 x14:00000218
            20575500           20560 1c001768 00d7f7b3 and              x15, x15, x13       x15=00000100 x15:0000010c x13:00001f80
            20576500           20561 1c00176a 00e787b3 add              x15, x15, x14       x15=00000118 x15:00000100 x14:00000018
            20577500           20562 1c00176c 1a104737 lui              x14, 0x1a104000     x14=1a104000
            20578500           20563 1c001770 00a767a3 p.sw             x10, x0(x14)        x10:00000032 x14:1a104000  PA:1a104118
            20582500           20567 1c001774 00008067 jalr             x0, x1, 0            x1:1c001b62
            20583500           20568 1c001b62 f8bff06f jal              x0, -118           
            20585500           20570 1c001aec 001a458b p.lbu            x11, 1(x20!)        x11=00000000 x20=108fef7a x20:108fef79  PA:108fef79
            20588500           20573 1c001af0 06059763 bne              x11, x0, 110        x11:00000000
            20589500           20574 1c001af2 0004c783 lbu              x15, 0(x9)          x15=000000xX  x9:108fef64  PA:108fef64
            20591500           20576 1c001af6 0097f793 andi             x15, x15, 9         x15=00000000 x15:000000xX
            20592500           20577 1c001af8 0087b463 p.bneimm         x15, 8              x15:00000000
            20610500           20595 1c001b00 01c12083 lw               x1, 28(x2)           x1=1c001d86  x2:108fef40  PA:108fef5c
            20613500           20598 1c001b02 01812403 lw               x8, 24(x2)           x8=108fefe4  x2:108fef40  PA:108fef58
            20614500           20599 1c001b04 01412483 lw               x9, 20(x2)           x9=1c00234d  x2:108fef40  PA:108fef54
            20615500           20600 1c001b06 01012903 lw               x18, 16(x2)         x18=00000000  x2:108fef40  PA:108fef50
            20616500           20601 1c001b08 00c12983 lw               x19, 12(x2)         x19=1c001776  x2:108fef40  PA:108fef4c
            20617500           20602 1c001b0a 00812a03 lw               x20, 8(x2)          x20=00000025  x2:108fef40  PA:108fef48
            20618500           20603 1c001b0c 02010113 addi             x2, x2, 32           x2=108fef60  x2:108fef40
            20619500           20604 1c001b0e 00008067 jalr             x0, x1, 0            x1:1c001d86
            20636500           20621 1c001d86 01800433 add              x8, x0, x24          x8=108fefe8 x24:108fefe8
            20637500           20622 1c001d88 fadff06f jal              x0, -84            
            20639500           20624 1c001d34 00900633 add              x12, x0, x9         x12=1c00234d  x9:1c00234d
            20640500           20625 1c001d36 e69ff06f jal              x0, -408           
            20643500           20628 1c001b9e 00064583 lbu              x11, 0(x12)         x11=0000002c x12:1c00234d  PA:1c00234d
            20662500           20647 1c001ba2 00160493 addi             x9, x12, 1           x9=1c00234e x12:1c00234d
            20663500           20648 1c001ba6 00059e63 bne              x11, x0, 28         x11:0000002c
            20666500           20651 1c001bc2 01458563 beq              x11, x20, 10        x11:0000002c x20:00000025
            20667500           20652 1c001bc6 01200533 add              x10, x0, x18        x10=00000000 x18:00000000
            20668500           20653 1c001bc8 000980e7 jalr             x1, x19, 0           x1=1c001bca x19:1c001776
            20670500           20655 1c001776 00b00533 add              x10, x0, x11        x10=0000002c x11:0000002c
            20671500           20656 1c001778 fddff06f jal              x0, -36            
            20673500           20658 1c001754 000026b7 lui              x13, 0x2000         x13=00002000
            20674500           20659 1c001756 f14027f3 csrrs            x15, x0, 0xf14      x15=00000043
            20675500           20660 1c00175a f8068693 addi             x13, x13, -128      x13=00001f80 x13:00002000
            20676500           20661 1c00175e 00379713 slli             x14, x15, 0x3       x14=00000218 x15:00000043
            20677500           20662 1c001762 00279793 slli             x15, x15, 0x2       x15=0000010c x15:00000043
            20678500           20663 1c001764 ee873733 p.bclr           x14, x14, 23, 8     x14=00000018 x14:00000218
            20679500           20664 1c001768 00d7f7b3 and              x15, x15, x13       x15=00000100 x15:0000010c x13:00001f80
            20680500           20665 1c00176a 00e787b3 add              x15, x15, x14       x15=00000118 x15:00000100 x14:00000018
            20681500           20666 1c00176c 1a104737 lui              x14, 0x1a104000     x14=1a104000
            20682500           20667 1c001770 00a767a3 p.sw             x10, x0(x14)        x10:0000002c x14:1a104000  PA:1a104118
            20686500           20671 1c001774 00008067 jalr             x0, x1, 0            x1:1c001bca
            20687500           20672 1c001bca 16a0006f jal              x0, 362            
            20689500           20674 1c001d34 00900633 add              x12, x0, x9         x12=1c00234e  x9:1c00234e
            20690500           20675 1c001d36 e69ff06f jal              x0, -408           
            20693500           20678 1c001b9e 00064583 lbu              x11, 0(x12)         x11=00000020 x12:1c00234e  PA:1c00234e
            20707500           20692 1c001ba2 00160493 addi             x9, x12, 1           x9=1c00234f x12:1c00234e
            20708500           20693 1c001ba6 00059e63 bne              x11, x0, 28         x11:00000020
            20711500           20696 1c001bc2 01458563 beq              x11, x20, 10        x11:00000020 x20:00000025
            20712500           20697 1c001bc6 01200533 add              x10, x0, x18        x10=00000000 x18:00000000
            20713500           20698 1c001bc8 000980e7 jalr             x1, x19, 0           x1=1c001bca x19:1c001776
            20715500           20700 1c001776 00b00533 add              x10, x0, x11        x10=00000020 x11:00000020
            20716500           20701 1c001778 fddff06f jal              x0, -36            
            20718500           20703 1c001754 000026b7 lui              x13, 0x2000         x13=00002000
            20719500           20704 1c001756 f14027f3 csrrs            x15, x0, 0xf14      x15=00000043
            20720500           20705 1c00175a f8068693 addi             x13, x13, -128      x13=00001f80 x13:00002000
            20721500           20706 1c00175e 00379713 slli             x14, x15, 0x3       x14=00000218 x15:00000043
            20722500           20707 1c001762 00279793 slli             x15, x15, 0x2       x15=0000010c x15:00000043
            20723500           20708 1c001764 ee873733 p.bclr           x14, x14, 23, 8     x14=00000018 x14:00000218
            20724500           20709 1c001768 00d7f7b3 and              x15, x15, x13       x15=00000100 x15:0000010c x13:00001f80
            20725500           20710 1c00176a 00e787b3 add              x15, x15, x14       x15=00000118 x15:00000100 x14:00000018
            20726500           20711 1c00176c 1a104737 lui              x14, 0x1a104000     x14=1a104000
            20727500           20712 1c001770 00a767a3 p.sw             x10, x0(x14)        x10:00000020 x14:1a104000  PA:1a104118
            20731500           20716 1c001774 00008067 jalr             x0, x1, 0            x1:1c001bca
            20732500           20717 1c001bca 16a0006f jal              x0, 362            
            20734500           20719 1c001d34 00900633 add              x12, x0, x9         x12=1c00234f  x9:1c00234f
            20735500           20720 1c001d36 e69ff06f jal              x0, -408           
            20738500           20723 1c001b9e 00064583 lbu              x11, 0(x12)         x11=00000025 x12:1c00234f  PA:1c00234f
            20753500           20738 1c001ba2 00160493 addi             x9, x12, 1           x9=1c002350 x12:1c00234f
            20754500           20739 1c001ba6 00059e63 bne              x11, x0, 28         x11:00000025
            20757500           20742 1c001bc2 01458563 beq              x11, x20, 10        x11:00000025 x20:00000025
            20760500           20745 1c001bcc 00414783 lbu              x15, 4(x2)          x15=000000xX  x2:108fef60  PA:108fef64
            20761500           20746 1c001bd0 00012423 sw               x0, 8(x2)            x2:108fef60  PA:108fef68
            20762500           20747 1c001bd2 00010623 sb               x0, 12(x2)           x2:108fef60  PA:108fef6c
            20763500           20748 1c001bd6 c00027b3 p.insert         x15, x0, 0, 0       x15=000000xX x15:000000xX
            20764500           20749 1c001bda c01027b3 p.insert         x15, x0, 0, 1       x15=000000xX x15:000000xX
            20765500           20750 1c001bde c03027b3 p.insert         x15, x0, 0, 3       x15=000000xX x15:000000xX
            20766500           20751 1c001be2 00f10223 sb               x15, 4(x2)          x15:000000xX  x2:108fef60  PA:108fef64
            20767500           20752 1c001be6 00000713 addi             x14, x0, 0          x14=00000000
            20768500           20753 1c001be8 00000613 addi             x12, x0, 0          x12=00000000
            20769500           20754 1c001bea 00000693 addi             x13, x0, 0          x13=00000000
            20770500           20755 1c001bec 00000513 addi             x10, x0, 0          x10=00000000
            20771500           20756 1c001bee 00000593 addi             x11, x0, 0          x11=00000000
            20772500           20757 1c001bf0 03000813 addi             x16, x0, 48         x16=00000030
            20773500           20758 1c001bf4 02300893 addi             x17, x0, 35         x17=00000023
            20774500           20759 1c001bf8 0004c783 lbu              x15, 0(x9)          x15=00000069  x9:1c002350  PA:1c002350
            20791500           20776 1c001bfc 00148c13 addi             x24, x9, 1          x24=1c002351  x9:1c002350
            20792500           20777 1c001c00 04079163 bne              x15, x0, 66         x15:00000069
            20795500           20780 1c001c42 01778c63 beq              x15, x23, 24        x15:00000069 x23:0000002d
            20796500           20781 1c001c46 01078663 beq              x15, x16, 12        x15:00000069 x16:00000030
            20797500           20782 1c001c4a fb179ce3 bne              x15, x17, -72       x15:00000069 x17:00000023
            20800500           20785 1c001c02 00050763 beq              x10, x0, 14         x10:00000000
            20803500           20788 1c001c10 00060763 beq              x12, x0, 14         x12:00000000
            20806500           20791 1c001c1e 00070763 beq              x14, x0, 14         x14:00000000
            20809500           20794 1c001c2c fd078713 addi             x14, x15, -48       x14=00000039 x15:00000069
            20810500           20795 1c001c30 0ff77713 andi             x14, x14, 255       x14=00000039 x14:00000039
            20811500           20796 1c001c34 00900693 addi             x13, x0, 9          x13=00000009
            20812500           20797 1c001c36 04e6eb63 bltu             x13, x14, 86        x13:00000009 x14:00000039
            20815500           20800 1c001c8c 02e00713 addi             x14, x0, 46         x14=0000002e
            20816500           20801 1c001c90 02e79163 bne              x15, x14, 34        x15:00000069 x14:0000002e
            20819500           20804 1c001cb2 07a00713 addi             x14, x0, 122        x14=0000007a
            20820500           20805 1c001cb6 04e79263 bne              x15, x14, 68        x15:00000069 x14:0000007a
            20823500           20808 1c001cfa 06c00713 addi             x14, x0, 108        x14=0000006c
            20825500           20810 1c001cfe 20e79463 bne              x15, x14, 520       x15:00000069 x14:0000006c
            20828500           20813 1c001f06 06900713 addi             x14, x0, 105        x14=00000069
            20829500           20814 1c001f0a 02e78a63 beq              x15, x14, 52        x15:00000069 x14:00000069
            20832500           20817 1c001f3e 018004b3 add              x9, x0, x24          x9=1c002351 x24:1c002351
            20833500           20818 1c001f40 00000793 addi             x15, x0, 0          x15=00000000
            20834500           20819 1c001f42 e09ff06f jal              x0, -504           
            20836500           20821 1c001d4a 00a00713 addi             x14, x0, 10         x14=0000000a
            20837500           20822 1c001d4c 00e12823 sw               x14, 16(x2)         x14:0000000a  x2:108fef60  PA:108fef70
            20838500           20823 1c001d4e 0e27b363 p.bneimm         x15, 230            x15:00000000
            20841500           20826 1c001e34 00440c13 addi             x24, x8, 4          x24=108fefec  x8:108fefe8
            20842500           20827 1c001e38 00042503 lw               x10, 0(x8)          x10=00000003  x8:108fefe8  PA:108fefe8
            20843500           20828 1c001e3a 0017bd63 p.bneimm         x15, 26             x15:00000000
            20846500           20831 1c001e54 00055863 bge              x10, x0, 16         x10:00000003
            20849500           20834 1c001e64 00410593 addi             x11, x2, 4          x11=108fef64  x2:108fef60
            20850500           20835 1c001e66 b99ff0ef jal              x1, -1128            x1=1c001e68
            20852500           20837 1c0019fe 0105a683 lw               x13, 16(x11)        x13=108fef78 x11:108fef64  PA:108fef74
            20853500           20838 1c001a00 00c5a703 lw               x14, 12(x11)        x14=0000000a x11:108fef64  PA:108fef70
            20854500           20839 1c001a02 00100793 addi             x15, x0, 1          x15=00000001
            20855500           20840 1c001a04 02f55633 divu             x12, x10, x15       x12=00000003 x10:00000003 x15:00000001
            20889500           20874 1c001a08 00e67863 bgeu             x12, x14, 16        x12:00000003 x14:0000000a
            20890500           20875 1c001a0c 00000613 addi             x12, x0, 0          x12=00000000
            20891500           20876 1c001a0e 00900313 addi             x6, x0, 9            x6=00000009
            20892500           20877 1c001a10 00079763 bne              x15, x0, 14         x15:00000001
            20895500           20880 1c001a1e 00c5a703 lw               x14, 12(x11)        x14=0000000a x11:108fef64  PA:108fef70
            20896500           20881 1c001a20 02f55833 divu             x16, x10, x15       x16=00000003 x10:00000003 x15:00000001
            20930500           20915 1c001a24 02f57533 remu             x10, x10, x15       x10=00000000 x10:00000003 x15:00000001
            20964500           20949 1c001a28 02e7d7b3 divu             x15, x15, x14       x15=00000000 x15:00000001 x14:0000000a
            20995500           20980 1c001a2c 00061763 bne              x12, x0, 14         x12:00000000
            20996500           20981 1c001a2e 01004663 blt              x0, x16, 12         x16:00000003
            20999500           20984 1c001a3a 03000713 addi             x14, x0, 48         x14=00000030
            21001500           20986 1c001a3e 01035c63 bge              x6, x16, 24          x6:00000009 x16:00000003
            21004500           20989 1c001a56 01070733 add              x14, x14, x16       x14=00000033 x14:00000030 x16:00000003
            21005500           20990 1c001a58 00e68023 sb               x14, 0(x13)         x14:00000033 x13:108fef78  PA:108fef78
            21006500           20991 1c001a5c 00160613 addi             x12, x12, 1         x12=00000001 x12:00000000
            21007500           20992 1c001a5e 00168693 addi             x13, x13, 1         x13=108fef79 x13:108fef78
            21008500           20993 1c001a60 fb1ff06f jal              x0, -80            
            21010500           20995 1c001a10 00079763 bne              x15, x0, 14         x15:00000000
            21011500           20996 1c001a12 00068023 sb               x0, 0(x13)          x13:108fef79  PA:108fef79
            21012500           20997 1c001a16 00008067 jalr             x0, x1, 0            x1:1c001e68
            21014500           20999 1c001e68 f17ff06f jal              x0, -234           
            21016500           21001 1c001d7e 00410613 addi             x12, x2, 4          x12=108fef64  x2:108fef60
            21017500           21002 1c001d80 013005b3 add              x11, x0, x19        x11=1c001776 x19:1c001776
            21018500           21003 1c001d82 01200533 add              x10, x0, x18        x10=00000000 x18:00000000
            21019500           21004 1c001d84 cdfff0ef jal              x1, -802             x1=1c001d86
            21021500           21006 1c001a62 fe010113 addi             x2, x2, -32          x2=108fef40  x2:108fef60
            21022500           21007 1c001a64 00812c23 sw               x8, 24(x2)           x8:108fefe8  x2:108fef40  PA:108fef58
            21023500           21008 1c001a66 01062783 lw               x15, 16(x12)        x15=108fef78 x12:108fef64  PA:108fef74
            21024500           21009 1c001a68 00462403 lw               x8, 4(x12)           x8=00000000 x12:108fef64  PA:108fef68
            21025500           21010 1c001a6a 00912a23 sw               x9, 20(x2)           x9:1c002351  x2:108fef40  PA:108fef54
            21026500           21011 1c001a6c 01212823 sw               x18, 16(x2)         x18:00000000  x2:108fef40  PA:108fef50
            21027500           21012 1c001a6e 01312623 sw               x19, 12(x2)         x19:1c001776  x2:108fef40  PA:108fef4c
            21028500           21013 1c001a70 00112e23 sw               x1, 28(x2)           x1:1c001d86  x2:108fef40  PA:108fef5c
            21029500           21014 1c001a72 01412423 sw               x20, 8(x2)          x20:00000025  x2:108fef40  PA:108fef48
            21030500           21015 1c001a74 00a00933 add              x18, x0, x10        x18=00000000 x10:00000000
            21031500           21016 1c001a76 00b009b3 add              x19, x0, x11        x19=1c001776 x11:1c001776
            21032500           21017 1c001a78 00c004b3 add              x9, x0, x12          x9=108fef64 x12:108fef64
            21033500           21018 1c001a7a 0017c70b p.lbu            x14, 1(x15!)        x14=00000033 x15=108fef79 x15:108fef78  PA:108fef78
            21035500           21020 1c001a7e 00070363 beq              x14, x0, 6          x14:00000033
            21036500           21021 1c001a80 08804863 blt              x0, x8, 144          x8:00000000
            21037500           21022 1c001a84 0084c783 lbu              x15, 8(x9)          x15=00000000  x9:108fef64  PA:108fef6c
            21039500           21024 1c001a88 00078263 beq              x15, x0, 4          x15:00000000
            21042500           21027 1c001a8c 0004c783 lbu              x15, 0(x9)          x15=000000xX  x9:108fef64  PA:108fef64
            21044500           21029 1c001a90 0027f713 andi             x14, x15, 2         x14=00000000 x15:000000xX
            21045500           21030 1c001a94 00070663 beq              x14, x0, 12         x14:00000000
            21048500           21033 1c001aa0 0097f793 andi             x15, x15, 9         x15=00000000 x15:000000xX
            21049500           21034 1c001aa2 00800a33 add              x20, x0, x8         x20=00000000  x8:00000000
            21050500           21035 1c001aa4 08078163 beq              x15, x0, 130        x15:00000000
            21053500           21038 1c001b26 ff404be3 blt              x0, x20, -10        x20:00000000
            21054500           21039 1c001b2a fff40793 addi             x15, x8, -1         x15=ffffffff  x8:00000000
            21055500           21040 1c001b2e 04046433 p.max            x8, x8, x0           x8=00000000  x8:00000000
            21056500           21041 1c001b32 40878433 sub              x8, x15, x8          x8=ffffffff x15:ffffffff  x8:00000000
            21057500           21042 1c001b36 f71ff06f jal              x0, -144           
            21059500           21044 1c001aa6 0084c583 lbu              x11, 8(x9)          x11=00000000  x9:108fef64  PA:108fef6c
            21061500           21046 1c001aaa 00058363 beq              x11, x0, 6          x11:00000000
            21064500           21049 1c001ab0 0004c783 lbu              x15, 0(x9)          x15=000000xX  x9:108fef64  PA:108fef64
            21066500           21051 1c001ab4 0027f793 andi             x15, x15, 2         x15=00000000 x15:000000xX
            21067500           21052 1c001ab6 02078363 beq              x15, x0, 38         x15:00000000
            21070500           21055 1c001adc 0004c783 lbu              x15, 0(x9)          x15=000000xX  x9:108fef64  PA:108fef64
            21071500           21056 1c001ae0 00800a33 add              x20, x0, x8         x20=ffffffff  x8:ffffffff
            21072500           21057 1c001ae2 fc17b7b3 p.bclr           x15, x15, 30, 1     x15=00000000 x15:000000xX
            21073500           21058 1c001ae6 06079363 bne              x15, x0, 102        x15:00000000
            21074500           21059 1c001ae8 0104aa03 lw               x20, 16(x9)         x20=108fef78  x9:108fef64  PA:108fef74
            21076500           21061 1c001aec 001a458b p.lbu            x11, 1(x20!)        x11=00000033 x20=108fef79 x20:108fef78  PA:108fef78
            21078500           21063 1c001af0 06059763 bne              x11, x0, 110        x11:00000033
            21081500           21066 1c001b5e 01200533 add              x10, x0, x18        x10=00000000 x18:00000000
            21082500           21067 1c001b60 000980e7 jalr             x1, x19, 0           x1=1c001b62 x19:1c001776
            21084500           21069 1c001776 00b00533 add              x10, x0, x11        x10=00000033 x11:00000033
            21085500           21070 1c001778 fddff06f jal              x0, -36            
            21087500           21072 1c001754 000026b7 lui              x13, 0x2000         x13=00002000
            21088500           21073 1c001756 f14027f3 csrrs            x15, x0, 0xf14      x15=00000043
            21089500           21074 1c00175a f8068693 addi             x13, x13, -128      x13=00001f80 x13:00002000
            21090500           21075 1c00175e 00379713 slli             x14, x15, 0x3       x14=00000218 x15:00000043
            21091500           21076 1c001762 00279793 slli             x15, x15, 0x2       x15=0000010c x15:00000043
            21092500           21077 1c001764 ee873733 p.bclr           x14, x14, 23, 8     x14=00000018 x14:00000218
            21093500           21078 1c001768 00d7f7b3 and              x15, x15, x13       x15=00000100 x15:0000010c x13:00001f80
            21094500           21079 1c00176a 00e787b3 add              x15, x15, x14       x15=00000118 x15:00000100 x14:00000018
            21095500           21080 1c00176c 1a104737 lui              x14, 0x1a104000     x14=1a104000
            21096500           21081 1c001770 00a767a3 p.sw             x10, x0(x14)        x10:00000033 x14:1a104000  PA:1a104118
            21100500           21085 1c001774 00008067 jalr             x0, x1, 0            x1:1c001b62
            21101500           21086 1c001b62 f8bff06f jal              x0, -118           
            21103500           21088 1c001aec 001a458b p.lbu            x11, 1(x20!)        x11=00000000 x20=108fef7a x20:108fef79  PA:108fef79
            21105500           21090 1c001af0 06059763 bne              x11, x0, 110        x11:00000000
            21106500           21091 1c001af2 0004c783 lbu              x15, 0(x9)          x15=000000xX  x9:108fef64  PA:108fef64
            21108500           21093 1c001af6 0097f793 andi             x15, x15, 9         x15=00000000 x15:000000xX
            21109500           21094 1c001af8 0087b463 p.bneimm         x15, 8              x15:00000000
            21112500           21097 1c001b00 01c12083 lw               x1, 28(x2)           x1=1c001d86  x2:108fef40  PA:108fef5c
            21113500           21098 1c001b02 01812403 lw               x8, 24(x2)           x8=108fefe8  x2:108fef40  PA:108fef58
            21114500           21099 1c001b04 01412483 lw               x9, 20(x2)           x9=1c002351  x2:108fef40  PA:108fef54
            21115500           21100 1c001b06 01012903 lw               x18, 16(x2)         x18=00000000  x2:108fef40  PA:108fef50
            21116500           21101 1c001b08 00c12983 lw               x19, 12(x2)         x19=1c001776  x2:108fef40  PA:108fef4c
            21117500           21102 1c001b0a 00812a03 lw               x20, 8(x2)          x20=00000025  x2:108fef40  PA:108fef48
            21118500           21103 1c001b0c 02010113 addi             x2, x2, 32           x2=108fef60  x2:108fef40
            21119500           21104 1c001b0e 00008067 jalr             x0, x1, 0            x1:1c001d86
            21121500           21106 1c001d86 01800433 add              x8, x0, x24          x8=108fefec x24:108fefec
            21122500           21107 1c001d88 fadff06f jal              x0, -84            
            21124500           21109 1c001d34 00900633 add              x12, x0, x9         x12=1c002351  x9:1c002351
            21125500           21110 1c001d36 e69ff06f jal              x0, -408           
            21128500           21113 1c001b9e 00064583 lbu              x11, 0(x12)         x11=00000029 x12:1c002351  PA:1c002351
            21147500           21132 1c001ba2 00160493 addi             x9, x12, 1           x9=1c002352 x12:1c002351
            21148500           21133 1c001ba6 00059e63 bne              x11, x0, 28         x11:00000029
            21151500           21136 1c001bc2 01458563 beq              x11, x20, 10        x11:00000029 x20:00000025
            21152500           21137 1c001bc6 01200533 add              x10, x0, x18        x10=00000000 x18:00000000
            21153500           21138 1c001bc8 000980e7 jalr             x1, x19, 0           x1=1c001bca x19:1c001776
            21155500           21140 1c001776 00b00533 add              x10, x0, x11        x10=00000029 x11:00000029
            21156500           21141 1c001778 fddff06f jal              x0, -36            
            21158500           21143 1c001754 000026b7 lui              x13, 0x2000         x13=00002000
            21159500           21144 1c001756 f14027f3 csrrs            x15, x0, 0xf14      x15=00000043
            21160500           21145 1c00175a f8068693 addi             x13, x13, -128      x13=00001f80 x13:00002000
            21161500           21146 1c00175e 00379713 slli             x14, x15, 0x3       x14=00000218 x15:00000043
            21162500           21147 1c001762 00279793 slli             x15, x15, 0x2       x15=0000010c x15:00000043
            21163500           21148 1c001764 ee873733 p.bclr           x14, x14, 23, 8     x14=00000018 x14:00000218
            21164500           21149 1c001768 00d7f7b3 and              x15, x15, x13       x15=00000100 x15:0000010c x13:00001f80
            21165500           21150 1c00176a 00e787b3 add              x15, x15, x14       x15=00000118 x15:00000100 x14:00000018
            21166500           21151 1c00176c 1a104737 lui              x14, 0x1a104000     x14=1a104000
            21167500           21152 1c001770 00a767a3 p.sw             x10, x0(x14)        x10:00000029 x14:1a104000  PA:1a104118
            21171500           21156 1c001774 00008067 jalr             x0, x1, 0            x1:1c001bca
            21172500           21157 1c001bca 16a0006f jal              x0, 362            
            21174500           21159 1c001d34 00900633 add              x12, x0, x9         x12=1c002352  x9:1c002352
            21175500           21160 1c001d36 e69ff06f jal              x0, -408           
            21178500           21163 1c001b9e 00064583 lbu              x11, 0(x12)         x11=00000021 x12:1c002352  PA:1c002352
            21193500           21178 1c001ba2 00160493 addi             x9, x12, 1           x9=1c002353 x12:1c002352
            21194500           21179 1c001ba6 00059e63 bne              x11, x0, 28         x11:00000021
            21197500           21182 1c001bc2 01458563 beq              x11, x20, 10        x11:00000021 x20:00000025
            21198500           21183 1c001bc6 01200533 add              x10, x0, x18        x10=00000000 x18:00000000
            21199500           21184 1c001bc8 000980e7 jalr             x1, x19, 0           x1=1c001bca x19:1c001776
            21201500           21186 1c001776 00b00533 add              x10, x0, x11        x10=00000021 x11:00000021
            21202500           21187 1c001778 fddff06f jal              x0, -36            
            21204500           21189 1c001754 000026b7 lui              x13, 0x2000         x13=00002000
            21205500           21190 1c001756 f14027f3 csrrs            x15, x0, 0xf14      x15=00000043
            21206500           21191 1c00175a f8068693 addi             x13, x13, -128      x13=00001f80 x13:00002000
            21207500           21192 1c00175e 00379713 slli             x14, x15, 0x3       x14=00000218 x15:00000043
            21208500           21193 1c001762 00279793 slli             x15, x15, 0x2       x15=0000010c x15:00000043
            21209500           21194 1c001764 ee873733 p.bclr           x14, x14, 23, 8     x14=00000018 x14:00000218
            21210500           21195 1c001768 00d7f7b3 and              x15, x15, x13       x15=00000100 x15:0000010c x13:00001f80
            21211500           21196 1c00176a 00e787b3 add              x15, x15, x14       x15=00000118 x15:00000100 x14:00000018
            21212500           21197 1c00176c 1a104737 lui              x14, 0x1a104000     x14=1a104000
            21213500           21198 1c001770 00a767a3 p.sw             x10, x0(x14)        x10:00000021 x14:1a104000  PA:1a104118
            21217500           21202 1c001774 00008067 jalr             x0, x1, 0            x1:1c001bca
            21218500           21203 1c001bca 16a0006f jal              x0, 362            
            21220500           21205 1c001d34 00900633 add              x12, x0, x9         x12=1c002353  x9:1c002353
            21221500           21206 1c001d36 e69ff06f jal              x0, -408           
            21224500           21209 1c001b9e 00064583 lbu              x11, 0(x12)         x11=0000000a x12:1c002353  PA:1c002353
            21239500           21224 1c001ba2 00160493 addi             x9, x12, 1           x9=1c002354 x12:1c002353
            21240500           21225 1c001ba6 00059e63 bne              x11, x0, 28         x11:0000000a
            21243500           21228 1c001bc2 01458563 beq              x11, x20, 10        x11:0000000a x20:00000025
            21244500           21229 1c001bc6 01200533 add              x10, x0, x18        x10=00000000 x18:00000000
            21245500           21230 1c001bc8 000980e7 jalr             x1, x19, 0           x1=1c001bca x19:1c001776
            21247500           21232 1c001776 00b00533 add              x10, x0, x11        x10=0000000a x11:0000000a
            21248500           21233 1c001778 fddff06f jal              x0, -36            
            21250500           21235 1c001754 000026b7 lui              x13, 0x2000         x13=00002000
            21251500           21236 1c001756 f14027f3 csrrs            x15, x0, 0xf14      x15=00000043
            21252500           21237 1c00175a f8068693 addi             x13, x13, -128      x13=00001f80 x13:00002000
            21253500           21238 1c00175e 00379713 slli             x14, x15, 0x3       x14=00000218 x15:00000043
            21254500           21239 1c001762 00279793 slli             x15, x15, 0x2       x15=0000010c x15:00000043
            21255500           21240 1c001764 ee873733 p.bclr           x14, x14, 23, 8     x14=00000018 x14:00000218
            21256500           21241 1c001768 00d7f7b3 and              x15, x15, x13       x15=00000100 x15:0000010c x13:00001f80
            21257500           21242 1c00176a 00e787b3 add              x15, x15, x14       x15=00000118 x15:00000100 x14:00000018
            21258500           21243 1c00176c 1a104737 lui              x14, 0x1a104000     x14=1a104000
            21259500           21244 1c001770 00a767a3 p.sw             x10, x0(x14)        x10:0000000a x14:1a104000  PA:1a104118
            21263500           21248 1c001774 00008067 jalr             x0, x1, 0            x1:1c001bca
            21264500           21249 1c001bca 16a0006f jal              x0, 362            
            21266500           21251 1c001d34 00900633 add              x12, x0, x9         x12=1c002354  x9:1c002354
            21267500           21252 1c001d36 e69ff06f jal              x0, -408           
            21270500           21255 1c001b9e 00064583 lbu              x11, 0(x12)         x11=00000000 x12:1c002354  PA:1c002354
            21285500           21270 1c001ba2 00160493 addi             x9, x12, 1           x9=1c002355 x12:1c002354
            21286500           21271 1c001ba6 00059e63 bne              x11, x0, 28         x11:00000000
            21287500           21272 1c001ba8 05c12083 lw               x1, 92(x2)           x1=1c001834  x2:108fef60  PA:108fefbc
            21288500           21273 1c001baa 05812403 lw               x8, 88(x2)           x8=00000000  x2:108fef60  PA:108fefb8
            21289500           21274 1c001bac 05412483 lw               x9, 84(x2)           x9=00000000  x2:108fef60  PA:108fefb4
            21290500           21275 1c001bae 05012903 lw               x18, 80(x2)         x18=1b204000  x2:108fef60  PA:108fefb0
            21302500           21287 1c001bb0 04c12983 lw               x19, 76(x2)         x19=00000003  x2:108fef60  PA:108fefac
            21304500           21289 1c001bb2 04812a03 lw               x20, 72(x2)         x20=1c00220c  x2:108fef60  PA:108fefa8
            21305500           21290 1c001bb4 04412a83 lw               x21, 68(x2)         x21=1c002210  x2:108fef60  PA:108fefa4
            21306500           21291 1c001bb6 04012b03 lw               x22, 64(x2)         x22=00000000  x2:108fef60  PA:108fefa0
            21307500           21292 1c001bb8 03c12b83 lw               x23, 60(x2)         x23=00000000  x2:108fef60  PA:108fef9c
            21308500           21293 1c001bba 03812c03 lw               x24, 56(x2)         x24=00000000  x2:108fef60  PA:108fef98
            21309500           21294 1c001bbc 03412c83 lw               x25, 52(x2)         x25=00000000  x2:108fef60  PA:108fef94
            21310500           21295 1c001bbe 06010113 addi             x2, x2, 96           x2=108fefc0  x2:108fef60
            21311500           21296 1c001bc0 00008067 jalr             x0, x1, 0            x1:1c001834
            21313500           21298 1c001834 01c12083 lw               x1, 28(x2)           x1=1c00220c  x2:108fefc0  PA:108fefdc
            21314500           21299 1c001836 00000513 addi             x10, x0, 0          x10=00000000
            21315500           21300 1c001838 04010113 addi             x2, x2, 64           x2=108ff000  x2:108fefc0
            21316500           21301 1c00183a 00008067 jalr             x0, x1, 0            x1:1c00220c
            21318500           21303 1c00220c 21c96283 p.elw            x5, 540(x18)         x5=00000000 x18:1b204000  PA:1b20421c
