                Time          Cycles PC       Instr    Mnemonic
            12603500           12588 1c000080 0180006f jal              x0, 24             
            12621500           12606 1c000098 f1402573 csrrs            x10, x0, 0xf14      x10=00000021
            12622500           12607 1c00009c 01f57593 andi             x11, x10, 31        x11=00000001 x10:00000021
            12639500           12624 1c0000a0 00555513 srli             x10, x10, 0x5       x10=00000001 x10:00000021
            12640500           12625 1c0000a2 00058463 beq              x11, x0, 8          x11:00000001
            12641500           12626 1c0000a6 05a0206f jal              x0, 8282           
            12659500           12644 1c002100 000702b7 lui              x5, 0x70000          x5=00070000
            12660500           12645 1c002104 1b204337 lui              x6, 0x1b204000       x6=1b204000
            12661500           12646 1c002108 00532023 sw               x5, 0(x6)            x5:00070000  x6:1b204000  PA:1b204000
            12662500           12647 1c00210c 0e059163 bne              x11, x0, 226        x11:00000001
            12714500           12699 1c0021ee 1b204937 lui              x18, 0x1b204000     x18=1b204000
            12715500           12700 1c0021f2 f14029f3 csrrs            x19, x0, 0xf14      x19=00000021
            12716500           12701 1c0021f6 01f9f993 andi             x19, x19, 31        x19=00000001 x19:00000021
            12717500           12702 1c0021fa 00000a17 auipc            x20, 0x0            x20=1c0021fa
            12734500           12719 1c0021fe 012a0a13 addi             x20, x20, 18        x20=1c00220c x20:1c0021fa
            12735500           12720 1c002202 00000a97 auipc            x21, 0x0            x21=1c002202
            12736500           12721 1c002206 00ea8a93 addi             x21, x21, 14        x21=1c002210 x21:1c002202
            12737500           12722 1c00220a 0060006f jal              x0, 6              
            12757500           12742 1c002210 08096283 p.elw            x5, 128(x18)         x5=1c00222d x18:1b204000  PA:1b204080
            17807500           17792 1c002214 08096503 p.elw            x10, 128(x18)       x10=00000400 x18:1b204000  PA:1b204080
            17825500           17810 1c002218 0012f313 andi             x6, x5, 1            x6=00000001  x5:1c00222d
            17826500           17811 1c00221c 00031563 bne              x6, x0, 10           x6:00000001
            17844500           17829 1c002226 000a80b3 add              x1, x21, x0          x1=1c002210 x21:1c002210
            17845500           17830 1c00222a 00028067 jalr             x0, x5, 0            x5:1c00222d
            17847500           17832 1c00222c 08096283 p.elw            x5, 128(x18)         x5=104fe400 x18:1b204000  PA:1b204080
            17871500           17856 1c002230 02a98533 mul              x10, x19, x10       x10=00000400 x19:00000001 x10:00000400
            17872500           17857 1c002234 00550133 add              x2, x10, x5          x2=104fe800 x10:00000400  x5:104fe400
            17873500           17858 1c002238 00008067 jalr             x0, x1, 0            x1:1c002210
            17875500           17860 1c002210 08096283 p.elw            x5, 128(x18)         x5=1c0009bc x18:1b204000  PA:1b204080
            17911500           17896 1c002214 08096503 p.elw            x10, 128(x18)       x10=00000000 x18:1b204000  PA:1b204080
            17919500           17904 1c002218 0012f313 andi             x6, x5, 1            x6=00000000  x5:1c0009bc
            17920500           17905 1c00221c 00031563 bne              x6, x0, 10           x6:00000000
            17921500           17906 1c002220 000a00b3 add              x1, x20, x0          x1=1c00220c x20:1c00220c
            17922500           17907 1c002224 00028067 jalr             x0, x5, 0            x5:1c0009bc
            17940500           17925 1c0009bc f1402673 csrrs            x12, x0, 0xf14      x12=00000021
            17957500           17942 1c0009c0 1c002537 lui              x10, 0x1c002000     x10=1c002000
            17958500           17943 1c0009c4 40565593 srai             x11, x12, 0x405     x11=00000001 x12:00000021
            17959500           17944 1c0009c8 f265b5b3 p.bclr           x11, x11, 25, 6     x11=00000001 x11:00000001
            17960500           17945 1c0009cc f4563633 p.bclr           x12, x12, 26, 5     x12=00000001 x12:00000021
            17961500           17946 1c0009d0 33c50513 addi             x10, x10, 828       x10=1c00233c x10:1c002000
            17962500           17947 1c0009d4 63d0006f jal              x0, 3644           
            17980500           17965 1c001810 fc010113 addi             x2, x2, -64          x2=104fe7c0  x2:104fe800
            17981500           17966 1c001812 02b12223 sw               x11, 36(x2)         x11:00000001  x2:104fe7c0  PA:104fe7e4
            17985500           17970 1c001814 1c0015b7 lui              x11, 0x1c001000     x11=1c001000
            17986500           17971 1c001818 02c12423 sw               x12, 40(x2)         x12:00000001  x2:104fe7c0  PA:104fe7e8
            17987500           17972 1c00181a 02d12623 sw               x13, 44(x2)         x13:00000000  x2:104fe7c0  PA:104fe7ec
            17988500           17973 1c00181c 00a00633 add              x12, x0, x10        x12=1c00233c x10:1c00233c
            17989500           17974 1c00181e 02410693 addi             x13, x2, 36         x13=104fe7e4  x2:104fe7c0
            18002500           17987 1c001820 00000513 addi             x10, x0, 0          x10=00000000
            18003500           17988 1c001822 77658593 addi             x11, x11, 1910      x11=1c001776 x11:1c001000
            18004500           17989 1c001826 00112e23 sw               x1, 28(x2)           x1:1c00220c  x2:104fe7c0  PA:104fe7dc
            18007500           17992 1c001828 02e12823 sw               x14, 48(x2)         x14:00000000  x2:104fe7c0  PA:104fe7f0
            18008500           17993 1c00182a 02f12a23 sw               x15, 52(x2)         x15:00000000  x2:104fe7c0  PA:104fe7f4
            18009500           17994 1c00182c 03012c23 sw               x16, 56(x2)         x16:00000000  x2:104fe7c0  PA:104fe7f8
            18010500           17995 1c00182e 03112e23 sw               x17, 60(x2)         x17:00000000  x2:104fe7c0  PA:104fe7fc
            18024500           18009 1c001830 00d12623 sw               x13, 12(x2)         x13:104fe7e4  x2:104fe7c0  PA:104fe7cc
            18026500           18011 1c001832 33e000ef jal              x1, 830              x1=1c001834
            18043500           18028 1c001b70 fa010113 addi             x2, x2, -96          x2=104fe760  x2:104fe7c0
            18044500           18029 1c001b72 01810793 addi             x15, x2, 24         x15=104fe778  x2:104fe760
            18045500           18030 1c001b74 04812c23 sw               x8, 88(x2)           x8:00000000  x2:104fe760  PA:104fe7b8
            18052500           18037 1c001b76 05212823 sw               x18, 80(x2)         x18:1b204000  x2:104fe760  PA:104fe7b0
            18053500           18038 1c001b78 05312623 sw               x19, 76(x2)         x19:00000001  x2:104fe760  PA:104fe7ac
            18054500           18039 1c001b7a 05412423 sw               x20, 72(x2)         x20:1c00220c  x2:104fe760  PA:104fe7a8
            18055500           18040 1c001b7c 05512223 sw               x21, 68(x2)         x21:1c002210  x2:104fe760  PA:104fe7a4
            18056500           18041 1c001b7e 05612023 sw               x22, 64(x2)         x22:00000000  x2:104fe760  PA:104fe7a0
            18066500           18051 1c001b80 03712e23 sw               x23, 60(x2)         x23:00000000  x2:104fe760  PA:104fe79c
            18069500           18054 1c001b82 04112e23 sw               x1, 92(x2)           x1:1c001834  x2:104fe760  PA:104fe7bc
            18070500           18055 1c001b84 04912a23 sw               x9, 84(x2)           x9:00000000  x2:104fe760  PA:104fe7b4
            18071500           18056 1c001b86 03812c23 sw               x24, 56(x2)         x24:00000000  x2:104fe760  PA:104fe798
            18072500           18057 1c001b88 03912a23 sw               x25, 52(x2)         x25:00000000  x2:104fe760  PA:104fe794
            18073500           18058 1c001b8a 00a00933 add              x18, x0, x10        x18=00000000 x10:00000000
            18074500           18059 1c001b8c 00b009b3 add              x19, x0, x11        x19=1c001776 x11:1c001776
            18075500           18060 1c001b8e 00d00433 add              x8, x0, x13          x8=104fe7e4 x13:104fe7e4
            18089500           18074 1c001b90 00f12a23 sw               x15, 20(x2)         x15:104fe778  x2:104fe760  PA:104fe774
            18090500           18075 1c001b92 02500a13 addi             x20, x0, 37         x20=00000025
            18091500           18076 1c001b96 02d00b93 addi             x23, x0, 45         x23=0000002d
            18092500           18077 1c001b9a 00100a93 addi             x21, x0, 1          x21=00000001
            18093500           18078 1c001b9c 00500b13 addi             x22, x0, 5          x22=00000005
            18110500           18095 1c001b9e 00064583 lbu              x11, 0(x12)         x11=00000048 x12:1c00233c  PA:1c00233c
            18125500           18110 1c001ba2 00160493 addi             x9, x12, 1           x9=1c00233d x12:1c00233c
            18126500           18111 1c001ba6 00059e63 bne              x11, x0, 28         x11:00000048
            18145500           18130 1c001bc2 01458563 beq              x11, x20, 10        x11:00000048 x20:00000025
            18146500           18131 1c001bc6 01200533 add              x10, x0, x18        x10=00000000 x18:00000000
            18147500           18132 1c001bc8 000980e7 jalr             x1, x19, 0           x1=1c001bca x19:1c001776
            18165500           18150 1c001776 00b00533 add              x10, x0, x11        x10=00000048 x11:00000048
            18166500           18151 1c001778 fddff06f jal              x0, -36            
            18184500           18169 1c001754 000026b7 lui              x13, 0x2000         x13=00002000
            18185500           18170 1c001756 f14027f3 csrrs            x15, x0, 0xf14      x15=00000021
            18186500           18171 1c00175a f8068693 addi             x13, x13, -128      x13=00001f80 x13:00002000
            18203500           18188 1c00175e 00379713 slli             x14, x15, 0x3       x14=00000108 x15:00000021
            18204500           18189 1c001762 00279793 slli             x15, x15, 0x2       x15=00000084 x15:00000021
            18205500           18190 1c001764 ee873733 p.bclr           x14, x14, 23, 8     x14=00000008 x14:00000108
            18206500           18191 1c001768 00d7f7b3 and              x15, x15, x13       x15=00000080 x15:00000084 x13:00001f80
            18207500           18192 1c00176a 00e787b3 add              x15, x15, x14       x15=00000088 x15:00000080 x14:00000008
            18208500           18193 1c00176c 1a104737 lui              x14, 0x1a104000     x14=1a104000
            18209500           18194 1c001770 00a767a3 p.sw             x10, x0(x14)        x10:00000048 x14:1a104000  PA:1a104088
            18213500           18198 1c001774 00008067 jalr             x0, x1, 0            x1:1c001bca
            18214500           18199 1c001bca 16a0006f jal              x0, 362            
            18232500           18217 1c001d34 00900633 add              x12, x0, x9         x12=1c00233d  x9:1c00233d
            18233500           18218 1c001d36 e69ff06f jal              x0, -408           
            18236500           18221 1c001b9e 00064583 lbu              x11, 0(x12)         x11=00000065 x12:1c00233d  PA:1c00233d
            18251500           18236 1c001ba2 00160493 addi             x9, x12, 1           x9=1c00233e x12:1c00233d
            18252500           18237 1c001ba6 00059e63 bne              x11, x0, 28         x11:00000065
            18255500           18240 1c001bc2 01458563 beq              x11, x20, 10        x11:00000065 x20:00000025
            18256500           18241 1c001bc6 01200533 add              x10, x0, x18        x10=00000000 x18:00000000
            18257500           18242 1c001bc8 000980e7 jalr             x1, x19, 0           x1=1c001bca x19:1c001776
            18259500           18244 1c001776 00b00533 add              x10, x0, x11        x10=00000065 x11:00000065
            18260500           18245 1c001778 fddff06f jal              x0, -36            
            18262500           18247 1c001754 000026b7 lui              x13, 0x2000         x13=00002000
            18263500           18248 1c001756 f14027f3 csrrs            x15, x0, 0xf14      x15=00000021
            18264500           18249 1c00175a f8068693 addi             x13, x13, -128      x13=00001f80 x13:00002000
            18265500           18250 1c00175e 00379713 slli             x14, x15, 0x3       x14=00000108 x15:00000021
            18266500           18251 1c001762 00279793 slli             x15, x15, 0x2       x15=00000084 x15:00000021
            18267500           18252 1c001764 ee873733 p.bclr           x14, x14, 23, 8     x14=00000008 x14:00000108
            18268500           18253 1c001768 00d7f7b3 and              x15, x15, x13       x15=00000080 x15:00000084 x13:00001f80
            18269500           18254 1c00176a 00e787b3 add              x15, x15, x14       x15=00000088 x15:00000080 x14:00000008
            18270500           18255 1c00176c 1a104737 lui              x14, 0x1a104000     x14=1a104000
            18271500           18256 1c001770 00a767a3 p.sw             x10, x0(x14)        x10:00000065 x14:1a104000  PA:1a104088
            18275500           18260 1c001774 00008067 jalr             x0, x1, 0            x1:1c001bca
            18276500           18261 1c001bca 16a0006f jal              x0, 362            
            18278500           18263 1c001d34 00900633 add              x12, x0, x9         x12=1c00233e  x9:1c00233e
            18279500           18264 1c001d36 e69ff06f jal              x0, -408           
            18282500           18267 1c001b9e 00064583 lbu              x11, 0(x12)         x11=00000079 x12:1c00233e  PA:1c00233e
            18296500           18281 1c001ba2 00160493 addi             x9, x12, 1           x9=1c00233f x12:1c00233e
            18297500           18282 1c001ba6 00059e63 bne              x11, x0, 28         x11:00000079
            18300500           18285 1c001bc2 01458563 beq              x11, x20, 10        x11:00000079 x20:00000025
            18301500           18286 1c001bc6 01200533 add              x10, x0, x18        x10=00000000 x18:00000000
            18302500           18287 1c001bc8 000980e7 jalr             x1, x19, 0           x1=1c001bca x19:1c001776
            18304500           18289 1c001776 00b00533 add              x10, x0, x11        x10=00000079 x11:00000079
            18305500           18290 1c001778 fddff06f jal              x0, -36            
            18307500           18292 1c001754 000026b7 lui              x13, 0x2000         x13=00002000
            18308500           18293 1c001756 f14027f3 csrrs            x15, x0, 0xf14      x15=00000021
            18309500           18294 1c00175a f8068693 addi             x13, x13, -128      x13=00001f80 x13:00002000
            18310500           18295 1c00175e 00379713 slli             x14, x15, 0x3       x14=00000108 x15:00000021
            18311500           18296 1c001762 00279793 slli             x15, x15, 0x2       x15=00000084 x15:00000021
            18312500           18297 1c001764 ee873733 p.bclr           x14, x14, 23, 8     x14=00000008 x14:00000108
            18313500           18298 1c001768 00d7f7b3 and              x15, x15, x13       x15=00000080 x15:00000084 x13:00001f80
            18314500           18299 1c00176a 00e787b3 add              x15, x15, x14       x15=00000088 x15:00000080 x14:00000008
            18315500           18300 1c00176c 1a104737 lui              x14, 0x1a104000     x14=1a104000
            18316500           18301 1c001770 00a767a3 p.sw             x10, x0(x14)        x10:00000079 x14:1a104000  PA:1a104088
            18320500           18305 1c001774 00008067 jalr             x0, x1, 0            x1:1c001bca
            18321500           18306 1c001bca 16a0006f jal              x0, 362            
            18323500           18308 1c001d34 00900633 add              x12, x0, x9         x12=1c00233f  x9:1c00233f
            18324500           18309 1c001d36 e69ff06f jal              x0, -408           
            18327500           18312 1c001b9e 00064583 lbu              x11, 0(x12)         x11=0000002c x12:1c00233f  PA:1c00233f
            18341500           18326 1c001ba2 00160493 addi             x9, x12, 1           x9=1c002340 x12:1c00233f
            18342500           18327 1c001ba6 00059e63 bne              x11, x0, 28         x11:0000002c
            18345500           18330 1c001bc2 01458563 beq              x11, x20, 10        x11:0000002c x20:00000025
            18346500           18331 1c001bc6 01200533 add              x10, x0, x18        x10=00000000 x18:00000000
            18347500           18332 1c001bc8 000980e7 jalr             x1, x19, 0           x1=1c001bca x19:1c001776
            18349500           18334 1c001776 00b00533 add              x10, x0, x11        x10=0000002c x11:0000002c
            18350500           18335 1c001778 fddff06f jal              x0, -36            
            18352500           18337 1c001754 000026b7 lui              x13, 0x2000         x13=00002000
            18353500           18338 1c001756 f14027f3 csrrs            x15, x0, 0xf14      x15=00000021
            18354500           18339 1c00175a f8068693 addi             x13, x13, -128      x13=00001f80 x13:00002000
            18355500           18340 1c00175e 00379713 slli             x14, x15, 0x3       x14=00000108 x15:00000021
            18356500           18341 1c001762 00279793 slli             x15, x15, 0x2       x15=00000084 x15:00000021
            18357500           18342 1c001764 ee873733 p.bclr           x14, x14, 23, 8     x14=00000008 x14:00000108
            18358500           18343 1c001768 00d7f7b3 and              x15, x15, x13       x15=00000080 x15:00000084 x13:00001f80
            18359500           18344 1c00176a 00e787b3 add              x15, x15, x14       x15=00000088 x15:00000080 x14:00000008
            18360500           18345 1c00176c 1a104737 lui              x14, 0x1a104000     x14=1a104000
            18361500           18346 1c001770 00a767a3 p.sw             x10, x0(x14)        x10:0000002c x14:1a104000  PA:1a104088
            18365500           18350 1c001774 00008067 jalr             x0, x1, 0            x1:1c001bca
            18366500           18351 1c001bca 16a0006f jal              x0, 362            
            18368500           18353 1c001d34 00900633 add              x12, x0, x9         x12=1c002340  x9:1c002340
            18369500           18354 1c001d36 e69ff06f jal              x0, -408           
            18372500           18357 1c001b9e 00064583 lbu              x11, 0(x12)         x11=00000020 x12:1c002340  PA:1c002340
            18386500           18371 1c001ba2 00160493 addi             x9, x12, 1           x9=1c002341 x12:1c002340
            18387500           18372 1c001ba6 00059e63 bne              x11, x0, 28         x11:00000020
            18390500           18375 1c001bc2 01458563 beq              x11, x20, 10        x11:00000020 x20:00000025
            18391500           18376 1c001bc6 01200533 add              x10, x0, x18        x10=00000000 x18:00000000
            18392500           18377 1c001bc8 000980e7 jalr             x1, x19, 0           x1=1c001bca x19:1c001776
            18394500           18379 1c001776 00b00533 add              x10, x0, x11        x10=00000020 x11:00000020
            18395500           18380 1c001778 fddff06f jal              x0, -36            
            18397500           18382 1c001754 000026b7 lui              x13, 0x2000         x13=00002000
            18398500           18383 1c001756 f14027f3 csrrs            x15, x0, 0xf14      x15=00000021
            18399500           18384 1c00175a f8068693 addi             x13, x13, -128      x13=00001f80 x13:00002000
            18400500           18385 1c00175e 00379713 slli             x14, x15, 0x3       x14=00000108 x15:00000021
            18401500           18386 1c001762 00279793 slli             x15, x15, 0x2       x15=00000084 x15:00000021
            18402500           18387 1c001764 ee873733 p.bclr           x14, x14, 23, 8     x14=00000008 x14:00000108
            18403500           18388 1c001768 00d7f7b3 and              x15, x15, x13       x15=00000080 x15:00000084 x13:00001f80
            18404500           18389 1c00176a 00e787b3 add              x15, x15, x14       x15=00000088 x15:00000080 x14:00000008
            18405500           18390 1c00176c 1a104737 lui              x14, 0x1a104000     x14=1a104000
            18406500           18391 1c001770 00a767a3 p.sw             x10, x0(x14)        x10:00000020 x14:1a104000  PA:1a104088
            18410500           18395 1c001774 00008067 jalr             x0, x1, 0            x1:1c001bca
            18411500           18396 1c001bca 16a0006f jal              x0, 362            
            18413500           18398 1c001d34 00900633 add              x12, x0, x9         x12=1c002341  x9:1c002341
            18414500           18399 1c001d36 e69ff06f jal              x0, -408           
            18417500           18402 1c001b9e 00064583 lbu              x11, 0(x12)         x11=00000049 x12:1c002341  PA:1c002341
            18431500           18416 1c001ba2 00160493 addi             x9, x12, 1           x9=1c002342 x12:1c002341
            18432500           18417 1c001ba6 00059e63 bne              x11, x0, 28         x11:00000049
            18435500           18420 1c001bc2 01458563 beq              x11, x20, 10        x11:00000049 x20:00000025
            18436500           18421 1c001bc6 01200533 add              x10, x0, x18        x10=00000000 x18:00000000
            18437500           18422 1c001bc8 000980e7 jalr             x1, x19, 0           x1=1c001bca x19:1c001776
            18439500           18424 1c001776 00b00533 add              x10, x0, x11        x10=00000049 x11:00000049
            18440500           18425 1c001778 fddff06f jal              x0, -36            
            18442500           18427 1c001754 000026b7 lui              x13, 0x2000         x13=00002000
            18443500           18428 1c001756 f14027f3 csrrs            x15, x0, 0xf14      x15=00000021
            18444500           18429 1c00175a f8068693 addi             x13, x13, -128      x13=00001f80 x13:00002000
            18445500           18430 1c00175e 00379713 slli             x14, x15, 0x3       x14=00000108 x15:00000021
            18446500           18431 1c001762 00279793 slli             x15, x15, 0x2       x15=00000084 x15:00000021
            18447500           18432 1c001764 ee873733 p.bclr           x14, x14, 23, 8     x14=00000008 x14:00000108
            18448500           18433 1c001768 00d7f7b3 and              x15, x15, x13       x15=00000080 x15:00000084 x13:00001f80
            18449500           18434 1c00176a 00e787b3 add              x15, x15, x14       x15=00000088 x15:00000080 x14:00000008
            18450500           18435 1c00176c 1a104737 lui              x14, 0x1a104000     x14=1a104000
            18451500           18436 1c001770 00a767a3 p.sw             x10, x0(x14)        x10:00000049 x14:1a104000  PA:1a104088
            18455500           18440 1c001774 00008067 jalr             x0, x1, 0            x1:1c001bca
            18456500           18441 1c001bca 16a0006f jal              x0, 362            
            18458500           18443 1c001d34 00900633 add              x12, x0, x9         x12=1c002342  x9:1c002342
            18459500           18444 1c001d36 e69ff06f jal              x0, -408           
            18462500           18447 1c001b9e 00064583 lbu              x11, 0(x12)         x11=00000027 x12:1c002342  PA:1c002342
            18476500           18461 1c001ba2 00160493 addi             x9, x12, 1           x9=1c002343 x12:1c002342
            18477500           18462 1c001ba6 00059e63 bne              x11, x0, 28         x11:00000027
            18480500           18465 1c001bc2 01458563 beq              x11, x20, 10        x11:00000027 x20:00000025
            18481500           18466 1c001bc6 01200533 add              x10, x0, x18        x10=00000000 x18:00000000
            18482500           18467 1c001bc8 000980e7 jalr             x1, x19, 0           x1=1c001bca x19:1c001776
            18484500           18469 1c001776 00b00533 add              x10, x0, x11        x10=00000027 x11:00000027
            18485500           18470 1c001778 fddff06f jal              x0, -36            
            18487500           18472 1c001754 000026b7 lui              x13, 0x2000         x13=00002000
            18488500           18473 1c001756 f14027f3 csrrs            x15, x0, 0xf14      x15=00000021
            18489500           18474 1c00175a f8068693 addi             x13, x13, -128      x13=00001f80 x13:00002000
            18490500           18475 1c00175e 00379713 slli             x14, x15, 0x3       x14=00000108 x15:00000021
            18491500           18476 1c001762 00279793 slli             x15, x15, 0x2       x15=00000084 x15:00000021
            18492500           18477 1c001764 ee873733 p.bclr           x14, x14, 23, 8     x14=00000008 x14:00000108
            18493500           18478 1c001768 00d7f7b3 and              x15, x15, x13       x15=00000080 x15:00000084 x13:00001f80
            18494500           18479 1c00176a 00e787b3 add              x15, x15, x14       x15=00000088 x15:00000080 x14:00000008
            18495500           18480 1c00176c 1a104737 lui              x14, 0x1a104000     x14=1a104000
            18496500           18481 1c001770 00a767a3 p.sw             x10, x0(x14)        x10:00000027 x14:1a104000  PA:1a104088
            18500500           18485 1c001774 00008067 jalr             x0, x1, 0            x1:1c001bca
            18501500           18486 1c001bca 16a0006f jal              x0, 362            
            18503500           18488 1c001d34 00900633 add              x12, x0, x9         x12=1c002343  x9:1c002343
            18504500           18489 1c001d36 e69ff06f jal              x0, -408           
            18507500           18492 1c001b9e 00064583 lbu              x11, 0(x12)         x11=0000006d x12:1c002343  PA:1c002343
            18523500           18508 1c001ba2 00160493 addi             x9, x12, 1           x9=1c002344 x12:1c002343
            18524500           18509 1c001ba6 00059e63 bne              x11, x0, 28         x11:0000006d
            18527500           18512 1c001bc2 01458563 beq              x11, x20, 10        x11:0000006d x20:00000025
            18528500           18513 1c001bc6 01200533 add              x10, x0, x18        x10=00000000 x18:00000000
            18529500           18514 1c001bc8 000980e7 jalr             x1, x19, 0           x1=1c001bca x19:1c001776
            18531500           18516 1c001776 00b00533 add              x10, x0, x11        x10=0000006d x11:0000006d
            18532500           18517 1c001778 fddff06f jal              x0, -36            
            18534500           18519 1c001754 000026b7 lui              x13, 0x2000         x13=00002000
            18535500           18520 1c001756 f14027f3 csrrs            x15, x0, 0xf14      x15=00000021
            18536500           18521 1c00175a f8068693 addi             x13, x13, -128      x13=00001f80 x13:00002000
            18537500           18522 1c00175e 00379713 slli             x14, x15, 0x3       x14=00000108 x15:00000021
            18538500           18523 1c001762 00279793 slli             x15, x15, 0x2       x15=00000084 x15:00000021
            18539500           18524 1c001764 ee873733 p.bclr           x14, x14, 23, 8     x14=00000008 x14:00000108
            18540500           18525 1c001768 00d7f7b3 and              x15, x15, x13       x15=00000080 x15:00000084 x13:00001f80
            18541500           18526 1c00176a 00e787b3 add              x15, x15, x14       x15=00000088 x15:00000080 x14:00000008
            18542500           18527 1c00176c 1a104737 lui              x14, 0x1a104000     x14=1a104000
            18543500           18528 1c001770 00a767a3 p.sw             x10, x0(x14)        x10:0000006d x14:1a104000  PA:1a104088
            18547500           18532 1c001774 00008067 jalr             x0, x1, 0            x1:1c001bca
            18548500           18533 1c001bca 16a0006f jal              x0, 362            
            18550500           18535 1c001d34 00900633 add              x12, x0, x9         x12=1c002344  x9:1c002344
            18551500           18536 1c001d36 e69ff06f jal              x0, -408           
            18554500           18539 1c001b9e 00064583 lbu              x11, 0(x12)         x11=00000020 x12:1c002344  PA:1c002344
            18568500           18553 1c001ba2 00160493 addi             x9, x12, 1           x9=1c002345 x12:1c002344
            18569500           18554 1c001ba6 00059e63 bne              x11, x0, 28         x11:00000020
            18572500           18557 1c001bc2 01458563 beq              x11, x20, 10        x11:00000020 x20:00000025
            18573500           18558 1c001bc6 01200533 add              x10, x0, x18        x10=00000000 x18:00000000
            18574500           18559 1c001bc8 000980e7 jalr             x1, x19, 0           x1=1c001bca x19:1c001776
            18576500           18561 1c001776 00b00533 add              x10, x0, x11        x10=00000020 x11:00000020
            18577500           18562 1c001778 fddff06f jal              x0, -36            
            18579500           18564 1c001754 000026b7 lui              x13, 0x2000         x13=00002000
            18580500           18565 1c001756 f14027f3 csrrs            x15, x0, 0xf14      x15=00000021
            18581500           18566 1c00175a f8068693 addi             x13, x13, -128      x13=00001f80 x13:00002000
            18582500           18567 1c00175e 00379713 slli             x14, x15, 0x3       x14=00000108 x15:00000021
            18583500           18568 1c001762 00279793 slli             x15, x15, 0x2       x15=00000084 x15:00000021
            18584500           18569 1c001764 ee873733 p.bclr           x14, x14, 23, 8     x14=00000008 x14:00000108
            18585500           18570 1c001768 00d7f7b3 and              x15, x15, x13       x15=00000080 x15:00000084 x13:00001f80
            18586500           18571 1c00176a 00e787b3 add              x15, x15, x14       x15=00000088 x15:00000080 x14:00000008
            18587500           18572 1c00176c 1a104737 lui              x14, 0x1a104000     x14=1a104000
            18588500           18573 1c001770 00a767a3 p.sw             x10, x0(x14)        x10:00000020 x14:1a104000  PA:1a104088
            18592500           18577 1c001774 00008067 jalr             x0, x1, 0            x1:1c001bca
            18593500           18578 1c001bca 16a0006f jal              x0, 362            
            18595500           18580 1c001d34 00900633 add              x12, x0, x9         x12=1c002345  x9:1c002345
            18596500           18581 1c001d36 e69ff06f jal              x0, -408           
            18599500           18584 1c001b9e 00064583 lbu              x11, 0(x12)         x11=00000063 x12:1c002345  PA:1c002345
            18614500           18599 1c001ba2 00160493 addi             x9, x12, 1           x9=1c002346 x12:1c002345
            18615500           18600 1c001ba6 00059e63 bne              x11, x0, 28         x11:00000063
            18618500           18603 1c001bc2 01458563 beq              x11, x20, 10        x11:00000063 x20:00000025
            18619500           18604 1c001bc6 01200533 add              x10, x0, x18        x10=00000000 x18:00000000
            18620500           18605 1c001bc8 000980e7 jalr             x1, x19, 0           x1=1c001bca x19:1c001776
            18622500           18607 1c001776 00b00533 add              x10, x0, x11        x10=00000063 x11:00000063
            18623500           18608 1c001778 fddff06f jal              x0, -36            
            18625500           18610 1c001754 000026b7 lui              x13, 0x2000         x13=00002000
            18626500           18611 1c001756 f14027f3 csrrs            x15, x0, 0xf14      x15=00000021
            18627500           18612 1c00175a f8068693 addi             x13, x13, -128      x13=00001f80 x13:00002000
            18628500           18613 1c00175e 00379713 slli             x14, x15, 0x3       x14=00000108 x15:00000021
            18629500           18614 1c001762 00279793 slli             x15, x15, 0x2       x15=00000084 x15:00000021
            18630500           18615 1c001764 ee873733 p.bclr           x14, x14, 23, 8     x14=00000008 x14:00000108
            18631500           18616 1c001768 00d7f7b3 and              x15, x15, x13       x15=00000080 x15:00000084 x13:00001f80
            18632500           18617 1c00176a 00e787b3 add              x15, x15, x14       x15=00000088 x15:00000080 x14:00000008
            18633500           18618 1c00176c 1a104737 lui              x14, 0x1a104000     x14=1a104000
            18634500           18619 1c001770 00a767a3 p.sw             x10, x0(x14)        x10:00000063 x14:1a104000  PA:1a104088
            18638500           18623 1c001774 00008067 jalr             x0, x1, 0            x1:1c001bca
            18639500           18624 1c001bca 16a0006f jal              x0, 362            
            18641500           18626 1c001d34 00900633 add              x12, x0, x9         x12=1c002346  x9:1c002346
            18642500           18627 1c001d36 e69ff06f jal              x0, -408           
            18645500           18630 1c001b9e 00064583 lbu              x11, 0(x12)         x11=0000006f x12:1c002346  PA:1c002346
            18663500           18648 1c001ba2 00160493 addi             x9, x12, 1           x9=1c002347 x12:1c002346
            18664500           18649 1c001ba6 00059e63 bne              x11, x0, 28         x11:0000006f
            18667500           18652 1c001bc2 01458563 beq              x11, x20, 10        x11:0000006f x20:00000025
            18668500           18653 1c001bc6 01200533 add              x10, x0, x18        x10=00000000 x18:00000000
            18669500           18654 1c001bc8 000980e7 jalr             x1, x19, 0           x1=1c001bca x19:1c001776
            18671500           18656 1c001776 00b00533 add              x10, x0, x11        x10=0000006f x11:0000006f
            18672500           18657 1c001778 fddff06f jal              x0, -36            
            18674500           18659 1c001754 000026b7 lui              x13, 0x2000         x13=00002000
            18675500           18660 1c001756 f14027f3 csrrs            x15, x0, 0xf14      x15=00000021
            18676500           18661 1c00175a f8068693 addi             x13, x13, -128      x13=00001f80 x13:00002000
            18677500           18662 1c00175e 00379713 slli             x14, x15, 0x3       x14=00000108 x15:00000021
            18678500           18663 1c001762 00279793 slli             x15, x15, 0x2       x15=00000084 x15:00000021
            18679500           18664 1c001764 ee873733 p.bclr           x14, x14, 23, 8     x14=00000008 x14:00000108
            18680500           18665 1c001768 00d7f7b3 and              x15, x15, x13       x15=00000080 x15:00000084 x13:00001f80
            18681500           18666 1c00176a 00e787b3 add              x15, x15, x14       x15=00000088 x15:00000080 x14:00000008
            18682500           18667 1c00176c 1a104737 lui              x14, 0x1a104000     x14=1a104000
            18683500           18668 1c001770 00a767a3 p.sw             x10, x0(x14)        x10:0000006f x14:1a104000  PA:1a104088
            18687500           18672 1c001774 00008067 jalr             x0, x1, 0            x1:1c001bca
            18688500           18673 1c001bca 16a0006f jal              x0, 362            
            18690500           18675 1c001d34 00900633 add              x12, x0, x9         x12=1c002347  x9:1c002347
            18691500           18676 1c001d36 e69ff06f jal              x0, -408           
            18694500           18679 1c001b9e 00064583 lbu              x11, 0(x12)         x11=00000072 x12:1c002347  PA:1c002347
            18708500           18693 1c001ba2 00160493 addi             x9, x12, 1           x9=1c002348 x12:1c002347
            18709500           18694 1c001ba6 00059e63 bne              x11, x0, 28         x11:00000072
            18712500           18697 1c001bc2 01458563 beq              x11, x20, 10        x11:00000072 x20:00000025
            18713500           18698 1c001bc6 01200533 add              x10, x0, x18        x10=00000000 x18:00000000
            18714500           18699 1c001bc8 000980e7 jalr             x1, x19, 0           x1=1c001bca x19:1c001776
            18716500           18701 1c001776 00b00533 add              x10, x0, x11        x10=00000072 x11:00000072
            18717500           18702 1c001778 fddff06f jal              x0, -36            
            18719500           18704 1c001754 000026b7 lui              x13, 0x2000         x13=00002000
            18720500           18705 1c001756 f14027f3 csrrs            x15, x0, 0xf14      x15=00000021
            18721500           18706 1c00175a f8068693 addi             x13, x13, -128      x13=00001f80 x13:00002000
            18722500           18707 1c00175e 00379713 slli             x14, x15, 0x3       x14=00000108 x15:00000021
            18723500           18708 1c001762 00279793 slli             x15, x15, 0x2       x15=00000084 x15:00000021
            18724500           18709 1c001764 ee873733 p.bclr           x14, x14, 23, 8     x14=00000008 x14:00000108
            18725500           18710 1c001768 00d7f7b3 and              x15, x15, x13       x15=00000080 x15:00000084 x13:00001f80
            18726500           18711 1c00176a 00e787b3 add              x15, x15, x14       x15=00000088 x15:00000080 x14:00000008
            18727500           18712 1c00176c 1a104737 lui              x14, 0x1a104000     x14=1a104000
            18728500           18713 1c001770 00a767a3 p.sw             x10, x0(x14)        x10:00000072 x14:1a104000  PA:1a104088
            18732500           18717 1c001774 00008067 jalr             x0, x1, 0            x1:1c001bca
            18733500           18718 1c001bca 16a0006f jal              x0, 362            
            18735500           18720 1c001d34 00900633 add              x12, x0, x9         x12=1c002348  x9:1c002348
            18736500           18721 1c001d36 e69ff06f jal              x0, -408           
            18739500           18724 1c001b9e 00064583 lbu              x11, 0(x12)         x11=00000065 x12:1c002348  PA:1c002348
            18753500           18738 1c001ba2 00160493 addi             x9, x12, 1           x9=1c002349 x12:1c002348
            18754500           18739 1c001ba6 00059e63 bne              x11, x0, 28         x11:00000065
            18757500           18742 1c001bc2 01458563 beq              x11, x20, 10        x11:00000065 x20:00000025
            18758500           18743 1c001bc6 01200533 add              x10, x0, x18        x10=00000000 x18:00000000
            18759500           18744 1c001bc8 000980e7 jalr             x1, x19, 0           x1=1c001bca x19:1c001776
            18761500           18746 1c001776 00b00533 add              x10, x0, x11        x10=00000065 x11:00000065
            18762500           18747 1c001778 fddff06f jal              x0, -36            
            18764500           18749 1c001754 000026b7 lui              x13, 0x2000         x13=00002000
            18765500           18750 1c001756 f14027f3 csrrs            x15, x0, 0xf14      x15=00000021
            18766500           18751 1c00175a f8068693 addi             x13, x13, -128      x13=00001f80 x13:00002000
            18767500           18752 1c00175e 00379713 slli             x14, x15, 0x3       x14=00000108 x15:00000021
            18768500           18753 1c001762 00279793 slli             x15, x15, 0x2       x15=00000084 x15:00000021
            18769500           18754 1c001764 ee873733 p.bclr           x14, x14, 23, 8     x14=00000008 x14:00000108
            18770500           18755 1c001768 00d7f7b3 and              x15, x15, x13       x15=00000080 x15:00000084 x13:00001f80
            18771500           18756 1c00176a 00e787b3 add              x15, x15, x14       x15=00000088 x15:00000080 x14:00000008
            18772500           18757 1c00176c 1a104737 lui              x14, 0x1a104000     x14=1a104000
            18773500           18758 1c001770 00a767a3 p.sw             x10, x0(x14)        x10:00000065 x14:1a104000  PA:1a104088
            18777500           18762 1c001774 00008067 jalr             x0, x1, 0            x1:1c001bca
            18778500           18763 1c001bca 16a0006f jal              x0, 362            
            18780500           18765 1c001d34 00900633 add              x12, x0, x9         x12=1c002349  x9:1c002349
            18781500           18766 1c001d36 e69ff06f jal              x0, -408           
            18784500           18769 1c001b9e 00064583 lbu              x11, 0(x12)         x11=00000020 x12:1c002349  PA:1c002349
            18806500           18791 1c001ba2 00160493 addi             x9, x12, 1           x9=1c00234a x12:1c002349
            18807500           18792 1c001ba6 00059e63 bne              x11, x0, 28         x11:00000020
            18810500           18795 1c001bc2 01458563 beq              x11, x20, 10        x11:00000020 x20:00000025
            18811500           18796 1c001bc6 01200533 add              x10, x0, x18        x10=00000000 x18:00000000
            18812500           18797 1c001bc8 000980e7 jalr             x1, x19, 0           x1=1c001bca x19:1c001776
            18814500           18799 1c001776 00b00533 add              x10, x0, x11        x10=00000020 x11:00000020
            18815500           18800 1c001778 fddff06f jal              x0, -36            
            18817500           18802 1c001754 000026b7 lui              x13, 0x2000         x13=00002000
            18818500           18803 1c001756 f14027f3 csrrs            x15, x0, 0xf14      x15=00000021
            18819500           18804 1c00175a f8068693 addi             x13, x13, -128      x13=00001f80 x13:00002000
            18820500           18805 1c00175e 00379713 slli             x14, x15, 0x3       x14=00000108 x15:00000021
            18821500           18806 1c001762 00279793 slli             x15, x15, 0x2       x15=00000084 x15:00000021
            18822500           18807 1c001764 ee873733 p.bclr           x14, x14, 23, 8     x14=00000008 x14:00000108
            18823500           18808 1c001768 00d7f7b3 and              x15, x15, x13       x15=00000080 x15:00000084 x13:00001f80
            18824500           18809 1c00176a 00e787b3 add              x15, x15, x14       x15=00000088 x15:00000080 x14:00000008
            18825500           18810 1c00176c 1a104737 lui              x14, 0x1a104000     x14=1a104000
            18826500           18811 1c001770 00a767a3 p.sw             x10, x0(x14)        x10:00000020 x14:1a104000  PA:1a104088
            18830500           18815 1c001774 00008067 jalr             x0, x1, 0            x1:1c001bca
            18831500           18816 1c001bca 16a0006f jal              x0, 362            
            18833500           18818 1c001d34 00900633 add              x12, x0, x9         x12=1c00234a  x9:1c00234a
            18834500           18819 1c001d36 e69ff06f jal              x0, -408           
            18837500           18822 1c001b9e 00064583 lbu              x11, 0(x12)         x11=00000028 x12:1c00234a  PA:1c00234a
            18852500           18837 1c001ba2 00160493 addi             x9, x12, 1           x9=1c00234b x12:1c00234a
            18853500           18838 1c001ba6 00059e63 bne              x11, x0, 28         x11:00000028
            18856500           18841 1c001bc2 01458563 beq              x11, x20, 10        x11:00000028 x20:00000025
            18857500           18842 1c001bc6 01200533 add              x10, x0, x18        x10=00000000 x18:00000000
            18858500           18843 1c001bc8 000980e7 jalr             x1, x19, 0           x1=1c001bca x19:1c001776
            18860500           18845 1c001776 00b00533 add              x10, x0, x11        x10=00000028 x11:00000028
            18861500           18846 1c001778 fddff06f jal              x0, -36            
            18863500           18848 1c001754 000026b7 lui              x13, 0x2000         x13=00002000
            18864500           18849 1c001756 f14027f3 csrrs            x15, x0, 0xf14      x15=00000021
            18865500           18850 1c00175a f8068693 addi             x13, x13, -128      x13=00001f80 x13:00002000
            18866500           18851 1c00175e 00379713 slli             x14, x15, 0x3       x14=00000108 x15:00000021
            18867500           18852 1c001762 00279793 slli             x15, x15, 0x2       x15=00000084 x15:00000021
            18868500           18853 1c001764 ee873733 p.bclr           x14, x14, 23, 8     x14=00000008 x14:00000108
            18869500           18854 1c001768 00d7f7b3 and              x15, x15, x13       x15=00000080 x15:00000084 x13:00001f80
            18870500           18855 1c00176a 00e787b3 add              x15, x15, x14       x15=00000088 x15:00000080 x14:00000008
            18871500           18856 1c00176c 1a104737 lui              x14, 0x1a104000     x14=1a104000
            18872500           18857 1c001770 00a767a3 p.sw             x10, x0(x14)        x10:00000028 x14:1a104000  PA:1a104088
            18876500           18861 1c001774 00008067 jalr             x0, x1, 0            x1:1c001bca
            18877500           18862 1c001bca 16a0006f jal              x0, 362            
            18879500           18864 1c001d34 00900633 add              x12, x0, x9         x12=1c00234b  x9:1c00234b
            18880500           18865 1c001d36 e69ff06f jal              x0, -408           
            18883500           18868 1c001b9e 00064583 lbu              x11, 0(x12)         x11=00000025 x12:1c00234b  PA:1c00234b
            18901500           18886 1c001ba2 00160493 addi             x9, x12, 1           x9=1c00234c x12:1c00234b
            18902500           18887 1c001ba6 00059e63 bne              x11, x0, 28         x11:00000025
            18905500           18890 1c001bc2 01458563 beq              x11, x20, 10        x11:00000025 x20:00000025
            18908500           18893 1c001bcc 00414783 lbu              x15, 4(x2)          x15=000000xx  x2:104fe760  PA:104fe764
            18929500           18914 1c001bd0 00012423 sw               x0, 8(x2)            x2:104fe760  PA:104fe768
            18934500           18919 1c001bd2 00010623 sb               x0, 12(x2)           x2:104fe760  PA:104fe76c
            18935500           18920 1c001bd6 c00027b3 p.insert         x15, x0, 0, 0       x15=000000xX x15:000000xx
            18936500           18921 1c001bda c01027b3 p.insert         x15, x0, 0, 1       x15=000000xX x15:000000xX
            18952500           18937 1c001bde c03027b3 p.insert         x15, x0, 0, 3       x15=000000xX x15:000000xX
            18953500           18938 1c001be2 00f10223 sb               x15, 4(x2)          x15:000000xX  x2:104fe760  PA:104fe764
            18955500           18940 1c001be6 00000713 addi             x14, x0, 0          x14=00000000
            18956500           18941 1c001be8 00000613 addi             x12, x0, 0          x12=00000000
            18957500           18942 1c001bea 00000693 addi             x13, x0, 0          x13=00000000
            18958500           18943 1c001bec 00000513 addi             x10, x0, 0          x10=00000000
            18959500           18944 1c001bee 00000593 addi             x11, x0, 0          x11=00000000
            18974500           18959 1c001bf0 03000813 addi             x16, x0, 48         x16=00000030
            18975500           18960 1c001bf4 02300893 addi             x17, x0, 35         x17=00000023
            18976500           18961 1c001bf8 0004c783 lbu              x15, 0(x9)          x15=00000069  x9:1c00234c  PA:1c00234c
            18995500           18980 1c001bfc 00148c13 addi             x24, x9, 1          x24=1c00234d  x9:1c00234c
            19000500           18985 1c001c00 04079163 bne              x15, x0, 66         x15:00000069
            19021500           19006 1c001c42 01778c63 beq              x15, x23, 24        x15:00000069 x23:0000002d
            19022500           19007 1c001c46 01078663 beq              x15, x16, 12        x15:00000069 x16:00000030
            19023500           19008 1c001c4a fb179ce3 bne              x15, x17, -72       x15:00000069 x17:00000023
            19043500           19028 1c001c02 00050763 beq              x10, x0, 14         x10:00000000
            19066500           19051 1c001c10 00060763 beq              x12, x0, 14         x12:00000000
            19069500           19054 1c001c1e 00070763 beq              x14, x0, 14         x14:00000000
            19088500           19073 1c001c2c fd078713 addi             x14, x15, -48       x14=00000039 x15:00000069
            19105500           19090 1c001c30 0ff77713 andi             x14, x14, 255       x14=00000039 x14:00000039
            19106500           19091 1c001c34 00900693 addi             x13, x0, 9          x13=00000009
            19107500           19092 1c001c36 04e6eb63 bltu             x13, x14, 86        x13:00000009 x14:00000039
            19128500           19113 1c001c8c 02e00713 addi             x14, x0, 46         x14=0000002e
            19145500           19130 1c001c90 02e79163 bne              x15, x14, 34        x15:00000069 x14:0000002e
            19165500           19150 1c001cb2 07a00713 addi             x14, x0, 122        x14=0000007a
            19166500           19151 1c001cb6 04e79263 bne              x15, x14, 68        x15:00000069 x14:0000007a
            19214500           19199 1c001cfa 06c00713 addi             x14, x0, 108        x14=0000006c
            19242500           19227 1c001cfe 20e79463 bne              x15, x14, 520       x15:00000069 x14:0000006c
            19261500           19246 1c001f06 06900713 addi             x14, x0, 105        x14=00000069
            19262500           19247 1c001f0a 02e78a63 beq              x15, x14, 52        x15:00000069 x14:00000069
            19304500           19289 1c001f3e 018004b3 add              x9, x0, x24          x9=1c00234d x24:1c00234d
            19322500           19307 1c001f40 00000793 addi             x15, x0, 0          x15=00000000
            19323500           19308 1c001f42 e09ff06f jal              x0, -504           
            19345500           19330 1c001d4a 00a00713 addi             x14, x0, 10         x14=0000000a
            19346500           19331 1c001d4c 00e12823 sw               x14, 16(x2)         x14:0000000a  x2:104fe760  PA:104fe770
            19367500           19352 1c001d4e 0e27b363 p.bneimm         x15, 230            x15:00000000
            19397500           19382 1c001e34 00440c13 addi             x24, x8, 4          x24=104fe7e8  x8:104fe7e4
            19398500           19383 1c001e38 00042503 lw               x10, 0(x8)          x10=00000001  x8:104fe7e4  PA:104fe7e4
            19399500           19384 1c001e3a 0017bd63 p.bneimm         x15, 26             x15:00000000
            19453500           19438 1c001e54 00055863 bge              x10, x0, 16         x10:00000001
            19477500           19462 1c001e64 00410593 addi             x11, x2, 4          x11=104fe764  x2:104fe760
            19478500           19463 1c001e66 b99ff0ef jal              x1, -1128            x1=1c001e68
            19507500           19492 1c0019fe 0105a683 lw               x13, 16(x11)        x13=104fe778 x11:104fe764  PA:104fe774
            19527500           19512 1c001a00 00c5a703 lw               x14, 12(x11)        x14=0000000a x11:104fe764  PA:104fe770
            19528500           19513 1c001a02 00100793 addi             x15, x0, 1          x15=00000001
            19529500           19514 1c001a04 02f55633 divu             x12, x10, x15       x12=00000001 x10:00000001 x15:00000001
            19563500           19548 1c001a08 00e67863 bgeu             x12, x14, 16        x12:00000001 x14:0000000a
            19564500           19549 1c001a0c 00000613 addi             x12, x0, 0          x12=00000000
            19565500           19550 1c001a0e 00900313 addi             x6, x0, 9            x6=00000009
            19566500           19551 1c001a10 00079763 bne              x15, x0, 14         x15:00000001
            19569500           19554 1c001a1e 00c5a703 lw               x14, 12(x11)        x14=0000000a x11:104fe764  PA:104fe770
            19594500           19579 1c001a20 02f55833 divu             x16, x10, x15       x16=00000001 x10:00000001 x15:00000001
            19628500           19613 1c001a24 02f57533 remu             x10, x10, x15       x10=00000000 x10:00000001 x15:00000001
            19662500           19647 1c001a28 02e7d7b3 divu             x15, x15, x14       x15=00000000 x15:00000001 x14:0000000a
            19693500           19678 1c001a2c 00061763 bne              x12, x0, 14         x12:00000000
            19694500           19679 1c001a2e 01004663 blt              x0, x16, 12         x16:00000001
            19697500           19682 1c001a3a 03000713 addi             x14, x0, 48         x14=00000030
            19719500           19704 1c001a3e 01035c63 bge              x6, x16, 24          x6:00000009 x16:00000001
            19740500           19725 1c001a56 01070733 add              x14, x14, x16       x14=00000031 x14:00000030 x16:00000001
            19741500           19726 1c001a58 00e68023 sb               x14, 0(x13)         x14:00000031 x13:104fe778  PA:104fe778
            19742500           19727 1c001a5c 00160613 addi             x12, x12, 1         x12=00000001 x12:00000000
            19743500           19728 1c001a5e 00168693 addi             x13, x13, 1         x13=104fe779 x13:104fe778
            19760500           19745 1c001a60 fb1ff06f jal              x0, -80            
            19762500           19747 1c001a10 00079763 bne              x15, x0, 14         x15:00000000
            19763500           19748 1c001a12 00068023 sb               x0, 0(x13)          x13:104fe779  PA:104fe779
            19770500           19755 1c001a16 00008067 jalr             x0, x1, 0            x1:1c001e68
            19771500           19756 1c001e68 f17ff06f jal              x0, -234           
            19786500           19771 1c001d7e 00410613 addi             x12, x2, 4          x12=104fe764  x2:104fe760
            19806500           19791 1c001d80 013005b3 add              x11, x0, x19        x11=1c001776 x19:1c001776
            19807500           19792 1c001d82 01200533 add              x10, x0, x18        x10=00000000 x18:00000000
            19808500           19793 1c001d84 cdfff0ef jal              x1, -802             x1=1c001d86
            19810500           19795 1c001a62 fe010113 addi             x2, x2, -32          x2=104fe740  x2:104fe760
            19811500           19796 1c001a64 00812c23 sw               x8, 24(x2)           x8:104fe7e4  x2:104fe740  PA:104fe758
            19813500           19798 1c001a66 01062783 lw               x15, 16(x12)        x15=104fe778 x12:104fe764  PA:104fe774
            19814500           19799 1c001a68 00462403 lw               x8, 4(x12)           x8=00000000 x12:104fe764  PA:104fe768
            19815500           19800 1c001a6a 00912a23 sw               x9, 20(x2)           x9:1c00234d  x2:104fe740  PA:104fe754
            19816500           19801 1c001a6c 01212823 sw               x18, 16(x2)         x18:00000000  x2:104fe740  PA:104fe750
            19817500           19802 1c001a6e 01312623 sw               x19, 12(x2)         x19:1c001776  x2:104fe740  PA:104fe74c
            19835500           19820 1c001a70 00112e23 sw               x1, 28(x2)           x1:1c001d86  x2:104fe740  PA:104fe75c
            19836500           19821 1c001a72 01412423 sw               x20, 8(x2)          x20:00000025  x2:104fe740  PA:104fe748
            19837500           19822 1c001a74 00a00933 add              x18, x0, x10        x18=00000000 x10:00000000
            19838500           19823 1c001a76 00b009b3 add              x19, x0, x11        x19=1c001776 x11:1c001776
            19839500           19824 1c001a78 00c004b3 add              x9, x0, x12          x9=104fe764 x12:104fe764
            19840500           19825 1c001a7a 0017c70b p.lbu            x14, 1(x15!)        x14=00000031 x15=104fe779 x15:104fe778  PA:104fe778
            19842500           19827 1c001a7e 00070363 beq              x14, x0, 6          x14:00000031
            19862500           19847 1c001a80 08804863 blt              x0, x8, 144          x8:00000000
            19863500           19848 1c001a84 0084c783 lbu              x15, 8(x9)          x15=00000000  x9:104fe764  PA:104fe76c
            19870500           19855 1c001a88 00078263 beq              x15, x0, 4          x15:00000000
            19873500           19858 1c001a8c 0004c783 lbu              x15, 0(x9)          x15=000000xX  x9:104fe764  PA:104fe764
            19886500           19871 1c001a90 0027f713 andi             x14, x15, 2         x14=00000000 x15:000000xX
            19887500           19872 1c001a94 00070663 beq              x14, x0, 12         x14:00000000
            19906500           19891 1c001aa0 0097f793 andi             x15, x15, 9         x15=00000000 x15:000000xX
            19907500           19892 1c001aa2 00800a33 add              x20, x0, x8         x20=00000000  x8:00000000
            19908500           19893 1c001aa4 08078163 beq              x15, x0, 130        x15:00000000
            19928500           19913 1c001b26 ff404be3 blt              x0, x20, -10        x20:00000000
            19929500           19914 1c001b2a fff40793 addi             x15, x8, -1         x15=ffffffff  x8:00000000
            19951500           19936 1c001b2e 04046433 p.max            x8, x8, x0           x8=00000000  x8:00000000
            19952500           19937 1c001b32 40878433 sub              x8, x15, x8          x8=ffffffff x15:ffffffff  x8:00000000
            19953500           19938 1c001b36 f71ff06f jal              x0, -144           
            19955500           19940 1c001aa6 0084c583 lbu              x11, 8(x9)          x11=00000000  x9:104fe764  PA:104fe76c
            19961500           19946 1c001aaa 00058363 beq              x11, x0, 6          x11:00000000
            19977500           19962 1c001ab0 0004c783 lbu              x15, 0(x9)          x15=000000xX  x9:104fe764  PA:104fe764
            19985500           19970 1c001ab4 0027f793 andi             x15, x15, 2         x15=00000000 x15:000000xX
            19986500           19971 1c001ab6 02078363 beq              x15, x0, 38         x15:00000000
            20000500           19985 1c001adc 0004c783 lbu              x15, 0(x9)          x15=000000xX  x9:104fe764  PA:104fe764
            20018500           20003 1c001ae0 00800a33 add              x20, x0, x8         x20=ffffffff  x8:ffffffff
            20019500           20004 1c001ae2 fc17b7b3 p.bclr           x15, x15, 30, 1     x15=00000000 x15:000000xX
            20020500           20005 1c001ae6 06079363 bne              x15, x0, 102        x15:00000000
            20021500           20006 1c001ae8 0104aa03 lw               x20, 16(x9)         x20=104fe778  x9:104fe764  PA:104fe774
            20029500           20014 1c001aec 001a458b p.lbu            x11, 1(x20!)        x11=00000031 x20=104fe779 x20:104fe778  PA:104fe778
            20039500           20024 1c001af0 06059763 bne              x11, x0, 110        x11:00000031
            20059500           20044 1c001b5e 01200533 add              x10, x0, x18        x10=00000000 x18:00000000
            20077500           20062 1c001b60 000980e7 jalr             x1, x19, 0           x1=1c001b62 x19:1c001776
            20079500           20064 1c001776 00b00533 add              x10, x0, x11        x10=00000031 x11:00000031
            20080500           20065 1c001778 fddff06f jal              x0, -36            
            20082500           20067 1c001754 000026b7 lui              x13, 0x2000         x13=00002000
            20083500           20068 1c001756 f14027f3 csrrs            x15, x0, 0xf14      x15=00000021
            20084500           20069 1c00175a f8068693 addi             x13, x13, -128      x13=00001f80 x13:00002000
            20085500           20070 1c00175e 00379713 slli             x14, x15, 0x3       x14=00000108 x15:00000021
            20086500           20071 1c001762 00279793 slli             x15, x15, 0x2       x15=00000084 x15:00000021
            20087500           20072 1c001764 ee873733 p.bclr           x14, x14, 23, 8     x14=00000008 x14:00000108
            20088500           20073 1c001768 00d7f7b3 and              x15, x15, x13       x15=00000080 x15:00000084 x13:00001f80
            20089500           20074 1c00176a 00e787b3 add              x15, x15, x14       x15=00000088 x15:00000080 x14:00000008
            20090500           20075 1c00176c 1a104737 lui              x14, 0x1a104000     x14=1a104000
            20091500           20076 1c001770 00a767a3 p.sw             x10, x0(x14)        x10:00000031 x14:1a104000  PA:1a104088
            20095500           20080 1c001774 00008067 jalr             x0, x1, 0            x1:1c001b62
            20096500           20081 1c001b62 f8bff06f jal              x0, -118           
            20098500           20083 1c001aec 001a458b p.lbu            x11, 1(x20!)        x11=00000000 x20=104fe77a x20:104fe779  PA:104fe779
            20104500           20089 1c001af0 06059763 bne              x11, x0, 110        x11:00000000
            20105500           20090 1c001af2 0004c783 lbu              x15, 0(x9)          x15=000000xX  x9:104fe764  PA:104fe764
            20107500           20092 1c001af6 0097f793 andi             x15, x15, 9         x15=00000000 x15:000000xX
            20108500           20093 1c001af8 0087b463 p.bneimm         x15, 8              x15:00000000
            20123500           20108 1c001b00 01c12083 lw               x1, 28(x2)           x1=1c001d86  x2:104fe740  PA:104fe75c
            20124500           20109 1c001b02 01812403 lw               x8, 24(x2)           x8=104fe7e4  x2:104fe740  PA:104fe758
            20125500           20110 1c001b04 01412483 lw               x9, 20(x2)           x9=1c00234d  x2:104fe740  PA:104fe754
            20126500           20111 1c001b06 01012903 lw               x18, 16(x2)         x18=00000000  x2:104fe740  PA:104fe750
            20127500           20112 1c001b08 00c12983 lw               x19, 12(x2)         x19=1c001776  x2:104fe740  PA:104fe74c
            20128500           20113 1c001b0a 00812a03 lw               x20, 8(x2)          x20=00000025  x2:104fe740  PA:104fe748
            20129500           20114 1c001b0c 02010113 addi             x2, x2, 32           x2=104fe760  x2:104fe740
            20130500           20115 1c001b0e 00008067 jalr             x0, x1, 0            x1:1c001d86
            20152500           20137 1c001d86 01800433 add              x8, x0, x24          x8=104fe7e8 x24:104fe7e8
            20153500           20138 1c001d88 fadff06f jal              x0, -84            
            20155500           20140 1c001d34 00900633 add              x12, x0, x9         x12=1c00234d  x9:1c00234d
            20156500           20141 1c001d36 e69ff06f jal              x0, -408           
            20159500           20144 1c001b9e 00064583 lbu              x11, 0(x12)         x11=0000002c x12:1c00234d  PA:1c00234d
            20174500           20159 1c001ba2 00160493 addi             x9, x12, 1           x9=1c00234e x12:1c00234d
            20175500           20160 1c001ba6 00059e63 bne              x11, x0, 28         x11:0000002c
            20178500           20163 1c001bc2 01458563 beq              x11, x20, 10        x11:0000002c x20:00000025
            20179500           20164 1c001bc6 01200533 add              x10, x0, x18        x10=00000000 x18:00000000
            20180500           20165 1c001bc8 000980e7 jalr             x1, x19, 0           x1=1c001bca x19:1c001776
            20182500           20167 1c001776 00b00533 add              x10, x0, x11        x10=0000002c x11:0000002c
            20183500           20168 1c001778 fddff06f jal              x0, -36            
            20185500           20170 1c001754 000026b7 lui              x13, 0x2000         x13=00002000
            20186500           20171 1c001756 f14027f3 csrrs            x15, x0, 0xf14      x15=00000021
            20187500           20172 1c00175a f8068693 addi             x13, x13, -128      x13=00001f80 x13:00002000
            20188500           20173 1c00175e 00379713 slli             x14, x15, 0x3       x14=00000108 x15:00000021
            20189500           20174 1c001762 00279793 slli             x15, x15, 0x2       x15=00000084 x15:00000021
            20190500           20175 1c001764 ee873733 p.bclr           x14, x14, 23, 8     x14=00000008 x14:00000108
            20191500           20176 1c001768 00d7f7b3 and              x15, x15, x13       x15=00000080 x15:00000084 x13:00001f80
            20192500           20177 1c00176a 00e787b3 add              x15, x15, x14       x15=00000088 x15:00000080 x14:00000008
            20193500           20178 1c00176c 1a104737 lui              x14, 0x1a104000     x14=1a104000
            20194500           20179 1c001770 00a767a3 p.sw             x10, x0(x14)        x10:0000002c x14:1a104000  PA:1a104088
            20198500           20183 1c001774 00008067 jalr             x0, x1, 0            x1:1c001bca
            20199500           20184 1c001bca 16a0006f jal              x0, 362            
            20201500           20186 1c001d34 00900633 add              x12, x0, x9         x12=1c00234e  x9:1c00234e
            20202500           20187 1c001d36 e69ff06f jal              x0, -408           
            20205500           20190 1c001b9e 00064583 lbu              x11, 0(x12)         x11=00000020 x12:1c00234e  PA:1c00234e
            20221500           20206 1c001ba2 00160493 addi             x9, x12, 1           x9=1c00234f x12:1c00234e
            20222500           20207 1c001ba6 00059e63 bne              x11, x0, 28         x11:00000020
            20225500           20210 1c001bc2 01458563 beq              x11, x20, 10        x11:00000020 x20:00000025
            20226500           20211 1c001bc6 01200533 add              x10, x0, x18        x10=00000000 x18:00000000
            20227500           20212 1c001bc8 000980e7 jalr             x1, x19, 0           x1=1c001bca x19:1c001776
            20229500           20214 1c001776 00b00533 add              x10, x0, x11        x10=00000020 x11:00000020
            20230500           20215 1c001778 fddff06f jal              x0, -36            
            20232500           20217 1c001754 000026b7 lui              x13, 0x2000         x13=00002000
            20233500           20218 1c001756 f14027f3 csrrs            x15, x0, 0xf14      x15=00000021
            20234500           20219 1c00175a f8068693 addi             x13, x13, -128      x13=00001f80 x13:00002000
            20235500           20220 1c00175e 00379713 slli             x14, x15, 0x3       x14=00000108 x15:00000021
            20236500           20221 1c001762 00279793 slli             x15, x15, 0x2       x15=00000084 x15:00000021
            20237500           20222 1c001764 ee873733 p.bclr           x14, x14, 23, 8     x14=00000008 x14:00000108
            20238500           20223 1c001768 00d7f7b3 and              x15, x15, x13       x15=00000080 x15:00000084 x13:00001f80
            20239500           20224 1c00176a 00e787b3 add              x15, x15, x14       x15=00000088 x15:00000080 x14:00000008
            20240500           20225 1c00176c 1a104737 lui              x14, 0x1a104000     x14=1a104000
            20241500           20226 1c001770 00a767a3 p.sw             x10, x0(x14)        x10:00000020 x14:1a104000  PA:1a104088
            20245500           20230 1c001774 00008067 jalr             x0, x1, 0            x1:1c001bca
            20246500           20231 1c001bca 16a0006f jal              x0, 362            
            20248500           20233 1c001d34 00900633 add              x12, x0, x9         x12=1c00234f  x9:1c00234f
            20249500           20234 1c001d36 e69ff06f jal              x0, -408           
            20252500           20237 1c001b9e 00064583 lbu              x11, 0(x12)         x11=00000025 x12:1c00234f  PA:1c00234f
            20266500           20251 1c001ba2 00160493 addi             x9, x12, 1           x9=1c002350 x12:1c00234f
            20267500           20252 1c001ba6 00059e63 bne              x11, x0, 28         x11:00000025
            20270500           20255 1c001bc2 01458563 beq              x11, x20, 10        x11:00000025 x20:00000025
            20273500           20258 1c001bcc 00414783 lbu              x15, 4(x2)          x15=000000xX  x2:104fe760  PA:104fe764
            20274500           20259 1c001bd0 00012423 sw               x0, 8(x2)            x2:104fe760  PA:104fe768
            20275500           20260 1c001bd2 00010623 sb               x0, 12(x2)           x2:104fe760  PA:104fe76c
            20276500           20261 1c001bd6 c00027b3 p.insert         x15, x0, 0, 0       x15=000000xX x15:000000xX
            20277500           20262 1c001bda c01027b3 p.insert         x15, x0, 0, 1       x15=000000xX x15:000000xX
            20278500           20263 1c001bde c03027b3 p.insert         x15, x0, 0, 3       x15=000000xX x15:000000xX
            20279500           20264 1c001be2 00f10223 sb               x15, 4(x2)          x15:000000xX  x2:104fe760  PA:104fe764
            20280500           20265 1c001be6 00000713 addi             x14, x0, 0          x14=00000000
            20281500           20266 1c001be8 00000613 addi             x12, x0, 0          x12=00000000
            20282500           20267 1c001bea 00000693 addi             x13, x0, 0          x13=00000000
            20283500           20268 1c001bec 00000513 addi             x10, x0, 0          x10=00000000
            20284500           20269 1c001bee 00000593 addi             x11, x0, 0          x11=00000000
            20285500           20270 1c001bf0 03000813 addi             x16, x0, 48         x16=00000030
            20286500           20271 1c001bf4 02300893 addi             x17, x0, 35         x17=00000023
            20287500           20272 1c001bf8 0004c783 lbu              x15, 0(x9)          x15=00000069  x9:1c002350  PA:1c002350
            20301500           20286 1c001bfc 00148c13 addi             x24, x9, 1          x24=1c002351  x9:1c002350
            20302500           20287 1c001c00 04079163 bne              x15, x0, 66         x15:00000069
            20305500           20290 1c001c42 01778c63 beq              x15, x23, 24        x15:00000069 x23:0000002d
            20306500           20291 1c001c46 01078663 beq              x15, x16, 12        x15:00000069 x16:00000030
            20307500           20292 1c001c4a fb179ce3 bne              x15, x17, -72       x15:00000069 x17:00000023
            20310500           20295 1c001c02 00050763 beq              x10, x0, 14         x10:00000000
            20313500           20298 1c001c10 00060763 beq              x12, x0, 14         x12:00000000
            20316500           20301 1c001c1e 00070763 beq              x14, x0, 14         x14:00000000
            20319500           20304 1c001c2c fd078713 addi             x14, x15, -48       x14=00000039 x15:00000069
            20320500           20305 1c001c30 0ff77713 andi             x14, x14, 255       x14=00000039 x14:00000039
            20321500           20306 1c001c34 00900693 addi             x13, x0, 9          x13=00000009
            20322500           20307 1c001c36 04e6eb63 bltu             x13, x14, 86        x13:00000009 x14:00000039
            20325500           20310 1c001c8c 02e00713 addi             x14, x0, 46         x14=0000002e
            20326500           20311 1c001c90 02e79163 bne              x15, x14, 34        x15:00000069 x14:0000002e
            20329500           20314 1c001cb2 07a00713 addi             x14, x0, 122        x14=0000007a
            20330500           20315 1c001cb6 04e79263 bne              x15, x14, 68        x15:00000069 x14:0000007a
            20333500           20318 1c001cfa 06c00713 addi             x14, x0, 108        x14=0000006c
            20335500           20320 1c001cfe 20e79463 bne              x15, x14, 520       x15:00000069 x14:0000006c
            20338500           20323 1c001f06 06900713 addi             x14, x0, 105        x14=00000069
            20339500           20324 1c001f0a 02e78a63 beq              x15, x14, 52        x15:00000069 x14:00000069
            20342500           20327 1c001f3e 018004b3 add              x9, x0, x24          x9=1c002351 x24:1c002351
            20343500           20328 1c001f40 00000793 addi             x15, x0, 0          x15=00000000
            20344500           20329 1c001f42 e09ff06f jal              x0, -504           
            20346500           20331 1c001d4a 00a00713 addi             x14, x0, 10         x14=0000000a
            20347500           20332 1c001d4c 00e12823 sw               x14, 16(x2)         x14:0000000a  x2:104fe760  PA:104fe770
            20348500           20333 1c001d4e 0e27b363 p.bneimm         x15, 230            x15:00000000
            20351500           20336 1c001e34 00440c13 addi             x24, x8, 4          x24=104fe7ec  x8:104fe7e8
            20352500           20337 1c001e38 00042503 lw               x10, 0(x8)          x10=00000001  x8:104fe7e8  PA:104fe7e8
            20353500           20338 1c001e3a 0017bd63 p.bneimm         x15, 26             x15:00000000
            20356500           20341 1c001e54 00055863 bge              x10, x0, 16         x10:00000001
            20359500           20344 1c001e64 00410593 addi             x11, x2, 4          x11=104fe764  x2:104fe760
            20360500           20345 1c001e66 b99ff0ef jal              x1, -1128            x1=1c001e68
            20362500           20347 1c0019fe 0105a683 lw               x13, 16(x11)        x13=104fe778 x11:104fe764  PA:104fe774
            20363500           20348 1c001a00 00c5a703 lw               x14, 12(x11)        x14=0000000a x11:104fe764  PA:104fe770
            20365500           20350 1c001a02 00100793 addi             x15, x0, 1          x15=00000001
            20366500           20351 1c001a04 02f55633 divu             x12, x10, x15       x12=00000001 x10:00000001 x15:00000001
            20400500           20385 1c001a08 00e67863 bgeu             x12, x14, 16        x12:00000001 x14:0000000a
            20401500           20386 1c001a0c 00000613 addi             x12, x0, 0          x12=00000000
            20402500           20387 1c001a0e 00900313 addi             x6, x0, 9            x6=00000009
            20403500           20388 1c001a10 00079763 bne              x15, x0, 14         x15:00000001
            20406500           20391 1c001a1e 00c5a703 lw               x14, 12(x11)        x14=0000000a x11:104fe764  PA:104fe770
            20407500           20392 1c001a20 02f55833 divu             x16, x10, x15       x16=00000001 x10:00000001 x15:00000001
            20441500           20426 1c001a24 02f57533 remu             x10, x10, x15       x10=00000000 x10:00000001 x15:00000001
            20475500           20460 1c001a28 02e7d7b3 divu             x15, x15, x14       x15=00000000 x15:00000001 x14:0000000a
            20506500           20491 1c001a2c 00061763 bne              x12, x0, 14         x12:00000000
            20507500           20492 1c001a2e 01004663 blt              x0, x16, 12         x16:00000001
            20510500           20495 1c001a3a 03000713 addi             x14, x0, 48         x14=00000030
            20512500           20497 1c001a3e 01035c63 bge              x6, x16, 24          x6:00000009 x16:00000001
            20515500           20500 1c001a56 01070733 add              x14, x14, x16       x14=00000031 x14:00000030 x16:00000001
            20516500           20501 1c001a58 00e68023 sb               x14, 0(x13)         x14:00000031 x13:104fe778  PA:104fe778
            20517500           20502 1c001a5c 00160613 addi             x12, x12, 1         x12=00000001 x12:00000000
            20518500           20503 1c001a5e 00168693 addi             x13, x13, 1         x13=104fe779 x13:104fe778
            20519500           20504 1c001a60 fb1ff06f jal              x0, -80            
            20521500           20506 1c001a10 00079763 bne              x15, x0, 14         x15:00000000
            20522500           20507 1c001a12 00068023 sb               x0, 0(x13)          x13:104fe779  PA:104fe779
            20523500           20508 1c001a16 00008067 jalr             x0, x1, 0            x1:1c001e68
            20525500           20510 1c001e68 f17ff06f jal              x0, -234           
            20527500           20512 1c001d7e 00410613 addi             x12, x2, 4          x12=104fe764  x2:104fe760
            20528500           20513 1c001d80 013005b3 add              x11, x0, x19        x11=1c001776 x19:1c001776
            20529500           20514 1c001d82 01200533 add              x10, x0, x18        x10=00000000 x18:00000000
            20530500           20515 1c001d84 cdfff0ef jal              x1, -802             x1=1c001d86
            20532500           20517 1c001a62 fe010113 addi             x2, x2, -32          x2=104fe740  x2:104fe760
            20533500           20518 1c001a64 00812c23 sw               x8, 24(x2)           x8:104fe7e8  x2:104fe740  PA:104fe758
            20534500           20519 1c001a66 01062783 lw               x15, 16(x12)        x15=104fe778 x12:104fe764  PA:104fe774
            20535500           20520 1c001a68 00462403 lw               x8, 4(x12)           x8=00000000 x12:104fe764  PA:104fe768
            20536500           20521 1c001a6a 00912a23 sw               x9, 20(x2)           x9:1c002351  x2:104fe740  PA:104fe754
            20537500           20522 1c001a6c 01212823 sw               x18, 16(x2)         x18:00000000  x2:104fe740  PA:104fe750
            20538500           20523 1c001a6e 01312623 sw               x19, 12(x2)         x19:1c001776  x2:104fe740  PA:104fe74c
            20539500           20524 1c001a70 00112e23 sw               x1, 28(x2)           x1:1c001d86  x2:104fe740  PA:104fe75c
            20540500           20525 1c001a72 01412423 sw               x20, 8(x2)          x20:00000025  x2:104fe740  PA:104fe748
            20541500           20526 1c001a74 00a00933 add              x18, x0, x10        x18=00000000 x10:00000000
            20542500           20527 1c001a76 00b009b3 add              x19, x0, x11        x19=1c001776 x11:1c001776
            20543500           20528 1c001a78 00c004b3 add              x9, x0, x12          x9=104fe764 x12:104fe764
            20544500           20529 1c001a7a 0017c70b p.lbu            x14, 1(x15!)        x14=00000031 x15=104fe779 x15:104fe778  PA:104fe778
            20546500           20531 1c001a7e 00070363 beq              x14, x0, 6          x14:00000031
            20547500           20532 1c001a80 08804863 blt              x0, x8, 144          x8:00000000
            20548500           20533 1c001a84 0084c783 lbu              x15, 8(x9)          x15=00000000  x9:104fe764  PA:104fe76c
            20550500           20535 1c001a88 00078263 beq              x15, x0, 4          x15:00000000
            20553500           20538 1c001a8c 0004c783 lbu              x15, 0(x9)          x15=000000xX  x9:104fe764  PA:104fe764
            20555500           20540 1c001a90 0027f713 andi             x14, x15, 2         x14=00000000 x15:000000xX
            20556500           20541 1c001a94 00070663 beq              x14, x0, 12         x14:00000000
            20559500           20544 1c001aa0 0097f793 andi             x15, x15, 9         x15=00000000 x15:000000xX
            20560500           20545 1c001aa2 00800a33 add              x20, x0, x8         x20=00000000  x8:00000000
            20561500           20546 1c001aa4 08078163 beq              x15, x0, 130        x15:00000000
            20564500           20549 1c001b26 ff404be3 blt              x0, x20, -10        x20:00000000
            20565500           20550 1c001b2a fff40793 addi             x15, x8, -1         x15=ffffffff  x8:00000000
            20566500           20551 1c001b2e 04046433 p.max            x8, x8, x0           x8=00000000  x8:00000000
            20567500           20552 1c001b32 40878433 sub              x8, x15, x8          x8=ffffffff x15:ffffffff  x8:00000000
            20568500           20553 1c001b36 f71ff06f jal              x0, -144           
            20570500           20555 1c001aa6 0084c583 lbu              x11, 8(x9)          x11=00000000  x9:104fe764  PA:104fe76c
            20572500           20557 1c001aaa 00058363 beq              x11, x0, 6          x11:00000000
            20575500           20560 1c001ab0 0004c783 lbu              x15, 0(x9)          x15=000000xX  x9:104fe764  PA:104fe764
            20577500           20562 1c001ab4 0027f793 andi             x15, x15, 2         x15=00000000 x15:000000xX
            20578500           20563 1c001ab6 02078363 beq              x15, x0, 38         x15:00000000
            20581500           20566 1c001adc 0004c783 lbu              x15, 0(x9)          x15=000000xX  x9:104fe764  PA:104fe764
            20582500           20567 1c001ae0 00800a33 add              x20, x0, x8         x20=ffffffff  x8:ffffffff
            20583500           20568 1c001ae2 fc17b7b3 p.bclr           x15, x15, 30, 1     x15=00000000 x15:000000xX
            20584500           20569 1c001ae6 06079363 bne              x15, x0, 102        x15:00000000
            20585500           20570 1c001ae8 0104aa03 lw               x20, 16(x9)         x20=104fe778  x9:104fe764  PA:104fe774
            20587500           20572 1c001aec 001a458b p.lbu            x11, 1(x20!)        x11=00000031 x20=104fe779 x20:104fe778  PA:104fe778
            20589500           20574 1c001af0 06059763 bne              x11, x0, 110        x11:00000031
            20592500           20577 1c001b5e 01200533 add              x10, x0, x18        x10=00000000 x18:00000000
            20593500           20578 1c001b60 000980e7 jalr             x1, x19, 0           x1=1c001b62 x19:1c001776
            20595500           20580 1c001776 00b00533 add              x10, x0, x11        x10=00000031 x11:00000031
            20596500           20581 1c001778 fddff06f jal              x0, -36            
            20598500           20583 1c001754 000026b7 lui              x13, 0x2000         x13=00002000
            20599500           20584 1c001756 f14027f3 csrrs            x15, x0, 0xf14      x15=00000021
            20600500           20585 1c00175a f8068693 addi             x13, x13, -128      x13=00001f80 x13:00002000
            20601500           20586 1c00175e 00379713 slli             x14, x15, 0x3       x14=00000108 x15:00000021
            20602500           20587 1c001762 00279793 slli             x15, x15, 0x2       x15=00000084 x15:00000021
            20603500           20588 1c001764 ee873733 p.bclr           x14, x14, 23, 8     x14=00000008 x14:00000108
            20604500           20589 1c001768 00d7f7b3 and              x15, x15, x13       x15=00000080 x15:00000084 x13:00001f80
            20605500           20590 1c00176a 00e787b3 add              x15, x15, x14       x15=00000088 x15:00000080 x14:00000008
            20606500           20591 1c00176c 1a104737 lui              x14, 0x1a104000     x14=1a104000
            20607500           20592 1c001770 00a767a3 p.sw             x10, x0(x14)        x10:00000031 x14:1a104000  PA:1a104088
            20611500           20596 1c001774 00008067 jalr             x0, x1, 0            x1:1c001b62
            20612500           20597 1c001b62 f8bff06f jal              x0, -118           
            20614500           20599 1c001aec 001a458b p.lbu            x11, 1(x20!)        x11=00000000 x20=104fe77a x20:104fe779  PA:104fe779
            20616500           20601 1c001af0 06059763 bne              x11, x0, 110        x11:00000000
            20617500           20602 1c001af2 0004c783 lbu              x15, 0(x9)          x15=000000xX  x9:104fe764  PA:104fe764
            20619500           20604 1c001af6 0097f793 andi             x15, x15, 9         x15=00000000 x15:000000xX
            20620500           20605 1c001af8 0087b463 p.bneimm         x15, 8              x15:00000000
            20623500           20608 1c001b00 01c12083 lw               x1, 28(x2)           x1=1c001d86  x2:104fe740  PA:104fe75c
            20624500           20609 1c001b02 01812403 lw               x8, 24(x2)           x8=104fe7e8  x2:104fe740  PA:104fe758
            20625500           20610 1c001b04 01412483 lw               x9, 20(x2)           x9=1c002351  x2:104fe740  PA:104fe754
            20626500           20611 1c001b06 01012903 lw               x18, 16(x2)         x18=00000000  x2:104fe740  PA:104fe750
            20627500           20612 1c001b08 00c12983 lw               x19, 12(x2)         x19=1c001776  x2:104fe740  PA:104fe74c
            20628500           20613 1c001b0a 00812a03 lw               x20, 8(x2)          x20=00000025  x2:104fe740  PA:104fe748
            20629500           20614 1c001b0c 02010113 addi             x2, x2, 32           x2=104fe760  x2:104fe740
            20630500           20615 1c001b0e 00008067 jalr             x0, x1, 0            x1:1c001d86
            20632500           20617 1c001d86 01800433 add              x8, x0, x24          x8=104fe7ec x24:104fe7ec
            20633500           20618 1c001d88 fadff06f jal              x0, -84            
            20635500           20620 1c001d34 00900633 add              x12, x0, x9         x12=1c002351  x9:1c002351
            20636500           20621 1c001d36 e69ff06f jal              x0, -408           
            20639500           20624 1c001b9e 00064583 lbu              x11, 0(x12)         x11=00000029 x12:1c002351  PA:1c002351
            20654500           20639 1c001ba2 00160493 addi             x9, x12, 1           x9=1c002352 x12:1c002351
            20655500           20640 1c001ba6 00059e63 bne              x11, x0, 28         x11:00000029
            20658500           20643 1c001bc2 01458563 beq              x11, x20, 10        x11:00000029 x20:00000025
            20659500           20644 1c001bc6 01200533 add              x10, x0, x18        x10=00000000 x18:00000000
            20660500           20645 1c001bc8 000980e7 jalr             x1, x19, 0           x1=1c001bca x19:1c001776
            20662500           20647 1c001776 00b00533 add              x10, x0, x11        x10=00000029 x11:00000029
            20663500           20648 1c001778 fddff06f jal              x0, -36            
            20665500           20650 1c001754 000026b7 lui              x13, 0x2000         x13=00002000
            20666500           20651 1c001756 f14027f3 csrrs            x15, x0, 0xf14      x15=00000021
            20667500           20652 1c00175a f8068693 addi             x13, x13, -128      x13=00001f80 x13:00002000
            20668500           20653 1c00175e 00379713 slli             x14, x15, 0x3       x14=00000108 x15:00000021
            20669500           20654 1c001762 00279793 slli             x15, x15, 0x2       x15=00000084 x15:00000021
            20670500           20655 1c001764 ee873733 p.bclr           x14, x14, 23, 8     x14=00000008 x14:00000108
            20671500           20656 1c001768 00d7f7b3 and              x15, x15, x13       x15=00000080 x15:00000084 x13:00001f80
            20672500           20657 1c00176a 00e787b3 add              x15, x15, x14       x15=00000088 x15:00000080 x14:00000008
            20673500           20658 1c00176c 1a104737 lui              x14, 0x1a104000     x14=1a104000
            20674500           20659 1c001770 00a767a3 p.sw             x10, x0(x14)        x10:00000029 x14:1a104000  PA:1a104088
            20678500           20663 1c001774 00008067 jalr             x0, x1, 0            x1:1c001bca
            20679500           20664 1c001bca 16a0006f jal              x0, 362            
            20681500           20666 1c001d34 00900633 add              x12, x0, x9         x12=1c002352  x9:1c002352
            20682500           20667 1c001d36 e69ff06f jal              x0, -408           
            20685500           20670 1c001b9e 00064583 lbu              x11, 0(x12)         x11=00000021 x12:1c002352  PA:1c002352
            20699500           20684 1c001ba2 00160493 addi             x9, x12, 1           x9=1c002353 x12:1c002352
            20700500           20685 1c001ba6 00059e63 bne              x11, x0, 28         x11:00000021
            20703500           20688 1c001bc2 01458563 beq              x11, x20, 10        x11:00000021 x20:00000025
            20704500           20689 1c001bc6 01200533 add              x10, x0, x18        x10=00000000 x18:00000000
            20705500           20690 1c001bc8 000980e7 jalr             x1, x19, 0           x1=1c001bca x19:1c001776
            20707500           20692 1c001776 00b00533 add              x10, x0, x11        x10=00000021 x11:00000021
            20708500           20693 1c001778 fddff06f jal              x0, -36            
            20710500           20695 1c001754 000026b7 lui              x13, 0x2000         x13=00002000
            20711500           20696 1c001756 f14027f3 csrrs            x15, x0, 0xf14      x15=00000021
            20712500           20697 1c00175a f8068693 addi             x13, x13, -128      x13=00001f80 x13:00002000
            20713500           20698 1c00175e 00379713 slli             x14, x15, 0x3       x14=00000108 x15:00000021
            20714500           20699 1c001762 00279793 slli             x15, x15, 0x2       x15=00000084 x15:00000021
            20715500           20700 1c001764 ee873733 p.bclr           x14, x14, 23, 8     x14=00000008 x14:00000108
            20716500           20701 1c001768 00d7f7b3 and              x15, x15, x13       x15=00000080 x15:00000084 x13:00001f80
            20717500           20702 1c00176a 00e787b3 add              x15, x15, x14       x15=00000088 x15:00000080 x14:00000008
            20718500           20703 1c00176c 1a104737 lui              x14, 0x1a104000     x14=1a104000
            20719500           20704 1c001770 00a767a3 p.sw             x10, x0(x14)        x10:00000021 x14:1a104000  PA:1a104088
            20723500           20708 1c001774 00008067 jalr             x0, x1, 0            x1:1c001bca
            20724500           20709 1c001bca 16a0006f jal              x0, 362            
            20726500           20711 1c001d34 00900633 add              x12, x0, x9         x12=1c002353  x9:1c002353
            20727500           20712 1c001d36 e69ff06f jal              x0, -408           
            20730500           20715 1c001b9e 00064583 lbu              x11, 0(x12)         x11=0000000a x12:1c002353  PA:1c002353
            20744500           20729 1c001ba2 00160493 addi             x9, x12, 1           x9=1c002354 x12:1c002353
            20745500           20730 1c001ba6 00059e63 bne              x11, x0, 28         x11:0000000a
            20748500           20733 1c001bc2 01458563 beq              x11, x20, 10        x11:0000000a x20:00000025
            20749500           20734 1c001bc6 01200533 add              x10, x0, x18        x10=00000000 x18:00000000
            20750500           20735 1c001bc8 000980e7 jalr             x1, x19, 0           x1=1c001bca x19:1c001776
            20752500           20737 1c001776 00b00533 add              x10, x0, x11        x10=0000000a x11:0000000a
            20753500           20738 1c001778 fddff06f jal              x0, -36            
            20755500           20740 1c001754 000026b7 lui              x13, 0x2000         x13=00002000
            20756500           20741 1c001756 f14027f3 csrrs            x15, x0, 0xf14      x15=00000021
            20757500           20742 1c00175a f8068693 addi             x13, x13, -128      x13=00001f80 x13:00002000
            20758500           20743 1c00175e 00379713 slli             x14, x15, 0x3       x14=00000108 x15:00000021
            20759500           20744 1c001762 00279793 slli             x15, x15, 0x2       x15=00000084 x15:00000021
            20760500           20745 1c001764 ee873733 p.bclr           x14, x14, 23, 8     x14=00000008 x14:00000108
            20761500           20746 1c001768 00d7f7b3 and              x15, x15, x13       x15=00000080 x15:00000084 x13:00001f80
            20762500           20747 1c00176a 00e787b3 add              x15, x15, x14       x15=00000088 x15:00000080 x14:00000008
            20763500           20748 1c00176c 1a104737 lui              x14, 0x1a104000     x14=1a104000
            20764500           20749 1c001770 00a767a3 p.sw             x10, x0(x14)        x10:0000000a x14:1a104000  PA:1a104088
            20768500           20753 1c001774 00008067 jalr             x0, x1, 0            x1:1c001bca
            20769500           20754 1c001bca 16a0006f jal              x0, 362            
            20771500           20756 1c001d34 00900633 add              x12, x0, x9         x12=1c002354  x9:1c002354
            20772500           20757 1c001d36 e69ff06f jal              x0, -408           
            20775500           20760 1c001b9e 00064583 lbu              x11, 0(x12)         x11=00000000 x12:1c002354  PA:1c002354
            20793500           20778 1c001ba2 00160493 addi             x9, x12, 1           x9=1c002355 x12:1c002354
            20794500           20779 1c001ba6 00059e63 bne              x11, x0, 28         x11:00000000
            20795500           20780 1c001ba8 05c12083 lw               x1, 92(x2)           x1=1c001834  x2:104fe760  PA:104fe7bc
            20796500           20781 1c001baa 05812403 lw               x8, 88(x2)           x8=00000000  x2:104fe760  PA:104fe7b8
            20797500           20782 1c001bac 05412483 lw               x9, 84(x2)           x9=00000000  x2:104fe760  PA:104fe7b4
            20798500           20783 1c001bae 05012903 lw               x18, 80(x2)         x18=1b204000  x2:104fe760  PA:104fe7b0
            20817500           20802 1c001bb0 04c12983 lw               x19, 76(x2)         x19=00000001  x2:104fe760  PA:104fe7ac
            20820500           20805 1c001bb2 04812a03 lw               x20, 72(x2)         x20=1c00220c  x2:104fe760  PA:104fe7a8
            20821500           20806 1c001bb4 04412a83 lw               x21, 68(x2)         x21=1c002210  x2:104fe760  PA:104fe7a4
            20822500           20807 1c001bb6 04012b03 lw               x22, 64(x2)         x22=00000000  x2:104fe760  PA:104fe7a0
            20823500           20808 1c001bb8 03c12b83 lw               x23, 60(x2)         x23=00000000  x2:104fe760  PA:104fe79c
            20824500           20809 1c001bba 03812c03 lw               x24, 56(x2)         x24=00000000  x2:104fe760  PA:104fe798
            20825500           20810 1c001bbc 03412c83 lw               x25, 52(x2)         x25=00000000  x2:104fe760  PA:104fe794
            20826500           20811 1c001bbe 06010113 addi             x2, x2, 96           x2=104fe7c0  x2:104fe760
            20827500           20812 1c001bc0 00008067 jalr             x0, x1, 0            x1:1c001834
            20829500           20814 1c001834 01c12083 lw               x1, 28(x2)           x1=1c00220c  x2:104fe7c0  PA:104fe7dc
            20830500           20815 1c001836 00000513 addi             x10, x0, 0          x10=00000000
            20831500           20816 1c001838 04010113 addi             x2, x2, 64           x2=104fe800  x2:104fe7c0
            20832500           20817 1c00183a 00008067 jalr             x0, x1, 0            x1:1c00220c
            20834500           20819 1c00220c 21c96283 p.elw            x5, 540(x18)         x5=00000000 x18:1b204000  PA:1b20421c
