                Time          Cycles PC       Instr    Mnemonic
              108500              93 1c000080 0180006f jal              x0, 24             
              131500             116 1c000098 f1402573 csrrs            x10, x0, 0xf14      x10=00000005
              132500             117 1c00009c 01f57593 andi             x11, x10, 31        x11=00000005 x10:00000005
              154500             139 1c0000a0 00555513 srli             x10, x10, 0x5       x10=00000000 x10:00000005
              155500             140 1c0000a2 00058463 beq              x11, x0, 8          x11:00000005
              156500             141 1c0000a6 05a0206f jal              x0, 8282           
              179500             164 1c002100 000702b7 lui              x5, 0x70000          x5=00070000
              180500             165 1c002104 1b204337 lui              x6, 0x1b204000       x6=1b204000
              181500             166 1c002108 00532023 sw               x5, 0(x6)            x5:00070000  x6:1b204000  PA:1b204000
              182500             167 1c00210c 0e059163 bne              x11, x0, 226        x11:00000005
              249500             234 1c0021ee 1b204937 lui              x18, 0x1b204000     x18=1b204000
              250500             235 1c0021f2 f14029f3 csrrs            x19, x0, 0xf14      x19=00000005
              251500             236 1c0021f6 01f9f993 andi             x19, x19, 31        x19=00000005 x19:00000005
              252500             237 1c0021fa 00000a17 auipc            x20, 0x0            x20=1c0021fa
              271500             256 1c0021fe 012a0a13 addi             x20, x20, 18        x20=1c00220c x20:1c0021fa
              272500             257 1c002202 00000a97 auipc            x21, 0x0            x21=1c002202
              273500             258 1c002206 00ea8a93 addi             x21, x21, 14        x21=1c002210 x21:1c002202
              274500             259 1c00220a 0060006f jal              x0, 6              
              294500             279 1c002210 08096283 p.elw            x5, 128(x18)         x5=1c00222d x18:1b204000  PA:1b204080
             9629500            9614 1c002214 08096503 p.elw            x10, 128(x18)       x10=00000800 x18:1b204000  PA:1b204080
             9637500            9622 1c002218 0012f313 andi             x6, x5, 1            x6=00000001  x5:1c00222d
             9638500            9623 1c00221c 00031563 bne              x6, x0, 10           x6:00000001
             9656500            9641 1c002226 000a80b3 add              x1, x21, x0          x1=1c002210 x21:1c002210
             9657500            9642 1c00222a 00028067 jalr             x0, x5, 0            x5:1c00222d
             9659500            9644 1c00222c 08096283 p.elw            x5, 128(x18)         x5=100fc790 x18:1b204000  PA:1b204080
             9683500            9668 1c002230 02a98533 mul              x10, x19, x10       x10=00002800 x19:00000005 x10:00000800
             9684500            9669 1c002234 00550133 add              x2, x10, x5          x2=100fef90 x10:00002800  x5:100fc790
             9685500            9670 1c002238 00008067 jalr             x0, x1, 0            x1:1c002210
             9705500            9690 1c002210 08096283 p.elw            x5, 128(x18)         x5=1c0009bc x18:1b204000  PA:1b204080
            18829500           18814 1c002214 08096503 p.elw            x10, 128(x18)       x10=00000000 x18:1b204000  PA:1b204080
            18837500           18822 1c002218 0012f313 andi             x6, x5, 1            x6=00000000  x5:1c0009bc
            18838500           18823 1c00221c 00031563 bne              x6, x0, 10           x6:00000000
            18839500           18824 1c002220 000a00b3 add              x1, x20, x0          x1=1c00220c x20:1c00220c
            18840500           18825 1c002224 00028067 jalr             x0, x5, 0            x5:1c0009bc
            18863500           18848 1c0009bc f1402673 csrrs            x12, x0, 0xf14      x12=00000005
            18883500           18868 1c0009c0 1c002537 lui              x10, 0x1c002000     x10=1c002000
            18884500           18869 1c0009c4 40565593 srai             x11, x12, 0x405     x11=00000000 x12:00000005
            18885500           18870 1c0009c8 f265b5b3 p.bclr           x11, x11, 25, 6     x11=00000000 x11:00000000
            18886500           18871 1c0009cc f4563633 p.bclr           x12, x12, 26, 5     x12=00000005 x12:00000005
            18887500           18872 1c0009d0 33c50513 addi             x10, x10, 828       x10=1c00233c x10:1c002000
            18888500           18873 1c0009d4 63d0006f jal              x0, 3644           
            18890500           18875 1c001810 fc010113 addi             x2, x2, -64          x2=100fef50  x2:100fef90
            18891500           18876 1c001812 02b12223 sw               x11, 36(x2)         x11:00000000  x2:100fef50  PA:100fef74
            18892500           18877 1c001814 1c0015b7 lui              x11, 0x1c001000     x11=1c001000
            18893500           18878 1c001818 02c12423 sw               x12, 40(x2)         x12:00000005  x2:100fef50  PA:100fef78
            18894500           18879 1c00181a 02d12623 sw               x13, 44(x2)         x13:00000000  x2:100fef50  PA:100fef7c
            18895500           18880 1c00181c 00a00633 add              x12, x0, x10        x12=1c00233c x10:1c00233c
            18896500           18881 1c00181e 02410693 addi             x13, x2, 36         x13=100fef74  x2:100fef50
            18912500           18897 1c001820 00000513 addi             x10, x0, 0          x10=00000000
            18913500           18898 1c001822 77658593 addi             x11, x11, 1910      x11=1c001776 x11:1c001000
            18914500           18899 1c001826 00112e23 sw               x1, 28(x2)           x1:1c00220c  x2:100fef50  PA:100fef6c
            18916500           18901 1c001828 02e12823 sw               x14, 48(x2)         x14:00000000  x2:100fef50  PA:100fef80
            18917500           18902 1c00182a 02f12a23 sw               x15, 52(x2)         x15:00000000  x2:100fef50  PA:100fef84
            18918500           18903 1c00182c 03012c23 sw               x16, 56(x2)         x16:00000000  x2:100fef50  PA:100fef88
            18919500           18904 1c00182e 03112e23 sw               x17, 60(x2)         x17:00000000  x2:100fef50  PA:100fef8c
            18936500           18921 1c001830 00d12623 sw               x13, 12(x2)         x13:100fef74  x2:100fef50  PA:100fef5c
            18941500           18926 1c001832 33e000ef jal              x1, 830              x1=1c001834
            18955500           18940 1c001b70 fa010113 addi             x2, x2, -96          x2=100feef0  x2:100fef50
            18956500           18941 1c001b72 01810793 addi             x15, x2, 24         x15=100fef08  x2:100feef0
            18957500           18942 1c001b74 04812c23 sw               x8, 88(x2)           x8:00000000  x2:100feef0  PA:100fef48
            18964500           18949 1c001b76 05212823 sw               x18, 80(x2)         x18:1b204000  x2:100feef0  PA:100fef40
            18966500           18951 1c001b78 05312623 sw               x19, 76(x2)         x19:00000005  x2:100feef0  PA:100fef3c
            18967500           18952 1c001b7a 05412423 sw               x20, 72(x2)         x20:1c00220c  x2:100feef0  PA:100fef38
            18968500           18953 1c001b7c 05512223 sw               x21, 68(x2)         x21:1c002210  x2:100feef0  PA:100fef34
            18969500           18954 1c001b7e 05612023 sw               x22, 64(x2)         x22:00000000  x2:100feef0  PA:100fef30
            18982500           18967 1c001b80 03712e23 sw               x23, 60(x2)         x23:00000000  x2:100feef0  PA:100fef2c
            18988500           18973 1c001b82 04112e23 sw               x1, 92(x2)           x1:1c001834  x2:100feef0  PA:100fef4c
            18989500           18974 1c001b84 04912a23 sw               x9, 84(x2)           x9:00000000  x2:100feef0  PA:100fef44
            18990500           18975 1c001b86 03812c23 sw               x24, 56(x2)         x24:00000000  x2:100feef0  PA:100fef28
            18991500           18976 1c001b88 03912a23 sw               x25, 52(x2)         x25:00000000  x2:100feef0  PA:100fef24
            18992500           18977 1c001b8a 00a00933 add              x18, x0, x10        x18=00000000 x10:00000000
            18993500           18978 1c001b8c 00b009b3 add              x19, x0, x11        x19=1c001776 x11:1c001776
            18994500           18979 1c001b8e 00d00433 add              x8, x0, x13          x8=100fef74 x13:100fef74
            19012500           18997 1c001b90 00f12a23 sw               x15, 20(x2)         x15:100fef08  x2:100feef0  PA:100fef04
            19017500           19002 1c001b92 02500a13 addi             x20, x0, 37         x20=00000025
            19018500           19003 1c001b96 02d00b93 addi             x23, x0, 45         x23=0000002d
            19019500           19004 1c001b9a 00100a93 addi             x21, x0, 1          x21=00000001
            19020500           19005 1c001b9c 00500b13 addi             x22, x0, 5          x22=00000005
            19036500           19021 1c001b9e 00064583 lbu              x11, 0(x12)         x11=00000048 x12:1c00233c  PA:1c00233c
            19062500           19047 1c001ba2 00160493 addi             x9, x12, 1           x9=1c00233d x12:1c00233c
            19063500           19048 1c001ba6 00059e63 bne              x11, x0, 28         x11:00000048
            19078500           19063 1c001bc2 01458563 beq              x11, x20, 10        x11:00000048 x20:00000025
            19079500           19064 1c001bc6 01200533 add              x10, x0, x18        x10=00000000 x18:00000000
            19080500           19065 1c001bc8 000980e7 jalr             x1, x19, 0           x1=1c001bca x19:1c001776
            19098500           19083 1c001776 00b00533 add              x10, x0, x11        x10=00000048 x11:00000048
            19099500           19084 1c001778 fddff06f jal              x0, -36            
            19101500           19086 1c001754 000026b7 lui              x13, 0x2000         x13=00002000
            19102500           19087 1c001756 f14027f3 csrrs            x15, x0, 0xf14      x15=00000005
            19103500           19088 1c00175a f8068693 addi             x13, x13, -128      x13=00001f80 x13:00002000
            19121500           19106 1c00175e 00379713 slli             x14, x15, 0x3       x14=00000028 x15:00000005
            19122500           19107 1c001762 00279793 slli             x15, x15, 0x2       x15=00000014 x15:00000005
            19123500           19108 1c001764 ee873733 p.bclr           x14, x14, 23, 8     x14=00000028 x14:00000028
            19124500           19109 1c001768 00d7f7b3 and              x15, x15, x13       x15=00000000 x15:00000014 x13:00001f80
            19125500           19110 1c00176a 00e787b3 add              x15, x15, x14       x15=00000028 x15:00000000 x14:00000028
            19126500           19111 1c00176c 1a104737 lui              x14, 0x1a104000     x14=1a104000
            19127500           19112 1c001770 00a767a3 p.sw             x10, x0(x14)        x10:00000048 x14:1a104000  PA:1a104028
            19131500           19116 1c001774 00008067 jalr             x0, x1, 0            x1:1c001bca
            19132500           19117 1c001bca 16a0006f jal              x0, 362            
            19150500           19135 1c001d34 00900633 add              x12, x0, x9         x12=1c00233d  x9:1c00233d
            19151500           19136 1c001d36 e69ff06f jal              x0, -408           
            19154500           19139 1c001b9e 00064583 lbu              x11, 0(x12)         x11=00000065 x12:1c00233d  PA:1c00233d
            19185500           19170 1c001ba2 00160493 addi             x9, x12, 1           x9=1c00233e x12:1c00233d
            19186500           19171 1c001ba6 00059e63 bne              x11, x0, 28         x11:00000065
            19189500           19174 1c001bc2 01458563 beq              x11, x20, 10        x11:00000065 x20:00000025
            19190500           19175 1c001bc6 01200533 add              x10, x0, x18        x10=00000000 x18:00000000
            19191500           19176 1c001bc8 000980e7 jalr             x1, x19, 0           x1=1c001bca x19:1c001776
            19193500           19178 1c001776 00b00533 add              x10, x0, x11        x10=00000065 x11:00000065
            19194500           19179 1c001778 fddff06f jal              x0, -36            
            19196500           19181 1c001754 000026b7 lui              x13, 0x2000         x13=00002000
            19197500           19182 1c001756 f14027f3 csrrs            x15, x0, 0xf14      x15=00000005
            19198500           19183 1c00175a f8068693 addi             x13, x13, -128      x13=00001f80 x13:00002000
            19199500           19184 1c00175e 00379713 slli             x14, x15, 0x3       x14=00000028 x15:00000005
            19200500           19185 1c001762 00279793 slli             x15, x15, 0x2       x15=00000014 x15:00000005
            19201500           19186 1c001764 ee873733 p.bclr           x14, x14, 23, 8     x14=00000028 x14:00000028
            19202500           19187 1c001768 00d7f7b3 and              x15, x15, x13       x15=00000000 x15:00000014 x13:00001f80
            19203500           19188 1c00176a 00e787b3 add              x15, x15, x14       x15=00000028 x15:00000000 x14:00000028
            19204500           19189 1c00176c 1a104737 lui              x14, 0x1a104000     x14=1a104000
            19205500           19190 1c001770 00a767a3 p.sw             x10, x0(x14)        x10:00000065 x14:1a104000  PA:1a104028
            19209500           19194 1c001774 00008067 jalr             x0, x1, 0            x1:1c001bca
            19210500           19195 1c001bca 16a0006f jal              x0, 362            
            19212500           19197 1c001d34 00900633 add              x12, x0, x9         x12=1c00233e  x9:1c00233e
            19213500           19198 1c001d36 e69ff06f jal              x0, -408           
            19216500           19201 1c001b9e 00064583 lbu              x11, 0(x12)         x11=00000079 x12:1c00233e  PA:1c00233e
            19237500           19222 1c001ba2 00160493 addi             x9, x12, 1           x9=1c00233f x12:1c00233e
            19238500           19223 1c001ba6 00059e63 bne              x11, x0, 28         x11:00000079
            19241500           19226 1c001bc2 01458563 beq              x11, x20, 10        x11:00000079 x20:00000025
            19242500           19227 1c001bc6 01200533 add              x10, x0, x18        x10=00000000 x18:00000000
            19243500           19228 1c001bc8 000980e7 jalr             x1, x19, 0           x1=1c001bca x19:1c001776
            19245500           19230 1c001776 00b00533 add              x10, x0, x11        x10=00000079 x11:00000079
            19246500           19231 1c001778 fddff06f jal              x0, -36            
            19248500           19233 1c001754 000026b7 lui              x13, 0x2000         x13=00002000
            19249500           19234 1c001756 f14027f3 csrrs            x15, x0, 0xf14      x15=00000005
            19250500           19235 1c00175a f8068693 addi             x13, x13, -128      x13=00001f80 x13:00002000
            19251500           19236 1c00175e 00379713 slli             x14, x15, 0x3       x14=00000028 x15:00000005
            19252500           19237 1c001762 00279793 slli             x15, x15, 0x2       x15=00000014 x15:00000005
            19253500           19238 1c001764 ee873733 p.bclr           x14, x14, 23, 8     x14=00000028 x14:00000028
            19254500           19239 1c001768 00d7f7b3 and              x15, x15, x13       x15=00000000 x15:00000014 x13:00001f80
            19255500           19240 1c00176a 00e787b3 add              x15, x15, x14       x15=00000028 x15:00000000 x14:00000028
            19256500           19241 1c00176c 1a104737 lui              x14, 0x1a104000     x14=1a104000
            19257500           19242 1c001770 00a767a3 p.sw             x10, x0(x14)        x10:00000079 x14:1a104000  PA:1a104028
            19261500           19246 1c001774 00008067 jalr             x0, x1, 0            x1:1c001bca
            19262500           19247 1c001bca 16a0006f jal              x0, 362            
            19264500           19249 1c001d34 00900633 add              x12, x0, x9         x12=1c00233f  x9:1c00233f
            19265500           19250 1c001d36 e69ff06f jal              x0, -408           
            19268500           19253 1c001b9e 00064583 lbu              x11, 0(x12)         x11=0000002c x12:1c00233f  PA:1c00233f
            19286500           19271 1c001ba2 00160493 addi             x9, x12, 1           x9=1c002340 x12:1c00233f
            19287500           19272 1c001ba6 00059e63 bne              x11, x0, 28         x11:0000002c
            19290500           19275 1c001bc2 01458563 beq              x11, x20, 10        x11:0000002c x20:00000025
            19291500           19276 1c001bc6 01200533 add              x10, x0, x18        x10=00000000 x18:00000000
            19292500           19277 1c001bc8 000980e7 jalr             x1, x19, 0           x1=1c001bca x19:1c001776
            19294500           19279 1c001776 00b00533 add              x10, x0, x11        x10=0000002c x11:0000002c
            19295500           19280 1c001778 fddff06f jal              x0, -36            
            19297500           19282 1c001754 000026b7 lui              x13, 0x2000         x13=00002000
            19298500           19283 1c001756 f14027f3 csrrs            x15, x0, 0xf14      x15=00000005
            19299500           19284 1c00175a f8068693 addi             x13, x13, -128      x13=00001f80 x13:00002000
            19300500           19285 1c00175e 00379713 slli             x14, x15, 0x3       x14=00000028 x15:00000005
            19301500           19286 1c001762 00279793 slli             x15, x15, 0x2       x15=00000014 x15:00000005
            19302500           19287 1c001764 ee873733 p.bclr           x14, x14, 23, 8     x14=00000028 x14:00000028
            19303500           19288 1c001768 00d7f7b3 and              x15, x15, x13       x15=00000000 x15:00000014 x13:00001f80
            19304500           19289 1c00176a 00e787b3 add              x15, x15, x14       x15=00000028 x15:00000000 x14:00000028
            19305500           19290 1c00176c 1a104737 lui              x14, 0x1a104000     x14=1a104000
            19306500           19291 1c001770 00a767a3 p.sw             x10, x0(x14)        x10:0000002c x14:1a104000  PA:1a104028
            19310500           19295 1c001774 00008067 jalr             x0, x1, 0            x1:1c001bca
            19311500           19296 1c001bca 16a0006f jal              x0, 362            
            19313500           19298 1c001d34 00900633 add              x12, x0, x9         x12=1c002340  x9:1c002340
            19314500           19299 1c001d36 e69ff06f jal              x0, -408           
            19317500           19302 1c001b9e 00064583 lbu              x11, 0(x12)         x11=00000020 x12:1c002340  PA:1c002340
            19334500           19319 1c001ba2 00160493 addi             x9, x12, 1           x9=1c002341 x12:1c002340
            19335500           19320 1c001ba6 00059e63 bne              x11, x0, 28         x11:00000020
            19338500           19323 1c001bc2 01458563 beq              x11, x20, 10        x11:00000020 x20:00000025
            19339500           19324 1c001bc6 01200533 add              x10, x0, x18        x10=00000000 x18:00000000
            19340500           19325 1c001bc8 000980e7 jalr             x1, x19, 0           x1=1c001bca x19:1c001776
            19342500           19327 1c001776 00b00533 add              x10, x0, x11        x10=00000020 x11:00000020
            19343500           19328 1c001778 fddff06f jal              x0, -36            
            19345500           19330 1c001754 000026b7 lui              x13, 0x2000         x13=00002000
            19346500           19331 1c001756 f14027f3 csrrs            x15, x0, 0xf14      x15=00000005
            19347500           19332 1c00175a f8068693 addi             x13, x13, -128      x13=00001f80 x13:00002000
            19348500           19333 1c00175e 00379713 slli             x14, x15, 0x3       x14=00000028 x15:00000005
            19349500           19334 1c001762 00279793 slli             x15, x15, 0x2       x15=00000014 x15:00000005
            19350500           19335 1c001764 ee873733 p.bclr           x14, x14, 23, 8     x14=00000028 x14:00000028
            19351500           19336 1c001768 00d7f7b3 and              x15, x15, x13       x15=00000000 x15:00000014 x13:00001f80
            19352500           19337 1c00176a 00e787b3 add              x15, x15, x14       x15=00000028 x15:00000000 x14:00000028
            19353500           19338 1c00176c 1a104737 lui              x14, 0x1a104000     x14=1a104000
            19354500           19339 1c001770 00a767a3 p.sw             x10, x0(x14)        x10:00000020 x14:1a104000  PA:1a104028
            19358500           19343 1c001774 00008067 jalr             x0, x1, 0            x1:1c001bca
            19359500           19344 1c001bca 16a0006f jal              x0, 362            
            19361500           19346 1c001d34 00900633 add              x12, x0, x9         x12=1c002341  x9:1c002341
            19362500           19347 1c001d36 e69ff06f jal              x0, -408           
            19365500           19350 1c001b9e 00064583 lbu              x11, 0(x12)         x11=00000049 x12:1c002341  PA:1c002341
            19384500           19369 1c001ba2 00160493 addi             x9, x12, 1           x9=1c002342 x12:1c002341
            19385500           19370 1c001ba6 00059e63 bne              x11, x0, 28         x11:00000049
            19388500           19373 1c001bc2 01458563 beq              x11, x20, 10        x11:00000049 x20:00000025
            19389500           19374 1c001bc6 01200533 add              x10, x0, x18        x10=00000000 x18:00000000
            19390500           19375 1c001bc8 000980e7 jalr             x1, x19, 0           x1=1c001bca x19:1c001776
            19392500           19377 1c001776 00b00533 add              x10, x0, x11        x10=00000049 x11:00000049
            19393500           19378 1c001778 fddff06f jal              x0, -36            
            19395500           19380 1c001754 000026b7 lui              x13, 0x2000         x13=00002000
            19396500           19381 1c001756 f14027f3 csrrs            x15, x0, 0xf14      x15=00000005
            19397500           19382 1c00175a f8068693 addi             x13, x13, -128      x13=00001f80 x13:00002000
            19398500           19383 1c00175e 00379713 slli             x14, x15, 0x3       x14=00000028 x15:00000005
            19399500           19384 1c001762 00279793 slli             x15, x15, 0x2       x15=00000014 x15:00000005
            19400500           19385 1c001764 ee873733 p.bclr           x14, x14, 23, 8     x14=00000028 x14:00000028
            19401500           19386 1c001768 00d7f7b3 and              x15, x15, x13       x15=00000000 x15:00000014 x13:00001f80
            19402500           19387 1c00176a 00e787b3 add              x15, x15, x14       x15=00000028 x15:00000000 x14:00000028
            19403500           19388 1c00176c 1a104737 lui              x14, 0x1a104000     x14=1a104000
            19404500           19389 1c001770 00a767a3 p.sw             x10, x0(x14)        x10:00000049 x14:1a104000  PA:1a104028
            19408500           19393 1c001774 00008067 jalr             x0, x1, 0            x1:1c001bca
            19409500           19394 1c001bca 16a0006f jal              x0, 362            
            19411500           19396 1c001d34 00900633 add              x12, x0, x9         x12=1c002342  x9:1c002342
            19412500           19397 1c001d36 e69ff06f jal              x0, -408           
            19415500           19400 1c001b9e 00064583 lbu              x11, 0(x12)         x11=00000027 x12:1c002342  PA:1c002342
            19434500           19419 1c001ba2 00160493 addi             x9, x12, 1           x9=1c002343 x12:1c002342
            19435500           19420 1c001ba6 00059e63 bne              x11, x0, 28         x11:00000027
            19438500           19423 1c001bc2 01458563 beq              x11, x20, 10        x11:00000027 x20:00000025
            19439500           19424 1c001bc6 01200533 add              x10, x0, x18        x10=00000000 x18:00000000
            19440500           19425 1c001bc8 000980e7 jalr             x1, x19, 0           x1=1c001bca x19:1c001776
            19442500           19427 1c001776 00b00533 add              x10, x0, x11        x10=00000027 x11:00000027
            19443500           19428 1c001778 fddff06f jal              x0, -36            
            19445500           19430 1c001754 000026b7 lui              x13, 0x2000         x13=00002000
            19446500           19431 1c001756 f14027f3 csrrs            x15, x0, 0xf14      x15=00000005
            19447500           19432 1c00175a f8068693 addi             x13, x13, -128      x13=00001f80 x13:00002000
            19448500           19433 1c00175e 00379713 slli             x14, x15, 0x3       x14=00000028 x15:00000005
            19449500           19434 1c001762 00279793 slli             x15, x15, 0x2       x15=00000014 x15:00000005
            19450500           19435 1c001764 ee873733 p.bclr           x14, x14, 23, 8     x14=00000028 x14:00000028
            19451500           19436 1c001768 00d7f7b3 and              x15, x15, x13       x15=00000000 x15:00000014 x13:00001f80
            19452500           19437 1c00176a 00e787b3 add              x15, x15, x14       x15=00000028 x15:00000000 x14:00000028
            19453500           19438 1c00176c 1a104737 lui              x14, 0x1a104000     x14=1a104000
            19454500           19439 1c001770 00a767a3 p.sw             x10, x0(x14)        x10:00000027 x14:1a104000  PA:1a104028
            19458500           19443 1c001774 00008067 jalr             x0, x1, 0            x1:1c001bca
            19459500           19444 1c001bca 16a0006f jal              x0, 362            
            19461500           19446 1c001d34 00900633 add              x12, x0, x9         x12=1c002343  x9:1c002343
            19462500           19447 1c001d36 e69ff06f jal              x0, -408           
            19465500           19450 1c001b9e 00064583 lbu              x11, 0(x12)         x11=0000006d x12:1c002343  PA:1c002343
            19490500           19475 1c001ba2 00160493 addi             x9, x12, 1           x9=1c002344 x12:1c002343
            19491500           19476 1c001ba6 00059e63 bne              x11, x0, 28         x11:0000006d
            19494500           19479 1c001bc2 01458563 beq              x11, x20, 10        x11:0000006d x20:00000025
            19495500           19480 1c001bc6 01200533 add              x10, x0, x18        x10=00000000 x18:00000000
            19496500           19481 1c001bc8 000980e7 jalr             x1, x19, 0           x1=1c001bca x19:1c001776
            19498500           19483 1c001776 00b00533 add              x10, x0, x11        x10=0000006d x11:0000006d
            19499500           19484 1c001778 fddff06f jal              x0, -36            
            19501500           19486 1c001754 000026b7 lui              x13, 0x2000         x13=00002000
            19502500           19487 1c001756 f14027f3 csrrs            x15, x0, 0xf14      x15=00000005
            19503500           19488 1c00175a f8068693 addi             x13, x13, -128      x13=00001f80 x13:00002000
            19504500           19489 1c00175e 00379713 slli             x14, x15, 0x3       x14=00000028 x15:00000005
            19505500           19490 1c001762 00279793 slli             x15, x15, 0x2       x15=00000014 x15:00000005
            19506500           19491 1c001764 ee873733 p.bclr           x14, x14, 23, 8     x14=00000028 x14:00000028
            19507500           19492 1c001768 00d7f7b3 and              x15, x15, x13       x15=00000000 x15:00000014 x13:00001f80
            19508500           19493 1c00176a 00e787b3 add              x15, x15, x14       x15=00000028 x15:00000000 x14:00000028
            19509500           19494 1c00176c 1a104737 lui              x14, 0x1a104000     x14=1a104000
            19510500           19495 1c001770 00a767a3 p.sw             x10, x0(x14)        x10:0000006d x14:1a104000  PA:1a104028
            19514500           19499 1c001774 00008067 jalr             x0, x1, 0            x1:1c001bca
            19515500           19500 1c001bca 16a0006f jal              x0, 362            
            19517500           19502 1c001d34 00900633 add              x12, x0, x9         x12=1c002344  x9:1c002344
            19518500           19503 1c001d36 e69ff06f jal              x0, -408           
            19521500           19506 1c001b9e 00064583 lbu              x11, 0(x12)         x11=00000020 x12:1c002344  PA:1c002344
            19537500           19522 1c001ba2 00160493 addi             x9, x12, 1           x9=1c002345 x12:1c002344
            19538500           19523 1c001ba6 00059e63 bne              x11, x0, 28         x11:00000020
            19541500           19526 1c001bc2 01458563 beq              x11, x20, 10        x11:00000020 x20:00000025
            19542500           19527 1c001bc6 01200533 add              x10, x0, x18        x10=00000000 x18:00000000
            19543500           19528 1c001bc8 000980e7 jalr             x1, x19, 0           x1=1c001bca x19:1c001776
            19545500           19530 1c001776 00b00533 add              x10, x0, x11        x10=00000020 x11:00000020
            19546500           19531 1c001778 fddff06f jal              x0, -36            
            19548500           19533 1c001754 000026b7 lui              x13, 0x2000         x13=00002000
            19549500           19534 1c001756 f14027f3 csrrs            x15, x0, 0xf14      x15=00000005
            19550500           19535 1c00175a f8068693 addi             x13, x13, -128      x13=00001f80 x13:00002000
            19551500           19536 1c00175e 00379713 slli             x14, x15, 0x3       x14=00000028 x15:00000005
            19552500           19537 1c001762 00279793 slli             x15, x15, 0x2       x15=00000014 x15:00000005
            19553500           19538 1c001764 ee873733 p.bclr           x14, x14, 23, 8     x14=00000028 x14:00000028
            19554500           19539 1c001768 00d7f7b3 and              x15, x15, x13       x15=00000000 x15:00000014 x13:00001f80
            19555500           19540 1c00176a 00e787b3 add              x15, x15, x14       x15=00000028 x15:00000000 x14:00000028
            19556500           19541 1c00176c 1a104737 lui              x14, 0x1a104000     x14=1a104000
            19557500           19542 1c001770 00a767a3 p.sw             x10, x0(x14)        x10:00000020 x14:1a104000  PA:1a104028
            19561500           19546 1c001774 00008067 jalr             x0, x1, 0            x1:1c001bca
            19562500           19547 1c001bca 16a0006f jal              x0, 362            
            19564500           19549 1c001d34 00900633 add              x12, x0, x9         x12=1c002345  x9:1c002345
            19565500           19550 1c001d36 e69ff06f jal              x0, -408           
            19568500           19553 1c001b9e 00064583 lbu              x11, 0(x12)         x11=00000063 x12:1c002345  PA:1c002345
            19589500           19574 1c001ba2 00160493 addi             x9, x12, 1           x9=1c002346 x12:1c002345
            19590500           19575 1c001ba6 00059e63 bne              x11, x0, 28         x11:00000063
            19593500           19578 1c001bc2 01458563 beq              x11, x20, 10        x11:00000063 x20:00000025
            19594500           19579 1c001bc6 01200533 add              x10, x0, x18        x10=00000000 x18:00000000
            19595500           19580 1c001bc8 000980e7 jalr             x1, x19, 0           x1=1c001bca x19:1c001776
            19597500           19582 1c001776 00b00533 add              x10, x0, x11        x10=00000063 x11:00000063
            19598500           19583 1c001778 fddff06f jal              x0, -36            
            19600500           19585 1c001754 000026b7 lui              x13, 0x2000         x13=00002000
            19601500           19586 1c001756 f14027f3 csrrs            x15, x0, 0xf14      x15=00000005
            19602500           19587 1c00175a f8068693 addi             x13, x13, -128      x13=00001f80 x13:00002000
            19603500           19588 1c00175e 00379713 slli             x14, x15, 0x3       x14=00000028 x15:00000005
            19604500           19589 1c001762 00279793 slli             x15, x15, 0x2       x15=00000014 x15:00000005
            19605500           19590 1c001764 ee873733 p.bclr           x14, x14, 23, 8     x14=00000028 x14:00000028
            19606500           19591 1c001768 00d7f7b3 and              x15, x15, x13       x15=00000000 x15:00000014 x13:00001f80
            19607500           19592 1c00176a 00e787b3 add              x15, x15, x14       x15=00000028 x15:00000000 x14:00000028
            19608500           19593 1c00176c 1a104737 lui              x14, 0x1a104000     x14=1a104000
            19609500           19594 1c001770 00a767a3 p.sw             x10, x0(x14)        x10:00000063 x14:1a104000  PA:1a104028
            19613500           19598 1c001774 00008067 jalr             x0, x1, 0            x1:1c001bca
            19614500           19599 1c001bca 16a0006f jal              x0, 362            
            19616500           19601 1c001d34 00900633 add              x12, x0, x9         x12=1c002346  x9:1c002346
            19617500           19602 1c001d36 e69ff06f jal              x0, -408           
            19620500           19605 1c001b9e 00064583 lbu              x11, 0(x12)         x11=0000006f x12:1c002346  PA:1c002346
            19634500           19619 1c001ba2 00160493 addi             x9, x12, 1           x9=1c002347 x12:1c002346
            19635500           19620 1c001ba6 00059e63 bne              x11, x0, 28         x11:0000006f
            19638500           19623 1c001bc2 01458563 beq              x11, x20, 10        x11:0000006f x20:00000025
            19639500           19624 1c001bc6 01200533 add              x10, x0, x18        x10=00000000 x18:00000000
            19640500           19625 1c001bc8 000980e7 jalr             x1, x19, 0           x1=1c001bca x19:1c001776
            19642500           19627 1c001776 00b00533 add              x10, x0, x11        x10=0000006f x11:0000006f
            19643500           19628 1c001778 fddff06f jal              x0, -36            
            19645500           19630 1c001754 000026b7 lui              x13, 0x2000         x13=00002000
            19646500           19631 1c001756 f14027f3 csrrs            x15, x0, 0xf14      x15=00000005
            19647500           19632 1c00175a f8068693 addi             x13, x13, -128      x13=00001f80 x13:00002000
            19648500           19633 1c00175e 00379713 slli             x14, x15, 0x3       x14=00000028 x15:00000005
            19649500           19634 1c001762 00279793 slli             x15, x15, 0x2       x15=00000014 x15:00000005
            19650500           19635 1c001764 ee873733 p.bclr           x14, x14, 23, 8     x14=00000028 x14:00000028
            19651500           19636 1c001768 00d7f7b3 and              x15, x15, x13       x15=00000000 x15:00000014 x13:00001f80
            19652500           19637 1c00176a 00e787b3 add              x15, x15, x14       x15=00000028 x15:00000000 x14:00000028
            19653500           19638 1c00176c 1a104737 lui              x14, 0x1a104000     x14=1a104000
            19654500           19639 1c001770 00a767a3 p.sw             x10, x0(x14)        x10:0000006f x14:1a104000  PA:1a104028
            19658500           19643 1c001774 00008067 jalr             x0, x1, 0            x1:1c001bca
            19659500           19644 1c001bca 16a0006f jal              x0, 362            
            19661500           19646 1c001d34 00900633 add              x12, x0, x9         x12=1c002347  x9:1c002347
            19662500           19647 1c001d36 e69ff06f jal              x0, -408           
            19665500           19650 1c001b9e 00064583 lbu              x11, 0(x12)         x11=00000072 x12:1c002347  PA:1c002347
            19679500           19664 1c001ba2 00160493 addi             x9, x12, 1           x9=1c002348 x12:1c002347
            19680500           19665 1c001ba6 00059e63 bne              x11, x0, 28         x11:00000072
            19683500           19668 1c001bc2 01458563 beq              x11, x20, 10        x11:00000072 x20:00000025
            19684500           19669 1c001bc6 01200533 add              x10, x0, x18        x10=00000000 x18:00000000
            19685500           19670 1c001bc8 000980e7 jalr             x1, x19, 0           x1=1c001bca x19:1c001776
            19687500           19672 1c001776 00b00533 add              x10, x0, x11        x10=00000072 x11:00000072
            19688500           19673 1c001778 fddff06f jal              x0, -36            
            19690500           19675 1c001754 000026b7 lui              x13, 0x2000         x13=00002000
            19691500           19676 1c001756 f14027f3 csrrs            x15, x0, 0xf14      x15=00000005
            19692500           19677 1c00175a f8068693 addi             x13, x13, -128      x13=00001f80 x13:00002000
            19693500           19678 1c00175e 00379713 slli             x14, x15, 0x3       x14=00000028 x15:00000005
            19694500           19679 1c001762 00279793 slli             x15, x15, 0x2       x15=00000014 x15:00000005
            19695500           19680 1c001764 ee873733 p.bclr           x14, x14, 23, 8     x14=00000028 x14:00000028
            19696500           19681 1c001768 00d7f7b3 and              x15, x15, x13       x15=00000000 x15:00000014 x13:00001f80
            19697500           19682 1c00176a 00e787b3 add              x15, x15, x14       x15=00000028 x15:00000000 x14:00000028
            19698500           19683 1c00176c 1a104737 lui              x14, 0x1a104000     x14=1a104000
            19699500           19684 1c001770 00a767a3 p.sw             x10, x0(x14)        x10:00000072 x14:1a104000  PA:1a104028
            19703500           19688 1c001774 00008067 jalr             x0, x1, 0            x1:1c001bca
            19704500           19689 1c001bca 16a0006f jal              x0, 362            
            19706500           19691 1c001d34 00900633 add              x12, x0, x9         x12=1c002348  x9:1c002348
            19707500           19692 1c001d36 e69ff06f jal              x0, -408           
            19710500           19695 1c001b9e 00064583 lbu              x11, 0(x12)         x11=00000065 x12:1c002348  PA:1c002348
            19724500           19709 1c001ba2 00160493 addi             x9, x12, 1           x9=1c002349 x12:1c002348
            19725500           19710 1c001ba6 00059e63 bne              x11, x0, 28         x11:00000065
            19728500           19713 1c001bc2 01458563 beq              x11, x20, 10        x11:00000065 x20:00000025
            19729500           19714 1c001bc6 01200533 add              x10, x0, x18        x10=00000000 x18:00000000
            19730500           19715 1c001bc8 000980e7 jalr             x1, x19, 0           x1=1c001bca x19:1c001776
            19732500           19717 1c001776 00b00533 add              x10, x0, x11        x10=00000065 x11:00000065
            19733500           19718 1c001778 fddff06f jal              x0, -36            
            19735500           19720 1c001754 000026b7 lui              x13, 0x2000         x13=00002000
            19736500           19721 1c001756 f14027f3 csrrs            x15, x0, 0xf14      x15=00000005
            19737500           19722 1c00175a f8068693 addi             x13, x13, -128      x13=00001f80 x13:00002000
            19738500           19723 1c00175e 00379713 slli             x14, x15, 0x3       x14=00000028 x15:00000005
            19739500           19724 1c001762 00279793 slli             x15, x15, 0x2       x15=00000014 x15:00000005
            19740500           19725 1c001764 ee873733 p.bclr           x14, x14, 23, 8     x14=00000028 x14:00000028
            19741500           19726 1c001768 00d7f7b3 and              x15, x15, x13       x15=00000000 x15:00000014 x13:00001f80
            19742500           19727 1c00176a 00e787b3 add              x15, x15, x14       x15=00000028 x15:00000000 x14:00000028
            19743500           19728 1c00176c 1a104737 lui              x14, 0x1a104000     x14=1a104000
            19744500           19729 1c001770 00a767a3 p.sw             x10, x0(x14)        x10:00000065 x14:1a104000  PA:1a104028
            19748500           19733 1c001774 00008067 jalr             x0, x1, 0            x1:1c001bca
            19749500           19734 1c001bca 16a0006f jal              x0, 362            
            19751500           19736 1c001d34 00900633 add              x12, x0, x9         x12=1c002349  x9:1c002349
            19752500           19737 1c001d36 e69ff06f jal              x0, -408           
            19755500           19740 1c001b9e 00064583 lbu              x11, 0(x12)         x11=00000020 x12:1c002349  PA:1c002349
            19770500           19755 1c001ba2 00160493 addi             x9, x12, 1           x9=1c00234a x12:1c002349
            19771500           19756 1c001ba6 00059e63 bne              x11, x0, 28         x11:00000020
            19774500           19759 1c001bc2 01458563 beq              x11, x20, 10        x11:00000020 x20:00000025
            19775500           19760 1c001bc6 01200533 add              x10, x0, x18        x10=00000000 x18:00000000
            19776500           19761 1c001bc8 000980e7 jalr             x1, x19, 0           x1=1c001bca x19:1c001776
            19778500           19763 1c001776 00b00533 add              x10, x0, x11        x10=00000020 x11:00000020
            19779500           19764 1c001778 fddff06f jal              x0, -36            
            19781500           19766 1c001754 000026b7 lui              x13, 0x2000         x13=00002000
            19782500           19767 1c001756 f14027f3 csrrs            x15, x0, 0xf14      x15=00000005
            19783500           19768 1c00175a f8068693 addi             x13, x13, -128      x13=00001f80 x13:00002000
            19784500           19769 1c00175e 00379713 slli             x14, x15, 0x3       x14=00000028 x15:00000005
            19785500           19770 1c001762 00279793 slli             x15, x15, 0x2       x15=00000014 x15:00000005
            19786500           19771 1c001764 ee873733 p.bclr           x14, x14, 23, 8     x14=00000028 x14:00000028
            19787500           19772 1c001768 00d7f7b3 and              x15, x15, x13       x15=00000000 x15:00000014 x13:00001f80
            19788500           19773 1c00176a 00e787b3 add              x15, x15, x14       x15=00000028 x15:00000000 x14:00000028
            19789500           19774 1c00176c 1a104737 lui              x14, 0x1a104000     x14=1a104000
            19790500           19775 1c001770 00a767a3 p.sw             x10, x0(x14)        x10:00000020 x14:1a104000  PA:1a104028
            19794500           19779 1c001774 00008067 jalr             x0, x1, 0            x1:1c001bca
            19795500           19780 1c001bca 16a0006f jal              x0, 362            
            19797500           19782 1c001d34 00900633 add              x12, x0, x9         x12=1c00234a  x9:1c00234a
            19798500           19783 1c001d36 e69ff06f jal              x0, -408           
            19801500           19786 1c001b9e 00064583 lbu              x11, 0(x12)         x11=00000028 x12:1c00234a  PA:1c00234a
            19820500           19805 1c001ba2 00160493 addi             x9, x12, 1           x9=1c00234b x12:1c00234a
            19821500           19806 1c001ba6 00059e63 bne              x11, x0, 28         x11:00000028
            19824500           19809 1c001bc2 01458563 beq              x11, x20, 10        x11:00000028 x20:00000025
            19825500           19810 1c001bc6 01200533 add              x10, x0, x18        x10=00000000 x18:00000000
            19826500           19811 1c001bc8 000980e7 jalr             x1, x19, 0           x1=1c001bca x19:1c001776
            19828500           19813 1c001776 00b00533 add              x10, x0, x11        x10=00000028 x11:00000028
            19829500           19814 1c001778 fddff06f jal              x0, -36            
            19831500           19816 1c001754 000026b7 lui              x13, 0x2000         x13=00002000
            19832500           19817 1c001756 f14027f3 csrrs            x15, x0, 0xf14      x15=00000005
            19833500           19818 1c00175a f8068693 addi             x13, x13, -128      x13=00001f80 x13:00002000
            19834500           19819 1c00175e 00379713 slli             x14, x15, 0x3       x14=00000028 x15:00000005
            19835500           19820 1c001762 00279793 slli             x15, x15, 0x2       x15=00000014 x15:00000005
            19836500           19821 1c001764 ee873733 p.bclr           x14, x14, 23, 8     x14=00000028 x14:00000028
            19837500           19822 1c001768 00d7f7b3 and              x15, x15, x13       x15=00000000 x15:00000014 x13:00001f80
            19838500           19823 1c00176a 00e787b3 add              x15, x15, x14       x15=00000028 x15:00000000 x14:00000028
            19839500           19824 1c00176c 1a104737 lui              x14, 0x1a104000     x14=1a104000
            19840500           19825 1c001770 00a767a3 p.sw             x10, x0(x14)        x10:00000028 x14:1a104000  PA:1a104028
            19844500           19829 1c001774 00008067 jalr             x0, x1, 0            x1:1c001bca
            19845500           19830 1c001bca 16a0006f jal              x0, 362            
            19847500           19832 1c001d34 00900633 add              x12, x0, x9         x12=1c00234b  x9:1c00234b
            19848500           19833 1c001d36 e69ff06f jal              x0, -408           
            19851500           19836 1c001b9e 00064583 lbu              x11, 0(x12)         x11=00000025 x12:1c00234b  PA:1c00234b
            19867500           19852 1c001ba2 00160493 addi             x9, x12, 1           x9=1c00234c x12:1c00234b
            19868500           19853 1c001ba6 00059e63 bne              x11, x0, 28         x11:00000025
            19871500           19856 1c001bc2 01458563 beq              x11, x20, 10        x11:00000025 x20:00000025
            19874500           19859 1c001bcc 00414783 lbu              x15, 4(x2)          x15=000000xx  x2:100feef0  PA:100feef4
            19893500           19878 1c001bd0 00012423 sw               x0, 8(x2)            x2:100feef0  PA:100feef8
            19894500           19879 1c001bd2 00010623 sb               x0, 12(x2)           x2:100feef0  PA:100feefc
            19895500           19880 1c001bd6 c00027b3 p.insert         x15, x0, 0, 0       x15=000000xX x15:000000xx
            19896500           19881 1c001bda c01027b3 p.insert         x15, x0, 0, 1       x15=000000xX x15:000000xX
            19897500           19882 1c001bde c03027b3 p.insert         x15, x0, 0, 3       x15=000000xX x15:000000xX
            19898500           19883 1c001be2 00f10223 sb               x15, 4(x2)          x15:000000xX  x2:100feef0  PA:100feef4
            19903500           19888 1c001be6 00000713 addi             x14, x0, 0          x14=00000000
            19904500           19889 1c001be8 00000613 addi             x12, x0, 0          x12=00000000
            19905500           19890 1c001bea 00000693 addi             x13, x0, 0          x13=00000000
            19906500           19891 1c001bec 00000513 addi             x10, x0, 0          x10=00000000
            19907500           19892 1c001bee 00000593 addi             x11, x0, 0          x11=00000000
            19919500           19904 1c001bf0 03000813 addi             x16, x0, 48         x16=00000030
            19920500           19905 1c001bf4 02300893 addi             x17, x0, 35         x17=00000023
            19921500           19906 1c001bf8 0004c783 lbu              x15, 0(x9)          x15=00000069  x9:1c00234c  PA:1c00234c
            19954500           19939 1c001bfc 00148c13 addi             x24, x9, 1          x24=1c00234d  x9:1c00234c
            19955500           19940 1c001c00 04079163 bne              x15, x0, 66         x15:00000069
            19971500           19956 1c001c42 01778c63 beq              x15, x23, 24        x15:00000069 x23:0000002d
            19972500           19957 1c001c46 01078663 beq              x15, x16, 12        x15:00000069 x16:00000030
            19973500           19958 1c001c4a fb179ce3 bne              x15, x17, -72       x15:00000069 x17:00000023
            19993500           19978 1c001c02 00050763 beq              x10, x0, 14         x10:00000000
            20012500           19997 1c001c10 00060763 beq              x12, x0, 14         x12:00000000
            20015500           20000 1c001c1e 00070763 beq              x14, x0, 14         x14:00000000
            20033500           20018 1c001c2c fd078713 addi             x14, x15, -48       x14=00000039 x15:00000069
            20050500           20035 1c001c30 0ff77713 andi             x14, x14, 255       x14=00000039 x14:00000039
            20051500           20036 1c001c34 00900693 addi             x13, x0, 9          x13=00000009
            20052500           20037 1c001c36 04e6eb63 bltu             x13, x14, 86        x13:00000009 x14:00000039
            20072500           20057 1c001c8c 02e00713 addi             x14, x0, 46         x14=0000002e
            20090500           20075 1c001c90 02e79163 bne              x15, x14, 34        x15:00000069 x14:0000002e
            20109500           20094 1c001cb2 07a00713 addi             x14, x0, 122        x14=0000007a
            20110500           20095 1c001cb6 04e79263 bne              x15, x14, 68        x15:00000069 x14:0000007a
            20149500           20134 1c001cfa 06c00713 addi             x14, x0, 108        x14=0000006c
            20167500           20152 1c001cfe 20e79463 bne              x15, x14, 520       x15:00000069 x14:0000006c
            20191500           20176 1c001f06 06900713 addi             x14, x0, 105        x14=00000069
            20192500           20177 1c001f0a 02e78a63 beq              x15, x14, 52        x15:00000069 x14:00000069
            20229500           20214 1c001f3e 018004b3 add              x9, x0, x24          x9=1c00234d x24:1c00234d
            20246500           20231 1c001f40 00000793 addi             x15, x0, 0          x15=00000000
            20247500           20232 1c001f42 e09ff06f jal              x0, -504           
            20265500           20250 1c001d4a 00a00713 addi             x14, x0, 10         x14=0000000a
            20266500           20251 1c001d4c 00e12823 sw               x14, 16(x2)         x14:0000000a  x2:100feef0  PA:100fef00
            20288500           20273 1c001d4e 0e27b363 p.bneimm         x15, 230            x15:00000000
            20307500           20292 1c001e34 00440c13 addi             x24, x8, 4          x24=100fef78  x8:100fef74
            20308500           20293 1c001e38 00042503 lw               x10, 0(x8)          x10=00000000  x8:100fef74  PA:100fef74
            20314500           20299 1c001e3a 0017bd63 p.bneimm         x15, 26             x15:00000000
            20345500           20330 1c001e54 00055863 bge              x10, x0, 16         x10:00000000
            20364500           20349 1c001e64 00410593 addi             x11, x2, 4          x11=100feef4  x2:100feef0
            20365500           20350 1c001e66 b99ff0ef jal              x1, -1128            x1=1c001e68
            20385500           20370 1c0019fe 0105a683 lw               x13, 16(x11)        x13=100fef08 x11:100feef4  PA:100fef04
            20402500           20387 1c001a00 00c5a703 lw               x14, 12(x11)        x14=0000000a x11:100feef4  PA:100fef00
            20408500           20393 1c001a02 00100793 addi             x15, x0, 1          x15=00000001
            20409500           20394 1c001a04 02f55633 divu             x12, x10, x15       x12=00000000 x10:00000000 x15:00000001
            20443500           20428 1c001a08 00e67863 bgeu             x12, x14, 16        x12:00000000 x14:0000000a
            20444500           20429 1c001a0c 00000613 addi             x12, x0, 0          x12=00000000
            20445500           20430 1c001a0e 00900313 addi             x6, x0, 9            x6=00000009
            20446500           20431 1c001a10 00079763 bne              x15, x0, 14         x15:00000001
            20449500           20434 1c001a1e 00c5a703 lw               x14, 12(x11)        x14=0000000a x11:100feef4  PA:100fef00
            20461500           20446 1c001a20 02f55833 divu             x16, x10, x15       x16=00000000 x10:00000000 x15:00000001
            20495500           20480 1c001a24 02f57533 remu             x10, x10, x15       x10=00000000 x10:00000000 x15:00000001
            20529500           20514 1c001a28 02e7d7b3 divu             x15, x15, x14       x15=00000000 x15:00000001 x14:0000000a
            20560500           20545 1c001a2c 00061763 bne              x12, x0, 14         x12:00000000
            20561500           20546 1c001a2e 01004663 blt              x0, x16, 12         x16:00000000
            20562500           20547 1c001a32 fc079fe3 bne              x15, x0, -34        x15:00000000
            20563500           20548 1c001a34 03000713 addi             x14, x0, 48         x14=00000030
            20564500           20549 1c001a38 01e0006f jal              x0, 30             
            20582500           20567 1c001a56 01070733 add              x14, x14, x16       x14=00000030 x14:00000030 x16:00000000
            20583500           20568 1c001a58 00e68023 sb               x14, 0(x13)         x14:00000030 x13:100fef08  PA:100fef08
            20587500           20572 1c001a5c 00160613 addi             x12, x12, 1         x12=00000001 x12:00000000
            20588500           20573 1c001a5e 00168693 addi             x13, x13, 1         x13=100fef09 x13:100fef08
            20601500           20586 1c001a60 fb1ff06f jal              x0, -80            
            20603500           20588 1c001a10 00079763 bne              x15, x0, 14         x15:00000000
            20604500           20589 1c001a12 00068023 sb               x0, 0(x13)          x13:100fef09  PA:100fef09
            20609500           20594 1c001a16 00008067 jalr             x0, x1, 0            x1:1c001e68
            20610500           20595 1c001e68 f17ff06f jal              x0, -234           
            20625500           20610 1c001d7e 00410613 addi             x12, x2, 4          x12=100feef4  x2:100feef0
            20642500           20627 1c001d80 013005b3 add              x11, x0, x19        x11=1c001776 x19:1c001776
            20643500           20628 1c001d82 01200533 add              x10, x0, x18        x10=00000000 x18:00000000
            20644500           20629 1c001d84 cdfff0ef jal              x1, -802             x1=1c001d86
            20646500           20631 1c001a62 fe010113 addi             x2, x2, -32          x2=100feed0  x2:100feef0
            20647500           20632 1c001a64 00812c23 sw               x8, 24(x2)           x8:100fef74  x2:100feed0  PA:100feee8
            20650500           20635 1c001a66 01062783 lw               x15, 16(x12)        x15=100fef08 x12:100feef4  PA:100fef04
            20651500           20636 1c001a68 00462403 lw               x8, 4(x12)           x8=00000000 x12:100feef4  PA:100feef8
            20652500           20637 1c001a6a 00912a23 sw               x9, 20(x2)           x9:1c00234d  x2:100feed0  PA:100feee4
            20653500           20638 1c001a6c 01212823 sw               x18, 16(x2)         x18:00000000  x2:100feed0  PA:100feee0
            20654500           20639 1c001a6e 01312623 sw               x19, 12(x2)         x19:1c001776  x2:100feed0  PA:100feedc
            20673500           20658 1c001a70 00112e23 sw               x1, 28(x2)           x1:1c001d86  x2:100feed0  PA:100feeec
            20679500           20664 1c001a72 01412423 sw               x20, 8(x2)          x20:00000025  x2:100feed0  PA:100feed8
            20681500           20666 1c001a74 00a00933 add              x18, x0, x10        x18=00000000 x10:00000000
            20682500           20667 1c001a76 00b009b3 add              x19, x0, x11        x19=1c001776 x11:1c001776
            20683500           20668 1c001a78 00c004b3 add              x9, x0, x12          x9=100feef4 x12:100feef4
            20684500           20669 1c001a7a 0017c70b p.lbu            x14, 1(x15!)        x14=00000030 x15=100fef09 x15:100fef08  PA:100fef08
            20686500           20671 1c001a7e 00070363 beq              x14, x0, 6          x14:00000030
            20696500           20681 1c001a80 08804863 blt              x0, x8, 144          x8:00000000
            20697500           20682 1c001a84 0084c783 lbu              x15, 8(x9)          x15=00000000  x9:100feef4  PA:100feefc
            20704500           20689 1c001a88 00078263 beq              x15, x0, 4          x15:00000000
            20707500           20692 1c001a8c 0004c783 lbu              x15, 0(x9)          x15=000000xX  x9:100feef4  PA:100feef4
            20720500           20705 1c001a90 0027f713 andi             x14, x15, 2         x14=00000000 x15:000000xX
            20721500           20706 1c001a94 00070663 beq              x14, x0, 12         x14:00000000
            20740500           20725 1c001aa0 0097f793 andi             x15, x15, 9         x15=00000000 x15:000000xX
            20741500           20726 1c001aa2 00800a33 add              x20, x0, x8         x20=00000000  x8:00000000
            20742500           20727 1c001aa4 08078163 beq              x15, x0, 130        x15:00000000
            20764500           20749 1c001b26 ff404be3 blt              x0, x20, -10        x20:00000000
            20765500           20750 1c001b2a fff40793 addi             x15, x8, -1         x15=ffffffff  x8:00000000
            20788500           20773 1c001b2e 04046433 p.max            x8, x8, x0           x8=00000000  x8:00000000
            20789500           20774 1c001b32 40878433 sub              x8, x15, x8          x8=ffffffff x15:ffffffff  x8:00000000
            20790500           20775 1c001b36 f71ff06f jal              x0, -144           
            20792500           20777 1c001aa6 0084c583 lbu              x11, 8(x9)          x11=00000000  x9:100feef4  PA:100feefc
            20794500           20779 1c001aaa 00058363 beq              x11, x0, 6          x11:00000000
            20813500           20798 1c001ab0 0004c783 lbu              x15, 0(x9)          x15=000000xX  x9:100feef4  PA:100feef4
            20821500           20806 1c001ab4 0027f793 andi             x15, x15, 2         x15=00000000 x15:000000xX
            20822500           20807 1c001ab6 02078363 beq              x15, x0, 38         x15:00000000
            20835500           20820 1c001adc 0004c783 lbu              x15, 0(x9)          x15=000000xX  x9:100feef4  PA:100feef4
            20852500           20837 1c001ae0 00800a33 add              x20, x0, x8         x20=ffffffff  x8:ffffffff
            20853500           20838 1c001ae2 fc17b7b3 p.bclr           x15, x15, 30, 1     x15=00000000 x15:000000xX
            20854500           20839 1c001ae6 06079363 bne              x15, x0, 102        x15:00000000
            20855500           20840 1c001ae8 0104aa03 lw               x20, 16(x9)         x20=100fef08  x9:100feef4  PA:100fef04
            20862500           20847 1c001aec 001a458b p.lbu            x11, 1(x20!)        x11=00000030 x20=100fef09 x20:100fef08  PA:100fef08
            20873500           20858 1c001af0 06059763 bne              x11, x0, 110        x11:00000030
            20893500           20878 1c001b5e 01200533 add              x10, x0, x18        x10=00000000 x18:00000000
            20910500           20895 1c001b60 000980e7 jalr             x1, x19, 0           x1=1c001b62 x19:1c001776
            20912500           20897 1c001776 00b00533 add              x10, x0, x11        x10=00000030 x11:00000030
            20913500           20898 1c001778 fddff06f jal              x0, -36            
            20915500           20900 1c001754 000026b7 lui              x13, 0x2000         x13=00002000
            20916500           20901 1c001756 f14027f3 csrrs            x15, x0, 0xf14      x15=00000005
            20917500           20902 1c00175a f8068693 addi             x13, x13, -128      x13=00001f80 x13:00002000
            20918500           20903 1c00175e 00379713 slli             x14, x15, 0x3       x14=00000028 x15:00000005
            20919500           20904 1c001762 00279793 slli             x15, x15, 0x2       x15=00000014 x15:00000005
            20920500           20905 1c001764 ee873733 p.bclr           x14, x14, 23, 8     x14=00000028 x14:00000028
            20921500           20906 1c001768 00d7f7b3 and              x15, x15, x13       x15=00000000 x15:00000014 x13:00001f80
            20922500           20907 1c00176a 00e787b3 add              x15, x15, x14       x15=00000028 x15:00000000 x14:00000028
            20923500           20908 1c00176c 1a104737 lui              x14, 0x1a104000     x14=1a104000
            20924500           20909 1c001770 00a767a3 p.sw             x10, x0(x14)        x10:00000030 x14:1a104000  PA:1a104028
            20928500           20913 1c001774 00008067 jalr             x0, x1, 0            x1:1c001b62
            20929500           20914 1c001b62 f8bff06f jal              x0, -118           
            20931500           20916 1c001aec 001a458b p.lbu            x11, 1(x20!)        x11=00000000 x20=100fef0a x20:100fef09  PA:100fef09
            20935500           20920 1c001af0 06059763 bne              x11, x0, 110        x11:00000000
            20936500           20921 1c001af2 0004c783 lbu              x15, 0(x9)          x15=000000xX  x9:100feef4  PA:100feef4
            20938500           20923 1c001af6 0097f793 andi             x15, x15, 9         x15=00000000 x15:000000xX
            20939500           20924 1c001af8 0087b463 p.bneimm         x15, 8              x15:00000000
            20957500           20942 1c001b00 01c12083 lw               x1, 28(x2)           x1=1c001d86  x2:100feed0  PA:100feeec
            20964500           20949 1c001b02 01812403 lw               x8, 24(x2)           x8=100fef74  x2:100feed0  PA:100feee8
            20965500           20950 1c001b04 01412483 lw               x9, 20(x2)           x9=1c00234d  x2:100feed0  PA:100feee4
            20966500           20951 1c001b06 01012903 lw               x18, 16(x2)         x18=00000000  x2:100feed0  PA:100feee0
            20967500           20952 1c001b08 00c12983 lw               x19, 12(x2)         x19=1c001776  x2:100feed0  PA:100feedc
            20968500           20953 1c001b0a 00812a03 lw               x20, 8(x2)          x20=00000025  x2:100feed0  PA:100feed8
            20969500           20954 1c001b0c 02010113 addi             x2, x2, 32           x2=100feef0  x2:100feed0
            20970500           20955 1c001b0e 00008067 jalr             x0, x1, 0            x1:1c001d86
            20981500           20966 1c001d86 01800433 add              x8, x0, x24          x8=100fef78 x24:100fef78
            20982500           20967 1c001d88 fadff06f jal              x0, -84            
            20984500           20969 1c001d34 00900633 add              x12, x0, x9         x12=1c00234d  x9:1c00234d
            20985500           20970 1c001d36 e69ff06f jal              x0, -408           
            20988500           20973 1c001b9e 00064583 lbu              x11, 0(x12)         x11=0000002c x12:1c00234d  PA:1c00234d
            21013500           20998 1c001ba2 00160493 addi             x9, x12, 1           x9=1c00234e x12:1c00234d
            21014500           20999 1c001ba6 00059e63 bne              x11, x0, 28         x11:0000002c
            21017500           21002 1c001bc2 01458563 beq              x11, x20, 10        x11:0000002c x20:00000025
            21018500           21003 1c001bc6 01200533 add              x10, x0, x18        x10=00000000 x18:00000000
            21019500           21004 1c001bc8 000980e7 jalr             x1, x19, 0           x1=1c001bca x19:1c001776
            21021500           21006 1c001776 00b00533 add              x10, x0, x11        x10=0000002c x11:0000002c
            21022500           21007 1c001778 fddff06f jal              x0, -36            
            21024500           21009 1c001754 000026b7 lui              x13, 0x2000         x13=00002000
            21025500           21010 1c001756 f14027f3 csrrs            x15, x0, 0xf14      x15=00000005
            21026500           21011 1c00175a f8068693 addi             x13, x13, -128      x13=00001f80 x13:00002000
            21027500           21012 1c00175e 00379713 slli             x14, x15, 0x3       x14=00000028 x15:00000005
            21028500           21013 1c001762 00279793 slli             x15, x15, 0x2       x15=00000014 x15:00000005
            21029500           21014 1c001764 ee873733 p.bclr           x14, x14, 23, 8     x14=00000028 x14:00000028
            21030500           21015 1c001768 00d7f7b3 and              x15, x15, x13       x15=00000000 x15:00000014 x13:00001f80
            21031500           21016 1c00176a 00e787b3 add              x15, x15, x14       x15=00000028 x15:00000000 x14:00000028
            21032500           21017 1c00176c 1a104737 lui              x14, 0x1a104000     x14=1a104000
            21033500           21018 1c001770 00a767a3 p.sw             x10, x0(x14)        x10:0000002c x14:1a104000  PA:1a104028
            21037500           21022 1c001774 00008067 jalr             x0, x1, 0            x1:1c001bca
            21038500           21023 1c001bca 16a0006f jal              x0, 362            
            21040500           21025 1c001d34 00900633 add              x12, x0, x9         x12=1c00234e  x9:1c00234e
            21041500           21026 1c001d36 e69ff06f jal              x0, -408           
            21044500           21029 1c001b9e 00064583 lbu              x11, 0(x12)         x11=00000020 x12:1c00234e  PA:1c00234e
            21061500           21046 1c001ba2 00160493 addi             x9, x12, 1           x9=1c00234f x12:1c00234e
            21062500           21047 1c001ba6 00059e63 bne              x11, x0, 28         x11:00000020
            21065500           21050 1c001bc2 01458563 beq              x11, x20, 10        x11:00000020 x20:00000025
            21066500           21051 1c001bc6 01200533 add              x10, x0, x18        x10=00000000 x18:00000000
            21067500           21052 1c001bc8 000980e7 jalr             x1, x19, 0           x1=1c001bca x19:1c001776
            21069500           21054 1c001776 00b00533 add              x10, x0, x11        x10=00000020 x11:00000020
            21070500           21055 1c001778 fddff06f jal              x0, -36            
            21072500           21057 1c001754 000026b7 lui              x13, 0x2000         x13=00002000
            21073500           21058 1c001756 f14027f3 csrrs            x15, x0, 0xf14      x15=00000005
            21074500           21059 1c00175a f8068693 addi             x13, x13, -128      x13=00001f80 x13:00002000
            21075500           21060 1c00175e 00379713 slli             x14, x15, 0x3       x14=00000028 x15:00000005
            21076500           21061 1c001762 00279793 slli             x15, x15, 0x2       x15=00000014 x15:00000005
            21077500           21062 1c001764 ee873733 p.bclr           x14, x14, 23, 8     x14=00000028 x14:00000028
            21078500           21063 1c001768 00d7f7b3 and              x15, x15, x13       x15=00000000 x15:00000014 x13:00001f80
            21079500           21064 1c00176a 00e787b3 add              x15, x15, x14       x15=00000028 x15:00000000 x14:00000028
            21080500           21065 1c00176c 1a104737 lui              x14, 0x1a104000     x14=1a104000
            21081500           21066 1c001770 00a767a3 p.sw             x10, x0(x14)        x10:00000020 x14:1a104000  PA:1a104028
            21085500           21070 1c001774 00008067 jalr             x0, x1, 0            x1:1c001bca
            21086500           21071 1c001bca 16a0006f jal              x0, 362            
            21088500           21073 1c001d34 00900633 add              x12, x0, x9         x12=1c00234f  x9:1c00234f
            21089500           21074 1c001d36 e69ff06f jal              x0, -408           
            21092500           21077 1c001b9e 00064583 lbu              x11, 0(x12)         x11=00000025 x12:1c00234f  PA:1c00234f
            21106500           21091 1c001ba2 00160493 addi             x9, x12, 1           x9=1c002350 x12:1c00234f
            21107500           21092 1c001ba6 00059e63 bne              x11, x0, 28         x11:00000025
            21110500           21095 1c001bc2 01458563 beq              x11, x20, 10        x11:00000025 x20:00000025
            21113500           21098 1c001bcc 00414783 lbu              x15, 4(x2)          x15=000000xX  x2:100feef0  PA:100feef4
            21114500           21099 1c001bd0 00012423 sw               x0, 8(x2)            x2:100feef0  PA:100feef8
            21115500           21100 1c001bd2 00010623 sb               x0, 12(x2)           x2:100feef0  PA:100feefc
            21116500           21101 1c001bd6 c00027b3 p.insert         x15, x0, 0, 0       x15=000000xX x15:000000xX
            21117500           21102 1c001bda c01027b3 p.insert         x15, x0, 0, 1       x15=000000xX x15:000000xX
            21118500           21103 1c001bde c03027b3 p.insert         x15, x0, 0, 3       x15=000000xX x15:000000xX
            21119500           21104 1c001be2 00f10223 sb               x15, 4(x2)          x15:000000xX  x2:100feef0  PA:100feef4
            21121500           21106 1c001be6 00000713 addi             x14, x0, 0          x14=00000000
            21122500           21107 1c001be8 00000613 addi             x12, x0, 0          x12=00000000
            21123500           21108 1c001bea 00000693 addi             x13, x0, 0          x13=00000000
            21124500           21109 1c001bec 00000513 addi             x10, x0, 0          x10=00000000
            21125500           21110 1c001bee 00000593 addi             x11, x0, 0          x11=00000000
            21126500           21111 1c001bf0 03000813 addi             x16, x0, 48         x16=00000030
            21127500           21112 1c001bf4 02300893 addi             x17, x0, 35         x17=00000023
            21128500           21113 1c001bf8 0004c783 lbu              x15, 0(x9)          x15=00000069  x9:1c002350  PA:1c002350
            21149500           21134 1c001bfc 00148c13 addi             x24, x9, 1          x24=1c002351  x9:1c002350
            21150500           21135 1c001c00 04079163 bne              x15, x0, 66         x15:00000069
            21153500           21138 1c001c42 01778c63 beq              x15, x23, 24        x15:00000069 x23:0000002d
            21154500           21139 1c001c46 01078663 beq              x15, x16, 12        x15:00000069 x16:00000030
            21155500           21140 1c001c4a fb179ce3 bne              x15, x17, -72       x15:00000069 x17:00000023
            21158500           21143 1c001c02 00050763 beq              x10, x0, 14         x10:00000000
            21161500           21146 1c001c10 00060763 beq              x12, x0, 14         x12:00000000
            21164500           21149 1c001c1e 00070763 beq              x14, x0, 14         x14:00000000
            21167500           21152 1c001c2c fd078713 addi             x14, x15, -48       x14=00000039 x15:00000069
            21168500           21153 1c001c30 0ff77713 andi             x14, x14, 255       x14=00000039 x14:00000039
            21169500           21154 1c001c34 00900693 addi             x13, x0, 9          x13=00000009
            21170500           21155 1c001c36 04e6eb63 bltu             x13, x14, 86        x13:00000009 x14:00000039
            21173500           21158 1c001c8c 02e00713 addi             x14, x0, 46         x14=0000002e
            21174500           21159 1c001c90 02e79163 bne              x15, x14, 34        x15:00000069 x14:0000002e
            21177500           21162 1c001cb2 07a00713 addi             x14, x0, 122        x14=0000007a
            21178500           21163 1c001cb6 04e79263 bne              x15, x14, 68        x15:00000069 x14:0000007a
            21181500           21166 1c001cfa 06c00713 addi             x14, x0, 108        x14=0000006c
            21183500           21168 1c001cfe 20e79463 bne              x15, x14, 520       x15:00000069 x14:0000006c
            21186500           21171 1c001f06 06900713 addi             x14, x0, 105        x14=00000069
            21187500           21172 1c001f0a 02e78a63 beq              x15, x14, 52        x15:00000069 x14:00000069
            21190500           21175 1c001f3e 018004b3 add              x9, x0, x24          x9=1c002351 x24:1c002351
            21191500           21176 1c001f40 00000793 addi             x15, x0, 0          x15=00000000
            21192500           21177 1c001f42 e09ff06f jal              x0, -504           
            21194500           21179 1c001d4a 00a00713 addi             x14, x0, 10         x14=0000000a
            21195500           21180 1c001d4c 00e12823 sw               x14, 16(x2)         x14:0000000a  x2:100feef0  PA:100fef00
            21196500           21181 1c001d4e 0e27b363 p.bneimm         x15, 230            x15:00000000
            21199500           21184 1c001e34 00440c13 addi             x24, x8, 4          x24=100fef7c  x8:100fef78
            21200500           21185 1c001e38 00042503 lw               x10, 0(x8)          x10=00000005  x8:100fef78  PA:100fef78
            21201500           21186 1c001e3a 0017bd63 p.bneimm         x15, 26             x15:00000000
            21204500           21189 1c001e54 00055863 bge              x10, x0, 16         x10:00000005
            21207500           21192 1c001e64 00410593 addi             x11, x2, 4          x11=100feef4  x2:100feef0
            21208500           21193 1c001e66 b99ff0ef jal              x1, -1128            x1=1c001e68
            21210500           21195 1c0019fe 0105a683 lw               x13, 16(x11)        x13=100fef08 x11:100feef4  PA:100fef04
            21211500           21196 1c001a00 00c5a703 lw               x14, 12(x11)        x14=0000000a x11:100feef4  PA:100fef00
            21212500           21197 1c001a02 00100793 addi             x15, x0, 1          x15=00000001
            21213500           21198 1c001a04 02f55633 divu             x12, x10, x15       x12=00000005 x10:00000005 x15:00000001
            21247500           21232 1c001a08 00e67863 bgeu             x12, x14, 16        x12:00000005 x14:0000000a
            21248500           21233 1c001a0c 00000613 addi             x12, x0, 0          x12=00000000
            21249500           21234 1c001a0e 00900313 addi             x6, x0, 9            x6=00000009
            21250500           21235 1c001a10 00079763 bne              x15, x0, 14         x15:00000001
            21253500           21238 1c001a1e 00c5a703 lw               x14, 12(x11)        x14=0000000a x11:100feef4  PA:100fef00
            21254500           21239 1c001a20 02f55833 divu             x16, x10, x15       x16=00000005 x10:00000005 x15:00000001
            21288500           21273 1c001a24 02f57533 remu             x10, x10, x15       x10=00000000 x10:00000005 x15:00000001
            21322500           21307 1c001a28 02e7d7b3 divu             x15, x15, x14       x15=00000000 x15:00000001 x14:0000000a
            21353500           21338 1c001a2c 00061763 bne              x12, x0, 14         x12:00000000
            21354500           21339 1c001a2e 01004663 blt              x0, x16, 12         x16:00000005
            21357500           21342 1c001a3a 03000713 addi             x14, x0, 48         x14=00000030
            21375500           21360 1c001a3e 01035c63 bge              x6, x16, 24          x6:00000009 x16:00000005
            21378500           21363 1c001a56 01070733 add              x14, x14, x16       x14=00000035 x14:00000030 x16:00000005
            21379500           21364 1c001a58 00e68023 sb               x14, 0(x13)         x14:00000035 x13:100fef08  PA:100fef08
            21380500           21365 1c001a5c 00160613 addi             x12, x12, 1         x12=00000001 x12:00000000
            21381500           21366 1c001a5e 00168693 addi             x13, x13, 1         x13=100fef09 x13:100fef08
            21382500           21367 1c001a60 fb1ff06f jal              x0, -80            
            21384500           21369 1c001a10 00079763 bne              x15, x0, 14         x15:00000000
            21385500           21370 1c001a12 00068023 sb               x0, 0(x13)          x13:100fef09  PA:100fef09
            21386500           21371 1c001a16 00008067 jalr             x0, x1, 0            x1:1c001e68
            21388500           21373 1c001e68 f17ff06f jal              x0, -234           
            21390500           21375 1c001d7e 00410613 addi             x12, x2, 4          x12=100feef4  x2:100feef0
            21391500           21376 1c001d80 013005b3 add              x11, x0, x19        x11=1c001776 x19:1c001776
            21392500           21377 1c001d82 01200533 add              x10, x0, x18        x10=00000000 x18:00000000
            21393500           21378 1c001d84 cdfff0ef jal              x1, -802             x1=1c001d86
            21395500           21380 1c001a62 fe010113 addi             x2, x2, -32          x2=100feed0  x2:100feef0
            21396500           21381 1c001a64 00812c23 sw               x8, 24(x2)           x8:100fef78  x2:100feed0  PA:100feee8
            21397500           21382 1c001a66 01062783 lw               x15, 16(x12)        x15=100fef08 x12:100feef4  PA:100fef04
            21398500           21383 1c001a68 00462403 lw               x8, 4(x12)           x8=00000000 x12:100feef4  PA:100feef8
            21399500           21384 1c001a6a 00912a23 sw               x9, 20(x2)           x9:1c002351  x2:100feed0  PA:100feee4
            21400500           21385 1c001a6c 01212823 sw               x18, 16(x2)         x18:00000000  x2:100feed0  PA:100feee0
            21401500           21386 1c001a6e 01312623 sw               x19, 12(x2)         x19:1c001776  x2:100feed0  PA:100feedc
            21402500           21387 1c001a70 00112e23 sw               x1, 28(x2)           x1:1c001d86  x2:100feed0  PA:100feeec
            21403500           21388 1c001a72 01412423 sw               x20, 8(x2)          x20:00000025  x2:100feed0  PA:100feed8
            21404500           21389 1c001a74 00a00933 add              x18, x0, x10        x18=00000000 x10:00000000
            21405500           21390 1c001a76 00b009b3 add              x19, x0, x11        x19=1c001776 x11:1c001776
            21406500           21391 1c001a78 00c004b3 add              x9, x0, x12          x9=100feef4 x12:100feef4
            21407500           21392 1c001a7a 0017c70b p.lbu            x14, 1(x15!)        x14=00000035 x15=100fef09 x15:100fef08  PA:100fef08
            21409500           21394 1c001a7e 00070363 beq              x14, x0, 6          x14:00000035
            21410500           21395 1c001a80 08804863 blt              x0, x8, 144          x8:00000000
            21411500           21396 1c001a84 0084c783 lbu              x15, 8(x9)          x15=00000000  x9:100feef4  PA:100feefc
            21413500           21398 1c001a88 00078263 beq              x15, x0, 4          x15:00000000
            21416500           21401 1c001a8c 0004c783 lbu              x15, 0(x9)          x15=000000xX  x9:100feef4  PA:100feef4
            21418500           21403 1c001a90 0027f713 andi             x14, x15, 2         x14=00000000 x15:000000xX
            21419500           21404 1c001a94 00070663 beq              x14, x0, 12         x14:00000000
            21422500           21407 1c001aa0 0097f793 andi             x15, x15, 9         x15=00000000 x15:000000xX
            21423500           21408 1c001aa2 00800a33 add              x20, x0, x8         x20=00000000  x8:00000000
            21424500           21409 1c001aa4 08078163 beq              x15, x0, 130        x15:00000000
            21427500           21412 1c001b26 ff404be3 blt              x0, x20, -10        x20:00000000
            21428500           21413 1c001b2a fff40793 addi             x15, x8, -1         x15=ffffffff  x8:00000000
            21429500           21414 1c001b2e 04046433 p.max            x8, x8, x0           x8=00000000  x8:00000000
            21430500           21415 1c001b32 40878433 sub              x8, x15, x8          x8=ffffffff x15:ffffffff  x8:00000000
            21431500           21416 1c001b36 f71ff06f jal              x0, -144           
            21433500           21418 1c001aa6 0084c583 lbu              x11, 8(x9)          x11=00000000  x9:100feef4  PA:100feefc
            21435500           21420 1c001aaa 00058363 beq              x11, x0, 6          x11:00000000
            21438500           21423 1c001ab0 0004c783 lbu              x15, 0(x9)          x15=000000xX  x9:100feef4  PA:100feef4
            21440500           21425 1c001ab4 0027f793 andi             x15, x15, 2         x15=00000000 x15:000000xX
            21441500           21426 1c001ab6 02078363 beq              x15, x0, 38         x15:00000000
            21444500           21429 1c001adc 0004c783 lbu              x15, 0(x9)          x15=000000xX  x9:100feef4  PA:100feef4
            21445500           21430 1c001ae0 00800a33 add              x20, x0, x8         x20=ffffffff  x8:ffffffff
            21446500           21431 1c001ae2 fc17b7b3 p.bclr           x15, x15, 30, 1     x15=00000000 x15:000000xX
            21447500           21432 1c001ae6 06079363 bne              x15, x0, 102        x15:00000000
            21448500           21433 1c001ae8 0104aa03 lw               x20, 16(x9)         x20=100fef08  x9:100feef4  PA:100fef04
            21450500           21435 1c001aec 001a458b p.lbu            x11, 1(x20!)        x11=00000035 x20=100fef09 x20:100fef08  PA:100fef08
            21452500           21437 1c001af0 06059763 bne              x11, x0, 110        x11:00000035
            21455500           21440 1c001b5e 01200533 add              x10, x0, x18        x10=00000000 x18:00000000
            21456500           21441 1c001b60 000980e7 jalr             x1, x19, 0           x1=1c001b62 x19:1c001776
            21458500           21443 1c001776 00b00533 add              x10, x0, x11        x10=00000035 x11:00000035
            21459500           21444 1c001778 fddff06f jal              x0, -36            
            21461500           21446 1c001754 000026b7 lui              x13, 0x2000         x13=00002000
            21462500           21447 1c001756 f14027f3 csrrs            x15, x0, 0xf14      x15=00000005
            21463500           21448 1c00175a f8068693 addi             x13, x13, -128      x13=00001f80 x13:00002000
            21464500           21449 1c00175e 00379713 slli             x14, x15, 0x3       x14=00000028 x15:00000005
            21465500           21450 1c001762 00279793 slli             x15, x15, 0x2       x15=00000014 x15:00000005
            21466500           21451 1c001764 ee873733 p.bclr           x14, x14, 23, 8     x14=00000028 x14:00000028
            21467500           21452 1c001768 00d7f7b3 and              x15, x15, x13       x15=00000000 x15:00000014 x13:00001f80
            21468500           21453 1c00176a 00e787b3 add              x15, x15, x14       x15=00000028 x15:00000000 x14:00000028
            21469500           21454 1c00176c 1a104737 lui              x14, 0x1a104000     x14=1a104000
            21470500           21455 1c001770 00a767a3 p.sw             x10, x0(x14)        x10:00000035 x14:1a104000  PA:1a104028
            21474500           21459 1c001774 00008067 jalr             x0, x1, 0            x1:1c001b62
            21475500           21460 1c001b62 f8bff06f jal              x0, -118           
            21477500           21462 1c001aec 001a458b p.lbu            x11, 1(x20!)        x11=00000000 x20=100fef0a x20:100fef09  PA:100fef09
            21479500           21464 1c001af0 06059763 bne              x11, x0, 110        x11:00000000
            21480500           21465 1c001af2 0004c783 lbu              x15, 0(x9)          x15=000000xX  x9:100feef4  PA:100feef4
            21482500           21467 1c001af6 0097f793 andi             x15, x15, 9         x15=00000000 x15:000000xX
            21483500           21468 1c001af8 0087b463 p.bneimm         x15, 8              x15:00000000
            21486500           21471 1c001b00 01c12083 lw               x1, 28(x2)           x1=1c001d86  x2:100feed0  PA:100feeec
            21487500           21472 1c001b02 01812403 lw               x8, 24(x2)           x8=100fef78  x2:100feed0  PA:100feee8
            21488500           21473 1c001b04 01412483 lw               x9, 20(x2)           x9=1c002351  x2:100feed0  PA:100feee4
            21489500           21474 1c001b06 01012903 lw               x18, 16(x2)         x18=00000000  x2:100feed0  PA:100feee0
            21490500           21475 1c001b08 00c12983 lw               x19, 12(x2)         x19=1c001776  x2:100feed0  PA:100feedc
            21491500           21476 1c001b0a 00812a03 lw               x20, 8(x2)          x20=00000025  x2:100feed0  PA:100feed8
            21492500           21477 1c001b0c 02010113 addi             x2, x2, 32           x2=100feef0  x2:100feed0
            21493500           21478 1c001b0e 00008067 jalr             x0, x1, 0            x1:1c001d86
            21495500           21480 1c001d86 01800433 add              x8, x0, x24          x8=100fef7c x24:100fef7c
            21496500           21481 1c001d88 fadff06f jal              x0, -84            
            21498500           21483 1c001d34 00900633 add              x12, x0, x9         x12=1c002351  x9:1c002351
            21499500           21484 1c001d36 e69ff06f jal              x0, -408           
            21502500           21487 1c001b9e 00064583 lbu              x11, 0(x12)         x11=00000029 x12:1c002351  PA:1c002351
            21517500           21502 1c001ba2 00160493 addi             x9, x12, 1           x9=1c002352 x12:1c002351
            21518500           21503 1c001ba6 00059e63 bne              x11, x0, 28         x11:00000029
            21521500           21506 1c001bc2 01458563 beq              x11, x20, 10        x11:00000029 x20:00000025
            21522500           21507 1c001bc6 01200533 add              x10, x0, x18        x10=00000000 x18:00000000
            21523500           21508 1c001bc8 000980e7 jalr             x1, x19, 0           x1=1c001bca x19:1c001776
            21525500           21510 1c001776 00b00533 add              x10, x0, x11        x10=00000029 x11:00000029
            21526500           21511 1c001778 fddff06f jal              x0, -36            
            21528500           21513 1c001754 000026b7 lui              x13, 0x2000         x13=00002000
            21529500           21514 1c001756 f14027f3 csrrs            x15, x0, 0xf14      x15=00000005
            21530500           21515 1c00175a f8068693 addi             x13, x13, -128      x13=00001f80 x13:00002000
            21531500           21516 1c00175e 00379713 slli             x14, x15, 0x3       x14=00000028 x15:00000005
            21532500           21517 1c001762 00279793 slli             x15, x15, 0x2       x15=00000014 x15:00000005
            21533500           21518 1c001764 ee873733 p.bclr           x14, x14, 23, 8     x14=00000028 x14:00000028
            21534500           21519 1c001768 00d7f7b3 and              x15, x15, x13       x15=00000000 x15:00000014 x13:00001f80
            21535500           21520 1c00176a 00e787b3 add              x15, x15, x14       x15=00000028 x15:00000000 x14:00000028
            21536500           21521 1c00176c 1a104737 lui              x14, 0x1a104000     x14=1a104000
            21537500           21522 1c001770 00a767a3 p.sw             x10, x0(x14)        x10:00000029 x14:1a104000  PA:1a104028
            21541500           21526 1c001774 00008067 jalr             x0, x1, 0            x1:1c001bca
            21542500           21527 1c001bca 16a0006f jal              x0, 362            
            21544500           21529 1c001d34 00900633 add              x12, x0, x9         x12=1c002352  x9:1c002352
            21545500           21530 1c001d36 e69ff06f jal              x0, -408           
            21548500           21533 1c001b9e 00064583 lbu              x11, 0(x12)         x11=00000021 x12:1c002352  PA:1c002352
            21562500           21547 1c001ba2 00160493 addi             x9, x12, 1           x9=1c002353 x12:1c002352
            21563500           21548 1c001ba6 00059e63 bne              x11, x0, 28         x11:00000021
            21566500           21551 1c001bc2 01458563 beq              x11, x20, 10        x11:00000021 x20:00000025
            21567500           21552 1c001bc6 01200533 add              x10, x0, x18        x10=00000000 x18:00000000
            21568500           21553 1c001bc8 000980e7 jalr             x1, x19, 0           x1=1c001bca x19:1c001776
            21570500           21555 1c001776 00b00533 add              x10, x0, x11        x10=00000021 x11:00000021
            21571500           21556 1c001778 fddff06f jal              x0, -36            
            21573500           21558 1c001754 000026b7 lui              x13, 0x2000         x13=00002000
            21574500           21559 1c001756 f14027f3 csrrs            x15, x0, 0xf14      x15=00000005
            21575500           21560 1c00175a f8068693 addi             x13, x13, -128      x13=00001f80 x13:00002000
            21576500           21561 1c00175e 00379713 slli             x14, x15, 0x3       x14=00000028 x15:00000005
            21577500           21562 1c001762 00279793 slli             x15, x15, 0x2       x15=00000014 x15:00000005
            21578500           21563 1c001764 ee873733 p.bclr           x14, x14, 23, 8     x14=00000028 x14:00000028
            21579500           21564 1c001768 00d7f7b3 and              x15, x15, x13       x15=00000000 x15:00000014 x13:00001f80
            21580500           21565 1c00176a 00e787b3 add              x15, x15, x14       x15=00000028 x15:00000000 x14:00000028
            21581500           21566 1c00176c 1a104737 lui              x14, 0x1a104000     x14=1a104000
            21582500           21567 1c001770 00a767a3 p.sw             x10, x0(x14)        x10:00000021 x14:1a104000  PA:1a104028
            21586500           21571 1c001774 00008067 jalr             x0, x1, 0            x1:1c001bca
            21587500           21572 1c001bca 16a0006f jal              x0, 362            
            21589500           21574 1c001d34 00900633 add              x12, x0, x9         x12=1c002353  x9:1c002353
            21590500           21575 1c001d36 e69ff06f jal              x0, -408           
            21593500           21578 1c001b9e 00064583 lbu              x11, 0(x12)         x11=0000000a x12:1c002353  PA:1c002353
            21607500           21592 1c001ba2 00160493 addi             x9, x12, 1           x9=1c002354 x12:1c002353
            21608500           21593 1c001ba6 00059e63 bne              x11, x0, 28         x11:0000000a
            21611500           21596 1c001bc2 01458563 beq              x11, x20, 10        x11:0000000a x20:00000025
            21612500           21597 1c001bc6 01200533 add              x10, x0, x18        x10=00000000 x18:00000000
            21613500           21598 1c001bc8 000980e7 jalr             x1, x19, 0           x1=1c001bca x19:1c001776
            21615500           21600 1c001776 00b00533 add              x10, x0, x11        x10=0000000a x11:0000000a
            21616500           21601 1c001778 fddff06f jal              x0, -36            
            21618500           21603 1c001754 000026b7 lui              x13, 0x2000         x13=00002000
            21619500           21604 1c001756 f14027f3 csrrs            x15, x0, 0xf14      x15=00000005
            21620500           21605 1c00175a f8068693 addi             x13, x13, -128      x13=00001f80 x13:00002000
            21621500           21606 1c00175e 00379713 slli             x14, x15, 0x3       x14=00000028 x15:00000005
            21622500           21607 1c001762 00279793 slli             x15, x15, 0x2       x15=00000014 x15:00000005
            21623500           21608 1c001764 ee873733 p.bclr           x14, x14, 23, 8     x14=00000028 x14:00000028
            21624500           21609 1c001768 00d7f7b3 and              x15, x15, x13       x15=00000000 x15:00000014 x13:00001f80
            21625500           21610 1c00176a 00e787b3 add              x15, x15, x14       x15=00000028 x15:00000000 x14:00000028
            21626500           21611 1c00176c 1a104737 lui              x14, 0x1a104000     x14=1a104000
            21627500           21612 1c001770 00a767a3 p.sw             x10, x0(x14)        x10:0000000a x14:1a104000  PA:1a104028
            21631500           21616 1c001774 00008067 jalr             x0, x1, 0            x1:1c001bca
            21632500           21617 1c001bca 16a0006f jal              x0, 362            
            21634500           21619 1c001d34 00900633 add              x12, x0, x9         x12=1c002354  x9:1c002354
            21635500           21620 1c001d36 e69ff06f jal              x0, -408           
            21638500           21623 1c001b9e 00064583 lbu              x11, 0(x12)         x11=00000000 x12:1c002354  PA:1c002354
            21652500           21637 1c001ba2 00160493 addi             x9, x12, 1           x9=1c002355 x12:1c002354
            21653500           21638 1c001ba6 00059e63 bne              x11, x0, 28         x11:00000000
            21654500           21639 1c001ba8 05c12083 lw               x1, 92(x2)           x1=1c001834  x2:100feef0  PA:100fef4c
            21655500           21640 1c001baa 05812403 lw               x8, 88(x2)           x8=00000000  x2:100feef0  PA:100fef48
            21656500           21641 1c001bac 05412483 lw               x9, 84(x2)           x9=00000000  x2:100feef0  PA:100fef44
            21657500           21642 1c001bae 05012903 lw               x18, 80(x2)         x18=1b204000  x2:100feef0  PA:100fef40
            21658500           21643 1c001bb0 04c12983 lw               x19, 76(x2)         x19=00000005  x2:100feef0  PA:100fef3c
            21659500           21644 1c001bb2 04812a03 lw               x20, 72(x2)         x20=1c00220c  x2:100feef0  PA:100fef38
            21660500           21645 1c001bb4 04412a83 lw               x21, 68(x2)         x21=1c002210  x2:100feef0  PA:100fef34
            21661500           21646 1c001bb6 04012b03 lw               x22, 64(x2)         x22=00000000  x2:100feef0  PA:100fef30
            21662500           21647 1c001bb8 03c12b83 lw               x23, 60(x2)         x23=00000000  x2:100feef0  PA:100fef2c
            21663500           21648 1c001bba 03812c03 lw               x24, 56(x2)         x24=00000000  x2:100feef0  PA:100fef28
            21664500           21649 1c001bbc 03412c83 lw               x25, 52(x2)         x25=00000000  x2:100feef0  PA:100fef24
            21665500           21650 1c001bbe 06010113 addi             x2, x2, 96           x2=100fef50  x2:100feef0
            21666500           21651 1c001bc0 00008067 jalr             x0, x1, 0            x1:1c001834
            21668500           21653 1c001834 01c12083 lw               x1, 28(x2)           x1=1c00220c  x2:100fef50  PA:100fef6c
            21669500           21654 1c001836 00000513 addi             x10, x0, 0          x10=00000000
            21670500           21655 1c001838 04010113 addi             x2, x2, 64           x2=100fef90  x2:100fef50
            21671500           21656 1c00183a 00008067 jalr             x0, x1, 0            x1:1c00220c
            21677500           21662 1c00220c 21c96283 p.elw            x5, 540(x18)         x5=00000000 x18:1b204000  PA:1b20421c
