                Time          Cycles PC       Instr    Mnemonic
            14833500           14818 1c000080 0180006f jal              x0, 24             
            14851500           14836 1c000098 f1402573 csrrs            x10, x0, 0xf14      x10=00000040
            14852500           14837 1c00009c 01f57593 andi             x11, x10, 31        x11=00000000 x10:00000040
            14869500           14854 1c0000a0 00555513 srli             x10, x10, 0x5       x10=00000002 x10:00000040
            14870500           14855 1c0000a2 00058463 beq              x11, x0, 8          x11:00000000
            14873500           14858 1c0000aa 00050463 beq              x10, x0, 8          x10:00000002
            14892500           14877 1c0000ae 0520206f jal              x0, 8274           
            14894500           14879 1c002100 000702b7 lui              x5, 0x70000          x5=00070000
            14895500           14880 1c002104 1b204337 lui              x6, 0x1b204000       x6=1b204000
            14896500           14881 1c002108 00532023 sw               x5, 0(x6)            x5:00070000  x6:1b204000  PA:1b204000
            14897500           14882 1c00210c 0e059163 bne              x11, x0, 226        x11:00000000
            14909500           14894 1c002110 feffe417 auipc            x8, 0xfeffe000       x8=1b000110
            14910500           14895 1c002114 ef840413 addi             x8, x8, -264         x8=1b000008  x8:1b000110
            14911500           14896 1c002118 04040493 addi             x9, x8, 64           x9=1b000048  x8:1b000008
            14912500           14897 1c00211c 00800933 add              x18, x0, x8         x18=1b000008  x8:1b000008
            14929500           14914 1c00211e 1b2049b7 lui              x19, 0x1b204000     x19=1b204000
            14930500           14915 1c002122 00200a13 addi             x20, x0, 2          x20=00000002
            14931500           14916 1c002124 00000a97 auipc            x21, 0x0            x21=1c002124
            14932500           14917 1c002128 036a8a93 addi             x21, x21, 54        x21=1c00215a x21:1c002124
            14933500           14918 1c00212c 00000b97 auipc            x23, 0x0            x23=1c00212c
            14950500           14935 1c002130 57cb8b93 addi             x23, x23, 1404      x23=1c0026a8 x23:1c00212c
            14951500           14936 1c002134 000bab83 lw               x23, 0(x23)         x23=1c2fff50 x23:1c0026a8  PA:1c0026a8
            14966500           14951 1c002138 01800393 addi             x7, x0, 24           x7=00000018
            14967500           14952 1c00213a 02a383b3 mul              x7, x7, x10          x7=00000030  x7:00000018 x10:00000002
            14968500           14953 1c00213e 007b8bb3 add              x23, x23, x7        x23=1c2fff80 x23:1c2fff50  x7:00000030
            14988500           14973 1c002140 008b8b93 addi             x23, x23, 8         x23=1c2fff88 x23:1c2fff80
            14989500           14974 1c002142 10201cb7 lui              x25, 0x10201000     x25=10201000
            14990500           14975 1c002146 e04c8c93 addi             x25, x25, -508      x25=10200e04 x25:10201000
            14991500           14976 1c00214a 00100c13 addi             x24, x0, 1          x24=00000001
            14992500           14977 1c00214c 00000d17 auipc            x26, 0x0            x26=1c00214c
            15009500           14994 1c002150 0e0d0d13 addi             x26, x26, 224       x26=1c00222c x26:1c00214c
            15010500           14995 1c002154 001d6d13 ori              x26, x26, 1         x26=1c00222d x26:1c00222c
            15011500           14996 1c002158 0160006f jal              x0, 22             
            15046500           15031 1c00216e 00042e03 lw               x28, 0(x8)          x28=00000000  x8:1b000008  PA:1b000008
            15048500           15033 1c002172 060e0063 beq              x28, x0, 96         x28:00000000
            15067500           15052 1c0021d2 0149a423 sw               x20, 8(x19)         x20:00000002 x19:1b204000  PA:1b204008
            15068500           15053 1c0021d6 03c9e003 p.elw            x0, 60(x19)         x19:1b204000  PA:1b20403c
            18211500           18196 1c0021da 0149a223 sw               x20, 4(x19)         x20:00000002 x19:1b204000  PA:1b204004
            18212500           18197 1c0021de f91ff06f jal              x0, -112           
            18215500           18200 1c00216e 00042e03 lw               x28, 0(x8)          x28=00000008  x8:1b000008  PA:1b000008
            18217500           18202 1c002172 060e0063 beq              x28, x0, 96         x28:00000008
            18218500           18203 1c002176 00842503 lw               x10, 8(x8)          x10=00000000  x8:1b000008  PA:1b000010
            18219500           18204 1c002178 00442283 lw               x5, 4(x8)            x5=1c0009d8  x8:1b000008  PA:1b00000c
            18220500           18205 1c00217c 00c42103 lw               x2, 12(x8)           x2=108fe400  x8:1b000008  PA:1b000014
            18237500           18222 1c002180 01042303 lw               x6, 16(x8)           x6=00000400  x8:1b000008  PA:1b000018
            18238500           18223 1c002184 01442383 lw               x7, 20(x8)           x7=00000400  x8:1b000008  PA:1b00001c
            18239500           18224 1c002188 01842b03 lw               x22, 24(x8)         x22=100fc720  x8:1b000008  PA:1b000020
            18240500           18225 1c00218c 01c42e83 lw               x29, 28(x8)         x29=1000013c  x8:1b000008  PA:1b000024
            18264500           18249 1c002190 00042023 sw               x0, 0(x8)            x8:1b000008  PA:1b000008
            18265500           18250 1c002194 feffef17 auipc            x30, 0xfeffe000     x30=1b000194
            18266500           18251 1c002198 eb4f0f13 addi             x30, x30, -332      x30=1b000048 x30:1b000194
            18267500           18252 1c00219c 01df2023 sw               x29, 0(x30)         x29:1000013c x30:1b000048  PA:1b000048
            18284500           18269 1c0021a0 015000b3 add              x1, x0, x21          x1=1c00215a x21:1c00215a
            18285500           18270 1c0021a2 00100e93 addi             x29, x0, 1          x29=00000001
            18286500           18271 1c0021a4 01ce9e33 sll              x28, x29, x28       x28=00000100 x29:00000001 x28:00000008
            18287500           18272 1c0021a8 fffe0e13 addi             x28, x28, -1        x28=000000ff x28:00000100
            18288500           18273 1c0021aa 21c9a023 sw               x28, 512(x19)       x28:000000ff x19:1b204000  PA:1b204200
            18310500           18295 1c0021ae 21c9a623 sw               x28, 524(x19)       x28:000000ff x19:1b204000  PA:1b20420c
            18311500           18296 1c0021b2 09c9a223 sw               x28, 132(x19)       x28:000000ff x19:1b204000  PA:1b204084
            18312500           18297 1c0021b6 001e2863 p.beqimm         x28, 16             x28:000000ff
            18313500           18298 1c0021ba 09a9a023 sw               x26, 128(x19)       x26:1c00222d x19:1b204000  PA:1b204080
            18330500           18315 1c0021be 0879a023 sw               x7, 128(x19)         x7:00000400 x19:1b204000  PA:1b204080
            18331500           18316 1c0021c2 0829a023 sw               x2, 128(x19)         x2:108fe400 x19:1b204000  PA:1b204080
            18332500           18317 1c0021c6 02040413 addi             x8, x8, 32           x8=1b000028  x8:1b000008
            18333500           18318 1c0021ca 00941363 bne              x8, x9, 6            x8:1b000028  x9:1b000048
            18336500           18321 1c0021d0 00028067 jalr             x0, x5, 0            x5:1c0009d8
            18356500           18341 1c0009d8 ff010113 addi             x2, x2, -16          x2=108fe3f0  x2:108fe400
            18357500           18342 1c0009da 0ff00713 addi             x14, x0, 255        x14=000000ff
            18375500           18360 1c0009de 1b2047b7 lui              x15, 0x1b204000     x15=1b204000
            18376500           18361 1c0009e2 00112623 sw               x1, 12(x2)           x1:1c00215a  x2:108fe3f0  PA:108fe3fc
            18377500           18362 1c0009e4 00812423 sw               x8, 8(x2)            x8:1b000028  x2:108fe3f0  PA:108fe3f8
            18378500           18363 1c0009e6 00912223 sw               x9, 4(x2)            x9:1b000048  x2:108fe3f0  PA:108fe3f4
            18379500           18364 1c0009e8 08e7a223 sw               x14, 132(x15)       x14:000000ff x15:1b204000  PA:1b204084
            18380500           18365 1c0009ec 20078493 addi             x9, x15, 512         x9=1b204200 x15:1b204000
            18397500           18382 1c0009f0 00e4a023 sw               x14, 0(x9)          x14:000000ff  x9:1b204200  PA:1b204200
            18398500           18383 1c0009f2 20c78793 addi             x15, x15, 524       x15=1b20420c x15:1b204000
            18399500           18384 1c0009f6 00e7a023 sw               x14, 0(x15)         x14:000000ff x15:1b20420c  PA:1b20420c
            18400500           18385 1c0009f8 1c0017b7 lui              x15, 0x1c001000     x15=1c001000
            18401500           18386 1c0009fc 9bc78793 addi             x15, x15, -1604     x15=1c0009bc x15:1c001000
            18418500           18403 1c000a00 1b204737 lui              x14, 0x1b204000     x14=1b204000
            18419500           18404 1c000a04 08f72023 sw               x15, 128(x14)       x15:1c0009bc x14:1b204000  PA:1b204080
            18420500           18405 1c000a08 1b2047b7 lui              x15, 0x1b204000     x15=1b204000
            18421500           18406 1c000a0c 08a7a023 sw               x10, 128(x15)       x10:00000000 x15:1b204000  PA:1b204080
            18440500           18425 1c000a10 f1402673 csrrs            x12, x0, 0xf14      x12=00000040
            18441500           18426 1c000a14 40565413 srai             x8, x12, 0x405       x8=00000002 x12:00000040
            18442500           18427 1c000a18 f2643433 p.bclr           x8, x8, 25, 6        x8=00000002  x8:00000002
            18443500           18428 1c000a1c 1c002537 lui              x10, 0x1c002000     x10=1c002000
            18462500           18447 1c000a20 f4563633 p.bclr           x12, x12, 26, 5     x12=00000000 x12:00000040
            18463500           18448 1c000a24 008005b3 add              x11, x0, x8         x11=00000002  x8:00000002
            18464500           18449 1c000a26 33c50513 addi             x10, x10, 828       x10=1c00233c x10:1c002000
            18465500           18450 1c000a2a 5e7000ef jal              x1, 3558             x1=1c000a2e
            18502500           18487 1c001810 fc010113 addi             x2, x2, -64          x2=108fe3b0  x2:108fe3f0
            18503500           18488 1c001812 02b12223 sw               x11, 36(x2)         x11:00000002  x2:108fe3b0  PA:108fe3d4
            18504500           18489 1c001814 1c0015b7 lui              x11, 0x1c001000     x11=1c001000
            18505500           18490 1c001818 02c12423 sw               x12, 40(x2)         x12:00000000  x2:108fe3b0  PA:108fe3d8
            18506500           18491 1c00181a 02d12623 sw               x13, 44(x2)         x13:00000000  x2:108fe3b0  PA:108fe3dc
            18507500           18492 1c00181c 00a00633 add              x12, x0, x10        x12=1c00233c x10:1c00233c
            18508500           18493 1c00181e 02410693 addi             x13, x2, 36         x13=108fe3d4  x2:108fe3b0
            18526500           18511 1c001820 00000513 addi             x10, x0, 0          x10=00000000
            18527500           18512 1c001822 77658593 addi             x11, x11, 1910      x11=1c001776 x11:1c001000
            18528500           18513 1c001826 00112e23 sw               x1, 28(x2)           x1:1c000a2e  x2:108fe3b0  PA:108fe3cc
            18529500           18514 1c001828 02e12823 sw               x14, 48(x2)         x14:1b204000  x2:108fe3b0  PA:108fe3e0
            18530500           18515 1c00182a 02f12a23 sw               x15, 52(x2)         x15:1b204000  x2:108fe3b0  PA:108fe3e4
            18531500           18516 1c00182c 03012c23 sw               x16, 56(x2)         x16:00000000  x2:108fe3b0  PA:108fe3e8
            18532500           18517 1c00182e 03112e23 sw               x17, 60(x2)         x17:00000000  x2:108fe3b0  PA:108fe3ec
            18549500           18534 1c001830 00d12623 sw               x13, 12(x2)         x13:108fe3d4  x2:108fe3b0  PA:108fe3bc
            18550500           18535 1c001832 33e000ef jal              x1, 830              x1=1c001834
            18568500           18553 1c001b70 fa010113 addi             x2, x2, -96          x2=108fe350  x2:108fe3b0
            18569500           18554 1c001b72 01810793 addi             x15, x2, 24         x15=108fe368  x2:108fe350
            18570500           18555 1c001b74 04812c23 sw               x8, 88(x2)           x8:00000002  x2:108fe350  PA:108fe3a8
            18571500           18556 1c001b76 05212823 sw               x18, 80(x2)         x18:1b000008  x2:108fe350  PA:108fe3a0
            18572500           18557 1c001b78 05312623 sw               x19, 76(x2)         x19:1b204000  x2:108fe350  PA:108fe39c
            18573500           18558 1c001b7a 05412423 sw               x20, 72(x2)         x20:00000002  x2:108fe350  PA:108fe398
            18574500           18559 1c001b7c 05512223 sw               x21, 68(x2)         x21:1c00215a  x2:108fe350  PA:108fe394
            18575500           18560 1c001b7e 05612023 sw               x22, 64(x2)         x22:100fc720  x2:108fe350  PA:108fe390
            18592500           18577 1c001b80 03712e23 sw               x23, 60(x2)         x23:1c2fff88  x2:108fe350  PA:108fe38c
            18593500           18578 1c001b82 04112e23 sw               x1, 92(x2)           x1:1c001834  x2:108fe350  PA:108fe3ac
            18594500           18579 1c001b84 04912a23 sw               x9, 84(x2)           x9:1b204200  x2:108fe350  PA:108fe3a4
            18595500           18580 1c001b86 03812c23 sw               x24, 56(x2)         x24:00000001  x2:108fe350  PA:108fe388
            18596500           18581 1c001b88 03912a23 sw               x25, 52(x2)         x25:10200e04  x2:108fe350  PA:108fe384
            18597500           18582 1c001b8a 00a00933 add              x18, x0, x10        x18=00000000 x10:00000000
            18598500           18583 1c001b8c 00b009b3 add              x19, x0, x11        x19=1c001776 x11:1c001776
            18599500           18584 1c001b8e 00d00433 add              x8, x0, x13          x8=108fe3d4 x13:108fe3d4
            18616500           18601 1c001b90 00f12a23 sw               x15, 20(x2)         x15:108fe368  x2:108fe350  PA:108fe364
            18617500           18602 1c001b92 02500a13 addi             x20, x0, 37         x20=00000025
            18618500           18603 1c001b96 02d00b93 addi             x23, x0, 45         x23=0000002d
            18619500           18604 1c001b9a 00100a93 addi             x21, x0, 1          x21=00000001
            18620500           18605 1c001b9c 00500b13 addi             x22, x0, 5          x22=00000005
            18638500           18623 1c001b9e 00064583 lbu              x11, 0(x12)         x11=00000048 x12:1c00233c  PA:1c00233c
            18667500           18652 1c001ba2 00160493 addi             x9, x12, 1           x9=1c00233d x12:1c00233c
            18668500           18653 1c001ba6 00059e63 bne              x11, x0, 28         x11:00000048
            18678500           18663 1c001bc2 01458563 beq              x11, x20, 10        x11:00000048 x20:00000025
            18679500           18664 1c001bc6 01200533 add              x10, x0, x18        x10=00000000 x18:00000000
            18680500           18665 1c001bc8 000980e7 jalr             x1, x19, 0           x1=1c001bca x19:1c001776
            18698500           18683 1c001776 00b00533 add              x10, x0, x11        x10=00000048 x11:00000048
            18699500           18684 1c001778 fddff06f jal              x0, -36            
            18718500           18703 1c001754 000026b7 lui              x13, 0x2000         x13=00002000
            18719500           18704 1c001756 f14027f3 csrrs            x15, x0, 0xf14      x15=00000040
            18720500           18705 1c00175a f8068693 addi             x13, x13, -128      x13=00001f80 x13:00002000
            18738500           18723 1c00175e 00379713 slli             x14, x15, 0x3       x14=00000200 x15:00000040
            18739500           18724 1c001762 00279793 slli             x15, x15, 0x2       x15=00000100 x15:00000040
            18740500           18725 1c001764 ee873733 p.bclr           x14, x14, 23, 8     x14=00000000 x14:00000200
            18741500           18726 1c001768 00d7f7b3 and              x15, x15, x13       x15=00000100 x15:00000100 x13:00001f80
            18742500           18727 1c00176a 00e787b3 add              x15, x15, x14       x15=00000100 x15:00000100 x14:00000000
            18743500           18728 1c00176c 1a104737 lui              x14, 0x1a104000     x14=1a104000
            18744500           18729 1c001770 00a767a3 p.sw             x10, x0(x14)        x10:00000048 x14:1a104000  PA:1a104100
            18748500           18733 1c001774 00008067 jalr             x0, x1, 0            x1:1c001bca
            18749500           18734 1c001bca 16a0006f jal              x0, 362            
            18768500           18753 1c001d34 00900633 add              x12, x0, x9         x12=1c00233d  x9:1c00233d
            18769500           18754 1c001d36 e69ff06f jal              x0, -408           
            18772500           18757 1c001b9e 00064583 lbu              x11, 0(x12)         x11=00000065 x12:1c00233d  PA:1c00233d
            18807500           18792 1c001ba2 00160493 addi             x9, x12, 1           x9=1c00233e x12:1c00233d
            18808500           18793 1c001ba6 00059e63 bne              x11, x0, 28         x11:00000065
            18811500           18796 1c001bc2 01458563 beq              x11, x20, 10        x11:00000065 x20:00000025
            18812500           18797 1c001bc6 01200533 add              x10, x0, x18        x10=00000000 x18:00000000
            18813500           18798 1c001bc8 000980e7 jalr             x1, x19, 0           x1=1c001bca x19:1c001776
            18815500           18800 1c001776 00b00533 add              x10, x0, x11        x10=00000065 x11:00000065
            18816500           18801 1c001778 fddff06f jal              x0, -36            
            18818500           18803 1c001754 000026b7 lui              x13, 0x2000         x13=00002000
            18819500           18804 1c001756 f14027f3 csrrs            x15, x0, 0xf14      x15=00000040
            18820500           18805 1c00175a f8068693 addi             x13, x13, -128      x13=00001f80 x13:00002000
            18821500           18806 1c00175e 00379713 slli             x14, x15, 0x3       x14=00000200 x15:00000040
            18822500           18807 1c001762 00279793 slli             x15, x15, 0x2       x15=00000100 x15:00000040
            18823500           18808 1c001764 ee873733 p.bclr           x14, x14, 23, 8     x14=00000000 x14:00000200
            18824500           18809 1c001768 00d7f7b3 and              x15, x15, x13       x15=00000100 x15:00000100 x13:00001f80
            18825500           18810 1c00176a 00e787b3 add              x15, x15, x14       x15=00000100 x15:00000100 x14:00000000
            18826500           18811 1c00176c 1a104737 lui              x14, 0x1a104000     x14=1a104000
            18827500           18812 1c001770 00a767a3 p.sw             x10, x0(x14)        x10:00000065 x14:1a104000  PA:1a104100
            18831500           18816 1c001774 00008067 jalr             x0, x1, 0            x1:1c001bca
            18832500           18817 1c001bca 16a0006f jal              x0, 362            
            18834500           18819 1c001d34 00900633 add              x12, x0, x9         x12=1c00233e  x9:1c00233e
            18835500           18820 1c001d36 e69ff06f jal              x0, -408           
            18838500           18823 1c001b9e 00064583 lbu              x11, 0(x12)         x11=00000079 x12:1c00233e  PA:1c00233e
            18854500           18839 1c001ba2 00160493 addi             x9, x12, 1           x9=1c00233f x12:1c00233e
            18855500           18840 1c001ba6 00059e63 bne              x11, x0, 28         x11:00000079
            18858500           18843 1c001bc2 01458563 beq              x11, x20, 10        x11:00000079 x20:00000025
            18859500           18844 1c001bc6 01200533 add              x10, x0, x18        x10=00000000 x18:00000000
            18860500           18845 1c001bc8 000980e7 jalr             x1, x19, 0           x1=1c001bca x19:1c001776
            18862500           18847 1c001776 00b00533 add              x10, x0, x11        x10=00000079 x11:00000079
            18863500           18848 1c001778 fddff06f jal              x0, -36            
            18865500           18850 1c001754 000026b7 lui              x13, 0x2000         x13=00002000
            18866500           18851 1c001756 f14027f3 csrrs            x15, x0, 0xf14      x15=00000040
            18867500           18852 1c00175a f8068693 addi             x13, x13, -128      x13=00001f80 x13:00002000
            18868500           18853 1c00175e 00379713 slli             x14, x15, 0x3       x14=00000200 x15:00000040
            18869500           18854 1c001762 00279793 slli             x15, x15, 0x2       x15=00000100 x15:00000040
            18870500           18855 1c001764 ee873733 p.bclr           x14, x14, 23, 8     x14=00000000 x14:00000200
            18871500           18856 1c001768 00d7f7b3 and              x15, x15, x13       x15=00000100 x15:00000100 x13:00001f80
            18872500           18857 1c00176a 00e787b3 add              x15, x15, x14       x15=00000100 x15:00000100 x14:00000000
            18873500           18858 1c00176c 1a104737 lui              x14, 0x1a104000     x14=1a104000
            18874500           18859 1c001770 00a767a3 p.sw             x10, x0(x14)        x10:00000079 x14:1a104000  PA:1a104100
            18878500           18863 1c001774 00008067 jalr             x0, x1, 0            x1:1c001bca
            18879500           18864 1c001bca 16a0006f jal              x0, 362            
            18881500           18866 1c001d34 00900633 add              x12, x0, x9         x12=1c00233f  x9:1c00233f
            18882500           18867 1c001d36 e69ff06f jal              x0, -408           
            18885500           18870 1c001b9e 00064583 lbu              x11, 0(x12)         x11=0000002c x12:1c00233f  PA:1c00233f
            18902500           18887 1c001ba2 00160493 addi             x9, x12, 1           x9=1c002340 x12:1c00233f
            18903500           18888 1c001ba6 00059e63 bne              x11, x0, 28         x11:0000002c
            18906500           18891 1c001bc2 01458563 beq              x11, x20, 10        x11:0000002c x20:00000025
            18907500           18892 1c001bc6 01200533 add              x10, x0, x18        x10=00000000 x18:00000000
            18908500           18893 1c001bc8 000980e7 jalr             x1, x19, 0           x1=1c001bca x19:1c001776
            18910500           18895 1c001776 00b00533 add              x10, x0, x11        x10=0000002c x11:0000002c
            18911500           18896 1c001778 fddff06f jal              x0, -36            
            18913500           18898 1c001754 000026b7 lui              x13, 0x2000         x13=00002000
            18914500           18899 1c001756 f14027f3 csrrs            x15, x0, 0xf14      x15=00000040
            18915500           18900 1c00175a f8068693 addi             x13, x13, -128      x13=00001f80 x13:00002000
            18916500           18901 1c00175e 00379713 slli             x14, x15, 0x3       x14=00000200 x15:00000040
            18917500           18902 1c001762 00279793 slli             x15, x15, 0x2       x15=00000100 x15:00000040
            18918500           18903 1c001764 ee873733 p.bclr           x14, x14, 23, 8     x14=00000000 x14:00000200
            18919500           18904 1c001768 00d7f7b3 and              x15, x15, x13       x15=00000100 x15:00000100 x13:00001f80
            18920500           18905 1c00176a 00e787b3 add              x15, x15, x14       x15=00000100 x15:00000100 x14:00000000
            18921500           18906 1c00176c 1a104737 lui              x14, 0x1a104000     x14=1a104000
            18922500           18907 1c001770 00a767a3 p.sw             x10, x0(x14)        x10:0000002c x14:1a104000  PA:1a104100
            18926500           18911 1c001774 00008067 jalr             x0, x1, 0            x1:1c001bca
            18927500           18912 1c001bca 16a0006f jal              x0, 362            
            18929500           18914 1c001d34 00900633 add              x12, x0, x9         x12=1c002340  x9:1c002340
            18930500           18915 1c001d36 e69ff06f jal              x0, -408           
            18933500           18918 1c001b9e 00064583 lbu              x11, 0(x12)         x11=00000020 x12:1c002340  PA:1c002340
            18950500           18935 1c001ba2 00160493 addi             x9, x12, 1           x9=1c002341 x12:1c002340
            18951500           18936 1c001ba6 00059e63 bne              x11, x0, 28         x11:00000020
            18954500           18939 1c001bc2 01458563 beq              x11, x20, 10        x11:00000020 x20:00000025
            18955500           18940 1c001bc6 01200533 add              x10, x0, x18        x10=00000000 x18:00000000
            18956500           18941 1c001bc8 000980e7 jalr             x1, x19, 0           x1=1c001bca x19:1c001776
            18958500           18943 1c001776 00b00533 add              x10, x0, x11        x10=00000020 x11:00000020
            18959500           18944 1c001778 fddff06f jal              x0, -36            
            18961500           18946 1c001754 000026b7 lui              x13, 0x2000         x13=00002000
            18962500           18947 1c001756 f14027f3 csrrs            x15, x0, 0xf14      x15=00000040
            18963500           18948 1c00175a f8068693 addi             x13, x13, -128      x13=00001f80 x13:00002000
            18964500           18949 1c00175e 00379713 slli             x14, x15, 0x3       x14=00000200 x15:00000040
            18965500           18950 1c001762 00279793 slli             x15, x15, 0x2       x15=00000100 x15:00000040
            18966500           18951 1c001764 ee873733 p.bclr           x14, x14, 23, 8     x14=00000000 x14:00000200
            18967500           18952 1c001768 00d7f7b3 and              x15, x15, x13       x15=00000100 x15:00000100 x13:00001f80
            18968500           18953 1c00176a 00e787b3 add              x15, x15, x14       x15=00000100 x15:00000100 x14:00000000
            18969500           18954 1c00176c 1a104737 lui              x14, 0x1a104000     x14=1a104000
            18970500           18955 1c001770 00a767a3 p.sw             x10, x0(x14)        x10:00000020 x14:1a104000  PA:1a104100
            18974500           18959 1c001774 00008067 jalr             x0, x1, 0            x1:1c001bca
            18975500           18960 1c001bca 16a0006f jal              x0, 362            
            18977500           18962 1c001d34 00900633 add              x12, x0, x9         x12=1c002341  x9:1c002341
            18978500           18963 1c001d36 e69ff06f jal              x0, -408           
            18981500           18966 1c001b9e 00064583 lbu              x11, 0(x12)         x11=00000049 x12:1c002341  PA:1c002341
            19003500           18988 1c001ba2 00160493 addi             x9, x12, 1           x9=1c002342 x12:1c002341
            19004500           18989 1c001ba6 00059e63 bne              x11, x0, 28         x11:00000049
            19007500           18992 1c001bc2 01458563 beq              x11, x20, 10        x11:00000049 x20:00000025
            19008500           18993 1c001bc6 01200533 add              x10, x0, x18        x10=00000000 x18:00000000
            19009500           18994 1c001bc8 000980e7 jalr             x1, x19, 0           x1=1c001bca x19:1c001776
            19011500           18996 1c001776 00b00533 add              x10, x0, x11        x10=00000049 x11:00000049
            19012500           18997 1c001778 fddff06f jal              x0, -36            
            19014500           18999 1c001754 000026b7 lui              x13, 0x2000         x13=00002000
            19015500           19000 1c001756 f14027f3 csrrs            x15, x0, 0xf14      x15=00000040
            19016500           19001 1c00175a f8068693 addi             x13, x13, -128      x13=00001f80 x13:00002000
            19017500           19002 1c00175e 00379713 slli             x14, x15, 0x3       x14=00000200 x15:00000040
            19018500           19003 1c001762 00279793 slli             x15, x15, 0x2       x15=00000100 x15:00000040
            19019500           19004 1c001764 ee873733 p.bclr           x14, x14, 23, 8     x14=00000000 x14:00000200
            19020500           19005 1c001768 00d7f7b3 and              x15, x15, x13       x15=00000100 x15:00000100 x13:00001f80
            19021500           19006 1c00176a 00e787b3 add              x15, x15, x14       x15=00000100 x15:00000100 x14:00000000
            19022500           19007 1c00176c 1a104737 lui              x14, 0x1a104000     x14=1a104000
            19023500           19008 1c001770 00a767a3 p.sw             x10, x0(x14)        x10:00000049 x14:1a104000  PA:1a104100
            19027500           19012 1c001774 00008067 jalr             x0, x1, 0            x1:1c001bca
            19028500           19013 1c001bca 16a0006f jal              x0, 362            
            19030500           19015 1c001d34 00900633 add              x12, x0, x9         x12=1c002342  x9:1c002342
            19031500           19016 1c001d36 e69ff06f jal              x0, -408           
            19034500           19019 1c001b9e 00064583 lbu              x11, 0(x12)         x11=00000027 x12:1c002342  PA:1c002342
            19048500           19033 1c001ba2 00160493 addi             x9, x12, 1           x9=1c002343 x12:1c002342
            19049500           19034 1c001ba6 00059e63 bne              x11, x0, 28         x11:00000027
            19052500           19037 1c001bc2 01458563 beq              x11, x20, 10        x11:00000027 x20:00000025
            19053500           19038 1c001bc6 01200533 add              x10, x0, x18        x10=00000000 x18:00000000
            19054500           19039 1c001bc8 000980e7 jalr             x1, x19, 0           x1=1c001bca x19:1c001776
            19056500           19041 1c001776 00b00533 add              x10, x0, x11        x10=00000027 x11:00000027
            19057500           19042 1c001778 fddff06f jal              x0, -36            
            19059500           19044 1c001754 000026b7 lui              x13, 0x2000         x13=00002000
            19060500           19045 1c001756 f14027f3 csrrs            x15, x0, 0xf14      x15=00000040
            19061500           19046 1c00175a f8068693 addi             x13, x13, -128      x13=00001f80 x13:00002000
            19062500           19047 1c00175e 00379713 slli             x14, x15, 0x3       x14=00000200 x15:00000040
            19063500           19048 1c001762 00279793 slli             x15, x15, 0x2       x15=00000100 x15:00000040
            19064500           19049 1c001764 ee873733 p.bclr           x14, x14, 23, 8     x14=00000000 x14:00000200
            19065500           19050 1c001768 00d7f7b3 and              x15, x15, x13       x15=00000100 x15:00000100 x13:00001f80
            19066500           19051 1c00176a 00e787b3 add              x15, x15, x14       x15=00000100 x15:00000100 x14:00000000
            19067500           19052 1c00176c 1a104737 lui              x14, 0x1a104000     x14=1a104000
            19068500           19053 1c001770 00a767a3 p.sw             x10, x0(x14)        x10:00000027 x14:1a104000  PA:1a104100
            19072500           19057 1c001774 00008067 jalr             x0, x1, 0            x1:1c001bca
            19073500           19058 1c001bca 16a0006f jal              x0, 362            
            19075500           19060 1c001d34 00900633 add              x12, x0, x9         x12=1c002343  x9:1c002343
            19076500           19061 1c001d36 e69ff06f jal              x0, -408           
            19079500           19064 1c001b9e 00064583 lbu              x11, 0(x12)         x11=0000006d x12:1c002343  PA:1c002343
            19093500           19078 1c001ba2 00160493 addi             x9, x12, 1           x9=1c002344 x12:1c002343
            19094500           19079 1c001ba6 00059e63 bne              x11, x0, 28         x11:0000006d
            19097500           19082 1c001bc2 01458563 beq              x11, x20, 10        x11:0000006d x20:00000025
            19098500           19083 1c001bc6 01200533 add              x10, x0, x18        x10=00000000 x18:00000000
            19099500           19084 1c001bc8 000980e7 jalr             x1, x19, 0           x1=1c001bca x19:1c001776
            19101500           19086 1c001776 00b00533 add              x10, x0, x11        x10=0000006d x11:0000006d
            19102500           19087 1c001778 fddff06f jal              x0, -36            
            19104500           19089 1c001754 000026b7 lui              x13, 0x2000         x13=00002000
            19105500           19090 1c001756 f14027f3 csrrs            x15, x0, 0xf14      x15=00000040
            19106500           19091 1c00175a f8068693 addi             x13, x13, -128      x13=00001f80 x13:00002000
            19107500           19092 1c00175e 00379713 slli             x14, x15, 0x3       x14=00000200 x15:00000040
            19108500           19093 1c001762 00279793 slli             x15, x15, 0x2       x15=00000100 x15:00000040
            19109500           19094 1c001764 ee873733 p.bclr           x14, x14, 23, 8     x14=00000000 x14:00000200
            19110500           19095 1c001768 00d7f7b3 and              x15, x15, x13       x15=00000100 x15:00000100 x13:00001f80
            19111500           19096 1c00176a 00e787b3 add              x15, x15, x14       x15=00000100 x15:00000100 x14:00000000
            19112500           19097 1c00176c 1a104737 lui              x14, 0x1a104000     x14=1a104000
            19113500           19098 1c001770 00a767a3 p.sw             x10, x0(x14)        x10:0000006d x14:1a104000  PA:1a104100
            19117500           19102 1c001774 00008067 jalr             x0, x1, 0            x1:1c001bca
            19118500           19103 1c001bca 16a0006f jal              x0, 362            
            19120500           19105 1c001d34 00900633 add              x12, x0, x9         x12=1c002344  x9:1c002344
            19121500           19106 1c001d36 e69ff06f jal              x0, -408           
            19124500           19109 1c001b9e 00064583 lbu              x11, 0(x12)         x11=00000020 x12:1c002344  PA:1c002344
            19138500           19123 1c001ba2 00160493 addi             x9, x12, 1           x9=1c002345 x12:1c002344
            19139500           19124 1c001ba6 00059e63 bne              x11, x0, 28         x11:00000020
            19142500           19127 1c001bc2 01458563 beq              x11, x20, 10        x11:00000020 x20:00000025
            19143500           19128 1c001bc6 01200533 add              x10, x0, x18        x10=00000000 x18:00000000
            19144500           19129 1c001bc8 000980e7 jalr             x1, x19, 0           x1=1c001bca x19:1c001776
            19146500           19131 1c001776 00b00533 add              x10, x0, x11        x10=00000020 x11:00000020
            19147500           19132 1c001778 fddff06f jal              x0, -36            
            19149500           19134 1c001754 000026b7 lui              x13, 0x2000         x13=00002000
            19150500           19135 1c001756 f14027f3 csrrs            x15, x0, 0xf14      x15=00000040
            19151500           19136 1c00175a f8068693 addi             x13, x13, -128      x13=00001f80 x13:00002000
            19152500           19137 1c00175e 00379713 slli             x14, x15, 0x3       x14=00000200 x15:00000040
            19153500           19138 1c001762 00279793 slli             x15, x15, 0x2       x15=00000100 x15:00000040
            19154500           19139 1c001764 ee873733 p.bclr           x14, x14, 23, 8     x14=00000000 x14:00000200
            19155500           19140 1c001768 00d7f7b3 and              x15, x15, x13       x15=00000100 x15:00000100 x13:00001f80
            19156500           19141 1c00176a 00e787b3 add              x15, x15, x14       x15=00000100 x15:00000100 x14:00000000
            19157500           19142 1c00176c 1a104737 lui              x14, 0x1a104000     x14=1a104000
            19158500           19143 1c001770 00a767a3 p.sw             x10, x0(x14)        x10:00000020 x14:1a104000  PA:1a104100
            19162500           19147 1c001774 00008067 jalr             x0, x1, 0            x1:1c001bca
            19163500           19148 1c001bca 16a0006f jal              x0, 362            
            19165500           19150 1c001d34 00900633 add              x12, x0, x9         x12=1c002345  x9:1c002345
            19166500           19151 1c001d36 e69ff06f jal              x0, -408           
            19169500           19154 1c001b9e 00064583 lbu              x11, 0(x12)         x11=00000063 x12:1c002345  PA:1c002345
            19202500           19187 1c001ba2 00160493 addi             x9, x12, 1           x9=1c002346 x12:1c002345
            19203500           19188 1c001ba6 00059e63 bne              x11, x0, 28         x11:00000063
            19206500           19191 1c001bc2 01458563 beq              x11, x20, 10        x11:00000063 x20:00000025
            19207500           19192 1c001bc6 01200533 add              x10, x0, x18        x10=00000000 x18:00000000
            19208500           19193 1c001bc8 000980e7 jalr             x1, x19, 0           x1=1c001bca x19:1c001776
            19210500           19195 1c001776 00b00533 add              x10, x0, x11        x10=00000063 x11:00000063
            19211500           19196 1c001778 fddff06f jal              x0, -36            
            19213500           19198 1c001754 000026b7 lui              x13, 0x2000         x13=00002000
            19214500           19199 1c001756 f14027f3 csrrs            x15, x0, 0xf14      x15=00000040
            19215500           19200 1c00175a f8068693 addi             x13, x13, -128      x13=00001f80 x13:00002000
            19216500           19201 1c00175e 00379713 slli             x14, x15, 0x3       x14=00000200 x15:00000040
            19217500           19202 1c001762 00279793 slli             x15, x15, 0x2       x15=00000100 x15:00000040
            19218500           19203 1c001764 ee873733 p.bclr           x14, x14, 23, 8     x14=00000000 x14:00000200
            19219500           19204 1c001768 00d7f7b3 and              x15, x15, x13       x15=00000100 x15:00000100 x13:00001f80
            19220500           19205 1c00176a 00e787b3 add              x15, x15, x14       x15=00000100 x15:00000100 x14:00000000
            19221500           19206 1c00176c 1a104737 lui              x14, 0x1a104000     x14=1a104000
            19222500           19207 1c001770 00a767a3 p.sw             x10, x0(x14)        x10:00000063 x14:1a104000  PA:1a104100
            19226500           19211 1c001774 00008067 jalr             x0, x1, 0            x1:1c001bca
            19227500           19212 1c001bca 16a0006f jal              x0, 362            
            19229500           19214 1c001d34 00900633 add              x12, x0, x9         x12=1c002346  x9:1c002346
            19230500           19215 1c001d36 e69ff06f jal              x0, -408           
            19233500           19218 1c001b9e 00064583 lbu              x11, 0(x12)         x11=0000006f x12:1c002346  PA:1c002346
            19251500           19236 1c001ba2 00160493 addi             x9, x12, 1           x9=1c002347 x12:1c002346
            19252500           19237 1c001ba6 00059e63 bne              x11, x0, 28         x11:0000006f
            19255500           19240 1c001bc2 01458563 beq              x11, x20, 10        x11:0000006f x20:00000025
            19256500           19241 1c001bc6 01200533 add              x10, x0, x18        x10=00000000 x18:00000000
            19257500           19242 1c001bc8 000980e7 jalr             x1, x19, 0           x1=1c001bca x19:1c001776
            19259500           19244 1c001776 00b00533 add              x10, x0, x11        x10=0000006f x11:0000006f
            19260500           19245 1c001778 fddff06f jal              x0, -36            
            19262500           19247 1c001754 000026b7 lui              x13, 0x2000         x13=00002000
            19263500           19248 1c001756 f14027f3 csrrs            x15, x0, 0xf14      x15=00000040
            19264500           19249 1c00175a f8068693 addi             x13, x13, -128      x13=00001f80 x13:00002000
            19265500           19250 1c00175e 00379713 slli             x14, x15, 0x3       x14=00000200 x15:00000040
            19266500           19251 1c001762 00279793 slli             x15, x15, 0x2       x15=00000100 x15:00000040
            19267500           19252 1c001764 ee873733 p.bclr           x14, x14, 23, 8     x14=00000000 x14:00000200
            19268500           19253 1c001768 00d7f7b3 and              x15, x15, x13       x15=00000100 x15:00000100 x13:00001f80
            19269500           19254 1c00176a 00e787b3 add              x15, x15, x14       x15=00000100 x15:00000100 x14:00000000
            19270500           19255 1c00176c 1a104737 lui              x14, 0x1a104000     x14=1a104000
            19271500           19256 1c001770 00a767a3 p.sw             x10, x0(x14)        x10:0000006f x14:1a104000  PA:1a104100
            19275500           19260 1c001774 00008067 jalr             x0, x1, 0            x1:1c001bca
            19276500           19261 1c001bca 16a0006f jal              x0, 362            
            19278500           19263 1c001d34 00900633 add              x12, x0, x9         x12=1c002347  x9:1c002347
            19279500           19264 1c001d36 e69ff06f jal              x0, -408           
            19282500           19267 1c001b9e 00064583 lbu              x11, 0(x12)         x11=00000072 x12:1c002347  PA:1c002347
            19300500           19285 1c001ba2 00160493 addi             x9, x12, 1           x9=1c002348 x12:1c002347
            19301500           19286 1c001ba6 00059e63 bne              x11, x0, 28         x11:00000072
            19304500           19289 1c001bc2 01458563 beq              x11, x20, 10        x11:00000072 x20:00000025
            19305500           19290 1c001bc6 01200533 add              x10, x0, x18        x10=00000000 x18:00000000
            19306500           19291 1c001bc8 000980e7 jalr             x1, x19, 0           x1=1c001bca x19:1c001776
            19308500           19293 1c001776 00b00533 add              x10, x0, x11        x10=00000072 x11:00000072
            19309500           19294 1c001778 fddff06f jal              x0, -36            
            19311500           19296 1c001754 000026b7 lui              x13, 0x2000         x13=00002000
            19312500           19297 1c001756 f14027f3 csrrs            x15, x0, 0xf14      x15=00000040
            19313500           19298 1c00175a f8068693 addi             x13, x13, -128      x13=00001f80 x13:00002000
            19314500           19299 1c00175e 00379713 slli             x14, x15, 0x3       x14=00000200 x15:00000040
            19315500           19300 1c001762 00279793 slli             x15, x15, 0x2       x15=00000100 x15:00000040
            19316500           19301 1c001764 ee873733 p.bclr           x14, x14, 23, 8     x14=00000000 x14:00000200
            19317500           19302 1c001768 00d7f7b3 and              x15, x15, x13       x15=00000100 x15:00000100 x13:00001f80
            19318500           19303 1c00176a 00e787b3 add              x15, x15, x14       x15=00000100 x15:00000100 x14:00000000
            19319500           19304 1c00176c 1a104737 lui              x14, 0x1a104000     x14=1a104000
            19320500           19305 1c001770 00a767a3 p.sw             x10, x0(x14)        x10:00000072 x14:1a104000  PA:1a104100
            19324500           19309 1c001774 00008067 jalr             x0, x1, 0            x1:1c001bca
            19325500           19310 1c001bca 16a0006f jal              x0, 362            
            19327500           19312 1c001d34 00900633 add              x12, x0, x9         x12=1c002348  x9:1c002348
            19328500           19313 1c001d36 e69ff06f jal              x0, -408           
            19331500           19316 1c001b9e 00064583 lbu              x11, 0(x12)         x11=00000065 x12:1c002348  PA:1c002348
            19348500           19333 1c001ba2 00160493 addi             x9, x12, 1           x9=1c002349 x12:1c002348
            19349500           19334 1c001ba6 00059e63 bne              x11, x0, 28         x11:00000065
            19352500           19337 1c001bc2 01458563 beq              x11, x20, 10        x11:00000065 x20:00000025
            19353500           19338 1c001bc6 01200533 add              x10, x0, x18        x10=00000000 x18:00000000
            19354500           19339 1c001bc8 000980e7 jalr             x1, x19, 0           x1=1c001bca x19:1c001776
            19356500           19341 1c001776 00b00533 add              x10, x0, x11        x10=00000065 x11:00000065
            19357500           19342 1c001778 fddff06f jal              x0, -36            
            19359500           19344 1c001754 000026b7 lui              x13, 0x2000         x13=00002000
            19360500           19345 1c001756 f14027f3 csrrs            x15, x0, 0xf14      x15=00000040
            19361500           19346 1c00175a f8068693 addi             x13, x13, -128      x13=00001f80 x13:00002000
            19362500           19347 1c00175e 00379713 slli             x14, x15, 0x3       x14=00000200 x15:00000040
            19363500           19348 1c001762 00279793 slli             x15, x15, 0x2       x15=00000100 x15:00000040
            19364500           19349 1c001764 ee873733 p.bclr           x14, x14, 23, 8     x14=00000000 x14:00000200
            19365500           19350 1c001768 00d7f7b3 and              x15, x15, x13       x15=00000100 x15:00000100 x13:00001f80
            19366500           19351 1c00176a 00e787b3 add              x15, x15, x14       x15=00000100 x15:00000100 x14:00000000
            19367500           19352 1c00176c 1a104737 lui              x14, 0x1a104000     x14=1a104000
            19368500           19353 1c001770 00a767a3 p.sw             x10, x0(x14)        x10:00000065 x14:1a104000  PA:1a104100
            19372500           19357 1c001774 00008067 jalr             x0, x1, 0            x1:1c001bca
            19373500           19358 1c001bca 16a0006f jal              x0, 362            
            19375500           19360 1c001d34 00900633 add              x12, x0, x9         x12=1c002349  x9:1c002349
            19376500           19361 1c001d36 e69ff06f jal              x0, -408           
            19379500           19364 1c001b9e 00064583 lbu              x11, 0(x12)         x11=00000020 x12:1c002349  PA:1c002349
            19400500           19385 1c001ba2 00160493 addi             x9, x12, 1           x9=1c00234a x12:1c002349
            19401500           19386 1c001ba6 00059e63 bne              x11, x0, 28         x11:00000020
            19404500           19389 1c001bc2 01458563 beq              x11, x20, 10        x11:00000020 x20:00000025
            19405500           19390 1c001bc6 01200533 add              x10, x0, x18        x10=00000000 x18:00000000
            19406500           19391 1c001bc8 000980e7 jalr             x1, x19, 0           x1=1c001bca x19:1c001776
            19408500           19393 1c001776 00b00533 add              x10, x0, x11        x10=00000020 x11:00000020
            19409500           19394 1c001778 fddff06f jal              x0, -36            
            19411500           19396 1c001754 000026b7 lui              x13, 0x2000         x13=00002000
            19412500           19397 1c001756 f14027f3 csrrs            x15, x0, 0xf14      x15=00000040
            19413500           19398 1c00175a f8068693 addi             x13, x13, -128      x13=00001f80 x13:00002000
            19414500           19399 1c00175e 00379713 slli             x14, x15, 0x3       x14=00000200 x15:00000040
            19415500           19400 1c001762 00279793 slli             x15, x15, 0x2       x15=00000100 x15:00000040
            19416500           19401 1c001764 ee873733 p.bclr           x14, x14, 23, 8     x14=00000000 x14:00000200
            19417500           19402 1c001768 00d7f7b3 and              x15, x15, x13       x15=00000100 x15:00000100 x13:00001f80
            19418500           19403 1c00176a 00e787b3 add              x15, x15, x14       x15=00000100 x15:00000100 x14:00000000
            19419500           19404 1c00176c 1a104737 lui              x14, 0x1a104000     x14=1a104000
            19420500           19405 1c001770 00a767a3 p.sw             x10, x0(x14)        x10:00000020 x14:1a104000  PA:1a104100
            19424500           19409 1c001774 00008067 jalr             x0, x1, 0            x1:1c001bca
            19425500           19410 1c001bca 16a0006f jal              x0, 362            
            19427500           19412 1c001d34 00900633 add              x12, x0, x9         x12=1c00234a  x9:1c00234a
            19428500           19413 1c001d36 e69ff06f jal              x0, -408           
            19431500           19416 1c001b9e 00064583 lbu              x11, 0(x12)         x11=00000028 x12:1c00234a  PA:1c00234a
            19452500           19437 1c001ba2 00160493 addi             x9, x12, 1           x9=1c00234b x12:1c00234a
            19453500           19438 1c001ba6 00059e63 bne              x11, x0, 28         x11:00000028
            19456500           19441 1c001bc2 01458563 beq              x11, x20, 10        x11:00000028 x20:00000025
            19457500           19442 1c001bc6 01200533 add              x10, x0, x18        x10=00000000 x18:00000000
            19458500           19443 1c001bc8 000980e7 jalr             x1, x19, 0           x1=1c001bca x19:1c001776
            19460500           19445 1c001776 00b00533 add              x10, x0, x11        x10=00000028 x11:00000028
            19461500           19446 1c001778 fddff06f jal              x0, -36            
            19463500           19448 1c001754 000026b7 lui              x13, 0x2000         x13=00002000
            19464500           19449 1c001756 f14027f3 csrrs            x15, x0, 0xf14      x15=00000040
            19465500           19450 1c00175a f8068693 addi             x13, x13, -128      x13=00001f80 x13:00002000
            19466500           19451 1c00175e 00379713 slli             x14, x15, 0x3       x14=00000200 x15:00000040
            19467500           19452 1c001762 00279793 slli             x15, x15, 0x2       x15=00000100 x15:00000040
            19468500           19453 1c001764 ee873733 p.bclr           x14, x14, 23, 8     x14=00000000 x14:00000200
            19469500           19454 1c001768 00d7f7b3 and              x15, x15, x13       x15=00000100 x15:00000100 x13:00001f80
            19470500           19455 1c00176a 00e787b3 add              x15, x15, x14       x15=00000100 x15:00000100 x14:00000000
            19471500           19456 1c00176c 1a104737 lui              x14, 0x1a104000     x14=1a104000
            19472500           19457 1c001770 00a767a3 p.sw             x10, x0(x14)        x10:00000028 x14:1a104000  PA:1a104100
            19476500           19461 1c001774 00008067 jalr             x0, x1, 0            x1:1c001bca
            19477500           19462 1c001bca 16a0006f jal              x0, 362            
            19479500           19464 1c001d34 00900633 add              x12, x0, x9         x12=1c00234b  x9:1c00234b
            19480500           19465 1c001d36 e69ff06f jal              x0, -408           
            19483500           19468 1c001b9e 00064583 lbu              x11, 0(x12)         x11=00000025 x12:1c00234b  PA:1c00234b
            19502500           19487 1c001ba2 00160493 addi             x9, x12, 1           x9=1c00234c x12:1c00234b
            19503500           19488 1c001ba6 00059e63 bne              x11, x0, 28         x11:00000025
            19506500           19491 1c001bc2 01458563 beq              x11, x20, 10        x11:00000025 x20:00000025
            19509500           19494 1c001bcc 00414783 lbu              x15, 4(x2)          x15=000000xx  x2:108fe350  PA:108fe354
            19510500           19495 1c001bd0 00012423 sw               x0, 8(x2)            x2:108fe350  PA:108fe358
            19511500           19496 1c001bd2 00010623 sb               x0, 12(x2)           x2:108fe350  PA:108fe35c
            19512500           19497 1c001bd6 c00027b3 p.insert         x15, x0, 0, 0       x15=000000xX x15:000000xx
            19513500           19498 1c001bda c01027b3 p.insert         x15, x0, 0, 1       x15=000000xX x15:000000xX
            19514500           19499 1c001bde c03027b3 p.insert         x15, x0, 0, 3       x15=000000xX x15:000000xX
            19515500           19500 1c001be2 00f10223 sb               x15, 4(x2)          x15:000000xX  x2:108fe350  PA:108fe354
            19516500           19501 1c001be6 00000713 addi             x14, x0, 0          x14=00000000
            19517500           19502 1c001be8 00000613 addi             x12, x0, 0          x12=00000000
            19518500           19503 1c001bea 00000693 addi             x13, x0, 0          x13=00000000
            19519500           19504 1c001bec 00000513 addi             x10, x0, 0          x10=00000000
            19520500           19505 1c001bee 00000593 addi             x11, x0, 0          x11=00000000
            19536500           19521 1c001bf0 03000813 addi             x16, x0, 48         x16=00000030
            19537500           19522 1c001bf4 02300893 addi             x17, x0, 35         x17=00000023
            19538500           19523 1c001bf8 0004c783 lbu              x15, 0(x9)          x15=00000069  x9:1c00234c  PA:1c00234c
            19573500           19558 1c001bfc 00148c13 addi             x24, x9, 1          x24=1c00234d  x9:1c00234c
            19574500           19559 1c001c00 04079163 bne              x15, x0, 66         x15:00000069
            19586500           19571 1c001c42 01778c63 beq              x15, x23, 24        x15:00000069 x23:0000002d
            19587500           19572 1c001c46 01078663 beq              x15, x16, 12        x15:00000069 x16:00000030
            19588500           19573 1c001c4a fb179ce3 bne              x15, x17, -72       x15:00000069 x17:00000023
            19611500           19596 1c001c02 00050763 beq              x10, x0, 14         x10:00000000
            19630500           19615 1c001c10 00060763 beq              x12, x0, 14         x12:00000000
            19633500           19618 1c001c1e 00070763 beq              x14, x0, 14         x14:00000000
            19656500           19641 1c001c2c fd078713 addi             x14, x15, -48       x14=00000039 x15:00000069
            19674500           19659 1c001c30 0ff77713 andi             x14, x14, 255       x14=00000039 x14:00000039
            19675500           19660 1c001c34 00900693 addi             x13, x0, 9          x13=00000009
            19676500           19661 1c001c36 04e6eb63 bltu             x13, x14, 86        x13:00000009 x14:00000039
            19696500           19681 1c001c8c 02e00713 addi             x14, x0, 46         x14=0000002e
            19714500           19699 1c001c90 02e79163 bne              x15, x14, 34        x15:00000069 x14:0000002e
            19733500           19718 1c001cb2 07a00713 addi             x14, x0, 122        x14=0000007a
            19734500           19719 1c001cb6 04e79263 bne              x15, x14, 68        x15:00000069 x14:0000007a
            19774500           19759 1c001cfa 06c00713 addi             x14, x0, 108        x14=0000006c
            19793500           19778 1c001cfe 20e79463 bne              x15, x14, 520       x15:00000069 x14:0000006c
            19816500           19801 1c001f06 06900713 addi             x14, x0, 105        x14=00000069
            19817500           19802 1c001f0a 02e78a63 beq              x15, x14, 52        x15:00000069 x14:00000069
            19856500           19841 1c001f3e 018004b3 add              x9, x0, x24          x9=1c00234d x24:1c00234d
            19880500           19865 1c001f40 00000793 addi             x15, x0, 0          x15=00000000
            19881500           19866 1c001f42 e09ff06f jal              x0, -504           
            19901500           19886 1c001d4a 00a00713 addi             x14, x0, 10         x14=0000000a
            19902500           19887 1c001d4c 00e12823 sw               x14, 16(x2)         x14:0000000a  x2:108fe350  PA:108fe360
            19921500           19906 1c001d4e 0e27b363 p.bneimm         x15, 230            x15:00000000
            19943500           19928 1c001e34 00440c13 addi             x24, x8, 4          x24=108fe3d8  x8:108fe3d4
            19944500           19929 1c001e38 00042503 lw               x10, 0(x8)          x10=00000002  x8:108fe3d4  PA:108fe3d4
            19945500           19930 1c001e3a 0017bd63 p.bneimm         x15, 26             x15:00000000
            19984500           19969 1c001e54 00055863 bge              x10, x0, 16         x10:00000002
            20003500           19988 1c001e64 00410593 addi             x11, x2, 4          x11=108fe354  x2:108fe350
            20004500           19989 1c001e66 b99ff0ef jal              x1, -1128            x1=1c001e68
            20024500           20009 1c0019fe 0105a683 lw               x13, 16(x11)        x13=108fe368 x11:108fe354  PA:108fe364
            20041500           20026 1c001a00 00c5a703 lw               x14, 12(x11)        x14=0000000a x11:108fe354  PA:108fe360
            20042500           20027 1c001a02 00100793 addi             x15, x0, 1          x15=00000001
            20043500           20028 1c001a04 02f55633 divu             x12, x10, x15       x12=00000002 x10:00000002 x15:00000001
            20077500           20062 1c001a08 00e67863 bgeu             x12, x14, 16        x12:00000002 x14:0000000a
            20078500           20063 1c001a0c 00000613 addi             x12, x0, 0          x12=00000000
            20079500           20064 1c001a0e 00900313 addi             x6, x0, 9            x6=00000009
            20080500           20065 1c001a10 00079763 bne              x15, x0, 14         x15:00000001
            20083500           20068 1c001a1e 00c5a703 lw               x14, 12(x11)        x14=0000000a x11:108fe354  PA:108fe360
            20100500           20085 1c001a20 02f55833 divu             x16, x10, x15       x16=00000002 x10:00000002 x15:00000001
            20134500           20119 1c001a24 02f57533 remu             x10, x10, x15       x10=00000000 x10:00000002 x15:00000001
            20168500           20153 1c001a28 02e7d7b3 divu             x15, x15, x14       x15=00000000 x15:00000001 x14:0000000a
            20199500           20184 1c001a2c 00061763 bne              x12, x0, 14         x12:00000000
            20200500           20185 1c001a2e 01004663 blt              x0, x16, 12         x16:00000002
            20203500           20188 1c001a3a 03000713 addi             x14, x0, 48         x14=00000030
            20222500           20207 1c001a3e 01035c63 bge              x6, x16, 24          x6:00000009 x16:00000002
            20244500           20229 1c001a56 01070733 add              x14, x14, x16       x14=00000032 x14:00000030 x16:00000002
            20245500           20230 1c001a58 00e68023 sb               x14, 0(x13)         x14:00000032 x13:108fe368  PA:108fe368
            20246500           20231 1c001a5c 00160613 addi             x12, x12, 1         x12=00000001 x12:00000000
            20247500           20232 1c001a5e 00168693 addi             x13, x13, 1         x13=108fe369 x13:108fe368
            20263500           20248 1c001a60 fb1ff06f jal              x0, -80            
            20265500           20250 1c001a10 00079763 bne              x15, x0, 14         x15:00000000
            20266500           20251 1c001a12 00068023 sb               x0, 0(x13)          x13:108fe369  PA:108fe369
            20267500           20252 1c001a16 00008067 jalr             x0, x1, 0            x1:1c001e68
            20269500           20254 1c001e68 f17ff06f jal              x0, -234           
            20292500           20277 1c001d7e 00410613 addi             x12, x2, 4          x12=108fe354  x2:108fe350
            20310500           20295 1c001d80 013005b3 add              x11, x0, x19        x11=1c001776 x19:1c001776
            20311500           20296 1c001d82 01200533 add              x10, x0, x18        x10=00000000 x18:00000000
            20312500           20297 1c001d84 cdfff0ef jal              x1, -802             x1=1c001d86
            20314500           20299 1c001a62 fe010113 addi             x2, x2, -32          x2=108fe330  x2:108fe350
            20315500           20300 1c001a64 00812c23 sw               x8, 24(x2)           x8:108fe3d4  x2:108fe330  PA:108fe348
            20316500           20301 1c001a66 01062783 lw               x15, 16(x12)        x15=108fe368 x12:108fe354  PA:108fe364
            20317500           20302 1c001a68 00462403 lw               x8, 4(x12)           x8=00000000 x12:108fe354  PA:108fe358
            20318500           20303 1c001a6a 00912a23 sw               x9, 20(x2)           x9:1c00234d  x2:108fe330  PA:108fe344
            20319500           20304 1c001a6c 01212823 sw               x18, 16(x2)         x18:00000000  x2:108fe330  PA:108fe340
            20320500           20305 1c001a6e 01312623 sw               x19, 12(x2)         x19:1c001776  x2:108fe330  PA:108fe33c
            20337500           20322 1c001a70 00112e23 sw               x1, 28(x2)           x1:1c001d86  x2:108fe330  PA:108fe34c
            20338500           20323 1c001a72 01412423 sw               x20, 8(x2)          x20:00000025  x2:108fe330  PA:108fe338
            20339500           20324 1c001a74 00a00933 add              x18, x0, x10        x18=00000000 x10:00000000
            20340500           20325 1c001a76 00b009b3 add              x19, x0, x11        x19=1c001776 x11:1c001776
            20341500           20326 1c001a78 00c004b3 add              x9, x0, x12          x9=108fe354 x12:108fe354
            20342500           20327 1c001a7a 0017c70b p.lbu            x14, 1(x15!)        x14=00000032 x15=108fe369 x15:108fe368  PA:108fe368
            20344500           20329 1c001a7e 00070363 beq              x14, x0, 6          x14:00000032
            20360500           20345 1c001a80 08804863 blt              x0, x8, 144          x8:00000000
            20361500           20346 1c001a84 0084c783 lbu              x15, 8(x9)          x15=00000000  x9:108fe354  PA:108fe35c
            20363500           20348 1c001a88 00078263 beq              x15, x0, 4          x15:00000000
            20366500           20351 1c001a8c 0004c783 lbu              x15, 0(x9)          x15=000000xX  x9:108fe354  PA:108fe354
            20384500           20369 1c001a90 0027f713 andi             x14, x15, 2         x14=00000000 x15:000000xX
            20385500           20370 1c001a94 00070663 beq              x14, x0, 12         x14:00000000
            20404500           20389 1c001aa0 0097f793 andi             x15, x15, 9         x15=00000000 x15:000000xX
            20405500           20390 1c001aa2 00800a33 add              x20, x0, x8         x20=00000000  x8:00000000
            20406500           20391 1c001aa4 08078163 beq              x15, x0, 130        x15:00000000
            20426500           20411 1c001b26 ff404be3 blt              x0, x20, -10        x20:00000000
            20427500           20412 1c001b2a fff40793 addi             x15, x8, -1         x15=ffffffff  x8:00000000
            20444500           20429 1c001b2e 04046433 p.max            x8, x8, x0           x8=00000000  x8:00000000
            20445500           20430 1c001b32 40878433 sub              x8, x15, x8          x8=ffffffff x15:ffffffff  x8:00000000
            20446500           20431 1c001b36 f71ff06f jal              x0, -144           
            20448500           20433 1c001aa6 0084c583 lbu              x11, 8(x9)          x11=00000000  x9:108fe354  PA:108fe35c
            20450500           20435 1c001aaa 00058363 beq              x11, x0, 6          x11:00000000
            20468500           20453 1c001ab0 0004c783 lbu              x15, 0(x9)          x15=000000xX  x9:108fe354  PA:108fe354
            20470500           20455 1c001ab4 0027f793 andi             x15, x15, 2         x15=00000000 x15:000000xX
            20471500           20456 1c001ab6 02078363 beq              x15, x0, 38         x15:00000000
            20490500           20475 1c001adc 0004c783 lbu              x15, 0(x9)          x15=000000xX  x9:108fe354  PA:108fe354
            20507500           20492 1c001ae0 00800a33 add              x20, x0, x8         x20=ffffffff  x8:ffffffff
            20508500           20493 1c001ae2 fc17b7b3 p.bclr           x15, x15, 30, 1     x15=00000000 x15:000000xX
            20509500           20494 1c001ae6 06079363 bne              x15, x0, 102        x15:00000000
            20510500           20495 1c001ae8 0104aa03 lw               x20, 16(x9)         x20=108fe368  x9:108fe354  PA:108fe364
            20512500           20497 1c001aec 001a458b p.lbu            x11, 1(x20!)        x11=00000032 x20=108fe369 x20:108fe368  PA:108fe368
            20528500           20513 1c001af0 06059763 bne              x11, x0, 110        x11:00000032
            20547500           20532 1c001b5e 01200533 add              x10, x0, x18        x10=00000000 x18:00000000
            20564500           20549 1c001b60 000980e7 jalr             x1, x19, 0           x1=1c001b62 x19:1c001776
            20566500           20551 1c001776 00b00533 add              x10, x0, x11        x10=00000032 x11:00000032
            20567500           20552 1c001778 fddff06f jal              x0, -36            
            20569500           20554 1c001754 000026b7 lui              x13, 0x2000         x13=00002000
            20570500           20555 1c001756 f14027f3 csrrs            x15, x0, 0xf14      x15=00000040
            20571500           20556 1c00175a f8068693 addi             x13, x13, -128      x13=00001f80 x13:00002000
            20572500           20557 1c00175e 00379713 slli             x14, x15, 0x3       x14=00000200 x15:00000040
            20573500           20558 1c001762 00279793 slli             x15, x15, 0x2       x15=00000100 x15:00000040
            20574500           20559 1c001764 ee873733 p.bclr           x14, x14, 23, 8     x14=00000000 x14:00000200
            20575500           20560 1c001768 00d7f7b3 and              x15, x15, x13       x15=00000100 x15:00000100 x13:00001f80
            20576500           20561 1c00176a 00e787b3 add              x15, x15, x14       x15=00000100 x15:00000100 x14:00000000
            20577500           20562 1c00176c 1a104737 lui              x14, 0x1a104000     x14=1a104000
            20578500           20563 1c001770 00a767a3 p.sw             x10, x0(x14)        x10:00000032 x14:1a104000  PA:1a104100
            20582500           20567 1c001774 00008067 jalr             x0, x1, 0            x1:1c001b62
            20583500           20568 1c001b62 f8bff06f jal              x0, -118           
            20585500           20570 1c001aec 001a458b p.lbu            x11, 1(x20!)        x11=00000000 x20=108fe36a x20:108fe369  PA:108fe369
            20587500           20572 1c001af0 06059763 bne              x11, x0, 110        x11:00000000
            20588500           20573 1c001af2 0004c783 lbu              x15, 0(x9)          x15=000000xX  x9:108fe354  PA:108fe354
            20590500           20575 1c001af6 0097f793 andi             x15, x15, 9         x15=00000000 x15:000000xX
            20591500           20576 1c001af8 0087b463 p.bneimm         x15, 8              x15:00000000
            20610500           20595 1c001b00 01c12083 lw               x1, 28(x2)           x1=1c001d86  x2:108fe330  PA:108fe34c
            20611500           20596 1c001b02 01812403 lw               x8, 24(x2)           x8=108fe3d4  x2:108fe330  PA:108fe348
            20612500           20597 1c001b04 01412483 lw               x9, 20(x2)           x9=1c00234d  x2:108fe330  PA:108fe344
            20613500           20598 1c001b06 01012903 lw               x18, 16(x2)         x18=00000000  x2:108fe330  PA:108fe340
            20614500           20599 1c001b08 00c12983 lw               x19, 12(x2)         x19=1c001776  x2:108fe330  PA:108fe33c
            20615500           20600 1c001b0a 00812a03 lw               x20, 8(x2)          x20=00000025  x2:108fe330  PA:108fe338
            20616500           20601 1c001b0c 02010113 addi             x2, x2, 32           x2=108fe350  x2:108fe330
            20617500           20602 1c001b0e 00008067 jalr             x0, x1, 0            x1:1c001d86
            20636500           20621 1c001d86 01800433 add              x8, x0, x24          x8=108fe3d8 x24:108fe3d8
            20637500           20622 1c001d88 fadff06f jal              x0, -84            
            20639500           20624 1c001d34 00900633 add              x12, x0, x9         x12=1c00234d  x9:1c00234d
            20640500           20625 1c001d36 e69ff06f jal              x0, -408           
            20643500           20628 1c001b9e 00064583 lbu              x11, 0(x12)         x11=0000002c x12:1c00234d  PA:1c00234d
            20684500           20669 1c001ba2 00160493 addi             x9, x12, 1           x9=1c00234e x12:1c00234d
            20685500           20670 1c001ba6 00059e63 bne              x11, x0, 28         x11:0000002c
            20688500           20673 1c001bc2 01458563 beq              x11, x20, 10        x11:0000002c x20:00000025
            20689500           20674 1c001bc6 01200533 add              x10, x0, x18        x10=00000000 x18:00000000
            20690500           20675 1c001bc8 000980e7 jalr             x1, x19, 0           x1=1c001bca x19:1c001776
            20692500           20677 1c001776 00b00533 add              x10, x0, x11        x10=0000002c x11:0000002c
            20693500           20678 1c001778 fddff06f jal              x0, -36            
            20695500           20680 1c001754 000026b7 lui              x13, 0x2000         x13=00002000
            20696500           20681 1c001756 f14027f3 csrrs            x15, x0, 0xf14      x15=00000040
            20697500           20682 1c00175a f8068693 addi             x13, x13, -128      x13=00001f80 x13:00002000
            20698500           20683 1c00175e 00379713 slli             x14, x15, 0x3       x14=00000200 x15:00000040
            20699500           20684 1c001762 00279793 slli             x15, x15, 0x2       x15=00000100 x15:00000040
            20700500           20685 1c001764 ee873733 p.bclr           x14, x14, 23, 8     x14=00000000 x14:00000200
            20701500           20686 1c001768 00d7f7b3 and              x15, x15, x13       x15=00000100 x15:00000100 x13:00001f80
            20702500           20687 1c00176a 00e787b3 add              x15, x15, x14       x15=00000100 x15:00000100 x14:00000000
            20703500           20688 1c00176c 1a104737 lui              x14, 0x1a104000     x14=1a104000
            20704500           20689 1c001770 00a767a3 p.sw             x10, x0(x14)        x10:0000002c x14:1a104000  PA:1a104100
            20708500           20693 1c001774 00008067 jalr             x0, x1, 0            x1:1c001bca
            20709500           20694 1c001bca 16a0006f jal              x0, 362            
            20711500           20696 1c001d34 00900633 add              x12, x0, x9         x12=1c00234e  x9:1c00234e
            20712500           20697 1c001d36 e69ff06f jal              x0, -408           
            20715500           20700 1c001b9e 00064583 lbu              x11, 0(x12)         x11=00000020 x12:1c00234e  PA:1c00234e
            20731500           20716 1c001ba2 00160493 addi             x9, x12, 1           x9=1c00234f x12:1c00234e
            20732500           20717 1c001ba6 00059e63 bne              x11, x0, 28         x11:00000020
            20735500           20720 1c001bc2 01458563 beq              x11, x20, 10        x11:00000020 x20:00000025
            20736500           20721 1c001bc6 01200533 add              x10, x0, x18        x10=00000000 x18:00000000
            20737500           20722 1c001bc8 000980e7 jalr             x1, x19, 0           x1=1c001bca x19:1c001776
            20739500           20724 1c001776 00b00533 add              x10, x0, x11        x10=00000020 x11:00000020
            20740500           20725 1c001778 fddff06f jal              x0, -36            
            20742500           20727 1c001754 000026b7 lui              x13, 0x2000         x13=00002000
            20743500           20728 1c001756 f14027f3 csrrs            x15, x0, 0xf14      x15=00000040
            20744500           20729 1c00175a f8068693 addi             x13, x13, -128      x13=00001f80 x13:00002000
            20745500           20730 1c00175e 00379713 slli             x14, x15, 0x3       x14=00000200 x15:00000040
            20746500           20731 1c001762 00279793 slli             x15, x15, 0x2       x15=00000100 x15:00000040
            20747500           20732 1c001764 ee873733 p.bclr           x14, x14, 23, 8     x14=00000000 x14:00000200
            20748500           20733 1c001768 00d7f7b3 and              x15, x15, x13       x15=00000100 x15:00000100 x13:00001f80
            20749500           20734 1c00176a 00e787b3 add              x15, x15, x14       x15=00000100 x15:00000100 x14:00000000
            20750500           20735 1c00176c 1a104737 lui              x14, 0x1a104000     x14=1a104000
            20751500           20736 1c001770 00a767a3 p.sw             x10, x0(x14)        x10:00000020 x14:1a104000  PA:1a104100
            20755500           20740 1c001774 00008067 jalr             x0, x1, 0            x1:1c001bca
            20756500           20741 1c001bca 16a0006f jal              x0, 362            
            20758500           20743 1c001d34 00900633 add              x12, x0, x9         x12=1c00234f  x9:1c00234f
            20759500           20744 1c001d36 e69ff06f jal              x0, -408           
            20762500           20747 1c001b9e 00064583 lbu              x11, 0(x12)         x11=00000025 x12:1c00234f  PA:1c00234f
            20779500           20764 1c001ba2 00160493 addi             x9, x12, 1           x9=1c002350 x12:1c00234f
            20780500           20765 1c001ba6 00059e63 bne              x11, x0, 28         x11:00000025
            20783500           20768 1c001bc2 01458563 beq              x11, x20, 10        x11:00000025 x20:00000025
            20786500           20771 1c001bcc 00414783 lbu              x15, 4(x2)          x15=000000xX  x2:108fe350  PA:108fe354
            20787500           20772 1c001bd0 00012423 sw               x0, 8(x2)            x2:108fe350  PA:108fe358
            20788500           20773 1c001bd2 00010623 sb               x0, 12(x2)           x2:108fe350  PA:108fe35c
            20789500           20774 1c001bd6 c00027b3 p.insert         x15, x0, 0, 0       x15=000000xX x15:000000xX
            20790500           20775 1c001bda c01027b3 p.insert         x15, x0, 0, 1       x15=000000xX x15:000000xX
            20791500           20776 1c001bde c03027b3 p.insert         x15, x0, 0, 3       x15=000000xX x15:000000xX
            20792500           20777 1c001be2 00f10223 sb               x15, 4(x2)          x15:000000xX  x2:108fe350  PA:108fe354
            20793500           20778 1c001be6 00000713 addi             x14, x0, 0          x14=00000000
            20794500           20779 1c001be8 00000613 addi             x12, x0, 0          x12=00000000
            20795500           20780 1c001bea 00000693 addi             x13, x0, 0          x13=00000000
            20796500           20781 1c001bec 00000513 addi             x10, x0, 0          x10=00000000
            20797500           20782 1c001bee 00000593 addi             x11, x0, 0          x11=00000000
            20798500           20783 1c001bf0 03000813 addi             x16, x0, 48         x16=00000030
            20799500           20784 1c001bf4 02300893 addi             x17, x0, 35         x17=00000023
            20800500           20785 1c001bf8 0004c783 lbu              x15, 0(x9)          x15=00000069  x9:1c002350  PA:1c002350
            20816500           20801 1c001bfc 00148c13 addi             x24, x9, 1          x24=1c002351  x9:1c002350
            20817500           20802 1c001c00 04079163 bne              x15, x0, 66         x15:00000069
            20820500           20805 1c001c42 01778c63 beq              x15, x23, 24        x15:00000069 x23:0000002d
            20821500           20806 1c001c46 01078663 beq              x15, x16, 12        x15:00000069 x16:00000030
            20822500           20807 1c001c4a fb179ce3 bne              x15, x17, -72       x15:00000069 x17:00000023
            20825500           20810 1c001c02 00050763 beq              x10, x0, 14         x10:00000000
            20828500           20813 1c001c10 00060763 beq              x12, x0, 14         x12:00000000
            20831500           20816 1c001c1e 00070763 beq              x14, x0, 14         x14:00000000
            20834500           20819 1c001c2c fd078713 addi             x14, x15, -48       x14=00000039 x15:00000069
            20835500           20820 1c001c30 0ff77713 andi             x14, x14, 255       x14=00000039 x14:00000039
            20836500           20821 1c001c34 00900693 addi             x13, x0, 9          x13=00000009
            20837500           20822 1c001c36 04e6eb63 bltu             x13, x14, 86        x13:00000009 x14:00000039
            20840500           20825 1c001c8c 02e00713 addi             x14, x0, 46         x14=0000002e
            20841500           20826 1c001c90 02e79163 bne              x15, x14, 34        x15:00000069 x14:0000002e
            20844500           20829 1c001cb2 07a00713 addi             x14, x0, 122        x14=0000007a
            20845500           20830 1c001cb6 04e79263 bne              x15, x14, 68        x15:00000069 x14:0000007a
            20848500           20833 1c001cfa 06c00713 addi             x14, x0, 108        x14=0000006c
            20850500           20835 1c001cfe 20e79463 bne              x15, x14, 520       x15:00000069 x14:0000006c
            20853500           20838 1c001f06 06900713 addi             x14, x0, 105        x14=00000069
            20854500           20839 1c001f0a 02e78a63 beq              x15, x14, 52        x15:00000069 x14:00000069
            20857500           20842 1c001f3e 018004b3 add              x9, x0, x24          x9=1c002351 x24:1c002351
            20858500           20843 1c001f40 00000793 addi             x15, x0, 0          x15=00000000
            20859500           20844 1c001f42 e09ff06f jal              x0, -504           
            20861500           20846 1c001d4a 00a00713 addi             x14, x0, 10         x14=0000000a
            20862500           20847 1c001d4c 00e12823 sw               x14, 16(x2)         x14:0000000a  x2:108fe350  PA:108fe360
            20863500           20848 1c001d4e 0e27b363 p.bneimm         x15, 230            x15:00000000
            20866500           20851 1c001e34 00440c13 addi             x24, x8, 4          x24=108fe3dc  x8:108fe3d8
            20867500           20852 1c001e38 00042503 lw               x10, 0(x8)          x10=00000000  x8:108fe3d8  PA:108fe3d8
            20868500           20853 1c001e3a 0017bd63 p.bneimm         x15, 26             x15:00000000
            20871500           20856 1c001e54 00055863 bge              x10, x0, 16         x10:00000000
            20874500           20859 1c001e64 00410593 addi             x11, x2, 4          x11=108fe354  x2:108fe350
            20875500           20860 1c001e66 b99ff0ef jal              x1, -1128            x1=1c001e68
            20877500           20862 1c0019fe 0105a683 lw               x13, 16(x11)        x13=108fe368 x11:108fe354  PA:108fe364
            20878500           20863 1c001a00 00c5a703 lw               x14, 12(x11)        x14=0000000a x11:108fe354  PA:108fe360
            20879500           20864 1c001a02 00100793 addi             x15, x0, 1          x15=00000001
            20880500           20865 1c001a04 02f55633 divu             x12, x10, x15       x12=00000000 x10:00000000 x15:00000001
            20914500           20899 1c001a08 00e67863 bgeu             x12, x14, 16        x12:00000000 x14:0000000a
            20915500           20900 1c001a0c 00000613 addi             x12, x0, 0          x12=00000000
            20916500           20901 1c001a0e 00900313 addi             x6, x0, 9            x6=00000009
            20917500           20902 1c001a10 00079763 bne              x15, x0, 14         x15:00000001
            20920500           20905 1c001a1e 00c5a703 lw               x14, 12(x11)        x14=0000000a x11:108fe354  PA:108fe360
            20921500           20906 1c001a20 02f55833 divu             x16, x10, x15       x16=00000000 x10:00000000 x15:00000001
            20955500           20940 1c001a24 02f57533 remu             x10, x10, x15       x10=00000000 x10:00000000 x15:00000001
            20989500           20974 1c001a28 02e7d7b3 divu             x15, x15, x14       x15=00000000 x15:00000001 x14:0000000a
            21020500           21005 1c001a2c 00061763 bne              x12, x0, 14         x12:00000000
            21021500           21006 1c001a2e 01004663 blt              x0, x16, 12         x16:00000000
            21022500           21007 1c001a32 fc079fe3 bne              x15, x0, -34        x15:00000000
            21023500           21008 1c001a34 03000713 addi             x14, x0, 48         x14=00000030
            21024500           21009 1c001a38 01e0006f jal              x0, 30             
            21026500           21011 1c001a56 01070733 add              x14, x14, x16       x14=00000030 x14:00000030 x16:00000000
            21027500           21012 1c001a58 00e68023 sb               x14, 0(x13)         x14:00000030 x13:108fe368  PA:108fe368
            21028500           21013 1c001a5c 00160613 addi             x12, x12, 1         x12=00000001 x12:00000000
            21029500           21014 1c001a5e 00168693 addi             x13, x13, 1         x13=108fe369 x13:108fe368
            21030500           21015 1c001a60 fb1ff06f jal              x0, -80            
            21032500           21017 1c001a10 00079763 bne              x15, x0, 14         x15:00000000
            21033500           21018 1c001a12 00068023 sb               x0, 0(x13)          x13:108fe369  PA:108fe369
            21034500           21019 1c001a16 00008067 jalr             x0, x1, 0            x1:1c001e68
            21036500           21021 1c001e68 f17ff06f jal              x0, -234           
            21038500           21023 1c001d7e 00410613 addi             x12, x2, 4          x12=108fe354  x2:108fe350
            21039500           21024 1c001d80 013005b3 add              x11, x0, x19        x11=1c001776 x19:1c001776
            21040500           21025 1c001d82 01200533 add              x10, x0, x18        x10=00000000 x18:00000000
            21041500           21026 1c001d84 cdfff0ef jal              x1, -802             x1=1c001d86
            21043500           21028 1c001a62 fe010113 addi             x2, x2, -32          x2=108fe330  x2:108fe350
            21044500           21029 1c001a64 00812c23 sw               x8, 24(x2)           x8:108fe3d8  x2:108fe330  PA:108fe348
            21045500           21030 1c001a66 01062783 lw               x15, 16(x12)        x15=108fe368 x12:108fe354  PA:108fe364
            21046500           21031 1c001a68 00462403 lw               x8, 4(x12)           x8=00000000 x12:108fe354  PA:108fe358
            21047500           21032 1c001a6a 00912a23 sw               x9, 20(x2)           x9:1c002351  x2:108fe330  PA:108fe344
            21048500           21033 1c001a6c 01212823 sw               x18, 16(x2)         x18:00000000  x2:108fe330  PA:108fe340
            21049500           21034 1c001a6e 01312623 sw               x19, 12(x2)         x19:1c001776  x2:108fe330  PA:108fe33c
            21050500           21035 1c001a70 00112e23 sw               x1, 28(x2)           x1:1c001d86  x2:108fe330  PA:108fe34c
            21051500           21036 1c001a72 01412423 sw               x20, 8(x2)          x20:00000025  x2:108fe330  PA:108fe338
            21052500           21037 1c001a74 00a00933 add              x18, x0, x10        x18=00000000 x10:00000000
            21053500           21038 1c001a76 00b009b3 add              x19, x0, x11        x19=1c001776 x11:1c001776
            21054500           21039 1c001a78 00c004b3 add              x9, x0, x12          x9=108fe354 x12:108fe354
            21055500           21040 1c001a7a 0017c70b p.lbu            x14, 1(x15!)        x14=00000030 x15=108fe369 x15:108fe368  PA:108fe368
            21057500           21042 1c001a7e 00070363 beq              x14, x0, 6          x14:00000030
            21058500           21043 1c001a80 08804863 blt              x0, x8, 144          x8:00000000
            21059500           21044 1c001a84 0084c783 lbu              x15, 8(x9)          x15=00000000  x9:108fe354  PA:108fe35c
            21061500           21046 1c001a88 00078263 beq              x15, x0, 4          x15:00000000
            21064500           21049 1c001a8c 0004c783 lbu              x15, 0(x9)          x15=000000xX  x9:108fe354  PA:108fe354
            21066500           21051 1c001a90 0027f713 andi             x14, x15, 2         x14=00000000 x15:000000xX
            21067500           21052 1c001a94 00070663 beq              x14, x0, 12         x14:00000000
            21070500           21055 1c001aa0 0097f793 andi             x15, x15, 9         x15=00000000 x15:000000xX
            21071500           21056 1c001aa2 00800a33 add              x20, x0, x8         x20=00000000  x8:00000000
            21072500           21057 1c001aa4 08078163 beq              x15, x0, 130        x15:00000000
            21075500           21060 1c001b26 ff404be3 blt              x0, x20, -10        x20:00000000
            21076500           21061 1c001b2a fff40793 addi             x15, x8, -1         x15=ffffffff  x8:00000000
            21077500           21062 1c001b2e 04046433 p.max            x8, x8, x0           x8=00000000  x8:00000000
            21078500           21063 1c001b32 40878433 sub              x8, x15, x8          x8=ffffffff x15:ffffffff  x8:00000000
            21079500           21064 1c001b36 f71ff06f jal              x0, -144           
            21081500           21066 1c001aa6 0084c583 lbu              x11, 8(x9)          x11=00000000  x9:108fe354  PA:108fe35c
            21083500           21068 1c001aaa 00058363 beq              x11, x0, 6          x11:00000000
            21086500           21071 1c001ab0 0004c783 lbu              x15, 0(x9)          x15=000000xX  x9:108fe354  PA:108fe354
            21088500           21073 1c001ab4 0027f793 andi             x15, x15, 2         x15=00000000 x15:000000xX
            21089500           21074 1c001ab6 02078363 beq              x15, x0, 38         x15:00000000
            21092500           21077 1c001adc 0004c783 lbu              x15, 0(x9)          x15=000000xX  x9:108fe354  PA:108fe354
            21093500           21078 1c001ae0 00800a33 add              x20, x0, x8         x20=ffffffff  x8:ffffffff
            21094500           21079 1c001ae2 fc17b7b3 p.bclr           x15, x15, 30, 1     x15=00000000 x15:000000xX
            21095500           21080 1c001ae6 06079363 bne              x15, x0, 102        x15:00000000
            21096500           21081 1c001ae8 0104aa03 lw               x20, 16(x9)         x20=108fe368  x9:108fe354  PA:108fe364
            21098500           21083 1c001aec 001a458b p.lbu            x11, 1(x20!)        x11=00000030 x20=108fe369 x20:108fe368  PA:108fe368
            21100500           21085 1c001af0 06059763 bne              x11, x0, 110        x11:00000030
            21103500           21088 1c001b5e 01200533 add              x10, x0, x18        x10=00000000 x18:00000000
            21104500           21089 1c001b60 000980e7 jalr             x1, x19, 0           x1=1c001b62 x19:1c001776
            21106500           21091 1c001776 00b00533 add              x10, x0, x11        x10=00000030 x11:00000030
            21107500           21092 1c001778 fddff06f jal              x0, -36            
            21109500           21094 1c001754 000026b7 lui              x13, 0x2000         x13=00002000
            21110500           21095 1c001756 f14027f3 csrrs            x15, x0, 0xf14      x15=00000040
            21111500           21096 1c00175a f8068693 addi             x13, x13, -128      x13=00001f80 x13:00002000
            21112500           21097 1c00175e 00379713 slli             x14, x15, 0x3       x14=00000200 x15:00000040
            21113500           21098 1c001762 00279793 slli             x15, x15, 0x2       x15=00000100 x15:00000040
            21114500           21099 1c001764 ee873733 p.bclr           x14, x14, 23, 8     x14=00000000 x14:00000200
            21115500           21100 1c001768 00d7f7b3 and              x15, x15, x13       x15=00000100 x15:00000100 x13:00001f80
            21116500           21101 1c00176a 00e787b3 add              x15, x15, x14       x15=00000100 x15:00000100 x14:00000000
            21117500           21102 1c00176c 1a104737 lui              x14, 0x1a104000     x14=1a104000
            21118500           21103 1c001770 00a767a3 p.sw             x10, x0(x14)        x10:00000030 x14:1a104000  PA:1a104100
            21122500           21107 1c001774 00008067 jalr             x0, x1, 0            x1:1c001b62
            21123500           21108 1c001b62 f8bff06f jal              x0, -118           
            21125500           21110 1c001aec 001a458b p.lbu            x11, 1(x20!)        x11=00000000 x20=108fe36a x20:108fe369  PA:108fe369
            21127500           21112 1c001af0 06059763 bne              x11, x0, 110        x11:00000000
            21128500           21113 1c001af2 0004c783 lbu              x15, 0(x9)          x15=000000xX  x9:108fe354  PA:108fe354
            21130500           21115 1c001af6 0097f793 andi             x15, x15, 9         x15=00000000 x15:000000xX
            21131500           21116 1c001af8 0087b463 p.bneimm         x15, 8              x15:00000000
            21134500           21119 1c001b00 01c12083 lw               x1, 28(x2)           x1=1c001d86  x2:108fe330  PA:108fe34c
            21135500           21120 1c001b02 01812403 lw               x8, 24(x2)           x8=108fe3d8  x2:108fe330  PA:108fe348
            21136500           21121 1c001b04 01412483 lw               x9, 20(x2)           x9=1c002351  x2:108fe330  PA:108fe344
            21137500           21122 1c001b06 01012903 lw               x18, 16(x2)         x18=00000000  x2:108fe330  PA:108fe340
            21138500           21123 1c001b08 00c12983 lw               x19, 12(x2)         x19=1c001776  x2:108fe330  PA:108fe33c
            21139500           21124 1c001b0a 00812a03 lw               x20, 8(x2)          x20=00000025  x2:108fe330  PA:108fe338
            21140500           21125 1c001b0c 02010113 addi             x2, x2, 32           x2=108fe350  x2:108fe330
            21141500           21126 1c001b0e 00008067 jalr             x0, x1, 0            x1:1c001d86
            21143500           21128 1c001d86 01800433 add              x8, x0, x24          x8=108fe3dc x24:108fe3dc
            21144500           21129 1c001d88 fadff06f jal              x0, -84            
            21146500           21131 1c001d34 00900633 add              x12, x0, x9         x12=1c002351  x9:1c002351
            21147500           21132 1c001d36 e69ff06f jal              x0, -408           
            21150500           21135 1c001b9e 00064583 lbu              x11, 0(x12)         x11=00000029 x12:1c002351  PA:1c002351
            21164500           21149 1c001ba2 00160493 addi             x9, x12, 1           x9=1c002352 x12:1c002351
            21165500           21150 1c001ba6 00059e63 bne              x11, x0, 28         x11:00000029
            21168500           21153 1c001bc2 01458563 beq              x11, x20, 10        x11:00000029 x20:00000025
            21169500           21154 1c001bc6 01200533 add              x10, x0, x18        x10=00000000 x18:00000000
            21170500           21155 1c001bc8 000980e7 jalr             x1, x19, 0           x1=1c001bca x19:1c001776
            21172500           21157 1c001776 00b00533 add              x10, x0, x11        x10=00000029 x11:00000029
            21173500           21158 1c001778 fddff06f jal              x0, -36            
            21175500           21160 1c001754 000026b7 lui              x13, 0x2000         x13=00002000
            21176500           21161 1c001756 f14027f3 csrrs            x15, x0, 0xf14      x15=00000040
            21177500           21162 1c00175a f8068693 addi             x13, x13, -128      x13=00001f80 x13:00002000
            21178500           21163 1c00175e 00379713 slli             x14, x15, 0x3       x14=00000200 x15:00000040
            21179500           21164 1c001762 00279793 slli             x15, x15, 0x2       x15=00000100 x15:00000040
            21180500           21165 1c001764 ee873733 p.bclr           x14, x14, 23, 8     x14=00000000 x14:00000200
            21181500           21166 1c001768 00d7f7b3 and              x15, x15, x13       x15=00000100 x15:00000100 x13:00001f80
            21182500           21167 1c00176a 00e787b3 add              x15, x15, x14       x15=00000100 x15:00000100 x14:00000000
            21183500           21168 1c00176c 1a104737 lui              x14, 0x1a104000     x14=1a104000
            21184500           21169 1c001770 00a767a3 p.sw             x10, x0(x14)        x10:00000029 x14:1a104000  PA:1a104100
            21188500           21173 1c001774 00008067 jalr             x0, x1, 0            x1:1c001bca
            21189500           21174 1c001bca 16a0006f jal              x0, 362            
            21191500           21176 1c001d34 00900633 add              x12, x0, x9         x12=1c002352  x9:1c002352
            21192500           21177 1c001d36 e69ff06f jal              x0, -408           
            21195500           21180 1c001b9e 00064583 lbu              x11, 0(x12)         x11=00000021 x12:1c002352  PA:1c002352
            21215500           21200 1c001ba2 00160493 addi             x9, x12, 1           x9=1c002353 x12:1c002352
            21216500           21201 1c001ba6 00059e63 bne              x11, x0, 28         x11:00000021
            21219500           21204 1c001bc2 01458563 beq              x11, x20, 10        x11:00000021 x20:00000025
            21220500           21205 1c001bc6 01200533 add              x10, x0, x18        x10=00000000 x18:00000000
            21221500           21206 1c001bc8 000980e7 jalr             x1, x19, 0           x1=1c001bca x19:1c001776
            21223500           21208 1c001776 00b00533 add              x10, x0, x11        x10=00000021 x11:00000021
            21224500           21209 1c001778 fddff06f jal              x0, -36            
            21226500           21211 1c001754 000026b7 lui              x13, 0x2000         x13=00002000
            21227500           21212 1c001756 f14027f3 csrrs            x15, x0, 0xf14      x15=00000040
            21228500           21213 1c00175a f8068693 addi             x13, x13, -128      x13=00001f80 x13:00002000
            21229500           21214 1c00175e 00379713 slli             x14, x15, 0x3       x14=00000200 x15:00000040
            21230500           21215 1c001762 00279793 slli             x15, x15, 0x2       x15=00000100 x15:00000040
            21231500           21216 1c001764 ee873733 p.bclr           x14, x14, 23, 8     x14=00000000 x14:00000200
            21232500           21217 1c001768 00d7f7b3 and              x15, x15, x13       x15=00000100 x15:00000100 x13:00001f80
            21233500           21218 1c00176a 00e787b3 add              x15, x15, x14       x15=00000100 x15:00000100 x14:00000000
            21234500           21219 1c00176c 1a104737 lui              x14, 0x1a104000     x14=1a104000
            21235500           21220 1c001770 00a767a3 p.sw             x10, x0(x14)        x10:00000021 x14:1a104000  PA:1a104100
            21239500           21224 1c001774 00008067 jalr             x0, x1, 0            x1:1c001bca
            21240500           21225 1c001bca 16a0006f jal              x0, 362            
            21242500           21227 1c001d34 00900633 add              x12, x0, x9         x12=1c002353  x9:1c002353
            21243500           21228 1c001d36 e69ff06f jal              x0, -408           
            21246500           21231 1c001b9e 00064583 lbu              x11, 0(x12)         x11=0000000a x12:1c002353  PA:1c002353
            21260500           21245 1c001ba2 00160493 addi             x9, x12, 1           x9=1c002354 x12:1c002353
            21261500           21246 1c001ba6 00059e63 bne              x11, x0, 28         x11:0000000a
            21264500           21249 1c001bc2 01458563 beq              x11, x20, 10        x11:0000000a x20:00000025
            21265500           21250 1c001bc6 01200533 add              x10, x0, x18        x10=00000000 x18:00000000
            21266500           21251 1c001bc8 000980e7 jalr             x1, x19, 0           x1=1c001bca x19:1c001776
            21268500           21253 1c001776 00b00533 add              x10, x0, x11        x10=0000000a x11:0000000a
            21269500           21254 1c001778 fddff06f jal              x0, -36            
            21271500           21256 1c001754 000026b7 lui              x13, 0x2000         x13=00002000
            21272500           21257 1c001756 f14027f3 csrrs            x15, x0, 0xf14      x15=00000040
            21273500           21258 1c00175a f8068693 addi             x13, x13, -128      x13=00001f80 x13:00002000
            21274500           21259 1c00175e 00379713 slli             x14, x15, 0x3       x14=00000200 x15:00000040
            21275500           21260 1c001762 00279793 slli             x15, x15, 0x2       x15=00000100 x15:00000040
            21276500           21261 1c001764 ee873733 p.bclr           x14, x14, 23, 8     x14=00000000 x14:00000200
            21277500           21262 1c001768 00d7f7b3 and              x15, x15, x13       x15=00000100 x15:00000100 x13:00001f80
            21278500           21263 1c00176a 00e787b3 add              x15, x15, x14       x15=00000100 x15:00000100 x14:00000000
            21279500           21264 1c00176c 1a104737 lui              x14, 0x1a104000     x14=1a104000
            21280500           21265 1c001770 00a767a3 p.sw             x10, x0(x14)        x10:0000000a x14:1a104000  PA:1a104100
            21284500           21269 1c001774 00008067 jalr             x0, x1, 0            x1:1c001bca
            21285500           21270 1c001bca 16a0006f jal              x0, 362            
            21287500           21272 1c001d34 00900633 add              x12, x0, x9         x12=1c002354  x9:1c002354
            21288500           21273 1c001d36 e69ff06f jal              x0, -408           
            21291500           21276 1c001b9e 00064583 lbu              x11, 0(x12)         x11=00000000 x12:1c002354  PA:1c002354
            21308500           21293 1c001ba2 00160493 addi             x9, x12, 1           x9=1c002355 x12:1c002354
            21309500           21294 1c001ba6 00059e63 bne              x11, x0, 28         x11:00000000
            21310500           21295 1c001ba8 05c12083 lw               x1, 92(x2)           x1=1c001834  x2:108fe350  PA:108fe3ac
            21311500           21296 1c001baa 05812403 lw               x8, 88(x2)           x8=00000002  x2:108fe350  PA:108fe3a8
            21312500           21297 1c001bac 05412483 lw               x9, 84(x2)           x9=1b204200  x2:108fe350  PA:108fe3a4
            21313500           21298 1c001bae 05012903 lw               x18, 80(x2)         x18=1b000008  x2:108fe350  PA:108fe3a0
            21314500           21299 1c001bb0 04c12983 lw               x19, 76(x2)         x19=1b204000  x2:108fe350  PA:108fe39c
            21315500           21300 1c001bb2 04812a03 lw               x20, 72(x2)         x20=00000002  x2:108fe350  PA:108fe398
            21316500           21301 1c001bb4 04412a83 lw               x21, 68(x2)         x21=1c00215a  x2:108fe350  PA:108fe394
            21317500           21302 1c001bb6 04012b03 lw               x22, 64(x2)         x22=100fc720  x2:108fe350  PA:108fe390
            21318500           21303 1c001bb8 03c12b83 lw               x23, 60(x2)         x23=1c2fff88  x2:108fe350  PA:108fe38c
            21319500           21304 1c001bba 03812c03 lw               x24, 56(x2)         x24=00000001  x2:108fe350  PA:108fe388
            21320500           21305 1c001bbc 03412c83 lw               x25, 52(x2)         x25=10200e04  x2:108fe350  PA:108fe384
            21321500           21306 1c001bbe 06010113 addi             x2, x2, 96           x2=108fe3b0  x2:108fe350
            21322500           21307 1c001bc0 00008067 jalr             x0, x1, 0            x1:1c001834
            21324500           21309 1c001834 01c12083 lw               x1, 28(x2)           x1=1c000a2e  x2:108fe3b0  PA:108fe3cc
            21325500           21310 1c001836 00000513 addi             x10, x0, 0          x10=00000000
            21326500           21311 1c001838 04010113 addi             x2, x2, 64           x2=108fe3f0  x2:108fe3b0
            21327500           21312 1c00183a 00008067 jalr             x0, x1, 0            x1:1c000a2e
            21330500           21315 1c000a2e 01c4e783 p.elw            x15, 28(x9)         x15=00000000  x9:1b204200  PA:1b20421c
            21343500           21328 1c000a32 1c0027b7 lui              x15, 0x1c002000     x15=1c002000
            21344500           21329 1c000a36 00241413 slli             x8, x8, 0x2          x8=00000008  x8:00000002
            21345500           21330 1c000a38 68478793 addi             x15, x15, 1668      x15=1c002684 x15:1c002000
            21346500           21331 1c000a3c 00100713 addi             x14, x0, 1          x14=00000001
            21363500           21348 1c000a3e 00e7e423 p.sw             x14, x0(x15)        x14:00000001 x15:1c002684  PA:1c00268c
            21381500           21366 1c000a42 00c12083 lw               x1, 12(x2)           x1=1c00215a  x2:108fe3f0  PA:108fe3fc
            21382500           21367 1c000a44 00812403 lw               x8, 8(x2)            x8=1b000028  x2:108fe3f0  PA:108fe3f8
            21383500           21368 1c000a46 00412483 lw               x9, 4(x2)            x9=1b000048  x2:108fe3f0  PA:108fe3f4
            21384500           21369 1c000a48 01010113 addi             x2, x2, 16           x2=108fe400  x2:108fe3f0
            21385500           21370 1c000a4a 00008067 jalr             x0, x1, 0            x1:1c00215a
            21387500           21372 1c00215a 000b0a63 beq              x22, x0, 20         x22:100fc720
            21389500           21374 1c00215e 000ba283 lw               x5, 0(x23)           x5=00000000 x23:1c2fff88  PA:1c2fff88
            21404500           21389 1c002162 06029f63 bne              x5, x0, 126          x5:00000000
            21405500           21390 1c002166 016ba023 sw               x22, 0(x23)         x22:100fc720 x23:1c2fff88  PA:1c2fff88
            21423500           21408 1c00216a 018ca023 sw               x24, 0(x25)         x24:00000001 x25:10200e04  PA:10200e04
            21427500           21412 1c00216e 00042e03 lw               x28, 0(x8)          x28=00000000  x8:1b000028  PA:1b000028
            21429500           21414 1c002172 060e0063 beq              x28, x0, 96         x28:00000000
            21432500           21417 1c0021d2 0149a423 sw               x20, 8(x19)         x20:00000002 x19:1b204000  PA:1b204008
            21433500           21418 1c0021d6 03c9e003 p.elw            x0, 60(x19)         x19:1b204000  PA:1b20403c
            21438500           21423 1c0021da 0149a223 sw               x20, 4(x19)         x20:00000002 x19:1b204000  PA:1b204004
            21439500           21424 1c0021de f91ff06f jal              x0, -112           
            21442500           21427 1c00216e 00042e03 lw               x28, 0(x8)          x28=00000000  x8:1b000028  PA:1b000028
            21444500           21429 1c002172 060e0063 beq              x28, x0, 96         x28:00000000
            21447500           21432 1c0021d2 0149a423 sw               x20, 8(x19)         x20:00000002 x19:1b204000  PA:1b204008
