                Time          Cycles PC       Instr    Mnemonic
            12603500           12588 1c000080 0180006f jal              x0, 24             
            12621500           12606 1c000098 f1402573 csrrs            x10, x0, 0xf14      x10=00000020
            12622500           12607 1c00009c 01f57593 andi             x11, x10, 31        x11=00000000 x10:00000020
            12639500           12624 1c0000a0 00555513 srli             x10, x10, 0x5       x10=00000001 x10:00000020
            12640500           12625 1c0000a2 00058463 beq              x11, x0, 8          x11:00000000
            12643500           12628 1c0000aa 00050463 beq              x10, x0, 8          x10:00000001
            12662500           12647 1c0000ae 0520206f jal              x0, 8274           
            12664500           12649 1c002100 000702b7 lui              x5, 0x70000          x5=00070000
            12665500           12650 1c002104 1b204337 lui              x6, 0x1b204000       x6=1b204000
            12666500           12651 1c002108 00532023 sw               x5, 0(x6)            x5:00070000  x6:1b204000  PA:1b204000
            12667500           12652 1c00210c 0e059163 bne              x11, x0, 226        x11:00000000
            12679500           12664 1c002110 feffe417 auipc            x8, 0xfeffe000       x8=1b000110
            12680500           12665 1c002114 ef840413 addi             x8, x8, -264         x8=1b000008  x8:1b000110
            12681500           12666 1c002118 04040493 addi             x9, x8, 64           x9=1b000048  x8:1b000008
            12682500           12667 1c00211c 00800933 add              x18, x0, x8         x18=1b000008  x8:1b000008
            12699500           12684 1c00211e 1b2049b7 lui              x19, 0x1b204000     x19=1b204000
            12700500           12685 1c002122 00200a13 addi             x20, x0, 2          x20=00000002
            12701500           12686 1c002124 00000a97 auipc            x21, 0x0            x21=1c002124
            12702500           12687 1c002128 036a8a93 addi             x21, x21, 54        x21=1c00215a x21:1c002124
            12703500           12688 1c00212c 00000b97 auipc            x23, 0x0            x23=1c00212c
            12720500           12705 1c002130 57cb8b93 addi             x23, x23, 1404      x23=1c0026a8 x23:1c00212c
            12721500           12706 1c002134 000bab83 lw               x23, 0(x23)         x23=1c2fff50 x23:1c0026a8  PA:1c0026a8
            12736500           12721 1c002138 01800393 addi             x7, x0, 24           x7=00000018
            12737500           12722 1c00213a 02a383b3 mul              x7, x7, x10          x7=00000018  x7:00000018 x10:00000001
            12738500           12723 1c00213e 007b8bb3 add              x23, x23, x7        x23=1c2fff68 x23:1c2fff50  x7:00000018
            12759500           12744 1c002140 008b8b93 addi             x23, x23, 8         x23=1c2fff70 x23:1c2fff68
            12760500           12745 1c002142 10201cb7 lui              x25, 0x10201000     x25=10201000
            12761500           12746 1c002146 e04c8c93 addi             x25, x25, -508      x25=10200e04 x25:10201000
            12762500           12747 1c00214a 00100c13 addi             x24, x0, 1          x24=00000001
            12763500           12748 1c00214c 00000d17 auipc            x26, 0x0            x26=1c00214c
            12780500           12765 1c002150 0e0d0d13 addi             x26, x26, 224       x26=1c00222c x26:1c00214c
            12781500           12766 1c002154 001d6d13 ori              x26, x26, 1         x26=1c00222d x26:1c00222c
            12782500           12767 1c002158 0160006f jal              x0, 22             
            12817500           12802 1c00216e 00042e03 lw               x28, 0(x8)          x28=00000000  x8:1b000008  PA:1b000008
            12819500           12804 1c002172 060e0063 beq              x28, x0, 96         x28:00000000
            12838500           12823 1c0021d2 0149a423 sw               x20, 8(x19)         x20:00000002 x19:1b204000  PA:1b204008
            12839500           12824 1c0021d6 03c9e003 p.elw            x0, 60(x19)         x19:1b204000  PA:1b20403c
            17709500           17694 1c0021da 0149a223 sw               x20, 4(x19)         x20:00000002 x19:1b204000  PA:1b204004
            17710500           17695 1c0021de f91ff06f jal              x0, -112           
            17713500           17698 1c00216e 00042e03 lw               x28, 0(x8)          x28=00000008  x8:1b000008  PA:1b000008
            17715500           17700 1c002172 060e0063 beq              x28, x0, 96         x28:00000008
            17716500           17701 1c002176 00842503 lw               x10, 8(x8)          x10=00000000  x8:1b000008  PA:1b000010
            17717500           17702 1c002178 00442283 lw               x5, 4(x8)            x5=1c0009d8  x8:1b000008  PA:1b00000c
            17718500           17703 1c00217c 00c42103 lw               x2, 12(x8)           x2=104fe400  x8:1b000008  PA:1b000014
            17735500           17720 1c002180 01042303 lw               x6, 16(x8)           x6=00000400  x8:1b000008  PA:1b000018
            17736500           17721 1c002184 01442383 lw               x7, 20(x8)           x7=00000400  x8:1b000008  PA:1b00001c
            17737500           17722 1c002188 01842b03 lw               x22, 24(x8)         x22=100fc720  x8:1b000008  PA:1b000020
            17738500           17723 1c00218c 01c42e83 lw               x29, 28(x8)         x29=1000013c  x8:1b000008  PA:1b000024
            17755500           17740 1c002190 00042023 sw               x0, 0(x8)            x8:1b000008  PA:1b000008
            17756500           17741 1c002194 feffef17 auipc            x30, 0xfeffe000     x30=1b000194
            17757500           17742 1c002198 eb4f0f13 addi             x30, x30, -332      x30=1b000048 x30:1b000194
            17758500           17743 1c00219c 01df2023 sw               x29, 0(x30)         x29:1000013c x30:1b000048  PA:1b000048
            17775500           17760 1c0021a0 015000b3 add              x1, x0, x21          x1=1c00215a x21:1c00215a
            17776500           17761 1c0021a2 00100e93 addi             x29, x0, 1          x29=00000001
            17777500           17762 1c0021a4 01ce9e33 sll              x28, x29, x28       x28=00000100 x29:00000001 x28:00000008
            17778500           17763 1c0021a8 fffe0e13 addi             x28, x28, -1        x28=000000ff x28:00000100
            17779500           17764 1c0021aa 21c9a023 sw               x28, 512(x19)       x28:000000ff x19:1b204000  PA:1b204200
            17796500           17781 1c0021ae 21c9a623 sw               x28, 524(x19)       x28:000000ff x19:1b204000  PA:1b20420c
            17797500           17782 1c0021b2 09c9a223 sw               x28, 132(x19)       x28:000000ff x19:1b204000  PA:1b204084
            17798500           17783 1c0021b6 001e2863 p.beqimm         x28, 16             x28:000000ff
            17799500           17784 1c0021ba 09a9a023 sw               x26, 128(x19)       x26:1c00222d x19:1b204000  PA:1b204080
            17817500           17802 1c0021be 0879a023 sw               x7, 128(x19)         x7:00000400 x19:1b204000  PA:1b204080
            17818500           17803 1c0021c2 0829a023 sw               x2, 128(x19)         x2:104fe400 x19:1b204000  PA:1b204080
            17819500           17804 1c0021c6 02040413 addi             x8, x8, 32           x8=1b000028  x8:1b000008
            17820500           17805 1c0021ca 00941363 bne              x8, x9, 6            x8:1b000028  x9:1b000048
            17823500           17808 1c0021d0 00028067 jalr             x0, x5, 0            x5:1c0009d8
            17841500           17826 1c0009d8 ff010113 addi             x2, x2, -16          x2=104fe3f0  x2:104fe400
            17842500           17827 1c0009da 0ff00713 addi             x14, x0, 255        x14=000000ff
            17859500           17844 1c0009de 1b2047b7 lui              x15, 0x1b204000     x15=1b204000
            17860500           17845 1c0009e2 00112623 sw               x1, 12(x2)           x1:1c00215a  x2:104fe3f0  PA:104fe3fc
            17861500           17846 1c0009e4 00812423 sw               x8, 8(x2)            x8:1b000028  x2:104fe3f0  PA:104fe3f8
            17862500           17847 1c0009e6 00912223 sw               x9, 4(x2)            x9:1b000048  x2:104fe3f0  PA:104fe3f4
            17863500           17848 1c0009e8 08e7a223 sw               x14, 132(x15)       x14:000000ff x15:1b204000  PA:1b204084
            17864500           17849 1c0009ec 20078493 addi             x9, x15, 512         x9=1b204200 x15:1b204000
            17881500           17866 1c0009f0 00e4a023 sw               x14, 0(x9)          x14:000000ff  x9:1b204200  PA:1b204200
            17882500           17867 1c0009f2 20c78793 addi             x15, x15, 524       x15=1b20420c x15:1b204000
            17883500           17868 1c0009f6 00e7a023 sw               x14, 0(x15)         x14:000000ff x15:1b20420c  PA:1b20420c
            17884500           17869 1c0009f8 1c0017b7 lui              x15, 0x1c001000     x15=1c001000
            17885500           17870 1c0009fc 9bc78793 addi             x15, x15, -1604     x15=1c0009bc x15:1c001000
            17902500           17887 1c000a00 1b204737 lui              x14, 0x1b204000     x14=1b204000
            17903500           17888 1c000a04 08f72023 sw               x15, 128(x14)       x15:1c0009bc x14:1b204000  PA:1b204080
            17904500           17889 1c000a08 1b2047b7 lui              x15, 0x1b204000     x15=1b204000
            17905500           17890 1c000a0c 08a7a023 sw               x10, 128(x15)       x10:00000000 x15:1b204000  PA:1b204080
            17922500           17907 1c000a10 f1402673 csrrs            x12, x0, 0xf14      x12=00000020
            17923500           17908 1c000a14 40565413 srai             x8, x12, 0x405       x8=00000001 x12:00000020
            17924500           17909 1c000a18 f2643433 p.bclr           x8, x8, 25, 6        x8=00000001  x8:00000001
            17925500           17910 1c000a1c 1c002537 lui              x10, 0x1c002000     x10=1c002000
            17946500           17931 1c000a20 f4563633 p.bclr           x12, x12, 26, 5     x12=00000000 x12:00000020
            17947500           17932 1c000a24 008005b3 add              x11, x0, x8         x11=00000001  x8:00000001
            17948500           17933 1c000a26 33c50513 addi             x10, x10, 828       x10=1c00233c x10:1c002000
            17949500           17934 1c000a2a 5e7000ef jal              x1, 3558             x1=1c000a2e
            17980500           17965 1c001810 fc010113 addi             x2, x2, -64          x2=104fe3b0  x2:104fe3f0
            17981500           17966 1c001812 02b12223 sw               x11, 36(x2)         x11:00000001  x2:104fe3b0  PA:104fe3d4
            17982500           17967 1c001814 1c0015b7 lui              x11, 0x1c001000     x11=1c001000
            17983500           17968 1c001818 02c12423 sw               x12, 40(x2)         x12:00000000  x2:104fe3b0  PA:104fe3d8
            17984500           17969 1c00181a 02d12623 sw               x13, 44(x2)         x13:00000000  x2:104fe3b0  PA:104fe3dc
            17985500           17970 1c00181c 00a00633 add              x12, x0, x10        x12=1c00233c x10:1c00233c
            17986500           17971 1c00181e 02410693 addi             x13, x2, 36         x13=104fe3d4  x2:104fe3b0
            18002500           17987 1c001820 00000513 addi             x10, x0, 0          x10=00000000
            18003500           17988 1c001822 77658593 addi             x11, x11, 1910      x11=1c001776 x11:1c001000
            18004500           17989 1c001826 00112e23 sw               x1, 28(x2)           x1:1c000a2e  x2:104fe3b0  PA:104fe3cc
            18005500           17990 1c001828 02e12823 sw               x14, 48(x2)         x14:1b204000  x2:104fe3b0  PA:104fe3e0
            18006500           17991 1c00182a 02f12a23 sw               x15, 52(x2)         x15:1b204000  x2:104fe3b0  PA:104fe3e4
            18007500           17992 1c00182c 03012c23 sw               x16, 56(x2)         x16:00000000  x2:104fe3b0  PA:104fe3e8
            18008500           17993 1c00182e 03112e23 sw               x17, 60(x2)         x17:00000000  x2:104fe3b0  PA:104fe3ec
            18024500           18009 1c001830 00d12623 sw               x13, 12(x2)         x13:104fe3d4  x2:104fe3b0  PA:104fe3bc
            18025500           18010 1c001832 33e000ef jal              x1, 830              x1=1c001834
            18043500           18028 1c001b70 fa010113 addi             x2, x2, -96          x2=104fe350  x2:104fe3b0
            18044500           18029 1c001b72 01810793 addi             x15, x2, 24         x15=104fe368  x2:104fe350
            18045500           18030 1c001b74 04812c23 sw               x8, 88(x2)           x8:00000001  x2:104fe350  PA:104fe3a8
            18046500           18031 1c001b76 05212823 sw               x18, 80(x2)         x18:1b000008  x2:104fe350  PA:104fe3a0
            18047500           18032 1c001b78 05312623 sw               x19, 76(x2)         x19:1b204000  x2:104fe350  PA:104fe39c
            18048500           18033 1c001b7a 05412423 sw               x20, 72(x2)         x20:00000002  x2:104fe350  PA:104fe398
            18049500           18034 1c001b7c 05512223 sw               x21, 68(x2)         x21:1c00215a  x2:104fe350  PA:104fe394
            18050500           18035 1c001b7e 05612023 sw               x22, 64(x2)         x22:100fc720  x2:104fe350  PA:104fe390
            18066500           18051 1c001b80 03712e23 sw               x23, 60(x2)         x23:1c2fff70  x2:104fe350  PA:104fe38c
            18067500           18052 1c001b82 04112e23 sw               x1, 92(x2)           x1:1c001834  x2:104fe350  PA:104fe3ac
            18068500           18053 1c001b84 04912a23 sw               x9, 84(x2)           x9:1b204200  x2:104fe350  PA:104fe3a4
            18069500           18054 1c001b86 03812c23 sw               x24, 56(x2)         x24:00000001  x2:104fe350  PA:104fe388
            18070500           18055 1c001b88 03912a23 sw               x25, 52(x2)         x25:10200e04  x2:104fe350  PA:104fe384
            18071500           18056 1c001b8a 00a00933 add              x18, x0, x10        x18=00000000 x10:00000000
            18072500           18057 1c001b8c 00b009b3 add              x19, x0, x11        x19=1c001776 x11:1c001776
            18073500           18058 1c001b8e 00d00433 add              x8, x0, x13          x8=104fe3d4 x13:104fe3d4
            18089500           18074 1c001b90 00f12a23 sw               x15, 20(x2)         x15:104fe368  x2:104fe350  PA:104fe364
            18090500           18075 1c001b92 02500a13 addi             x20, x0, 37         x20=00000025
            18091500           18076 1c001b96 02d00b93 addi             x23, x0, 45         x23=0000002d
            18092500           18077 1c001b9a 00100a93 addi             x21, x0, 1          x21=00000001
            18093500           18078 1c001b9c 00500b13 addi             x22, x0, 5          x22=00000005
            18110500           18095 1c001b9e 00064583 lbu              x11, 0(x12)         x11=00000048 x12:1c00233c  PA:1c00233c
            18137500           18122 1c001ba2 00160493 addi             x9, x12, 1           x9=1c00233d x12:1c00233c
            18138500           18123 1c001ba6 00059e63 bne              x11, x0, 28         x11:00000048
            18145500           18130 1c001bc2 01458563 beq              x11, x20, 10        x11:00000048 x20:00000025
            18146500           18131 1c001bc6 01200533 add              x10, x0, x18        x10=00000000 x18:00000000
            18147500           18132 1c001bc8 000980e7 jalr             x1, x19, 0           x1=1c001bca x19:1c001776
            18165500           18150 1c001776 00b00533 add              x10, x0, x11        x10=00000048 x11:00000048
            18166500           18151 1c001778 fddff06f jal              x0, -36            
            18184500           18169 1c001754 000026b7 lui              x13, 0x2000         x13=00002000
            18185500           18170 1c001756 f14027f3 csrrs            x15, x0, 0xf14      x15=00000020
            18186500           18171 1c00175a f8068693 addi             x13, x13, -128      x13=00001f80 x13:00002000
            18203500           18188 1c00175e 00379713 slli             x14, x15, 0x3       x14=00000100 x15:00000020
            18204500           18189 1c001762 00279793 slli             x15, x15, 0x2       x15=00000080 x15:00000020
            18205500           18190 1c001764 ee873733 p.bclr           x14, x14, 23, 8     x14=00000000 x14:00000100
            18206500           18191 1c001768 00d7f7b3 and              x15, x15, x13       x15=00000080 x15:00000080 x13:00001f80
            18207500           18192 1c00176a 00e787b3 add              x15, x15, x14       x15=00000080 x15:00000080 x14:00000000
            18208500           18193 1c00176c 1a104737 lui              x14, 0x1a104000     x14=1a104000
            18209500           18194 1c001770 00a767a3 p.sw             x10, x0(x14)        x10:00000048 x14:1a104000  PA:1a104080
            18213500           18198 1c001774 00008067 jalr             x0, x1, 0            x1:1c001bca
            18214500           18199 1c001bca 16a0006f jal              x0, 362            
            18232500           18217 1c001d34 00900633 add              x12, x0, x9         x12=1c00233d  x9:1c00233d
            18233500           18218 1c001d36 e69ff06f jal              x0, -408           
            18236500           18221 1c001b9e 00064583 lbu              x11, 0(x12)         x11=00000065 x12:1c00233d  PA:1c00233d
            18266500           18251 1c001ba2 00160493 addi             x9, x12, 1           x9=1c00233e x12:1c00233d
            18267500           18252 1c001ba6 00059e63 bne              x11, x0, 28         x11:00000065
            18270500           18255 1c001bc2 01458563 beq              x11, x20, 10        x11:00000065 x20:00000025
            18271500           18256 1c001bc6 01200533 add              x10, x0, x18        x10=00000000 x18:00000000
            18272500           18257 1c001bc8 000980e7 jalr             x1, x19, 0           x1=1c001bca x19:1c001776
            18274500           18259 1c001776 00b00533 add              x10, x0, x11        x10=00000065 x11:00000065
            18275500           18260 1c001778 fddff06f jal              x0, -36            
            18277500           18262 1c001754 000026b7 lui              x13, 0x2000         x13=00002000
            18278500           18263 1c001756 f14027f3 csrrs            x15, x0, 0xf14      x15=00000020
            18279500           18264 1c00175a f8068693 addi             x13, x13, -128      x13=00001f80 x13:00002000
            18280500           18265 1c00175e 00379713 slli             x14, x15, 0x3       x14=00000100 x15:00000020
            18281500           18266 1c001762 00279793 slli             x15, x15, 0x2       x15=00000080 x15:00000020
            18282500           18267 1c001764 ee873733 p.bclr           x14, x14, 23, 8     x14=00000000 x14:00000100
            18283500           18268 1c001768 00d7f7b3 and              x15, x15, x13       x15=00000080 x15:00000080 x13:00001f80
            18284500           18269 1c00176a 00e787b3 add              x15, x15, x14       x15=00000080 x15:00000080 x14:00000000
            18285500           18270 1c00176c 1a104737 lui              x14, 0x1a104000     x14=1a104000
            18286500           18271 1c001770 00a767a3 p.sw             x10, x0(x14)        x10:00000065 x14:1a104000  PA:1a104080
            18290500           18275 1c001774 00008067 jalr             x0, x1, 0            x1:1c001bca
            18291500           18276 1c001bca 16a0006f jal              x0, 362            
            18293500           18278 1c001d34 00900633 add              x12, x0, x9         x12=1c00233e  x9:1c00233e
            18294500           18279 1c001d36 e69ff06f jal              x0, -408           
            18297500           18282 1c001b9e 00064583 lbu              x11, 0(x12)         x11=00000079 x12:1c00233e  PA:1c00233e
            18314500           18299 1c001ba2 00160493 addi             x9, x12, 1           x9=1c00233f x12:1c00233e
            18315500           18300 1c001ba6 00059e63 bne              x11, x0, 28         x11:00000079
            18318500           18303 1c001bc2 01458563 beq              x11, x20, 10        x11:00000079 x20:00000025
            18319500           18304 1c001bc6 01200533 add              x10, x0, x18        x10=00000000 x18:00000000
            18320500           18305 1c001bc8 000980e7 jalr             x1, x19, 0           x1=1c001bca x19:1c001776
            18322500           18307 1c001776 00b00533 add              x10, x0, x11        x10=00000079 x11:00000079
            18323500           18308 1c001778 fddff06f jal              x0, -36            
            18325500           18310 1c001754 000026b7 lui              x13, 0x2000         x13=00002000
            18326500           18311 1c001756 f14027f3 csrrs            x15, x0, 0xf14      x15=00000020
            18327500           18312 1c00175a f8068693 addi             x13, x13, -128      x13=00001f80 x13:00002000
            18328500           18313 1c00175e 00379713 slli             x14, x15, 0x3       x14=00000100 x15:00000020
            18329500           18314 1c001762 00279793 slli             x15, x15, 0x2       x15=00000080 x15:00000020
            18330500           18315 1c001764 ee873733 p.bclr           x14, x14, 23, 8     x14=00000000 x14:00000100
            18331500           18316 1c001768 00d7f7b3 and              x15, x15, x13       x15=00000080 x15:00000080 x13:00001f80
            18332500           18317 1c00176a 00e787b3 add              x15, x15, x14       x15=00000080 x15:00000080 x14:00000000
            18333500           18318 1c00176c 1a104737 lui              x14, 0x1a104000     x14=1a104000
            18334500           18319 1c001770 00a767a3 p.sw             x10, x0(x14)        x10:00000079 x14:1a104000  PA:1a104080
            18338500           18323 1c001774 00008067 jalr             x0, x1, 0            x1:1c001bca
            18339500           18324 1c001bca 16a0006f jal              x0, 362            
            18341500           18326 1c001d34 00900633 add              x12, x0, x9         x12=1c00233f  x9:1c00233f
            18342500           18327 1c001d36 e69ff06f jal              x0, -408           
            18345500           18330 1c001b9e 00064583 lbu              x11, 0(x12)         x11=0000002c x12:1c00233f  PA:1c00233f
            18365500           18350 1c001ba2 00160493 addi             x9, x12, 1           x9=1c002340 x12:1c00233f
            18366500           18351 1c001ba6 00059e63 bne              x11, x0, 28         x11:0000002c
            18369500           18354 1c001bc2 01458563 beq              x11, x20, 10        x11:0000002c x20:00000025
            18370500           18355 1c001bc6 01200533 add              x10, x0, x18        x10=00000000 x18:00000000
            18371500           18356 1c001bc8 000980e7 jalr             x1, x19, 0           x1=1c001bca x19:1c001776
            18373500           18358 1c001776 00b00533 add              x10, x0, x11        x10=0000002c x11:0000002c
            18374500           18359 1c001778 fddff06f jal              x0, -36            
            18376500           18361 1c001754 000026b7 lui              x13, 0x2000         x13=00002000
            18377500           18362 1c001756 f14027f3 csrrs            x15, x0, 0xf14      x15=00000020
            18378500           18363 1c00175a f8068693 addi             x13, x13, -128      x13=00001f80 x13:00002000
            18379500           18364 1c00175e 00379713 slli             x14, x15, 0x3       x14=00000100 x15:00000020
            18380500           18365 1c001762 00279793 slli             x15, x15, 0x2       x15=00000080 x15:00000020
            18381500           18366 1c001764 ee873733 p.bclr           x14, x14, 23, 8     x14=00000000 x14:00000100
            18382500           18367 1c001768 00d7f7b3 and              x15, x15, x13       x15=00000080 x15:00000080 x13:00001f80
            18383500           18368 1c00176a 00e787b3 add              x15, x15, x14       x15=00000080 x15:00000080 x14:00000000
            18384500           18369 1c00176c 1a104737 lui              x14, 0x1a104000     x14=1a104000
            18385500           18370 1c001770 00a767a3 p.sw             x10, x0(x14)        x10:0000002c x14:1a104000  PA:1a104080
            18389500           18374 1c001774 00008067 jalr             x0, x1, 0            x1:1c001bca
            18390500           18375 1c001bca 16a0006f jal              x0, 362            
            18392500           18377 1c001d34 00900633 add              x12, x0, x9         x12=1c002340  x9:1c002340
            18393500           18378 1c001d36 e69ff06f jal              x0, -408           
            18396500           18381 1c001b9e 00064583 lbu              x11, 0(x12)         x11=00000020 x12:1c002340  PA:1c002340
            18410500           18395 1c001ba2 00160493 addi             x9, x12, 1           x9=1c002341 x12:1c002340
            18411500           18396 1c001ba6 00059e63 bne              x11, x0, 28         x11:00000020
            18414500           18399 1c001bc2 01458563 beq              x11, x20, 10        x11:00000020 x20:00000025
            18415500           18400 1c001bc6 01200533 add              x10, x0, x18        x10=00000000 x18:00000000
            18416500           18401 1c001bc8 000980e7 jalr             x1, x19, 0           x1=1c001bca x19:1c001776
            18418500           18403 1c001776 00b00533 add              x10, x0, x11        x10=00000020 x11:00000020
            18419500           18404 1c001778 fddff06f jal              x0, -36            
            18421500           18406 1c001754 000026b7 lui              x13, 0x2000         x13=00002000
            18422500           18407 1c001756 f14027f3 csrrs            x15, x0, 0xf14      x15=00000020
            18423500           18408 1c00175a f8068693 addi             x13, x13, -128      x13=00001f80 x13:00002000
            18424500           18409 1c00175e 00379713 slli             x14, x15, 0x3       x14=00000100 x15:00000020
            18425500           18410 1c001762 00279793 slli             x15, x15, 0x2       x15=00000080 x15:00000020
            18426500           18411 1c001764 ee873733 p.bclr           x14, x14, 23, 8     x14=00000000 x14:00000100
            18427500           18412 1c001768 00d7f7b3 and              x15, x15, x13       x15=00000080 x15:00000080 x13:00001f80
            18428500           18413 1c00176a 00e787b3 add              x15, x15, x14       x15=00000080 x15:00000080 x14:00000000
            18429500           18414 1c00176c 1a104737 lui              x14, 0x1a104000     x14=1a104000
            18430500           18415 1c001770 00a767a3 p.sw             x10, x0(x14)        x10:00000020 x14:1a104000  PA:1a104080
            18434500           18419 1c001774 00008067 jalr             x0, x1, 0            x1:1c001bca
            18435500           18420 1c001bca 16a0006f jal              x0, 362            
            18437500           18422 1c001d34 00900633 add              x12, x0, x9         x12=1c002341  x9:1c002341
            18438500           18423 1c001d36 e69ff06f jal              x0, -408           
            18441500           18426 1c001b9e 00064583 lbu              x11, 0(x12)         x11=00000049 x12:1c002341  PA:1c002341
            18458500           18443 1c001ba2 00160493 addi             x9, x12, 1           x9=1c002342 x12:1c002341
            18459500           18444 1c001ba6 00059e63 bne              x11, x0, 28         x11:00000049
            18462500           18447 1c001bc2 01458563 beq              x11, x20, 10        x11:00000049 x20:00000025
            18463500           18448 1c001bc6 01200533 add              x10, x0, x18        x10=00000000 x18:00000000
            18464500           18449 1c001bc8 000980e7 jalr             x1, x19, 0           x1=1c001bca x19:1c001776
            18466500           18451 1c001776 00b00533 add              x10, x0, x11        x10=00000049 x11:00000049
            18467500           18452 1c001778 fddff06f jal              x0, -36            
            18469500           18454 1c001754 000026b7 lui              x13, 0x2000         x13=00002000
            18470500           18455 1c001756 f14027f3 csrrs            x15, x0, 0xf14      x15=00000020
            18471500           18456 1c00175a f8068693 addi             x13, x13, -128      x13=00001f80 x13:00002000
            18472500           18457 1c00175e 00379713 slli             x14, x15, 0x3       x14=00000100 x15:00000020
            18473500           18458 1c001762 00279793 slli             x15, x15, 0x2       x15=00000080 x15:00000020
            18474500           18459 1c001764 ee873733 p.bclr           x14, x14, 23, 8     x14=00000000 x14:00000100
            18475500           18460 1c001768 00d7f7b3 and              x15, x15, x13       x15=00000080 x15:00000080 x13:00001f80
            18476500           18461 1c00176a 00e787b3 add              x15, x15, x14       x15=00000080 x15:00000080 x14:00000000
            18477500           18462 1c00176c 1a104737 lui              x14, 0x1a104000     x14=1a104000
            18478500           18463 1c001770 00a767a3 p.sw             x10, x0(x14)        x10:00000049 x14:1a104000  PA:1a104080
            18482500           18467 1c001774 00008067 jalr             x0, x1, 0            x1:1c001bca
            18483500           18468 1c001bca 16a0006f jal              x0, 362            
            18485500           18470 1c001d34 00900633 add              x12, x0, x9         x12=1c002342  x9:1c002342
            18486500           18471 1c001d36 e69ff06f jal              x0, -408           
            18489500           18474 1c001b9e 00064583 lbu              x11, 0(x12)         x11=00000027 x12:1c002342  PA:1c002342
            18503500           18488 1c001ba2 00160493 addi             x9, x12, 1           x9=1c002343 x12:1c002342
            18504500           18489 1c001ba6 00059e63 bne              x11, x0, 28         x11:00000027
            18507500           18492 1c001bc2 01458563 beq              x11, x20, 10        x11:00000027 x20:00000025
            18508500           18493 1c001bc6 01200533 add              x10, x0, x18        x10=00000000 x18:00000000
            18509500           18494 1c001bc8 000980e7 jalr             x1, x19, 0           x1=1c001bca x19:1c001776
            18511500           18496 1c001776 00b00533 add              x10, x0, x11        x10=00000027 x11:00000027
            18512500           18497 1c001778 fddff06f jal              x0, -36            
            18514500           18499 1c001754 000026b7 lui              x13, 0x2000         x13=00002000
            18515500           18500 1c001756 f14027f3 csrrs            x15, x0, 0xf14      x15=00000020
            18516500           18501 1c00175a f8068693 addi             x13, x13, -128      x13=00001f80 x13:00002000
            18517500           18502 1c00175e 00379713 slli             x14, x15, 0x3       x14=00000100 x15:00000020
            18518500           18503 1c001762 00279793 slli             x15, x15, 0x2       x15=00000080 x15:00000020
            18519500           18504 1c001764 ee873733 p.bclr           x14, x14, 23, 8     x14=00000000 x14:00000100
            18520500           18505 1c001768 00d7f7b3 and              x15, x15, x13       x15=00000080 x15:00000080 x13:00001f80
            18521500           18506 1c00176a 00e787b3 add              x15, x15, x14       x15=00000080 x15:00000080 x14:00000000
            18522500           18507 1c00176c 1a104737 lui              x14, 0x1a104000     x14=1a104000
            18523500           18508 1c001770 00a767a3 p.sw             x10, x0(x14)        x10:00000027 x14:1a104000  PA:1a104080
            18527500           18512 1c001774 00008067 jalr             x0, x1, 0            x1:1c001bca
            18528500           18513 1c001bca 16a0006f jal              x0, 362            
            18530500           18515 1c001d34 00900633 add              x12, x0, x9         x12=1c002343  x9:1c002343
            18531500           18516 1c001d36 e69ff06f jal              x0, -408           
            18534500           18519 1c001b9e 00064583 lbu              x11, 0(x12)         x11=0000006d x12:1c002343  PA:1c002343
            18549500           18534 1c001ba2 00160493 addi             x9, x12, 1           x9=1c002344 x12:1c002343
            18550500           18535 1c001ba6 00059e63 bne              x11, x0, 28         x11:0000006d
            18553500           18538 1c001bc2 01458563 beq              x11, x20, 10        x11:0000006d x20:00000025
            18554500           18539 1c001bc6 01200533 add              x10, x0, x18        x10=00000000 x18:00000000
            18555500           18540 1c001bc8 000980e7 jalr             x1, x19, 0           x1=1c001bca x19:1c001776
            18557500           18542 1c001776 00b00533 add              x10, x0, x11        x10=0000006d x11:0000006d
            18558500           18543 1c001778 fddff06f jal              x0, -36            
            18560500           18545 1c001754 000026b7 lui              x13, 0x2000         x13=00002000
            18561500           18546 1c001756 f14027f3 csrrs            x15, x0, 0xf14      x15=00000020
            18562500           18547 1c00175a f8068693 addi             x13, x13, -128      x13=00001f80 x13:00002000
            18563500           18548 1c00175e 00379713 slli             x14, x15, 0x3       x14=00000100 x15:00000020
            18564500           18549 1c001762 00279793 slli             x15, x15, 0x2       x15=00000080 x15:00000020
            18565500           18550 1c001764 ee873733 p.bclr           x14, x14, 23, 8     x14=00000000 x14:00000100
            18566500           18551 1c001768 00d7f7b3 and              x15, x15, x13       x15=00000080 x15:00000080 x13:00001f80
            18567500           18552 1c00176a 00e787b3 add              x15, x15, x14       x15=00000080 x15:00000080 x14:00000000
            18568500           18553 1c00176c 1a104737 lui              x14, 0x1a104000     x14=1a104000
            18569500           18554 1c001770 00a767a3 p.sw             x10, x0(x14)        x10:0000006d x14:1a104000  PA:1a104080
            18573500           18558 1c001774 00008067 jalr             x0, x1, 0            x1:1c001bca
            18574500           18559 1c001bca 16a0006f jal              x0, 362            
            18576500           18561 1c001d34 00900633 add              x12, x0, x9         x12=1c002344  x9:1c002344
            18577500           18562 1c001d36 e69ff06f jal              x0, -408           
            18580500           18565 1c001b9e 00064583 lbu              x11, 0(x12)         x11=00000020 x12:1c002344  PA:1c002344
            18595500           18580 1c001ba2 00160493 addi             x9, x12, 1           x9=1c002345 x12:1c002344
            18596500           18581 1c001ba6 00059e63 bne              x11, x0, 28         x11:00000020
            18599500           18584 1c001bc2 01458563 beq              x11, x20, 10        x11:00000020 x20:00000025
            18600500           18585 1c001bc6 01200533 add              x10, x0, x18        x10=00000000 x18:00000000
            18601500           18586 1c001bc8 000980e7 jalr             x1, x19, 0           x1=1c001bca x19:1c001776
            18603500           18588 1c001776 00b00533 add              x10, x0, x11        x10=00000020 x11:00000020
            18604500           18589 1c001778 fddff06f jal              x0, -36            
            18606500           18591 1c001754 000026b7 lui              x13, 0x2000         x13=00002000
            18607500           18592 1c001756 f14027f3 csrrs            x15, x0, 0xf14      x15=00000020
            18608500           18593 1c00175a f8068693 addi             x13, x13, -128      x13=00001f80 x13:00002000
            18609500           18594 1c00175e 00379713 slli             x14, x15, 0x3       x14=00000100 x15:00000020
            18610500           18595 1c001762 00279793 slli             x15, x15, 0x2       x15=00000080 x15:00000020
            18611500           18596 1c001764 ee873733 p.bclr           x14, x14, 23, 8     x14=00000000 x14:00000100
            18612500           18597 1c001768 00d7f7b3 and              x15, x15, x13       x15=00000080 x15:00000080 x13:00001f80
            18613500           18598 1c00176a 00e787b3 add              x15, x15, x14       x15=00000080 x15:00000080 x14:00000000
            18614500           18599 1c00176c 1a104737 lui              x14, 0x1a104000     x14=1a104000
            18615500           18600 1c001770 00a767a3 p.sw             x10, x0(x14)        x10:00000020 x14:1a104000  PA:1a104080
            18619500           18604 1c001774 00008067 jalr             x0, x1, 0            x1:1c001bca
            18620500           18605 1c001bca 16a0006f jal              x0, 362            
            18622500           18607 1c001d34 00900633 add              x12, x0, x9         x12=1c002345  x9:1c002345
            18623500           18608 1c001d36 e69ff06f jal              x0, -408           
            18626500           18611 1c001b9e 00064583 lbu              x11, 0(x12)         x11=00000063 x12:1c002345  PA:1c002345
            18641500           18626 1c001ba2 00160493 addi             x9, x12, 1           x9=1c002346 x12:1c002345
            18642500           18627 1c001ba6 00059e63 bne              x11, x0, 28         x11:00000063
            18645500           18630 1c001bc2 01458563 beq              x11, x20, 10        x11:00000063 x20:00000025
            18646500           18631 1c001bc6 01200533 add              x10, x0, x18        x10=00000000 x18:00000000
            18647500           18632 1c001bc8 000980e7 jalr             x1, x19, 0           x1=1c001bca x19:1c001776
            18649500           18634 1c001776 00b00533 add              x10, x0, x11        x10=00000063 x11:00000063
            18650500           18635 1c001778 fddff06f jal              x0, -36            
            18652500           18637 1c001754 000026b7 lui              x13, 0x2000         x13=00002000
            18653500           18638 1c001756 f14027f3 csrrs            x15, x0, 0xf14      x15=00000020
            18654500           18639 1c00175a f8068693 addi             x13, x13, -128      x13=00001f80 x13:00002000
            18655500           18640 1c00175e 00379713 slli             x14, x15, 0x3       x14=00000100 x15:00000020
            18656500           18641 1c001762 00279793 slli             x15, x15, 0x2       x15=00000080 x15:00000020
            18657500           18642 1c001764 ee873733 p.bclr           x14, x14, 23, 8     x14=00000000 x14:00000100
            18658500           18643 1c001768 00d7f7b3 and              x15, x15, x13       x15=00000080 x15:00000080 x13:00001f80
            18659500           18644 1c00176a 00e787b3 add              x15, x15, x14       x15=00000080 x15:00000080 x14:00000000
            18660500           18645 1c00176c 1a104737 lui              x14, 0x1a104000     x14=1a104000
            18661500           18646 1c001770 00a767a3 p.sw             x10, x0(x14)        x10:00000063 x14:1a104000  PA:1a104080
            18665500           18650 1c001774 00008067 jalr             x0, x1, 0            x1:1c001bca
            18666500           18651 1c001bca 16a0006f jal              x0, 362            
            18668500           18653 1c001d34 00900633 add              x12, x0, x9         x12=1c002346  x9:1c002346
            18669500           18654 1c001d36 e69ff06f jal              x0, -408           
            18672500           18657 1c001b9e 00064583 lbu              x11, 0(x12)         x11=0000006f x12:1c002346  PA:1c002346
            18687500           18672 1c001ba2 00160493 addi             x9, x12, 1           x9=1c002347 x12:1c002346
            18688500           18673 1c001ba6 00059e63 bne              x11, x0, 28         x11:0000006f
            18691500           18676 1c001bc2 01458563 beq              x11, x20, 10        x11:0000006f x20:00000025
            18692500           18677 1c001bc6 01200533 add              x10, x0, x18        x10=00000000 x18:00000000
            18693500           18678 1c001bc8 000980e7 jalr             x1, x19, 0           x1=1c001bca x19:1c001776
            18695500           18680 1c001776 00b00533 add              x10, x0, x11        x10=0000006f x11:0000006f
            18696500           18681 1c001778 fddff06f jal              x0, -36            
            18698500           18683 1c001754 000026b7 lui              x13, 0x2000         x13=00002000
            18699500           18684 1c001756 f14027f3 csrrs            x15, x0, 0xf14      x15=00000020
            18700500           18685 1c00175a f8068693 addi             x13, x13, -128      x13=00001f80 x13:00002000
            18701500           18686 1c00175e 00379713 slli             x14, x15, 0x3       x14=00000100 x15:00000020
            18702500           18687 1c001762 00279793 slli             x15, x15, 0x2       x15=00000080 x15:00000020
            18703500           18688 1c001764 ee873733 p.bclr           x14, x14, 23, 8     x14=00000000 x14:00000100
            18704500           18689 1c001768 00d7f7b3 and              x15, x15, x13       x15=00000080 x15:00000080 x13:00001f80
            18705500           18690 1c00176a 00e787b3 add              x15, x15, x14       x15=00000080 x15:00000080 x14:00000000
            18706500           18691 1c00176c 1a104737 lui              x14, 0x1a104000     x14=1a104000
            18707500           18692 1c001770 00a767a3 p.sw             x10, x0(x14)        x10:0000006f x14:1a104000  PA:1a104080
            18711500           18696 1c001774 00008067 jalr             x0, x1, 0            x1:1c001bca
            18712500           18697 1c001bca 16a0006f jal              x0, 362            
            18714500           18699 1c001d34 00900633 add              x12, x0, x9         x12=1c002347  x9:1c002347
            18715500           18700 1c001d36 e69ff06f jal              x0, -408           
            18718500           18703 1c001b9e 00064583 lbu              x11, 0(x12)         x11=00000072 x12:1c002347  PA:1c002347
            18734500           18719 1c001ba2 00160493 addi             x9, x12, 1           x9=1c002348 x12:1c002347
            18735500           18720 1c001ba6 00059e63 bne              x11, x0, 28         x11:00000072
            18738500           18723 1c001bc2 01458563 beq              x11, x20, 10        x11:00000072 x20:00000025
            18739500           18724 1c001bc6 01200533 add              x10, x0, x18        x10=00000000 x18:00000000
            18740500           18725 1c001bc8 000980e7 jalr             x1, x19, 0           x1=1c001bca x19:1c001776
            18742500           18727 1c001776 00b00533 add              x10, x0, x11        x10=00000072 x11:00000072
            18743500           18728 1c001778 fddff06f jal              x0, -36            
            18745500           18730 1c001754 000026b7 lui              x13, 0x2000         x13=00002000
            18746500           18731 1c001756 f14027f3 csrrs            x15, x0, 0xf14      x15=00000020
            18747500           18732 1c00175a f8068693 addi             x13, x13, -128      x13=00001f80 x13:00002000
            18748500           18733 1c00175e 00379713 slli             x14, x15, 0x3       x14=00000100 x15:00000020
            18749500           18734 1c001762 00279793 slli             x15, x15, 0x2       x15=00000080 x15:00000020
            18750500           18735 1c001764 ee873733 p.bclr           x14, x14, 23, 8     x14=00000000 x14:00000100
            18751500           18736 1c001768 00d7f7b3 and              x15, x15, x13       x15=00000080 x15:00000080 x13:00001f80
            18752500           18737 1c00176a 00e787b3 add              x15, x15, x14       x15=00000080 x15:00000080 x14:00000000
            18753500           18738 1c00176c 1a104737 lui              x14, 0x1a104000     x14=1a104000
            18754500           18739 1c001770 00a767a3 p.sw             x10, x0(x14)        x10:00000072 x14:1a104000  PA:1a104080
            18758500           18743 1c001774 00008067 jalr             x0, x1, 0            x1:1c001bca
            18759500           18744 1c001bca 16a0006f jal              x0, 362            
            18761500           18746 1c001d34 00900633 add              x12, x0, x9         x12=1c002348  x9:1c002348
            18762500           18747 1c001d36 e69ff06f jal              x0, -408           
            18765500           18750 1c001b9e 00064583 lbu              x11, 0(x12)         x11=00000065 x12:1c002348  PA:1c002348
            18780500           18765 1c001ba2 00160493 addi             x9, x12, 1           x9=1c002349 x12:1c002348
            18781500           18766 1c001ba6 00059e63 bne              x11, x0, 28         x11:00000065
            18784500           18769 1c001bc2 01458563 beq              x11, x20, 10        x11:00000065 x20:00000025
            18785500           18770 1c001bc6 01200533 add              x10, x0, x18        x10=00000000 x18:00000000
            18786500           18771 1c001bc8 000980e7 jalr             x1, x19, 0           x1=1c001bca x19:1c001776
            18788500           18773 1c001776 00b00533 add              x10, x0, x11        x10=00000065 x11:00000065
            18789500           18774 1c001778 fddff06f jal              x0, -36            
            18791500           18776 1c001754 000026b7 lui              x13, 0x2000         x13=00002000
            18792500           18777 1c001756 f14027f3 csrrs            x15, x0, 0xf14      x15=00000020
            18793500           18778 1c00175a f8068693 addi             x13, x13, -128      x13=00001f80 x13:00002000
            18794500           18779 1c00175e 00379713 slli             x14, x15, 0x3       x14=00000100 x15:00000020
            18795500           18780 1c001762 00279793 slli             x15, x15, 0x2       x15=00000080 x15:00000020
            18796500           18781 1c001764 ee873733 p.bclr           x14, x14, 23, 8     x14=00000000 x14:00000100
            18797500           18782 1c001768 00d7f7b3 and              x15, x15, x13       x15=00000080 x15:00000080 x13:00001f80
            18798500           18783 1c00176a 00e787b3 add              x15, x15, x14       x15=00000080 x15:00000080 x14:00000000
            18799500           18784 1c00176c 1a104737 lui              x14, 0x1a104000     x14=1a104000
            18800500           18785 1c001770 00a767a3 p.sw             x10, x0(x14)        x10:00000065 x14:1a104000  PA:1a104080
            18804500           18789 1c001774 00008067 jalr             x0, x1, 0            x1:1c001bca
            18805500           18790 1c001bca 16a0006f jal              x0, 362            
            18807500           18792 1c001d34 00900633 add              x12, x0, x9         x12=1c002349  x9:1c002349
            18808500           18793 1c001d36 e69ff06f jal              x0, -408           
            18811500           18796 1c001b9e 00064583 lbu              x11, 0(x12)         x11=00000020 x12:1c002349  PA:1c002349
            18828500           18813 1c001ba2 00160493 addi             x9, x12, 1           x9=1c00234a x12:1c002349
            18829500           18814 1c001ba6 00059e63 bne              x11, x0, 28         x11:00000020
            18832500           18817 1c001bc2 01458563 beq              x11, x20, 10        x11:00000020 x20:00000025
            18833500           18818 1c001bc6 01200533 add              x10, x0, x18        x10=00000000 x18:00000000
            18834500           18819 1c001bc8 000980e7 jalr             x1, x19, 0           x1=1c001bca x19:1c001776
            18836500           18821 1c001776 00b00533 add              x10, x0, x11        x10=00000020 x11:00000020
            18837500           18822 1c001778 fddff06f jal              x0, -36            
            18839500           18824 1c001754 000026b7 lui              x13, 0x2000         x13=00002000
            18840500           18825 1c001756 f14027f3 csrrs            x15, x0, 0xf14      x15=00000020
            18841500           18826 1c00175a f8068693 addi             x13, x13, -128      x13=00001f80 x13:00002000
            18842500           18827 1c00175e 00379713 slli             x14, x15, 0x3       x14=00000100 x15:00000020
            18843500           18828 1c001762 00279793 slli             x15, x15, 0x2       x15=00000080 x15:00000020
            18844500           18829 1c001764 ee873733 p.bclr           x14, x14, 23, 8     x14=00000000 x14:00000100
            18845500           18830 1c001768 00d7f7b3 and              x15, x15, x13       x15=00000080 x15:00000080 x13:00001f80
            18846500           18831 1c00176a 00e787b3 add              x15, x15, x14       x15=00000080 x15:00000080 x14:00000000
            18847500           18832 1c00176c 1a104737 lui              x14, 0x1a104000     x14=1a104000
            18848500           18833 1c001770 00a767a3 p.sw             x10, x0(x14)        x10:00000020 x14:1a104000  PA:1a104080
            18852500           18837 1c001774 00008067 jalr             x0, x1, 0            x1:1c001bca
            18853500           18838 1c001bca 16a0006f jal              x0, 362            
            18855500           18840 1c001d34 00900633 add              x12, x0, x9         x12=1c00234a  x9:1c00234a
            18856500           18841 1c001d36 e69ff06f jal              x0, -408           
            18859500           18844 1c001b9e 00064583 lbu              x11, 0(x12)         x11=00000028 x12:1c00234a  PA:1c00234a
            18875500           18860 1c001ba2 00160493 addi             x9, x12, 1           x9=1c00234b x12:1c00234a
            18876500           18861 1c001ba6 00059e63 bne              x11, x0, 28         x11:00000028
            18879500           18864 1c001bc2 01458563 beq              x11, x20, 10        x11:00000028 x20:00000025
            18880500           18865 1c001bc6 01200533 add              x10, x0, x18        x10=00000000 x18:00000000
            18881500           18866 1c001bc8 000980e7 jalr             x1, x19, 0           x1=1c001bca x19:1c001776
            18883500           18868 1c001776 00b00533 add              x10, x0, x11        x10=00000028 x11:00000028
            18884500           18869 1c001778 fddff06f jal              x0, -36            
            18886500           18871 1c001754 000026b7 lui              x13, 0x2000         x13=00002000
            18887500           18872 1c001756 f14027f3 csrrs            x15, x0, 0xf14      x15=00000020
            18888500           18873 1c00175a f8068693 addi             x13, x13, -128      x13=00001f80 x13:00002000
            18889500           18874 1c00175e 00379713 slli             x14, x15, 0x3       x14=00000100 x15:00000020
            18890500           18875 1c001762 00279793 slli             x15, x15, 0x2       x15=00000080 x15:00000020
            18891500           18876 1c001764 ee873733 p.bclr           x14, x14, 23, 8     x14=00000000 x14:00000100
            18892500           18877 1c001768 00d7f7b3 and              x15, x15, x13       x15=00000080 x15:00000080 x13:00001f80
            18893500           18878 1c00176a 00e787b3 add              x15, x15, x14       x15=00000080 x15:00000080 x14:00000000
            18894500           18879 1c00176c 1a104737 lui              x14, 0x1a104000     x14=1a104000
            18895500           18880 1c001770 00a767a3 p.sw             x10, x0(x14)        x10:00000028 x14:1a104000  PA:1a104080
            18899500           18884 1c001774 00008067 jalr             x0, x1, 0            x1:1c001bca
            18900500           18885 1c001bca 16a0006f jal              x0, 362            
            18902500           18887 1c001d34 00900633 add              x12, x0, x9         x12=1c00234b  x9:1c00234b
            18903500           18888 1c001d36 e69ff06f jal              x0, -408           
            18906500           18891 1c001b9e 00064583 lbu              x11, 0(x12)         x11=00000025 x12:1c00234b  PA:1c00234b
            18922500           18907 1c001ba2 00160493 addi             x9, x12, 1           x9=1c00234c x12:1c00234b
            18923500           18908 1c001ba6 00059e63 bne              x11, x0, 28         x11:00000025
            18926500           18911 1c001bc2 01458563 beq              x11, x20, 10        x11:00000025 x20:00000025
            18929500           18914 1c001bcc 00414783 lbu              x15, 4(x2)          x15=000000xx  x2:104fe350  PA:104fe354
            18930500           18915 1c001bd0 00012423 sw               x0, 8(x2)            x2:104fe350  PA:104fe358
            18931500           18916 1c001bd2 00010623 sb               x0, 12(x2)           x2:104fe350  PA:104fe35c
            18932500           18917 1c001bd6 c00027b3 p.insert         x15, x0, 0, 0       x15=000000xX x15:000000xx
            18933500           18918 1c001bda c01027b3 p.insert         x15, x0, 0, 1       x15=000000xX x15:000000xX
            18952500           18937 1c001bde c03027b3 p.insert         x15, x0, 0, 3       x15=000000xX x15:000000xX
            18953500           18938 1c001be2 00f10223 sb               x15, 4(x2)          x15:000000xX  x2:104fe350  PA:104fe354
            18954500           18939 1c001be6 00000713 addi             x14, x0, 0          x14=00000000
            18955500           18940 1c001be8 00000613 addi             x12, x0, 0          x12=00000000
            18956500           18941 1c001bea 00000693 addi             x13, x0, 0          x13=00000000
            18957500           18942 1c001bec 00000513 addi             x10, x0, 0          x10=00000000
            18958500           18943 1c001bee 00000593 addi             x11, x0, 0          x11=00000000
            18974500           18959 1c001bf0 03000813 addi             x16, x0, 48         x16=00000030
            18975500           18960 1c001bf4 02300893 addi             x17, x0, 35         x17=00000023
            18976500           18961 1c001bf8 0004c783 lbu              x15, 0(x9)          x15=00000069  x9:1c00234c  PA:1c00234c
            19013500           18998 1c001bfc 00148c13 addi             x24, x9, 1          x24=1c00234d  x9:1c00234c
            19014500           18999 1c001c00 04079163 bne              x15, x0, 66         x15:00000069
            19021500           19006 1c001c42 01778c63 beq              x15, x23, 24        x15:00000069 x23:0000002d
            19022500           19007 1c001c46 01078663 beq              x15, x16, 12        x15:00000069 x16:00000030
            19023500           19008 1c001c4a fb179ce3 bne              x15, x17, -72       x15:00000069 x17:00000023
            19043500           19028 1c001c02 00050763 beq              x10, x0, 14         x10:00000000
            19066500           19051 1c001c10 00060763 beq              x12, x0, 14         x12:00000000
            19069500           19054 1c001c1e 00070763 beq              x14, x0, 14         x14:00000000
            19088500           19073 1c001c2c fd078713 addi             x14, x15, -48       x14=00000039 x15:00000069
            19105500           19090 1c001c30 0ff77713 andi             x14, x14, 255       x14=00000039 x14:00000039
            19106500           19091 1c001c34 00900693 addi             x13, x0, 9          x13=00000009
            19107500           19092 1c001c36 04e6eb63 bltu             x13, x14, 86        x13:00000009 x14:00000039
            19128500           19113 1c001c8c 02e00713 addi             x14, x0, 46         x14=0000002e
            19145500           19130 1c001c90 02e79163 bne              x15, x14, 34        x15:00000069 x14:0000002e
            19165500           19150 1c001cb2 07a00713 addi             x14, x0, 122        x14=0000007a
            19166500           19151 1c001cb6 04e79263 bne              x15, x14, 68        x15:00000069 x14:0000007a
            19214500           19199 1c001cfa 06c00713 addi             x14, x0, 108        x14=0000006c
            19242500           19227 1c001cfe 20e79463 bne              x15, x14, 520       x15:00000069 x14:0000006c
            19261500           19246 1c001f06 06900713 addi             x14, x0, 105        x14=00000069
            19262500           19247 1c001f0a 02e78a63 beq              x15, x14, 52        x15:00000069 x14:00000069
            19304500           19289 1c001f3e 018004b3 add              x9, x0, x24          x9=1c00234d x24:1c00234d
            19322500           19307 1c001f40 00000793 addi             x15, x0, 0          x15=00000000
            19323500           19308 1c001f42 e09ff06f jal              x0, -504           
            19345500           19330 1c001d4a 00a00713 addi             x14, x0, 10         x14=0000000a
            19346500           19331 1c001d4c 00e12823 sw               x14, 16(x2)         x14:0000000a  x2:104fe350  PA:104fe360
            19367500           19352 1c001d4e 0e27b363 p.bneimm         x15, 230            x15:00000000
            19397500           19382 1c001e34 00440c13 addi             x24, x8, 4          x24=104fe3d8  x8:104fe3d4
            19398500           19383 1c001e38 00042503 lw               x10, 0(x8)          x10=00000001  x8:104fe3d4  PA:104fe3d4
            19399500           19384 1c001e3a 0017bd63 p.bneimm         x15, 26             x15:00000000
            19453500           19438 1c001e54 00055863 bge              x10, x0, 16         x10:00000001
            19477500           19462 1c001e64 00410593 addi             x11, x2, 4          x11=104fe354  x2:104fe350
            19478500           19463 1c001e66 b99ff0ef jal              x1, -1128            x1=1c001e68
            19507500           19492 1c0019fe 0105a683 lw               x13, 16(x11)        x13=104fe368 x11:104fe354  PA:104fe364
            19527500           19512 1c001a00 00c5a703 lw               x14, 12(x11)        x14=0000000a x11:104fe354  PA:104fe360
            19528500           19513 1c001a02 00100793 addi             x15, x0, 1          x15=00000001
            19529500           19514 1c001a04 02f55633 divu             x12, x10, x15       x12=00000001 x10:00000001 x15:00000001
            19563500           19548 1c001a08 00e67863 bgeu             x12, x14, 16        x12:00000001 x14:0000000a
            19564500           19549 1c001a0c 00000613 addi             x12, x0, 0          x12=00000000
            19565500           19550 1c001a0e 00900313 addi             x6, x0, 9            x6=00000009
            19566500           19551 1c001a10 00079763 bne              x15, x0, 14         x15:00000001
            19569500           19554 1c001a1e 00c5a703 lw               x14, 12(x11)        x14=0000000a x11:104fe354  PA:104fe360
            19594500           19579 1c001a20 02f55833 divu             x16, x10, x15       x16=00000001 x10:00000001 x15:00000001
            19628500           19613 1c001a24 02f57533 remu             x10, x10, x15       x10=00000000 x10:00000001 x15:00000001
            19662500           19647 1c001a28 02e7d7b3 divu             x15, x15, x14       x15=00000000 x15:00000001 x14:0000000a
            19693500           19678 1c001a2c 00061763 bne              x12, x0, 14         x12:00000000
            19694500           19679 1c001a2e 01004663 blt              x0, x16, 12         x16:00000001
            19697500           19682 1c001a3a 03000713 addi             x14, x0, 48         x14=00000030
            19719500           19704 1c001a3e 01035c63 bge              x6, x16, 24          x6:00000009 x16:00000001
            19740500           19725 1c001a56 01070733 add              x14, x14, x16       x14=00000031 x14:00000030 x16:00000001
            19741500           19726 1c001a58 00e68023 sb               x14, 0(x13)         x14:00000031 x13:104fe368  PA:104fe368
            19742500           19727 1c001a5c 00160613 addi             x12, x12, 1         x12=00000001 x12:00000000
            19743500           19728 1c001a5e 00168693 addi             x13, x13, 1         x13=104fe369 x13:104fe368
            19760500           19745 1c001a60 fb1ff06f jal              x0, -80            
            19762500           19747 1c001a10 00079763 bne              x15, x0, 14         x15:00000000
            19763500           19748 1c001a12 00068023 sb               x0, 0(x13)          x13:104fe369  PA:104fe369
            19764500           19749 1c001a16 00008067 jalr             x0, x1, 0            x1:1c001e68
            19766500           19751 1c001e68 f17ff06f jal              x0, -234           
            19786500           19771 1c001d7e 00410613 addi             x12, x2, 4          x12=104fe354  x2:104fe350
            19806500           19791 1c001d80 013005b3 add              x11, x0, x19        x11=1c001776 x19:1c001776
            19807500           19792 1c001d82 01200533 add              x10, x0, x18        x10=00000000 x18:00000000
            19808500           19793 1c001d84 cdfff0ef jal              x1, -802             x1=1c001d86
            19810500           19795 1c001a62 fe010113 addi             x2, x2, -32          x2=104fe330  x2:104fe350
            19811500           19796 1c001a64 00812c23 sw               x8, 24(x2)           x8:104fe3d4  x2:104fe330  PA:104fe348
            19812500           19797 1c001a66 01062783 lw               x15, 16(x12)        x15=104fe368 x12:104fe354  PA:104fe364
            19813500           19798 1c001a68 00462403 lw               x8, 4(x12)           x8=00000000 x12:104fe354  PA:104fe358
            19814500           19799 1c001a6a 00912a23 sw               x9, 20(x2)           x9:1c00234d  x2:104fe330  PA:104fe344
            19815500           19800 1c001a6c 01212823 sw               x18, 16(x2)         x18:00000000  x2:104fe330  PA:104fe340
            19816500           19801 1c001a6e 01312623 sw               x19, 12(x2)         x19:1c001776  x2:104fe330  PA:104fe33c
            19835500           19820 1c001a70 00112e23 sw               x1, 28(x2)           x1:1c001d86  x2:104fe330  PA:104fe34c
            19836500           19821 1c001a72 01412423 sw               x20, 8(x2)          x20:00000025  x2:104fe330  PA:104fe338
            19837500           19822 1c001a74 00a00933 add              x18, x0, x10        x18=00000000 x10:00000000
            19838500           19823 1c001a76 00b009b3 add              x19, x0, x11        x19=1c001776 x11:1c001776
            19839500           19824 1c001a78 00c004b3 add              x9, x0, x12          x9=104fe354 x12:104fe354
            19840500           19825 1c001a7a 0017c70b p.lbu            x14, 1(x15!)        x14=00000031 x15=104fe369 x15:104fe368  PA:104fe368
            19842500           19827 1c001a7e 00070363 beq              x14, x0, 6          x14:00000031
            19862500           19847 1c001a80 08804863 blt              x0, x8, 144          x8:00000000
            19863500           19848 1c001a84 0084c783 lbu              x15, 8(x9)          x15=00000000  x9:104fe354  PA:104fe35c
            19865500           19850 1c001a88 00078263 beq              x15, x0, 4          x15:00000000
            19868500           19853 1c001a8c 0004c783 lbu              x15, 0(x9)          x15=000000xX  x9:104fe354  PA:104fe354
            19886500           19871 1c001a90 0027f713 andi             x14, x15, 2         x14=00000000 x15:000000xX
            19887500           19872 1c001a94 00070663 beq              x14, x0, 12         x14:00000000
            19906500           19891 1c001aa0 0097f793 andi             x15, x15, 9         x15=00000000 x15:000000xX
            19907500           19892 1c001aa2 00800a33 add              x20, x0, x8         x20=00000000  x8:00000000
            19908500           19893 1c001aa4 08078163 beq              x15, x0, 130        x15:00000000
            19928500           19913 1c001b26 ff404be3 blt              x0, x20, -10        x20:00000000
            19929500           19914 1c001b2a fff40793 addi             x15, x8, -1         x15=ffffffff  x8:00000000
            19951500           19936 1c001b2e 04046433 p.max            x8, x8, x0           x8=00000000  x8:00000000
            19952500           19937 1c001b32 40878433 sub              x8, x15, x8          x8=ffffffff x15:ffffffff  x8:00000000
            19953500           19938 1c001b36 f71ff06f jal              x0, -144           
            19955500           19940 1c001aa6 0084c583 lbu              x11, 8(x9)          x11=00000000  x9:104fe354  PA:104fe35c
            19957500           19942 1c001aaa 00058363 beq              x11, x0, 6          x11:00000000
            19977500           19962 1c001ab0 0004c783 lbu              x15, 0(x9)          x15=000000xX  x9:104fe354  PA:104fe354
            19979500           19964 1c001ab4 0027f793 andi             x15, x15, 2         x15=00000000 x15:000000xX
            19980500           19965 1c001ab6 02078363 beq              x15, x0, 38         x15:00000000
            20000500           19985 1c001adc 0004c783 lbu              x15, 0(x9)          x15=000000xX  x9:104fe354  PA:104fe354
            20018500           20003 1c001ae0 00800a33 add              x20, x0, x8         x20=ffffffff  x8:ffffffff
            20019500           20004 1c001ae2 fc17b7b3 p.bclr           x15, x15, 30, 1     x15=00000000 x15:000000xX
            20020500           20005 1c001ae6 06079363 bne              x15, x0, 102        x15:00000000
            20021500           20006 1c001ae8 0104aa03 lw               x20, 16(x9)         x20=104fe368  x9:104fe354  PA:104fe364
            20023500           20008 1c001aec 001a458b p.lbu            x11, 1(x20!)        x11=00000031 x20=104fe369 x20:104fe368  PA:104fe368
            20039500           20024 1c001af0 06059763 bne              x11, x0, 110        x11:00000031
            20059500           20044 1c001b5e 01200533 add              x10, x0, x18        x10=00000000 x18:00000000
            20077500           20062 1c001b60 000980e7 jalr             x1, x19, 0           x1=1c001b62 x19:1c001776
            20079500           20064 1c001776 00b00533 add              x10, x0, x11        x10=00000031 x11:00000031
            20080500           20065 1c001778 fddff06f jal              x0, -36            
            20082500           20067 1c001754 000026b7 lui              x13, 0x2000         x13=00002000
            20083500           20068 1c001756 f14027f3 csrrs            x15, x0, 0xf14      x15=00000020
            20084500           20069 1c00175a f8068693 addi             x13, x13, -128      x13=00001f80 x13:00002000
            20085500           20070 1c00175e 00379713 slli             x14, x15, 0x3       x14=00000100 x15:00000020
            20086500           20071 1c001762 00279793 slli             x15, x15, 0x2       x15=00000080 x15:00000020
            20087500           20072 1c001764 ee873733 p.bclr           x14, x14, 23, 8     x14=00000000 x14:00000100
            20088500           20073 1c001768 00d7f7b3 and              x15, x15, x13       x15=00000080 x15:00000080 x13:00001f80
            20089500           20074 1c00176a 00e787b3 add              x15, x15, x14       x15=00000080 x15:00000080 x14:00000000
            20090500           20075 1c00176c 1a104737 lui              x14, 0x1a104000     x14=1a104000
            20091500           20076 1c001770 00a767a3 p.sw             x10, x0(x14)        x10:00000031 x14:1a104000  PA:1a104080
            20095500           20080 1c001774 00008067 jalr             x0, x1, 0            x1:1c001b62
            20096500           20081 1c001b62 f8bff06f jal              x0, -118           
            20098500           20083 1c001aec 001a458b p.lbu            x11, 1(x20!)        x11=00000000 x20=104fe36a x20:104fe369  PA:104fe369
            20100500           20085 1c001af0 06059763 bne              x11, x0, 110        x11:00000000
            20101500           20086 1c001af2 0004c783 lbu              x15, 0(x9)          x15=000000xX  x9:104fe354  PA:104fe354
            20103500           20088 1c001af6 0097f793 andi             x15, x15, 9         x15=00000000 x15:000000xX
            20104500           20089 1c001af8 0087b463 p.bneimm         x15, 8              x15:00000000
            20123500           20108 1c001b00 01c12083 lw               x1, 28(x2)           x1=1c001d86  x2:104fe330  PA:104fe34c
            20124500           20109 1c001b02 01812403 lw               x8, 24(x2)           x8=104fe3d4  x2:104fe330  PA:104fe348
            20125500           20110 1c001b04 01412483 lw               x9, 20(x2)           x9=1c00234d  x2:104fe330  PA:104fe344
            20126500           20111 1c001b06 01012903 lw               x18, 16(x2)         x18=00000000  x2:104fe330  PA:104fe340
            20127500           20112 1c001b08 00c12983 lw               x19, 12(x2)         x19=1c001776  x2:104fe330  PA:104fe33c
            20128500           20113 1c001b0a 00812a03 lw               x20, 8(x2)          x20=00000025  x2:104fe330  PA:104fe338
            20129500           20114 1c001b0c 02010113 addi             x2, x2, 32           x2=104fe350  x2:104fe330
            20130500           20115 1c001b0e 00008067 jalr             x0, x1, 0            x1:1c001d86
            20152500           20137 1c001d86 01800433 add              x8, x0, x24          x8=104fe3d8 x24:104fe3d8
            20153500           20138 1c001d88 fadff06f jal              x0, -84            
            20155500           20140 1c001d34 00900633 add              x12, x0, x9         x12=1c00234d  x9:1c00234d
            20156500           20141 1c001d36 e69ff06f jal              x0, -408           
            20159500           20144 1c001b9e 00064583 lbu              x11, 0(x12)         x11=0000002c x12:1c00234d  PA:1c00234d
            20191500           20176 1c001ba2 00160493 addi             x9, x12, 1           x9=1c00234e x12:1c00234d
            20192500           20177 1c001ba6 00059e63 bne              x11, x0, 28         x11:0000002c
            20195500           20180 1c001bc2 01458563 beq              x11, x20, 10        x11:0000002c x20:00000025
            20196500           20181 1c001bc6 01200533 add              x10, x0, x18        x10=00000000 x18:00000000
            20197500           20182 1c001bc8 000980e7 jalr             x1, x19, 0           x1=1c001bca x19:1c001776
            20199500           20184 1c001776 00b00533 add              x10, x0, x11        x10=0000002c x11:0000002c
            20200500           20185 1c001778 fddff06f jal              x0, -36            
            20202500           20187 1c001754 000026b7 lui              x13, 0x2000         x13=00002000
            20203500           20188 1c001756 f14027f3 csrrs            x15, x0, 0xf14      x15=00000020
            20204500           20189 1c00175a f8068693 addi             x13, x13, -128      x13=00001f80 x13:00002000
            20205500           20190 1c00175e 00379713 slli             x14, x15, 0x3       x14=00000100 x15:00000020
            20206500           20191 1c001762 00279793 slli             x15, x15, 0x2       x15=00000080 x15:00000020
            20207500           20192 1c001764 ee873733 p.bclr           x14, x14, 23, 8     x14=00000000 x14:00000100
            20208500           20193 1c001768 00d7f7b3 and              x15, x15, x13       x15=00000080 x15:00000080 x13:00001f80
            20209500           20194 1c00176a 00e787b3 add              x15, x15, x14       x15=00000080 x15:00000080 x14:00000000
            20210500           20195 1c00176c 1a104737 lui              x14, 0x1a104000     x14=1a104000
            20211500           20196 1c001770 00a767a3 p.sw             x10, x0(x14)        x10:0000002c x14:1a104000  PA:1a104080
            20215500           20200 1c001774 00008067 jalr             x0, x1, 0            x1:1c001bca
            20216500           20201 1c001bca 16a0006f jal              x0, 362            
            20218500           20203 1c001d34 00900633 add              x12, x0, x9         x12=1c00234e  x9:1c00234e
            20219500           20204 1c001d36 e69ff06f jal              x0, -408           
            20222500           20207 1c001b9e 00064583 lbu              x11, 0(x12)         x11=00000020 x12:1c00234e  PA:1c00234e
            20240500           20225 1c001ba2 00160493 addi             x9, x12, 1           x9=1c00234f x12:1c00234e
            20241500           20226 1c001ba6 00059e63 bne              x11, x0, 28         x11:00000020
            20244500           20229 1c001bc2 01458563 beq              x11, x20, 10        x11:00000020 x20:00000025
            20245500           20230 1c001bc6 01200533 add              x10, x0, x18        x10=00000000 x18:00000000
            20246500           20231 1c001bc8 000980e7 jalr             x1, x19, 0           x1=1c001bca x19:1c001776
            20248500           20233 1c001776 00b00533 add              x10, x0, x11        x10=00000020 x11:00000020
            20249500           20234 1c001778 fddff06f jal              x0, -36            
            20251500           20236 1c001754 000026b7 lui              x13, 0x2000         x13=00002000
            20252500           20237 1c001756 f14027f3 csrrs            x15, x0, 0xf14      x15=00000020
            20253500           20238 1c00175a f8068693 addi             x13, x13, -128      x13=00001f80 x13:00002000
            20254500           20239 1c00175e 00379713 slli             x14, x15, 0x3       x14=00000100 x15:00000020
            20255500           20240 1c001762 00279793 slli             x15, x15, 0x2       x15=00000080 x15:00000020
            20256500           20241 1c001764 ee873733 p.bclr           x14, x14, 23, 8     x14=00000000 x14:00000100
            20257500           20242 1c001768 00d7f7b3 and              x15, x15, x13       x15=00000080 x15:00000080 x13:00001f80
            20258500           20243 1c00176a 00e787b3 add              x15, x15, x14       x15=00000080 x15:00000080 x14:00000000
            20259500           20244 1c00176c 1a104737 lui              x14, 0x1a104000     x14=1a104000
            20260500           20245 1c001770 00a767a3 p.sw             x10, x0(x14)        x10:00000020 x14:1a104000  PA:1a104080
            20264500           20249 1c001774 00008067 jalr             x0, x1, 0            x1:1c001bca
            20265500           20250 1c001bca 16a0006f jal              x0, 362            
            20267500           20252 1c001d34 00900633 add              x12, x0, x9         x12=1c00234f  x9:1c00234f
            20268500           20253 1c001d36 e69ff06f jal              x0, -408           
            20271500           20256 1c001b9e 00064583 lbu              x11, 0(x12)         x11=00000025 x12:1c00234f  PA:1c00234f
            20290500           20275 1c001ba2 00160493 addi             x9, x12, 1           x9=1c002350 x12:1c00234f
            20291500           20276 1c001ba6 00059e63 bne              x11, x0, 28         x11:00000025
            20294500           20279 1c001bc2 01458563 beq              x11, x20, 10        x11:00000025 x20:00000025
            20297500           20282 1c001bcc 00414783 lbu              x15, 4(x2)          x15=000000xX  x2:104fe350  PA:104fe354
            20298500           20283 1c001bd0 00012423 sw               x0, 8(x2)            x2:104fe350  PA:104fe358
            20299500           20284 1c001bd2 00010623 sb               x0, 12(x2)           x2:104fe350  PA:104fe35c
            20300500           20285 1c001bd6 c00027b3 p.insert         x15, x0, 0, 0       x15=000000xX x15:000000xX
            20301500           20286 1c001bda c01027b3 p.insert         x15, x0, 0, 1       x15=000000xX x15:000000xX
            20302500           20287 1c001bde c03027b3 p.insert         x15, x0, 0, 3       x15=000000xX x15:000000xX
            20303500           20288 1c001be2 00f10223 sb               x15, 4(x2)          x15:000000xX  x2:104fe350  PA:104fe354
            20304500           20289 1c001be6 00000713 addi             x14, x0, 0          x14=00000000
            20305500           20290 1c001be8 00000613 addi             x12, x0, 0          x12=00000000
            20306500           20291 1c001bea 00000693 addi             x13, x0, 0          x13=00000000
            20307500           20292 1c001bec 00000513 addi             x10, x0, 0          x10=00000000
            20308500           20293 1c001bee 00000593 addi             x11, x0, 0          x11=00000000
            20309500           20294 1c001bf0 03000813 addi             x16, x0, 48         x16=00000030
            20310500           20295 1c001bf4 02300893 addi             x17, x0, 35         x17=00000023
            20311500           20296 1c001bf8 0004c783 lbu              x15, 0(x9)          x15=00000069  x9:1c002350  PA:1c002350
            20326500           20311 1c001bfc 00148c13 addi             x24, x9, 1          x24=1c002351  x9:1c002350
            20327500           20312 1c001c00 04079163 bne              x15, x0, 66         x15:00000069
            20330500           20315 1c001c42 01778c63 beq              x15, x23, 24        x15:00000069 x23:0000002d
            20331500           20316 1c001c46 01078663 beq              x15, x16, 12        x15:00000069 x16:00000030
            20332500           20317 1c001c4a fb179ce3 bne              x15, x17, -72       x15:00000069 x17:00000023
            20335500           20320 1c001c02 00050763 beq              x10, x0, 14         x10:00000000
            20338500           20323 1c001c10 00060763 beq              x12, x0, 14         x12:00000000
            20341500           20326 1c001c1e 00070763 beq              x14, x0, 14         x14:00000000
            20344500           20329 1c001c2c fd078713 addi             x14, x15, -48       x14=00000039 x15:00000069
            20345500           20330 1c001c30 0ff77713 andi             x14, x14, 255       x14=00000039 x14:00000039
            20346500           20331 1c001c34 00900693 addi             x13, x0, 9          x13=00000009
            20347500           20332 1c001c36 04e6eb63 bltu             x13, x14, 86        x13:00000009 x14:00000039
            20350500           20335 1c001c8c 02e00713 addi             x14, x0, 46         x14=0000002e
            20351500           20336 1c001c90 02e79163 bne              x15, x14, 34        x15:00000069 x14:0000002e
            20354500           20339 1c001cb2 07a00713 addi             x14, x0, 122        x14=0000007a
            20355500           20340 1c001cb6 04e79263 bne              x15, x14, 68        x15:00000069 x14:0000007a
            20358500           20343 1c001cfa 06c00713 addi             x14, x0, 108        x14=0000006c
            20360500           20345 1c001cfe 20e79463 bne              x15, x14, 520       x15:00000069 x14:0000006c
            20363500           20348 1c001f06 06900713 addi             x14, x0, 105        x14=00000069
            20364500           20349 1c001f0a 02e78a63 beq              x15, x14, 52        x15:00000069 x14:00000069
            20367500           20352 1c001f3e 018004b3 add              x9, x0, x24          x9=1c002351 x24:1c002351
            20368500           20353 1c001f40 00000793 addi             x15, x0, 0          x15=00000000
            20369500           20354 1c001f42 e09ff06f jal              x0, -504           
            20371500           20356 1c001d4a 00a00713 addi             x14, x0, 10         x14=0000000a
            20372500           20357 1c001d4c 00e12823 sw               x14, 16(x2)         x14:0000000a  x2:104fe350  PA:104fe360
            20373500           20358 1c001d4e 0e27b363 p.bneimm         x15, 230            x15:00000000
            20376500           20361 1c001e34 00440c13 addi             x24, x8, 4          x24=104fe3dc  x8:104fe3d8
            20377500           20362 1c001e38 00042503 lw               x10, 0(x8)          x10=00000000  x8:104fe3d8  PA:104fe3d8
            20378500           20363 1c001e3a 0017bd63 p.bneimm         x15, 26             x15:00000000
            20381500           20366 1c001e54 00055863 bge              x10, x0, 16         x10:00000000
            20384500           20369 1c001e64 00410593 addi             x11, x2, 4          x11=104fe354  x2:104fe350
            20385500           20370 1c001e66 b99ff0ef jal              x1, -1128            x1=1c001e68
            20387500           20372 1c0019fe 0105a683 lw               x13, 16(x11)        x13=104fe368 x11:104fe354  PA:104fe364
            20388500           20373 1c001a00 00c5a703 lw               x14, 12(x11)        x14=0000000a x11:104fe354  PA:104fe360
            20389500           20374 1c001a02 00100793 addi             x15, x0, 1          x15=00000001
            20390500           20375 1c001a04 02f55633 divu             x12, x10, x15       x12=00000000 x10:00000000 x15:00000001
            20424500           20409 1c001a08 00e67863 bgeu             x12, x14, 16        x12:00000000 x14:0000000a
            20425500           20410 1c001a0c 00000613 addi             x12, x0, 0          x12=00000000
            20426500           20411 1c001a0e 00900313 addi             x6, x0, 9            x6=00000009
            20427500           20412 1c001a10 00079763 bne              x15, x0, 14         x15:00000001
            20430500           20415 1c001a1e 00c5a703 lw               x14, 12(x11)        x14=0000000a x11:104fe354  PA:104fe360
            20431500           20416 1c001a20 02f55833 divu             x16, x10, x15       x16=00000000 x10:00000000 x15:00000001
            20465500           20450 1c001a24 02f57533 remu             x10, x10, x15       x10=00000000 x10:00000000 x15:00000001
            20499500           20484 1c001a28 02e7d7b3 divu             x15, x15, x14       x15=00000000 x15:00000001 x14:0000000a
            20530500           20515 1c001a2c 00061763 bne              x12, x0, 14         x12:00000000
            20531500           20516 1c001a2e 01004663 blt              x0, x16, 12         x16:00000000
            20532500           20517 1c001a32 fc079fe3 bne              x15, x0, -34        x15:00000000
            20533500           20518 1c001a34 03000713 addi             x14, x0, 48         x14=00000030
            20534500           20519 1c001a38 01e0006f jal              x0, 30             
            20536500           20521 1c001a56 01070733 add              x14, x14, x16       x14=00000030 x14:00000030 x16:00000000
            20537500           20522 1c001a58 00e68023 sb               x14, 0(x13)         x14:00000030 x13:104fe368  PA:104fe368
            20538500           20523 1c001a5c 00160613 addi             x12, x12, 1         x12=00000001 x12:00000000
            20539500           20524 1c001a5e 00168693 addi             x13, x13, 1         x13=104fe369 x13:104fe368
            20540500           20525 1c001a60 fb1ff06f jal              x0, -80            
            20542500           20527 1c001a10 00079763 bne              x15, x0, 14         x15:00000000
            20543500           20528 1c001a12 00068023 sb               x0, 0(x13)          x13:104fe369  PA:104fe369
            20544500           20529 1c001a16 00008067 jalr             x0, x1, 0            x1:1c001e68
            20546500           20531 1c001e68 f17ff06f jal              x0, -234           
            20548500           20533 1c001d7e 00410613 addi             x12, x2, 4          x12=104fe354  x2:104fe350
            20549500           20534 1c001d80 013005b3 add              x11, x0, x19        x11=1c001776 x19:1c001776
            20550500           20535 1c001d82 01200533 add              x10, x0, x18        x10=00000000 x18:00000000
            20551500           20536 1c001d84 cdfff0ef jal              x1, -802             x1=1c001d86
            20553500           20538 1c001a62 fe010113 addi             x2, x2, -32          x2=104fe330  x2:104fe350
            20554500           20539 1c001a64 00812c23 sw               x8, 24(x2)           x8:104fe3d8  x2:104fe330  PA:104fe348
            20555500           20540 1c001a66 01062783 lw               x15, 16(x12)        x15=104fe368 x12:104fe354  PA:104fe364
            20556500           20541 1c001a68 00462403 lw               x8, 4(x12)           x8=00000000 x12:104fe354  PA:104fe358
            20557500           20542 1c001a6a 00912a23 sw               x9, 20(x2)           x9:1c002351  x2:104fe330  PA:104fe344
            20558500           20543 1c001a6c 01212823 sw               x18, 16(x2)         x18:00000000  x2:104fe330  PA:104fe340
            20559500           20544 1c001a6e 01312623 sw               x19, 12(x2)         x19:1c001776  x2:104fe330  PA:104fe33c
            20560500           20545 1c001a70 00112e23 sw               x1, 28(x2)           x1:1c001d86  x2:104fe330  PA:104fe34c
            20561500           20546 1c001a72 01412423 sw               x20, 8(x2)          x20:00000025  x2:104fe330  PA:104fe338
            20562500           20547 1c001a74 00a00933 add              x18, x0, x10        x18=00000000 x10:00000000
            20563500           20548 1c001a76 00b009b3 add              x19, x0, x11        x19=1c001776 x11:1c001776
            20564500           20549 1c001a78 00c004b3 add              x9, x0, x12          x9=104fe354 x12:104fe354
            20565500           20550 1c001a7a 0017c70b p.lbu            x14, 1(x15!)        x14=00000030 x15=104fe369 x15:104fe368  PA:104fe368
            20567500           20552 1c001a7e 00070363 beq              x14, x0, 6          x14:00000030
            20568500           20553 1c001a80 08804863 blt              x0, x8, 144          x8:00000000
            20569500           20554 1c001a84 0084c783 lbu              x15, 8(x9)          x15=00000000  x9:104fe354  PA:104fe35c
            20571500           20556 1c001a88 00078263 beq              x15, x0, 4          x15:00000000
            20574500           20559 1c001a8c 0004c783 lbu              x15, 0(x9)          x15=000000xX  x9:104fe354  PA:104fe354
            20576500           20561 1c001a90 0027f713 andi             x14, x15, 2         x14=00000000 x15:000000xX
            20577500           20562 1c001a94 00070663 beq              x14, x0, 12         x14:00000000
            20580500           20565 1c001aa0 0097f793 andi             x15, x15, 9         x15=00000000 x15:000000xX
            20581500           20566 1c001aa2 00800a33 add              x20, x0, x8         x20=00000000  x8:00000000
            20582500           20567 1c001aa4 08078163 beq              x15, x0, 130        x15:00000000
            20585500           20570 1c001b26 ff404be3 blt              x0, x20, -10        x20:00000000
            20586500           20571 1c001b2a fff40793 addi             x15, x8, -1         x15=ffffffff  x8:00000000
            20587500           20572 1c001b2e 04046433 p.max            x8, x8, x0           x8=00000000  x8:00000000
            20588500           20573 1c001b32 40878433 sub              x8, x15, x8          x8=ffffffff x15:ffffffff  x8:00000000
            20589500           20574 1c001b36 f71ff06f jal              x0, -144           
            20591500           20576 1c001aa6 0084c583 lbu              x11, 8(x9)          x11=00000000  x9:104fe354  PA:104fe35c
            20593500           20578 1c001aaa 00058363 beq              x11, x0, 6          x11:00000000
            20596500           20581 1c001ab0 0004c783 lbu              x15, 0(x9)          x15=000000xX  x9:104fe354  PA:104fe354
            20598500           20583 1c001ab4 0027f793 andi             x15, x15, 2         x15=00000000 x15:000000xX
            20599500           20584 1c001ab6 02078363 beq              x15, x0, 38         x15:00000000
            20602500           20587 1c001adc 0004c783 lbu              x15, 0(x9)          x15=000000xX  x9:104fe354  PA:104fe354
            20603500           20588 1c001ae0 00800a33 add              x20, x0, x8         x20=ffffffff  x8:ffffffff
            20604500           20589 1c001ae2 fc17b7b3 p.bclr           x15, x15, 30, 1     x15=00000000 x15:000000xX
            20605500           20590 1c001ae6 06079363 bne              x15, x0, 102        x15:00000000
            20606500           20591 1c001ae8 0104aa03 lw               x20, 16(x9)         x20=104fe368  x9:104fe354  PA:104fe364
            20608500           20593 1c001aec 001a458b p.lbu            x11, 1(x20!)        x11=00000030 x20=104fe369 x20:104fe368  PA:104fe368
            20610500           20595 1c001af0 06059763 bne              x11, x0, 110        x11:00000030
            20613500           20598 1c001b5e 01200533 add              x10, x0, x18        x10=00000000 x18:00000000
            20614500           20599 1c001b60 000980e7 jalr             x1, x19, 0           x1=1c001b62 x19:1c001776
            20616500           20601 1c001776 00b00533 add              x10, x0, x11        x10=00000030 x11:00000030
            20617500           20602 1c001778 fddff06f jal              x0, -36            
            20619500           20604 1c001754 000026b7 lui              x13, 0x2000         x13=00002000
            20620500           20605 1c001756 f14027f3 csrrs            x15, x0, 0xf14      x15=00000020
            20621500           20606 1c00175a f8068693 addi             x13, x13, -128      x13=00001f80 x13:00002000
            20622500           20607 1c00175e 00379713 slli             x14, x15, 0x3       x14=00000100 x15:00000020
            20623500           20608 1c001762 00279793 slli             x15, x15, 0x2       x15=00000080 x15:00000020
            20624500           20609 1c001764 ee873733 p.bclr           x14, x14, 23, 8     x14=00000000 x14:00000100
            20625500           20610 1c001768 00d7f7b3 and              x15, x15, x13       x15=00000080 x15:00000080 x13:00001f80
            20626500           20611 1c00176a 00e787b3 add              x15, x15, x14       x15=00000080 x15:00000080 x14:00000000
            20627500           20612 1c00176c 1a104737 lui              x14, 0x1a104000     x14=1a104000
            20628500           20613 1c001770 00a767a3 p.sw             x10, x0(x14)        x10:00000030 x14:1a104000  PA:1a104080
            20632500           20617 1c001774 00008067 jalr             x0, x1, 0            x1:1c001b62
            20633500           20618 1c001b62 f8bff06f jal              x0, -118           
            20635500           20620 1c001aec 001a458b p.lbu            x11, 1(x20!)        x11=00000000 x20=104fe36a x20:104fe369  PA:104fe369
            20637500           20622 1c001af0 06059763 bne              x11, x0, 110        x11:00000000
            20638500           20623 1c001af2 0004c783 lbu              x15, 0(x9)          x15=000000xX  x9:104fe354  PA:104fe354
            20640500           20625 1c001af6 0097f793 andi             x15, x15, 9         x15=00000000 x15:000000xX
            20641500           20626 1c001af8 0087b463 p.bneimm         x15, 8              x15:00000000
            20644500           20629 1c001b00 01c12083 lw               x1, 28(x2)           x1=1c001d86  x2:104fe330  PA:104fe34c
            20645500           20630 1c001b02 01812403 lw               x8, 24(x2)           x8=104fe3d8  x2:104fe330  PA:104fe348
            20646500           20631 1c001b04 01412483 lw               x9, 20(x2)           x9=1c002351  x2:104fe330  PA:104fe344
            20647500           20632 1c001b06 01012903 lw               x18, 16(x2)         x18=00000000  x2:104fe330  PA:104fe340
            20648500           20633 1c001b08 00c12983 lw               x19, 12(x2)         x19=1c001776  x2:104fe330  PA:104fe33c
            20649500           20634 1c001b0a 00812a03 lw               x20, 8(x2)          x20=00000025  x2:104fe330  PA:104fe338
            20650500           20635 1c001b0c 02010113 addi             x2, x2, 32           x2=104fe350  x2:104fe330
            20651500           20636 1c001b0e 00008067 jalr             x0, x1, 0            x1:1c001d86
            20653500           20638 1c001d86 01800433 add              x8, x0, x24          x8=104fe3dc x24:104fe3dc
            20654500           20639 1c001d88 fadff06f jal              x0, -84            
            20656500           20641 1c001d34 00900633 add              x12, x0, x9         x12=1c002351  x9:1c002351
            20657500           20642 1c001d36 e69ff06f jal              x0, -408           
            20660500           20645 1c001b9e 00064583 lbu              x11, 0(x12)         x11=00000029 x12:1c002351  PA:1c002351
            20688500           20673 1c001ba2 00160493 addi             x9, x12, 1           x9=1c002352 x12:1c002351
            20689500           20674 1c001ba6 00059e63 bne              x11, x0, 28         x11:00000029
            20692500           20677 1c001bc2 01458563 beq              x11, x20, 10        x11:00000029 x20:00000025
            20693500           20678 1c001bc6 01200533 add              x10, x0, x18        x10=00000000 x18:00000000
            20694500           20679 1c001bc8 000980e7 jalr             x1, x19, 0           x1=1c001bca x19:1c001776
            20696500           20681 1c001776 00b00533 add              x10, x0, x11        x10=00000029 x11:00000029
            20697500           20682 1c001778 fddff06f jal              x0, -36            
            20699500           20684 1c001754 000026b7 lui              x13, 0x2000         x13=00002000
            20700500           20685 1c001756 f14027f3 csrrs            x15, x0, 0xf14      x15=00000020
            20701500           20686 1c00175a f8068693 addi             x13, x13, -128      x13=00001f80 x13:00002000
            20702500           20687 1c00175e 00379713 slli             x14, x15, 0x3       x14=00000100 x15:00000020
            20703500           20688 1c001762 00279793 slli             x15, x15, 0x2       x15=00000080 x15:00000020
            20704500           20689 1c001764 ee873733 p.bclr           x14, x14, 23, 8     x14=00000000 x14:00000100
            20705500           20690 1c001768 00d7f7b3 and              x15, x15, x13       x15=00000080 x15:00000080 x13:00001f80
            20706500           20691 1c00176a 00e787b3 add              x15, x15, x14       x15=00000080 x15:00000080 x14:00000000
            20707500           20692 1c00176c 1a104737 lui              x14, 0x1a104000     x14=1a104000
            20708500           20693 1c001770 00a767a3 p.sw             x10, x0(x14)        x10:00000029 x14:1a104000  PA:1a104080
            20712500           20697 1c001774 00008067 jalr             x0, x1, 0            x1:1c001bca
            20713500           20698 1c001bca 16a0006f jal              x0, 362            
            20715500           20700 1c001d34 00900633 add              x12, x0, x9         x12=1c002352  x9:1c002352
            20716500           20701 1c001d36 e69ff06f jal              x0, -408           
            20719500           20704 1c001b9e 00064583 lbu              x11, 0(x12)         x11=00000021 x12:1c002352  PA:1c002352
            20734500           20719 1c001ba2 00160493 addi             x9, x12, 1           x9=1c002353 x12:1c002352
            20735500           20720 1c001ba6 00059e63 bne              x11, x0, 28         x11:00000021
            20738500           20723 1c001bc2 01458563 beq              x11, x20, 10        x11:00000021 x20:00000025
            20739500           20724 1c001bc6 01200533 add              x10, x0, x18        x10=00000000 x18:00000000
            20740500           20725 1c001bc8 000980e7 jalr             x1, x19, 0           x1=1c001bca x19:1c001776
            20742500           20727 1c001776 00b00533 add              x10, x0, x11        x10=00000021 x11:00000021
            20743500           20728 1c001778 fddff06f jal              x0, -36            
            20745500           20730 1c001754 000026b7 lui              x13, 0x2000         x13=00002000
            20746500           20731 1c001756 f14027f3 csrrs            x15, x0, 0xf14      x15=00000020
            20747500           20732 1c00175a f8068693 addi             x13, x13, -128      x13=00001f80 x13:00002000
            20748500           20733 1c00175e 00379713 slli             x14, x15, 0x3       x14=00000100 x15:00000020
            20749500           20734 1c001762 00279793 slli             x15, x15, 0x2       x15=00000080 x15:00000020
            20750500           20735 1c001764 ee873733 p.bclr           x14, x14, 23, 8     x14=00000000 x14:00000100
            20751500           20736 1c001768 00d7f7b3 and              x15, x15, x13       x15=00000080 x15:00000080 x13:00001f80
            20752500           20737 1c00176a 00e787b3 add              x15, x15, x14       x15=00000080 x15:00000080 x14:00000000
            20753500           20738 1c00176c 1a104737 lui              x14, 0x1a104000     x14=1a104000
            20754500           20739 1c001770 00a767a3 p.sw             x10, x0(x14)        x10:00000021 x14:1a104000  PA:1a104080
            20758500           20743 1c001774 00008067 jalr             x0, x1, 0            x1:1c001bca
            20759500           20744 1c001bca 16a0006f jal              x0, 362            
            20761500           20746 1c001d34 00900633 add              x12, x0, x9         x12=1c002353  x9:1c002353
            20762500           20747 1c001d36 e69ff06f jal              x0, -408           
            20765500           20750 1c001b9e 00064583 lbu              x11, 0(x12)         x11=0000000a x12:1c002353  PA:1c002353
            20783500           20768 1c001ba2 00160493 addi             x9, x12, 1           x9=1c002354 x12:1c002353
            20784500           20769 1c001ba6 00059e63 bne              x11, x0, 28         x11:0000000a
            20787500           20772 1c001bc2 01458563 beq              x11, x20, 10        x11:0000000a x20:00000025
            20788500           20773 1c001bc6 01200533 add              x10, x0, x18        x10=00000000 x18:00000000
            20789500           20774 1c001bc8 000980e7 jalr             x1, x19, 0           x1=1c001bca x19:1c001776
            20791500           20776 1c001776 00b00533 add              x10, x0, x11        x10=0000000a x11:0000000a
            20792500           20777 1c001778 fddff06f jal              x0, -36            
            20794500           20779 1c001754 000026b7 lui              x13, 0x2000         x13=00002000
            20795500           20780 1c001756 f14027f3 csrrs            x15, x0, 0xf14      x15=00000020
            20796500           20781 1c00175a f8068693 addi             x13, x13, -128      x13=00001f80 x13:00002000
            20797500           20782 1c00175e 00379713 slli             x14, x15, 0x3       x14=00000100 x15:00000020
            20798500           20783 1c001762 00279793 slli             x15, x15, 0x2       x15=00000080 x15:00000020
            20799500           20784 1c001764 ee873733 p.bclr           x14, x14, 23, 8     x14=00000000 x14:00000100
            20800500           20785 1c001768 00d7f7b3 and              x15, x15, x13       x15=00000080 x15:00000080 x13:00001f80
            20801500           20786 1c00176a 00e787b3 add              x15, x15, x14       x15=00000080 x15:00000080 x14:00000000
            20802500           20787 1c00176c 1a104737 lui              x14, 0x1a104000     x14=1a104000
            20803500           20788 1c001770 00a767a3 p.sw             x10, x0(x14)        x10:0000000a x14:1a104000  PA:1a104080
            20807500           20792 1c001774 00008067 jalr             x0, x1, 0            x1:1c001bca
            20808500           20793 1c001bca 16a0006f jal              x0, 362            
            20810500           20795 1c001d34 00900633 add              x12, x0, x9         x12=1c002354  x9:1c002354
            20811500           20796 1c001d36 e69ff06f jal              x0, -408           
            20814500           20799 1c001b9e 00064583 lbu              x11, 0(x12)         x11=00000000 x12:1c002354  PA:1c002354
            20828500           20813 1c001ba2 00160493 addi             x9, x12, 1           x9=1c002355 x12:1c002354
            20829500           20814 1c001ba6 00059e63 bne              x11, x0, 28         x11:00000000
            20830500           20815 1c001ba8 05c12083 lw               x1, 92(x2)           x1=1c001834  x2:104fe350  PA:104fe3ac
            20831500           20816 1c001baa 05812403 lw               x8, 88(x2)           x8=00000001  x2:104fe350  PA:104fe3a8
            20832500           20817 1c001bac 05412483 lw               x9, 84(x2)           x9=1b204200  x2:104fe350  PA:104fe3a4
            20833500           20818 1c001bae 05012903 lw               x18, 80(x2)         x18=1b000008  x2:104fe350  PA:104fe3a0
            20834500           20819 1c001bb0 04c12983 lw               x19, 76(x2)         x19=1b204000  x2:104fe350  PA:104fe39c
            20835500           20820 1c001bb2 04812a03 lw               x20, 72(x2)         x20=00000002  x2:104fe350  PA:104fe398
            20836500           20821 1c001bb4 04412a83 lw               x21, 68(x2)         x21=1c00215a  x2:104fe350  PA:104fe394
            20837500           20822 1c001bb6 04012b03 lw               x22, 64(x2)         x22=100fc720  x2:104fe350  PA:104fe390
            20838500           20823 1c001bb8 03c12b83 lw               x23, 60(x2)         x23=1c2fff70  x2:104fe350  PA:104fe38c
            20839500           20824 1c001bba 03812c03 lw               x24, 56(x2)         x24=00000001  x2:104fe350  PA:104fe388
            20840500           20825 1c001bbc 03412c83 lw               x25, 52(x2)         x25=10200e04  x2:104fe350  PA:104fe384
            20841500           20826 1c001bbe 06010113 addi             x2, x2, 96           x2=104fe3b0  x2:104fe350
            20842500           20827 1c001bc0 00008067 jalr             x0, x1, 0            x1:1c001834
            20844500           20829 1c001834 01c12083 lw               x1, 28(x2)           x1=1c000a2e  x2:104fe3b0  PA:104fe3cc
            20845500           20830 1c001836 00000513 addi             x10, x0, 0          x10=00000000
            20846500           20831 1c001838 04010113 addi             x2, x2, 64           x2=104fe3f0  x2:104fe3b0
            20847500           20832 1c00183a 00008067 jalr             x0, x1, 0            x1:1c000a2e
            20850500           20835 1c000a2e 01c4e783 p.elw            x15, 28(x9)         x15=00000000  x9:1b204200  PA:1b20421c
            20859500           20844 1c000a32 1c0027b7 lui              x15, 0x1c002000     x15=1c002000
            20860500           20845 1c000a36 00241413 slli             x8, x8, 0x2          x8=00000004  x8:00000001
            20861500           20846 1c000a38 68478793 addi             x15, x15, 1668      x15=1c002684 x15:1c002000
            20862500           20847 1c000a3c 00100713 addi             x14, x0, 1          x14=00000001
            20879500           20864 1c000a3e 00e7e423 p.sw             x14, x0(x15)        x14:00000001 x15:1c002684  PA:1c002688
            20897500           20882 1c000a42 00c12083 lw               x1, 12(x2)           x1=1c00215a  x2:104fe3f0  PA:104fe3fc
            20898500           20883 1c000a44 00812403 lw               x8, 8(x2)            x8=1b000028  x2:104fe3f0  PA:104fe3f8
            20899500           20884 1c000a46 00412483 lw               x9, 4(x2)            x9=1b000048  x2:104fe3f0  PA:104fe3f4
            20900500           20885 1c000a48 01010113 addi             x2, x2, 16           x2=104fe400  x2:104fe3f0
            20901500           20886 1c000a4a 00008067 jalr             x0, x1, 0            x1:1c00215a
            20903500           20888 1c00215a 000b0a63 beq              x22, x0, 20         x22:100fc720
            20905500           20890 1c00215e 000ba283 lw               x5, 0(x23)           x5=00000000 x23:1c2fff70  PA:1c2fff70
            20920500           20905 1c002162 06029f63 bne              x5, x0, 126          x5:00000000
            20921500           20906 1c002166 016ba023 sw               x22, 0(x23)         x22:100fc720 x23:1c2fff70  PA:1c2fff70
            20939500           20924 1c00216a 018ca023 sw               x24, 0(x25)         x24:00000001 x25:10200e04  PA:10200e04
            20943500           20928 1c00216e 00042e03 lw               x28, 0(x8)          x28=00000000  x8:1b000028  PA:1b000028
            20945500           20930 1c002172 060e0063 beq              x28, x0, 96         x28:00000000
            20948500           20933 1c0021d2 0149a423 sw               x20, 8(x19)         x20:00000002 x19:1b204000  PA:1b204008
            20949500           20934 1c0021d6 03c9e003 p.elw            x0, 60(x19)         x19:1b204000  PA:1b20403c
            20954500           20939 1c0021da 0149a223 sw               x20, 4(x19)         x20:00000002 x19:1b204000  PA:1b204004
            20955500           20940 1c0021de f91ff06f jal              x0, -112           
            20958500           20943 1c00216e 00042e03 lw               x28, 0(x8)          x28=00000000  x8:1b000028  PA:1b000028
            20960500           20945 1c002172 060e0063 beq              x28, x0, 96         x28:00000000
            20963500           20948 1c0021d2 0149a423 sw               x20, 8(x19)         x20:00000002 x19:1b204000  PA:1b204008
