                Time          Cycles PC       Instr    Mnemonic
            17014500           16999 1c000080 0180006f jal              x0, 24             
            17032500           17017 1c000098 f1402573 csrrs            x10, x0, 0xf14      x10=00000061
            17033500           17018 1c00009c 01f57593 andi             x11, x10, 31        x11=00000001 x10:00000061
            17050500           17035 1c0000a0 00555513 srli             x10, x10, 0x5       x10=00000003 x10:00000061
            17051500           17036 1c0000a2 00058463 beq              x11, x0, 8          x11:00000001
            17052500           17037 1c0000a6 05a0206f jal              x0, 8282           
            17070500           17055 1c002100 000702b7 lui              x5, 0x70000          x5=00070000
            17071500           17056 1c002104 1b204337 lui              x6, 0x1b204000       x6=1b204000
            17072500           17057 1c002108 00532023 sw               x5, 0(x6)            x5:00070000  x6:1b204000  PA:1b204000
            17073500           17058 1c00210c 0e059163 bne              x11, x0, 226        x11:00000001
            17125500           17110 1c0021ee 1b204937 lui              x18, 0x1b204000     x18=1b204000
            17126500           17111 1c0021f2 f14029f3 csrrs            x19, x0, 0xf14      x19=00000061
            17127500           17112 1c0021f6 01f9f993 andi             x19, x19, 31        x19=00000001 x19:00000061
            17128500           17113 1c0021fa 00000a17 auipc            x20, 0x0            x20=1c0021fa
            17147500           17132 1c0021fe 012a0a13 addi             x20, x20, 18        x20=1c00220c x20:1c0021fa
            17148500           17133 1c002202 00000a97 auipc            x21, 0x0            x21=1c002202
            17149500           17134 1c002206 00ea8a93 addi             x21, x21, 14        x21=1c002210 x21:1c002202
            17150500           17135 1c00220a 0060006f jal              x0, 6              
            17169500           17154 1c002210 08096283 p.elw            x5, 128(x18)         x5=1c00222d x18:1b204000  PA:1b204080
            18817500           18802 1c002214 08096503 p.elw            x10, 128(x18)       x10=00000400 x18:1b204000  PA:1b204080
            18836500           18821 1c002218 0012f313 andi             x6, x5, 1            x6=00000001  x5:1c00222d
            18837500           18822 1c00221c 00031563 bne              x6, x0, 10           x6:00000001
            18862500           18847 1c002226 000a80b3 add              x1, x21, x0          x1=1c002210 x21:1c002210
            18863500           18848 1c00222a 00028067 jalr             x0, x5, 0            x5:1c00222d
            18865500           18850 1c00222c 08096283 p.elw            x5, 128(x18)         x5=10cfe400 x18:1b204000  PA:1b204080
            18895500           18880 1c002230 02a98533 mul              x10, x19, x10       x10=00000400 x19:00000001 x10:00000400
            18896500           18881 1c002234 00550133 add              x2, x10, x5          x2=10cfe800 x10:00000400  x5:10cfe400
            18897500           18882 1c002238 00008067 jalr             x0, x1, 0            x1:1c002210
            18899500           18884 1c002210 08096283 p.elw            x5, 128(x18)         x5=1c0009bc x18:1b204000  PA:1b204080
            18936500           18921 1c002214 08096503 p.elw            x10, 128(x18)       x10=00000000 x18:1b204000  PA:1b204080
            18944500           18929 1c002218 0012f313 andi             x6, x5, 1            x6=00000000  x5:1c0009bc
            18945500           18930 1c00221c 00031563 bne              x6, x0, 10           x6:00000000
            18946500           18931 1c002220 000a00b3 add              x1, x20, x0          x1=1c00220c x20:1c00220c
            18947500           18932 1c002224 00028067 jalr             x0, x5, 0            x5:1c0009bc
            18965500           18950 1c0009bc f1402673 csrrs            x12, x0, 0xf14      x12=00000061
            18986500           18971 1c0009c0 1c002537 lui              x10, 0x1c002000     x10=1c002000
            18987500           18972 1c0009c4 40565593 srai             x11, x12, 0x405     x11=00000003 x12:00000061
            18988500           18973 1c0009c8 f265b5b3 p.bclr           x11, x11, 25, 6     x11=00000003 x11:00000003
            18989500           18974 1c0009cc f4563633 p.bclr           x12, x12, 26, 5     x12=00000001 x12:00000061
            18990500           18975 1c0009d0 33c50513 addi             x10, x10, 828       x10=1c00233c x10:1c002000
            18991500           18976 1c0009d4 63d0006f jal              x0, 3644           
            19020500           19005 1c001810 fc010113 addi             x2, x2, -64          x2=10cfe7c0  x2:10cfe800
            19021500           19006 1c001812 02b12223 sw               x11, 36(x2)         x11:00000003  x2:10cfe7c0  PA:10cfe7e4
            19025500           19010 1c001814 1c0015b7 lui              x11, 0x1c001000     x11=1c001000
            19026500           19011 1c001818 02c12423 sw               x12, 40(x2)         x12:00000001  x2:10cfe7c0  PA:10cfe7e8
            19027500           19012 1c00181a 02d12623 sw               x13, 44(x2)         x13:00000000  x2:10cfe7c0  PA:10cfe7ec
            19028500           19013 1c00181c 00a00633 add              x12, x0, x10        x12=1c00233c x10:1c00233c
            19029500           19014 1c00181e 02410693 addi             x13, x2, 36         x13=10cfe7e4  x2:10cfe7c0
            19045500           19030 1c001820 00000513 addi             x10, x0, 0          x10=00000000
            19046500           19031 1c001822 77658593 addi             x11, x11, 1910      x11=1c001776 x11:1c001000
            19047500           19032 1c001826 00112e23 sw               x1, 28(x2)           x1:1c00220c  x2:10cfe7c0  PA:10cfe7dc
            19050500           19035 1c001828 02e12823 sw               x14, 48(x2)         x14:00000000  x2:10cfe7c0  PA:10cfe7f0
            19051500           19036 1c00182a 02f12a23 sw               x15, 52(x2)         x15:00000000  x2:10cfe7c0  PA:10cfe7f4
            19052500           19037 1c00182c 03012c23 sw               x16, 56(x2)         x16:00000000  x2:10cfe7c0  PA:10cfe7f8
            19053500           19038 1c00182e 03112e23 sw               x17, 60(x2)         x17:00000000  x2:10cfe7c0  PA:10cfe7fc
            19072500           19057 1c001830 00d12623 sw               x13, 12(x2)         x13:10cfe7e4  x2:10cfe7c0  PA:10cfe7cc
            19074500           19059 1c001832 33e000ef jal              x1, 830              x1=1c001834
            19092500           19077 1c001b70 fa010113 addi             x2, x2, -96          x2=10cfe760  x2:10cfe7c0
            19093500           19078 1c001b72 01810793 addi             x15, x2, 24         x15=10cfe778  x2:10cfe760
            19094500           19079 1c001b74 04812c23 sw               x8, 88(x2)           x8:00000000  x2:10cfe760  PA:10cfe7b8
            19101500           19086 1c001b76 05212823 sw               x18, 80(x2)         x18:1b204000  x2:10cfe760  PA:10cfe7b0
            19102500           19087 1c001b78 05312623 sw               x19, 76(x2)         x19:00000001  x2:10cfe760  PA:10cfe7ac
            19103500           19088 1c001b7a 05412423 sw               x20, 72(x2)         x20:1c00220c  x2:10cfe760  PA:10cfe7a8
            19104500           19089 1c001b7c 05512223 sw               x21, 68(x2)         x21:1c002210  x2:10cfe760  PA:10cfe7a4
            19105500           19090 1c001b7e 05612023 sw               x22, 64(x2)         x22:00000000  x2:10cfe760  PA:10cfe7a0
            19115500           19100 1c001b80 03712e23 sw               x23, 60(x2)         x23:00000000  x2:10cfe760  PA:10cfe79c
            19118500           19103 1c001b82 04112e23 sw               x1, 92(x2)           x1:1c001834  x2:10cfe760  PA:10cfe7bc
            19119500           19104 1c001b84 04912a23 sw               x9, 84(x2)           x9:00000000  x2:10cfe760  PA:10cfe7b4
            19120500           19105 1c001b86 03812c23 sw               x24, 56(x2)         x24:00000000  x2:10cfe760  PA:10cfe798
            19121500           19106 1c001b88 03912a23 sw               x25, 52(x2)         x25:00000000  x2:10cfe760  PA:10cfe794
            19122500           19107 1c001b8a 00a00933 add              x18, x0, x10        x18=00000000 x10:00000000
            19123500           19108 1c001b8c 00b009b3 add              x19, x0, x11        x19=1c001776 x11:1c001776
            19124500           19109 1c001b8e 00d00433 add              x8, x0, x13          x8=10cfe7e4 x13:10cfe7e4
            19138500           19123 1c001b90 00f12a23 sw               x15, 20(x2)         x15:10cfe778  x2:10cfe760  PA:10cfe774
            19139500           19124 1c001b92 02500a13 addi             x20, x0, 37         x20=00000025
            19140500           19125 1c001b96 02d00b93 addi             x23, x0, 45         x23=0000002d
            19141500           19126 1c001b9a 00100a93 addi             x21, x0, 1          x21=00000001
            19142500           19127 1c001b9c 00500b13 addi             x22, x0, 5          x22=00000005
            19159500           19144 1c001b9e 00064583 lbu              x11, 0(x12)         x11=00000048 x12:1c00233c  PA:1c00233c
            19183500           19168 1c001ba2 00160493 addi             x9, x12, 1           x9=1c00233d x12:1c00233c
            19184500           19169 1c001ba6 00059e63 bne              x11, x0, 28         x11:00000048
            19226500           19211 1c001bc2 01458563 beq              x11, x20, 10        x11:00000048 x20:00000025
            19227500           19212 1c001bc6 01200533 add              x10, x0, x18        x10=00000000 x18:00000000
            19228500           19213 1c001bc8 000980e7 jalr             x1, x19, 0           x1=1c001bca x19:1c001776
            19255500           19240 1c001776 00b00533 add              x10, x0, x11        x10=00000048 x11:00000048
            19256500           19241 1c001778 fddff06f jal              x0, -36            
            19279500           19264 1c001754 000026b7 lui              x13, 0x2000         x13=00002000
            19280500           19265 1c001756 f14027f3 csrrs            x15, x0, 0xf14      x15=00000061
            19281500           19266 1c00175a f8068693 addi             x13, x13, -128      x13=00001f80 x13:00002000
            19301500           19286 1c00175e 00379713 slli             x14, x15, 0x3       x14=00000308 x15:00000061
            19302500           19287 1c001762 00279793 slli             x15, x15, 0x2       x15=00000184 x15:00000061
            19303500           19288 1c001764 ee873733 p.bclr           x14, x14, 23, 8     x14=00000008 x14:00000308
            19304500           19289 1c001768 00d7f7b3 and              x15, x15, x13       x15=00000180 x15:00000184 x13:00001f80
            19305500           19290 1c00176a 00e787b3 add              x15, x15, x14       x15=00000188 x15:00000180 x14:00000008
            19306500           19291 1c00176c 1a104737 lui              x14, 0x1a104000     x14=1a104000
            19307500           19292 1c001770 00a767a3 p.sw             x10, x0(x14)        x10:00000048 x14:1a104000  PA:1a104188
            19311500           19296 1c001774 00008067 jalr             x0, x1, 0            x1:1c001bca
            19312500           19297 1c001bca 16a0006f jal              x0, 362            
            19331500           19316 1c001d34 00900633 add              x12, x0, x9         x12=1c00233d  x9:1c00233d
            19332500           19317 1c001d36 e69ff06f jal              x0, -408           
            19335500           19320 1c001b9e 00064583 lbu              x11, 0(x12)         x11=00000065 x12:1c00233d  PA:1c00233d
            19350500           19335 1c001ba2 00160493 addi             x9, x12, 1           x9=1c00233e x12:1c00233d
            19351500           19336 1c001ba6 00059e63 bne              x11, x0, 28         x11:00000065
            19354500           19339 1c001bc2 01458563 beq              x11, x20, 10        x11:00000065 x20:00000025
            19355500           19340 1c001bc6 01200533 add              x10, x0, x18        x10=00000000 x18:00000000
            19356500           19341 1c001bc8 000980e7 jalr             x1, x19, 0           x1=1c001bca x19:1c001776
            19358500           19343 1c001776 00b00533 add              x10, x0, x11        x10=00000065 x11:00000065
            19359500           19344 1c001778 fddff06f jal              x0, -36            
            19361500           19346 1c001754 000026b7 lui              x13, 0x2000         x13=00002000
            19362500           19347 1c001756 f14027f3 csrrs            x15, x0, 0xf14      x15=00000061
            19363500           19348 1c00175a f8068693 addi             x13, x13, -128      x13=00001f80 x13:00002000
            19364500           19349 1c00175e 00379713 slli             x14, x15, 0x3       x14=00000308 x15:00000061
            19365500           19350 1c001762 00279793 slli             x15, x15, 0x2       x15=00000184 x15:00000061
            19366500           19351 1c001764 ee873733 p.bclr           x14, x14, 23, 8     x14=00000008 x14:00000308
            19367500           19352 1c001768 00d7f7b3 and              x15, x15, x13       x15=00000180 x15:00000184 x13:00001f80
            19368500           19353 1c00176a 00e787b3 add              x15, x15, x14       x15=00000188 x15:00000180 x14:00000008
            19369500           19354 1c00176c 1a104737 lui              x14, 0x1a104000     x14=1a104000
            19370500           19355 1c001770 00a767a3 p.sw             x10, x0(x14)        x10:00000065 x14:1a104000  PA:1a104188
            19374500           19359 1c001774 00008067 jalr             x0, x1, 0            x1:1c001bca
            19375500           19360 1c001bca 16a0006f jal              x0, 362            
            19377500           19362 1c001d34 00900633 add              x12, x0, x9         x12=1c00233e  x9:1c00233e
            19378500           19363 1c001d36 e69ff06f jal              x0, -408           
            19381500           19366 1c001b9e 00064583 lbu              x11, 0(x12)         x11=00000079 x12:1c00233e  PA:1c00233e
            19404500           19389 1c001ba2 00160493 addi             x9, x12, 1           x9=1c00233f x12:1c00233e
            19405500           19390 1c001ba6 00059e63 bne              x11, x0, 28         x11:00000079
            19408500           19393 1c001bc2 01458563 beq              x11, x20, 10        x11:00000079 x20:00000025
            19409500           19394 1c001bc6 01200533 add              x10, x0, x18        x10=00000000 x18:00000000
            19410500           19395 1c001bc8 000980e7 jalr             x1, x19, 0           x1=1c001bca x19:1c001776
            19412500           19397 1c001776 00b00533 add              x10, x0, x11        x10=00000079 x11:00000079
            19413500           19398 1c001778 fddff06f jal              x0, -36            
            19415500           19400 1c001754 000026b7 lui              x13, 0x2000         x13=00002000
            19416500           19401 1c001756 f14027f3 csrrs            x15, x0, 0xf14      x15=00000061
            19417500           19402 1c00175a f8068693 addi             x13, x13, -128      x13=00001f80 x13:00002000
            19418500           19403 1c00175e 00379713 slli             x14, x15, 0x3       x14=00000308 x15:00000061
            19419500           19404 1c001762 00279793 slli             x15, x15, 0x2       x15=00000184 x15:00000061
            19420500           19405 1c001764 ee873733 p.bclr           x14, x14, 23, 8     x14=00000008 x14:00000308
            19421500           19406 1c001768 00d7f7b3 and              x15, x15, x13       x15=00000180 x15:00000184 x13:00001f80
            19422500           19407 1c00176a 00e787b3 add              x15, x15, x14       x15=00000188 x15:00000180 x14:00000008
            19423500           19408 1c00176c 1a104737 lui              x14, 0x1a104000     x14=1a104000
            19424500           19409 1c001770 00a767a3 p.sw             x10, x0(x14)        x10:00000079 x14:1a104000  PA:1a104188
            19428500           19413 1c001774 00008067 jalr             x0, x1, 0            x1:1c001bca
            19429500           19414 1c001bca 16a0006f jal              x0, 362            
            19431500           19416 1c001d34 00900633 add              x12, x0, x9         x12=1c00233f  x9:1c00233f
            19432500           19417 1c001d36 e69ff06f jal              x0, -408           
            19435500           19420 1c001b9e 00064583 lbu              x11, 0(x12)         x11=0000002c x12:1c00233f  PA:1c00233f
            19457500           19442 1c001ba2 00160493 addi             x9, x12, 1           x9=1c002340 x12:1c00233f
            19458500           19443 1c001ba6 00059e63 bne              x11, x0, 28         x11:0000002c
            19461500           19446 1c001bc2 01458563 beq              x11, x20, 10        x11:0000002c x20:00000025
            19462500           19447 1c001bc6 01200533 add              x10, x0, x18        x10=00000000 x18:00000000
            19463500           19448 1c001bc8 000980e7 jalr             x1, x19, 0           x1=1c001bca x19:1c001776
            19465500           19450 1c001776 00b00533 add              x10, x0, x11        x10=0000002c x11:0000002c
            19466500           19451 1c001778 fddff06f jal              x0, -36            
            19468500           19453 1c001754 000026b7 lui              x13, 0x2000         x13=00002000
            19469500           19454 1c001756 f14027f3 csrrs            x15, x0, 0xf14      x15=00000061
            19470500           19455 1c00175a f8068693 addi             x13, x13, -128      x13=00001f80 x13:00002000
            19471500           19456 1c00175e 00379713 slli             x14, x15, 0x3       x14=00000308 x15:00000061
            19472500           19457 1c001762 00279793 slli             x15, x15, 0x2       x15=00000184 x15:00000061
            19473500           19458 1c001764 ee873733 p.bclr           x14, x14, 23, 8     x14=00000008 x14:00000308
            19474500           19459 1c001768 00d7f7b3 and              x15, x15, x13       x15=00000180 x15:00000184 x13:00001f80
            19475500           19460 1c00176a 00e787b3 add              x15, x15, x14       x15=00000188 x15:00000180 x14:00000008
            19476500           19461 1c00176c 1a104737 lui              x14, 0x1a104000     x14=1a104000
            19477500           19462 1c001770 00a767a3 p.sw             x10, x0(x14)        x10:0000002c x14:1a104000  PA:1a104188
            19481500           19466 1c001774 00008067 jalr             x0, x1, 0            x1:1c001bca
            19482500           19467 1c001bca 16a0006f jal              x0, 362            
            19484500           19469 1c001d34 00900633 add              x12, x0, x9         x12=1c002340  x9:1c002340
            19485500           19470 1c001d36 e69ff06f jal              x0, -408           
            19488500           19473 1c001b9e 00064583 lbu              x11, 0(x12)         x11=00000020 x12:1c002340  PA:1c002340
            19508500           19493 1c001ba2 00160493 addi             x9, x12, 1           x9=1c002341 x12:1c002340
            19509500           19494 1c001ba6 00059e63 bne              x11, x0, 28         x11:00000020
            19512500           19497 1c001bc2 01458563 beq              x11, x20, 10        x11:00000020 x20:00000025
            19513500           19498 1c001bc6 01200533 add              x10, x0, x18        x10=00000000 x18:00000000
            19514500           19499 1c001bc8 000980e7 jalr             x1, x19, 0           x1=1c001bca x19:1c001776
            19516500           19501 1c001776 00b00533 add              x10, x0, x11        x10=00000020 x11:00000020
            19517500           19502 1c001778 fddff06f jal              x0, -36            
            19519500           19504 1c001754 000026b7 lui              x13, 0x2000         x13=00002000
            19520500           19505 1c001756 f14027f3 csrrs            x15, x0, 0xf14      x15=00000061
            19521500           19506 1c00175a f8068693 addi             x13, x13, -128      x13=00001f80 x13:00002000
            19522500           19507 1c00175e 00379713 slli             x14, x15, 0x3       x14=00000308 x15:00000061
            19523500           19508 1c001762 00279793 slli             x15, x15, 0x2       x15=00000184 x15:00000061
            19524500           19509 1c001764 ee873733 p.bclr           x14, x14, 23, 8     x14=00000008 x14:00000308
            19525500           19510 1c001768 00d7f7b3 and              x15, x15, x13       x15=00000180 x15:00000184 x13:00001f80
            19526500           19511 1c00176a 00e787b3 add              x15, x15, x14       x15=00000188 x15:00000180 x14:00000008
            19527500           19512 1c00176c 1a104737 lui              x14, 0x1a104000     x14=1a104000
            19528500           19513 1c001770 00a767a3 p.sw             x10, x0(x14)        x10:00000020 x14:1a104000  PA:1a104188
            19532500           19517 1c001774 00008067 jalr             x0, x1, 0            x1:1c001bca
            19533500           19518 1c001bca 16a0006f jal              x0, 362            
            19535500           19520 1c001d34 00900633 add              x12, x0, x9         x12=1c002341  x9:1c002341
            19536500           19521 1c001d36 e69ff06f jal              x0, -408           
            19539500           19524 1c001b9e 00064583 lbu              x11, 0(x12)         x11=00000049 x12:1c002341  PA:1c002341
            19565500           19550 1c001ba2 00160493 addi             x9, x12, 1           x9=1c002342 x12:1c002341
            19566500           19551 1c001ba6 00059e63 bne              x11, x0, 28         x11:00000049
            19569500           19554 1c001bc2 01458563 beq              x11, x20, 10        x11:00000049 x20:00000025
            19570500           19555 1c001bc6 01200533 add              x10, x0, x18        x10=00000000 x18:00000000
            19571500           19556 1c001bc8 000980e7 jalr             x1, x19, 0           x1=1c001bca x19:1c001776
            19573500           19558 1c001776 00b00533 add              x10, x0, x11        x10=00000049 x11:00000049
            19574500           19559 1c001778 fddff06f jal              x0, -36            
            19576500           19561 1c001754 000026b7 lui              x13, 0x2000         x13=00002000
            19577500           19562 1c001756 f14027f3 csrrs            x15, x0, 0xf14      x15=00000061
            19578500           19563 1c00175a f8068693 addi             x13, x13, -128      x13=00001f80 x13:00002000
            19579500           19564 1c00175e 00379713 slli             x14, x15, 0x3       x14=00000308 x15:00000061
            19580500           19565 1c001762 00279793 slli             x15, x15, 0x2       x15=00000184 x15:00000061
            19581500           19566 1c001764 ee873733 p.bclr           x14, x14, 23, 8     x14=00000008 x14:00000308
            19582500           19567 1c001768 00d7f7b3 and              x15, x15, x13       x15=00000180 x15:00000184 x13:00001f80
            19583500           19568 1c00176a 00e787b3 add              x15, x15, x14       x15=00000188 x15:00000180 x14:00000008
            19584500           19569 1c00176c 1a104737 lui              x14, 0x1a104000     x14=1a104000
            19585500           19570 1c001770 00a767a3 p.sw             x10, x0(x14)        x10:00000049 x14:1a104000  PA:1a104188
            19589500           19574 1c001774 00008067 jalr             x0, x1, 0            x1:1c001bca
            19590500           19575 1c001bca 16a0006f jal              x0, 362            
            19592500           19577 1c001d34 00900633 add              x12, x0, x9         x12=1c002342  x9:1c002342
            19593500           19578 1c001d36 e69ff06f jal              x0, -408           
            19596500           19581 1c001b9e 00064583 lbu              x11, 0(x12)         x11=00000027 x12:1c002342  PA:1c002342
            19614500           19599 1c001ba2 00160493 addi             x9, x12, 1           x9=1c002343 x12:1c002342
            19615500           19600 1c001ba6 00059e63 bne              x11, x0, 28         x11:00000027
            19618500           19603 1c001bc2 01458563 beq              x11, x20, 10        x11:00000027 x20:00000025
            19619500           19604 1c001bc6 01200533 add              x10, x0, x18        x10=00000000 x18:00000000
            19620500           19605 1c001bc8 000980e7 jalr             x1, x19, 0           x1=1c001bca x19:1c001776
            19622500           19607 1c001776 00b00533 add              x10, x0, x11        x10=00000027 x11:00000027
            19623500           19608 1c001778 fddff06f jal              x0, -36            
            19625500           19610 1c001754 000026b7 lui              x13, 0x2000         x13=00002000
            19626500           19611 1c001756 f14027f3 csrrs            x15, x0, 0xf14      x15=00000061
            19627500           19612 1c00175a f8068693 addi             x13, x13, -128      x13=00001f80 x13:00002000
            19628500           19613 1c00175e 00379713 slli             x14, x15, 0x3       x14=00000308 x15:00000061
            19629500           19614 1c001762 00279793 slli             x15, x15, 0x2       x15=00000184 x15:00000061
            19630500           19615 1c001764 ee873733 p.bclr           x14, x14, 23, 8     x14=00000008 x14:00000308
            19631500           19616 1c001768 00d7f7b3 and              x15, x15, x13       x15=00000180 x15:00000184 x13:00001f80
            19632500           19617 1c00176a 00e787b3 add              x15, x15, x14       x15=00000188 x15:00000180 x14:00000008
            19633500           19618 1c00176c 1a104737 lui              x14, 0x1a104000     x14=1a104000
            19634500           19619 1c001770 00a767a3 p.sw             x10, x0(x14)        x10:00000027 x14:1a104000  PA:1a104188
            19638500           19623 1c001774 00008067 jalr             x0, x1, 0            x1:1c001bca
            19639500           19624 1c001bca 16a0006f jal              x0, 362            
            19641500           19626 1c001d34 00900633 add              x12, x0, x9         x12=1c002343  x9:1c002343
            19642500           19627 1c001d36 e69ff06f jal              x0, -408           
            19645500           19630 1c001b9e 00064583 lbu              x11, 0(x12)         x11=0000006d x12:1c002343  PA:1c002343
            19661500           19646 1c001ba2 00160493 addi             x9, x12, 1           x9=1c002344 x12:1c002343
            19662500           19647 1c001ba6 00059e63 bne              x11, x0, 28         x11:0000006d
            19665500           19650 1c001bc2 01458563 beq              x11, x20, 10        x11:0000006d x20:00000025
            19666500           19651 1c001bc6 01200533 add              x10, x0, x18        x10=00000000 x18:00000000
            19667500           19652 1c001bc8 000980e7 jalr             x1, x19, 0           x1=1c001bca x19:1c001776
            19669500           19654 1c001776 00b00533 add              x10, x0, x11        x10=0000006d x11:0000006d
            19670500           19655 1c001778 fddff06f jal              x0, -36            
            19672500           19657 1c001754 000026b7 lui              x13, 0x2000         x13=00002000
            19673500           19658 1c001756 f14027f3 csrrs            x15, x0, 0xf14      x15=00000061
            19674500           19659 1c00175a f8068693 addi             x13, x13, -128      x13=00001f80 x13:00002000
            19675500           19660 1c00175e 00379713 slli             x14, x15, 0x3       x14=00000308 x15:00000061
            19676500           19661 1c001762 00279793 slli             x15, x15, 0x2       x15=00000184 x15:00000061
            19677500           19662 1c001764 ee873733 p.bclr           x14, x14, 23, 8     x14=00000008 x14:00000308
            19678500           19663 1c001768 00d7f7b3 and              x15, x15, x13       x15=00000180 x15:00000184 x13:00001f80
            19679500           19664 1c00176a 00e787b3 add              x15, x15, x14       x15=00000188 x15:00000180 x14:00000008
            19680500           19665 1c00176c 1a104737 lui              x14, 0x1a104000     x14=1a104000
            19681500           19666 1c001770 00a767a3 p.sw             x10, x0(x14)        x10:0000006d x14:1a104000  PA:1a104188
            19685500           19670 1c001774 00008067 jalr             x0, x1, 0            x1:1c001bca
            19686500           19671 1c001bca 16a0006f jal              x0, 362            
            19688500           19673 1c001d34 00900633 add              x12, x0, x9         x12=1c002344  x9:1c002344
            19689500           19674 1c001d36 e69ff06f jal              x0, -408           
            19692500           19677 1c001b9e 00064583 lbu              x11, 0(x12)         x11=00000020 x12:1c002344  PA:1c002344
            19708500           19693 1c001ba2 00160493 addi             x9, x12, 1           x9=1c002345 x12:1c002344
            19709500           19694 1c001ba6 00059e63 bne              x11, x0, 28         x11:00000020
            19712500           19697 1c001bc2 01458563 beq              x11, x20, 10        x11:00000020 x20:00000025
            19713500           19698 1c001bc6 01200533 add              x10, x0, x18        x10=00000000 x18:00000000
            19714500           19699 1c001bc8 000980e7 jalr             x1, x19, 0           x1=1c001bca x19:1c001776
            19716500           19701 1c001776 00b00533 add              x10, x0, x11        x10=00000020 x11:00000020
            19717500           19702 1c001778 fddff06f jal              x0, -36            
            19719500           19704 1c001754 000026b7 lui              x13, 0x2000         x13=00002000
            19720500           19705 1c001756 f14027f3 csrrs            x15, x0, 0xf14      x15=00000061
            19721500           19706 1c00175a f8068693 addi             x13, x13, -128      x13=00001f80 x13:00002000
            19722500           19707 1c00175e 00379713 slli             x14, x15, 0x3       x14=00000308 x15:00000061
            19723500           19708 1c001762 00279793 slli             x15, x15, 0x2       x15=00000184 x15:00000061
            19724500           19709 1c001764 ee873733 p.bclr           x14, x14, 23, 8     x14=00000008 x14:00000308
            19725500           19710 1c001768 00d7f7b3 and              x15, x15, x13       x15=00000180 x15:00000184 x13:00001f80
            19726500           19711 1c00176a 00e787b3 add              x15, x15, x14       x15=00000188 x15:00000180 x14:00000008
            19727500           19712 1c00176c 1a104737 lui              x14, 0x1a104000     x14=1a104000
            19728500           19713 1c001770 00a767a3 p.sw             x10, x0(x14)        x10:00000020 x14:1a104000  PA:1a104188
            19732500           19717 1c001774 00008067 jalr             x0, x1, 0            x1:1c001bca
            19733500           19718 1c001bca 16a0006f jal              x0, 362            
            19735500           19720 1c001d34 00900633 add              x12, x0, x9         x12=1c002345  x9:1c002345
            19736500           19721 1c001d36 e69ff06f jal              x0, -408           
            19739500           19724 1c001b9e 00064583 lbu              x11, 0(x12)         x11=00000063 x12:1c002345  PA:1c002345
            19756500           19741 1c001ba2 00160493 addi             x9, x12, 1           x9=1c002346 x12:1c002345
            19757500           19742 1c001ba6 00059e63 bne              x11, x0, 28         x11:00000063
            19760500           19745 1c001bc2 01458563 beq              x11, x20, 10        x11:00000063 x20:00000025
            19761500           19746 1c001bc6 01200533 add              x10, x0, x18        x10=00000000 x18:00000000
            19762500           19747 1c001bc8 000980e7 jalr             x1, x19, 0           x1=1c001bca x19:1c001776
            19764500           19749 1c001776 00b00533 add              x10, x0, x11        x10=00000063 x11:00000063
            19765500           19750 1c001778 fddff06f jal              x0, -36            
            19767500           19752 1c001754 000026b7 lui              x13, 0x2000         x13=00002000
            19768500           19753 1c001756 f14027f3 csrrs            x15, x0, 0xf14      x15=00000061
            19769500           19754 1c00175a f8068693 addi             x13, x13, -128      x13=00001f80 x13:00002000
            19770500           19755 1c00175e 00379713 slli             x14, x15, 0x3       x14=00000308 x15:00000061
            19771500           19756 1c001762 00279793 slli             x15, x15, 0x2       x15=00000184 x15:00000061
            19772500           19757 1c001764 ee873733 p.bclr           x14, x14, 23, 8     x14=00000008 x14:00000308
            19773500           19758 1c001768 00d7f7b3 and              x15, x15, x13       x15=00000180 x15:00000184 x13:00001f80
            19774500           19759 1c00176a 00e787b3 add              x15, x15, x14       x15=00000188 x15:00000180 x14:00000008
            19775500           19760 1c00176c 1a104737 lui              x14, 0x1a104000     x14=1a104000
            19776500           19761 1c001770 00a767a3 p.sw             x10, x0(x14)        x10:00000063 x14:1a104000  PA:1a104188
            19780500           19765 1c001774 00008067 jalr             x0, x1, 0            x1:1c001bca
            19781500           19766 1c001bca 16a0006f jal              x0, 362            
            19783500           19768 1c001d34 00900633 add              x12, x0, x9         x12=1c002346  x9:1c002346
            19784500           19769 1c001d36 e69ff06f jal              x0, -408           
            19787500           19772 1c001b9e 00064583 lbu              x11, 0(x12)         x11=0000006f x12:1c002346  PA:1c002346
            19805500           19790 1c001ba2 00160493 addi             x9, x12, 1           x9=1c002347 x12:1c002346
            19806500           19791 1c001ba6 00059e63 bne              x11, x0, 28         x11:0000006f
            19809500           19794 1c001bc2 01458563 beq              x11, x20, 10        x11:0000006f x20:00000025
            19810500           19795 1c001bc6 01200533 add              x10, x0, x18        x10=00000000 x18:00000000
            19811500           19796 1c001bc8 000980e7 jalr             x1, x19, 0           x1=1c001bca x19:1c001776
            19813500           19798 1c001776 00b00533 add              x10, x0, x11        x10=0000006f x11:0000006f
            19814500           19799 1c001778 fddff06f jal              x0, -36            
            19816500           19801 1c001754 000026b7 lui              x13, 0x2000         x13=00002000
            19817500           19802 1c001756 f14027f3 csrrs            x15, x0, 0xf14      x15=00000061
            19818500           19803 1c00175a f8068693 addi             x13, x13, -128      x13=00001f80 x13:00002000
            19819500           19804 1c00175e 00379713 slli             x14, x15, 0x3       x14=00000308 x15:00000061
            19820500           19805 1c001762 00279793 slli             x15, x15, 0x2       x15=00000184 x15:00000061
            19821500           19806 1c001764 ee873733 p.bclr           x14, x14, 23, 8     x14=00000008 x14:00000308
            19822500           19807 1c001768 00d7f7b3 and              x15, x15, x13       x15=00000180 x15:00000184 x13:00001f80
            19823500           19808 1c00176a 00e787b3 add              x15, x15, x14       x15=00000188 x15:00000180 x14:00000008
            19824500           19809 1c00176c 1a104737 lui              x14, 0x1a104000     x14=1a104000
            19825500           19810 1c001770 00a767a3 p.sw             x10, x0(x14)        x10:0000006f x14:1a104000  PA:1a104188
            19829500           19814 1c001774 00008067 jalr             x0, x1, 0            x1:1c001bca
            19830500           19815 1c001bca 16a0006f jal              x0, 362            
            19832500           19817 1c001d34 00900633 add              x12, x0, x9         x12=1c002347  x9:1c002347
            19833500           19818 1c001d36 e69ff06f jal              x0, -408           
            19836500           19821 1c001b9e 00064583 lbu              x11, 0(x12)         x11=00000072 x12:1c002347  PA:1c002347
            19851500           19836 1c001ba2 00160493 addi             x9, x12, 1           x9=1c002348 x12:1c002347
            19852500           19837 1c001ba6 00059e63 bne              x11, x0, 28         x11:00000072
            19855500           19840 1c001bc2 01458563 beq              x11, x20, 10        x11:00000072 x20:00000025
            19856500           19841 1c001bc6 01200533 add              x10, x0, x18        x10=00000000 x18:00000000
            19857500           19842 1c001bc8 000980e7 jalr             x1, x19, 0           x1=1c001bca x19:1c001776
            19859500           19844 1c001776 00b00533 add              x10, x0, x11        x10=00000072 x11:00000072
            19860500           19845 1c001778 fddff06f jal              x0, -36            
            19862500           19847 1c001754 000026b7 lui              x13, 0x2000         x13=00002000
            19863500           19848 1c001756 f14027f3 csrrs            x15, x0, 0xf14      x15=00000061
            19864500           19849 1c00175a f8068693 addi             x13, x13, -128      x13=00001f80 x13:00002000
            19865500           19850 1c00175e 00379713 slli             x14, x15, 0x3       x14=00000308 x15:00000061
            19866500           19851 1c001762 00279793 slli             x15, x15, 0x2       x15=00000184 x15:00000061
            19867500           19852 1c001764 ee873733 p.bclr           x14, x14, 23, 8     x14=00000008 x14:00000308
            19868500           19853 1c001768 00d7f7b3 and              x15, x15, x13       x15=00000180 x15:00000184 x13:00001f80
            19869500           19854 1c00176a 00e787b3 add              x15, x15, x14       x15=00000188 x15:00000180 x14:00000008
            19870500           19855 1c00176c 1a104737 lui              x14, 0x1a104000     x14=1a104000
            19871500           19856 1c001770 00a767a3 p.sw             x10, x0(x14)        x10:00000072 x14:1a104000  PA:1a104188
            19875500           19860 1c001774 00008067 jalr             x0, x1, 0            x1:1c001bca
            19876500           19861 1c001bca 16a0006f jal              x0, 362            
            19878500           19863 1c001d34 00900633 add              x12, x0, x9         x12=1c002348  x9:1c002348
            19879500           19864 1c001d36 e69ff06f jal              x0, -408           
            19882500           19867 1c001b9e 00064583 lbu              x11, 0(x12)         x11=00000065 x12:1c002348  PA:1c002348
            19897500           19882 1c001ba2 00160493 addi             x9, x12, 1           x9=1c002349 x12:1c002348
            19898500           19883 1c001ba6 00059e63 bne              x11, x0, 28         x11:00000065
            19901500           19886 1c001bc2 01458563 beq              x11, x20, 10        x11:00000065 x20:00000025
            19902500           19887 1c001bc6 01200533 add              x10, x0, x18        x10=00000000 x18:00000000
            19903500           19888 1c001bc8 000980e7 jalr             x1, x19, 0           x1=1c001bca x19:1c001776
            19905500           19890 1c001776 00b00533 add              x10, x0, x11        x10=00000065 x11:00000065
            19906500           19891 1c001778 fddff06f jal              x0, -36            
            19908500           19893 1c001754 000026b7 lui              x13, 0x2000         x13=00002000
            19909500           19894 1c001756 f14027f3 csrrs            x15, x0, 0xf14      x15=00000061
            19910500           19895 1c00175a f8068693 addi             x13, x13, -128      x13=00001f80 x13:00002000
            19911500           19896 1c00175e 00379713 slli             x14, x15, 0x3       x14=00000308 x15:00000061
            19912500           19897 1c001762 00279793 slli             x15, x15, 0x2       x15=00000184 x15:00000061
            19913500           19898 1c001764 ee873733 p.bclr           x14, x14, 23, 8     x14=00000008 x14:00000308
            19914500           19899 1c001768 00d7f7b3 and              x15, x15, x13       x15=00000180 x15:00000184 x13:00001f80
            19915500           19900 1c00176a 00e787b3 add              x15, x15, x14       x15=00000188 x15:00000180 x14:00000008
            19916500           19901 1c00176c 1a104737 lui              x14, 0x1a104000     x14=1a104000
            19917500           19902 1c001770 00a767a3 p.sw             x10, x0(x14)        x10:00000065 x14:1a104000  PA:1a104188
            19921500           19906 1c001774 00008067 jalr             x0, x1, 0            x1:1c001bca
            19922500           19907 1c001bca 16a0006f jal              x0, 362            
            19924500           19909 1c001d34 00900633 add              x12, x0, x9         x12=1c002349  x9:1c002349
            19925500           19910 1c001d36 e69ff06f jal              x0, -408           
            19928500           19913 1c001b9e 00064583 lbu              x11, 0(x12)         x11=00000020 x12:1c002349  PA:1c002349
            19952500           19937 1c001ba2 00160493 addi             x9, x12, 1           x9=1c00234a x12:1c002349
            19953500           19938 1c001ba6 00059e63 bne              x11, x0, 28         x11:00000020
            19956500           19941 1c001bc2 01458563 beq              x11, x20, 10        x11:00000020 x20:00000025
            19957500           19942 1c001bc6 01200533 add              x10, x0, x18        x10=00000000 x18:00000000
            19958500           19943 1c001bc8 000980e7 jalr             x1, x19, 0           x1=1c001bca x19:1c001776
            19960500           19945 1c001776 00b00533 add              x10, x0, x11        x10=00000020 x11:00000020
            19961500           19946 1c001778 fddff06f jal              x0, -36            
            19963500           19948 1c001754 000026b7 lui              x13, 0x2000         x13=00002000
            19964500           19949 1c001756 f14027f3 csrrs            x15, x0, 0xf14      x15=00000061
            19965500           19950 1c00175a f8068693 addi             x13, x13, -128      x13=00001f80 x13:00002000
            19966500           19951 1c00175e 00379713 slli             x14, x15, 0x3       x14=00000308 x15:00000061
            19967500           19952 1c001762 00279793 slli             x15, x15, 0x2       x15=00000184 x15:00000061
            19968500           19953 1c001764 ee873733 p.bclr           x14, x14, 23, 8     x14=00000008 x14:00000308
            19969500           19954 1c001768 00d7f7b3 and              x15, x15, x13       x15=00000180 x15:00000184 x13:00001f80
            19970500           19955 1c00176a 00e787b3 add              x15, x15, x14       x15=00000188 x15:00000180 x14:00000008
            19971500           19956 1c00176c 1a104737 lui              x14, 0x1a104000     x14=1a104000
            19972500           19957 1c001770 00a767a3 p.sw             x10, x0(x14)        x10:00000020 x14:1a104000  PA:1a104188
            19976500           19961 1c001774 00008067 jalr             x0, x1, 0            x1:1c001bca
            19977500           19962 1c001bca 16a0006f jal              x0, 362            
            19979500           19964 1c001d34 00900633 add              x12, x0, x9         x12=1c00234a  x9:1c00234a
            19980500           19965 1c001d36 e69ff06f jal              x0, -408           
            19983500           19968 1c001b9e 00064583 lbu              x11, 0(x12)         x11=00000028 x12:1c00234a  PA:1c00234a
            19998500           19983 1c001ba2 00160493 addi             x9, x12, 1           x9=1c00234b x12:1c00234a
            19999500           19984 1c001ba6 00059e63 bne              x11, x0, 28         x11:00000028
            20002500           19987 1c001bc2 01458563 beq              x11, x20, 10        x11:00000028 x20:00000025
            20003500           19988 1c001bc6 01200533 add              x10, x0, x18        x10=00000000 x18:00000000
            20004500           19989 1c001bc8 000980e7 jalr             x1, x19, 0           x1=1c001bca x19:1c001776
            20006500           19991 1c001776 00b00533 add              x10, x0, x11        x10=00000028 x11:00000028
            20007500           19992 1c001778 fddff06f jal              x0, -36            
            20009500           19994 1c001754 000026b7 lui              x13, 0x2000         x13=00002000
            20010500           19995 1c001756 f14027f3 csrrs            x15, x0, 0xf14      x15=00000061
            20011500           19996 1c00175a f8068693 addi             x13, x13, -128      x13=00001f80 x13:00002000
            20012500           19997 1c00175e 00379713 slli             x14, x15, 0x3       x14=00000308 x15:00000061
            20013500           19998 1c001762 00279793 slli             x15, x15, 0x2       x15=00000184 x15:00000061
            20014500           19999 1c001764 ee873733 p.bclr           x14, x14, 23, 8     x14=00000008 x14:00000308
            20015500           20000 1c001768 00d7f7b3 and              x15, x15, x13       x15=00000180 x15:00000184 x13:00001f80
            20016500           20001 1c00176a 00e787b3 add              x15, x15, x14       x15=00000188 x15:00000180 x14:00000008
            20017500           20002 1c00176c 1a104737 lui              x14, 0x1a104000     x14=1a104000
            20018500           20003 1c001770 00a767a3 p.sw             x10, x0(x14)        x10:00000028 x14:1a104000  PA:1a104188
            20022500           20007 1c001774 00008067 jalr             x0, x1, 0            x1:1c001bca
            20023500           20008 1c001bca 16a0006f jal              x0, 362            
            20025500           20010 1c001d34 00900633 add              x12, x0, x9         x12=1c00234b  x9:1c00234b
            20026500           20011 1c001d36 e69ff06f jal              x0, -408           
            20029500           20014 1c001b9e 00064583 lbu              x11, 0(x12)         x11=00000025 x12:1c00234b  PA:1c00234b
            20043500           20028 1c001ba2 00160493 addi             x9, x12, 1           x9=1c00234c x12:1c00234b
            20044500           20029 1c001ba6 00059e63 bne              x11, x0, 28         x11:00000025
            20047500           20032 1c001bc2 01458563 beq              x11, x20, 10        x11:00000025 x20:00000025
            20050500           20035 1c001bcc 00414783 lbu              x15, 4(x2)          x15=000000xx  x2:10cfe760  PA:10cfe764
            20069500           20054 1c001bd0 00012423 sw               x0, 8(x2)            x2:10cfe760  PA:10cfe768
            20071500           20056 1c001bd2 00010623 sb               x0, 12(x2)           x2:10cfe760  PA:10cfe76c
            20072500           20057 1c001bd6 c00027b3 p.insert         x15, x0, 0, 0       x15=000000xX x15:000000xx
            20073500           20058 1c001bda c01027b3 p.insert         x15, x0, 0, 1       x15=000000xX x15:000000xX
            20091500           20076 1c001bde c03027b3 p.insert         x15, x0, 0, 3       x15=000000xX x15:000000xX
            20092500           20077 1c001be2 00f10223 sb               x15, 4(x2)          x15:000000xX  x2:10cfe760  PA:10cfe764
            20094500           20079 1c001be6 00000713 addi             x14, x0, 0          x14=00000000
            20095500           20080 1c001be8 00000613 addi             x12, x0, 0          x12=00000000
            20096500           20081 1c001bea 00000693 addi             x13, x0, 0          x13=00000000
            20097500           20082 1c001bec 00000513 addi             x10, x0, 0          x10=00000000
            20098500           20083 1c001bee 00000593 addi             x11, x0, 0          x11=00000000
            20113500           20098 1c001bf0 03000813 addi             x16, x0, 48         x16=00000030
            20114500           20099 1c001bf4 02300893 addi             x17, x0, 35         x17=00000023
            20115500           20100 1c001bf8 0004c783 lbu              x15, 0(x9)          x15=00000069  x9:1c00234c  PA:1c00234c
            20130500           20115 1c001bfc 00148c13 addi             x24, x9, 1          x24=1c00234d  x9:1c00234c
            20135500           20120 1c001c00 04079163 bne              x15, x0, 66         x15:00000069
            20156500           20141 1c001c42 01778c63 beq              x15, x23, 24        x15:00000069 x23:0000002d
            20157500           20142 1c001c46 01078663 beq              x15, x16, 12        x15:00000069 x16:00000030
            20158500           20143 1c001c4a fb179ce3 bne              x15, x17, -72       x15:00000069 x17:00000023
            20180500           20165 1c001c02 00050763 beq              x10, x0, 14         x10:00000000
            20199500           20184 1c001c10 00060763 beq              x12, x0, 14         x12:00000000
            20202500           20187 1c001c1e 00070763 beq              x14, x0, 14         x14:00000000
            20220500           20205 1c001c2c fd078713 addi             x14, x15, -48       x14=00000039 x15:00000069
            20239500           20224 1c001c30 0ff77713 andi             x14, x14, 255       x14=00000039 x14:00000039
            20240500           20225 1c001c34 00900693 addi             x13, x0, 9          x13=00000009
            20241500           20226 1c001c36 04e6eb63 bltu             x13, x14, 86        x13:00000009 x14:00000039
            20260500           20245 1c001c8c 02e00713 addi             x14, x0, 46         x14=0000002e
            20278500           20263 1c001c90 02e79163 bne              x15, x14, 34        x15:00000069 x14:0000002e
            20297500           20282 1c001cb2 07a00713 addi             x14, x0, 122        x14=0000007a
            20298500           20283 1c001cb6 04e79263 bne              x15, x14, 68        x15:00000069 x14:0000007a
            20336500           20321 1c001cfa 06c00713 addi             x14, x0, 108        x14=0000006c
            20354500           20339 1c001cfe 20e79463 bne              x15, x14, 520       x15:00000069 x14:0000006c
            20373500           20358 1c001f06 06900713 addi             x14, x0, 105        x14=00000069
            20374500           20359 1c001f0a 02e78a63 beq              x15, x14, 52        x15:00000069 x14:00000069
            20408500           20393 1c001f3e 018004b3 add              x9, x0, x24          x9=1c00234d x24:1c00234d
            20427500           20412 1c001f40 00000793 addi             x15, x0, 0          x15=00000000
            20428500           20413 1c001f42 e09ff06f jal              x0, -504           
            20446500           20431 1c001d4a 00a00713 addi             x14, x0, 10         x14=0000000a
            20447500           20432 1c001d4c 00e12823 sw               x14, 16(x2)         x14:0000000a  x2:10cfe760  PA:10cfe770
            20464500           20449 1c001d4e 0e27b363 p.bneimm         x15, 230            x15:00000000
            20483500           20468 1c001e34 00440c13 addi             x24, x8, 4          x24=10cfe7e8  x8:10cfe7e4
            20484500           20469 1c001e38 00042503 lw               x10, 0(x8)          x10=00000003  x8:10cfe7e4  PA:10cfe7e4
            20485500           20470 1c001e3a 0017bd63 p.bneimm         x15, 26             x15:00000000
            20519500           20504 1c001e54 00055863 bge              x10, x0, 16         x10:00000003
            20538500           20523 1c001e64 00410593 addi             x11, x2, 4          x11=10cfe764  x2:10cfe760
            20539500           20524 1c001e66 b99ff0ef jal              x1, -1128            x1=1c001e68
            20557500           20542 1c0019fe 0105a683 lw               x13, 16(x11)        x13=10cfe778 x11:10cfe764  PA:10cfe774
            20574500           20559 1c001a00 00c5a703 lw               x14, 12(x11)        x14=0000000a x11:10cfe764  PA:10cfe770
            20575500           20560 1c001a02 00100793 addi             x15, x0, 1          x15=00000001
            20576500           20561 1c001a04 02f55633 divu             x12, x10, x15       x12=00000003 x10:00000003 x15:00000001
            20610500           20595 1c001a08 00e67863 bgeu             x12, x14, 16        x12:00000003 x14:0000000a
            20611500           20596 1c001a0c 00000613 addi             x12, x0, 0          x12=00000000
            20612500           20597 1c001a0e 00900313 addi             x6, x0, 9            x6=00000009
            20613500           20598 1c001a10 00079763 bne              x15, x0, 14         x15:00000001
            20616500           20601 1c001a1e 00c5a703 lw               x14, 12(x11)        x14=0000000a x11:10cfe764  PA:10cfe770
            20634500           20619 1c001a20 02f55833 divu             x16, x10, x15       x16=00000003 x10:00000003 x15:00000001
            20668500           20653 1c001a24 02f57533 remu             x10, x10, x15       x10=00000000 x10:00000003 x15:00000001
            20702500           20687 1c001a28 02e7d7b3 divu             x15, x15, x14       x15=00000000 x15:00000001 x14:0000000a
            20733500           20718 1c001a2c 00061763 bne              x12, x0, 14         x12:00000000
            20734500           20719 1c001a2e 01004663 blt              x0, x16, 12         x16:00000003
            20737500           20722 1c001a3a 03000713 addi             x14, x0, 48         x14=00000030
            20758500           20743 1c001a3e 01035c63 bge              x6, x16, 24          x6:00000009 x16:00000003
            20780500           20765 1c001a56 01070733 add              x14, x14, x16       x14=00000033 x14:00000030 x16:00000003
            20781500           20766 1c001a58 00e68023 sb               x14, 0(x13)         x14:00000033 x13:10cfe778  PA:10cfe778
            20782500           20767 1c001a5c 00160613 addi             x12, x12, 1         x12=00000001 x12:00000000
            20783500           20768 1c001a5e 00168693 addi             x13, x13, 1         x13=10cfe779 x13:10cfe778
            20800500           20785 1c001a60 fb1ff06f jal              x0, -80            
            20802500           20787 1c001a10 00079763 bne              x15, x0, 14         x15:00000000
            20803500           20788 1c001a12 00068023 sb               x0, 0(x13)          x13:10cfe779  PA:10cfe779
            20810500           20795 1c001a16 00008067 jalr             x0, x1, 0            x1:1c001e68
            20811500           20796 1c001e68 f17ff06f jal              x0, -234           
            20825500           20810 1c001d7e 00410613 addi             x12, x2, 4          x12=10cfe764  x2:10cfe760
            20842500           20827 1c001d80 013005b3 add              x11, x0, x19        x11=1c001776 x19:1c001776
            20843500           20828 1c001d82 01200533 add              x10, x0, x18        x10=00000000 x18:00000000
            20844500           20829 1c001d84 cdfff0ef jal              x1, -802             x1=1c001d86
            20846500           20831 1c001a62 fe010113 addi             x2, x2, -32          x2=10cfe740  x2:10cfe760
            20847500           20832 1c001a64 00812c23 sw               x8, 24(x2)           x8:10cfe7e4  x2:10cfe740  PA:10cfe758
            20849500           20834 1c001a66 01062783 lw               x15, 16(x12)        x15=10cfe778 x12:10cfe764  PA:10cfe774
            20850500           20835 1c001a68 00462403 lw               x8, 4(x12)           x8=00000000 x12:10cfe764  PA:10cfe768
            20851500           20836 1c001a6a 00912a23 sw               x9, 20(x2)           x9:1c00234d  x2:10cfe740  PA:10cfe754
            20852500           20837 1c001a6c 01212823 sw               x18, 16(x2)         x18:00000000  x2:10cfe740  PA:10cfe750
            20853500           20838 1c001a6e 01312623 sw               x19, 12(x2)         x19:1c001776  x2:10cfe740  PA:10cfe74c
            20868500           20853 1c001a70 00112e23 sw               x1, 28(x2)           x1:1c001d86  x2:10cfe740  PA:10cfe75c
            20869500           20854 1c001a72 01412423 sw               x20, 8(x2)          x20:00000025  x2:10cfe740  PA:10cfe748
            20870500           20855 1c001a74 00a00933 add              x18, x0, x10        x18=00000000 x10:00000000
            20871500           20856 1c001a76 00b009b3 add              x19, x0, x11        x19=1c001776 x11:1c001776
            20872500           20857 1c001a78 00c004b3 add              x9, x0, x12          x9=10cfe764 x12:10cfe764
            20873500           20858 1c001a7a 0017c70b p.lbu            x14, 1(x15!)        x14=00000033 x15=10cfe779 x15:10cfe778  PA:10cfe778
            20875500           20860 1c001a7e 00070363 beq              x14, x0, 6          x14:00000033
            20892500           20877 1c001a80 08804863 blt              x0, x8, 144          x8:00000000
            20893500           20878 1c001a84 0084c783 lbu              x15, 8(x9)          x15=00000000  x9:10cfe764  PA:10cfe76c
            20900500           20885 1c001a88 00078263 beq              x15, x0, 4          x15:00000000
            20903500           20888 1c001a8c 0004c783 lbu              x15, 0(x9)          x15=000000xX  x9:10cfe764  PA:10cfe764
            20915500           20900 1c001a90 0027f713 andi             x14, x15, 2         x14=00000000 x15:000000xX
            20916500           20901 1c001a94 00070663 beq              x14, x0, 12         x14:00000000
            20935500           20920 1c001aa0 0097f793 andi             x15, x15, 9         x15=00000000 x15:000000xX
            20936500           20921 1c001aa2 00800a33 add              x20, x0, x8         x20=00000000  x8:00000000
            20937500           20922 1c001aa4 08078163 beq              x15, x0, 130        x15:00000000
            20957500           20942 1c001b26 ff404be3 blt              x0, x20, -10        x20:00000000
            20958500           20943 1c001b2a fff40793 addi             x15, x8, -1         x15=ffffffff  x8:00000000
            20975500           20960 1c001b2e 04046433 p.max            x8, x8, x0           x8=00000000  x8:00000000
            20976500           20961 1c001b32 40878433 sub              x8, x15, x8          x8=ffffffff x15:ffffffff  x8:00000000
            20977500           20962 1c001b36 f71ff06f jal              x0, -144           
            20979500           20964 1c001aa6 0084c583 lbu              x11, 8(x9)          x11=00000000  x9:10cfe764  PA:10cfe76c
            20985500           20970 1c001aaa 00058363 beq              x11, x0, 6          x11:00000000
            20999500           20984 1c001ab0 0004c783 lbu              x15, 0(x9)          x15=000000xX  x9:10cfe764  PA:10cfe764
            21007500           20992 1c001ab4 0027f793 andi             x15, x15, 2         x15=00000000 x15:000000xX
            21008500           20993 1c001ab6 02078363 beq              x15, x0, 38         x15:00000000
            21021500           21006 1c001adc 0004c783 lbu              x15, 0(x9)          x15=000000xX  x9:10cfe764  PA:10cfe764
            21038500           21023 1c001ae0 00800a33 add              x20, x0, x8         x20=ffffffff  x8:ffffffff
            21039500           21024 1c001ae2 fc17b7b3 p.bclr           x15, x15, 30, 1     x15=00000000 x15:000000xX
            21040500           21025 1c001ae6 06079363 bne              x15, x0, 102        x15:00000000
            21041500           21026 1c001ae8 0104aa03 lw               x20, 16(x9)         x20=10cfe778  x9:10cfe764  PA:10cfe774
            21049500           21034 1c001aec 001a458b p.lbu            x11, 1(x20!)        x11=00000033 x20=10cfe779 x20:10cfe778  PA:10cfe778
            21062500           21047 1c001af0 06059763 bne              x11, x0, 110        x11:00000033
            21081500           21066 1c001b5e 01200533 add              x10, x0, x18        x10=00000000 x18:00000000
            21101500           21086 1c001b60 000980e7 jalr             x1, x19, 0           x1=1c001b62 x19:1c001776
            21103500           21088 1c001776 00b00533 add              x10, x0, x11        x10=00000033 x11:00000033
            21104500           21089 1c001778 fddff06f jal              x0, -36            
            21106500           21091 1c001754 000026b7 lui              x13, 0x2000         x13=00002000
            21107500           21092 1c001756 f14027f3 csrrs            x15, x0, 0xf14      x15=00000061
            21108500           21093 1c00175a f8068693 addi             x13, x13, -128      x13=00001f80 x13:00002000
            21109500           21094 1c00175e 00379713 slli             x14, x15, 0x3       x14=00000308 x15:00000061
            21110500           21095 1c001762 00279793 slli             x15, x15, 0x2       x15=00000184 x15:00000061
            21111500           21096 1c001764 ee873733 p.bclr           x14, x14, 23, 8     x14=00000008 x14:00000308
            21112500           21097 1c001768 00d7f7b3 and              x15, x15, x13       x15=00000180 x15:00000184 x13:00001f80
            21113500           21098 1c00176a 00e787b3 add              x15, x15, x14       x15=00000188 x15:00000180 x14:00000008
            21114500           21099 1c00176c 1a104737 lui              x14, 0x1a104000     x14=1a104000
            21115500           21100 1c001770 00a767a3 p.sw             x10, x0(x14)        x10:00000033 x14:1a104000  PA:1a104188
            21119500           21104 1c001774 00008067 jalr             x0, x1, 0            x1:1c001b62
            21120500           21105 1c001b62 f8bff06f jal              x0, -118           
            21122500           21107 1c001aec 001a458b p.lbu            x11, 1(x20!)        x11=00000000 x20=10cfe77a x20:10cfe779  PA:10cfe779
            21128500           21113 1c001af0 06059763 bne              x11, x0, 110        x11:00000000
            21129500           21114 1c001af2 0004c783 lbu              x15, 0(x9)          x15=000000xX  x9:10cfe764  PA:10cfe764
            21131500           21116 1c001af6 0097f793 andi             x15, x15, 9         x15=00000000 x15:000000xX
            21132500           21117 1c001af8 0087b463 p.bneimm         x15, 8              x15:00000000
            21155500           21140 1c001b00 01c12083 lw               x1, 28(x2)           x1=1c001d86  x2:10cfe740  PA:10cfe75c
            21156500           21141 1c001b02 01812403 lw               x8, 24(x2)           x8=10cfe7e4  x2:10cfe740  PA:10cfe758
            21157500           21142 1c001b04 01412483 lw               x9, 20(x2)           x9=1c00234d  x2:10cfe740  PA:10cfe754
            21158500           21143 1c001b06 01012903 lw               x18, 16(x2)         x18=00000000  x2:10cfe740  PA:10cfe750
            21159500           21144 1c001b08 00c12983 lw               x19, 12(x2)         x19=1c001776  x2:10cfe740  PA:10cfe74c
            21160500           21145 1c001b0a 00812a03 lw               x20, 8(x2)          x20=00000025  x2:10cfe740  PA:10cfe748
            21161500           21146 1c001b0c 02010113 addi             x2, x2, 32           x2=10cfe760  x2:10cfe740
            21162500           21147 1c001b0e 00008067 jalr             x0, x1, 0            x1:1c001d86
            21179500           21164 1c001d86 01800433 add              x8, x0, x24          x8=10cfe7e8 x24:10cfe7e8
            21180500           21165 1c001d88 fadff06f jal              x0, -84            
            21182500           21167 1c001d34 00900633 add              x12, x0, x9         x12=1c00234d  x9:1c00234d
            21183500           21168 1c001d36 e69ff06f jal              x0, -408           
            21186500           21171 1c001b9e 00064583 lbu              x11, 0(x12)         x11=0000002c x12:1c00234d  PA:1c00234d
            21201500           21186 1c001ba2 00160493 addi             x9, x12, 1           x9=1c00234e x12:1c00234d
            21202500           21187 1c001ba6 00059e63 bne              x11, x0, 28         x11:0000002c
            21205500           21190 1c001bc2 01458563 beq              x11, x20, 10        x11:0000002c x20:00000025
            21206500           21191 1c001bc6 01200533 add              x10, x0, x18        x10=00000000 x18:00000000
            21207500           21192 1c001bc8 000980e7 jalr             x1, x19, 0           x1=1c001bca x19:1c001776
            21209500           21194 1c001776 00b00533 add              x10, x0, x11        x10=0000002c x11:0000002c
            21210500           21195 1c001778 fddff06f jal              x0, -36            
            21212500           21197 1c001754 000026b7 lui              x13, 0x2000         x13=00002000
            21213500           21198 1c001756 f14027f3 csrrs            x15, x0, 0xf14      x15=00000061
            21214500           21199 1c00175a f8068693 addi             x13, x13, -128      x13=00001f80 x13:00002000
            21215500           21200 1c00175e 00379713 slli             x14, x15, 0x3       x14=00000308 x15:00000061
            21216500           21201 1c001762 00279793 slli             x15, x15, 0x2       x15=00000184 x15:00000061
            21217500           21202 1c001764 ee873733 p.bclr           x14, x14, 23, 8     x14=00000008 x14:00000308
            21218500           21203 1c001768 00d7f7b3 and              x15, x15, x13       x15=00000180 x15:00000184 x13:00001f80
            21219500           21204 1c00176a 00e787b3 add              x15, x15, x14       x15=00000188 x15:00000180 x14:00000008
            21220500           21205 1c00176c 1a104737 lui              x14, 0x1a104000     x14=1a104000
            21221500           21206 1c001770 00a767a3 p.sw             x10, x0(x14)        x10:0000002c x14:1a104000  PA:1a104188
            21225500           21210 1c001774 00008067 jalr             x0, x1, 0            x1:1c001bca
            21226500           21211 1c001bca 16a0006f jal              x0, 362            
            21228500           21213 1c001d34 00900633 add              x12, x0, x9         x12=1c00234e  x9:1c00234e
            21229500           21214 1c001d36 e69ff06f jal              x0, -408           
            21232500           21217 1c001b9e 00064583 lbu              x11, 0(x12)         x11=00000020 x12:1c00234e  PA:1c00234e
            21246500           21231 1c001ba2 00160493 addi             x9, x12, 1           x9=1c00234f x12:1c00234e
            21247500           21232 1c001ba6 00059e63 bne              x11, x0, 28         x11:00000020
            21250500           21235 1c001bc2 01458563 beq              x11, x20, 10        x11:00000020 x20:00000025
            21251500           21236 1c001bc6 01200533 add              x10, x0, x18        x10=00000000 x18:00000000
            21252500           21237 1c001bc8 000980e7 jalr             x1, x19, 0           x1=1c001bca x19:1c001776
            21254500           21239 1c001776 00b00533 add              x10, x0, x11        x10=00000020 x11:00000020
            21255500           21240 1c001778 fddff06f jal              x0, -36            
            21257500           21242 1c001754 000026b7 lui              x13, 0x2000         x13=00002000
            21258500           21243 1c001756 f14027f3 csrrs            x15, x0, 0xf14      x15=00000061
            21259500           21244 1c00175a f8068693 addi             x13, x13, -128      x13=00001f80 x13:00002000
            21260500           21245 1c00175e 00379713 slli             x14, x15, 0x3       x14=00000308 x15:00000061
            21261500           21246 1c001762 00279793 slli             x15, x15, 0x2       x15=00000184 x15:00000061
            21262500           21247 1c001764 ee873733 p.bclr           x14, x14, 23, 8     x14=00000008 x14:00000308
            21263500           21248 1c001768 00d7f7b3 and              x15, x15, x13       x15=00000180 x15:00000184 x13:00001f80
            21264500           21249 1c00176a 00e787b3 add              x15, x15, x14       x15=00000188 x15:00000180 x14:00000008
            21265500           21250 1c00176c 1a104737 lui              x14, 0x1a104000     x14=1a104000
            21266500           21251 1c001770 00a767a3 p.sw             x10, x0(x14)        x10:00000020 x14:1a104000  PA:1a104188
            21270500           21255 1c001774 00008067 jalr             x0, x1, 0            x1:1c001bca
            21271500           21256 1c001bca 16a0006f jal              x0, 362            
            21273500           21258 1c001d34 00900633 add              x12, x0, x9         x12=1c00234f  x9:1c00234f
            21274500           21259 1c001d36 e69ff06f jal              x0, -408           
            21277500           21262 1c001b9e 00064583 lbu              x11, 0(x12)         x11=00000025 x12:1c00234f  PA:1c00234f
            21291500           21276 1c001ba2 00160493 addi             x9, x12, 1           x9=1c002350 x12:1c00234f
            21292500           21277 1c001ba6 00059e63 bne              x11, x0, 28         x11:00000025
            21295500           21280 1c001bc2 01458563 beq              x11, x20, 10        x11:00000025 x20:00000025
            21298500           21283 1c001bcc 00414783 lbu              x15, 4(x2)          x15=000000xX  x2:10cfe760  PA:10cfe764
            21299500           21284 1c001bd0 00012423 sw               x0, 8(x2)            x2:10cfe760  PA:10cfe768
            21300500           21285 1c001bd2 00010623 sb               x0, 12(x2)           x2:10cfe760  PA:10cfe76c
            21301500           21286 1c001bd6 c00027b3 p.insert         x15, x0, 0, 0       x15=000000xX x15:000000xX
            21302500           21287 1c001bda c01027b3 p.insert         x15, x0, 0, 1       x15=000000xX x15:000000xX
            21303500           21288 1c001bde c03027b3 p.insert         x15, x0, 0, 3       x15=000000xX x15:000000xX
            21304500           21289 1c001be2 00f10223 sb               x15, 4(x2)          x15:000000xX  x2:10cfe760  PA:10cfe764
            21305500           21290 1c001be6 00000713 addi             x14, x0, 0          x14=00000000
            21306500           21291 1c001be8 00000613 addi             x12, x0, 0          x12=00000000
            21307500           21292 1c001bea 00000693 addi             x13, x0, 0          x13=00000000
            21308500           21293 1c001bec 00000513 addi             x10, x0, 0          x10=00000000
            21309500           21294 1c001bee 00000593 addi             x11, x0, 0          x11=00000000
            21310500           21295 1c001bf0 03000813 addi             x16, x0, 48         x16=00000030
            21311500           21296 1c001bf4 02300893 addi             x17, x0, 35         x17=00000023
            21312500           21297 1c001bf8 0004c783 lbu              x15, 0(x9)          x15=00000069  x9:1c002350  PA:1c002350
            21326500           21311 1c001bfc 00148c13 addi             x24, x9, 1          x24=1c002351  x9:1c002350
            21327500           21312 1c001c00 04079163 bne              x15, x0, 66         x15:00000069
            21330500           21315 1c001c42 01778c63 beq              x15, x23, 24        x15:00000069 x23:0000002d
            21331500           21316 1c001c46 01078663 beq              x15, x16, 12        x15:00000069 x16:00000030
            21332500           21317 1c001c4a fb179ce3 bne              x15, x17, -72       x15:00000069 x17:00000023
            21335500           21320 1c001c02 00050763 beq              x10, x0, 14         x10:00000000
            21338500           21323 1c001c10 00060763 beq              x12, x0, 14         x12:00000000
            21341500           21326 1c001c1e 00070763 beq              x14, x0, 14         x14:00000000
            21344500           21329 1c001c2c fd078713 addi             x14, x15, -48       x14=00000039 x15:00000069
            21345500           21330 1c001c30 0ff77713 andi             x14, x14, 255       x14=00000039 x14:00000039
            21346500           21331 1c001c34 00900693 addi             x13, x0, 9          x13=00000009
            21347500           21332 1c001c36 04e6eb63 bltu             x13, x14, 86        x13:00000009 x14:00000039
            21350500           21335 1c001c8c 02e00713 addi             x14, x0, 46         x14=0000002e
            21351500           21336 1c001c90 02e79163 bne              x15, x14, 34        x15:00000069 x14:0000002e
            21354500           21339 1c001cb2 07a00713 addi             x14, x0, 122        x14=0000007a
            21355500           21340 1c001cb6 04e79263 bne              x15, x14, 68        x15:00000069 x14:0000007a
            21358500           21343 1c001cfa 06c00713 addi             x14, x0, 108        x14=0000006c
            21360500           21345 1c001cfe 20e79463 bne              x15, x14, 520       x15:00000069 x14:0000006c
            21363500           21348 1c001f06 06900713 addi             x14, x0, 105        x14=00000069
            21364500           21349 1c001f0a 02e78a63 beq              x15, x14, 52        x15:00000069 x14:00000069
            21367500           21352 1c001f3e 018004b3 add              x9, x0, x24          x9=1c002351 x24:1c002351
            21368500           21353 1c001f40 00000793 addi             x15, x0, 0          x15=00000000
            21369500           21354 1c001f42 e09ff06f jal              x0, -504           
            21371500           21356 1c001d4a 00a00713 addi             x14, x0, 10         x14=0000000a
            21372500           21357 1c001d4c 00e12823 sw               x14, 16(x2)         x14:0000000a  x2:10cfe760  PA:10cfe770
            21373500           21358 1c001d4e 0e27b363 p.bneimm         x15, 230            x15:00000000
            21376500           21361 1c001e34 00440c13 addi             x24, x8, 4          x24=10cfe7ec  x8:10cfe7e8
            21377500           21362 1c001e38 00042503 lw               x10, 0(x8)          x10=00000001  x8:10cfe7e8  PA:10cfe7e8
            21378500           21363 1c001e3a 0017bd63 p.bneimm         x15, 26             x15:00000000
            21381500           21366 1c001e54 00055863 bge              x10, x0, 16         x10:00000001
            21384500           21369 1c001e64 00410593 addi             x11, x2, 4          x11=10cfe764  x2:10cfe760
            21385500           21370 1c001e66 b99ff0ef jal              x1, -1128            x1=1c001e68
            21387500           21372 1c0019fe 0105a683 lw               x13, 16(x11)        x13=10cfe778 x11:10cfe764  PA:10cfe774
            21388500           21373 1c001a00 00c5a703 lw               x14, 12(x11)        x14=0000000a x11:10cfe764  PA:10cfe770
            21389500           21374 1c001a02 00100793 addi             x15, x0, 1          x15=00000001
            21390500           21375 1c001a04 02f55633 divu             x12, x10, x15       x12=00000001 x10:00000001 x15:00000001
            21424500           21409 1c001a08 00e67863 bgeu             x12, x14, 16        x12:00000001 x14:0000000a
            21425500           21410 1c001a0c 00000613 addi             x12, x0, 0          x12=00000000
            21426500           21411 1c001a0e 00900313 addi             x6, x0, 9            x6=00000009
            21427500           21412 1c001a10 00079763 bne              x15, x0, 14         x15:00000001
            21430500           21415 1c001a1e 00c5a703 lw               x14, 12(x11)        x14=0000000a x11:10cfe764  PA:10cfe770
            21431500           21416 1c001a20 02f55833 divu             x16, x10, x15       x16=00000001 x10:00000001 x15:00000001
            21465500           21450 1c001a24 02f57533 remu             x10, x10, x15       x10=00000000 x10:00000001 x15:00000001
            21499500           21484 1c001a28 02e7d7b3 divu             x15, x15, x14       x15=00000000 x15:00000001 x14:0000000a
            21530500           21515 1c001a2c 00061763 bne              x12, x0, 14         x12:00000000
            21531500           21516 1c001a2e 01004663 blt              x0, x16, 12         x16:00000001
            21534500           21519 1c001a3a 03000713 addi             x14, x0, 48         x14=00000030
            21536500           21521 1c001a3e 01035c63 bge              x6, x16, 24          x6:00000009 x16:00000001
            21539500           21524 1c001a56 01070733 add              x14, x14, x16       x14=00000031 x14:00000030 x16:00000001
            21540500           21525 1c001a58 00e68023 sb               x14, 0(x13)         x14:00000031 x13:10cfe778  PA:10cfe778
            21541500           21526 1c001a5c 00160613 addi             x12, x12, 1         x12=00000001 x12:00000000
            21542500           21527 1c001a5e 00168693 addi             x13, x13, 1         x13=10cfe779 x13:10cfe778
            21543500           21528 1c001a60 fb1ff06f jal              x0, -80            
            21545500           21530 1c001a10 00079763 bne              x15, x0, 14         x15:00000000
            21546500           21531 1c001a12 00068023 sb               x0, 0(x13)          x13:10cfe779  PA:10cfe779
            21547500           21532 1c001a16 00008067 jalr             x0, x1, 0            x1:1c001e68
            21549500           21534 1c001e68 f17ff06f jal              x0, -234           
            21551500           21536 1c001d7e 00410613 addi             x12, x2, 4          x12=10cfe764  x2:10cfe760
            21552500           21537 1c001d80 013005b3 add              x11, x0, x19        x11=1c001776 x19:1c001776
            21553500           21538 1c001d82 01200533 add              x10, x0, x18        x10=00000000 x18:00000000
            21554500           21539 1c001d84 cdfff0ef jal              x1, -802             x1=1c001d86
            21556500           21541 1c001a62 fe010113 addi             x2, x2, -32          x2=10cfe740  x2:10cfe760
            21557500           21542 1c001a64 00812c23 sw               x8, 24(x2)           x8:10cfe7e8  x2:10cfe740  PA:10cfe758
            21558500           21543 1c001a66 01062783 lw               x15, 16(x12)        x15=10cfe778 x12:10cfe764  PA:10cfe774
            21559500           21544 1c001a68 00462403 lw               x8, 4(x12)           x8=00000000 x12:10cfe764  PA:10cfe768
            21560500           21545 1c001a6a 00912a23 sw               x9, 20(x2)           x9:1c002351  x2:10cfe740  PA:10cfe754
            21561500           21546 1c001a6c 01212823 sw               x18, 16(x2)         x18:00000000  x2:10cfe740  PA:10cfe750
            21562500           21547 1c001a6e 01312623 sw               x19, 12(x2)         x19:1c001776  x2:10cfe740  PA:10cfe74c
            21563500           21548 1c001a70 00112e23 sw               x1, 28(x2)           x1:1c001d86  x2:10cfe740  PA:10cfe75c
            21564500           21549 1c001a72 01412423 sw               x20, 8(x2)          x20:00000025  x2:10cfe740  PA:10cfe748
            21565500           21550 1c001a74 00a00933 add              x18, x0, x10        x18=00000000 x10:00000000
            21566500           21551 1c001a76 00b009b3 add              x19, x0, x11        x19=1c001776 x11:1c001776
            21567500           21552 1c001a78 00c004b3 add              x9, x0, x12          x9=10cfe764 x12:10cfe764
            21568500           21553 1c001a7a 0017c70b p.lbu            x14, 1(x15!)        x14=00000031 x15=10cfe779 x15:10cfe778  PA:10cfe778
            21570500           21555 1c001a7e 00070363 beq              x14, x0, 6          x14:00000031
            21571500           21556 1c001a80 08804863 blt              x0, x8, 144          x8:00000000
            21572500           21557 1c001a84 0084c783 lbu              x15, 8(x9)          x15=00000000  x9:10cfe764  PA:10cfe76c
            21574500           21559 1c001a88 00078263 beq              x15, x0, 4          x15:00000000
            21577500           21562 1c001a8c 0004c783 lbu              x15, 0(x9)          x15=000000xX  x9:10cfe764  PA:10cfe764
            21579500           21564 1c001a90 0027f713 andi             x14, x15, 2         x14=00000000 x15:000000xX
            21580500           21565 1c001a94 00070663 beq              x14, x0, 12         x14:00000000
            21583500           21568 1c001aa0 0097f793 andi             x15, x15, 9         x15=00000000 x15:000000xX
            21584500           21569 1c001aa2 00800a33 add              x20, x0, x8         x20=00000000  x8:00000000
            21585500           21570 1c001aa4 08078163 beq              x15, x0, 130        x15:00000000
            21588500           21573 1c001b26 ff404be3 blt              x0, x20, -10        x20:00000000
            21589500           21574 1c001b2a fff40793 addi             x15, x8, -1         x15=ffffffff  x8:00000000
            21590500           21575 1c001b2e 04046433 p.max            x8, x8, x0           x8=00000000  x8:00000000
            21591500           21576 1c001b32 40878433 sub              x8, x15, x8          x8=ffffffff x15:ffffffff  x8:00000000
            21592500           21577 1c001b36 f71ff06f jal              x0, -144           
            21594500           21579 1c001aa6 0084c583 lbu              x11, 8(x9)          x11=00000000  x9:10cfe764  PA:10cfe76c
            21596500           21581 1c001aaa 00058363 beq              x11, x0, 6          x11:00000000
            21599500           21584 1c001ab0 0004c783 lbu              x15, 0(x9)          x15=000000xX  x9:10cfe764  PA:10cfe764
            21601500           21586 1c001ab4 0027f793 andi             x15, x15, 2         x15=00000000 x15:000000xX
            21602500           21587 1c001ab6 02078363 beq              x15, x0, 38         x15:00000000
            21605500           21590 1c001adc 0004c783 lbu              x15, 0(x9)          x15=000000xX  x9:10cfe764  PA:10cfe764
            21608500           21593 1c001ae0 00800a33 add              x20, x0, x8         x20=ffffffff  x8:ffffffff
            21609500           21594 1c001ae2 fc17b7b3 p.bclr           x15, x15, 30, 1     x15=00000000 x15:000000xX
            21610500           21595 1c001ae6 06079363 bne              x15, x0, 102        x15:00000000
            21611500           21596 1c001ae8 0104aa03 lw               x20, 16(x9)         x20=10cfe778  x9:10cfe764  PA:10cfe774
            21613500           21598 1c001aec 001a458b p.lbu            x11, 1(x20!)        x11=00000031 x20=10cfe779 x20:10cfe778  PA:10cfe778
            21615500           21600 1c001af0 06059763 bne              x11, x0, 110        x11:00000031
            21618500           21603 1c001b5e 01200533 add              x10, x0, x18        x10=00000000 x18:00000000
            21619500           21604 1c001b60 000980e7 jalr             x1, x19, 0           x1=1c001b62 x19:1c001776
            21621500           21606 1c001776 00b00533 add              x10, x0, x11        x10=00000031 x11:00000031
            21622500           21607 1c001778 fddff06f jal              x0, -36            
            21624500           21609 1c001754 000026b7 lui              x13, 0x2000         x13=00002000
            21625500           21610 1c001756 f14027f3 csrrs            x15, x0, 0xf14      x15=00000061
            21626500           21611 1c00175a f8068693 addi             x13, x13, -128      x13=00001f80 x13:00002000
            21627500           21612 1c00175e 00379713 slli             x14, x15, 0x3       x14=00000308 x15:00000061
            21628500           21613 1c001762 00279793 slli             x15, x15, 0x2       x15=00000184 x15:00000061
            21629500           21614 1c001764 ee873733 p.bclr           x14, x14, 23, 8     x14=00000008 x14:00000308
            21630500           21615 1c001768 00d7f7b3 and              x15, x15, x13       x15=00000180 x15:00000184 x13:00001f80
            21631500           21616 1c00176a 00e787b3 add              x15, x15, x14       x15=00000188 x15:00000180 x14:00000008
            21632500           21617 1c00176c 1a104737 lui              x14, 0x1a104000     x14=1a104000
            21633500           21618 1c001770 00a767a3 p.sw             x10, x0(x14)        x10:00000031 x14:1a104000  PA:1a104188
            21637500           21622 1c001774 00008067 jalr             x0, x1, 0            x1:1c001b62
            21638500           21623 1c001b62 f8bff06f jal              x0, -118           
            21640500           21625 1c001aec 001a458b p.lbu            x11, 1(x20!)        x11=00000000 x20=10cfe77a x20:10cfe779  PA:10cfe779
            21642500           21627 1c001af0 06059763 bne              x11, x0, 110        x11:00000000
            21643500           21628 1c001af2 0004c783 lbu              x15, 0(x9)          x15=000000xX  x9:10cfe764  PA:10cfe764
            21645500           21630 1c001af6 0097f793 andi             x15, x15, 9         x15=00000000 x15:000000xX
            21646500           21631 1c001af8 0087b463 p.bneimm         x15, 8              x15:00000000
            21649500           21634 1c001b00 01c12083 lw               x1, 28(x2)           x1=1c001d86  x2:10cfe740  PA:10cfe75c
            21650500           21635 1c001b02 01812403 lw               x8, 24(x2)           x8=10cfe7e8  x2:10cfe740  PA:10cfe758
            21651500           21636 1c001b04 01412483 lw               x9, 20(x2)           x9=1c002351  x2:10cfe740  PA:10cfe754
            21652500           21637 1c001b06 01012903 lw               x18, 16(x2)         x18=00000000  x2:10cfe740  PA:10cfe750
            21653500           21638 1c001b08 00c12983 lw               x19, 12(x2)         x19=1c001776  x2:10cfe740  PA:10cfe74c
            21654500           21639 1c001b0a 00812a03 lw               x20, 8(x2)          x20=00000025  x2:10cfe740  PA:10cfe748
            21655500           21640 1c001b0c 02010113 addi             x2, x2, 32           x2=10cfe760  x2:10cfe740
            21656500           21641 1c001b0e 00008067 jalr             x0, x1, 0            x1:1c001d86
            21658500           21643 1c001d86 01800433 add              x8, x0, x24          x8=10cfe7ec x24:10cfe7ec
            21659500           21644 1c001d88 fadff06f jal              x0, -84            
            21661500           21646 1c001d34 00900633 add              x12, x0, x9         x12=1c002351  x9:1c002351
            21662500           21647 1c001d36 e69ff06f jal              x0, -408           
            21665500           21650 1c001b9e 00064583 lbu              x11, 0(x12)         x11=00000029 x12:1c002351  PA:1c002351
            21681500           21666 1c001ba2 00160493 addi             x9, x12, 1           x9=1c002352 x12:1c002351
            21682500           21667 1c001ba6 00059e63 bne              x11, x0, 28         x11:00000029
            21685500           21670 1c001bc2 01458563 beq              x11, x20, 10        x11:00000029 x20:00000025
            21686500           21671 1c001bc6 01200533 add              x10, x0, x18        x10=00000000 x18:00000000
            21687500           21672 1c001bc8 000980e7 jalr             x1, x19, 0           x1=1c001bca x19:1c001776
            21689500           21674 1c001776 00b00533 add              x10, x0, x11        x10=00000029 x11:00000029
            21690500           21675 1c001778 fddff06f jal              x0, -36            
            21692500           21677 1c001754 000026b7 lui              x13, 0x2000         x13=00002000
            21693500           21678 1c001756 f14027f3 csrrs            x15, x0, 0xf14      x15=00000061
            21694500           21679 1c00175a f8068693 addi             x13, x13, -128      x13=00001f80 x13:00002000
            21695500           21680 1c00175e 00379713 slli             x14, x15, 0x3       x14=00000308 x15:00000061
            21696500           21681 1c001762 00279793 slli             x15, x15, 0x2       x15=00000184 x15:00000061
            21697500           21682 1c001764 ee873733 p.bclr           x14, x14, 23, 8     x14=00000008 x14:00000308
            21698500           21683 1c001768 00d7f7b3 and              x15, x15, x13       x15=00000180 x15:00000184 x13:00001f80
            21699500           21684 1c00176a 00e787b3 add              x15, x15, x14       x15=00000188 x15:00000180 x14:00000008
            21700500           21685 1c00176c 1a104737 lui              x14, 0x1a104000     x14=1a104000
            21701500           21686 1c001770 00a767a3 p.sw             x10, x0(x14)        x10:00000029 x14:1a104000  PA:1a104188
            21705500           21690 1c001774 00008067 jalr             x0, x1, 0            x1:1c001bca
            21706500           21691 1c001bca 16a0006f jal              x0, 362            
            21708500           21693 1c001d34 00900633 add              x12, x0, x9         x12=1c002352  x9:1c002352
            21709500           21694 1c001d36 e69ff06f jal              x0, -408           
            21712500           21697 1c001b9e 00064583 lbu              x11, 0(x12)         x11=00000021 x12:1c002352  PA:1c002352
            21726500           21711 1c001ba2 00160493 addi             x9, x12, 1           x9=1c002353 x12:1c002352
            21727500           21712 1c001ba6 00059e63 bne              x11, x0, 28         x11:00000021
            21730500           21715 1c001bc2 01458563 beq              x11, x20, 10        x11:00000021 x20:00000025
            21731500           21716 1c001bc6 01200533 add              x10, x0, x18        x10=00000000 x18:00000000
            21732500           21717 1c001bc8 000980e7 jalr             x1, x19, 0           x1=1c001bca x19:1c001776
            21734500           21719 1c001776 00b00533 add              x10, x0, x11        x10=00000021 x11:00000021
            21735500           21720 1c001778 fddff06f jal              x0, -36            
            21737500           21722 1c001754 000026b7 lui              x13, 0x2000         x13=00002000
            21738500           21723 1c001756 f14027f3 csrrs            x15, x0, 0xf14      x15=00000061
            21739500           21724 1c00175a f8068693 addi             x13, x13, -128      x13=00001f80 x13:00002000
            21740500           21725 1c00175e 00379713 slli             x14, x15, 0x3       x14=00000308 x15:00000061
            21741500           21726 1c001762 00279793 slli             x15, x15, 0x2       x15=00000184 x15:00000061
            21742500           21727 1c001764 ee873733 p.bclr           x14, x14, 23, 8     x14=00000008 x14:00000308
            21743500           21728 1c001768 00d7f7b3 and              x15, x15, x13       x15=00000180 x15:00000184 x13:00001f80
            21744500           21729 1c00176a 00e787b3 add              x15, x15, x14       x15=00000188 x15:00000180 x14:00000008
            21745500           21730 1c00176c 1a104737 lui              x14, 0x1a104000     x14=1a104000
            21746500           21731 1c001770 00a767a3 p.sw             x10, x0(x14)        x10:00000021 x14:1a104000  PA:1a104188
            21750500           21735 1c001774 00008067 jalr             x0, x1, 0            x1:1c001bca
            21751500           21736 1c001bca 16a0006f jal              x0, 362            
            21753500           21738 1c001d34 00900633 add              x12, x0, x9         x12=1c002353  x9:1c002353
            21754500           21739 1c001d36 e69ff06f jal              x0, -408           
            21757500           21742 1c001b9e 00064583 lbu              x11, 0(x12)         x11=0000000a x12:1c002353  PA:1c002353
            21771500           21756 1c001ba2 00160493 addi             x9, x12, 1           x9=1c002354 x12:1c002353
            21772500           21757 1c001ba6 00059e63 bne              x11, x0, 28         x11:0000000a
            21775500           21760 1c001bc2 01458563 beq              x11, x20, 10        x11:0000000a x20:00000025
            21776500           21761 1c001bc6 01200533 add              x10, x0, x18        x10=00000000 x18:00000000
            21777500           21762 1c001bc8 000980e7 jalr             x1, x19, 0           x1=1c001bca x19:1c001776
            21779500           21764 1c001776 00b00533 add              x10, x0, x11        x10=0000000a x11:0000000a
            21780500           21765 1c001778 fddff06f jal              x0, -36            
            21782500           21767 1c001754 000026b7 lui              x13, 0x2000         x13=00002000
            21783500           21768 1c001756 f14027f3 csrrs            x15, x0, 0xf14      x15=00000061
            21784500           21769 1c00175a f8068693 addi             x13, x13, -128      x13=00001f80 x13:00002000
            21785500           21770 1c00175e 00379713 slli             x14, x15, 0x3       x14=00000308 x15:00000061
            21786500           21771 1c001762 00279793 slli             x15, x15, 0x2       x15=00000184 x15:00000061
            21787500           21772 1c001764 ee873733 p.bclr           x14, x14, 23, 8     x14=00000008 x14:00000308
            21788500           21773 1c001768 00d7f7b3 and              x15, x15, x13       x15=00000180 x15:00000184 x13:00001f80
            21789500           21774 1c00176a 00e787b3 add              x15, x15, x14       x15=00000188 x15:00000180 x14:00000008
            21790500           21775 1c00176c 1a104737 lui              x14, 0x1a104000     x14=1a104000
            21791500           21776 1c001770 00a767a3 p.sw             x10, x0(x14)        x10:0000000a x14:1a104000  PA:1a104188
            21795500           21780 1c001774 00008067 jalr             x0, x1, 0            x1:1c001bca
            21796500           21781 1c001bca 16a0006f jal              x0, 362            
            21798500           21783 1c001d34 00900633 add              x12, x0, x9         x12=1c002354  x9:1c002354
            21799500           21784 1c001d36 e69ff06f jal              x0, -408           
            21802500           21787 1c001b9e 00064583 lbu              x11, 0(x12)         x11=00000000 x12:1c002354  PA:1c002354
            21818500           21803 1c001ba2 00160493 addi             x9, x12, 1           x9=1c002355 x12:1c002354
            21819500           21804 1c001ba6 00059e63 bne              x11, x0, 28         x11:00000000
            21820500           21805 1c001ba8 05c12083 lw               x1, 92(x2)           x1=1c001834  x2:10cfe760  PA:10cfe7bc
            21821500           21806 1c001baa 05812403 lw               x8, 88(x2)           x8=00000000  x2:10cfe760  PA:10cfe7b8
            21822500           21807 1c001bac 05412483 lw               x9, 84(x2)           x9=00000000  x2:10cfe760  PA:10cfe7b4
            21823500           21808 1c001bae 05012903 lw               x18, 80(x2)         x18=1b204000  x2:10cfe760  PA:10cfe7b0
            21841500           21826 1c001bb0 04c12983 lw               x19, 76(x2)         x19=00000001  x2:10cfe760  PA:10cfe7ac
            21847500           21832 1c001bb2 04812a03 lw               x20, 72(x2)         x20=1c00220c  x2:10cfe760  PA:10cfe7a8
            21848500           21833 1c001bb4 04412a83 lw               x21, 68(x2)         x21=1c002210  x2:10cfe760  PA:10cfe7a4
            21849500           21834 1c001bb6 04012b03 lw               x22, 64(x2)         x22=00000000  x2:10cfe760  PA:10cfe7a0
            21850500           21835 1c001bb8 03c12b83 lw               x23, 60(x2)         x23=00000000  x2:10cfe760  PA:10cfe79c
            21851500           21836 1c001bba 03812c03 lw               x24, 56(x2)         x24=00000000  x2:10cfe760  PA:10cfe798
            21852500           21837 1c001bbc 03412c83 lw               x25, 52(x2)         x25=00000000  x2:10cfe760  PA:10cfe794
            21853500           21838 1c001bbe 06010113 addi             x2, x2, 96           x2=10cfe7c0  x2:10cfe760
            21854500           21839 1c001bc0 00008067 jalr             x0, x1, 0            x1:1c001834
            21856500           21841 1c001834 01c12083 lw               x1, 28(x2)           x1=1c00220c  x2:10cfe7c0  PA:10cfe7dc
            21857500           21842 1c001836 00000513 addi             x10, x0, 0          x10=00000000
            21858500           21843 1c001838 04010113 addi             x2, x2, 64           x2=10cfe800  x2:10cfe7c0
            21859500           21844 1c00183a 00008067 jalr             x0, x1, 0            x1:1c00220c
            21861500           21846 1c00220c 21c96283 p.elw            x5, 540(x18)         x5=00000000 x18:1b204000  PA:1b20421c
