                Time          Cycles PC       Instr    Mnemonic
            17014500           16999 1c000080 0180006f jal              x0, 24             
            17032500           17017 1c000098 f1402573 csrrs            x10, x0, 0xf14      x10=00000060
            17033500           17018 1c00009c 01f57593 andi             x11, x10, 31        x11=00000000 x10:00000060
            17050500           17035 1c0000a0 00555513 srli             x10, x10, 0x5       x10=00000003 x10:00000060
            17051500           17036 1c0000a2 00058463 beq              x11, x0, 8          x11:00000000
            17054500           17039 1c0000aa 00050463 beq              x10, x0, 8          x10:00000003
            17073500           17058 1c0000ae 0520206f jal              x0, 8274           
            17075500           17060 1c002100 000702b7 lui              x5, 0x70000          x5=00070000
            17076500           17061 1c002104 1b204337 lui              x6, 0x1b204000       x6=1b204000
            17077500           17062 1c002108 00532023 sw               x5, 0(x6)            x5:00070000  x6:1b204000  PA:1b204000
            17078500           17063 1c00210c 0e059163 bne              x11, x0, 226        x11:00000000
            17090500           17075 1c002110 feffe417 auipc            x8, 0xfeffe000       x8=1b000110
            17091500           17076 1c002114 ef840413 addi             x8, x8, -264         x8=1b000008  x8:1b000110
            17092500           17077 1c002118 04040493 addi             x9, x8, 64           x9=1b000048  x8:1b000008
            17093500           17078 1c00211c 00800933 add              x18, x0, x8         x18=1b000008  x8:1b000008
            17110500           17095 1c00211e 1b2049b7 lui              x19, 0x1b204000     x19=1b204000
            17111500           17096 1c002122 00200a13 addi             x20, x0, 2          x20=00000002
            17112500           17097 1c002124 00000a97 auipc            x21, 0x0            x21=1c002124
            17113500           17098 1c002128 036a8a93 addi             x21, x21, 54        x21=1c00215a x21:1c002124
            17114500           17099 1c00212c 00000b97 auipc            x23, 0x0            x23=1c00212c
            17131500           17116 1c002130 57cb8b93 addi             x23, x23, 1404      x23=1c0026a8 x23:1c00212c
            17132500           17117 1c002134 000bab83 lw               x23, 0(x23)         x23=1c2fff50 x23:1c0026a8  PA:1c0026a8
            17146500           17131 1c002138 01800393 addi             x7, x0, 24           x7=00000018
            17147500           17132 1c00213a 02a383b3 mul              x7, x7, x10          x7=00000048  x7:00000018 x10:00000003
            17148500           17133 1c00213e 007b8bb3 add              x23, x23, x7        x23=1c2fff98 x23:1c2fff50  x7:00000048
            17165500           17150 1c002140 008b8b93 addi             x23, x23, 8         x23=1c2fffa0 x23:1c2fff98
            17166500           17151 1c002142 10201cb7 lui              x25, 0x10201000     x25=10201000
            17167500           17152 1c002146 e04c8c93 addi             x25, x25, -508      x25=10200e04 x25:10201000
            17168500           17153 1c00214a 00100c13 addi             x24, x0, 1          x24=00000001
            17169500           17154 1c00214c 00000d17 auipc            x26, 0x0            x26=1c00214c
            17186500           17171 1c002150 0e0d0d13 addi             x26, x26, 224       x26=1c00222c x26:1c00214c
            17187500           17172 1c002154 001d6d13 ori              x26, x26, 1         x26=1c00222d x26:1c00222c
            17188500           17173 1c002158 0160006f jal              x0, 22             
            17223500           17208 1c00216e 00042e03 lw               x28, 0(x8)          x28=00000000  x8:1b000008  PA:1b000008
            17225500           17210 1c002172 060e0063 beq              x28, x0, 96         x28:00000000
            17244500           17229 1c0021d2 0149a423 sw               x20, 8(x19)         x20:00000002 x19:1b204000  PA:1b204008
            17245500           17230 1c0021d6 03c9e003 p.elw            x0, 60(x19)         x19:1b204000  PA:1b20403c
            18702500           18687 1c0021da 0149a223 sw               x20, 4(x19)         x20:00000002 x19:1b204000  PA:1b204004
            18703500           18688 1c0021de f91ff06f jal              x0, -112           
            18706500           18691 1c00216e 00042e03 lw               x28, 0(x8)          x28=00000008  x8:1b000008  PA:1b000008
            18708500           18693 1c002172 060e0063 beq              x28, x0, 96         x28:00000008
            18709500           18694 1c002176 00842503 lw               x10, 8(x8)          x10=00000000  x8:1b000008  PA:1b000010
            18710500           18695 1c002178 00442283 lw               x5, 4(x8)            x5=1c0009d8  x8:1b000008  PA:1b00000c
            18711500           18696 1c00217c 00c42103 lw               x2, 12(x8)           x2=10cfe400  x8:1b000008  PA:1b000014
            18732500           18717 1c002180 01042303 lw               x6, 16(x8)           x6=00000400  x8:1b000008  PA:1b000018
            18733500           18718 1c002184 01442383 lw               x7, 20(x8)           x7=00000400  x8:1b000008  PA:1b00001c
            18734500           18719 1c002188 01842b03 lw               x22, 24(x8)         x22=100fc720  x8:1b000008  PA:1b000020
            18735500           18720 1c00218c 01c42e83 lw               x29, 28(x8)         x29=1000013c  x8:1b000008  PA:1b000024
            18753500           18738 1c002190 00042023 sw               x0, 0(x8)            x8:1b000008  PA:1b000008
            18754500           18739 1c002194 feffef17 auipc            x30, 0xfeffe000     x30=1b000194
            18755500           18740 1c002198 eb4f0f13 addi             x30, x30, -332      x30=1b000048 x30:1b000194
            18756500           18741 1c00219c 01df2023 sw               x29, 0(x30)         x29:1000013c x30:1b000048  PA:1b000048
            18776500           18761 1c0021a0 015000b3 add              x1, x0, x21          x1=1c00215a x21:1c00215a
            18777500           18762 1c0021a2 00100e93 addi             x29, x0, 1          x29=00000001
            18778500           18763 1c0021a4 01ce9e33 sll              x28, x29, x28       x28=00000100 x29:00000001 x28:00000008
            18779500           18764 1c0021a8 fffe0e13 addi             x28, x28, -1        x28=000000ff x28:00000100
            18780500           18765 1c0021aa 21c9a023 sw               x28, 512(x19)       x28:000000ff x19:1b204000  PA:1b204200
            18806500           18791 1c0021ae 21c9a623 sw               x28, 524(x19)       x28:000000ff x19:1b204000  PA:1b20420c
            18807500           18792 1c0021b2 09c9a223 sw               x28, 132(x19)       x28:000000ff x19:1b204000  PA:1b204084
            18808500           18793 1c0021b6 001e2863 p.beqimm         x28, 16             x28:000000ff
            18809500           18794 1c0021ba 09a9a023 sw               x26, 128(x19)       x26:1c00222d x19:1b204000  PA:1b204080
            18828500           18813 1c0021be 0879a023 sw               x7, 128(x19)         x7:00000400 x19:1b204000  PA:1b204080
            18829500           18814 1c0021c2 0829a023 sw               x2, 128(x19)         x2:10cfe400 x19:1b204000  PA:1b204080
            18830500           18815 1c0021c6 02040413 addi             x8, x8, 32           x8=1b000028  x8:1b000008
            18831500           18816 1c0021ca 00941363 bne              x8, x9, 6            x8:1b000028  x9:1b000048
            18834500           18819 1c0021d0 00028067 jalr             x0, x5, 0            x5:1c0009d8
            18852500           18837 1c0009d8 ff010113 addi             x2, x2, -16          x2=10cfe3f0  x2:10cfe400
            18853500           18838 1c0009da 0ff00713 addi             x14, x0, 255        x14=000000ff
            18873500           18858 1c0009de 1b2047b7 lui              x15, 0x1b204000     x15=1b204000
            18874500           18859 1c0009e2 00112623 sw               x1, 12(x2)           x1:1c00215a  x2:10cfe3f0  PA:10cfe3fc
            18875500           18860 1c0009e4 00812423 sw               x8, 8(x2)            x8:1b000028  x2:10cfe3f0  PA:10cfe3f8
            18876500           18861 1c0009e6 00912223 sw               x9, 4(x2)            x9:1b000048  x2:10cfe3f0  PA:10cfe3f4
            18877500           18862 1c0009e8 08e7a223 sw               x14, 132(x15)       x14:000000ff x15:1b204000  PA:1b204084
            18878500           18863 1c0009ec 20078493 addi             x9, x15, 512         x9=1b204200 x15:1b204000
            18901500           18886 1c0009f0 00e4a023 sw               x14, 0(x9)          x14:000000ff  x9:1b204200  PA:1b204200
            18902500           18887 1c0009f2 20c78793 addi             x15, x15, 524       x15=1b20420c x15:1b204000
            18903500           18888 1c0009f6 00e7a023 sw               x14, 0(x15)         x14:000000ff x15:1b20420c  PA:1b20420c
            18904500           18889 1c0009f8 1c0017b7 lui              x15, 0x1c001000     x15=1c001000
            18905500           18890 1c0009fc 9bc78793 addi             x15, x15, -1604     x15=1c0009bc x15:1c001000
            18927500           18912 1c000a00 1b204737 lui              x14, 0x1b204000     x14=1b204000
            18928500           18913 1c000a04 08f72023 sw               x15, 128(x14)       x15:1c0009bc x14:1b204000  PA:1b204080
            18929500           18914 1c000a08 1b2047b7 lui              x15, 0x1b204000     x15=1b204000
            18930500           18915 1c000a0c 08a7a023 sw               x10, 128(x15)       x10:00000000 x15:1b204000  PA:1b204080
            18950500           18935 1c000a10 f1402673 csrrs            x12, x0, 0xf14      x12=00000060
            18951500           18936 1c000a14 40565413 srai             x8, x12, 0x405       x8=00000003 x12:00000060
            18952500           18937 1c000a18 f2643433 p.bclr           x8, x8, 25, 6        x8=00000003  x8:00000003
            18953500           18938 1c000a1c 1c002537 lui              x10, 0x1c002000     x10=1c002000
            18970500           18955 1c000a20 f4563633 p.bclr           x12, x12, 26, 5     x12=00000000 x12:00000060
            18971500           18956 1c000a24 008005b3 add              x11, x0, x8         x11=00000003  x8:00000003
            18972500           18957 1c000a26 33c50513 addi             x10, x10, 828       x10=1c00233c x10:1c002000
            18973500           18958 1c000a2a 5e7000ef jal              x1, 3558             x1=1c000a2e
            19020500           19005 1c001810 fc010113 addi             x2, x2, -64          x2=10cfe3b0  x2:10cfe3f0
            19021500           19006 1c001812 02b12223 sw               x11, 36(x2)         x11:00000003  x2:10cfe3b0  PA:10cfe3d4
            19022500           19007 1c001814 1c0015b7 lui              x11, 0x1c001000     x11=1c001000
            19023500           19008 1c001818 02c12423 sw               x12, 40(x2)         x12:00000000  x2:10cfe3b0  PA:10cfe3d8
            19024500           19009 1c00181a 02d12623 sw               x13, 44(x2)         x13:00000000  x2:10cfe3b0  PA:10cfe3dc
            19025500           19010 1c00181c 00a00633 add              x12, x0, x10        x12=1c00233c x10:1c00233c
            19026500           19011 1c00181e 02410693 addi             x13, x2, 36         x13=10cfe3d4  x2:10cfe3b0
            19045500           19030 1c001820 00000513 addi             x10, x0, 0          x10=00000000
            19046500           19031 1c001822 77658593 addi             x11, x11, 1910      x11=1c001776 x11:1c001000
            19047500           19032 1c001826 00112e23 sw               x1, 28(x2)           x1:1c000a2e  x2:10cfe3b0  PA:10cfe3cc
            19048500           19033 1c001828 02e12823 sw               x14, 48(x2)         x14:1b204000  x2:10cfe3b0  PA:10cfe3e0
            19049500           19034 1c00182a 02f12a23 sw               x15, 52(x2)         x15:1b204000  x2:10cfe3b0  PA:10cfe3e4
            19050500           19035 1c00182c 03012c23 sw               x16, 56(x2)         x16:00000000  x2:10cfe3b0  PA:10cfe3e8
            19051500           19036 1c00182e 03112e23 sw               x17, 60(x2)         x17:00000000  x2:10cfe3b0  PA:10cfe3ec
            19072500           19057 1c001830 00d12623 sw               x13, 12(x2)         x13:10cfe3d4  x2:10cfe3b0  PA:10cfe3bc
            19073500           19058 1c001832 33e000ef jal              x1, 830              x1=1c001834
            19092500           19077 1c001b70 fa010113 addi             x2, x2, -96          x2=10cfe350  x2:10cfe3b0
            19093500           19078 1c001b72 01810793 addi             x15, x2, 24         x15=10cfe368  x2:10cfe350
            19094500           19079 1c001b74 04812c23 sw               x8, 88(x2)           x8:00000003  x2:10cfe350  PA:10cfe3a8
            19095500           19080 1c001b76 05212823 sw               x18, 80(x2)         x18:1b000008  x2:10cfe350  PA:10cfe3a0
            19096500           19081 1c001b78 05312623 sw               x19, 76(x2)         x19:1b204000  x2:10cfe350  PA:10cfe39c
            19097500           19082 1c001b7a 05412423 sw               x20, 72(x2)         x20:00000002  x2:10cfe350  PA:10cfe398
            19098500           19083 1c001b7c 05512223 sw               x21, 68(x2)         x21:1c00215a  x2:10cfe350  PA:10cfe394
            19099500           19084 1c001b7e 05612023 sw               x22, 64(x2)         x22:100fc720  x2:10cfe350  PA:10cfe390
            19115500           19100 1c001b80 03712e23 sw               x23, 60(x2)         x23:1c2fffa0  x2:10cfe350  PA:10cfe38c
            19116500           19101 1c001b82 04112e23 sw               x1, 92(x2)           x1:1c001834  x2:10cfe350  PA:10cfe3ac
            19117500           19102 1c001b84 04912a23 sw               x9, 84(x2)           x9:1b204200  x2:10cfe350  PA:10cfe3a4
            19118500           19103 1c001b86 03812c23 sw               x24, 56(x2)         x24:00000001  x2:10cfe350  PA:10cfe388
            19119500           19104 1c001b88 03912a23 sw               x25, 52(x2)         x25:10200e04  x2:10cfe350  PA:10cfe384
            19120500           19105 1c001b8a 00a00933 add              x18, x0, x10        x18=00000000 x10:00000000
            19121500           19106 1c001b8c 00b009b3 add              x19, x0, x11        x19=1c001776 x11:1c001776
            19122500           19107 1c001b8e 00d00433 add              x8, x0, x13          x8=10cfe3d4 x13:10cfe3d4
            19138500           19123 1c001b90 00f12a23 sw               x15, 20(x2)         x15:10cfe368  x2:10cfe350  PA:10cfe364
            19139500           19124 1c001b92 02500a13 addi             x20, x0, 37         x20=00000025
            19140500           19125 1c001b96 02d00b93 addi             x23, x0, 45         x23=0000002d
            19141500           19126 1c001b9a 00100a93 addi             x21, x0, 1          x21=00000001
            19142500           19127 1c001b9c 00500b13 addi             x22, x0, 5          x22=00000005
            19159500           19144 1c001b9e 00064583 lbu              x11, 0(x12)         x11=00000048 x12:1c00233c  PA:1c00233c
            19213500           19198 1c001ba2 00160493 addi             x9, x12, 1           x9=1c00233d x12:1c00233c
            19214500           19199 1c001ba6 00059e63 bne              x11, x0, 28         x11:00000048
            19226500           19211 1c001bc2 01458563 beq              x11, x20, 10        x11:00000048 x20:00000025
            19227500           19212 1c001bc6 01200533 add              x10, x0, x18        x10=00000000 x18:00000000
            19228500           19213 1c001bc8 000980e7 jalr             x1, x19, 0           x1=1c001bca x19:1c001776
            19255500           19240 1c001776 00b00533 add              x10, x0, x11        x10=00000048 x11:00000048
            19256500           19241 1c001778 fddff06f jal              x0, -36            
            19279500           19264 1c001754 000026b7 lui              x13, 0x2000         x13=00002000
            19280500           19265 1c001756 f14027f3 csrrs            x15, x0, 0xf14      x15=00000060
            19281500           19266 1c00175a f8068693 addi             x13, x13, -128      x13=00001f80 x13:00002000
            19301500           19286 1c00175e 00379713 slli             x14, x15, 0x3       x14=00000300 x15:00000060
            19302500           19287 1c001762 00279793 slli             x15, x15, 0x2       x15=00000180 x15:00000060
            19303500           19288 1c001764 ee873733 p.bclr           x14, x14, 23, 8     x14=00000000 x14:00000300
            19304500           19289 1c001768 00d7f7b3 and              x15, x15, x13       x15=00000180 x15:00000180 x13:00001f80
            19305500           19290 1c00176a 00e787b3 add              x15, x15, x14       x15=00000180 x15:00000180 x14:00000000
            19306500           19291 1c00176c 1a104737 lui              x14, 0x1a104000     x14=1a104000
            19307500           19292 1c001770 00a767a3 p.sw             x10, x0(x14)        x10:00000048 x14:1a104000  PA:1a104180
            19311500           19296 1c001774 00008067 jalr             x0, x1, 0            x1:1c001bca
            19312500           19297 1c001bca 16a0006f jal              x0, 362            
            19331500           19316 1c001d34 00900633 add              x12, x0, x9         x12=1c00233d  x9:1c00233d
            19332500           19317 1c001d36 e69ff06f jal              x0, -408           
            19335500           19320 1c001b9e 00064583 lbu              x11, 0(x12)         x11=00000065 x12:1c00233d  PA:1c00233d
            19376500           19361 1c001ba2 00160493 addi             x9, x12, 1           x9=1c00233e x12:1c00233d
            19377500           19362 1c001ba6 00059e63 bne              x11, x0, 28         x11:00000065
            19380500           19365 1c001bc2 01458563 beq              x11, x20, 10        x11:00000065 x20:00000025
            19381500           19366 1c001bc6 01200533 add              x10, x0, x18        x10=00000000 x18:00000000
            19382500           19367 1c001bc8 000980e7 jalr             x1, x19, 0           x1=1c001bca x19:1c001776
            19384500           19369 1c001776 00b00533 add              x10, x0, x11        x10=00000065 x11:00000065
            19385500           19370 1c001778 fddff06f jal              x0, -36            
            19387500           19372 1c001754 000026b7 lui              x13, 0x2000         x13=00002000
            19388500           19373 1c001756 f14027f3 csrrs            x15, x0, 0xf14      x15=00000060
            19389500           19374 1c00175a f8068693 addi             x13, x13, -128      x13=00001f80 x13:00002000
            19390500           19375 1c00175e 00379713 slli             x14, x15, 0x3       x14=00000300 x15:00000060
            19391500           19376 1c001762 00279793 slli             x15, x15, 0x2       x15=00000180 x15:00000060
            19392500           19377 1c001764 ee873733 p.bclr           x14, x14, 23, 8     x14=00000000 x14:00000300
            19393500           19378 1c001768 00d7f7b3 and              x15, x15, x13       x15=00000180 x15:00000180 x13:00001f80
            19394500           19379 1c00176a 00e787b3 add              x15, x15, x14       x15=00000180 x15:00000180 x14:00000000
            19395500           19380 1c00176c 1a104737 lui              x14, 0x1a104000     x14=1a104000
            19396500           19381 1c001770 00a767a3 p.sw             x10, x0(x14)        x10:00000065 x14:1a104000  PA:1a104180
            19400500           19385 1c001774 00008067 jalr             x0, x1, 0            x1:1c001bca
            19401500           19386 1c001bca 16a0006f jal              x0, 362            
            19403500           19388 1c001d34 00900633 add              x12, x0, x9         x12=1c00233e  x9:1c00233e
            19404500           19389 1c001d36 e69ff06f jal              x0, -408           
            19407500           19392 1c001b9e 00064583 lbu              x11, 0(x12)         x11=00000079 x12:1c00233e  PA:1c00233e
            19428500           19413 1c001ba2 00160493 addi             x9, x12, 1           x9=1c00233f x12:1c00233e
            19429500           19414 1c001ba6 00059e63 bne              x11, x0, 28         x11:00000079
            19432500           19417 1c001bc2 01458563 beq              x11, x20, 10        x11:00000079 x20:00000025
            19433500           19418 1c001bc6 01200533 add              x10, x0, x18        x10=00000000 x18:00000000
            19434500           19419 1c001bc8 000980e7 jalr             x1, x19, 0           x1=1c001bca x19:1c001776
            19436500           19421 1c001776 00b00533 add              x10, x0, x11        x10=00000079 x11:00000079
            19437500           19422 1c001778 fddff06f jal              x0, -36            
            19439500           19424 1c001754 000026b7 lui              x13, 0x2000         x13=00002000
            19440500           19425 1c001756 f14027f3 csrrs            x15, x0, 0xf14      x15=00000060
            19441500           19426 1c00175a f8068693 addi             x13, x13, -128      x13=00001f80 x13:00002000
            19442500           19427 1c00175e 00379713 slli             x14, x15, 0x3       x14=00000300 x15:00000060
            19443500           19428 1c001762 00279793 slli             x15, x15, 0x2       x15=00000180 x15:00000060
            19444500           19429 1c001764 ee873733 p.bclr           x14, x14, 23, 8     x14=00000000 x14:00000300
            19445500           19430 1c001768 00d7f7b3 and              x15, x15, x13       x15=00000180 x15:00000180 x13:00001f80
            19446500           19431 1c00176a 00e787b3 add              x15, x15, x14       x15=00000180 x15:00000180 x14:00000000
            19447500           19432 1c00176c 1a104737 lui              x14, 0x1a104000     x14=1a104000
            19448500           19433 1c001770 00a767a3 p.sw             x10, x0(x14)        x10:00000079 x14:1a104000  PA:1a104180
            19452500           19437 1c001774 00008067 jalr             x0, x1, 0            x1:1c001bca
            19453500           19438 1c001bca 16a0006f jal              x0, 362            
            19455500           19440 1c001d34 00900633 add              x12, x0, x9         x12=1c00233f  x9:1c00233f
            19456500           19441 1c001d36 e69ff06f jal              x0, -408           
            19459500           19444 1c001b9e 00064583 lbu              x11, 0(x12)         x11=0000002c x12:1c00233f  PA:1c00233f
            19488500           19473 1c001ba2 00160493 addi             x9, x12, 1           x9=1c002340 x12:1c00233f
            19489500           19474 1c001ba6 00059e63 bne              x11, x0, 28         x11:0000002c
            19492500           19477 1c001bc2 01458563 beq              x11, x20, 10        x11:0000002c x20:00000025
            19493500           19478 1c001bc6 01200533 add              x10, x0, x18        x10=00000000 x18:00000000
            19494500           19479 1c001bc8 000980e7 jalr             x1, x19, 0           x1=1c001bca x19:1c001776
            19496500           19481 1c001776 00b00533 add              x10, x0, x11        x10=0000002c x11:0000002c
            19497500           19482 1c001778 fddff06f jal              x0, -36            
            19499500           19484 1c001754 000026b7 lui              x13, 0x2000         x13=00002000
            19500500           19485 1c001756 f14027f3 csrrs            x15, x0, 0xf14      x15=00000060
            19501500           19486 1c00175a f8068693 addi             x13, x13, -128      x13=00001f80 x13:00002000
            19502500           19487 1c00175e 00379713 slli             x14, x15, 0x3       x14=00000300 x15:00000060
            19503500           19488 1c001762 00279793 slli             x15, x15, 0x2       x15=00000180 x15:00000060
            19504500           19489 1c001764 ee873733 p.bclr           x14, x14, 23, 8     x14=00000000 x14:00000300
            19505500           19490 1c001768 00d7f7b3 and              x15, x15, x13       x15=00000180 x15:00000180 x13:00001f80
            19506500           19491 1c00176a 00e787b3 add              x15, x15, x14       x15=00000180 x15:00000180 x14:00000000
            19507500           19492 1c00176c 1a104737 lui              x14, 0x1a104000     x14=1a104000
            19508500           19493 1c001770 00a767a3 p.sw             x10, x0(x14)        x10:0000002c x14:1a104000  PA:1a104180
            19512500           19497 1c001774 00008067 jalr             x0, x1, 0            x1:1c001bca
            19513500           19498 1c001bca 16a0006f jal              x0, 362            
            19515500           19500 1c001d34 00900633 add              x12, x0, x9         x12=1c002340  x9:1c002340
            19516500           19501 1c001d36 e69ff06f jal              x0, -408           
            19519500           19504 1c001b9e 00064583 lbu              x11, 0(x12)         x11=00000020 x12:1c002340  PA:1c002340
            19535500           19520 1c001ba2 00160493 addi             x9, x12, 1           x9=1c002341 x12:1c002340
            19536500           19521 1c001ba6 00059e63 bne              x11, x0, 28         x11:00000020
            19539500           19524 1c001bc2 01458563 beq              x11, x20, 10        x11:00000020 x20:00000025
            19540500           19525 1c001bc6 01200533 add              x10, x0, x18        x10=00000000 x18:00000000
            19541500           19526 1c001bc8 000980e7 jalr             x1, x19, 0           x1=1c001bca x19:1c001776
            19543500           19528 1c001776 00b00533 add              x10, x0, x11        x10=00000020 x11:00000020
            19544500           19529 1c001778 fddff06f jal              x0, -36            
            19546500           19531 1c001754 000026b7 lui              x13, 0x2000         x13=00002000
            19547500           19532 1c001756 f14027f3 csrrs            x15, x0, 0xf14      x15=00000060
            19548500           19533 1c00175a f8068693 addi             x13, x13, -128      x13=00001f80 x13:00002000
            19549500           19534 1c00175e 00379713 slli             x14, x15, 0x3       x14=00000300 x15:00000060
            19550500           19535 1c001762 00279793 slli             x15, x15, 0x2       x15=00000180 x15:00000060
            19551500           19536 1c001764 ee873733 p.bclr           x14, x14, 23, 8     x14=00000000 x14:00000300
            19552500           19537 1c001768 00d7f7b3 and              x15, x15, x13       x15=00000180 x15:00000180 x13:00001f80
            19553500           19538 1c00176a 00e787b3 add              x15, x15, x14       x15=00000180 x15:00000180 x14:00000000
            19554500           19539 1c00176c 1a104737 lui              x14, 0x1a104000     x14=1a104000
            19555500           19540 1c001770 00a767a3 p.sw             x10, x0(x14)        x10:00000020 x14:1a104000  PA:1a104180
            19559500           19544 1c001774 00008067 jalr             x0, x1, 0            x1:1c001bca
            19560500           19545 1c001bca 16a0006f jal              x0, 362            
            19562500           19547 1c001d34 00900633 add              x12, x0, x9         x12=1c002341  x9:1c002341
            19563500           19548 1c001d36 e69ff06f jal              x0, -408           
            19566500           19551 1c001b9e 00064583 lbu              x11, 0(x12)         x11=00000049 x12:1c002341  PA:1c002341
            19605500           19590 1c001ba2 00160493 addi             x9, x12, 1           x9=1c002342 x12:1c002341
            19606500           19591 1c001ba6 00059e63 bne              x11, x0, 28         x11:00000049
            19609500           19594 1c001bc2 01458563 beq              x11, x20, 10        x11:00000049 x20:00000025
            19610500           19595 1c001bc6 01200533 add              x10, x0, x18        x10=00000000 x18:00000000
            19611500           19596 1c001bc8 000980e7 jalr             x1, x19, 0           x1=1c001bca x19:1c001776
            19613500           19598 1c001776 00b00533 add              x10, x0, x11        x10=00000049 x11:00000049
            19614500           19599 1c001778 fddff06f jal              x0, -36            
            19616500           19601 1c001754 000026b7 lui              x13, 0x2000         x13=00002000
            19617500           19602 1c001756 f14027f3 csrrs            x15, x0, 0xf14      x15=00000060
            19618500           19603 1c00175a f8068693 addi             x13, x13, -128      x13=00001f80 x13:00002000
            19619500           19604 1c00175e 00379713 slli             x14, x15, 0x3       x14=00000300 x15:00000060
            19620500           19605 1c001762 00279793 slli             x15, x15, 0x2       x15=00000180 x15:00000060
            19621500           19606 1c001764 ee873733 p.bclr           x14, x14, 23, 8     x14=00000000 x14:00000300
            19622500           19607 1c001768 00d7f7b3 and              x15, x15, x13       x15=00000180 x15:00000180 x13:00001f80
            19623500           19608 1c00176a 00e787b3 add              x15, x15, x14       x15=00000180 x15:00000180 x14:00000000
            19624500           19609 1c00176c 1a104737 lui              x14, 0x1a104000     x14=1a104000
            19625500           19610 1c001770 00a767a3 p.sw             x10, x0(x14)        x10:00000049 x14:1a104000  PA:1a104180
            19629500           19614 1c001774 00008067 jalr             x0, x1, 0            x1:1c001bca
            19630500           19615 1c001bca 16a0006f jal              x0, 362            
            19632500           19617 1c001d34 00900633 add              x12, x0, x9         x12=1c002342  x9:1c002342
            19633500           19618 1c001d36 e69ff06f jal              x0, -408           
            19636500           19621 1c001b9e 00064583 lbu              x11, 0(x12)         x11=00000027 x12:1c002342  PA:1c002342
            19654500           19639 1c001ba2 00160493 addi             x9, x12, 1           x9=1c002343 x12:1c002342
            19655500           19640 1c001ba6 00059e63 bne              x11, x0, 28         x11:00000027
            19658500           19643 1c001bc2 01458563 beq              x11, x20, 10        x11:00000027 x20:00000025
            19659500           19644 1c001bc6 01200533 add              x10, x0, x18        x10=00000000 x18:00000000
            19660500           19645 1c001bc8 000980e7 jalr             x1, x19, 0           x1=1c001bca x19:1c001776
            19662500           19647 1c001776 00b00533 add              x10, x0, x11        x10=00000027 x11:00000027
            19663500           19648 1c001778 fddff06f jal              x0, -36            
            19665500           19650 1c001754 000026b7 lui              x13, 0x2000         x13=00002000
            19666500           19651 1c001756 f14027f3 csrrs            x15, x0, 0xf14      x15=00000060
            19667500           19652 1c00175a f8068693 addi             x13, x13, -128      x13=00001f80 x13:00002000
            19668500           19653 1c00175e 00379713 slli             x14, x15, 0x3       x14=00000300 x15:00000060
            19669500           19654 1c001762 00279793 slli             x15, x15, 0x2       x15=00000180 x15:00000060
            19670500           19655 1c001764 ee873733 p.bclr           x14, x14, 23, 8     x14=00000000 x14:00000300
            19671500           19656 1c001768 00d7f7b3 and              x15, x15, x13       x15=00000180 x15:00000180 x13:00001f80
            19672500           19657 1c00176a 00e787b3 add              x15, x15, x14       x15=00000180 x15:00000180 x14:00000000
            19673500           19658 1c00176c 1a104737 lui              x14, 0x1a104000     x14=1a104000
            19674500           19659 1c001770 00a767a3 p.sw             x10, x0(x14)        x10:00000027 x14:1a104000  PA:1a104180
            19678500           19663 1c001774 00008067 jalr             x0, x1, 0            x1:1c001bca
            19679500           19664 1c001bca 16a0006f jal              x0, 362            
            19681500           19666 1c001d34 00900633 add              x12, x0, x9         x12=1c002343  x9:1c002343
            19682500           19667 1c001d36 e69ff06f jal              x0, -408           
            19685500           19670 1c001b9e 00064583 lbu              x11, 0(x12)         x11=0000006d x12:1c002343  PA:1c002343
            19700500           19685 1c001ba2 00160493 addi             x9, x12, 1           x9=1c002344 x12:1c002343
            19701500           19686 1c001ba6 00059e63 bne              x11, x0, 28         x11:0000006d
            19704500           19689 1c001bc2 01458563 beq              x11, x20, 10        x11:0000006d x20:00000025
            19705500           19690 1c001bc6 01200533 add              x10, x0, x18        x10=00000000 x18:00000000
            19706500           19691 1c001bc8 000980e7 jalr             x1, x19, 0           x1=1c001bca x19:1c001776
            19708500           19693 1c001776 00b00533 add              x10, x0, x11        x10=0000006d x11:0000006d
            19709500           19694 1c001778 fddff06f jal              x0, -36            
            19711500           19696 1c001754 000026b7 lui              x13, 0x2000         x13=00002000
            19712500           19697 1c001756 f14027f3 csrrs            x15, x0, 0xf14      x15=00000060
            19713500           19698 1c00175a f8068693 addi             x13, x13, -128      x13=00001f80 x13:00002000
            19714500           19699 1c00175e 00379713 slli             x14, x15, 0x3       x14=00000300 x15:00000060
            19715500           19700 1c001762 00279793 slli             x15, x15, 0x2       x15=00000180 x15:00000060
            19716500           19701 1c001764 ee873733 p.bclr           x14, x14, 23, 8     x14=00000000 x14:00000300
            19717500           19702 1c001768 00d7f7b3 and              x15, x15, x13       x15=00000180 x15:00000180 x13:00001f80
            19718500           19703 1c00176a 00e787b3 add              x15, x15, x14       x15=00000180 x15:00000180 x14:00000000
            19719500           19704 1c00176c 1a104737 lui              x14, 0x1a104000     x14=1a104000
            19720500           19705 1c001770 00a767a3 p.sw             x10, x0(x14)        x10:0000006d x14:1a104000  PA:1a104180
            19724500           19709 1c001774 00008067 jalr             x0, x1, 0            x1:1c001bca
            19725500           19710 1c001bca 16a0006f jal              x0, 362            
            19727500           19712 1c001d34 00900633 add              x12, x0, x9         x12=1c002344  x9:1c002344
            19728500           19713 1c001d36 e69ff06f jal              x0, -408           
            19731500           19716 1c001b9e 00064583 lbu              x11, 0(x12)         x11=00000020 x12:1c002344  PA:1c002344
            19745500           19730 1c001ba2 00160493 addi             x9, x12, 1           x9=1c002345 x12:1c002344
            19746500           19731 1c001ba6 00059e63 bne              x11, x0, 28         x11:00000020
            19749500           19734 1c001bc2 01458563 beq              x11, x20, 10        x11:00000020 x20:00000025
            19750500           19735 1c001bc6 01200533 add              x10, x0, x18        x10=00000000 x18:00000000
            19751500           19736 1c001bc8 000980e7 jalr             x1, x19, 0           x1=1c001bca x19:1c001776
            19753500           19738 1c001776 00b00533 add              x10, x0, x11        x10=00000020 x11:00000020
            19754500           19739 1c001778 fddff06f jal              x0, -36            
            19756500           19741 1c001754 000026b7 lui              x13, 0x2000         x13=00002000
            19757500           19742 1c001756 f14027f3 csrrs            x15, x0, 0xf14      x15=00000060
            19758500           19743 1c00175a f8068693 addi             x13, x13, -128      x13=00001f80 x13:00002000
            19759500           19744 1c00175e 00379713 slli             x14, x15, 0x3       x14=00000300 x15:00000060
            19760500           19745 1c001762 00279793 slli             x15, x15, 0x2       x15=00000180 x15:00000060
            19761500           19746 1c001764 ee873733 p.bclr           x14, x14, 23, 8     x14=00000000 x14:00000300
            19762500           19747 1c001768 00d7f7b3 and              x15, x15, x13       x15=00000180 x15:00000180 x13:00001f80
            19763500           19748 1c00176a 00e787b3 add              x15, x15, x14       x15=00000180 x15:00000180 x14:00000000
            19764500           19749 1c00176c 1a104737 lui              x14, 0x1a104000     x14=1a104000
            19765500           19750 1c001770 00a767a3 p.sw             x10, x0(x14)        x10:00000020 x14:1a104000  PA:1a104180
            19769500           19754 1c001774 00008067 jalr             x0, x1, 0            x1:1c001bca
            19770500           19755 1c001bca 16a0006f jal              x0, 362            
            19772500           19757 1c001d34 00900633 add              x12, x0, x9         x12=1c002345  x9:1c002345
            19773500           19758 1c001d36 e69ff06f jal              x0, -408           
            19776500           19761 1c001b9e 00064583 lbu              x11, 0(x12)         x11=00000063 x12:1c002345  PA:1c002345
            19792500           19777 1c001ba2 00160493 addi             x9, x12, 1           x9=1c002346 x12:1c002345
            19793500           19778 1c001ba6 00059e63 bne              x11, x0, 28         x11:00000063
            19796500           19781 1c001bc2 01458563 beq              x11, x20, 10        x11:00000063 x20:00000025
            19797500           19782 1c001bc6 01200533 add              x10, x0, x18        x10=00000000 x18:00000000
            19798500           19783 1c001bc8 000980e7 jalr             x1, x19, 0           x1=1c001bca x19:1c001776
            19800500           19785 1c001776 00b00533 add              x10, x0, x11        x10=00000063 x11:00000063
            19801500           19786 1c001778 fddff06f jal              x0, -36            
            19803500           19788 1c001754 000026b7 lui              x13, 0x2000         x13=00002000
            19804500           19789 1c001756 f14027f3 csrrs            x15, x0, 0xf14      x15=00000060
            19805500           19790 1c00175a f8068693 addi             x13, x13, -128      x13=00001f80 x13:00002000
            19806500           19791 1c00175e 00379713 slli             x14, x15, 0x3       x14=00000300 x15:00000060
            19807500           19792 1c001762 00279793 slli             x15, x15, 0x2       x15=00000180 x15:00000060
            19808500           19793 1c001764 ee873733 p.bclr           x14, x14, 23, 8     x14=00000000 x14:00000300
            19809500           19794 1c001768 00d7f7b3 and              x15, x15, x13       x15=00000180 x15:00000180 x13:00001f80
            19810500           19795 1c00176a 00e787b3 add              x15, x15, x14       x15=00000180 x15:00000180 x14:00000000
            19811500           19796 1c00176c 1a104737 lui              x14, 0x1a104000     x14=1a104000
            19812500           19797 1c001770 00a767a3 p.sw             x10, x0(x14)        x10:00000063 x14:1a104000  PA:1a104180
            19816500           19801 1c001774 00008067 jalr             x0, x1, 0            x1:1c001bca
            19817500           19802 1c001bca 16a0006f jal              x0, 362            
            19819500           19804 1c001d34 00900633 add              x12, x0, x9         x12=1c002346  x9:1c002346
            19820500           19805 1c001d36 e69ff06f jal              x0, -408           
            19823500           19808 1c001b9e 00064583 lbu              x11, 0(x12)         x11=0000006f x12:1c002346  PA:1c002346
            19838500           19823 1c001ba2 00160493 addi             x9, x12, 1           x9=1c002347 x12:1c002346
            19839500           19824 1c001ba6 00059e63 bne              x11, x0, 28         x11:0000006f
            19842500           19827 1c001bc2 01458563 beq              x11, x20, 10        x11:0000006f x20:00000025
            19843500           19828 1c001bc6 01200533 add              x10, x0, x18        x10=00000000 x18:00000000
            19844500           19829 1c001bc8 000980e7 jalr             x1, x19, 0           x1=1c001bca x19:1c001776
            19846500           19831 1c001776 00b00533 add              x10, x0, x11        x10=0000006f x11:0000006f
            19847500           19832 1c001778 fddff06f jal              x0, -36            
            19849500           19834 1c001754 000026b7 lui              x13, 0x2000         x13=00002000
            19850500           19835 1c001756 f14027f3 csrrs            x15, x0, 0xf14      x15=00000060
            19851500           19836 1c00175a f8068693 addi             x13, x13, -128      x13=00001f80 x13:00002000
            19852500           19837 1c00175e 00379713 slli             x14, x15, 0x3       x14=00000300 x15:00000060
            19853500           19838 1c001762 00279793 slli             x15, x15, 0x2       x15=00000180 x15:00000060
            19854500           19839 1c001764 ee873733 p.bclr           x14, x14, 23, 8     x14=00000000 x14:00000300
            19855500           19840 1c001768 00d7f7b3 and              x15, x15, x13       x15=00000180 x15:00000180 x13:00001f80
            19856500           19841 1c00176a 00e787b3 add              x15, x15, x14       x15=00000180 x15:00000180 x14:00000000
            19857500           19842 1c00176c 1a104737 lui              x14, 0x1a104000     x14=1a104000
            19858500           19843 1c001770 00a767a3 p.sw             x10, x0(x14)        x10:0000006f x14:1a104000  PA:1a104180
            19862500           19847 1c001774 00008067 jalr             x0, x1, 0            x1:1c001bca
            19863500           19848 1c001bca 16a0006f jal              x0, 362            
            19865500           19850 1c001d34 00900633 add              x12, x0, x9         x12=1c002347  x9:1c002347
            19866500           19851 1c001d36 e69ff06f jal              x0, -408           
            19869500           19854 1c001b9e 00064583 lbu              x11, 0(x12)         x11=00000072 x12:1c002347  PA:1c002347
            19885500           19870 1c001ba2 00160493 addi             x9, x12, 1           x9=1c002348 x12:1c002347
            19886500           19871 1c001ba6 00059e63 bne              x11, x0, 28         x11:00000072
            19889500           19874 1c001bc2 01458563 beq              x11, x20, 10        x11:00000072 x20:00000025
            19890500           19875 1c001bc6 01200533 add              x10, x0, x18        x10=00000000 x18:00000000
            19891500           19876 1c001bc8 000980e7 jalr             x1, x19, 0           x1=1c001bca x19:1c001776
            19893500           19878 1c001776 00b00533 add              x10, x0, x11        x10=00000072 x11:00000072
            19894500           19879 1c001778 fddff06f jal              x0, -36            
            19896500           19881 1c001754 000026b7 lui              x13, 0x2000         x13=00002000
            19897500           19882 1c001756 f14027f3 csrrs            x15, x0, 0xf14      x15=00000060
            19898500           19883 1c00175a f8068693 addi             x13, x13, -128      x13=00001f80 x13:00002000
            19899500           19884 1c00175e 00379713 slli             x14, x15, 0x3       x14=00000300 x15:00000060
            19900500           19885 1c001762 00279793 slli             x15, x15, 0x2       x15=00000180 x15:00000060
            19901500           19886 1c001764 ee873733 p.bclr           x14, x14, 23, 8     x14=00000000 x14:00000300
            19902500           19887 1c001768 00d7f7b3 and              x15, x15, x13       x15=00000180 x15:00000180 x13:00001f80
            19903500           19888 1c00176a 00e787b3 add              x15, x15, x14       x15=00000180 x15:00000180 x14:00000000
            19904500           19889 1c00176c 1a104737 lui              x14, 0x1a104000     x14=1a104000
            19905500           19890 1c001770 00a767a3 p.sw             x10, x0(x14)        x10:00000072 x14:1a104000  PA:1a104180
            19909500           19894 1c001774 00008067 jalr             x0, x1, 0            x1:1c001bca
            19910500           19895 1c001bca 16a0006f jal              x0, 362            
            19912500           19897 1c001d34 00900633 add              x12, x0, x9         x12=1c002348  x9:1c002348
            19913500           19898 1c001d36 e69ff06f jal              x0, -408           
            19916500           19901 1c001b9e 00064583 lbu              x11, 0(x12)         x11=00000065 x12:1c002348  PA:1c002348
            19930500           19915 1c001ba2 00160493 addi             x9, x12, 1           x9=1c002349 x12:1c002348
            19931500           19916 1c001ba6 00059e63 bne              x11, x0, 28         x11:00000065
            19934500           19919 1c001bc2 01458563 beq              x11, x20, 10        x11:00000065 x20:00000025
            19935500           19920 1c001bc6 01200533 add              x10, x0, x18        x10=00000000 x18:00000000
            19936500           19921 1c001bc8 000980e7 jalr             x1, x19, 0           x1=1c001bca x19:1c001776
            19938500           19923 1c001776 00b00533 add              x10, x0, x11        x10=00000065 x11:00000065
            19939500           19924 1c001778 fddff06f jal              x0, -36            
            19941500           19926 1c001754 000026b7 lui              x13, 0x2000         x13=00002000
            19942500           19927 1c001756 f14027f3 csrrs            x15, x0, 0xf14      x15=00000060
            19943500           19928 1c00175a f8068693 addi             x13, x13, -128      x13=00001f80 x13:00002000
            19944500           19929 1c00175e 00379713 slli             x14, x15, 0x3       x14=00000300 x15:00000060
            19945500           19930 1c001762 00279793 slli             x15, x15, 0x2       x15=00000180 x15:00000060
            19946500           19931 1c001764 ee873733 p.bclr           x14, x14, 23, 8     x14=00000000 x14:00000300
            19947500           19932 1c001768 00d7f7b3 and              x15, x15, x13       x15=00000180 x15:00000180 x13:00001f80
            19948500           19933 1c00176a 00e787b3 add              x15, x15, x14       x15=00000180 x15:00000180 x14:00000000
            19949500           19934 1c00176c 1a104737 lui              x14, 0x1a104000     x14=1a104000
            19950500           19935 1c001770 00a767a3 p.sw             x10, x0(x14)        x10:00000065 x14:1a104000  PA:1a104180
            19954500           19939 1c001774 00008067 jalr             x0, x1, 0            x1:1c001bca
            19955500           19940 1c001bca 16a0006f jal              x0, 362            
            19957500           19942 1c001d34 00900633 add              x12, x0, x9         x12=1c002349  x9:1c002349
            19958500           19943 1c001d36 e69ff06f jal              x0, -408           
            19961500           19946 1c001b9e 00064583 lbu              x11, 0(x12)         x11=00000020 x12:1c002349  PA:1c002349
            19975500           19960 1c001ba2 00160493 addi             x9, x12, 1           x9=1c00234a x12:1c002349
            19976500           19961 1c001ba6 00059e63 bne              x11, x0, 28         x11:00000020
            19979500           19964 1c001bc2 01458563 beq              x11, x20, 10        x11:00000020 x20:00000025
            19980500           19965 1c001bc6 01200533 add              x10, x0, x18        x10=00000000 x18:00000000
            19981500           19966 1c001bc8 000980e7 jalr             x1, x19, 0           x1=1c001bca x19:1c001776
            19983500           19968 1c001776 00b00533 add              x10, x0, x11        x10=00000020 x11:00000020
            19984500           19969 1c001778 fddff06f jal              x0, -36            
            19986500           19971 1c001754 000026b7 lui              x13, 0x2000         x13=00002000
            19987500           19972 1c001756 f14027f3 csrrs            x15, x0, 0xf14      x15=00000060
            19988500           19973 1c00175a f8068693 addi             x13, x13, -128      x13=00001f80 x13:00002000
            19989500           19974 1c00175e 00379713 slli             x14, x15, 0x3       x14=00000300 x15:00000060
            19990500           19975 1c001762 00279793 slli             x15, x15, 0x2       x15=00000180 x15:00000060
            19991500           19976 1c001764 ee873733 p.bclr           x14, x14, 23, 8     x14=00000000 x14:00000300
            19992500           19977 1c001768 00d7f7b3 and              x15, x15, x13       x15=00000180 x15:00000180 x13:00001f80
            19993500           19978 1c00176a 00e787b3 add              x15, x15, x14       x15=00000180 x15:00000180 x14:00000000
            19994500           19979 1c00176c 1a104737 lui              x14, 0x1a104000     x14=1a104000
            19995500           19980 1c001770 00a767a3 p.sw             x10, x0(x14)        x10:00000020 x14:1a104000  PA:1a104180
            19999500           19984 1c001774 00008067 jalr             x0, x1, 0            x1:1c001bca
            20000500           19985 1c001bca 16a0006f jal              x0, 362            
            20002500           19987 1c001d34 00900633 add              x12, x0, x9         x12=1c00234a  x9:1c00234a
            20003500           19988 1c001d36 e69ff06f jal              x0, -408           
            20006500           19991 1c001b9e 00064583 lbu              x11, 0(x12)         x11=00000028 x12:1c00234a  PA:1c00234a
            20023500           20008 1c001ba2 00160493 addi             x9, x12, 1           x9=1c00234b x12:1c00234a
            20024500           20009 1c001ba6 00059e63 bne              x11, x0, 28         x11:00000028
            20027500           20012 1c001bc2 01458563 beq              x11, x20, 10        x11:00000028 x20:00000025
            20028500           20013 1c001bc6 01200533 add              x10, x0, x18        x10=00000000 x18:00000000
            20029500           20014 1c001bc8 000980e7 jalr             x1, x19, 0           x1=1c001bca x19:1c001776
            20031500           20016 1c001776 00b00533 add              x10, x0, x11        x10=00000028 x11:00000028
            20032500           20017 1c001778 fddff06f jal              x0, -36            
            20034500           20019 1c001754 000026b7 lui              x13, 0x2000         x13=00002000
            20035500           20020 1c001756 f14027f3 csrrs            x15, x0, 0xf14      x15=00000060
            20036500           20021 1c00175a f8068693 addi             x13, x13, -128      x13=00001f80 x13:00002000
            20037500           20022 1c00175e 00379713 slli             x14, x15, 0x3       x14=00000300 x15:00000060
            20038500           20023 1c001762 00279793 slli             x15, x15, 0x2       x15=00000180 x15:00000060
            20039500           20024 1c001764 ee873733 p.bclr           x14, x14, 23, 8     x14=00000000 x14:00000300
            20040500           20025 1c001768 00d7f7b3 and              x15, x15, x13       x15=00000180 x15:00000180 x13:00001f80
            20041500           20026 1c00176a 00e787b3 add              x15, x15, x14       x15=00000180 x15:00000180 x14:00000000
            20042500           20027 1c00176c 1a104737 lui              x14, 0x1a104000     x14=1a104000
            20043500           20028 1c001770 00a767a3 p.sw             x10, x0(x14)        x10:00000028 x14:1a104000  PA:1a104180
            20047500           20032 1c001774 00008067 jalr             x0, x1, 0            x1:1c001bca
            20048500           20033 1c001bca 16a0006f jal              x0, 362            
            20050500           20035 1c001d34 00900633 add              x12, x0, x9         x12=1c00234b  x9:1c00234b
            20051500           20036 1c001d36 e69ff06f jal              x0, -408           
            20054500           20039 1c001b9e 00064583 lbu              x11, 0(x12)         x11=00000025 x12:1c00234b  PA:1c00234b
            20072500           20057 1c001ba2 00160493 addi             x9, x12, 1           x9=1c00234c x12:1c00234b
            20073500           20058 1c001ba6 00059e63 bne              x11, x0, 28         x11:00000025
            20076500           20061 1c001bc2 01458563 beq              x11, x20, 10        x11:00000025 x20:00000025
            20079500           20064 1c001bcc 00414783 lbu              x15, 4(x2)          x15=000000xx  x2:10cfe350  PA:10cfe354
            20080500           20065 1c001bd0 00012423 sw               x0, 8(x2)            x2:10cfe350  PA:10cfe358
            20081500           20066 1c001bd2 00010623 sb               x0, 12(x2)           x2:10cfe350  PA:10cfe35c
            20082500           20067 1c001bd6 c00027b3 p.insert         x15, x0, 0, 0       x15=000000xX x15:000000xx
            20083500           20068 1c001bda c01027b3 p.insert         x15, x0, 0, 1       x15=000000xX x15:000000xX
            20091500           20076 1c001bde c03027b3 p.insert         x15, x0, 0, 3       x15=000000xX x15:000000xX
            20092500           20077 1c001be2 00f10223 sb               x15, 4(x2)          x15:000000xX  x2:10cfe350  PA:10cfe354
            20093500           20078 1c001be6 00000713 addi             x14, x0, 0          x14=00000000
            20094500           20079 1c001be8 00000613 addi             x12, x0, 0          x12=00000000
            20095500           20080 1c001bea 00000693 addi             x13, x0, 0          x13=00000000
            20096500           20081 1c001bec 00000513 addi             x10, x0, 0          x10=00000000
            20097500           20082 1c001bee 00000593 addi             x11, x0, 0          x11=00000000
            20113500           20098 1c001bf0 03000813 addi             x16, x0, 48         x16=00000030
            20114500           20099 1c001bf4 02300893 addi             x17, x0, 35         x17=00000023
            20115500           20100 1c001bf8 0004c783 lbu              x15, 0(x9)          x15=00000069  x9:1c00234c  PA:1c00234c
            20145500           20130 1c001bfc 00148c13 addi             x24, x9, 1          x24=1c00234d  x9:1c00234c
            20146500           20131 1c001c00 04079163 bne              x15, x0, 66         x15:00000069
            20156500           20141 1c001c42 01778c63 beq              x15, x23, 24        x15:00000069 x23:0000002d
            20157500           20142 1c001c46 01078663 beq              x15, x16, 12        x15:00000069 x16:00000030
            20158500           20143 1c001c4a fb179ce3 bne              x15, x17, -72       x15:00000069 x17:00000023
            20180500           20165 1c001c02 00050763 beq              x10, x0, 14         x10:00000000
            20199500           20184 1c001c10 00060763 beq              x12, x0, 14         x12:00000000
            20202500           20187 1c001c1e 00070763 beq              x14, x0, 14         x14:00000000
            20220500           20205 1c001c2c fd078713 addi             x14, x15, -48       x14=00000039 x15:00000069
            20239500           20224 1c001c30 0ff77713 andi             x14, x14, 255       x14=00000039 x14:00000039
            20240500           20225 1c001c34 00900693 addi             x13, x0, 9          x13=00000009
            20241500           20226 1c001c36 04e6eb63 bltu             x13, x14, 86        x13:00000009 x14:00000039
            20260500           20245 1c001c8c 02e00713 addi             x14, x0, 46         x14=0000002e
            20278500           20263 1c001c90 02e79163 bne              x15, x14, 34        x15:00000069 x14:0000002e
            20297500           20282 1c001cb2 07a00713 addi             x14, x0, 122        x14=0000007a
            20298500           20283 1c001cb6 04e79263 bne              x15, x14, 68        x15:00000069 x14:0000007a
            20336500           20321 1c001cfa 06c00713 addi             x14, x0, 108        x14=0000006c
            20354500           20339 1c001cfe 20e79463 bne              x15, x14, 520       x15:00000069 x14:0000006c
            20373500           20358 1c001f06 06900713 addi             x14, x0, 105        x14=00000069
            20374500           20359 1c001f0a 02e78a63 beq              x15, x14, 52        x15:00000069 x14:00000069
            20408500           20393 1c001f3e 018004b3 add              x9, x0, x24          x9=1c00234d x24:1c00234d
            20427500           20412 1c001f40 00000793 addi             x15, x0, 0          x15=00000000
            20428500           20413 1c001f42 e09ff06f jal              x0, -504           
            20446500           20431 1c001d4a 00a00713 addi             x14, x0, 10         x14=0000000a
            20447500           20432 1c001d4c 00e12823 sw               x14, 16(x2)         x14:0000000a  x2:10cfe350  PA:10cfe360
            20464500           20449 1c001d4e 0e27b363 p.bneimm         x15, 230            x15:00000000
            20483500           20468 1c001e34 00440c13 addi             x24, x8, 4          x24=10cfe3d8  x8:10cfe3d4
            20484500           20469 1c001e38 00042503 lw               x10, 0(x8)          x10=00000003  x8:10cfe3d4  PA:10cfe3d4
            20485500           20470 1c001e3a 0017bd63 p.bneimm         x15, 26             x15:00000000
            20519500           20504 1c001e54 00055863 bge              x10, x0, 16         x10:00000003
            20538500           20523 1c001e64 00410593 addi             x11, x2, 4          x11=10cfe354  x2:10cfe350
            20539500           20524 1c001e66 b99ff0ef jal              x1, -1128            x1=1c001e68
            20557500           20542 1c0019fe 0105a683 lw               x13, 16(x11)        x13=10cfe368 x11:10cfe354  PA:10cfe364
            20574500           20559 1c001a00 00c5a703 lw               x14, 12(x11)        x14=0000000a x11:10cfe354  PA:10cfe360
            20575500           20560 1c001a02 00100793 addi             x15, x0, 1          x15=00000001
            20576500           20561 1c001a04 02f55633 divu             x12, x10, x15       x12=00000003 x10:00000003 x15:00000001
            20610500           20595 1c001a08 00e67863 bgeu             x12, x14, 16        x12:00000003 x14:0000000a
            20611500           20596 1c001a0c 00000613 addi             x12, x0, 0          x12=00000000
            20612500           20597 1c001a0e 00900313 addi             x6, x0, 9            x6=00000009
            20613500           20598 1c001a10 00079763 bne              x15, x0, 14         x15:00000001
            20616500           20601 1c001a1e 00c5a703 lw               x14, 12(x11)        x14=0000000a x11:10cfe354  PA:10cfe360
            20634500           20619 1c001a20 02f55833 divu             x16, x10, x15       x16=00000003 x10:00000003 x15:00000001
            20668500           20653 1c001a24 02f57533 remu             x10, x10, x15       x10=00000000 x10:00000003 x15:00000001
            20702500           20687 1c001a28 02e7d7b3 divu             x15, x15, x14       x15=00000000 x15:00000001 x14:0000000a
            20733500           20718 1c001a2c 00061763 bne              x12, x0, 14         x12:00000000
            20734500           20719 1c001a2e 01004663 blt              x0, x16, 12         x16:00000003
            20737500           20722 1c001a3a 03000713 addi             x14, x0, 48         x14=00000030
            20758500           20743 1c001a3e 01035c63 bge              x6, x16, 24          x6:00000009 x16:00000003
            20780500           20765 1c001a56 01070733 add              x14, x14, x16       x14=00000033 x14:00000030 x16:00000003
            20781500           20766 1c001a58 00e68023 sb               x14, 0(x13)         x14:00000033 x13:10cfe368  PA:10cfe368
            20782500           20767 1c001a5c 00160613 addi             x12, x12, 1         x12=00000001 x12:00000000
            20783500           20768 1c001a5e 00168693 addi             x13, x13, 1         x13=10cfe369 x13:10cfe368
            20800500           20785 1c001a60 fb1ff06f jal              x0, -80            
            20802500           20787 1c001a10 00079763 bne              x15, x0, 14         x15:00000000
            20803500           20788 1c001a12 00068023 sb               x0, 0(x13)          x13:10cfe369  PA:10cfe369
            20804500           20789 1c001a16 00008067 jalr             x0, x1, 0            x1:1c001e68
            20806500           20791 1c001e68 f17ff06f jal              x0, -234           
            20825500           20810 1c001d7e 00410613 addi             x12, x2, 4          x12=10cfe354  x2:10cfe350
            20842500           20827 1c001d80 013005b3 add              x11, x0, x19        x11=1c001776 x19:1c001776
            20843500           20828 1c001d82 01200533 add              x10, x0, x18        x10=00000000 x18:00000000
            20844500           20829 1c001d84 cdfff0ef jal              x1, -802             x1=1c001d86
            20846500           20831 1c001a62 fe010113 addi             x2, x2, -32          x2=10cfe330  x2:10cfe350
            20847500           20832 1c001a64 00812c23 sw               x8, 24(x2)           x8:10cfe3d4  x2:10cfe330  PA:10cfe348
            20848500           20833 1c001a66 01062783 lw               x15, 16(x12)        x15=10cfe368 x12:10cfe354  PA:10cfe364
            20849500           20834 1c001a68 00462403 lw               x8, 4(x12)           x8=00000000 x12:10cfe354  PA:10cfe358
            20850500           20835 1c001a6a 00912a23 sw               x9, 20(x2)           x9:1c00234d  x2:10cfe330  PA:10cfe344
            20851500           20836 1c001a6c 01212823 sw               x18, 16(x2)         x18:00000000  x2:10cfe330  PA:10cfe340
            20852500           20837 1c001a6e 01312623 sw               x19, 12(x2)         x19:1c001776  x2:10cfe330  PA:10cfe33c
            20868500           20853 1c001a70 00112e23 sw               x1, 28(x2)           x1:1c001d86  x2:10cfe330  PA:10cfe34c
            20869500           20854 1c001a72 01412423 sw               x20, 8(x2)          x20:00000025  x2:10cfe330  PA:10cfe338
            20870500           20855 1c001a74 00a00933 add              x18, x0, x10        x18=00000000 x10:00000000
            20871500           20856 1c001a76 00b009b3 add              x19, x0, x11        x19=1c001776 x11:1c001776
            20872500           20857 1c001a78 00c004b3 add              x9, x0, x12          x9=10cfe354 x12:10cfe354
            20873500           20858 1c001a7a 0017c70b p.lbu            x14, 1(x15!)        x14=00000033 x15=10cfe369 x15:10cfe368  PA:10cfe368
            20875500           20860 1c001a7e 00070363 beq              x14, x0, 6          x14:00000033
            20892500           20877 1c001a80 08804863 blt              x0, x8, 144          x8:00000000
            20893500           20878 1c001a84 0084c783 lbu              x15, 8(x9)          x15=00000000  x9:10cfe354  PA:10cfe35c
            20895500           20880 1c001a88 00078263 beq              x15, x0, 4          x15:00000000
            20898500           20883 1c001a8c 0004c783 lbu              x15, 0(x9)          x15=000000xX  x9:10cfe354  PA:10cfe354
            20915500           20900 1c001a90 0027f713 andi             x14, x15, 2         x14=00000000 x15:000000xX
            20916500           20901 1c001a94 00070663 beq              x14, x0, 12         x14:00000000
            20935500           20920 1c001aa0 0097f793 andi             x15, x15, 9         x15=00000000 x15:000000xX
            20936500           20921 1c001aa2 00800a33 add              x20, x0, x8         x20=00000000  x8:00000000
            20937500           20922 1c001aa4 08078163 beq              x15, x0, 130        x15:00000000
            20957500           20942 1c001b26 ff404be3 blt              x0, x20, -10        x20:00000000
            20958500           20943 1c001b2a fff40793 addi             x15, x8, -1         x15=ffffffff  x8:00000000
            20975500           20960 1c001b2e 04046433 p.max            x8, x8, x0           x8=00000000  x8:00000000
            20976500           20961 1c001b32 40878433 sub              x8, x15, x8          x8=ffffffff x15:ffffffff  x8:00000000
            20977500           20962 1c001b36 f71ff06f jal              x0, -144           
            20979500           20964 1c001aa6 0084c583 lbu              x11, 8(x9)          x11=00000000  x9:10cfe354  PA:10cfe35c
            20981500           20966 1c001aaa 00058363 beq              x11, x0, 6          x11:00000000
            20999500           20984 1c001ab0 0004c783 lbu              x15, 0(x9)          x15=000000xX  x9:10cfe354  PA:10cfe354
            21001500           20986 1c001ab4 0027f793 andi             x15, x15, 2         x15=00000000 x15:000000xX
            21002500           20987 1c001ab6 02078363 beq              x15, x0, 38         x15:00000000
            21021500           21006 1c001adc 0004c783 lbu              x15, 0(x9)          x15=000000xX  x9:10cfe354  PA:10cfe354
            21038500           21023 1c001ae0 00800a33 add              x20, x0, x8         x20=ffffffff  x8:ffffffff
            21039500           21024 1c001ae2 fc17b7b3 p.bclr           x15, x15, 30, 1     x15=00000000 x15:000000xX
            21040500           21025 1c001ae6 06079363 bne              x15, x0, 102        x15:00000000
            21041500           21026 1c001ae8 0104aa03 lw               x20, 16(x9)         x20=10cfe368  x9:10cfe354  PA:10cfe364
            21043500           21028 1c001aec 001a458b p.lbu            x11, 1(x20!)        x11=00000033 x20=10cfe369 x20:10cfe368  PA:10cfe368
            21062500           21047 1c001af0 06059763 bne              x11, x0, 110        x11:00000033
            21081500           21066 1c001b5e 01200533 add              x10, x0, x18        x10=00000000 x18:00000000
            21101500           21086 1c001b60 000980e7 jalr             x1, x19, 0           x1=1c001b62 x19:1c001776
            21103500           21088 1c001776 00b00533 add              x10, x0, x11        x10=00000033 x11:00000033
            21104500           21089 1c001778 fddff06f jal              x0, -36            
            21106500           21091 1c001754 000026b7 lui              x13, 0x2000         x13=00002000
            21107500           21092 1c001756 f14027f3 csrrs            x15, x0, 0xf14      x15=00000060
            21108500           21093 1c00175a f8068693 addi             x13, x13, -128      x13=00001f80 x13:00002000
            21109500           21094 1c00175e 00379713 slli             x14, x15, 0x3       x14=00000300 x15:00000060
            21110500           21095 1c001762 00279793 slli             x15, x15, 0x2       x15=00000180 x15:00000060
            21111500           21096 1c001764 ee873733 p.bclr           x14, x14, 23, 8     x14=00000000 x14:00000300
            21112500           21097 1c001768 00d7f7b3 and              x15, x15, x13       x15=00000180 x15:00000180 x13:00001f80
            21113500           21098 1c00176a 00e787b3 add              x15, x15, x14       x15=00000180 x15:00000180 x14:00000000
            21114500           21099 1c00176c 1a104737 lui              x14, 0x1a104000     x14=1a104000
            21115500           21100 1c001770 00a767a3 p.sw             x10, x0(x14)        x10:00000033 x14:1a104000  PA:1a104180
            21119500           21104 1c001774 00008067 jalr             x0, x1, 0            x1:1c001b62
            21120500           21105 1c001b62 f8bff06f jal              x0, -118           
            21122500           21107 1c001aec 001a458b p.lbu            x11, 1(x20!)        x11=00000000 x20=10cfe36a x20:10cfe369  PA:10cfe369
            21124500           21109 1c001af0 06059763 bne              x11, x0, 110        x11:00000000
            21125500           21110 1c001af2 0004c783 lbu              x15, 0(x9)          x15=000000xX  x9:10cfe354  PA:10cfe354
            21127500           21112 1c001af6 0097f793 andi             x15, x15, 9         x15=00000000 x15:000000xX
            21128500           21113 1c001af8 0087b463 p.bneimm         x15, 8              x15:00000000
            21155500           21140 1c001b00 01c12083 lw               x1, 28(x2)           x1=1c001d86  x2:10cfe330  PA:10cfe34c
            21156500           21141 1c001b02 01812403 lw               x8, 24(x2)           x8=10cfe3d4  x2:10cfe330  PA:10cfe348
            21157500           21142 1c001b04 01412483 lw               x9, 20(x2)           x9=1c00234d  x2:10cfe330  PA:10cfe344
            21158500           21143 1c001b06 01012903 lw               x18, 16(x2)         x18=00000000  x2:10cfe330  PA:10cfe340
            21159500           21144 1c001b08 00c12983 lw               x19, 12(x2)         x19=1c001776  x2:10cfe330  PA:10cfe33c
            21160500           21145 1c001b0a 00812a03 lw               x20, 8(x2)          x20=00000025  x2:10cfe330  PA:10cfe338
            21161500           21146 1c001b0c 02010113 addi             x2, x2, 32           x2=10cfe350  x2:10cfe330
            21162500           21147 1c001b0e 00008067 jalr             x0, x1, 0            x1:1c001d86
            21179500           21164 1c001d86 01800433 add              x8, x0, x24          x8=10cfe3d8 x24:10cfe3d8
            21180500           21165 1c001d88 fadff06f jal              x0, -84            
            21182500           21167 1c001d34 00900633 add              x12, x0, x9         x12=1c00234d  x9:1c00234d
            21183500           21168 1c001d36 e69ff06f jal              x0, -408           
            21186500           21171 1c001b9e 00064583 lbu              x11, 0(x12)         x11=0000002c x12:1c00234d  PA:1c00234d
            21224500           21209 1c001ba2 00160493 addi             x9, x12, 1           x9=1c00234e x12:1c00234d
            21225500           21210 1c001ba6 00059e63 bne              x11, x0, 28         x11:0000002c
            21228500           21213 1c001bc2 01458563 beq              x11, x20, 10        x11:0000002c x20:00000025
            21229500           21214 1c001bc6 01200533 add              x10, x0, x18        x10=00000000 x18:00000000
            21230500           21215 1c001bc8 000980e7 jalr             x1, x19, 0           x1=1c001bca x19:1c001776
            21232500           21217 1c001776 00b00533 add              x10, x0, x11        x10=0000002c x11:0000002c
            21233500           21218 1c001778 fddff06f jal              x0, -36            
            21235500           21220 1c001754 000026b7 lui              x13, 0x2000         x13=00002000
            21236500           21221 1c001756 f14027f3 csrrs            x15, x0, 0xf14      x15=00000060
            21237500           21222 1c00175a f8068693 addi             x13, x13, -128      x13=00001f80 x13:00002000
            21238500           21223 1c00175e 00379713 slli             x14, x15, 0x3       x14=00000300 x15:00000060
            21239500           21224 1c001762 00279793 slli             x15, x15, 0x2       x15=00000180 x15:00000060
            21240500           21225 1c001764 ee873733 p.bclr           x14, x14, 23, 8     x14=00000000 x14:00000300
            21241500           21226 1c001768 00d7f7b3 and              x15, x15, x13       x15=00000180 x15:00000180 x13:00001f80
            21242500           21227 1c00176a 00e787b3 add              x15, x15, x14       x15=00000180 x15:00000180 x14:00000000
            21243500           21228 1c00176c 1a104737 lui              x14, 0x1a104000     x14=1a104000
            21244500           21229 1c001770 00a767a3 p.sw             x10, x0(x14)        x10:0000002c x14:1a104000  PA:1a104180
            21248500           21233 1c001774 00008067 jalr             x0, x1, 0            x1:1c001bca
            21249500           21234 1c001bca 16a0006f jal              x0, 362            
            21251500           21236 1c001d34 00900633 add              x12, x0, x9         x12=1c00234e  x9:1c00234e
            21252500           21237 1c001d36 e69ff06f jal              x0, -408           
            21255500           21240 1c001b9e 00064583 lbu              x11, 0(x12)         x11=00000020 x12:1c00234e  PA:1c00234e
            21270500           21255 1c001ba2 00160493 addi             x9, x12, 1           x9=1c00234f x12:1c00234e
            21271500           21256 1c001ba6 00059e63 bne              x11, x0, 28         x11:00000020
            21274500           21259 1c001bc2 01458563 beq              x11, x20, 10        x11:00000020 x20:00000025
            21275500           21260 1c001bc6 01200533 add              x10, x0, x18        x10=00000000 x18:00000000
            21276500           21261 1c001bc8 000980e7 jalr             x1, x19, 0           x1=1c001bca x19:1c001776
            21278500           21263 1c001776 00b00533 add              x10, x0, x11        x10=00000020 x11:00000020
            21279500           21264 1c001778 fddff06f jal              x0, -36            
            21281500           21266 1c001754 000026b7 lui              x13, 0x2000         x13=00002000
            21282500           21267 1c001756 f14027f3 csrrs            x15, x0, 0xf14      x15=00000060
            21283500           21268 1c00175a f8068693 addi             x13, x13, -128      x13=00001f80 x13:00002000
            21284500           21269 1c00175e 00379713 slli             x14, x15, 0x3       x14=00000300 x15:00000060
            21285500           21270 1c001762 00279793 slli             x15, x15, 0x2       x15=00000180 x15:00000060
            21286500           21271 1c001764 ee873733 p.bclr           x14, x14, 23, 8     x14=00000000 x14:00000300
            21287500           21272 1c001768 00d7f7b3 and              x15, x15, x13       x15=00000180 x15:00000180 x13:00001f80
            21288500           21273 1c00176a 00e787b3 add              x15, x15, x14       x15=00000180 x15:00000180 x14:00000000
            21289500           21274 1c00176c 1a104737 lui              x14, 0x1a104000     x14=1a104000
            21290500           21275 1c001770 00a767a3 p.sw             x10, x0(x14)        x10:00000020 x14:1a104000  PA:1a104180
            21294500           21279 1c001774 00008067 jalr             x0, x1, 0            x1:1c001bca
            21295500           21280 1c001bca 16a0006f jal              x0, 362            
            21297500           21282 1c001d34 00900633 add              x12, x0, x9         x12=1c00234f  x9:1c00234f
            21298500           21283 1c001d36 e69ff06f jal              x0, -408           
            21301500           21286 1c001b9e 00064583 lbu              x11, 0(x12)         x11=00000025 x12:1c00234f  PA:1c00234f
            21317500           21302 1c001ba2 00160493 addi             x9, x12, 1           x9=1c002350 x12:1c00234f
            21318500           21303 1c001ba6 00059e63 bne              x11, x0, 28         x11:00000025
            21321500           21306 1c001bc2 01458563 beq              x11, x20, 10        x11:00000025 x20:00000025
            21324500           21309 1c001bcc 00414783 lbu              x15, 4(x2)          x15=000000xX  x2:10cfe350  PA:10cfe354
            21325500           21310 1c001bd0 00012423 sw               x0, 8(x2)            x2:10cfe350  PA:10cfe358
            21326500           21311 1c001bd2 00010623 sb               x0, 12(x2)           x2:10cfe350  PA:10cfe35c
            21327500           21312 1c001bd6 c00027b3 p.insert         x15, x0, 0, 0       x15=000000xX x15:000000xX
            21328500           21313 1c001bda c01027b3 p.insert         x15, x0, 0, 1       x15=000000xX x15:000000xX
            21329500           21314 1c001bde c03027b3 p.insert         x15, x0, 0, 3       x15=000000xX x15:000000xX
            21330500           21315 1c001be2 00f10223 sb               x15, 4(x2)          x15:000000xX  x2:10cfe350  PA:10cfe354
            21331500           21316 1c001be6 00000713 addi             x14, x0, 0          x14=00000000
            21332500           21317 1c001be8 00000613 addi             x12, x0, 0          x12=00000000
            21333500           21318 1c001bea 00000693 addi             x13, x0, 0          x13=00000000
            21334500           21319 1c001bec 00000513 addi             x10, x0, 0          x10=00000000
            21335500           21320 1c001bee 00000593 addi             x11, x0, 0          x11=00000000
            21336500           21321 1c001bf0 03000813 addi             x16, x0, 48         x16=00000030
            21337500           21322 1c001bf4 02300893 addi             x17, x0, 35         x17=00000023
            21338500           21323 1c001bf8 0004c783 lbu              x15, 0(x9)          x15=00000069  x9:1c002350  PA:1c002350
            21353500           21338 1c001bfc 00148c13 addi             x24, x9, 1          x24=1c002351  x9:1c002350
            21354500           21339 1c001c00 04079163 bne              x15, x0, 66         x15:00000069
            21357500           21342 1c001c42 01778c63 beq              x15, x23, 24        x15:00000069 x23:0000002d
            21358500           21343 1c001c46 01078663 beq              x15, x16, 12        x15:00000069 x16:00000030
            21359500           21344 1c001c4a fb179ce3 bne              x15, x17, -72       x15:00000069 x17:00000023
            21362500           21347 1c001c02 00050763 beq              x10, x0, 14         x10:00000000
            21365500           21350 1c001c10 00060763 beq              x12, x0, 14         x12:00000000
            21368500           21353 1c001c1e 00070763 beq              x14, x0, 14         x14:00000000
            21371500           21356 1c001c2c fd078713 addi             x14, x15, -48       x14=00000039 x15:00000069
            21372500           21357 1c001c30 0ff77713 andi             x14, x14, 255       x14=00000039 x14:00000039
            21373500           21358 1c001c34 00900693 addi             x13, x0, 9          x13=00000009
            21374500           21359 1c001c36 04e6eb63 bltu             x13, x14, 86        x13:00000009 x14:00000039
            21377500           21362 1c001c8c 02e00713 addi             x14, x0, 46         x14=0000002e
            21378500           21363 1c001c90 02e79163 bne              x15, x14, 34        x15:00000069 x14:0000002e
            21381500           21366 1c001cb2 07a00713 addi             x14, x0, 122        x14=0000007a
            21382500           21367 1c001cb6 04e79263 bne              x15, x14, 68        x15:00000069 x14:0000007a
            21385500           21370 1c001cfa 06c00713 addi             x14, x0, 108        x14=0000006c
            21387500           21372 1c001cfe 20e79463 bne              x15, x14, 520       x15:00000069 x14:0000006c
            21390500           21375 1c001f06 06900713 addi             x14, x0, 105        x14=00000069
            21391500           21376 1c001f0a 02e78a63 beq              x15, x14, 52        x15:00000069 x14:00000069
            21394500           21379 1c001f3e 018004b3 add              x9, x0, x24          x9=1c002351 x24:1c002351
            21395500           21380 1c001f40 00000793 addi             x15, x0, 0          x15=00000000
            21396500           21381 1c001f42 e09ff06f jal              x0, -504           
            21398500           21383 1c001d4a 00a00713 addi             x14, x0, 10         x14=0000000a
            21399500           21384 1c001d4c 00e12823 sw               x14, 16(x2)         x14:0000000a  x2:10cfe350  PA:10cfe360
            21400500           21385 1c001d4e 0e27b363 p.bneimm         x15, 230            x15:00000000
            21403500           21388 1c001e34 00440c13 addi             x24, x8, 4          x24=10cfe3dc  x8:10cfe3d8
            21404500           21389 1c001e38 00042503 lw               x10, 0(x8)          x10=00000000  x8:10cfe3d8  PA:10cfe3d8
            21405500           21390 1c001e3a 0017bd63 p.bneimm         x15, 26             x15:00000000
            21408500           21393 1c001e54 00055863 bge              x10, x0, 16         x10:00000000
            21411500           21396 1c001e64 00410593 addi             x11, x2, 4          x11=10cfe354  x2:10cfe350
            21412500           21397 1c001e66 b99ff0ef jal              x1, -1128            x1=1c001e68
            21414500           21399 1c0019fe 0105a683 lw               x13, 16(x11)        x13=10cfe368 x11:10cfe354  PA:10cfe364
            21415500           21400 1c001a00 00c5a703 lw               x14, 12(x11)        x14=0000000a x11:10cfe354  PA:10cfe360
            21416500           21401 1c001a02 00100793 addi             x15, x0, 1          x15=00000001
            21417500           21402 1c001a04 02f55633 divu             x12, x10, x15       x12=00000000 x10:00000000 x15:00000001
            21451500           21436 1c001a08 00e67863 bgeu             x12, x14, 16        x12:00000000 x14:0000000a
            21452500           21437 1c001a0c 00000613 addi             x12, x0, 0          x12=00000000
            21453500           21438 1c001a0e 00900313 addi             x6, x0, 9            x6=00000009
            21454500           21439 1c001a10 00079763 bne              x15, x0, 14         x15:00000001
            21457500           21442 1c001a1e 00c5a703 lw               x14, 12(x11)        x14=0000000a x11:10cfe354  PA:10cfe360
            21458500           21443 1c001a20 02f55833 divu             x16, x10, x15       x16=00000000 x10:00000000 x15:00000001
            21492500           21477 1c001a24 02f57533 remu             x10, x10, x15       x10=00000000 x10:00000000 x15:00000001
            21526500           21511 1c001a28 02e7d7b3 divu             x15, x15, x14       x15=00000000 x15:00000001 x14:0000000a
            21557500           21542 1c001a2c 00061763 bne              x12, x0, 14         x12:00000000
            21558500           21543 1c001a2e 01004663 blt              x0, x16, 12         x16:00000000
            21559500           21544 1c001a32 fc079fe3 bne              x15, x0, -34        x15:00000000
            21560500           21545 1c001a34 03000713 addi             x14, x0, 48         x14=00000030
            21561500           21546 1c001a38 01e0006f jal              x0, 30             
            21563500           21548 1c001a56 01070733 add              x14, x14, x16       x14=00000030 x14:00000030 x16:00000000
            21564500           21549 1c001a58 00e68023 sb               x14, 0(x13)         x14:00000030 x13:10cfe368  PA:10cfe368
            21566500           21551 1c001a5c 00160613 addi             x12, x12, 1         x12=00000001 x12:00000000
            21567500           21552 1c001a5e 00168693 addi             x13, x13, 1         x13=10cfe369 x13:10cfe368
            21568500           21553 1c001a60 fb1ff06f jal              x0, -80            
            21570500           21555 1c001a10 00079763 bne              x15, x0, 14         x15:00000000
            21571500           21556 1c001a12 00068023 sb               x0, 0(x13)          x13:10cfe369  PA:10cfe369
            21572500           21557 1c001a16 00008067 jalr             x0, x1, 0            x1:1c001e68
            21574500           21559 1c001e68 f17ff06f jal              x0, -234           
            21576500           21561 1c001d7e 00410613 addi             x12, x2, 4          x12=10cfe354  x2:10cfe350
            21577500           21562 1c001d80 013005b3 add              x11, x0, x19        x11=1c001776 x19:1c001776
            21578500           21563 1c001d82 01200533 add              x10, x0, x18        x10=00000000 x18:00000000
            21579500           21564 1c001d84 cdfff0ef jal              x1, -802             x1=1c001d86
            21581500           21566 1c001a62 fe010113 addi             x2, x2, -32          x2=10cfe330  x2:10cfe350
            21582500           21567 1c001a64 00812c23 sw               x8, 24(x2)           x8:10cfe3d8  x2:10cfe330  PA:10cfe348
            21583500           21568 1c001a66 01062783 lw               x15, 16(x12)        x15=10cfe368 x12:10cfe354  PA:10cfe364
            21584500           21569 1c001a68 00462403 lw               x8, 4(x12)           x8=00000000 x12:10cfe354  PA:10cfe358
            21585500           21570 1c001a6a 00912a23 sw               x9, 20(x2)           x9:1c002351  x2:10cfe330  PA:10cfe344
            21586500           21571 1c001a6c 01212823 sw               x18, 16(x2)         x18:00000000  x2:10cfe330  PA:10cfe340
            21587500           21572 1c001a6e 01312623 sw               x19, 12(x2)         x19:1c001776  x2:10cfe330  PA:10cfe33c
            21588500           21573 1c001a70 00112e23 sw               x1, 28(x2)           x1:1c001d86  x2:10cfe330  PA:10cfe34c
            21589500           21574 1c001a72 01412423 sw               x20, 8(x2)          x20:00000025  x2:10cfe330  PA:10cfe338
            21590500           21575 1c001a74 00a00933 add              x18, x0, x10        x18=00000000 x10:00000000
            21591500           21576 1c001a76 00b009b3 add              x19, x0, x11        x19=1c001776 x11:1c001776
            21592500           21577 1c001a78 00c004b3 add              x9, x0, x12          x9=10cfe354 x12:10cfe354
            21593500           21578 1c001a7a 0017c70b p.lbu            x14, 1(x15!)        x14=00000030 x15=10cfe369 x15:10cfe368  PA:10cfe368
            21595500           21580 1c001a7e 00070363 beq              x14, x0, 6          x14:00000030
            21596500           21581 1c001a80 08804863 blt              x0, x8, 144          x8:00000000
            21597500           21582 1c001a84 0084c783 lbu              x15, 8(x9)          x15=00000000  x9:10cfe354  PA:10cfe35c
            21599500           21584 1c001a88 00078263 beq              x15, x0, 4          x15:00000000
            21602500           21587 1c001a8c 0004c783 lbu              x15, 0(x9)          x15=000000xX  x9:10cfe354  PA:10cfe354
            21604500           21589 1c001a90 0027f713 andi             x14, x15, 2         x14=00000000 x15:000000xX
            21605500           21590 1c001a94 00070663 beq              x14, x0, 12         x14:00000000
            21608500           21593 1c001aa0 0097f793 andi             x15, x15, 9         x15=00000000 x15:000000xX
            21609500           21594 1c001aa2 00800a33 add              x20, x0, x8         x20=00000000  x8:00000000
            21610500           21595 1c001aa4 08078163 beq              x15, x0, 130        x15:00000000
            21613500           21598 1c001b26 ff404be3 blt              x0, x20, -10        x20:00000000
            21614500           21599 1c001b2a fff40793 addi             x15, x8, -1         x15=ffffffff  x8:00000000
            21615500           21600 1c001b2e 04046433 p.max            x8, x8, x0           x8=00000000  x8:00000000
            21616500           21601 1c001b32 40878433 sub              x8, x15, x8          x8=ffffffff x15:ffffffff  x8:00000000
            21617500           21602 1c001b36 f71ff06f jal              x0, -144           
            21619500           21604 1c001aa6 0084c583 lbu              x11, 8(x9)          x11=00000000  x9:10cfe354  PA:10cfe35c
            21621500           21606 1c001aaa 00058363 beq              x11, x0, 6          x11:00000000
            21624500           21609 1c001ab0 0004c783 lbu              x15, 0(x9)          x15=000000xX  x9:10cfe354  PA:10cfe354
            21626500           21611 1c001ab4 0027f793 andi             x15, x15, 2         x15=00000000 x15:000000xX
            21627500           21612 1c001ab6 02078363 beq              x15, x0, 38         x15:00000000
            21630500           21615 1c001adc 0004c783 lbu              x15, 0(x9)          x15=000000xX  x9:10cfe354  PA:10cfe354
            21631500           21616 1c001ae0 00800a33 add              x20, x0, x8         x20=ffffffff  x8:ffffffff
            21632500           21617 1c001ae2 fc17b7b3 p.bclr           x15, x15, 30, 1     x15=00000000 x15:000000xX
            21633500           21618 1c001ae6 06079363 bne              x15, x0, 102        x15:00000000
            21634500           21619 1c001ae8 0104aa03 lw               x20, 16(x9)         x20=10cfe368  x9:10cfe354  PA:10cfe364
            21636500           21621 1c001aec 001a458b p.lbu            x11, 1(x20!)        x11=00000030 x20=10cfe369 x20:10cfe368  PA:10cfe368
            21638500           21623 1c001af0 06059763 bne              x11, x0, 110        x11:00000030
            21641500           21626 1c001b5e 01200533 add              x10, x0, x18        x10=00000000 x18:00000000
            21642500           21627 1c001b60 000980e7 jalr             x1, x19, 0           x1=1c001b62 x19:1c001776
            21644500           21629 1c001776 00b00533 add              x10, x0, x11        x10=00000030 x11:00000030
            21645500           21630 1c001778 fddff06f jal              x0, -36            
            21647500           21632 1c001754 000026b7 lui              x13, 0x2000         x13=00002000
            21648500           21633 1c001756 f14027f3 csrrs            x15, x0, 0xf14      x15=00000060
            21649500           21634 1c00175a f8068693 addi             x13, x13, -128      x13=00001f80 x13:00002000
            21650500           21635 1c00175e 00379713 slli             x14, x15, 0x3       x14=00000300 x15:00000060
            21651500           21636 1c001762 00279793 slli             x15, x15, 0x2       x15=00000180 x15:00000060
            21652500           21637 1c001764 ee873733 p.bclr           x14, x14, 23, 8     x14=00000000 x14:00000300
            21653500           21638 1c001768 00d7f7b3 and              x15, x15, x13       x15=00000180 x15:00000180 x13:00001f80
            21654500           21639 1c00176a 00e787b3 add              x15, x15, x14       x15=00000180 x15:00000180 x14:00000000
            21655500           21640 1c00176c 1a104737 lui              x14, 0x1a104000     x14=1a104000
            21656500           21641 1c001770 00a767a3 p.sw             x10, x0(x14)        x10:00000030 x14:1a104000  PA:1a104180
            21660500           21645 1c001774 00008067 jalr             x0, x1, 0            x1:1c001b62
            21661500           21646 1c001b62 f8bff06f jal              x0, -118           
            21663500           21648 1c001aec 001a458b p.lbu            x11, 1(x20!)        x11=00000000 x20=10cfe36a x20:10cfe369  PA:10cfe369
            21665500           21650 1c001af0 06059763 bne              x11, x0, 110        x11:00000000
            21666500           21651 1c001af2 0004c783 lbu              x15, 0(x9)          x15=000000xX  x9:10cfe354  PA:10cfe354
            21668500           21653 1c001af6 0097f793 andi             x15, x15, 9         x15=00000000 x15:000000xX
            21669500           21654 1c001af8 0087b463 p.bneimm         x15, 8              x15:00000000
            21672500           21657 1c001b00 01c12083 lw               x1, 28(x2)           x1=1c001d86  x2:10cfe330  PA:10cfe34c
            21673500           21658 1c001b02 01812403 lw               x8, 24(x2)           x8=10cfe3d8  x2:10cfe330  PA:10cfe348
            21674500           21659 1c001b04 01412483 lw               x9, 20(x2)           x9=1c002351  x2:10cfe330  PA:10cfe344
            21675500           21660 1c001b06 01012903 lw               x18, 16(x2)         x18=00000000  x2:10cfe330  PA:10cfe340
            21676500           21661 1c001b08 00c12983 lw               x19, 12(x2)         x19=1c001776  x2:10cfe330  PA:10cfe33c
            21677500           21662 1c001b0a 00812a03 lw               x20, 8(x2)          x20=00000025  x2:10cfe330  PA:10cfe338
            21678500           21663 1c001b0c 02010113 addi             x2, x2, 32           x2=10cfe350  x2:10cfe330
            21679500           21664 1c001b0e 00008067 jalr             x0, x1, 0            x1:1c001d86
            21681500           21666 1c001d86 01800433 add              x8, x0, x24          x8=10cfe3dc x24:10cfe3dc
            21682500           21667 1c001d88 fadff06f jal              x0, -84            
            21684500           21669 1c001d34 00900633 add              x12, x0, x9         x12=1c002351  x9:1c002351
            21685500           21670 1c001d36 e69ff06f jal              x0, -408           
            21688500           21673 1c001b9e 00064583 lbu              x11, 0(x12)         x11=00000029 x12:1c002351  PA:1c002351
            21702500           21687 1c001ba2 00160493 addi             x9, x12, 1           x9=1c002352 x12:1c002351
            21703500           21688 1c001ba6 00059e63 bne              x11, x0, 28         x11:00000029
            21706500           21691 1c001bc2 01458563 beq              x11, x20, 10        x11:00000029 x20:00000025
            21707500           21692 1c001bc6 01200533 add              x10, x0, x18        x10=00000000 x18:00000000
            21708500           21693 1c001bc8 000980e7 jalr             x1, x19, 0           x1=1c001bca x19:1c001776
            21710500           21695 1c001776 00b00533 add              x10, x0, x11        x10=00000029 x11:00000029
            21711500           21696 1c001778 fddff06f jal              x0, -36            
            21713500           21698 1c001754 000026b7 lui              x13, 0x2000         x13=00002000
            21714500           21699 1c001756 f14027f3 csrrs            x15, x0, 0xf14      x15=00000060
            21715500           21700 1c00175a f8068693 addi             x13, x13, -128      x13=00001f80 x13:00002000
            21716500           21701 1c00175e 00379713 slli             x14, x15, 0x3       x14=00000300 x15:00000060
            21717500           21702 1c001762 00279793 slli             x15, x15, 0x2       x15=00000180 x15:00000060
            21718500           21703 1c001764 ee873733 p.bclr           x14, x14, 23, 8     x14=00000000 x14:00000300
            21719500           21704 1c001768 00d7f7b3 and              x15, x15, x13       x15=00000180 x15:00000180 x13:00001f80
            21720500           21705 1c00176a 00e787b3 add              x15, x15, x14       x15=00000180 x15:00000180 x14:00000000
            21721500           21706 1c00176c 1a104737 lui              x14, 0x1a104000     x14=1a104000
            21722500           21707 1c001770 00a767a3 p.sw             x10, x0(x14)        x10:00000029 x14:1a104000  PA:1a104180
            21726500           21711 1c001774 00008067 jalr             x0, x1, 0            x1:1c001bca
            21727500           21712 1c001bca 16a0006f jal              x0, 362            
            21729500           21714 1c001d34 00900633 add              x12, x0, x9         x12=1c002352  x9:1c002352
            21730500           21715 1c001d36 e69ff06f jal              x0, -408           
            21733500           21718 1c001b9e 00064583 lbu              x11, 0(x12)         x11=00000021 x12:1c002352  PA:1c002352
            21747500           21732 1c001ba2 00160493 addi             x9, x12, 1           x9=1c002353 x12:1c002352
            21748500           21733 1c001ba6 00059e63 bne              x11, x0, 28         x11:00000021
            21751500           21736 1c001bc2 01458563 beq              x11, x20, 10        x11:00000021 x20:00000025
            21752500           21737 1c001bc6 01200533 add              x10, x0, x18        x10=00000000 x18:00000000
            21753500           21738 1c001bc8 000980e7 jalr             x1, x19, 0           x1=1c001bca x19:1c001776
            21755500           21740 1c001776 00b00533 add              x10, x0, x11        x10=00000021 x11:00000021
            21756500           21741 1c001778 fddff06f jal              x0, -36            
            21758500           21743 1c001754 000026b7 lui              x13, 0x2000         x13=00002000
            21759500           21744 1c001756 f14027f3 csrrs            x15, x0, 0xf14      x15=00000060
            21760500           21745 1c00175a f8068693 addi             x13, x13, -128      x13=00001f80 x13:00002000
            21761500           21746 1c00175e 00379713 slli             x14, x15, 0x3       x14=00000300 x15:00000060
            21762500           21747 1c001762 00279793 slli             x15, x15, 0x2       x15=00000180 x15:00000060
            21763500           21748 1c001764 ee873733 p.bclr           x14, x14, 23, 8     x14=00000000 x14:00000300
            21764500           21749 1c001768 00d7f7b3 and              x15, x15, x13       x15=00000180 x15:00000180 x13:00001f80
            21765500           21750 1c00176a 00e787b3 add              x15, x15, x14       x15=00000180 x15:00000180 x14:00000000
            21766500           21751 1c00176c 1a104737 lui              x14, 0x1a104000     x14=1a104000
            21767500           21752 1c001770 00a767a3 p.sw             x10, x0(x14)        x10:00000021 x14:1a104000  PA:1a104180
            21771500           21756 1c001774 00008067 jalr             x0, x1, 0            x1:1c001bca
            21772500           21757 1c001bca 16a0006f jal              x0, 362            
            21774500           21759 1c001d34 00900633 add              x12, x0, x9         x12=1c002353  x9:1c002353
            21775500           21760 1c001d36 e69ff06f jal              x0, -408           
            21778500           21763 1c001b9e 00064583 lbu              x11, 0(x12)         x11=0000000a x12:1c002353  PA:1c002353
            21792500           21777 1c001ba2 00160493 addi             x9, x12, 1           x9=1c002354 x12:1c002353
            21793500           21778 1c001ba6 00059e63 bne              x11, x0, 28         x11:0000000a
            21796500           21781 1c001bc2 01458563 beq              x11, x20, 10        x11:0000000a x20:00000025
            21797500           21782 1c001bc6 01200533 add              x10, x0, x18        x10=00000000 x18:00000000
            21798500           21783 1c001bc8 000980e7 jalr             x1, x19, 0           x1=1c001bca x19:1c001776
            21800500           21785 1c001776 00b00533 add              x10, x0, x11        x10=0000000a x11:0000000a
            21801500           21786 1c001778 fddff06f jal              x0, -36            
            21803500           21788 1c001754 000026b7 lui              x13, 0x2000         x13=00002000
            21804500           21789 1c001756 f14027f3 csrrs            x15, x0, 0xf14      x15=00000060
            21805500           21790 1c00175a f8068693 addi             x13, x13, -128      x13=00001f80 x13:00002000
            21806500           21791 1c00175e 00379713 slli             x14, x15, 0x3       x14=00000300 x15:00000060
            21807500           21792 1c001762 00279793 slli             x15, x15, 0x2       x15=00000180 x15:00000060
            21808500           21793 1c001764 ee873733 p.bclr           x14, x14, 23, 8     x14=00000000 x14:00000300
            21809500           21794 1c001768 00d7f7b3 and              x15, x15, x13       x15=00000180 x15:00000180 x13:00001f80
            21810500           21795 1c00176a 00e787b3 add              x15, x15, x14       x15=00000180 x15:00000180 x14:00000000
            21811500           21796 1c00176c 1a104737 lui              x14, 0x1a104000     x14=1a104000
            21812500           21797 1c001770 00a767a3 p.sw             x10, x0(x14)        x10:0000000a x14:1a104000  PA:1a104180
            21816500           21801 1c001774 00008067 jalr             x0, x1, 0            x1:1c001bca
            21817500           21802 1c001bca 16a0006f jal              x0, 362            
            21819500           21804 1c001d34 00900633 add              x12, x0, x9         x12=1c002354  x9:1c002354
            21820500           21805 1c001d36 e69ff06f jal              x0, -408           
            21823500           21808 1c001b9e 00064583 lbu              x11, 0(x12)         x11=00000000 x12:1c002354  PA:1c002354
            21840500           21825 1c001ba2 00160493 addi             x9, x12, 1           x9=1c002355 x12:1c002354
            21841500           21826 1c001ba6 00059e63 bne              x11, x0, 28         x11:00000000
            21842500           21827 1c001ba8 05c12083 lw               x1, 92(x2)           x1=1c001834  x2:10cfe350  PA:10cfe3ac
            21846500           21831 1c001baa 05812403 lw               x8, 88(x2)           x8=00000003  x2:10cfe350  PA:10cfe3a8
            21847500           21832 1c001bac 05412483 lw               x9, 84(x2)           x9=1b204200  x2:10cfe350  PA:10cfe3a4
            21848500           21833 1c001bae 05012903 lw               x18, 80(x2)         x18=1b000008  x2:10cfe350  PA:10cfe3a0
            21849500           21834 1c001bb0 04c12983 lw               x19, 76(x2)         x19=1b204000  x2:10cfe350  PA:10cfe39c
            21850500           21835 1c001bb2 04812a03 lw               x20, 72(x2)         x20=00000002  x2:10cfe350  PA:10cfe398
            21851500           21836 1c001bb4 04412a83 lw               x21, 68(x2)         x21=1c00215a  x2:10cfe350  PA:10cfe394
            21852500           21837 1c001bb6 04012b03 lw               x22, 64(x2)         x22=100fc720  x2:10cfe350  PA:10cfe390
            21853500           21838 1c001bb8 03c12b83 lw               x23, 60(x2)         x23=1c2fffa0  x2:10cfe350  PA:10cfe38c
            21854500           21839 1c001bba 03812c03 lw               x24, 56(x2)         x24=00000001  x2:10cfe350  PA:10cfe388
            21855500           21840 1c001bbc 03412c83 lw               x25, 52(x2)         x25=10200e04  x2:10cfe350  PA:10cfe384
            21856500           21841 1c001bbe 06010113 addi             x2, x2, 96           x2=10cfe3b0  x2:10cfe350
            21857500           21842 1c001bc0 00008067 jalr             x0, x1, 0            x1:1c001834
            21859500           21844 1c001834 01c12083 lw               x1, 28(x2)           x1=1c000a2e  x2:10cfe3b0  PA:10cfe3cc
            21860500           21845 1c001836 00000513 addi             x10, x0, 0          x10=00000000
            21861500           21846 1c001838 04010113 addi             x2, x2, 64           x2=10cfe3f0  x2:10cfe3b0
            21862500           21847 1c00183a 00008067 jalr             x0, x1, 0            x1:1c000a2e
            21865500           21850 1c000a2e 01c4e783 p.elw            x15, 28(x9)         x15=00000000  x9:1b204200  PA:1b20421c
            21877500           21862 1c000a32 1c0027b7 lui              x15, 0x1c002000     x15=1c002000
            21878500           21863 1c000a36 00241413 slli             x8, x8, 0x2          x8=0000000c  x8:00000003
            21879500           21864 1c000a38 68478793 addi             x15, x15, 1668      x15=1c002684 x15:1c002000
            21880500           21865 1c000a3c 00100713 addi             x14, x0, 1          x14=00000001
            21897500           21882 1c000a3e 00e7e423 p.sw             x14, x0(x15)        x14:00000001 x15:1c002684  PA:1c002690
            21915500           21900 1c000a42 00c12083 lw               x1, 12(x2)           x1=1c00215a  x2:10cfe3f0  PA:10cfe3fc
            21916500           21901 1c000a44 00812403 lw               x8, 8(x2)            x8=1b000028  x2:10cfe3f0  PA:10cfe3f8
            21917500           21902 1c000a46 00412483 lw               x9, 4(x2)            x9=1b000048  x2:10cfe3f0  PA:10cfe3f4
            21918500           21903 1c000a48 01010113 addi             x2, x2, 16           x2=10cfe400  x2:10cfe3f0
            21919500           21904 1c000a4a 00008067 jalr             x0, x1, 0            x1:1c00215a
            21921500           21906 1c00215a 000b0a63 beq              x22, x0, 20         x22:100fc720
            21923500           21908 1c00215e 000ba283 lw               x5, 0(x23)           x5=00000000 x23:1c2fffa0  PA:1c2fffa0
            21938500           21923 1c002162 06029f63 bne              x5, x0, 126          x5:00000000
            21939500           21924 1c002166 016ba023 sw               x22, 0(x23)         x22:100fc720 x23:1c2fffa0  PA:1c2fffa0
            21957500           21942 1c00216a 018ca023 sw               x24, 0(x25)         x24:00000001 x25:10200e04  PA:10200e04
            21961500           21946 1c00216e 00042e03 lw               x28, 0(x8)          x28=00000000  x8:1b000028  PA:1b000028
            21963500           21948 1c002172 060e0063 beq              x28, x0, 96         x28:00000000
            21966500           21951 1c0021d2 0149a423 sw               x20, 8(x19)         x20:00000002 x19:1b204000  PA:1b204008
            21967500           21952 1c0021d6 03c9e003 p.elw            x0, 60(x19)         x19:1b204000  PA:1b20403c
            21972500           21957 1c0021da 0149a223 sw               x20, 4(x19)         x20:00000002 x19:1b204000  PA:1b204004
            21973500           21958 1c0021de f91ff06f jal              x0, -112           
            21976500           21961 1c00216e 00042e03 lw               x28, 0(x8)          x28=00000000  x8:1b000028  PA:1b000028
            21978500           21963 1c002172 060e0063 beq              x28, x0, 96         x28:00000000
            21981500           21966 1c0021d2 0149a423 sw               x20, 8(x19)         x20:00000002 x19:1b204000  PA:1b204008
